[2020-02-19 15:41:21,827] multiqc                                            [DEBUG  ]  No MultiQC config found: /data/home/kchoudha/miniconda3/envs/kc_env/lib/python3.7/site-packages/multiqc_config.yaml
[2020-02-19 15:41:21,828] multiqc                                            [DEBUG  ]  No MultiQC config found: /data/home/kchoudha/.multiqc_config.yaml
[2020-02-19 15:41:21,828] multiqc                                            [DEBUG  ]  No MultiQC config found: multiqc_config.yaml
[2020-02-19 15:41:21,828] multiqc                                            [DEBUG  ]  Command used: /data/home/kchoudha/miniconda3/envs/kc_env/bin/multiqc .
[2020-02-19 15:41:23,862] multiqc                                            [WARNING]  MultiQC Version v1.8 now available!
[2020-02-19 15:41:23,862] multiqc                                            [INFO   ]  This is MultiQC v1.7
[2020-02-19 15:41:23,862] multiqc                                            [DEBUG  ]  Command     : /data/home/kchoudha/miniconda3/envs/kc_env/bin/multiqc .
[2020-02-19 15:41:23,862] multiqc                                            [DEBUG  ]  Working dir : /data/projects/mdc-971/data_from_Jan_2020/analysis/00.fastqc
[2020-02-19 15:41:23,862] multiqc                                            [INFO   ]  Template    : default
[2020-02-19 15:41:23,862] multiqc                                            [INFO   ]  Searching '.'
[2020-02-19 15:41:23,863] multiqc                                            [DEBUG  ]  Analysing modules: custom_content, conpair, peddy, methylQA, phantompeakqualtools, qualimap, preseq, quast, qorts, rna_seqc, rsem, rseqc, busco, goleft_indexcov, disambiguate, supernova, deeptools, sargasso, verifybamid, mirtrace, happy, homer, macs2, theta2, snpeff, gatk, htseq, bcftools, featureCounts, dedup, damageprofiler, picard, prokka, samblaster, samtools, bamtools, jellyfish, vcftools, longranger, stacks, bbmap, bismark, biscuit, hicexplorer, hicup, hicpro, salmon, kallisto, slamdunk, star, hisat2, tophat, bowtie2, bowtie1, kat, leehom, adapterRemoval, clipandmerge, cutadapt, flexbar, trimmomatic, skewer, sortmerna, biobloomtools, fastq_screen, afterqc, fastp, fastqc, minionqc, clusterflow, bcl2fastq, interop, flash
[2020-02-19 15:41:23,863] multiqc                                            [DEBUG  ]  Using temporary directory for creating report: /tmp/tmppdryaf4i
[2020-02-19 15:41:24,324] multiqc                                            [DEBUG  ]  Ignoring file as matched an ignore pattern: 190532_S65_L001_R2_001_fastqc.html
[2020-02-19 15:41:24,324] multiqc                                            [DEBUG  ]  Ignoring file as matched an ignore pattern: 190535_S68_L001_R2_001_fastqc.html
[2020-02-19 15:41:24,325] multiqc                                            [DEBUG  ]  Ignoring file as matched an ignore pattern: 190534_S67_L001_R1_001_fastqc.html
[2020-02-19 15:41:24,325] multiqc                                            [DEBUG  ]  Ignoring file as matched an ignore pattern: 190532_S65_L001_R1_001_fastqc.html
[2020-02-19 15:41:24,326] multiqc                                            [DEBUG  ]  Ignoring file as matched an ignore pattern: 190530_S63_L001_R1_001_fastqc.html
[2020-02-19 15:41:24,326] multiqc                                            [DEBUG  ]  Ignoring file as matched an ignore pattern: 190534_S67_L001_R2_001_fastqc.html
[2020-02-19 15:41:24,327] multiqc                                            [DEBUG  ]  Ignoring file as matched an ignore pattern: 190533_S66_L001_R1_001_fastqc.html
[2020-02-19 15:41:24,327] multiqc                                            [DEBUG  ]  Ignoring file as matched an ignore pattern: 190536_S69_L001_R1_001_fastqc.html
[2020-02-19 15:41:24,327] multiqc                                            [DEBUG  ]  Ignoring file as matched an ignore pattern: 190536_S69_L001_R2_001_fastqc.html
[2020-02-19 15:41:24,328] multiqc                                            [DEBUG  ]  Ignoring file as matched an ignore pattern: 190535_S68_L001_R1_001_fastqc.html
[2020-02-19 15:41:24,330] multiqc                                            [DEBUG  ]  Ignoring file as matched an ignore pattern: 190530_S63_L001_R2_001_fastqc.html
[2020-02-19 15:41:24,330] multiqc                                            [DEBUG  ]  Ignoring file as matched an ignore pattern: 190537_S70_L001_R1_001_fastqc.html
[2020-02-19 15:41:24,330] multiqc                                            [DEBUG  ]  Ignoring file as matched an ignore pattern: 190537_S70_L001_R2_001_fastqc.html
[2020-02-19 15:41:24,331] multiqc                                            [DEBUG  ]  Ignoring file as matched an ignore pattern: 190533_S66_L001_R2_001_fastqc.html
[2020-02-19 15:41:24,331] multiqc                                            [DEBUG  ]  Ignoring file as matched an ignore pattern: 190531_S64_L001_R1_001_fastqc.html
[2020-02-19 15:41:24,332] multiqc                                            [DEBUG  ]  Ignoring file as matched an ignore pattern: 190538_S71_L001_R2_001_fastqc.html
[2020-02-19 15:41:24,332] multiqc                                            [DEBUG  ]  Ignoring file as matched an ignore pattern: 190538_S71_L001_R1_001_fastqc.html
[2020-02-19 15:41:24,333] multiqc                                            [DEBUG  ]  Ignoring file as matched an ignore pattern: 190531_S64_L001_R2_001_fastqc.html
[2020-02-19 15:41:24,333] multiqc                                            [DEBUG  ]  Ignoring file as matched an ignore pattern: 190539_S72_L001_R1_001_fastqc.html
[2020-02-19 15:41:24,334] multiqc                                            [DEBUG  ]  Ignoring file as matched an ignore pattern: 190540_S73_L001_R2_001_fastqc.html
[2020-02-19 15:41:24,334] multiqc                                            [DEBUG  ]  Ignoring file as matched an ignore pattern: 190540_S73_L001_R1_001_fastqc.html
[2020-02-19 15:41:24,334] multiqc                                            [DEBUG  ]  Ignoring file as matched an ignore pattern: 190539_S72_L001_R2_001_fastqc.html
[2020-02-19 15:41:24,336] multiqc                                            [DEBUG  ]  Ignoring file as matched an ignore pattern: 190542_S75_L001_R1_001_fastqc.html
[2020-02-19 15:41:24,337] multiqc                                            [DEBUG  ]  Ignoring file as matched an ignore pattern: 190542_S75_L001_R2_001_fastqc.html
[2020-02-19 15:41:24,339] multiqc                                            [DEBUG  ]  Ignoring file as matched an ignore pattern: 190543_S76_L001_R1_001_fastqc.html
[2020-02-19 15:41:24,339] multiqc                                            [DEBUG  ]  Ignoring file as matched an ignore pattern: 190545_S78_L001_R2_001_fastqc.html
[2020-02-19 15:41:24,340] multiqc                                            [DEBUG  ]  Ignoring file as matched an ignore pattern: 190545_S78_L001_R1_001_fastqc.html
[2020-02-19 15:41:24,340] multiqc                                            [DEBUG  ]  Ignoring file as matched an ignore pattern: 190543_S76_L001_R2_001_fastqc.html
[2020-02-19 15:41:24,340] multiqc                                            [DEBUG  ]  Ignoring file as matched an ignore pattern: 190544_S77_L001_R1_001_fastqc.html
[2020-02-19 15:41:24,340] multiqc                                            [DEBUG  ]  Ignoring file as matched an ignore pattern: 190546_S79_L001_R1_001_fastqc.html
[2020-02-19 15:41:24,341] multiqc                                            [DEBUG  ]  Ignoring file as matched an ignore pattern: 190547_S80_L001_R2_001_fastqc.html
[2020-02-19 15:41:24,341] multiqc                                            [DEBUG  ]  Ignoring file as matched an ignore pattern: 190546_S79_L001_R2_001_fastqc.html
[2020-02-19 15:41:24,341] multiqc                                            [DEBUG  ]  Ignoring file as matched an ignore pattern: 190541_S74_L001_R1_001_fastqc.html
[2020-02-19 15:41:24,341] multiqc                                            [DEBUG  ]  Ignoring file as matched an ignore pattern: 190547_S80_L001_R1_001_fastqc.html
[2020-02-19 15:41:24,342] multiqc                                            [DEBUG  ]  Ignoring file as matched an ignore pattern: 190544_S77_L001_R2_001_fastqc.html
[2020-02-19 15:41:24,345] multiqc                                            [DEBUG  ]  Ignoring file as matched an ignore pattern: 190541_S74_L001_R2_001_fastqc.html
[2020-02-19 15:41:24,346] multiqc                                            [DEBUG  ]  Ignoring file as matched an ignore pattern: 190550_S83_L001_R1_001_fastqc.html
[2020-02-19 15:41:24,346] multiqc                                            [DEBUG  ]  Ignoring file as matched an ignore pattern: 190550_S83_L001_R2_001_fastqc.html
[2020-02-19 15:41:24,347] multiqc                                            [DEBUG  ]  Ignoring file as matched an ignore pattern: 190549_S82_L001_R1_001_fastqc.html
[2020-02-19 15:41:24,347] multiqc                                            [DEBUG  ]  Ignoring file as matched an ignore pattern: 190551_S84_L001_R2_001_fastqc.html
[2020-02-19 15:41:24,347] multiqc                                            [DEBUG  ]  Ignoring file as matched an ignore pattern: 190548_S81_L001_R1_001_fastqc.html
[2020-02-19 15:41:24,348] multiqc                                            [DEBUG  ]  Ignoring file as matched an ignore pattern: 190551_S84_L001_R1_001_fastqc.html
[2020-02-19 15:41:24,348] multiqc                                            [DEBUG  ]  Ignoring file as matched an ignore pattern: 190553_S86_L001_R2_001_fastqc.html
[2020-02-19 15:41:24,349] multiqc                                            [DEBUG  ]  Ignoring file as matched an ignore pattern: 190553_S86_L001_R1_001_fastqc.html
[2020-02-19 15:41:24,349] multiqc                                            [DEBUG  ]  Ignoring file as matched an ignore pattern: 190552_S85_L001_R1_001_fastqc.html
[2020-02-19 15:41:24,350] multiqc                                            [DEBUG  ]  Ignoring file as matched an ignore pattern: 190552_S85_L001_R2_001_fastqc.html
[2020-02-19 15:41:24,350] multiqc                                            [DEBUG  ]  Ignoring file as matched an ignore pattern: 190548_S81_L001_R2_001_fastqc.html
[2020-02-19 15:41:24,351] multiqc                                            [DEBUG  ]  Ignoring file as matched an ignore pattern: 190554_S87_L001_R1_001_fastqc.html
[2020-02-19 15:41:24,351] multiqc                                            [DEBUG  ]  Ignoring file as matched an ignore pattern: 190549_S82_L001_R2_001_fastqc.html
[2020-02-19 15:41:24,351] multiqc                                            [DEBUG  ]  Ignoring file as matched an ignore pattern: 190556_S89_L001_R1_001_fastqc.html
[2020-02-19 15:41:24,352] multiqc                                            [DEBUG  ]  Ignoring file as matched an ignore pattern: 190554_S87_L001_R2_001_fastqc.html
[2020-02-19 15:41:24,352] multiqc                                            [DEBUG  ]  Ignoring file as matched an ignore pattern: 190556_S89_L001_R2_001_fastqc.html
[2020-02-19 15:41:24,354] multiqc                                            [DEBUG  ]  Ignoring file as matched an ignore pattern: 190557_S90_L001_R1_001_fastqc.html
[2020-02-19 15:41:24,354] multiqc                                            [DEBUG  ]  Ignoring file as matched an ignore pattern: 190557_S90_L001_R2_001_fastqc.html
[2020-02-19 15:41:24,355] multiqc                                            [DEBUG  ]  Ignoring file as matched an ignore pattern: 190557-2_S91_L001_R1_001_fastqc.html
[2020-02-19 15:41:24,356] multiqc                                            [DEBUG  ]  Ignoring file as matched an ignore pattern: 190557-2_S91_L001_R2_001_fastqc.html
[2020-02-19 15:41:24,356] multiqc                                            [DEBUG  ]  Ignoring file as matched an ignore pattern: 190558_S2_L001_R1_001_fastqc.html
[2020-02-19 15:41:24,357] multiqc                                            [DEBUG  ]  Ignoring file as matched an ignore pattern: 190559_S3_L001_R1_001_fastqc.html
[2020-02-19 15:41:24,358] multiqc                                            [DEBUG  ]  Ignoring file as matched an ignore pattern: 190555_S88_L001_R1_001_fastqc.html
[2020-02-19 15:41:24,358] multiqc                                            [DEBUG  ]  Ignoring file as matched an ignore pattern: 190559_S3_L001_R2_001_fastqc.html
[2020-02-19 15:41:24,359] multiqc                                            [DEBUG  ]  Ignoring file as matched an ignore pattern: 190558_S2_L001_R2_001_fastqc.html
[2020-02-19 15:41:24,360] multiqc                                            [DEBUG  ]  Ignoring file as matched an ignore pattern: 190563_S7_L001_R1_001_fastqc.html
[2020-02-19 15:41:24,360] multiqc                                            [DEBUG  ]  Ignoring file as matched an ignore pattern: 190563_S7_L001_R2_001_fastqc.html
[2020-02-19 15:41:24,361] multiqc                                            [DEBUG  ]  Ignoring file as matched an ignore pattern: 190555_S88_L001_R2_001_fastqc.html
[2020-02-19 15:41:24,361] multiqc                                            [DEBUG  ]  Ignoring file as matched an ignore pattern: 190560_S4_L001_R1_001_fastqc.html
[2020-02-19 15:41:24,362] multiqc                                            [DEBUG  ]  Ignoring file as matched an ignore pattern: 190561_S5_L001_R1_001_fastqc.html
[2020-02-19 15:41:24,394] multiqc                                            [DEBUG  ]  Ignoring file as matched an ignore pattern: 190565_S9_L001_R1_001_fastqc.html
[2020-02-19 15:41:24,394] multiqc                                            [DEBUG  ]  Ignoring file as matched an ignore pattern: 190565_S9_L001_R2_001_fastqc.html
[2020-02-19 15:41:24,394] multiqc                                            [DEBUG  ]  Ignoring file as matched an ignore pattern: 190560_S4_L001_R2_001_fastqc.html
[2020-02-19 15:41:24,395] multiqc                                            [DEBUG  ]  Ignoring file as matched an ignore pattern: 190561_S5_L001_R2_001_fastqc.html
[2020-02-19 15:41:24,396] multiqc                                            [DEBUG  ]  Ignoring file as matched an ignore pattern: 190564_S8_L001_R1_001_fastqc.html
[2020-02-19 15:41:24,397] multiqc                                            [DEBUG  ]  Ignoring file as matched an ignore pattern: 190562_S6_L001_R1_001_fastqc.html
[2020-02-19 15:41:24,397] multiqc                                            [DEBUG  ]  Ignoring file as matched an ignore pattern: 190564_S8_L001_R2_001_fastqc.html
[2020-02-19 15:41:24,398] multiqc                                            [DEBUG  ]  Ignoring file as matched an ignore pattern: 190566_S10_L001_R1_001_fastqc.html
[2020-02-19 15:41:24,398] multiqc                                            [DEBUG  ]  Ignoring file as matched an ignore pattern: 190562_S6_L001_R2_001_fastqc.html
[2020-02-19 15:41:24,398] multiqc                                            [DEBUG  ]  Ignoring file as matched an ignore pattern: 190567_S11_L001_R1_001_fastqc.html
[2020-02-19 15:41:24,399] multiqc                                            [DEBUG  ]  Ignoring file as matched an ignore pattern: 190566_S10_L001_R2_001_fastqc.html
[2020-02-19 15:41:24,399] multiqc                                            [DEBUG  ]  Ignoring file as matched an ignore pattern: 190567_S11_L001_R2_001_fastqc.html
[2020-02-19 15:41:24,401] multiqc                                            [DEBUG  ]  Ignoring file as matched an ignore pattern: 190569_S13_L001_R1_001_fastqc.html
[2020-02-19 15:41:24,401] multiqc                                            [DEBUG  ]  Ignoring file as matched an ignore pattern: 190569_S13_L001_R2_001_fastqc.html
[2020-02-19 15:41:24,402] multiqc                                            [DEBUG  ]  Ignoring file as matched an ignore pattern: 190572_S16_L001_R2_001_fastqc.html
[2020-02-19 15:41:24,403] multiqc                                            [DEBUG  ]  Ignoring file as matched an ignore pattern: 190572_S16_L001_R1_001_fastqc.html
[2020-02-19 15:41:24,404] multiqc                                            [DEBUG  ]  Ignoring file as matched an ignore pattern: 190568_S12_L001_R1_001_fastqc.html
[2020-02-19 15:41:24,404] multiqc                                            [DEBUG  ]  Ignoring file as matched an ignore pattern: 190568_S12_L001_R2_001_fastqc.html
[2020-02-19 15:41:24,405] multiqc                                            [DEBUG  ]  Ignoring file as matched an ignore pattern: 190574_S18_L001_R1_001_fastqc.html
[2020-02-19 15:41:24,405] multiqc                                            [DEBUG  ]  Ignoring file as matched an ignore pattern: 190570_S14_L001_R1_001_fastqc.html
[2020-02-19 15:41:24,405] multiqc                                            [DEBUG  ]  Ignoring file as matched an ignore pattern: 190574_S18_L001_R2_001_fastqc.html
[2020-02-19 15:41:24,406] multiqc                                            [DEBUG  ]  Ignoring file as matched an ignore pattern: 190570_S14_L001_R2_001_fastqc.html
[2020-02-19 15:41:24,406] multiqc                                            [DEBUG  ]  Ignoring file as matched an ignore pattern: 190573_S17_L001_R1_001_fastqc.html
[2020-02-19 15:41:24,408] multiqc                                            [DEBUG  ]  Ignoring file as matched an ignore pattern: 190573_S17_L001_R2_001_fastqc.html
[2020-02-19 15:41:24,411] multiqc                                            [DEBUG  ]  Ignoring file as matched an ignore pattern: 190578_S22_L001_R1_001_fastqc.html
[2020-02-19 15:41:24,411] multiqc                                            [DEBUG  ]  Ignoring file as matched an ignore pattern: 190571_S15_L001_R1_001_fastqc.html
[2020-02-19 15:41:24,411] multiqc                                            [DEBUG  ]  Ignoring file as matched an ignore pattern: 190576_S20_L001_R1_001_fastqc.html
[2020-02-19 15:41:24,411] multiqc                                            [DEBUG  ]  Ignoring file as matched an ignore pattern: 190577_S21_L001_R1_001_fastqc.html
[2020-02-19 15:41:24,412] multiqc                                            [DEBUG  ]  Ignoring file as matched an ignore pattern: 190578_S22_L001_R2_001_fastqc.html
[2020-02-19 15:41:24,412] multiqc                                            [DEBUG  ]  Ignoring file as matched an ignore pattern: 190576_S20_L001_R2_001_fastqc.html
[2020-02-19 15:41:24,413] multiqc                                            [DEBUG  ]  Ignoring file as matched an ignore pattern: 190577_S21_L001_R2_001_fastqc.html
[2020-02-19 15:41:24,413] multiqc                                            [DEBUG  ]  Ignoring file as matched an ignore pattern: 190580_S24_L001_R1_001_fastqc.html
[2020-02-19 15:41:24,413] multiqc                                            [DEBUG  ]  Ignoring file as matched an ignore pattern: 190580_S24_L001_R2_001_fastqc.html
[2020-02-19 15:41:24,414] multiqc                                            [DEBUG  ]  Ignoring file as matched an ignore pattern: 190571_S15_L001_R2_001_fastqc.html
[2020-02-19 15:41:24,414] multiqc                                            [DEBUG  ]  Ignoring file as matched an ignore pattern: 190581_S25_L001_R1_001_fastqc.html
[2020-02-19 15:41:24,415] multiqc                                            [DEBUG  ]  Ignoring file as matched an ignore pattern: 190581_S25_L001_R2_001_fastqc.html
[2020-02-19 15:41:24,417] multiqc                                            [DEBUG  ]  Ignoring file as matched an ignore pattern: 190582_S26_L001_R1_001_fastqc.html
[2020-02-19 15:41:24,418] multiqc                                            [DEBUG  ]  Ignoring file as matched an ignore pattern: 190582_S26_L001_R2_001_fastqc.html
[2020-02-19 15:41:24,418] multiqc                                            [DEBUG  ]  Ignoring file as matched an ignore pattern: 190583_S27_L001_R1_001_fastqc.html
[2020-02-19 15:41:24,418] multiqc                                            [DEBUG  ]  Ignoring file as matched an ignore pattern: 190584_S28_L001_R1_001_fastqc.html
[2020-02-19 15:41:24,418] multiqc                                            [DEBUG  ]  Ignoring file as matched an ignore pattern: 190584_S28_L001_R2_001_fastqc.html
[2020-02-19 15:41:24,420] multiqc                                            [DEBUG  ]  Ignoring file as matched an ignore pattern: 190583_S27_L001_R2_001_fastqc.html
[2020-02-19 15:41:24,421] multiqc                                            [DEBUG  ]  Ignoring file as matched an ignore pattern: 190587_S31_L001_R1_001_fastqc.html
[2020-02-19 15:41:24,423] multiqc                                            [DEBUG  ]  Ignoring file as matched an ignore pattern: 190586_S30_L001_R1_001_fastqc.html
[2020-02-19 15:41:24,424] multiqc                                            [DEBUG  ]  Ignoring file as matched an ignore pattern: 190587_S31_L001_R2_001_fastqc.html
[2020-02-19 15:41:24,424] multiqc                                            [DEBUG  ]  Ignoring file as matched an ignore pattern: 190586_S30_L001_R2_001_fastqc.html
[2020-02-19 15:41:24,425] multiqc                                            [DEBUG  ]  Ignoring file as matched an ignore pattern: 190590_S34_L001_R1_001_fastqc.html
[2020-02-19 15:41:24,425] multiqc                                            [DEBUG  ]  Ignoring file as matched an ignore pattern: 190590_S34_L001_R2_001_fastqc.html
[2020-02-19 15:41:24,425] multiqc                                            [DEBUG  ]  Ignoring file as matched an ignore pattern: 190579_S23_L001_R1_001_fastqc.html
[2020-02-19 15:41:24,425] multiqc                                            [DEBUG  ]  Ignoring file as matched an ignore pattern: 190575_S19_L001_R1_001_fastqc.html
[2020-02-19 15:41:24,426] multiqc                                            [DEBUG  ]  Ignoring file as matched an ignore pattern: 190589_S33_L001_R1_001_fastqc.html
[2020-02-19 15:41:24,426] multiqc                                            [DEBUG  ]  Ignoring file as matched an ignore pattern: 190585_S29_L001_R1_001_fastqc.html
[2020-02-19 15:41:24,426] multiqc                                            [DEBUG  ]  Ignoring file as matched an ignore pattern: 190585_S29_L001_R2_001_fastqc.html
[2020-02-19 15:41:24,426] multiqc                                            [DEBUG  ]  Ignoring file as matched an ignore pattern: 190588_S32_L001_R1_001_fastqc.html
[2020-02-19 15:41:24,428] multiqc                                            [DEBUG  ]  Ignoring file as matched an ignore pattern: 190588_S32_L001_R2_001_fastqc.html
[2020-02-19 15:41:24,428] multiqc                                            [DEBUG  ]  Ignoring file as matched an ignore pattern: 190579_S23_L001_R2_001_fastqc.html
[2020-02-19 15:41:24,429] multiqc                                            [DEBUG  ]  Ignoring file as matched an ignore pattern: 190589_S33_L001_R2_001_fastqc.html
[2020-02-19 15:41:24,431] multiqc                                            [DEBUG  ]  Ignoring file as matched an ignore pattern: 190592_S36_L001_R1_001_fastqc.html
[2020-02-19 15:41:24,431] multiqc                                            [DEBUG  ]  Ignoring file as matched an ignore pattern: 190591_S35_L001_R1_001_fastqc.html
[2020-02-19 15:41:24,431] multiqc                                            [DEBUG  ]  Ignoring file as matched an ignore pattern: 190592_S36_L001_R2_001_fastqc.html
[2020-02-19 15:41:24,431] multiqc                                            [DEBUG  ]  Ignoring file as matched an ignore pattern: 190593_S37_L001_R1_001_fastqc.html
[2020-02-19 15:41:24,432] multiqc                                            [DEBUG  ]  Ignoring file as matched an ignore pattern: 190594_S38_L001_R1_001_fastqc.html
[2020-02-19 15:41:24,432] multiqc                                            [DEBUG  ]  Ignoring file as matched an ignore pattern: 190591_S35_L001_R2_001_fastqc.html
[2020-02-19 15:41:24,432] multiqc                                            [DEBUG  ]  Ignoring file as matched an ignore pattern: 190593_S37_L001_R2_001_fastqc.html
[2020-02-19 15:41:24,433] multiqc                                            [DEBUG  ]  Ignoring file as matched an ignore pattern: 190594_S38_L001_R2_001_fastqc.html
[2020-02-19 15:41:24,433] multiqc                                            [DEBUG  ]  Ignoring file as matched an ignore pattern: 190575_S19_L001_R2_001_fastqc.html
[2020-02-19 15:41:24,434] multiqc                                            [DEBUG  ]  Ignoring file as matched an ignore pattern: 190596_S40_L001_R1_001_fastqc.html
[2020-02-19 15:41:24,434] multiqc                                            [DEBUG  ]  Ignoring file as matched an ignore pattern: 190596_S40_L001_R2_001_fastqc.html
[2020-02-19 15:41:24,436] multiqc                                            [DEBUG  ]  Ignoring file as matched an ignore pattern: 190599_S43_L001_R1_001_fastqc.html
[2020-02-19 15:41:24,437] multiqc                                            [DEBUG  ]  Ignoring file as matched an ignore pattern: 190595_S39_L001_R1_001_fastqc.html
[2020-02-19 15:41:24,438] multiqc                                            [DEBUG  ]  Ignoring file as matched an ignore pattern: 190599_S43_L001_R2_001_fastqc.html
[2020-02-19 15:41:24,438] multiqc                                            [DEBUG  ]  Ignoring file as matched an ignore pattern: 190601_S45_L001_R1_001_fastqc.html
[2020-02-19 15:41:24,438] multiqc                                            [DEBUG  ]  Ignoring file as matched an ignore pattern: BJAB-5000-2_S97_L001_R1_001_fastqc.html
[2020-02-19 15:41:24,438] multiqc                                            [DEBUG  ]  Ignoring file as matched an ignore pattern: 190595_S39_L001_R2_001_fastqc.html
[2020-02-19 15:41:24,439] multiqc                                            [DEBUG  ]  Ignoring file as matched an ignore pattern: BJAB-5000-2_S97_L001_R2_001_fastqc.html
[2020-02-19 15:41:24,439] multiqc                                            [DEBUG  ]  Ignoring file as matched an ignore pattern: 190601_S45_L001_R2_001_fastqc.html
[2020-02-19 15:41:24,442] multiqc                                            [DEBUG  ]  Ignoring file as matched an ignore pattern: BJAB-50_S62_L001_R1_001_fastqc.html
[2020-02-19 15:41:24,443] multiqc                                            [DEBUG  ]  Ignoring file as matched an ignore pattern: BJAB-50_S62_L001_R2_001_fastqc.html
[2020-02-19 15:41:24,443] multiqc                                            [DEBUG  ]  Ignoring file as matched an ignore pattern: 190600_S44_L001_R1_001_fastqc.html
[2020-02-19 15:41:24,443] multiqc                                            [DEBUG  ]  Ignoring file as matched an ignore pattern: HeLa-100000_S51_L001_R1_001_fastqc.html
[2020-02-19 15:41:24,444] multiqc                                            [DEBUG  ]  Ignoring file as matched an ignore pattern: HeLa-100000_S51_L001_R2_001_fastqc.html
[2020-02-19 15:41:24,444] multiqc                                            [DEBUG  ]  Ignoring file as matched an ignore pattern: BJAB-5000_S60_L001_R1_001_fastqc.html
[2020-02-19 15:41:24,446] multiqc                                            [DEBUG  ]  Ignoring file as matched an ignore pattern: 190597_S41_L001_R1_001_fastqc.html
[2020-02-19 15:41:24,446] multiqc                                            [DEBUG  ]  Ignoring file as matched an ignore pattern: 190600_S44_L001_R2_001_fastqc.html
[2020-02-19 15:41:24,448] multiqc                                            [DEBUG  ]  Ignoring file as matched an ignore pattern: BJAB-5000_S60_L001_R2_001_fastqc.html
[2020-02-19 15:41:24,448] multiqc                                            [DEBUG  ]  Ignoring file as matched an ignore pattern: HeLa-1000_S53_L001_R2_001_fastqc.html
[2020-02-19 15:41:24,448] multiqc                                            [DEBUG  ]  Ignoring file as matched an ignore pattern: HeLa-10000_S52_L001_R1_001_fastqc.html
[2020-02-19 15:41:24,449] multiqc                                            [DEBUG  ]  Ignoring file as matched an ignore pattern: HeLa-10000_S52_L001_R2_001_fastqc.html
[2020-02-19 15:41:24,449] multiqc                                            [DEBUG  ]  Ignoring file as matched an ignore pattern: HeLa-1000_S53_L001_R1_001_fastqc.html
[2020-02-19 15:41:24,450] multiqc                                            [DEBUG  ]  Ignoring file as matched an ignore pattern: BJAB-50000_S59_L001_R1_001_fastqc.html
[2020-02-19 15:41:24,450] multiqc                                            [DEBUG  ]  Ignoring file as matched an ignore pattern: 190597_S41_L001_R2_001_fastqc.html
[2020-02-19 15:41:24,450] multiqc                                            [DEBUG  ]  Ignoring file as matched an ignore pattern: HeLa-100_S54_L001_R1_001_fastqc.html
[2020-02-19 15:41:24,451] multiqc                                            [DEBUG  ]  Ignoring file as matched an ignore pattern: 190598_S42_L001_R1_001_fastqc.html
[2020-02-19 15:41:24,451] multiqc                                            [DEBUG  ]  Ignoring file as matched an ignore pattern: HeLa-100_S54_L001_R2_001_fastqc.html
[2020-02-19 15:41:24,451] multiqc                                            [DEBUG  ]  Ignoring file as matched an ignore pattern: LKP31-100000_S55_L001_R1_001_fastqc.html
[2020-02-19 15:41:24,452] multiqc                                            [DEBUG  ]  Ignoring file as matched an ignore pattern: LKP31-100000_S55_L001_R2_001_fastqc.html
[2020-02-19 15:41:24,453] multiqc                                            [DEBUG  ]  Ignoring file as matched an ignore pattern: BJAB-50000_S59_L001_R2_001_fastqc.html
[2020-02-19 15:41:24,453] multiqc                                            [DEBUG  ]  Ignoring file as matched an ignore pattern: SiHa-100000-2_S92_L001_R1_001_fastqc.html
[2020-02-19 15:41:24,454] multiqc                                            [DEBUG  ]  Ignoring file as matched an ignore pattern: SiHa-100000-2_S92_L001_R2_001_fastqc.html
[2020-02-19 15:41:24,454] multiqc                                            [DEBUG  ]  Ignoring file as matched an ignore pattern: 190598_S42_L001_R2_001_fastqc.html
[2020-02-19 15:41:24,455] multiqc                                            [DEBUG  ]  Ignoring file as matched an ignore pattern: SiHa-10000_S47_L001_R1_001_fastqc.html
[2020-02-19 15:41:24,455] multiqc                                            [DEBUG  ]  Ignoring file as matched an ignore pattern: SiHa-10000_S47_L001_R2_001_fastqc.html
[2020-02-19 15:41:24,456] multiqc                                            [DEBUG  ]  Ignoring file as matched an ignore pattern: LKP31-100_S58_L001_R1_001_fastqc.html
[2020-02-19 15:41:24,457] multiqc                                            [DEBUG  ]  Ignoring file as matched an ignore pattern: LKP31-100_S58_L001_R2_001_fastqc.html
[2020-02-19 15:41:24,458] multiqc                                            [DEBUG  ]  Ignoring file as matched an ignore pattern: SiHa-1000-2_S94_L001_R1_001_fastqc.html
[2020-02-19 15:41:24,458] multiqc                                            [DEBUG  ]  Ignoring file as matched an ignore pattern: SiHa-100-2_S95_L001_R1_001_fastqc.html
[2020-02-19 15:41:24,461] multiqc                                            [DEBUG  ]  Ignoring file as matched an ignore pattern: SiHa-100-2_S95_L001_R2_001_fastqc.html
[2020-02-19 15:41:24,461] multiqc                                            [DEBUG  ]  Ignoring file as matched an ignore pattern: SiHa-100_S49_L001_R2_001_fastqc.html
[2020-02-19 15:41:24,461] multiqc                                            [DEBUG  ]  Ignoring file as matched an ignore pattern: SiHa-100_S49_L001_R1_001_fastqc.html
[2020-02-19 15:41:24,462] multiqc                                            [DEBUG  ]  Ignoring file as matched an ignore pattern: BJAB-500_S61_L001_R1_001_fastqc.html
[2020-02-19 15:41:24,462] multiqc                                            [DEBUG  ]  Ignoring file as matched an ignore pattern: LKP31-1000_S57_L001_R1_001_fastqc.html
[2020-02-19 15:41:24,462] multiqc                                            [DEBUG  ]  Ignoring file as matched an ignore pattern: SiHa-1000-2_S94_L001_R2_001_fastqc.html
[2020-02-19 15:41:24,463] multiqc                                            [DEBUG  ]  Ignoring file as matched an ignore pattern: LKP31-1000_S57_L001_R2_001_fastqc.html
[2020-02-19 15:41:24,463] multiqc                                            [DEBUG  ]  Ignoring file as matched an ignore pattern: SiHa-100000_S46_L001_R1_001_fastqc.html
[2020-02-19 15:41:24,466] multiqc                                            [DEBUG  ]  Ignoring file as matched an ignore pattern: SiHa-10000-2_S93_L001_R1_001_fastqc.html
[2020-02-19 15:41:24,466] multiqc                                            [DEBUG  ]  Ignoring file as matched an ignore pattern: SiHa-100000_S46_L001_R2_001_fastqc.html
[2020-02-19 15:41:24,467] multiqc                                            [DEBUG  ]  Ignoring file as matched an ignore pattern: SiHa-10-2_S96_L001_R1_001_fastqc.html
[2020-02-19 15:41:24,468] multiqc                                            [DEBUG  ]  Ignoring file as matched an ignore pattern: SiHa-10_S50_L001_R1_001_fastqc.html
[2020-02-19 15:41:24,468] multiqc                                            [DEBUG  ]  Ignoring file as matched an ignore pattern: SiHa-1000_S48_L001_R1_001_fastqc.html
[2020-02-19 15:41:24,468] multiqc                                            [DEBUG  ]  Ignoring file as matched an ignore pattern: LKP31-10000_S56_L001_R1_001_fastqc.html
[2020-02-19 15:41:24,468] multiqc                                            [DEBUG  ]  Ignoring file as matched an ignore pattern: SiHa-10-2_S96_L001_R2_001_fastqc.html
[2020-02-19 15:41:24,469] multiqc                                            [DEBUG  ]  Ignoring file as matched an ignore pattern: BJAB-500_S61_L001_R2_001_fastqc.html
[2020-02-19 15:41:24,469] multiqc                                            [DEBUG  ]  Ignoring file as matched an ignore pattern: SiHa-10_S50_L001_R2_001_fastqc.html
[2020-02-19 15:41:24,469] multiqc                                            [DEBUG  ]  Ignoring file as matched an ignore pattern: SiHa-10000-2_S93_L001_R2_001_fastqc.html
[2020-02-19 15:41:24,470] multiqc                                            [DEBUG  ]  Ignoring file as matched an ignore pattern: SiHa-1000_S48_L001_R2_001_fastqc.html
[2020-02-19 15:41:24,470] multiqc                                            [DEBUG  ]  Ignoring file as matched an ignore pattern: LKP31-10000_S56_L001_R2_001_fastqc.html
[2020-02-19 15:41:26,594] multiqc                                            [DEBUG  ]  No samples found: custom_content
[2020-02-19 15:41:26,639] multiqc                                            [DEBUG  ]  No samples found: conpair
[2020-02-19 15:41:26,687] multiqc                                            [DEBUG  ]  No samples found: peddy
[2020-02-19 15:41:26,755] multiqc                                            [DEBUG  ]  No samples found: methylQA
[2020-02-19 15:41:26,809] multiqc                                            [DEBUG  ]  No samples found: phantompeakqualtools
[2020-02-19 15:41:26,888] multiqc                                            [DEBUG  ]  No samples found: qualimap
[2020-02-19 15:41:26,936] multiqc                                            [DEBUG  ]  No samples found: preseq
[2020-02-19 15:41:26,979] multiqc                                            [DEBUG  ]  No samples found: quast
[2020-02-19 15:41:27,033] multiqc                                            [DEBUG  ]  No samples found: qorts
[2020-02-19 15:41:27,074] multiqc                                            [DEBUG  ]  No samples found: rna_seqc
[2020-02-19 15:41:27,150] multiqc                                            [DEBUG  ]  No samples found: rsem
[2020-02-19 15:41:27,261] multiqc                                            [DEBUG  ]  No samples found: rseqc
[2020-02-19 15:41:27,302] multiqc                                            [DEBUG  ]  No samples found: busco
[2020-02-19 15:41:27,340] multiqc                                            [DEBUG  ]  No samples found: goleft_indexcov
[2020-02-19 15:41:27,366] multiqc                                            [DEBUG  ]  No samples found: disambiguate
[2020-02-19 15:41:27,415] multiqc                                            [DEBUG  ]  No samples found: supernova
[2020-02-19 15:41:27,524] multiqc                                            [DEBUG  ]  No samples found: deeptools
[2020-02-19 15:41:27,566] multiqc                                            [DEBUG  ]  No samples found: sargasso
[2020-02-19 15:41:27,610] multiqc                                            [DEBUG  ]  No samples found: verifybamid
[2020-02-19 15:41:27,653] multiqc                                            [DEBUG  ]  No samples found: mirtrace
[2020-02-19 15:41:27,686] multiqc                                            [DEBUG  ]  No samples found: happy
[2020-02-19 15:41:27,784] multiqc                                            [DEBUG  ]  No samples found: homer
[2020-02-19 15:41:27,822] multiqc                                            [DEBUG  ]  No samples found: macs2
[2020-02-19 15:41:27,899] multiqc                                            [DEBUG  ]  No samples found: theta2
[2020-02-19 15:41:27,948] multiqc                                            [DEBUG  ]  No samples found: snpeff
[2020-02-19 15:41:28,026] multiqc                                            [DEBUG  ]  No samples found: gatk
[2020-02-19 15:41:28,081] multiqc                                            [DEBUG  ]  No samples found: htseq
[2020-02-19 15:41:28,122] multiqc                                            [DEBUG  ]  No samples found: bcftools
[2020-02-19 15:41:28,181] multiqc                                            [DEBUG  ]  No samples found: featureCounts
[2020-02-19 15:41:28,205] multiqc                                            [DEBUG  ]  No samples found: dedup
[2020-02-19 15:41:28,235] multiqc                                            [DEBUG  ]  No samples found: damageprofiler
[2020-02-19 15:41:28,326] multiqc                                            [DEBUG  ]  No samples found: picard
[2020-02-19 15:41:28,358] multiqc                                            [DEBUG  ]  No samples found: prokka
[2020-02-19 15:41:28,393] multiqc                                            [DEBUG  ]  No samples found: samblaster
[2020-02-19 15:41:28,450] multiqc                                            [DEBUG  ]  No samples found: samtools
[2020-02-19 15:41:28,513] multiqc                                            [DEBUG  ]  No samples found: bamtools
[2020-02-19 15:41:28,556] multiqc                                            [DEBUG  ]  No samples found: jellyfish
[2020-02-19 15:41:28,632] multiqc                                            [DEBUG  ]  No samples found: vcftools
[2020-02-19 15:41:28,668] multiqc                                            [DEBUG  ]  No samples found: longranger
[2020-02-19 15:41:28,735] multiqc                                            [DEBUG  ]  No samples found: stacks
[2020-02-19 15:41:28,854] multiqc                                            [DEBUG  ]  No samples found: bbmap
[2020-02-19 15:41:28,918] multiqc                                            [DEBUG  ]  No samples found: bismark
[2020-02-19 15:41:28,965] multiqc                                            [DEBUG  ]  No samples found: biscuit
[2020-02-19 15:41:29,014] multiqc                                            [DEBUG  ]  No samples found: hicexplorer
[2020-02-19 15:41:29,039] multiqc                                            [DEBUG  ]  No samples found: hicup
[2020-02-19 15:41:29,080] multiqc                                            [DEBUG  ]  No samples found: hicpro
[2020-02-19 15:41:29,120] multiqc                                            [DEBUG  ]  No samples found: salmon
[2020-02-19 15:41:29,150] multiqc                                            [DEBUG  ]  No samples found: kallisto
[2020-02-19 15:41:29,177] multiqc                                            [DEBUG  ]  No samples found: slamdunk
[2020-02-19 15:41:29,201] multiqc                                            [DEBUG  ]  No samples found: star
[2020-02-19 15:41:29,271] multiqc                                            [DEBUG  ]  No samples found: hisat2
[2020-02-19 15:41:29,306] multiqc                                            [DEBUG  ]  No samples found: tophat
[2020-02-19 15:41:29,337] multiqc                                            [DEBUG  ]  No samples found: bowtie2
[2020-02-19 15:41:29,388] multiqc                                            [DEBUG  ]  No samples found: bowtie1
[2020-02-19 15:41:29,451] multiqc                                            [DEBUG  ]  No samples found: kat
[2020-02-19 15:41:29,476] multiqc                                            [DEBUG  ]  No samples found: leehom
[2020-02-19 15:41:29,511] multiqc                                            [DEBUG  ]  No samples found: adapterRemoval
[2020-02-19 15:41:29,555] multiqc                                            [DEBUG  ]  No samples found: clipandmerge
[2020-02-19 15:41:29,581] multiqc                                            [DEBUG  ]  No samples found: cutadapt
[2020-02-19 15:41:29,608] multiqc                                            [DEBUG  ]  No samples found: flexbar
[2020-02-19 15:41:29,630] multiqc                                            [DEBUG  ]  No samples found: trimmomatic
[2020-02-19 15:41:29,648] multiqc                                            [DEBUG  ]  No samples found: skewer
[2020-02-19 15:41:29,696] multiqc                                            [DEBUG  ]  No samples found: sortmerna
[2020-02-19 15:41:29,737] multiqc                                            [DEBUG  ]  No samples found: biobloomtools
[2020-02-19 15:41:29,764] multiqc                                            [DEBUG  ]  No samples found: fastq_screen
[2020-02-19 15:41:29,797] multiqc                                            [DEBUG  ]  No samples found: afterqc
[2020-02-19 15:41:29,828] multiqc                                            [DEBUG  ]  No samples found: fastp
[2020-02-19 15:41:32,136] multiqc.modules.fastqc.fastqc                      [INFO   ]  Found 192 reports
[2020-02-19 15:41:52,701] multiqc                                            [DEBUG  ]  No samples found: minionqc
[2020-02-19 15:41:52,749] multiqc                                            [DEBUG  ]  No samples found: clusterflow
[2020-02-19 15:41:52,798] multiqc                                            [DEBUG  ]  No samples found: bcl2fastq
[2020-02-19 15:41:52,839] multiqc                                            [DEBUG  ]  No samples found: interop
[2020-02-19 15:41:52,857] multiqc                                            [DEBUG  ]  No samples found: flash
[2020-02-19 15:41:53,164] multiqc                                            [INFO   ]  Compressing plot data
[2020-02-19 15:41:53,189] multiqc                                            [INFO   ]  Report      : multiqc_report.html
[2020-02-19 15:41:53,189] multiqc                                            [INFO   ]  Data        : multiqc_data
[2020-02-19 15:41:53,190] multiqc                                            [DEBUG  ]  Moving data file from '/tmp/tmppdryaf4i/multiqc_data/multiqc_fastqc.txt' to '/data/projects/mdc-971/data_from_Jan_2020/analysis/00.fastqc/multiqc_data'
[2020-02-19 15:41:53,194] multiqc                                            [DEBUG  ]  Moving data file from '/tmp/tmppdryaf4i/multiqc_data/mqc_fastqc_sequence_counts_plot_1.txt' to '/data/projects/mdc-971/data_from_Jan_2020/analysis/00.fastqc/multiqc_data'
[2020-02-19 15:41:53,196] multiqc                                            [DEBUG  ]  Moving data file from '/tmp/tmppdryaf4i/multiqc_data/mqc_fastqc_per_base_sequence_quality_plot_1.txt' to '/data/projects/mdc-971/data_from_Jan_2020/analysis/00.fastqc/multiqc_data'
[2020-02-19 15:41:53,200] multiqc                                            [DEBUG  ]  Moving data file from '/tmp/tmppdryaf4i/multiqc_data/mqc_fastqc_per_sequence_quality_scores_plot_1.txt' to '/data/projects/mdc-971/data_from_Jan_2020/analysis/00.fastqc/multiqc_data'
[2020-02-19 15:41:53,203] multiqc                                            [DEBUG  ]  Moving data file from '/tmp/tmppdryaf4i/multiqc_data/mqc_fastqc_per_sequence_gc_content_plot_Percentages.txt' to '/data/projects/mdc-971/data_from_Jan_2020/analysis/00.fastqc/multiqc_data'
[2020-02-19 15:41:53,207] multiqc                                            [DEBUG  ]  Moving data file from '/tmp/tmppdryaf4i/multiqc_data/mqc_fastqc_per_sequence_gc_content_plot_Counts.txt' to '/data/projects/mdc-971/data_from_Jan_2020/analysis/00.fastqc/multiqc_data'
[2020-02-19 15:41:53,210] multiqc                                            [DEBUG  ]  Moving data file from '/tmp/tmppdryaf4i/multiqc_data/mqc_fastqc_per_base_n_content_plot_1.txt' to '/data/projects/mdc-971/data_from_Jan_2020/analysis/00.fastqc/multiqc_data'
[2020-02-19 15:41:53,213] multiqc                                            [DEBUG  ]  Moving data file from '/tmp/tmppdryaf4i/multiqc_data/mqc_fastqc_sequence_duplication_levels_plot_1.txt' to '/data/projects/mdc-971/data_from_Jan_2020/analysis/00.fastqc/multiqc_data'
[2020-02-19 15:41:53,217] multiqc                                            [DEBUG  ]  Moving data file from '/tmp/tmppdryaf4i/multiqc_data/mqc_fastqc_overrepresented_sequencesi_plot_1.txt' to '/data/projects/mdc-971/data_from_Jan_2020/analysis/00.fastqc/multiqc_data'
[2020-02-19 15:41:53,228] multiqc                                            [DEBUG  ]  Moving data file from '/tmp/tmppdryaf4i/multiqc_data/multiqc_general_stats.txt' to '/data/projects/mdc-971/data_from_Jan_2020/analysis/00.fastqc/multiqc_data'
[2020-02-19 15:41:53,231] multiqc                                            [DEBUG  ]  Moving data file from '/tmp/tmppdryaf4i/multiqc_data/multiqc_sources.txt' to '/data/projects/mdc-971/data_from_Jan_2020/analysis/00.fastqc/multiqc_data'
[2020-02-19 15:41:53,233] multiqc                                            [DEBUG  ]  Moving data file from '/tmp/tmppdryaf4i/multiqc_data/multiqc_data.json' to '/data/projects/mdc-971/data_from_Jan_2020/analysis/00.fastqc/multiqc_data'
[2020-02-19 15:41:53,777] multiqc                                            [INFO   ]  MultiQC complete
