[2020-02-20 11:21:05,329] multiqc                                            [DEBUG  ]  No MultiQC config found: /data/home/kchoudha/miniconda3/envs/kc_env/lib/python3.7/site-packages/multiqc_config.yaml
[2020-02-20 11:21:05,329] multiqc                                            [DEBUG  ]  No MultiQC config found: /data/home/kchoudha/.multiqc_config.yaml
[2020-02-20 11:21:05,330] multiqc                                            [DEBUG  ]  No MultiQC config found: multiqc_config.yaml
[2020-02-20 11:21:05,330] multiqc                                            [DEBUG  ]  Command used: /data/home/kchoudha/miniconda3/envs/kc_env/bin/multiqc .
[2020-02-20 11:21:06,360] multiqc                                            [WARNING]  MultiQC Version v1.8 now available!
[2020-02-20 11:21:06,360] multiqc                                            [INFO   ]  This is MultiQC v1.7
[2020-02-20 11:21:06,360] multiqc                                            [DEBUG  ]  Command     : /data/home/kchoudha/miniconda3/envs/kc_env/bin/multiqc .
[2020-02-20 11:21:06,360] multiqc                                            [DEBUG  ]  Working dir : /data/projects/mdc-971/data_from_Jan_2020/analysis/35.trimmed_QC
[2020-02-20 11:21:06,360] multiqc                                            [INFO   ]  Template    : default
[2020-02-20 11:21:06,360] multiqc                                            [INFO   ]  Searching '.'
[2020-02-20 11:21:06,361] multiqc                                            [DEBUG  ]  Analysing modules: custom_content, conpair, peddy, methylQA, phantompeakqualtools, qualimap, preseq, quast, qorts, rna_seqc, rsem, rseqc, busco, goleft_indexcov, disambiguate, supernova, deeptools, sargasso, verifybamid, mirtrace, happy, homer, macs2, theta2, snpeff, gatk, htseq, bcftools, featureCounts, dedup, damageprofiler, picard, prokka, samblaster, samtools, bamtools, jellyfish, vcftools, longranger, stacks, bbmap, bismark, biscuit, hicexplorer, hicup, hicpro, salmon, kallisto, slamdunk, star, hisat2, tophat, bowtie2, bowtie1, kat, leehom, adapterRemoval, clipandmerge, cutadapt, flexbar, trimmomatic, skewer, sortmerna, biobloomtools, fastq_screen, afterqc, fastp, fastqc, minionqc, clusterflow, bcl2fastq, interop, flash
[2020-02-20 11:21:06,361] multiqc                                            [DEBUG  ]  Using temporary directory for creating report: /tmp/tmp8m7nhfxz
[2020-02-20 11:21:06,478] multiqc                                            [DEBUG  ]  Ignoring file as matched an ignore pattern: 190532_S65_L001_cutadapt.2_fastqc.html
[2020-02-20 11:21:06,479] multiqc                                            [DEBUG  ]  Ignoring file as matched an ignore pattern: 190534_S67_L001_cutadapt.1_fastqc.html
[2020-02-20 11:21:06,479] multiqc                                            [DEBUG  ]  Ignoring file as matched an ignore pattern: 190533_S66_L001_cutadapt.1_fastqc.html
[2020-02-20 11:21:06,479] multiqc                                            [DEBUG  ]  Ignoring file as matched an ignore pattern: 190531_S64_L001_cutadapt.1_fastqc.html
[2020-02-20 11:21:06,480] multiqc                                            [DEBUG  ]  Ignoring file as matched an ignore pattern: 190530_S63_L001_cutadapt.1_fastqc.html
[2020-02-20 11:21:06,480] multiqc                                            [DEBUG  ]  Ignoring file as matched an ignore pattern: 190532_S65_L001_cutadapt.1_fastqc.html
[2020-02-20 11:21:06,481] multiqc                                            [DEBUG  ]  Ignoring file as matched an ignore pattern: 190535_S68_L001_cutadapt.2_fastqc.html
[2020-02-20 11:21:06,481] multiqc                                            [DEBUG  ]  Ignoring file as matched an ignore pattern: 190534_S67_L001_cutadapt.2_fastqc.html
[2020-02-20 11:21:06,482] multiqc                                            [DEBUG  ]  Ignoring file as matched an ignore pattern: 190535_S68_L001_cutadapt.1_fastqc.html
[2020-02-20 11:21:06,483] multiqc                                            [DEBUG  ]  Ignoring file as matched an ignore pattern: 190536_S69_L001_cutadapt.1_fastqc.html
[2020-02-20 11:21:06,483] multiqc                                            [DEBUG  ]  Ignoring file as matched an ignore pattern: 190533_S66_L001_cutadapt.2_fastqc.html
[2020-02-20 11:21:06,485] multiqc                                            [DEBUG  ]  Ignoring file as matched an ignore pattern: 190530_S63_L001_cutadapt.2_fastqc.html
[2020-02-20 11:21:06,485] multiqc                                            [DEBUG  ]  Ignoring file as matched an ignore pattern: 190536_S69_L001_cutadapt.2_fastqc.html
[2020-02-20 11:21:06,486] multiqc                                            [DEBUG  ]  Ignoring file as matched an ignore pattern: 190537_S70_L001_cutadapt.1_fastqc.html
[2020-02-20 11:21:06,487] multiqc                                            [DEBUG  ]  Ignoring file as matched an ignore pattern: 190531_S64_L001_cutadapt.2_fastqc.html
[2020-02-20 11:21:06,487] multiqc                                            [DEBUG  ]  Ignoring file as matched an ignore pattern: 190537_S70_L001_cutadapt.2_fastqc.html
[2020-02-20 11:21:06,488] multiqc                                            [DEBUG  ]  Ignoring file as matched an ignore pattern: 190538_S71_L001_cutadapt.2_fastqc.html
[2020-02-20 11:21:06,488] multiqc                                            [DEBUG  ]  Ignoring file as matched an ignore pattern: 190538_S71_L001_cutadapt.1_fastqc.html
[2020-02-20 11:21:06,489] multiqc                                            [DEBUG  ]  Ignoring file as matched an ignore pattern: 190539_S72_L001_cutadapt.1_fastqc.html
[2020-02-20 11:21:06,490] multiqc                                            [DEBUG  ]  Ignoring file as matched an ignore pattern: 190540_S73_L001_cutadapt.2_fastqc.html
[2020-02-20 11:21:06,490] multiqc                                            [DEBUG  ]  Ignoring file as matched an ignore pattern: 190540_S73_L001_cutadapt.1_fastqc.html
[2020-02-20 11:21:06,490] multiqc                                            [DEBUG  ]  Ignoring file as matched an ignore pattern: 190539_S72_L001_cutadapt.2_fastqc.html
[2020-02-20 11:21:06,491] multiqc                                            [DEBUG  ]  Ignoring file as matched an ignore pattern: 190541_S74_L001_cutadapt.1_fastqc.html
[2020-02-20 11:21:06,492] multiqc                                            [DEBUG  ]  Ignoring file as matched an ignore pattern: 190542_S75_L001_cutadapt.1_fastqc.html
[2020-02-20 11:21:06,493] multiqc                                            [DEBUG  ]  Ignoring file as matched an ignore pattern: 190543_S76_L001_cutadapt.1_fastqc.html
[2020-02-20 11:21:06,493] multiqc                                            [DEBUG  ]  Ignoring file as matched an ignore pattern: 190542_S75_L001_cutadapt.2_fastqc.html
[2020-02-20 11:21:06,494] multiqc                                            [DEBUG  ]  Ignoring file as matched an ignore pattern: 190544_S77_L001_cutadapt.1_fastqc.html
[2020-02-20 11:21:06,495] multiqc                                            [DEBUG  ]  Ignoring file as matched an ignore pattern: 190543_S76_L001_cutadapt.2_fastqc.html
[2020-02-20 11:21:06,495] multiqc                                            [DEBUG  ]  Ignoring file as matched an ignore pattern: 190545_S78_L001_cutadapt.1_fastqc.html
[2020-02-20 11:21:06,496] multiqc                                            [DEBUG  ]  Ignoring file as matched an ignore pattern: 190545_S78_L001_cutadapt.2_fastqc.html
[2020-02-20 11:21:06,497] multiqc                                            [DEBUG  ]  Ignoring file as matched an ignore pattern: 190541_S74_L001_cutadapt.2_fastqc.html
[2020-02-20 11:21:06,497] multiqc                                            [DEBUG  ]  Ignoring file as matched an ignore pattern: 190546_S79_L001_cutadapt.1_fastqc.html
[2020-02-20 11:21:06,497] multiqc                                            [DEBUG  ]  Ignoring file as matched an ignore pattern: 190544_S77_L001_cutadapt.2_fastqc.html
[2020-02-20 11:21:06,498] multiqc                                            [DEBUG  ]  Ignoring file as matched an ignore pattern: 190546_S79_L001_cutadapt.2_fastqc.html
[2020-02-20 11:21:06,498] multiqc                                            [DEBUG  ]  Ignoring file as matched an ignore pattern: 190547_S80_L001_cutadapt.1_fastqc.html
[2020-02-20 11:21:06,498] multiqc                                            [DEBUG  ]  Ignoring file as matched an ignore pattern: 190547_S80_L001_cutadapt.2_fastqc.html
[2020-02-20 11:21:06,499] multiqc                                            [DEBUG  ]  Ignoring file as matched an ignore pattern: 190548_S81_L001_cutadapt.1_fastqc.html
[2020-02-20 11:21:06,500] multiqc                                            [DEBUG  ]  Ignoring file as matched an ignore pattern: 190549_S82_L001_cutadapt.1_fastqc.html
[2020-02-20 11:21:06,501] multiqc                                            [DEBUG  ]  Ignoring file as matched an ignore pattern: 190550_S83_L001_cutadapt.1_fastqc.html
[2020-02-20 11:21:06,503] multiqc                                            [DEBUG  ]  Ignoring file as matched an ignore pattern: 190548_S81_L001_cutadapt.2_fastqc.html
[2020-02-20 11:21:06,503] multiqc                                            [DEBUG  ]  Ignoring file as matched an ignore pattern: 190551_S84_L001_cutadapt.1_fastqc.html
[2020-02-20 11:21:06,503] multiqc                                            [DEBUG  ]  Ignoring file as matched an ignore pattern: 190550_S83_L001_cutadapt.2_fastqc.html
[2020-02-20 11:21:06,504] multiqc                                            [DEBUG  ]  Ignoring file as matched an ignore pattern: 190551_S84_L001_cutadapt.2_fastqc.html
[2020-02-20 11:21:06,504] multiqc                                            [DEBUG  ]  Ignoring file as matched an ignore pattern: 190552_S85_L001_cutadapt.1_fastqc.html
[2020-02-20 11:21:06,505] multiqc                                            [DEBUG  ]  Ignoring file as matched an ignore pattern: 190549_S82_L001_cutadapt.2_fastqc.html
[2020-02-20 11:21:06,505] multiqc                                            [DEBUG  ]  Ignoring file as matched an ignore pattern: 190553_S86_L001_cutadapt.1_fastqc.html
[2020-02-20 11:21:06,506] multiqc                                            [DEBUG  ]  Ignoring file as matched an ignore pattern: 190553_S86_L001_cutadapt.2_fastqc.html
[2020-02-20 11:21:06,506] multiqc                                            [DEBUG  ]  Ignoring file as matched an ignore pattern: 190552_S85_L001_cutadapt.2_fastqc.html
[2020-02-20 11:21:06,506] multiqc                                            [DEBUG  ]  Ignoring file as matched an ignore pattern: 190554_S87_L001_cutadapt.1_fastqc.html
[2020-02-20 11:21:06,508] multiqc                                            [DEBUG  ]  Ignoring file as matched an ignore pattern: 190554_S87_L001_cutadapt.2_fastqc.html
[2020-02-20 11:21:06,508] multiqc                                            [DEBUG  ]  Ignoring file as matched an ignore pattern: 190556_S89_L001_cutadapt.1_fastqc.html
[2020-02-20 11:21:06,508] multiqc                                            [DEBUG  ]  Ignoring file as matched an ignore pattern: 190555_S88_L001_cutadapt.1_fastqc.html
[2020-02-20 11:21:06,509] multiqc                                            [DEBUG  ]  Ignoring file as matched an ignore pattern: 190556_S89_L001_cutadapt.2_fastqc.html
[2020-02-20 11:21:06,510] multiqc                                            [DEBUG  ]  Ignoring file as matched an ignore pattern: 190557-2_S91_L001_cutadapt.1_fastqc.html
[2020-02-20 11:21:06,511] multiqc                                            [DEBUG  ]  Ignoring file as matched an ignore pattern: 190557_S90_L001_cutadapt.1_fastqc.html
[2020-02-20 11:21:06,512] multiqc                                            [DEBUG  ]  Ignoring file as matched an ignore pattern: 190557_S90_L001_cutadapt.2_fastqc.html
[2020-02-20 11:21:06,512] multiqc                                            [DEBUG  ]  Ignoring file as matched an ignore pattern: 190557-2_S91_L001_cutadapt.2_fastqc.html
[2020-02-20 11:21:06,513] multiqc                                            [DEBUG  ]  Ignoring file as matched an ignore pattern: 190559_S3_L001_cutadapt.1_fastqc.html
[2020-02-20 11:21:06,513] multiqc                                            [DEBUG  ]  Ignoring file as matched an ignore pattern: 190555_S88_L001_cutadapt.2_fastqc.html
[2020-02-20 11:21:06,513] multiqc                                            [DEBUG  ]  Ignoring file as matched an ignore pattern: 190558_S2_L001_cutadapt.1_fastqc.html
[2020-02-20 11:21:06,514] multiqc                                            [DEBUG  ]  Ignoring file as matched an ignore pattern: 190559_S3_L001_cutadapt.2_fastqc.html
[2020-02-20 11:21:06,516] multiqc                                            [DEBUG  ]  Ignoring file as matched an ignore pattern: 190560_S4_L001_cutadapt.1_fastqc.html
[2020-02-20 11:21:06,516] multiqc                                            [DEBUG  ]  Ignoring file as matched an ignore pattern: 190558_S2_L001_cutadapt.2_fastqc.html
[2020-02-20 11:21:06,517] multiqc                                            [DEBUG  ]  Ignoring file as matched an ignore pattern: 190563_S7_L001_cutadapt.1_fastqc.html
[2020-02-20 11:21:06,517] multiqc                                            [DEBUG  ]  Ignoring file as matched an ignore pattern: 190560_S4_L001_cutadapt.2_fastqc.html
[2020-02-20 11:21:06,518] multiqc                                            [DEBUG  ]  Ignoring file as matched an ignore pattern: 190563_S7_L001_cutadapt.2_fastqc.html
[2020-02-20 11:21:06,518] multiqc                                            [DEBUG  ]  Ignoring file as matched an ignore pattern: 190562_S6_L001_cutadapt.1_fastqc.html
[2020-02-20 11:21:06,519] multiqc                                            [DEBUG  ]  Ignoring file as matched an ignore pattern: 190561_S5_L001_cutadapt.1_fastqc.html
[2020-02-20 11:21:06,519] multiqc                                            [DEBUG  ]  Ignoring file as matched an ignore pattern: 190564_S8_L001_cutadapt.1_fastqc.html
[2020-02-20 11:21:06,520] multiqc                                            [DEBUG  ]  Ignoring file as matched an ignore pattern: 190565_S9_L001_cutadapt.1_fastqc.html
[2020-02-20 11:21:06,520] multiqc                                            [DEBUG  ]  Ignoring file as matched an ignore pattern: 190562_S6_L001_cutadapt.2_fastqc.html
[2020-02-20 11:21:06,520] multiqc                                            [DEBUG  ]  Ignoring file as matched an ignore pattern: 190565_S9_L001_cutadapt.2_fastqc.html
[2020-02-20 11:21:06,521] multiqc                                            [DEBUG  ]  Ignoring file as matched an ignore pattern: 190561_S5_L001_cutadapt.2_fastqc.html
[2020-02-20 11:21:06,521] multiqc                                            [DEBUG  ]  Ignoring file as matched an ignore pattern: 190564_S8_L001_cutadapt.2_fastqc.html
[2020-02-20 11:21:06,522] multiqc                                            [DEBUG  ]  Ignoring file as matched an ignore pattern: 190566_S10_L001_cutadapt.1_fastqc.html
[2020-02-20 11:21:06,522] multiqc                                            [DEBUG  ]  Ignoring file as matched an ignore pattern: 190567_S11_L001_cutadapt.1_fastqc.html
[2020-02-20 11:21:06,523] multiqc                                            [DEBUG  ]  Ignoring file as matched an ignore pattern: 190566_S10_L001_cutadapt.2_fastqc.html
[2020-02-20 11:21:06,524] multiqc                                            [DEBUG  ]  Ignoring file as matched an ignore pattern: 190567_S11_L001_cutadapt.2_fastqc.html
[2020-02-20 11:21:06,524] multiqc                                            [DEBUG  ]  Ignoring file as matched an ignore pattern: 190569_S13_L001_cutadapt.1_fastqc.html
[2020-02-20 11:21:06,525] multiqc                                            [DEBUG  ]  Ignoring file as matched an ignore pattern: 190569_S13_L001_cutadapt.2_fastqc.html
[2020-02-20 11:21:06,526] multiqc                                            [DEBUG  ]  Ignoring file as matched an ignore pattern: 190568_S12_L001_cutadapt.1_fastqc.html
[2020-02-20 11:21:06,527] multiqc                                            [DEBUG  ]  Ignoring file as matched an ignore pattern: 190568_S12_L001_cutadapt.2_fastqc.html
[2020-02-20 11:21:06,527] multiqc                                            [DEBUG  ]  Ignoring file as matched an ignore pattern: 190570_S14_L001_cutadapt.1_fastqc.html
[2020-02-20 11:21:06,527] multiqc                                            [DEBUG  ]  Ignoring file as matched an ignore pattern: 190571_S15_L001_cutadapt.1_fastqc.html
[2020-02-20 11:21:06,528] multiqc                                            [DEBUG  ]  Ignoring file as matched an ignore pattern: 190572_S16_L001_cutadapt.1_fastqc.html
[2020-02-20 11:21:06,528] multiqc                                            [DEBUG  ]  Ignoring file as matched an ignore pattern: 190572_S16_L001_cutadapt.2_fastqc.html
[2020-02-20 11:21:06,528] multiqc                                            [DEBUG  ]  Ignoring file as matched an ignore pattern: 190570_S14_L001_cutadapt.2_fastqc.html
[2020-02-20 11:21:06,529] multiqc                                            [DEBUG  ]  Ignoring file as matched an ignore pattern: 190573_S17_L001_cutadapt.1_fastqc.html
[2020-02-20 11:21:06,530] multiqc                                            [DEBUG  ]  Ignoring file as matched an ignore pattern: 190574_S18_L001_cutadapt.1_fastqc.html
[2020-02-20 11:21:06,530] multiqc                                            [DEBUG  ]  Ignoring file as matched an ignore pattern: 190574_S18_L001_cutadapt.2_fastqc.html
[2020-02-20 11:21:06,531] multiqc                                            [DEBUG  ]  Ignoring file as matched an ignore pattern: 190573_S17_L001_cutadapt.2_fastqc.html
[2020-02-20 11:21:06,531] multiqc                                            [DEBUG  ]  Ignoring file as matched an ignore pattern: 190571_S15_L001_cutadapt.2_fastqc.html
[2020-02-20 11:21:06,532] multiqc                                            [DEBUG  ]  Ignoring file as matched an ignore pattern: 190576_S20_L001_cutadapt.1_fastqc.html
[2020-02-20 11:21:06,533] multiqc                                            [DEBUG  ]  Ignoring file as matched an ignore pattern: 190575_S19_L001_cutadapt.1_fastqc.html
[2020-02-20 11:21:06,534] multiqc                                            [DEBUG  ]  Ignoring file as matched an ignore pattern: 190577_S21_L001_cutadapt.1_fastqc.html
[2020-02-20 11:21:06,534] multiqc                                            [DEBUG  ]  Ignoring file as matched an ignore pattern: 190576_S20_L001_cutadapt.2_fastqc.html
[2020-02-20 11:21:06,534] multiqc                                            [DEBUG  ]  Ignoring file as matched an ignore pattern: 190578_S22_L001_cutadapt.1_fastqc.html
[2020-02-20 11:21:06,535] multiqc                                            [DEBUG  ]  Ignoring file as matched an ignore pattern: 190577_S21_L001_cutadapt.2_fastqc.html
[2020-02-20 11:21:06,535] multiqc                                            [DEBUG  ]  Ignoring file as matched an ignore pattern: 190578_S22_L001_cutadapt.2_fastqc.html
[2020-02-20 11:21:06,536] multiqc                                            [DEBUG  ]  Ignoring file as matched an ignore pattern: 190580_S24_L001_cutadapt.1_fastqc.html
[2020-02-20 11:21:06,537] multiqc                                            [DEBUG  ]  Ignoring file as matched an ignore pattern: 190580_S24_L001_cutadapt.2_fastqc.html
[2020-02-20 11:21:06,538] multiqc                                            [DEBUG  ]  Ignoring file as matched an ignore pattern: 190581_S25_L001_cutadapt.1_fastqc.html
[2020-02-20 11:21:06,538] multiqc                                            [DEBUG  ]  Ignoring file as matched an ignore pattern: 190581_S25_L001_cutadapt.2_fastqc.html
[2020-02-20 11:21:06,539] multiqc                                            [DEBUG  ]  Ignoring file as matched an ignore pattern: 190582_S26_L001_cutadapt.1_fastqc.html
[2020-02-20 11:21:06,540] multiqc                                            [DEBUG  ]  Ignoring file as matched an ignore pattern: 190579_S23_L001_cutadapt.1_fastqc.html
[2020-02-20 11:21:06,541] multiqc                                            [DEBUG  ]  Ignoring file as matched an ignore pattern: 190582_S26_L001_cutadapt.2_fastqc.html
[2020-02-20 11:21:06,541] multiqc                                            [DEBUG  ]  Ignoring file as matched an ignore pattern: 190579_S23_L001_cutadapt.2_fastqc.html
[2020-02-20 11:21:06,541] multiqc                                            [DEBUG  ]  Ignoring file as matched an ignore pattern: 190584_S28_L001_cutadapt.1_fastqc.html
[2020-02-20 11:21:06,542] multiqc                                            [DEBUG  ]  Ignoring file as matched an ignore pattern: 190575_S19_L001_cutadapt.2_fastqc.html
[2020-02-20 11:21:06,542] multiqc                                            [DEBUG  ]  Ignoring file as matched an ignore pattern: 190583_S27_L001_cutadapt.1_fastqc.html
[2020-02-20 11:21:06,543] multiqc                                            [DEBUG  ]  Ignoring file as matched an ignore pattern: 190583_S27_L001_cutadapt.2_fastqc.html
[2020-02-20 11:21:06,543] multiqc                                            [DEBUG  ]  Ignoring file as matched an ignore pattern: 190584_S28_L001_cutadapt.2_fastqc.html
[2020-02-20 11:21:06,544] multiqc                                            [DEBUG  ]  Ignoring file as matched an ignore pattern: 190586_S30_L001_cutadapt.1_fastqc.html
[2020-02-20 11:21:06,545] multiqc                                            [DEBUG  ]  Ignoring file as matched an ignore pattern: 190587_S31_L001_cutadapt.1_fastqc.html
[2020-02-20 11:21:06,546] multiqc                                            [DEBUG  ]  Ignoring file as matched an ignore pattern: 190585_S29_L001_cutadapt.1_fastqc.html
[2020-02-20 11:21:06,546] multiqc                                            [DEBUG  ]  Ignoring file as matched an ignore pattern: 190588_S32_L001_cutadapt.1_fastqc.html
[2020-02-20 11:21:06,546] multiqc                                            [DEBUG  ]  Ignoring file as matched an ignore pattern: 190586_S30_L001_cutadapt.2_fastqc.html
[2020-02-20 11:21:06,547] multiqc                                            [DEBUG  ]  Ignoring file as matched an ignore pattern: 190585_S29_L001_cutadapt.2_fastqc.html
[2020-02-20 11:21:06,548] multiqc                                            [DEBUG  ]  Ignoring file as matched an ignore pattern: 190589_S33_L001_cutadapt.1_fastqc.html
[2020-02-20 11:21:06,549] multiqc                                            [DEBUG  ]  Ignoring file as matched an ignore pattern: 190590_S34_L001_cutadapt.1_fastqc.html
[2020-02-20 11:21:06,549] multiqc                                            [DEBUG  ]  Ignoring file as matched an ignore pattern: 190590_S34_L001_cutadapt.2_fastqc.html
[2020-02-20 11:21:06,549] multiqc                                            [DEBUG  ]  Ignoring file as matched an ignore pattern: 190589_S33_L001_cutadapt.2_fastqc.html
[2020-02-20 11:21:06,550] multiqc                                            [DEBUG  ]  Ignoring file as matched an ignore pattern: 190591_S35_L001_cutadapt.1_fastqc.html
[2020-02-20 11:21:06,550] multiqc                                            [DEBUG  ]  Ignoring file as matched an ignore pattern: 190588_S32_L001_cutadapt.2_fastqc.html
[2020-02-20 11:21:06,551] multiqc                                            [DEBUG  ]  Ignoring file as matched an ignore pattern: 190587_S31_L001_cutadapt.2_fastqc.html
[2020-02-20 11:21:06,551] multiqc                                            [DEBUG  ]  Ignoring file as matched an ignore pattern: 190592_S36_L001_cutadapt.1_fastqc.html
[2020-02-20 11:21:06,552] multiqc                                            [DEBUG  ]  Ignoring file as matched an ignore pattern: 190593_S37_L001_cutadapt.1_fastqc.html
[2020-02-20 11:21:06,553] multiqc                                            [DEBUG  ]  Ignoring file as matched an ignore pattern: 190592_S36_L001_cutadapt.2_fastqc.html
[2020-02-20 11:21:06,553] multiqc                                            [DEBUG  ]  Ignoring file as matched an ignore pattern: 190591_S35_L001_cutadapt.2_fastqc.html
[2020-02-20 11:21:06,553] multiqc                                            [DEBUG  ]  Ignoring file as matched an ignore pattern: 190594_S38_L001_cutadapt.1_fastqc.html
[2020-02-20 11:21:06,554] multiqc                                            [DEBUG  ]  Ignoring file as matched an ignore pattern: 190593_S37_L001_cutadapt.2_fastqc.html
[2020-02-20 11:21:06,554] multiqc                                            [DEBUG  ]  Ignoring file as matched an ignore pattern: 190594_S38_L001_cutadapt.2_fastqc.html
[2020-02-20 11:21:06,555] multiqc                                            [DEBUG  ]  Ignoring file as matched an ignore pattern: 190596_S40_L001_cutadapt.1_fastqc.html
[2020-02-20 11:21:06,556] multiqc                                            [DEBUG  ]  Ignoring file as matched an ignore pattern: 190596_S40_L001_cutadapt.2_fastqc.html
[2020-02-20 11:21:06,556] multiqc                                            [DEBUG  ]  Ignoring file as matched an ignore pattern: 190595_S39_L001_cutadapt.1_fastqc.html
[2020-02-20 11:21:06,557] multiqc                                            [DEBUG  ]  Ignoring file as matched an ignore pattern: 190599_S43_L001_cutadapt.1_fastqc.html
[2020-02-20 11:21:06,557] multiqc                                            [DEBUG  ]  Ignoring file as matched an ignore pattern: 190595_S39_L001_cutadapt.2_fastqc.html
[2020-02-20 11:21:06,559] multiqc                                            [DEBUG  ]  Ignoring file as matched an ignore pattern: 190598_S42_L001_cutadapt.1_fastqc.html
[2020-02-20 11:21:06,559] multiqc                                            [DEBUG  ]  Ignoring file as matched an ignore pattern: 190599_S43_L001_cutadapt.2_fastqc.html
[2020-02-20 11:21:06,559] multiqc                                            [DEBUG  ]  Ignoring file as matched an ignore pattern: 190600_S44_L001_cutadapt.1_fastqc.html
[2020-02-20 11:21:06,560] multiqc                                            [DEBUG  ]  Ignoring file as matched an ignore pattern: 190601_S45_L001_cutadapt.1_fastqc.html
[2020-02-20 11:21:06,561] multiqc                                            [DEBUG  ]  Ignoring file as matched an ignore pattern: 190597_S41_L001_cutadapt.1_fastqc.html
[2020-02-20 11:21:06,562] multiqc                                            [DEBUG  ]  Ignoring file as matched an ignore pattern: 190601_S45_L001_cutadapt.2_fastqc.html
[2020-02-20 11:21:06,562] multiqc                                            [DEBUG  ]  Ignoring file as matched an ignore pattern: BJAB-50000_S59_L001_cutadapt.1_fastqc.html
[2020-02-20 11:21:06,563] multiqc                                            [DEBUG  ]  Ignoring file as matched an ignore pattern: BJAB-5000-2_S97_L001_cutadapt.1_fastqc.html
[2020-02-20 11:21:06,563] multiqc                                            [DEBUG  ]  Ignoring file as matched an ignore pattern: BJAB-5000-2_S97_L001_cutadapt.2_fastqc.html
[2020-02-20 11:21:06,563] multiqc                                            [DEBUG  ]  Ignoring file as matched an ignore pattern: BJAB-5000_S60_L001_cutadapt.1_fastqc.html
[2020-02-20 11:21:06,564] multiqc                                            [DEBUG  ]  Ignoring file as matched an ignore pattern: 190600_S44_L001_cutadapt.2_fastqc.html
[2020-02-20 11:21:06,565] multiqc                                            [DEBUG  ]  Ignoring file as matched an ignore pattern: BJAB-50_S62_L001_cutadapt.1_fastqc.html
[2020-02-20 11:21:06,566] multiqc                                            [DEBUG  ]  Ignoring file as matched an ignore pattern: 190597_S41_L001_cutadapt.2_fastqc.html
[2020-02-20 11:21:06,567] multiqc                                            [DEBUG  ]  Ignoring file as matched an ignore pattern: HeLa-100000_S51_L001_cutadapt.1_fastqc.html
[2020-02-20 11:21:06,567] multiqc                                            [DEBUG  ]  Ignoring file as matched an ignore pattern: BJAB-50_S62_L001_cutadapt.2_fastqc.html
[2020-02-20 11:21:06,568] multiqc                                            [DEBUG  ]  Ignoring file as matched an ignore pattern: HeLa-10000_S52_L001_cutadapt.1_fastqc.html
[2020-02-20 11:21:06,569] multiqc                                            [DEBUG  ]  Ignoring file as matched an ignore pattern: HeLa-100000_S51_L001_cutadapt.2_fastqc.html
[2020-02-20 11:21:06,569] multiqc                                            [DEBUG  ]  Ignoring file as matched an ignore pattern: BJAB-500_S61_L001_cutadapt.1_fastqc.html
[2020-02-20 11:21:06,570] multiqc                                            [DEBUG  ]  Ignoring file as matched an ignore pattern: HeLa-10000_S52_L001_cutadapt.2_fastqc.html
[2020-02-20 11:21:06,570] multiqc                                            [DEBUG  ]  Ignoring file as matched an ignore pattern: BJAB-5000_S60_L001_cutadapt.2_fastqc.html
[2020-02-20 11:21:06,570] multiqc                                            [DEBUG  ]  Ignoring file as matched an ignore pattern: HeLa-1000_S53_L001_cutadapt.1_fastqc.html
[2020-02-20 11:21:06,571] multiqc                                            [DEBUG  ]  Ignoring file as matched an ignore pattern: HeLa-1000_S53_L001_cutadapt.2_fastqc.html
[2020-02-20 11:21:06,572] multiqc                                            [DEBUG  ]  Ignoring file as matched an ignore pattern: HeLa-100_S54_L001_cutadapt.1_fastqc.html
[2020-02-20 11:21:06,572] multiqc                                            [DEBUG  ]  Ignoring file as matched an ignore pattern: 190598_S42_L001_cutadapt.2_fastqc.html
[2020-02-20 11:21:06,572] multiqc                                            [DEBUG  ]  Ignoring file as matched an ignore pattern: BJAB-50000_S59_L001_cutadapt.2_fastqc.html
[2020-02-20 11:21:06,572] multiqc                                            [DEBUG  ]  Ignoring file as matched an ignore pattern: LKP31-100000_S55_L001_cutadapt.1_fastqc.html
[2020-02-20 11:21:06,572] multiqc                                            [DEBUG  ]  Ignoring file as matched an ignore pattern: LKP31-100000_S55_L001_cutadapt.2_fastqc.html
[2020-02-20 11:21:06,573] multiqc                                            [DEBUG  ]  Ignoring file as matched an ignore pattern: HeLa-100_S54_L001_cutadapt.2_fastqc.html
[2020-02-20 11:21:06,574] multiqc                                            [DEBUG  ]  Ignoring file as matched an ignore pattern: LKP31-100_S58_L001_cutadapt.1_fastqc.html
[2020-02-20 11:21:06,574] multiqc                                            [DEBUG  ]  Ignoring file as matched an ignore pattern: SiHa-100000-2_S92_L001_cutadapt.1_fastqc.html
[2020-02-20 11:21:06,574] multiqc                                            [DEBUG  ]  Ignoring file as matched an ignore pattern: SiHa-100000-2_S92_L001_cutadapt.2_fastqc.html
[2020-02-20 11:21:06,576] multiqc                                            [DEBUG  ]  Ignoring file as matched an ignore pattern: SiHa-10000_S47_L001_cutadapt.1_fastqc.html
[2020-02-20 11:21:06,576] multiqc                                            [DEBUG  ]  Ignoring file as matched an ignore pattern: SiHa-10000_S47_L001_cutadapt.2_fastqc.html
[2020-02-20 11:21:06,577] multiqc                                            [DEBUG  ]  Ignoring file as matched an ignore pattern: SiHa-1000-2_S94_L001_cutadapt.1_fastqc.html
[2020-02-20 11:21:06,579] multiqc                                            [DEBUG  ]  Ignoring file as matched an ignore pattern: SiHa-100-2_S95_L001_cutadapt.1_fastqc.html
[2020-02-20 11:21:06,579] multiqc                                            [DEBUG  ]  Ignoring file as matched an ignore pattern: SiHa-100-2_S95_L001_cutadapt.2_fastqc.html
[2020-02-20 11:21:06,580] multiqc                                            [DEBUG  ]  Ignoring file as matched an ignore pattern: LKP31-100_S58_L001_cutadapt.2_fastqc.html
[2020-02-20 11:21:06,580] multiqc                                            [DEBUG  ]  Ignoring file as matched an ignore pattern: SiHa-100_S49_L001_cutadapt.1_fastqc.html
[2020-02-20 11:21:06,580] multiqc                                            [DEBUG  ]  Ignoring file as matched an ignore pattern: LKP31-1000_S57_L001_cutadapt.1_fastqc.html
[2020-02-20 11:21:06,581] multiqc                                            [DEBUG  ]  Ignoring file as matched an ignore pattern: LKP31-1000_S57_L001_cutadapt.2_fastqc.html
[2020-02-20 11:21:06,581] multiqc                                            [DEBUG  ]  Ignoring file as matched an ignore pattern: SiHa-1000-2_S94_L001_cutadapt.2_fastqc.html
[2020-02-20 11:21:06,582] multiqc                                            [DEBUG  ]  Ignoring file as matched an ignore pattern: SiHa-100_S49_L001_cutadapt.2_fastqc.html
[2020-02-20 11:21:06,583] multiqc                                            [DEBUG  ]  Ignoring file as matched an ignore pattern: SiHa-100000_S46_L001_cutadapt.1_fastqc.html
[2020-02-20 11:21:06,583] multiqc                                            [DEBUG  ]  Ignoring file as matched an ignore pattern: SiHa-10-2_S96_L001_cutadapt.1_fastqc.html
[2020-02-20 11:21:06,584] multiqc                                            [DEBUG  ]  Ignoring file as matched an ignore pattern: SiHa-100000_S46_L001_cutadapt.2_fastqc.html
[2020-02-20 11:21:06,584] multiqc                                            [DEBUG  ]  Ignoring file as matched an ignore pattern: SiHa-10_S50_L001_cutadapt.1_fastqc.html
[2020-02-20 11:21:06,586] multiqc                                            [DEBUG  ]  Ignoring file as matched an ignore pattern: SiHa-10000-2_S93_L001_cutadapt.1_fastqc.html
[2020-02-20 11:21:06,586] multiqc                                            [DEBUG  ]  Ignoring file as matched an ignore pattern: LKP31-10000_S56_L001_cutadapt.1_fastqc.html
[2020-02-20 11:21:06,587] multiqc                                            [DEBUG  ]  Ignoring file as matched an ignore pattern: SiHa-1000_S48_L001_cutadapt.1_fastqc.html
[2020-02-20 11:21:06,587] multiqc                                            [DEBUG  ]  Ignoring file as matched an ignore pattern: LKP31-10000_S56_L001_cutadapt.2_fastqc.html
[2020-02-20 11:21:06,587] multiqc                                            [DEBUG  ]  Ignoring file as matched an ignore pattern: SiHa-10000-2_S93_L001_cutadapt.2_fastqc.html
[2020-02-20 11:21:06,587] multiqc                                            [DEBUG  ]  Ignoring file as matched an ignore pattern: SiHa-10-2_S96_L001_cutadapt.2_fastqc.html
[2020-02-20 11:21:06,588] multiqc                                            [DEBUG  ]  Ignoring file as matched an ignore pattern: BJAB-500_S61_L001_cutadapt.2_fastqc.html
[2020-02-20 11:21:06,588] multiqc                                            [DEBUG  ]  Ignoring file as matched an ignore pattern: SiHa-1000_S48_L001_cutadapt.2_fastqc.html
[2020-02-20 11:21:06,588] multiqc                                            [DEBUG  ]  Ignoring file as matched an ignore pattern: SiHa-10_S50_L001_cutadapt.2_fastqc.html
[2020-02-20 11:21:07,139] multiqc                                            [DEBUG  ]  No samples found: custom_content
[2020-02-20 11:21:07,146] multiqc                                            [DEBUG  ]  No samples found: conpair
[2020-02-20 11:21:07,152] multiqc                                            [DEBUG  ]  No samples found: peddy
[2020-02-20 11:21:07,158] multiqc                                            [DEBUG  ]  No samples found: methylQA
[2020-02-20 11:21:07,164] multiqc                                            [DEBUG  ]  No samples found: phantompeakqualtools
[2020-02-20 11:21:07,172] multiqc                                            [DEBUG  ]  No samples found: qualimap
[2020-02-20 11:21:07,178] multiqc                                            [DEBUG  ]  No samples found: preseq
[2020-02-20 11:21:07,185] multiqc                                            [DEBUG  ]  No samples found: quast
[2020-02-20 11:21:07,190] multiqc                                            [DEBUG  ]  No samples found: qorts
[2020-02-20 11:21:07,195] multiqc                                            [DEBUG  ]  No samples found: rna_seqc
[2020-02-20 11:21:07,201] multiqc                                            [DEBUG  ]  No samples found: rsem
[2020-02-20 11:21:07,218] multiqc                                            [DEBUG  ]  No samples found: rseqc
[2020-02-20 11:21:07,224] multiqc                                            [DEBUG  ]  No samples found: busco
[2020-02-20 11:21:07,230] multiqc                                            [DEBUG  ]  No samples found: goleft_indexcov
[2020-02-20 11:21:07,236] multiqc                                            [DEBUG  ]  No samples found: disambiguate
[2020-02-20 11:21:07,242] multiqc                                            [DEBUG  ]  No samples found: supernova
[2020-02-20 11:21:07,259] multiqc                                            [DEBUG  ]  No samples found: deeptools
[2020-02-20 11:21:07,265] multiqc                                            [DEBUG  ]  No samples found: sargasso
[2020-02-20 11:21:07,272] multiqc                                            [DEBUG  ]  No samples found: verifybamid
[2020-02-20 11:21:07,277] multiqc                                            [DEBUG  ]  No samples found: mirtrace
[2020-02-20 11:21:07,282] multiqc                                            [DEBUG  ]  No samples found: happy
[2020-02-20 11:21:07,289] multiqc                                            [DEBUG  ]  No samples found: homer
[2020-02-20 11:21:07,296] multiqc                                            [DEBUG  ]  No samples found: macs2
[2020-02-20 11:21:07,302] multiqc                                            [DEBUG  ]  No samples found: theta2
[2020-02-20 11:21:07,308] multiqc                                            [DEBUG  ]  No samples found: snpeff
[2020-02-20 11:21:07,316] multiqc                                            [DEBUG  ]  No samples found: gatk
[2020-02-20 11:21:07,322] multiqc                                            [DEBUG  ]  No samples found: htseq
[2020-02-20 11:21:07,328] multiqc                                            [DEBUG  ]  No samples found: bcftools
[2020-02-20 11:21:07,334] multiqc                                            [DEBUG  ]  No samples found: featureCounts
[2020-02-20 11:21:07,339] multiqc                                            [DEBUG  ]  No samples found: dedup
[2020-02-20 11:21:07,346] multiqc                                            [DEBUG  ]  No samples found: damageprofiler
[2020-02-20 11:21:07,366] multiqc                                            [DEBUG  ]  No samples found: picard
[2020-02-20 11:21:07,372] multiqc                                            [DEBUG  ]  No samples found: prokka
[2020-02-20 11:21:07,378] multiqc                                            [DEBUG  ]  No samples found: samblaster
[2020-02-20 11:21:07,387] multiqc                                            [DEBUG  ]  No samples found: samtools
[2020-02-20 11:21:07,394] multiqc                                            [DEBUG  ]  No samples found: bamtools
[2020-02-20 11:21:07,400] multiqc                                            [DEBUG  ]  No samples found: jellyfish
[2020-02-20 11:21:07,411] multiqc                                            [DEBUG  ]  No samples found: vcftools
[2020-02-20 11:21:07,418] multiqc                                            [DEBUG  ]  No samples found: longranger
[2020-02-20 11:21:07,424] multiqc                                            [DEBUG  ]  No samples found: stacks
[2020-02-20 11:21:07,445] multiqc                                            [DEBUG  ]  No samples found: bbmap
[2020-02-20 11:21:07,452] multiqc                                            [DEBUG  ]  No samples found: bismark
[2020-02-20 11:21:07,459] multiqc                                            [DEBUG  ]  No samples found: biscuit
[2020-02-20 11:21:07,465] multiqc                                            [DEBUG  ]  No samples found: hicexplorer
[2020-02-20 11:21:07,472] multiqc                                            [DEBUG  ]  No samples found: hicup
[2020-02-20 11:21:07,478] multiqc                                            [DEBUG  ]  No samples found: hicpro
[2020-02-20 11:21:07,485] multiqc                                            [DEBUG  ]  No samples found: salmon
[2020-02-20 11:21:07,491] multiqc                                            [DEBUG  ]  No samples found: kallisto
[2020-02-20 11:21:07,497] multiqc                                            [DEBUG  ]  No samples found: slamdunk
[2020-02-20 11:21:07,504] multiqc                                            [DEBUG  ]  No samples found: star
[2020-02-20 11:21:07,510] multiqc                                            [DEBUG  ]  No samples found: hisat2
[2020-02-20 11:21:07,516] multiqc                                            [DEBUG  ]  No samples found: tophat
[2020-02-20 11:21:07,522] multiqc                                            [DEBUG  ]  No samples found: bowtie2
[2020-02-20 11:21:07,527] multiqc                                            [DEBUG  ]  No samples found: bowtie1
[2020-02-20 11:21:07,533] multiqc                                            [DEBUG  ]  No samples found: kat
[2020-02-20 11:21:07,539] multiqc                                            [DEBUG  ]  No samples found: leehom
[2020-02-20 11:21:07,545] multiqc                                            [DEBUG  ]  No samples found: adapterRemoval
[2020-02-20 11:21:07,550] multiqc                                            [DEBUG  ]  No samples found: clipandmerge
[2020-02-20 11:21:07,556] multiqc                                            [DEBUG  ]  No samples found: cutadapt
[2020-02-20 11:21:07,562] multiqc                                            [DEBUG  ]  No samples found: flexbar
[2020-02-20 11:21:07,567] multiqc                                            [DEBUG  ]  No samples found: trimmomatic
[2020-02-20 11:21:07,573] multiqc                                            [DEBUG  ]  No samples found: skewer
[2020-02-20 11:21:07,578] multiqc                                            [DEBUG  ]  No samples found: sortmerna
[2020-02-20 11:21:07,584] multiqc                                            [DEBUG  ]  No samples found: biobloomtools
[2020-02-20 11:21:07,591] multiqc                                            [DEBUG  ]  No samples found: fastq_screen
[2020-02-20 11:21:07,596] multiqc                                            [DEBUG  ]  No samples found: afterqc
[2020-02-20 11:21:07,601] multiqc                                            [DEBUG  ]  No samples found: fastp
[2020-02-20 11:21:09,928] multiqc.modules.fastqc.fastqc                      [INFO   ]  Found 192 reports
[2020-02-20 11:21:31,511] multiqc                                            [DEBUG  ]  No samples found: minionqc
[2020-02-20 11:21:31,518] multiqc                                            [DEBUG  ]  No samples found: clusterflow
[2020-02-20 11:21:31,525] multiqc                                            [DEBUG  ]  No samples found: bcl2fastq
[2020-02-20 11:21:31,531] multiqc                                            [DEBUG  ]  No samples found: interop
[2020-02-20 11:21:31,537] multiqc                                            [DEBUG  ]  No samples found: flash
[2020-02-20 11:21:31,847] multiqc                                            [INFO   ]  Compressing plot data
[2020-02-20 11:21:31,872] multiqc                                            [INFO   ]  Report      : multiqc_report.html
[2020-02-20 11:21:31,872] multiqc                                            [INFO   ]  Data        : multiqc_data
[2020-02-20 11:21:31,874] multiqc                                            [DEBUG  ]  Moving data file from '/tmp/tmp8m7nhfxz/multiqc_data/multiqc_fastqc.txt' to '/data/projects/mdc-971/data_from_Jan_2020/analysis/35.trimmed_QC/multiqc_data'
[2020-02-20 11:21:31,878] multiqc                                            [DEBUG  ]  Moving data file from '/tmp/tmp8m7nhfxz/multiqc_data/mqc_fastqc_sequence_counts_plot_1.txt' to '/data/projects/mdc-971/data_from_Jan_2020/analysis/35.trimmed_QC/multiqc_data'
[2020-02-20 11:21:31,880] multiqc                                            [DEBUG  ]  Moving data file from '/tmp/tmp8m7nhfxz/multiqc_data/mqc_fastqc_per_base_sequence_quality_plot_1.txt' to '/data/projects/mdc-971/data_from_Jan_2020/analysis/35.trimmed_QC/multiqc_data'
[2020-02-20 11:21:31,884] multiqc                                            [DEBUG  ]  Moving data file from '/tmp/tmp8m7nhfxz/multiqc_data/mqc_fastqc_per_sequence_quality_scores_plot_1.txt' to '/data/projects/mdc-971/data_from_Jan_2020/analysis/35.trimmed_QC/multiqc_data'
[2020-02-20 11:21:31,886] multiqc                                            [DEBUG  ]  Moving data file from '/tmp/tmp8m7nhfxz/multiqc_data/mqc_fastqc_per_sequence_gc_content_plot_Percentages.txt' to '/data/projects/mdc-971/data_from_Jan_2020/analysis/35.trimmed_QC/multiqc_data'
[2020-02-20 11:21:31,890] multiqc                                            [DEBUG  ]  Moving data file from '/tmp/tmp8m7nhfxz/multiqc_data/mqc_fastqc_per_sequence_gc_content_plot_Counts.txt' to '/data/projects/mdc-971/data_from_Jan_2020/analysis/35.trimmed_QC/multiqc_data'
[2020-02-20 11:21:31,892] multiqc                                            [DEBUG  ]  Moving data file from '/tmp/tmp8m7nhfxz/multiqc_data/mqc_fastqc_per_base_n_content_plot_1.txt' to '/data/projects/mdc-971/data_from_Jan_2020/analysis/35.trimmed_QC/multiqc_data'
[2020-02-20 11:21:31,894] multiqc                                            [DEBUG  ]  Moving data file from '/tmp/tmp8m7nhfxz/multiqc_data/mqc_fastqc_sequence_length_distribution_plot_1.txt' to '/data/projects/mdc-971/data_from_Jan_2020/analysis/35.trimmed_QC/multiqc_data'
[2020-02-20 11:21:31,897] multiqc                                            [DEBUG  ]  Moving data file from '/tmp/tmp8m7nhfxz/multiqc_data/mqc_fastqc_sequence_duplication_levels_plot_1.txt' to '/data/projects/mdc-971/data_from_Jan_2020/analysis/35.trimmed_QC/multiqc_data'
[2020-02-20 11:21:31,901] multiqc                                            [DEBUG  ]  Moving data file from '/tmp/tmp8m7nhfxz/multiqc_data/mqc_fastqc_overrepresented_sequencesi_plot_1.txt' to '/data/projects/mdc-971/data_from_Jan_2020/analysis/35.trimmed_QC/multiqc_data'
[2020-02-20 11:21:31,904] multiqc                                            [DEBUG  ]  Moving data file from '/tmp/tmp8m7nhfxz/multiqc_data/multiqc_general_stats.txt' to '/data/projects/mdc-971/data_from_Jan_2020/analysis/35.trimmed_QC/multiqc_data'
[2020-02-20 11:21:31,906] multiqc                                            [DEBUG  ]  Moving data file from '/tmp/tmp8m7nhfxz/multiqc_data/multiqc_sources.txt' to '/data/projects/mdc-971/data_from_Jan_2020/analysis/35.trimmed_QC/multiqc_data'
[2020-02-20 11:21:31,908] multiqc                                            [DEBUG  ]  Moving data file from '/tmp/tmp8m7nhfxz/multiqc_data/multiqc_data.json' to '/data/projects/mdc-971/data_from_Jan_2020/analysis/35.trimmed_QC/multiqc_data'
[2020-02-20 11:21:32,110] multiqc                                            [INFO   ]  MultiQC complete
