[2019-07-19 09:09:24,316] multiqc                                            [DEBUG  ]  No MultiQC config found: /data/home/kchoudha/miniconda3/envs/kc_env/lib/python3.5/site-packages/multiqc_config.yaml
[2019-07-19 09:09:24,316] multiqc                                            [DEBUG  ]  No MultiQC config found: /data/home/kchoudha/.multiqc_config.yaml
[2019-07-19 09:09:24,317] multiqc                                            [DEBUG  ]  No MultiQC config found: multiqc_config.yaml
[2019-07-19 09:09:24,317] multiqc                                            [DEBUG  ]  Command used: /data/home/kchoudha/miniconda3/envs/kc_env/bin/multiqc .
[2019-07-19 09:09:25,660] multiqc                                            [DEBUG  ]  Latest MultiQC version is v1.7
[2019-07-19 09:09:25,660] multiqc                                            [INFO   ]  This is MultiQC v1.7
[2019-07-19 09:09:25,660] multiqc                                            [DEBUG  ]  Command     : /data/home/kchoudha/miniconda3/envs/kc_env/bin/multiqc .
[2019-07-19 09:09:25,661] multiqc                                            [DEBUG  ]  Working dir : /data/projects/mdc-971/data_from_June_2019/50.aligned_to_L1_HBB
[2019-07-19 09:09:25,661] multiqc                                            [INFO   ]  Template    : default
[2019-07-19 09:09:25,661] multiqc                                            [INFO   ]  Searching '.'
[2019-07-19 09:09:25,661] multiqc                                            [DEBUG  ]  Analysing modules: custom_content, conpair, peddy, methylQA, phantompeakqualtools, qualimap, preseq, quast, qorts, rna_seqc, rsem, rseqc, busco, goleft_indexcov, disambiguate, supernova, deeptools, sargasso, verifybamid, mirtrace, happy, homer, macs2, theta2, snpeff, gatk, htseq, bcftools, featureCounts, dedup, damageprofiler, picard, prokka, samblaster, samtools, bamtools, jellyfish, vcftools, longranger, stacks, bbmap, bismark, biscuit, hicexplorer, hicup, hicpro, salmon, kallisto, slamdunk, star, hisat2, tophat, bowtie2, bowtie1, kat, leehom, adapterRemoval, clipandmerge, cutadapt, flexbar, trimmomatic, skewer, sortmerna, biobloomtools, fastq_screen, afterqc, fastp, fastqc, minionqc, clusterflow, bcl2fastq, interop, flash
[2019-07-19 09:09:25,661] multiqc                                            [DEBUG  ]  Using temporary directory for creating report: /tmp/tmpe6vvml0r
[2019-07-19 09:09:26,069] multiqc                                            [DEBUG  ]  Ignoring file as matched an ignore pattern: Aligned.out.sam
[2019-07-19 09:09:26,102] multiqc                                            [DEBUG  ]  Ignoring file as matched an ignore pattern: Chimeric.out.sam
[2019-07-19 09:09:26,120] multiqc                                            [DEBUG  ]  Ignoring file as matched an ignore pattern: Aligned.out.sorted.bam
[2019-07-19 09:09:26,224] multiqc                                            [DEBUG  ]  Ignoring file as matched an ignore pattern: Aligned.out.sam
[2019-07-19 09:09:28,917] multiqc                                            [DEBUG  ]  Ignoring file as matched an ignore pattern: Chimeric.out.sam
[2019-07-19 09:09:28,937] multiqc                                            [DEBUG  ]  Ignoring file as matched an ignore pattern: Aligned.out.sorted.bam
[2019-07-19 09:09:29,089] multiqc                                            [DEBUG  ]  Ignoring file as matched an ignore pattern: Aligned.out.sam
[2019-07-19 09:09:30,010] multiqc                                            [DEBUG  ]  Ignoring file as matched an ignore pattern: Chimeric.out.sam
[2019-07-19 09:09:30,030] multiqc                                            [DEBUG  ]  Ignoring file as matched an ignore pattern: Aligned.out.sorted.bam
[2019-07-19 09:09:30,162] multiqc                                            [DEBUG  ]  Ignoring file as matched an ignore pattern: Aligned.out.sam
[2019-07-19 09:09:30,199] multiqc                                            [DEBUG  ]  Ignoring file as matched an ignore pattern: Chimeric.out.sam
[2019-07-19 09:09:30,219] multiqc                                            [DEBUG  ]  Ignoring file as matched an ignore pattern: Aligned.out.sorted.bam
[2019-07-19 09:09:30,324] multiqc                                            [DEBUG  ]  Ignoring file as matched an ignore pattern: Aligned.out.sam
[2019-07-19 09:09:30,707] multiqc                                            [DEBUG  ]  Ignoring file as matched an ignore pattern: Chimeric.out.sam
[2019-07-19 09:09:30,726] multiqc                                            [DEBUG  ]  Ignoring file as matched an ignore pattern: Aligned.out.sorted.bam
[2019-07-19 09:09:30,893] multiqc                                            [DEBUG  ]  Ignoring file as matched an ignore pattern: Aligned.out.sam
[2019-07-19 09:09:30,919] multiqc                                            [DEBUG  ]  Ignoring file as matched an ignore pattern: Chimeric.out.sam
[2019-07-19 09:09:30,938] multiqc                                            [DEBUG  ]  Ignoring file as matched an ignore pattern: Aligned.out.sorted.bam
[2019-07-19 09:09:31,046] multiqc                                            [DEBUG  ]  Ignoring file as matched an ignore pattern: Aligned.out.sam
[2019-07-19 09:09:32,194] multiqc                                            [DEBUG  ]  Ignoring file as matched an ignore pattern: Chimeric.out.sam
[2019-07-19 09:09:32,214] multiqc                                            [DEBUG  ]  Ignoring file as matched an ignore pattern: Aligned.out.sorted.bam
[2019-07-19 09:09:32,367] multiqc                                            [DEBUG  ]  Ignoring file as matched an ignore pattern: Aligned.out.sam
[2019-07-19 09:09:32,392] multiqc                                            [DEBUG  ]  Ignoring file as matched an ignore pattern: Chimeric.out.sam
[2019-07-19 09:09:32,411] multiqc                                            [DEBUG  ]  Ignoring file as matched an ignore pattern: Aligned.out.sorted.bam
[2019-07-19 09:09:32,505] multiqc                                            [DEBUG  ]  Ignoring file as matched an ignore pattern: Aligned.out.sam
[2019-07-19 09:09:36,465] multiqc                                            [DEBUG  ]  Ignoring file as matched an ignore pattern: Chimeric.out.sam
[2019-07-19 09:09:36,486] multiqc                                            [DEBUG  ]  Ignoring file as matched an ignore pattern: Aligned.out.sorted.bam
[2019-07-19 09:09:36,636] multiqc                                            [DEBUG  ]  Ignoring file as matched an ignore pattern: Aligned.out.sam
[2019-07-19 09:09:37,644] multiqc                                            [DEBUG  ]  Ignoring file as matched an ignore pattern: Chimeric.out.sam
[2019-07-19 09:09:37,663] multiqc                                            [DEBUG  ]  Ignoring file as matched an ignore pattern: Aligned.out.sorted.bam
[2019-07-19 09:09:37,814] multiqc                                            [DEBUG  ]  Ignoring file as matched an ignore pattern: Aligned.out.sam
[2019-07-19 09:09:38,593] multiqc                                            [DEBUG  ]  Ignoring file as matched an ignore pattern: Chimeric.out.sam
[2019-07-19 09:09:38,615] multiqc                                            [DEBUG  ]  Ignoring file as matched an ignore pattern: Aligned.out.sorted.bam
[2019-07-19 09:09:38,809] multiqc                                            [DEBUG  ]  Ignoring file as matched an ignore pattern: Aligned.out.sam
[2019-07-19 09:09:38,828] multiqc                                            [DEBUG  ]  Ignoring file as matched an ignore pattern: Chimeric.out.sam
[2019-07-19 09:09:38,847] multiqc                                            [DEBUG  ]  Ignoring file as matched an ignore pattern: Aligned.out.sorted.bam
[2019-07-19 09:09:38,940] multiqc                                            [DEBUG  ]  Ignoring file as matched an ignore pattern: Aligned.out.sam
[2019-07-19 09:09:38,965] multiqc                                            [DEBUG  ]  Ignoring file as matched an ignore pattern: Chimeric.out.sam
[2019-07-19 09:09:38,983] multiqc                                            [DEBUG  ]  Ignoring file as matched an ignore pattern: Aligned.out.sorted.bam
[2019-07-19 09:09:39,073] multiqc                                            [DEBUG  ]  Ignoring file as matched an ignore pattern: Aligned.out.sam
[2019-07-19 09:09:39,094] multiqc                                            [DEBUG  ]  Ignoring file as matched an ignore pattern: Chimeric.out.sam
[2019-07-19 09:09:39,113] multiqc                                            [DEBUG  ]  Ignoring file as matched an ignore pattern: Aligned.out.sorted.bam
[2019-07-19 09:09:39,203] multiqc                                            [DEBUG  ]  Ignoring file as matched an ignore pattern: Aligned.out.sam
[2019-07-19 09:09:39,236] multiqc                                            [DEBUG  ]  Ignoring file as matched an ignore pattern: Chimeric.out.sam
[2019-07-19 09:09:39,255] multiqc                                            [DEBUG  ]  Ignoring file as matched an ignore pattern: Aligned.out.sorted.bam
[2019-07-19 09:09:39,359] multiqc                                            [DEBUG  ]  Ignoring file as matched an ignore pattern: Aligned.out.sam
[2019-07-19 09:09:39,378] multiqc                                            [DEBUG  ]  Ignoring file as matched an ignore pattern: Chimeric.out.sam
[2019-07-19 09:09:39,396] multiqc                                            [DEBUG  ]  Ignoring file as matched an ignore pattern: Aligned.out.sorted.bam
[2019-07-19 09:09:39,486] multiqc                                            [DEBUG  ]  Ignoring file as matched an ignore pattern: Aligned.out.sam
[2019-07-19 09:09:39,524] multiqc                                            [DEBUG  ]  Ignoring file as matched an ignore pattern: Chimeric.out.sam
[2019-07-19 09:09:39,542] multiqc                                            [DEBUG  ]  Ignoring file as matched an ignore pattern: Aligned.out.sorted.bam
[2019-07-19 09:09:39,649] multiqc                                            [DEBUG  ]  Ignoring file as matched an ignore pattern: Aligned.out.sam
[2019-07-19 09:09:39,673] multiqc                                            [DEBUG  ]  Ignoring file as matched an ignore pattern: Chimeric.out.sam
[2019-07-19 09:09:39,691] multiqc                                            [DEBUG  ]  Ignoring file as matched an ignore pattern: Aligned.out.sorted.bam
[2019-07-19 09:09:39,793] multiqc                                            [DEBUG  ]  Ignoring file as matched an ignore pattern: Aligned.out.sam
[2019-07-19 09:09:39,815] multiqc                                            [DEBUG  ]  Ignoring file as matched an ignore pattern: Chimeric.out.sam
[2019-07-19 09:09:39,834] multiqc                                            [DEBUG  ]  Ignoring file as matched an ignore pattern: Aligned.out.sorted.bam
[2019-07-19 09:09:39,923] multiqc                                            [DEBUG  ]  Ignoring file as matched an ignore pattern: Aligned.out.sam
[2019-07-19 09:09:40,218] multiqc                                            [DEBUG  ]  Ignoring file as matched an ignore pattern: Chimeric.out.sam
[2019-07-19 09:09:40,238] multiqc                                            [DEBUG  ]  Ignoring file as matched an ignore pattern: Aligned.out.sorted.bam
[2019-07-19 09:09:40,401] multiqc                                            [DEBUG  ]  Ignoring file as matched an ignore pattern: Aligned.out.sam
[2019-07-19 09:09:40,422] multiqc                                            [DEBUG  ]  Ignoring file as matched an ignore pattern: Chimeric.out.sam
[2019-07-19 09:09:40,441] multiqc                                            [DEBUG  ]  Ignoring file as matched an ignore pattern: Aligned.out.sorted.bam
[2019-07-19 09:09:40,538] multiqc                                            [DEBUG  ]  Ignoring file as matched an ignore pattern: Aligned.out.sam
[2019-07-19 09:09:42,863] multiqc                                            [DEBUG  ]  Ignoring file as matched an ignore pattern: Chimeric.out.sam
[2019-07-19 09:09:42,883] multiqc                                            [DEBUG  ]  Ignoring file as matched an ignore pattern: Aligned.out.sorted.bam
[2019-07-19 09:09:42,987] multiqc                                            [DEBUG  ]  Ignoring file as matched an ignore pattern: Aligned.out.sam
[2019-07-19 09:09:43,006] multiqc                                            [DEBUG  ]  Ignoring file as matched an ignore pattern: Chimeric.out.sam
[2019-07-19 09:09:43,026] multiqc                                            [DEBUG  ]  Ignoring file as matched an ignore pattern: Aligned.out.sorted.bam
[2019-07-19 09:09:43,120] multiqc                                            [DEBUG  ]  Ignoring file as matched an ignore pattern: Aligned.out.sam
[2019-07-19 09:09:43,138] multiqc                                            [DEBUG  ]  Ignoring file as matched an ignore pattern: Chimeric.out.sam
[2019-07-19 09:09:43,157] multiqc                                            [DEBUG  ]  Ignoring file as matched an ignore pattern: Aligned.out.sorted.bam
[2019-07-19 09:09:43,246] multiqc                                            [DEBUG  ]  Ignoring file as matched an ignore pattern: Aligned.out.sam
[2019-07-19 09:09:43,320] multiqc                                            [DEBUG  ]  Ignoring file as matched an ignore pattern: Chimeric.out.sam
[2019-07-19 09:09:43,339] multiqc                                            [DEBUG  ]  Ignoring file as matched an ignore pattern: Aligned.out.sorted.bam
[2019-07-19 09:09:43,455] multiqc                                            [DEBUG  ]  Ignoring file as matched an ignore pattern: Aligned.out.sam
[2019-07-19 09:09:45,748] multiqc                                            [DEBUG  ]  Ignoring file as matched an ignore pattern: Chimeric.out.sam
[2019-07-19 09:09:45,768] multiqc                                            [DEBUG  ]  Ignoring file as matched an ignore pattern: Aligned.out.sorted.bam
[2019-07-19 09:09:45,946] multiqc                                            [DEBUG  ]  Ignoring file as matched an ignore pattern: Aligned.out.sam
[2019-07-19 09:09:45,967] multiqc                                            [DEBUG  ]  Ignoring file as matched an ignore pattern: Chimeric.out.sam
[2019-07-19 09:09:45,986] multiqc                                            [DEBUG  ]  Ignoring file as matched an ignore pattern: Aligned.out.sorted.bam
[2019-07-19 09:09:46,078] multiqc                                            [DEBUG  ]  Ignoring file as matched an ignore pattern: Aligned.out.sam
[2019-07-19 09:09:46,131] multiqc                                            [DEBUG  ]  Ignoring file as matched an ignore pattern: Chimeric.out.sam
[2019-07-19 09:09:46,152] multiqc                                            [DEBUG  ]  Ignoring file as matched an ignore pattern: Aligned.out.sorted.bam
[2019-07-19 09:09:46,269] multiqc                                            [DEBUG  ]  Ignoring file as matched an ignore pattern: Aligned.out.sam
[2019-07-19 09:09:46,305] multiqc                                            [DEBUG  ]  Ignoring file as matched an ignore pattern: Chimeric.out.sam
[2019-07-19 09:09:46,324] multiqc                                            [DEBUG  ]  Ignoring file as matched an ignore pattern: Aligned.out.sorted.bam
[2019-07-19 09:09:46,429] multiqc                                            [DEBUG  ]  Ignoring file as matched an ignore pattern: Aligned.out.sam
[2019-07-19 09:09:49,213] multiqc                                            [DEBUG  ]  Ignoring file as matched an ignore pattern: Chimeric.out.sam
[2019-07-19 09:09:49,233] multiqc                                            [DEBUG  ]  Ignoring file as matched an ignore pattern: Aligned.out.sorted.bam
[2019-07-19 09:09:49,438] multiqc                                            [DEBUG  ]  Ignoring file as matched an ignore pattern: Aligned.out.sam
[2019-07-19 09:09:49,459] multiqc                                            [DEBUG  ]  Ignoring file as matched an ignore pattern: Chimeric.out.sam
[2019-07-19 09:09:49,478] multiqc                                            [DEBUG  ]  Ignoring file as matched an ignore pattern: Aligned.out.sorted.bam
[2019-07-19 09:09:49,565] multiqc                                            [DEBUG  ]  Ignoring file as matched an ignore pattern: Aligned.out.sam
[2019-07-19 09:09:49,601] multiqc                                            [DEBUG  ]  Ignoring file as matched an ignore pattern: Chimeric.out.sam
[2019-07-19 09:09:49,619] multiqc                                            [DEBUG  ]  Ignoring file as matched an ignore pattern: Aligned.out.sorted.bam
[2019-07-19 09:09:49,721] multiqc                                            [DEBUG  ]  Ignoring file as matched an ignore pattern: Aligned.out.sam
[2019-07-19 09:09:53,511] multiqc                                            [DEBUG  ]  Ignoring file as matched an ignore pattern: Chimeric.out.sam
[2019-07-19 09:09:53,532] multiqc                                            [DEBUG  ]  Ignoring file as matched an ignore pattern: Aligned.out.sorted.bam
[2019-07-19 09:09:53,713] multiqc                                            [DEBUG  ]  Ignoring file as matched an ignore pattern: Aligned.out.sam
[2019-07-19 09:09:54,020] multiqc                                            [DEBUG  ]  Ignoring file as matched an ignore pattern: Chimeric.out.sam
[2019-07-19 09:09:54,040] multiqc                                            [DEBUG  ]  Ignoring file as matched an ignore pattern: Aligned.out.sorted.bam
[2019-07-19 09:09:54,188] multiqc                                            [DEBUG  ]  Ignoring file as matched an ignore pattern: Aligned.out.sam
[2019-07-19 09:09:54,264] multiqc                                            [DEBUG  ]  Ignoring file as matched an ignore pattern: Chimeric.out.sam
[2019-07-19 09:09:54,283] multiqc                                            [DEBUG  ]  Ignoring file as matched an ignore pattern: Aligned.out.sorted.bam
[2019-07-19 09:09:54,383] multiqc                                            [DEBUG  ]  Ignoring file as matched an ignore pattern: Aligned.out.sam
[2019-07-19 09:09:58,468] multiqc                                            [DEBUG  ]  Ignoring file as matched an ignore pattern: Chimeric.out.sam
[2019-07-19 09:09:58,488] multiqc                                            [DEBUG  ]  Ignoring file as matched an ignore pattern: Aligned.out.sorted.bam
[2019-07-19 09:09:58,644] multiqc                                            [DEBUG  ]  Ignoring file as matched an ignore pattern: Aligned.out.sam
[2019-07-19 09:09:58,713] multiqc                                            [DEBUG  ]  Ignoring file as matched an ignore pattern: Chimeric.out.sam
[2019-07-19 09:09:58,733] multiqc                                            [DEBUG  ]  Ignoring file as matched an ignore pattern: Aligned.out.sorted.bam
[2019-07-19 09:09:58,880] multiqc                                            [DEBUG  ]  Ignoring file as matched an ignore pattern: Aligned.out.sam
[2019-07-19 09:09:58,936] multiqc                                            [DEBUG  ]  Ignoring file as matched an ignore pattern: Chimeric.out.sam
[2019-07-19 09:09:58,955] multiqc                                            [DEBUG  ]  Ignoring file as matched an ignore pattern: Aligned.out.sorted.bam
[2019-07-19 09:09:59,063] multiqc                                            [DEBUG  ]  Ignoring file as matched an ignore pattern: Aligned.out.sam
[2019-07-19 09:09:59,527] multiqc                                            [DEBUG  ]  Ignoring file as matched an ignore pattern: Chimeric.out.sam
[2019-07-19 09:09:59,548] multiqc                                            [DEBUG  ]  Ignoring file as matched an ignore pattern: Aligned.out.sorted.bam
[2019-07-19 09:09:59,687] multiqc                                            [DEBUG  ]  Ignoring file as matched an ignore pattern: Aligned.out.sam
[2019-07-19 09:09:59,939] multiqc                                            [DEBUG  ]  Ignoring file as matched an ignore pattern: Chimeric.out.sam
[2019-07-19 09:09:59,958] multiqc                                            [DEBUG  ]  Ignoring file as matched an ignore pattern: Aligned.out.sorted.bam
[2019-07-19 09:10:00,133] multiqc                                            [DEBUG  ]  Ignoring file as matched an ignore pattern: Aligned.out.sam
[2019-07-19 09:10:03,781] multiqc                                            [DEBUG  ]  Ignoring file as matched an ignore pattern: Chimeric.out.sam
[2019-07-19 09:10:03,800] multiqc                                            [DEBUG  ]  Ignoring file as matched an ignore pattern: Aligned.out.sorted.bam
[2019-07-19 09:10:04,020] multiqc                                            [DEBUG  ]  Ignoring file as matched an ignore pattern: Aligned.out.sam
[2019-07-19 09:10:04,119] multiqc                                            [DEBUG  ]  Ignoring file as matched an ignore pattern: Chimeric.out.sam
[2019-07-19 09:10:04,138] multiqc                                            [DEBUG  ]  Ignoring file as matched an ignore pattern: Aligned.out.sorted.bam
[2019-07-19 09:10:04,248] multiqc                                            [DEBUG  ]  Ignoring file as matched an ignore pattern: Aligned.out.sam
[2019-07-19 09:10:04,515] multiqc                                            [DEBUG  ]  Ignoring file as matched an ignore pattern: Chimeric.out.sam
[2019-07-19 09:10:04,533] multiqc                                            [DEBUG  ]  Ignoring file as matched an ignore pattern: Aligned.out.sorted.bam
[2019-07-19 09:10:04,669] multiqc                                            [DEBUG  ]  Ignoring file as matched an ignore pattern: Aligned.out.sam
[2019-07-19 09:10:04,699] multiqc                                            [DEBUG  ]  Ignoring file as matched an ignore pattern: Chimeric.out.sam
[2019-07-19 09:10:04,717] multiqc                                            [DEBUG  ]  Ignoring file as matched an ignore pattern: Aligned.out.sorted.bam
[2019-07-19 09:10:04,819] multiqc                                            [DEBUG  ]  Ignoring file as matched an ignore pattern: Aligned.out.sam
[2019-07-19 09:10:04,838] multiqc                                            [DEBUG  ]  Ignoring file as matched an ignore pattern: Chimeric.out.sam
[2019-07-19 09:10:04,856] multiqc                                            [DEBUG  ]  Ignoring file as matched an ignore pattern: Aligned.out.sorted.bam
[2019-07-19 09:10:04,938] multiqc                                            [DEBUG  ]  Ignoring file as matched an ignore pattern: Aligned.out.sam
[2019-07-19 09:10:04,960] multiqc                                            [DEBUG  ]  Ignoring file as matched an ignore pattern: Chimeric.out.sam
[2019-07-19 09:10:04,979] multiqc                                            [DEBUG  ]  Ignoring file as matched an ignore pattern: Aligned.out.sorted.bam
[2019-07-19 09:10:05,074] multiqc                                            [DEBUG  ]  Ignoring file as matched an ignore pattern: Aligned.out.sam
[2019-07-19 09:10:05,095] multiqc                                            [DEBUG  ]  Ignoring file as matched an ignore pattern: Chimeric.out.sam
[2019-07-19 09:10:05,114] multiqc                                            [DEBUG  ]  Ignoring file as matched an ignore pattern: Aligned.out.sorted.bam
[2019-07-19 09:10:05,198] multiqc                                            [DEBUG  ]  Ignoring file as matched an ignore pattern: Aligned.out.sam
[2019-07-19 09:10:05,243] multiqc                                            [DEBUG  ]  Ignoring file as matched an ignore pattern: Chimeric.out.sam
[2019-07-19 09:10:05,262] multiqc                                            [DEBUG  ]  Ignoring file as matched an ignore pattern: Aligned.out.sorted.bam
[2019-07-19 09:10:05,392] multiqc                                            [DEBUG  ]  Ignoring file as matched an ignore pattern: Aligned.out.sam
[2019-07-19 09:10:08,896] multiqc                                            [DEBUG  ]  Ignoring file as matched an ignore pattern: Chimeric.out.sam
[2019-07-19 09:10:08,915] multiqc                                            [DEBUG  ]  Ignoring file as matched an ignore pattern: Aligned.out.sorted.bam
[2019-07-19 09:10:09,086] multiqc                                            [DEBUG  ]  Ignoring file as matched an ignore pattern: Aligned.out.sam
[2019-07-19 09:10:09,337] multiqc                                            [DEBUG  ]  Ignoring file as matched an ignore pattern: Chimeric.out.sam
[2019-07-19 09:10:09,356] multiqc                                            [DEBUG  ]  Ignoring file as matched an ignore pattern: Aligned.out.sorted.bam
[2019-07-19 09:10:09,493] multiqc                                            [DEBUG  ]  Ignoring file as matched an ignore pattern: Aligned.out.sam
[2019-07-19 09:10:10,006] multiqc                                            [DEBUG  ]  Ignoring file as matched an ignore pattern: Chimeric.out.sam
[2019-07-19 09:10:10,024] multiqc                                            [DEBUG  ]  Ignoring file as matched an ignore pattern: Aligned.out.sorted.bam
[2019-07-19 09:10:10,176] multiqc                                            [DEBUG  ]  Ignoring file as matched an ignore pattern: Aligned.out.sam
[2019-07-19 09:10:10,177] multiqc                                            [DEBUG  ]  Ignoring file as matched an ignore pattern: Chimeric.out.sam
[2019-07-19 09:10:10,196] multiqc                                            [DEBUG  ]  Ignoring file as matched an ignore pattern: Aligned.out.sorted.bam
[2019-07-19 09:10:10,337] multiqc                                            [DEBUG  ]  Ignoring file as matched an ignore pattern: Aligned.out.sam
[2019-07-19 09:10:10,460] multiqc                                            [DEBUG  ]  Ignoring file as matched an ignore pattern: Chimeric.out.sam
[2019-07-19 09:10:10,480] multiqc                                            [DEBUG  ]  Ignoring file as matched an ignore pattern: Aligned.out.sorted.bam
[2019-07-19 09:10:10,611] multiqc                                            [DEBUG  ]  Ignoring file as matched an ignore pattern: Aligned.out.sam
[2019-07-19 09:10:11,055] multiqc                                            [DEBUG  ]  Ignoring file as matched an ignore pattern: Chimeric.out.sam
[2019-07-19 09:10:11,075] multiqc                                            [DEBUG  ]  Ignoring file as matched an ignore pattern: Aligned.out.sorted.bam
[2019-07-19 09:10:11,199] multiqc                                            [DEBUG  ]  Ignoring file as matched an ignore pattern: Aligned.out.sam
[2019-07-19 09:10:11,220] multiqc                                            [DEBUG  ]  Ignoring file as matched an ignore pattern: Chimeric.out.sam
[2019-07-19 09:10:11,240] multiqc                                            [DEBUG  ]  Ignoring file as matched an ignore pattern: Aligned.out.sorted.bam
[2019-07-19 09:10:11,338] multiqc                                            [DEBUG  ]  Ignoring file as matched an ignore pattern: Aligned.out.sam
[2019-07-19 09:10:14,954] multiqc                                            [DEBUG  ]  Ignoring file as matched an ignore pattern: Chimeric.out.sam
[2019-07-19 09:10:14,974] multiqc                                            [DEBUG  ]  Ignoring file as matched an ignore pattern: Aligned.out.sorted.bam
[2019-07-19 09:10:15,136] multiqc                                            [DEBUG  ]  Ignoring file as matched an ignore pattern: Aligned.out.sam
[2019-07-19 09:10:15,163] multiqc                                            [DEBUG  ]  Ignoring file as matched an ignore pattern: Chimeric.out.sam
[2019-07-19 09:10:15,183] multiqc                                            [DEBUG  ]  Ignoring file as matched an ignore pattern: Aligned.out.sorted.bam
[2019-07-19 09:10:15,282] multiqc                                            [DEBUG  ]  Ignoring file as matched an ignore pattern: Aligned.out.sam
[2019-07-19 09:10:16,312] multiqc                                            [DEBUG  ]  Ignoring file as matched an ignore pattern: Chimeric.out.sam
[2019-07-19 09:10:16,332] multiqc                                            [DEBUG  ]  Ignoring file as matched an ignore pattern: Aligned.out.sorted.bam
[2019-07-19 09:10:16,520] multiqc                                            [DEBUG  ]  Ignoring file as matched an ignore pattern: Aligned.out.sam
[2019-07-19 09:10:16,540] multiqc                                            [DEBUG  ]  Ignoring file as matched an ignore pattern: Chimeric.out.sam
[2019-07-19 09:10:16,559] multiqc                                            [DEBUG  ]  Ignoring file as matched an ignore pattern: Aligned.out.sorted.bam
[2019-07-19 09:10:16,654] multiqc                                            [DEBUG  ]  Ignoring file as matched an ignore pattern: Aligned.out.sam
[2019-07-19 09:10:16,686] multiqc                                            [DEBUG  ]  Ignoring file as matched an ignore pattern: Chimeric.out.sam
[2019-07-19 09:10:16,705] multiqc                                            [DEBUG  ]  Ignoring file as matched an ignore pattern: Aligned.out.sorted.bam
[2019-07-19 09:10:16,834] multiqc                                            [DEBUG  ]  Ignoring file as matched an ignore pattern: Aligned.out.sam
[2019-07-19 09:10:16,856] multiqc                                            [DEBUG  ]  Ignoring file as matched an ignore pattern: Chimeric.out.sam
[2019-07-19 09:10:16,875] multiqc                                            [DEBUG  ]  Ignoring file as matched an ignore pattern: Aligned.out.sorted.bam
[2019-07-19 09:10:16,995] multiqc                                            [DEBUG  ]  Ignoring file as matched an ignore pattern: Aligned.out.sam
[2019-07-19 09:10:17,245] multiqc                                            [DEBUG  ]  Ignoring file as matched an ignore pattern: Chimeric.out.sam
[2019-07-19 09:10:17,264] multiqc                                            [DEBUG  ]  Ignoring file as matched an ignore pattern: Aligned.out.sorted.bam
[2019-07-19 09:10:17,379] multiqc                                            [DEBUG  ]  Ignoring file as matched an ignore pattern: Aligned.out.sam
[2019-07-19 09:10:17,400] multiqc                                            [DEBUG  ]  Ignoring file as matched an ignore pattern: Chimeric.out.sam
[2019-07-19 09:10:17,418] multiqc                                            [DEBUG  ]  Ignoring file as matched an ignore pattern: Aligned.out.sorted.bam
[2019-07-19 09:10:17,504] multiqc                                            [DEBUG  ]  Ignoring file as matched an ignore pattern: Aligned.out.sam
[2019-07-19 09:10:17,568] multiqc                                            [DEBUG  ]  Ignoring file as matched an ignore pattern: Chimeric.out.sam
[2019-07-19 09:10:17,587] multiqc                                            [DEBUG  ]  Ignoring file as matched an ignore pattern: Aligned.out.sorted.bam
[2019-07-19 09:10:17,700] multiqc                                            [DEBUG  ]  Ignoring file as matched an ignore pattern: Aligned.out.sam
[2019-07-19 09:10:20,455] multiqc                                            [DEBUG  ]  Ignoring file as matched an ignore pattern: Chimeric.out.sam
[2019-07-19 09:10:20,475] multiqc                                            [DEBUG  ]  Ignoring file as matched an ignore pattern: Aligned.out.sorted.bam
[2019-07-19 09:10:20,616] multiqc                                            [DEBUG  ]  Ignoring file as matched an ignore pattern: Aligned.out.sam
[2019-07-19 09:10:20,655] multiqc                                            [DEBUG  ]  Ignoring file as matched an ignore pattern: Chimeric.out.sam
[2019-07-19 09:10:20,674] multiqc                                            [DEBUG  ]  Ignoring file as matched an ignore pattern: Aligned.out.sorted.bam
[2019-07-19 09:10:20,764] multiqc                                            [DEBUG  ]  Ignoring file as matched an ignore pattern: Aligned.out.sam
[2019-07-19 09:10:22,443] multiqc                                            [DEBUG  ]  Ignoring file as matched an ignore pattern: Chimeric.out.sam
[2019-07-19 09:10:22,464] multiqc                                            [DEBUG  ]  Ignoring file as matched an ignore pattern: Aligned.out.sorted.bam
[2019-07-19 09:10:22,610] multiqc                                            [DEBUG  ]  Ignoring file as matched an ignore pattern: Aligned.out.sam
[2019-07-19 09:10:22,633] multiqc                                            [DEBUG  ]  Ignoring file as matched an ignore pattern: Chimeric.out.sam
[2019-07-19 09:10:22,652] multiqc                                            [DEBUG  ]  Ignoring file as matched an ignore pattern: Aligned.out.sorted.bam
[2019-07-19 09:10:22,788] multiqc                                            [DEBUG  ]  Ignoring file as matched an ignore pattern: Aligned.out.sam
[2019-07-19 09:10:22,811] multiqc                                            [DEBUG  ]  Ignoring file as matched an ignore pattern: Chimeric.out.sam
[2019-07-19 09:10:22,829] multiqc                                            [DEBUG  ]  Ignoring file as matched an ignore pattern: Aligned.out.sorted.bam
[2019-07-19 09:10:22,928] multiqc                                            [DEBUG  ]  Ignoring file as matched an ignore pattern: Aligned.out.sam
[2019-07-19 09:10:22,951] multiqc                                            [DEBUG  ]  Ignoring file as matched an ignore pattern: Chimeric.out.sam
[2019-07-19 09:10:22,969] multiqc                                            [DEBUG  ]  Ignoring file as matched an ignore pattern: Aligned.out.sorted.bam
[2019-07-19 09:10:23,060] multiqc                                            [DEBUG  ]  Ignoring file as matched an ignore pattern: Aligned.out.sam
[2019-07-19 09:10:23,080] multiqc                                            [DEBUG  ]  Ignoring file as matched an ignore pattern: Chimeric.out.sam
[2019-07-19 09:10:23,099] multiqc                                            [DEBUG  ]  Ignoring file as matched an ignore pattern: Aligned.out.sorted.bam
[2019-07-19 09:10:23,189] multiqc                                            [DEBUG  ]  Ignoring file as matched an ignore pattern: Aligned.out.sam
[2019-07-19 09:10:23,222] multiqc                                            [DEBUG  ]  Ignoring file as matched an ignore pattern: Chimeric.out.sam
[2019-07-19 09:10:23,241] multiqc                                            [DEBUG  ]  Ignoring file as matched an ignore pattern: Aligned.out.sorted.bam
[2019-07-19 09:10:23,379] multiqc                                            [DEBUG  ]  Ignoring file as matched an ignore pattern: Aligned.out.sam
[2019-07-19 09:10:23,400] multiqc                                            [DEBUG  ]  Ignoring file as matched an ignore pattern: Chimeric.out.sam
[2019-07-19 09:10:23,418] multiqc                                            [DEBUG  ]  Ignoring file as matched an ignore pattern: Aligned.out.sorted.bam
[2019-07-19 09:10:23,515] multiqc                                            [DEBUG  ]  Ignoring file as matched an ignore pattern: Aligned.out.sam
[2019-07-19 09:10:23,534] multiqc                                            [DEBUG  ]  Ignoring file as matched an ignore pattern: Chimeric.out.sam
[2019-07-19 09:10:23,553] multiqc                                            [DEBUG  ]  Ignoring file as matched an ignore pattern: Aligned.out.sorted.bam
[2019-07-19 09:10:23,638] multiqc                                            [DEBUG  ]  Ignoring file as matched an ignore pattern: Aligned.out.sam
[2019-07-19 09:10:23,689] multiqc                                            [DEBUG  ]  Ignoring file as matched an ignore pattern: Chimeric.out.sam
[2019-07-19 09:10:23,708] multiqc                                            [DEBUG  ]  Ignoring file as matched an ignore pattern: Aligned.out.sorted.bam
[2019-07-19 09:10:23,809] multiqc                                            [DEBUG  ]  Ignoring file as matched an ignore pattern: Aligned.out.sam
[2019-07-19 09:10:27,158] multiqc                                            [DEBUG  ]  Ignoring file as matched an ignore pattern: Chimeric.out.sam
[2019-07-19 09:10:27,178] multiqc                                            [DEBUG  ]  Ignoring file as matched an ignore pattern: Aligned.out.sorted.bam
[2019-07-19 09:10:27,386] multiqc                                            [DEBUG  ]  Ignoring file as matched an ignore pattern: Aligned.out.sam
[2019-07-19 09:10:27,407] multiqc                                            [DEBUG  ]  Ignoring file as matched an ignore pattern: Chimeric.out.sam
[2019-07-19 09:10:27,425] multiqc                                            [DEBUG  ]  Ignoring file as matched an ignore pattern: Aligned.out.sorted.bam
[2019-07-19 09:10:27,509] multiqc                                            [DEBUG  ]  Ignoring file as matched an ignore pattern: Aligned.out.sam
[2019-07-19 09:10:27,530] multiqc                                            [DEBUG  ]  Ignoring file as matched an ignore pattern: Chimeric.out.sam
[2019-07-19 09:10:27,549] multiqc                                            [DEBUG  ]  Ignoring file as matched an ignore pattern: Aligned.out.sorted.bam
[2019-07-19 09:10:27,640] multiqc                                            [DEBUG  ]  Ignoring file as matched an ignore pattern: Aligned.out.sam
[2019-07-19 09:10:27,663] multiqc                                            [DEBUG  ]  Ignoring file as matched an ignore pattern: Chimeric.out.sam
[2019-07-19 09:10:27,682] multiqc                                            [DEBUG  ]  Ignoring file as matched an ignore pattern: Aligned.out.sorted.bam
[2019-07-19 09:10:27,783] multiqc                                            [DEBUG  ]  Ignoring file as matched an ignore pattern: Aligned.out.sam
[2019-07-19 09:10:27,805] multiqc                                            [DEBUG  ]  Ignoring file as matched an ignore pattern: Chimeric.out.sam
[2019-07-19 09:10:27,824] multiqc                                            [DEBUG  ]  Ignoring file as matched an ignore pattern: Aligned.out.sorted.bam
[2019-07-19 09:10:27,921] multiqc                                            [DEBUG  ]  Ignoring file as matched an ignore pattern: Aligned.out.sam
[2019-07-19 09:10:28,403] multiqc                                            [DEBUG  ]  Ignoring file as matched an ignore pattern: Chimeric.out.sam
[2019-07-19 09:10:28,423] multiqc                                            [DEBUG  ]  Ignoring file as matched an ignore pattern: Aligned.out.sorted.bam
[2019-07-19 09:10:28,558] multiqc                                            [DEBUG  ]  Ignoring file as matched an ignore pattern: Aligned.out.sam
[2019-07-19 09:10:28,576] multiqc                                            [DEBUG  ]  Ignoring file as matched an ignore pattern: Chimeric.out.sam
[2019-07-19 09:10:28,596] multiqc                                            [DEBUG  ]  Ignoring file as matched an ignore pattern: Aligned.out.sorted.bam
[2019-07-19 09:10:28,680] multiqc                                            [DEBUG  ]  Ignoring file as matched an ignore pattern: Aligned.out.sam
[2019-07-19 09:10:28,702] multiqc                                            [DEBUG  ]  Ignoring file as matched an ignore pattern: Chimeric.out.sam
[2019-07-19 09:10:28,720] multiqc                                            [DEBUG  ]  Ignoring file as matched an ignore pattern: Aligned.out.sorted.bam
[2019-07-19 09:10:28,815] multiqc                                            [DEBUG  ]  Ignoring file as matched an ignore pattern: Aligned.out.sam
[2019-07-19 09:10:28,835] multiqc                                            [DEBUG  ]  Ignoring file as matched an ignore pattern: Chimeric.out.sam
[2019-07-19 09:10:28,853] multiqc                                            [DEBUG  ]  Ignoring file as matched an ignore pattern: Aligned.out.sorted.bam
[2019-07-19 09:10:28,947] multiqc                                            [DEBUG  ]  Ignoring file as matched an ignore pattern: Aligned.out.sam
[2019-07-19 09:10:28,968] multiqc                                            [DEBUG  ]  Ignoring file as matched an ignore pattern: Chimeric.out.sam
[2019-07-19 09:10:28,987] multiqc                                            [DEBUG  ]  Ignoring file as matched an ignore pattern: Aligned.out.sorted.bam
[2019-07-19 09:10:29,086] multiqc                                            [DEBUG  ]  Ignoring file as matched an ignore pattern: Aligned.out.sam
[2019-07-19 09:10:29,105] multiqc                                            [DEBUG  ]  Ignoring file as matched an ignore pattern: Chimeric.out.sam
[2019-07-19 09:10:29,123] multiqc                                            [DEBUG  ]  Ignoring file as matched an ignore pattern: Aligned.out.sorted.bam
[2019-07-19 09:10:29,216] multiqc                                            [DEBUG  ]  Ignoring file as matched an ignore pattern: Aligned.out.sam
[2019-07-19 09:10:29,239] multiqc                                            [DEBUG  ]  Ignoring file as matched an ignore pattern: Chimeric.out.sam
[2019-07-19 09:10:29,258] multiqc                                            [DEBUG  ]  Ignoring file as matched an ignore pattern: Aligned.out.sorted.bam
[2019-07-19 09:10:29,368] multiqc                                            [DEBUG  ]  Ignoring file as matched an ignore pattern: Aligned.out.sam
[2019-07-19 09:10:29,412] multiqc                                            [DEBUG  ]  Ignoring file as matched an ignore pattern: Chimeric.out.sam
[2019-07-19 09:10:29,430] multiqc                                            [DEBUG  ]  Ignoring file as matched an ignore pattern: Aligned.out.sorted.bam
[2019-07-19 09:10:29,555] multiqc                                            [DEBUG  ]  Ignoring file as matched an ignore pattern: Aligned.out.sam
[2019-07-19 09:10:29,555] multiqc                                            [DEBUG  ]  Ignoring file as matched an ignore pattern: Chimeric.out.sam
[2019-07-19 09:10:29,574] multiqc                                            [DEBUG  ]  Ignoring file as matched an ignore pattern: Aligned.out.sorted.bam
[2019-07-19 09:10:29,788] multiqc                                            [DEBUG  ]  Ignoring file as matched an ignore pattern: Aligned.out.sam
[2019-07-19 09:10:30,200] multiqc                                            [DEBUG  ]  Ignoring file as matched an ignore pattern: Chimeric.out.sam
[2019-07-19 09:10:30,219] multiqc                                            [DEBUG  ]  Ignoring file as matched an ignore pattern: Aligned.out.sorted.bam
[2019-07-19 09:10:30,334] multiqc                                            [DEBUG  ]  Ignoring file as matched an ignore pattern: Aligned.out.sam
[2019-07-19 09:10:30,355] multiqc                                            [DEBUG  ]  Ignoring file as matched an ignore pattern: Chimeric.out.sam
[2019-07-19 09:10:30,373] multiqc                                            [DEBUG  ]  Ignoring file as matched an ignore pattern: Aligned.out.sorted.bam
[2019-07-19 09:10:30,473] multiqc                                            [DEBUG  ]  Ignoring file as matched an ignore pattern: Aligned.out.sam
[2019-07-19 09:10:30,563] multiqc                                            [DEBUG  ]  Ignoring file as matched an ignore pattern: Chimeric.out.sam
[2019-07-19 09:10:30,582] multiqc                                            [DEBUG  ]  Ignoring file as matched an ignore pattern: Aligned.out.sorted.bam
[2019-07-19 09:10:30,705] multiqc                                            [DEBUG  ]  Ignoring file as matched an ignore pattern: Aligned.out.sam
[2019-07-19 09:10:34,460] multiqc                                            [DEBUG  ]  Ignoring file as matched an ignore pattern: Chimeric.out.sam
[2019-07-19 09:10:34,480] multiqc                                            [DEBUG  ]  Ignoring file as matched an ignore pattern: Aligned.out.sorted.bam
[2019-07-19 09:10:34,630] multiqc                                            [DEBUG  ]  Ignoring file as matched an ignore pattern: Aligned.out.sam
[2019-07-19 09:10:37,375] multiqc                                            [DEBUG  ]  Ignoring file as matched an ignore pattern: Chimeric.out.sam
[2019-07-19 09:10:37,395] multiqc                                            [DEBUG  ]  Ignoring file as matched an ignore pattern: Aligned.out.sorted.bam
[2019-07-19 09:10:37,558] multiqc                                            [DEBUG  ]  Ignoring file as matched an ignore pattern: Aligned.out.sam
[2019-07-19 09:10:37,559] multiqc                                            [DEBUG  ]  Ignoring file as matched an ignore pattern: Chimeric.out.sam
[2019-07-19 09:10:37,580] multiqc                                            [DEBUG  ]  Ignoring file as matched an ignore pattern: Aligned.out.sorted.bam
[2019-07-19 09:10:37,747] multiqc                                            [DEBUG  ]  Ignoring file as matched an ignore pattern: Aligned.out.sam
[2019-07-19 09:10:37,768] multiqc                                            [DEBUG  ]  Ignoring file as matched an ignore pattern: Chimeric.out.sam
[2019-07-19 09:10:37,787] multiqc                                            [DEBUG  ]  Ignoring file as matched an ignore pattern: Aligned.out.sorted.bam
[2019-07-19 09:10:43,555] multiqc                                            [DEBUG  ]  No samples found: custom_content
[2019-07-19 09:10:43,562] multiqc                                            [DEBUG  ]  No samples found: conpair
[2019-07-19 09:10:43,570] multiqc                                            [DEBUG  ]  No samples found: peddy
[2019-07-19 09:10:43,578] multiqc                                            [DEBUG  ]  No samples found: methylQA
[2019-07-19 09:10:43,585] multiqc                                            [DEBUG  ]  No samples found: phantompeakqualtools
[2019-07-19 09:10:43,595] multiqc                                            [DEBUG  ]  No samples found: qualimap
[2019-07-19 09:10:43,602] multiqc                                            [DEBUG  ]  No samples found: preseq
[2019-07-19 09:10:43,610] multiqc                                            [DEBUG  ]  No samples found: quast
[2019-07-19 09:10:43,617] multiqc                                            [DEBUG  ]  No samples found: qorts
[2019-07-19 09:10:43,625] multiqc                                            [DEBUG  ]  No samples found: rna_seqc
[2019-07-19 09:10:43,632] multiqc                                            [DEBUG  ]  No samples found: rsem
[2019-07-19 09:10:43,651] multiqc                                            [DEBUG  ]  No samples found: rseqc
[2019-07-19 09:10:43,658] multiqc                                            [DEBUG  ]  No samples found: busco
[2019-07-19 09:10:43,665] multiqc                                            [DEBUG  ]  No samples found: goleft_indexcov
[2019-07-19 09:10:43,673] multiqc                                            [DEBUG  ]  No samples found: disambiguate
[2019-07-19 09:10:43,681] multiqc                                            [DEBUG  ]  No samples found: supernova
[2019-07-19 09:10:43,700] multiqc                                            [DEBUG  ]  No samples found: deeptools
[2019-07-19 09:10:43,707] multiqc                                            [DEBUG  ]  No samples found: sargasso
[2019-07-19 09:10:43,715] multiqc                                            [DEBUG  ]  No samples found: verifybamid
[2019-07-19 09:10:43,722] multiqc                                            [DEBUG  ]  No samples found: mirtrace
[2019-07-19 09:10:43,730] multiqc                                            [DEBUG  ]  No samples found: happy
[2019-07-19 09:10:43,740] multiqc                                            [DEBUG  ]  No samples found: homer
[2019-07-19 09:10:43,747] multiqc                                            [DEBUG  ]  No samples found: macs2
[2019-07-19 09:10:43,755] multiqc                                            [DEBUG  ]  No samples found: theta2
[2019-07-19 09:10:43,762] multiqc                                            [DEBUG  ]  No samples found: snpeff
[2019-07-19 09:10:43,773] multiqc                                            [DEBUG  ]  No samples found: gatk
[2019-07-19 09:10:43,781] multiqc                                            [DEBUG  ]  No samples found: htseq
[2019-07-19 09:10:43,790] multiqc                                            [DEBUG  ]  No samples found: bcftools
[2019-07-19 09:10:43,817] multiqc.modules.featureCounts.feature_counts       [INFO   ]  Found 96 reports
[2019-07-19 09:10:43,832] multiqc                                            [DEBUG  ]  No samples found: dedup
[2019-07-19 09:10:43,839] multiqc                                            [DEBUG  ]  No samples found: damageprofiler
[2019-07-19 09:10:43,865] multiqc                                            [DEBUG  ]  No samples found: picard
[2019-07-19 09:10:43,872] multiqc                                            [DEBUG  ]  No samples found: prokka
[2019-07-19 09:10:43,879] multiqc                                            [DEBUG  ]  No samples found: samblaster
[2019-07-19 09:10:43,893] multiqc                                            [DEBUG  ]  No samples found: samtools
[2019-07-19 09:10:43,901] multiqc                                            [DEBUG  ]  No samples found: bamtools
[2019-07-19 09:10:43,909] multiqc                                            [DEBUG  ]  No samples found: jellyfish
[2019-07-19 09:10:43,922] multiqc                                            [DEBUG  ]  No samples found: vcftools
[2019-07-19 09:10:43,929] multiqc                                            [DEBUG  ]  No samples found: longranger
[2019-07-19 09:10:43,937] multiqc                                            [DEBUG  ]  No samples found: stacks
[2019-07-19 09:10:43,960] multiqc                                            [DEBUG  ]  No samples found: bbmap
[2019-07-19 09:10:43,967] multiqc                                            [DEBUG  ]  No samples found: bismark
[2019-07-19 09:10:43,975] multiqc                                            [DEBUG  ]  No samples found: biscuit
[2019-07-19 09:10:43,982] multiqc                                            [DEBUG  ]  No samples found: hicexplorer
[2019-07-19 09:10:43,990] multiqc                                            [DEBUG  ]  No samples found: hicup
[2019-07-19 09:10:43,997] multiqc                                            [DEBUG  ]  No samples found: hicpro
[2019-07-19 09:10:44,004] multiqc                                            [DEBUG  ]  No samples found: salmon
[2019-07-19 09:10:44,011] multiqc                                            [DEBUG  ]  No samples found: kallisto
[2019-07-19 09:10:44,018] multiqc                                            [DEBUG  ]  No samples found: slamdunk
[2019-07-19 09:10:44,205] multiqc.modules.star.star                          [INFO   ]  Found 96 reports
[2019-07-19 09:10:44,217] multiqc                                            [DEBUG  ]  No samples found: hisat2
[2019-07-19 09:10:44,224] multiqc                                            [DEBUG  ]  No samples found: tophat
[2019-07-19 09:10:44,231] multiqc                                            [DEBUG  ]  No samples found: bowtie2
[2019-07-19 09:10:44,237] multiqc                                            [DEBUG  ]  No samples found: bowtie1
[2019-07-19 09:10:44,245] multiqc                                            [DEBUG  ]  No samples found: kat
[2019-07-19 09:10:44,253] multiqc                                            [DEBUG  ]  No samples found: leehom
[2019-07-19 09:10:44,261] multiqc                                            [DEBUG  ]  No samples found: adapterRemoval
[2019-07-19 09:10:44,268] multiqc                                            [DEBUG  ]  No samples found: clipandmerge
[2019-07-19 09:10:44,274] multiqc                                            [DEBUG  ]  No samples found: cutadapt
[2019-07-19 09:10:44,281] multiqc                                            [DEBUG  ]  No samples found: flexbar
[2019-07-19 09:10:44,289] multiqc                                            [DEBUG  ]  No samples found: trimmomatic
[2019-07-19 09:10:44,296] multiqc                                            [DEBUG  ]  No samples found: skewer
[2019-07-19 09:10:44,303] multiqc                                            [DEBUG  ]  No samples found: sortmerna
[2019-07-19 09:10:44,311] multiqc                                            [DEBUG  ]  No samples found: biobloomtools
[2019-07-19 09:10:44,319] multiqc                                            [DEBUG  ]  No samples found: fastq_screen
[2019-07-19 09:10:44,325] multiqc                                            [DEBUG  ]  No samples found: afterqc
[2019-07-19 09:10:44,331] multiqc                                            [DEBUG  ]  No samples found: fastp
[2019-07-19 09:10:44,338] multiqc                                            [DEBUG  ]  No samples found: fastqc
[2019-07-19 09:10:44,345] multiqc                                            [DEBUG  ]  No samples found: minionqc
[2019-07-19 09:10:44,352] multiqc                                            [DEBUG  ]  No samples found: clusterflow
[2019-07-19 09:10:44,360] multiqc                                            [DEBUG  ]  No samples found: bcl2fastq
[2019-07-19 09:10:44,366] multiqc                                            [DEBUG  ]  No samples found: interop
[2019-07-19 09:10:44,374] multiqc                                            [DEBUG  ]  No samples found: flash
[2019-07-19 09:10:44,530] multiqc                                            [INFO   ]  Compressing plot data
[2019-07-19 09:10:44,585] multiqc                                            [INFO   ]  Report      : multiqc_report.html
[2019-07-19 09:10:44,585] multiqc                                            [INFO   ]  Data        : multiqc_data
[2019-07-19 09:10:44,587] multiqc                                            [DEBUG  ]  Moving data file from '/tmp/tmpe6vvml0r/multiqc_data/multiqc_featureCounts.txt' to '/data/projects/mdc-971/data_from_June_2019/50.aligned_to_L1_HBB/multiqc_data'
[2019-07-19 09:10:44,590] multiqc                                            [DEBUG  ]  Moving data file from '/tmp/tmpe6vvml0r/multiqc_data/multiqc_star.txt' to '/data/projects/mdc-971/data_from_June_2019/50.aligned_to_L1_HBB/multiqc_data'
[2019-07-19 09:10:44,593] multiqc                                            [DEBUG  ]  Moving data file from '/tmp/tmpe6vvml0r/multiqc_data/multiqc_general_stats.txt' to '/data/projects/mdc-971/data_from_June_2019/50.aligned_to_L1_HBB/multiqc_data'
[2019-07-19 09:10:44,596] multiqc                                            [DEBUG  ]  Moving data file from '/tmp/tmpe6vvml0r/multiqc_data/multiqc_sources.txt' to '/data/projects/mdc-971/data_from_June_2019/50.aligned_to_L1_HBB/multiqc_data'
[2019-07-19 09:10:44,599] multiqc                                            [DEBUG  ]  Moving data file from '/tmp/tmpe6vvml0r/multiqc_data/multiqc_data.json' to '/data/projects/mdc-971/data_from_June_2019/50.aligned_to_L1_HBB/multiqc_data'
[2019-07-19 09:10:44,798] multiqc                                            [INFO   ]  MultiQC complete
