This is cutadapt 2.6 with Python 3.7.3
Command line parameters: -g ACGTTGGATGTTTGTTACTATGGTAGATACCACAC -g ACGTTGGATGTTTGTTACTAAGGTAGATACCACTC -g ACGTTGGATGTTTGTTACTGTGGTGGATACTAC -g ACGTTGGATGTTTGTTACTGTTGTGGATACAAC -g ACGTTGGATGTTTGTTACCGTTGTTGATACTAC -g ACGTTGGATGAATATATGTGTGCTTATTTG -G ACGTTGGATGTTTGTTACTATGGTAGATACCACAC -G ACGTTGGATGTTTGTTACTGTGGTGGATACTAC -G ACGTTGGATGTTTGTTACTGTTGTGGATACAAC -G ACGTTGGATGTTTGTTACCGTTGTTGATACTAC -G ACGTTGGATGAATATATGTGTGCTTATTTG -G ACGTTGGATGTTTGTTACTAAGGTAGATACCACTC -g ACGTTGGATGGAAAAATAAACTGCAAATCATATTC -g ACGTTGGATGGAAAAATAAACTGTAAATCATATTC -g ACGTTGGATGGAAAAATAAATTGTAAATCATACTC -g ACGTTGGATGAGATTAGGGAAAGTATTAGA -g ACGTTGGATGGAAAAATAAATTGTAAATCAAATTC -g ACGTTGGATGGAAAAATAAACTGTAAATCATATTCCT -G ACGTTGGATGGAAAAATAAACTGCAAATCATATTC -G ACGTTGGATGAGATTAGGGAAAGTATTAGA -G ACGTTGGATGGAAAAATAAATTGTAAATCATACTC -G ACGTTGGATGGAAAAATAAACTGTAAATCATATTCCT -G ACGTTGGATGGAAAAATAAACTGTAAATCATATTC -G ACGTTGGATGGAAAAATAAATTGTAAATCAAATTC --minimum-length=1 -o /data/projects/mdc-971/data_from_Jan_2020/analysis/30.primer_trimmed/190570_S14_L001_cutadapt.1.fq.gz -p /data/projects/mdc-971/data_from_Jan_2020/analysis/30.primer_trimmed/190570_S14_L001_cutadapt.2.fq.gz /data/projects/mdc-971/data_from_Jan_2020/analysis/20.adapter_trimmed/190570_S14_L001_R1_001.bbduked.trimmed.fastq.gz /data/projects/mdc-971/data_from_Jan_2020/analysis/20.adapter_trimmed/190570_S14_L001_R2_001.bbduked.trimmed.fastq.gz
Processing reads on 1 core in paired-end mode ...
Finished in 55.89 s (347 us/read; 0.17 M reads/minute).

=== Summary ===

Total read pairs processed:            161,153
  Read 1 with adapter:                 144,046 (89.4%)
  Read 2 with adapter:                 140,203 (87.0%)
Pairs that were too short:                   0 (0.0%)
Pairs written (passing filters):       161,153 (100.0%)

Total basepairs processed:    44,543,017 bp
  Read 1:    20,531,220 bp
  Read 2:    24,011,797 bp
Total written (filtered):     35,570,195 bp (79.9%)
  Read 1:    16,141,314 bp
  Read 2:    19,428,881 bp

=== First read: Adapter 1 ===

Sequence: ACGTTGGATGTTTGTTACTATGGTAGATACCACAC; Type: regular 5'; Length: 35; Trimmed: 22238 times.

No. of allowed errors:
0-9 bp: 0; 10-19 bp: 1; 20-29 bp: 2; 30-35 bp: 3

Overview of removed sequences
length	count	expect	max.err	error counts
3	1	2518.0	0	1
16	1	0.0	1	1
17	1	0.0	1	0 1
19	3	0.0	1	3
20	2	0.0	2	1 1
21	2	0.0	2	2
22	7	0.0	2	3 3 1
23	18	0.0	2	16 2
24	26	0.0	2	21 5
25	31	0.0	2	21 10
26	67	0.0	2	51 13 3
27	78	0.0	2	45 29 4
28	107	0.0	2	35 33 7 32
29	418	0.0	2	69 59 248 42
30	3021	0.0	3	197 2224 557 43
31	14950	0.0	3	8089 6281 542 38
32	1006	0.0	3	47 659 248 52
33	178	0.0	3	0 4 77 97
34	2301	0.0	3	0 0 0 2301
35	13	0.0	3	0 0 0 13
39	1	0.0	3	1
42	3	0.0	3	0 3
61	1	0.0	3	0 1
62	2	0.0	3	1 1


=== First read: Adapter 2 ===

Sequence: ACGTTGGATGTTTGTTACTAAGGTAGATACCACTC; Type: regular 5'; Length: 35; Trimmed: 9983 times.

No. of allowed errors:
0-9 bp: 0; 10-19 bp: 1; 20-29 bp: 2; 30-35 bp: 3

Overview of removed sequences
length	count	expect	max.err	error counts
3	6	2518.0	0	6
4	1	629.5	0	1
18	1	0.0	1	1
19	1	0.0	1	1
20	1	0.0	2	1
22	3	0.0	2	2 1
23	6	0.0	2	5 1
24	9	0.0	2	9
25	10	0.0	2	8 2
26	28	0.0	2	28
27	40	0.0	2	33 6 1
28	47	0.0	2	24 10 1 12
29	133	0.0	2	44 27 58 4
30	1203	0.0	3	181 969 45 8
31	7849	0.0	3	7285 491 61 12
32	349	0.0	3	12 173 150 14
33	171	0.0	3	2 0 38 131
34	124	0.0	3	0 0 0 124
47	1	0.0	3	1


=== First read: Adapter 3 ===

Sequence: ACGTTGGATGTTTGTTACTGTGGTGGATACTAC; Type: regular 5'; Length: 33; Trimmed: 19547 times.

No. of allowed errors:
0-9 bp: 0; 10-19 bp: 1; 20-29 bp: 2; 30-33 bp: 3

Overview of removed sequences
length	count	expect	max.err	error counts
3	1	2518.0	0	1
10	1	0.2	1	1
11	1	0.0	1	1
12	1	0.0	1	0 1
13	1	0.0	1	1
14	2	0.0	1	2
15	4	0.0	1	4
16	13	0.0	1	12 1
17	5	0.0	1	5
18	6	0.0	1	6
19	10	0.0	1	10
20	23	0.0	2	19 3 1
21	168	0.0	2	147 21
22	105	0.0	2	85 18 2
23	126	0.0	2	100 22 4
24	175	0.0	2	110 57 8
25	183	0.0	2	111 58 14
26	264	0.0	2	142 79 43
27	1029	0.0	2	173 178 678
28	2305	0.0	2	523 1417 364 1
29	13362	0.0	2	7907 5038 416 1
30	1649	0.0	3	3 997 649
31	90	0.0	3	1 2 85 2
32	1	0.0	3	1
33	2	0.0	3	2
34	1	0.0	3	0 1
35	1	0.0	3	1
37	3	0.0	3	0 1 0 2
38	1	0.0	3	0 1
39	1	0.0	3	0 0 0 1
40	1	0.0	3	1
44	1	0.0	3	1
46	2	0.0	3	2
48	2	0.0	3	1 1
49	1	0.0	3	1
50	1	0.0	3	0 0 0 1
52	2	0.0	3	0 2
53	1	0.0	3	0 0 0 1
54	1	0.0	3	0 1
56	1	0.0	3	0 1


=== First read: Adapter 4 ===

Sequence: ACGTTGGATGTTTGTTACTGTTGTGGATACAAC; Type: regular 5'; Length: 33; Trimmed: 17700 times.

No. of allowed errors:
0-9 bp: 0; 10-19 bp: 1; 20-29 bp: 2; 30-33 bp: 3

Overview of removed sequences
length	count	expect	max.err	error counts
3	3	2518.0	0	3
10	1	0.2	1	1
11	1	0.0	1	1
14	2	0.0	1	2
15	2	0.0	1	1 1
16	2	0.0	1	2
17	1	0.0	1	1
18	1	0.0	1	1
19	1	0.0	1	1
20	17	0.0	2	17
21	95	0.0	2	81 14
22	46	0.0	2	44 2
23	67	0.0	2	55 8 4
24	173	0.0	2	151 21 1
25	195	0.0	2	163 29 3
26	212	0.0	2	174 32 6
27	508	0.0	2	229 100 179
28	2276	0.0	2	611 1494 171
29	13253	0.0	2	10985 1961 307
30	684	0.0	3	48 545 87 4
31	149	0.0	3	2 4 141 2
33	1	0.0	3	1
35	1	0.0	3	0 0 1
36	1	0.0	3	1
38	1	0.0	3	0 1
41	1	0.0	3	1
45	1	0.0	3	1
52	1	0.0	3	1
60	2	0.0	3	2
61	2	0.0	3	2


=== First read: Adapter 5 ===

Sequence: ACGTTGGATGTTTGTTACCGTTGTTGATACTAC; Type: regular 5'; Length: 33; Trimmed: 21577 times.

No. of allowed errors:
0-9 bp: 0; 10-19 bp: 1; 20-29 bp: 2; 30-33 bp: 3

Overview of removed sequences
length	count	expect	max.err	error counts
12	1	0.0	1	1
15	1	0.0	1	1
16	2	0.0	1	2
17	1	0.0	1	1
20	15	0.0	2	15
21	48	0.0	2	44 4
22	54	0.0	2	49 4 1
23	82	0.0	2	67 13 2
24	201	0.0	2	177 23 1
25	216	0.0	2	193 20 3
26	331	0.0	2	235 66 30
27	915	0.0	2	358 171 386
28	2835	0.0	2	1303 1375 156 1
29	16024	0.0	2	14012 1880 132
30	689	0.0	3	17 528 144
31	145	0.0	3	5 2 138
32	2	0.0	3	2
33	3	0.0	3	2 0 1
34	1	0.0	3	1
35	1	0.0	3	1
38	1	0.0	3	1
40	1	0.0	3	0 1
45	1	0.0	3	1
56	1	0.0	3	1
57	2	0.0	3	2
61	4	0.0	3	3 1


=== First read: Adapter 6 ===

Sequence: ACGTTGGATGAATATATGTGTGCTTATTTG; Type: regular 5'; Length: 30; Trimmed: 11 times.

No. of allowed errors:
0-9 bp: 0; 10-19 bp: 1; 20-29 bp: 2; 30 bp: 3

Overview of removed sequences
length	count	expect	max.err	error counts
3	10	2518.0	0	10
4	1	629.5	0	1


=== First read: Adapter 7 ===

Sequence: ACGTTGGATGGAAAAATAAACTGCAAATCATATTC; Type: regular 5'; Length: 35; Trimmed: 14079 times.

No. of allowed errors:
0-9 bp: 0; 10-19 bp: 1; 20-29 bp: 2; 30-35 bp: 3

Overview of removed sequences
length	count	expect	max.err	error counts
3	2	2518.0	0	2
4	1	629.5	0	1
21	1	0.0	2	1
22	1	0.0	2	1
23	4	0.0	2	4
24	4	0.0	2	3 1
25	10	0.0	2	9 1
26	67	0.0	2	60 7
27	80	0.0	2	69 10 1
28	87	0.0	2	45 12 2 28
29	101	0.0	2	42 20 37 2
30	898	0.0	3	160 688 42 8
31	9789	0.0	3	9198 484 85 22
32	2904	0.0	3	1 2734 117 52
33	43	0.0	3	1 0 23 19
34	87	0.0	3	0 0 0 87


=== First read: Adapter 8 ===

Sequence: ACGTTGGATGGAAAAATAAACTGTAAATCATATTC; Type: regular 5'; Length: 35; Trimmed: 2824 times.

No. of allowed errors:
0-9 bp: 0; 10-19 bp: 1; 20-29 bp: 2; 30-35 bp: 3

Overview of removed sequences
length	count	expect	max.err	error counts
23	1	0.0	2	1
25	1	0.0	2	1
26	11	0.0	2	10 1
27	14	0.0	2	13 1
28	23	0.0	2	2 1 0 20
29	32	0.0	2	9 3 18 2
30	245	0.0	3	45 183 14 3
31	2361	0.0	3	2104 218 17 22
32	109	0.0	3	2 48 32 27
33	15	0.0	3	0 0 7 8
34	11	0.0	3	1 0 0 10
139	1	0.0	3	1


=== First read: Adapter 9 ===

Sequence: ACGTTGGATGGAAAAATAAATTGTAAATCATACTC; Type: regular 5'; Length: 35; Trimmed: 1249 times.

No. of allowed errors:
0-9 bp: 0; 10-19 bp: 1; 20-29 bp: 2; 30-35 bp: 3

Overview of removed sequences
length	count	expect	max.err	error counts
26	1	0.0	2	1
27	3	0.0	2	3
30	66	0.0	3	43 22 1
31	1161	0.0	3	1112 36 3 10
32	6	0.0	3	0 3 1 2
33	7	0.0	3	0 0 6 1
34	4	0.0	3	0 0 0 4
44	1	0.0	3	1


=== First read: Adapter 10 ===

Sequence: ACGTTGGATGAGATTAGGGAAAGTATTAGA; Type: regular 5'; Length: 30; Trimmed: 163 times.

No. of allowed errors:
0-9 bp: 0; 10-19 bp: 1; 20-29 bp: 2; 30 bp: 3

Overview of removed sequences
length	count	expect	max.err	error counts
3	151	2518.0	0	151
4	11	629.5	0	11
5	1	157.4	0	1


=== First read: Adapter 11 ===

Sequence: ACGTTGGATGGAAAAATAAATTGTAAATCAAATTC; Type: regular 5'; Length: 35; Trimmed: 1062 times.

No. of allowed errors:
0-9 bp: 0; 10-19 bp: 1; 20-29 bp: 2; 30-35 bp: 3

Overview of removed sequences
length	count	expect	max.err	error counts
29	2	0.0	2	1 1
30	15	0.0	3	3 10 2
31	1040	0.0	3	1008 29 2 1
32	4	0.0	3	0 4
61	1	0.0	3	1


=== First read: Adapter 12 ===

Sequence: ACGTTGGATGGAAAAATAAACTGTAAATCATATTCCT; Type: regular 5'; Length: 37; Trimmed: 33613 times.

No. of allowed errors:
0-9 bp: 0; 10-19 bp: 1; 20-29 bp: 2; 30-37 bp: 3

Overview of removed sequences
length	count	expect	max.err	error counts
23	1	0.0	2	1
24	5	0.0	2	2 3
25	4	0.0	2	0 3 1
26	6	0.0	2	3 2 1
27	28	0.0	2	3 22 3
28	111	0.0	2	35 71 5
29	94	0.0	2	37 44 13
30	96	0.0	3	27 53 11 5
31	609	0.0	3	35 120 422 32
32	6555	0.0	3	222 5758 531 44
33	20624	0.0	3	10238 9855 450 81
34	2439	0.0	3	28 824 1449 138
35	2776	0.0	3	0 1 481 2294
36	260	0.0	3	0 0 1 259
37	1	0.0	3	0 1
42	1	0.0	3	0 0 1
46	1	0.0	3	0 1
53	1	0.0	3	1
56	1	0.0	3	1


=== Second read: Adapter 13 ===

Sequence: ACGTTGGATGTTTGTTACTATGGTAGATACCACAC; Type: regular 5'; Length: 35; Trimmed: 17535 times.

No. of allowed errors:
0-9 bp: 0; 10-19 bp: 1; 20-29 bp: 2; 30-35 bp: 3

Overview of removed sequences
length	count	expect	max.err	error counts
3	34	2518.0	0	34
4	52	629.5	0	52
5	1	157.4	0	1
6	2	39.3	0	2
8	1	2.5	0	1
9	1	0.6	0	1
17	1	0.0	1	1
20	3	0.0	2	2 1
21	4	0.0	2	4
22	1	0.0	2	0 1
24	1	0.0	2	0 1
25	24	0.0	2	18 4 2
26	9	0.0	2	5 2 2
27	45	0.0	2	37 3 5
28	79	0.0	2	41 31 7
29	318	0.0	2	178 126 14
30	81	0.0	3	40 36 3 2
31	88	0.0	3	8 38 16 26
32	476	0.0	3	121 111 163 81
33	1792	0.0	3	34 1068 507 183
34	11341	0.0	3	4505 4492 1826 518
35	1026	0.0	3	9 539 355 123
36	171	0.0	3	0 0 92 79
37	1960	0.0	3	0 0 0 1960
38	2	0.0	3	0 0 1 1
41	2	0.0	3	0 0 0 2
42	6	0.0	3	2 4
43	1	0.0	3	1
45	4	0.0	3	0 2 1 1
46	1	0.0	3	0 0 1
48	1	0.0	3	0 1
49	1	0.0	3	0 1
51	1	0.0	3	0 1
52	1	0.0	3	0 0 1
54	3	0.0	3	0 3
55	1	0.0	3	1


=== Second read: Adapter 14 ===

Sequence: ACGTTGGATGTTTGTTACTGTGGTGGATACTAC; Type: regular 5'; Length: 33; Trimmed: 25973 times.

No. of allowed errors:
0-9 bp: 0; 10-19 bp: 1; 20-29 bp: 2; 30-33 bp: 3

Overview of removed sequences
length	count	expect	max.err	error counts
3	20	2518.0	0	20
4	192	629.5	0	192
5	6	157.4	0	6
6	2	39.3	0	2
7	23	9.8	0	23
14	2	0.0	1	1 1
15	4	0.0	1	4
16	3	0.0	1	3
17	7	0.0	1	5 2
18	2	0.0	1	2
19	13	0.0	1	11 2
20	3	0.0	2	3
21	2	0.0	2	2
22	9	0.0	2	2 7
23	97	0.0	2	83 11 3
24	33	0.0	2	19 10 4
25	261	0.0	2	183 53 25
26	280	0.0	2	157 106 17
27	796	0.0	2	497 263 34 2
28	272	0.0	2	120 104 39 9
29	271	0.0	2	43 65 32 131
30	2098	0.0	3	379 253 918 548
31	1954	0.0	3	101 973 664 216
32	16700	0.0	3	7674 6158 2202 666
33	2447	0.0	3	2 1116 1006 323
34	219	0.0	3	5 3 83 128
35	90	0.0	3	0 2 0 88
36	6	0.0	3	3 1 0 2
37	2	0.0	3	0 0 0 2
38	12	0.0	3	0 1 8 3
39	5	0.0	3	2 3
40	26	0.0	3	13 11 0 2
41	16	0.0	3	6 6 3 1
42	6	0.0	3	2 3 1
43	16	0.0	3	11 4 0 1
44	13	0.0	3	6 4 3
45	7	0.0	3	3 2 1 1
46	8	0.0	3	2 2 3 1
47	6	0.0	3	1 3 2
48	7	0.0	3	1 1 3 2
49	10	0.0	3	4 4 2
50	5	0.0	3	1 3 1
51	9	0.0	3	6 2 0 1
52	6	0.0	3	2 3 0 1
53	4	0.0	3	2 2
55	1	0.0	3	0 1
56	2	0.0	3	1 0 1


=== Second read: Adapter 15 ===

Sequence: ACGTTGGATGTTTGTTACTGTTGTGGATACAAC; Type: regular 5'; Length: 33; Trimmed: 19309 times.

No. of allowed errors:
0-9 bp: 0; 10-19 bp: 1; 20-29 bp: 2; 30-33 bp: 3

Overview of removed sequences
length	count	expect	max.err	error counts
3	107	2518.0	0	107
4	47	629.5	0	47
5	2	157.4	0	2
7	17	9.8	0	17
15	2	0.0	1	2
16	1	0.0	1	1
18	1	0.0	1	1
19	5	0.0	1	5
20	1	0.0	2	1
21	1	0.0	2	1
22	1	0.0	2	0 1
23	48	0.0	2	42 6
24	16	0.0	2	12 4
25	128	0.0	2	102 20 6
26	148	0.0	2	99 40 9
27	897	0.0	2	756 121 20
28	225	0.0	2	178 39 8
29	129	0.0	2	46 58 12 13
30	916	0.0	3	467 147 198 104
31	1550	0.0	3	140 862 374 174
32	13277	0.0	3	6507 4482 1778 510
33	1087	0.0	3	9 748 220 110
34	274	0.0	3	5 4 155 110
35	320	0.0	3	1 1 0 318
36	4	0.0	3	4
38	1	0.0	3	0 0 1
39	4	0.0	3	2 2
40	20	0.0	3	8 10 1 1
41	11	0.0	3	8 2 1
42	2	0.0	3	2
43	13	0.0	3	12 0 0 1
44	17	0.0	3	12 5
46	1	0.0	3	0 1
47	6	0.0	3	2 2 1 1
48	6	0.0	3	5 0 0 1
49	1	0.0	3	1
50	5	0.0	3	4 1
51	6	0.0	3	1 2 2 1
52	2	0.0	3	1 1
53	5	0.0	3	3 2
54	1	0.0	3	0 1
55	1	0.0	3	1
56	1	0.0	3	0 1
57	1	0.0	3	1
65	1	0.0	3	0 1


=== Second read: Adapter 16 ===

Sequence: ACGTTGGATGTTTGTTACCGTTGTTGATACTAC; Type: regular 5'; Length: 33; Trimmed: 19567 times.

No. of allowed errors:
0-9 bp: 0; 10-19 bp: 1; 20-29 bp: 2; 30-33 bp: 3

Overview of removed sequences
length	count	expect	max.err	error counts
10	1	0.2	1	0 1
14	2	0.0	1	1 1
15	1	0.0	1	1
16	2	0.0	1	2
17	2	0.0	1	1 1
18	5	0.0	1	4 1
19	4	0.0	1	4
22	3	0.0	2	2 1
23	41	0.0	2	38 3
24	7	0.0	2	5 2
25	97	0.0	2	70 18 9
26	204	0.0	2	131 64 9
27	1129	0.0	2	979 127 22 1
28	308	0.0	2	231 54 20 3
29	328	0.0	2	86 61 21 160
30	1465	0.0	3	810 196 278 181
31	1410	0.0	3	226 620 369 195
32	13348	0.0	3	6186 4026 2053 1083
33	870	0.0	3	6 508 270 86
34	240	0.0	3	12 3 100 125
35	50	0.0	3	2 0 0 48
36	4	0.0	3	2 2
37	4	0.0	3	3 1
38	1	0.0	3	0 1
39	1	0.0	3	0 1
40	6	0.0	3	5 0 0 1
41	6	0.0	3	5 1
42	1	0.0	3	0 1
43	14	0.0	3	11 1 1 1
44	1	0.0	3	1
47	2	0.0	3	2
48	3	0.0	3	2 1
49	1	0.0	3	1
50	2	0.0	3	2
54	1	0.0	3	1
57	1	0.0	3	1
61	1	0.0	3	1
74	1	0.0	3	0 0 0 1


=== Second read: Adapter 17 ===

Sequence: ACGTTGGATGAATATATGTGTGCTTATTTG; Type: regular 5'; Length: 30; Trimmed: 419 times.

No. of allowed errors:
0-9 bp: 0; 10-19 bp: 1; 20-29 bp: 2; 30 bp: 3

Overview of removed sequences
length	count	expect	max.err	error counts
3	70	2518.0	0	70
4	41	629.5	0	41
5	306	157.4	0	306
6	1	39.3	0	1
29	1	0.0	2	1


=== Second read: Adapter 18 ===

Sequence: ACGTTGGATGTTTGTTACTAAGGTAGATACCACTC; Type: regular 5'; Length: 35; Trimmed: 8513 times.

No. of allowed errors:
0-9 bp: 0; 10-19 bp: 1; 20-29 bp: 2; 30-35 bp: 3

Overview of removed sequences
length	count	expect	max.err	error counts
3	131	2518.0	0	131
4	101	629.5	0	101
6	4	39.3	0	4
9	1	0.6	0	1
24	1	0.0	2	1
25	10	0.0	2	9 1
26	2	0.0	2	1 1
27	15	0.0	2	11 4
28	44	0.0	2	32 8 4
29	148	0.0	2	135 10 3
30	40	0.0	3	30 6 3 1
31	37	0.0	3	14 15 0 8
32	176	0.0	3	99 20 42 15
33	834	0.0	3	38 625 127 44
34	6391	0.0	3	4827 1295 210 59
35	372	0.0	3	4 191 143 34
36	130	0.0	3	0 1 25 104
37	70	0.0	3	0 0 0 70
42	2	0.0	3	2
43	1	0.0	3	0 0 1
45	1	0.0	3	1
49	1	0.0	3	0 0 0 1
51	1	0.0	3	0 0 1


=== Second read: Adapter 19 ===

Sequence: ACGTTGGATGGAAAAATAAACTGCAAATCATATTC; Type: regular 5'; Length: 35; Trimmed: 12091 times.

No. of allowed errors:
0-9 bp: 0; 10-19 bp: 1; 20-29 bp: 2; 30-35 bp: 3

Overview of removed sequences
length	count	expect	max.err	error counts
3	39	2518.0	0	39
4	911	629.5	0	911
5	2	157.4	0	2
6	5	39.3	0	5
7	10	9.8	0	10
10	13	0.2	1	0 13
18	1	0.0	1	1
21	1	0.0	2	1
25	2	0.0	2	2
26	2	0.0	2	2
27	8	0.0	2	7 1
28	12	0.0	2	7 3 2
29	66	0.0	2	55 10 1
30	26	0.0	3	22 1 3
31	81	0.0	3	21 9 0 51
32	164	0.0	3	67 25 56 16
33	646	0.0	3	13 505 97 31
34	7976	0.0	3	6422 1209 225 120
35	1966	0.0	3	1 1645 219 101
36	57	0.0	3	2 2 25 28
37	89	0.0	3	1 0 0 88
41	1	0.0	3	0 1
43	1	0.0	3	0 1
44	1	0.0	3	0 1
45	1	0.0	3	0 1
49	2	0.0	3	0 2
51	1	0.0	3	1
53	3	0.0	3	1 1 1
56	2	0.0	3	0 1 1
65	1	0.0	3	0 1
69	1	0.0	3	0 1


=== Second read: Adapter 20 ===

Sequence: ACGTTGGATGAGATTAGGGAAAGTATTAGA; Type: regular 5'; Length: 30; Trimmed: 354 times.

No. of allowed errors:
0-9 bp: 0; 10-19 bp: 1; 20-29 bp: 2; 30 bp: 3

Overview of removed sequences
length	count	expect	max.err	error counts
3	314	2518.0	0	314
4	1	629.5	0	1
5	2	157.4	0	2
6	35	39.3	0	35
12	2	0.0	1	0 2


=== Second read: Adapter 21 ===

Sequence: ACGTTGGATGGAAAAATAAATTGTAAATCATACTC; Type: regular 5'; Length: 35; Trimmed: 894 times.

No. of allowed errors:
0-9 bp: 0; 10-19 bp: 1; 20-29 bp: 2; 30-35 bp: 3

Overview of removed sequences
length	count	expect	max.err	error counts
5	1	157.4	0	1
6	105	39.3	0	105
7	4	9.8	0	4
10	4	0.2	1	1 3
29	2	0.0	2	1 1
31	2	0.0	3	0 0 0 2
32	24	0.0	3	6 1 13 4
33	22	0.0	3	2 14 2 4
34	701	0.0	3	531 112 19 39
35	16	0.0	3	0 4 6 6
36	7	0.0	3	0 0 3 4
37	5	0.0	3	0 0 0 5
45	1	0.0	3	1


=== Second read: Adapter 22 ===

Sequence: ACGTTGGATGGAAAAATAAACTGTAAATCATATTCCT; Type: regular 5'; Length: 37; Trimmed: 31028 times.

No. of allowed errors:
0-9 bp: 0; 10-19 bp: 1; 20-29 bp: 2; 30-37 bp: 3

Overview of removed sequences
length	count	expect	max.err	error counts
3	136	2518.0	0	136
4	2	629.5	0	2
5	6	157.4	0	6
6	26	39.3	0	26
8	5	2.5	0	5
18	1	0.0	1	1
19	1	0.0	1	1
21	3	0.0	2	2 0 1
22	1	0.0	2	0 0 1
24	3	0.0	2	1 2
25	1	0.0	2	0 1
26	4	0.0	2	3 1
27	1	0.0	2	1
28	13	0.0	2	7 6
29	14	0.0	2	6 7 1
30	34	0.0	3	3 21 8 2
31	104	0.0	3	38 52 13 1
32	102	0.0	3	30 57 11 4
33	95	0.0	3	12 42 21 20
34	687	0.0	3	95 101 388 103
35	4940	0.0	3	28 3838 863 211
36	19873	0.0	3	8181 9689 1648 355
37	2305	0.0	3	1 754 1295 255
38	2383	0.0	3	2 3 366 2012
39	253	0.0	3	0 3 0 250
41	1	0.0	3	0 1
43	3	0.0	3	0 2 1
44	9	0.0	3	1 7 1
46	4	0.0	3	1 1 0 2
47	4	0.0	3	0 2 1 1
48	7	0.0	3	3 4
49	2	0.0	3	0 2
50	3	0.0	3	1 2
53	1	0.0	3	0 1
56	1	0.0	3	0 1


=== Second read: Adapter 23 ===

Sequence: ACGTTGGATGGAAAAATAAACTGTAAATCATATTC; Type: regular 5'; Length: 35; Trimmed: 3826 times.

No. of allowed errors:
0-9 bp: 0; 10-19 bp: 1; 20-29 bp: 2; 30-35 bp: 3

Overview of removed sequences
length	count	expect	max.err	error counts
18	1	0.0	1	1
24	1	0.0	2	0 1
25	2	0.0	2	2
27	1	0.0	2	1
29	23	0.0	2	13 6 4
30	12	0.0	3	8 2 2
31	48	0.0	3	3 2 0 43
32	74	0.0	3	19 4 39 12
33	281	0.0	3	5 204 48 24
34	3120	0.0	3	2135 777 141 67
35	231	0.0	3	1 102 56 72
36	23	0.0	3	1 0 3 19
37	8	0.0	3	0 0 0 8
42	1	0.0	3	0 1


=== Second read: Adapter 24 ===

Sequence: ACGTTGGATGGAAAAATAAATTGTAAATCAAATTC; Type: regular 5'; Length: 35; Trimmed: 694 times.

No. of allowed errors:
0-9 bp: 0; 10-19 bp: 1; 20-29 bp: 2; 30-35 bp: 3

Overview of removed sequences
length	count	expect	max.err	error counts
5	13	157.4	0	13
6	4	39.3	0	4
7	8	9.8	0	8
10	4	0.2	1	0 4
30	1	0.0	3	0 1
32	2	0.0	3	2
33	16	0.0	3	3 13
34	630	0.0	3	514 96 14 6
35	14	0.0	3	0 12 2
36	1	0.0	3	1
37	1	0.0	3	0 0 0 1
