This is cutadapt 2.6 with Python 3.7.3
Command line parameters: -g ACGTTGGATGTTTGTTACTATGGTAGATACCACAC -g ACGTTGGATGTTTGTTACTAAGGTAGATACCACTC -g ACGTTGGATGTTTGTTACTGTGGTGGATACTAC -g ACGTTGGATGTTTGTTACTGTTGTGGATACAAC -g ACGTTGGATGTTTGTTACCGTTGTTGATACTAC -g ACGTTGGATGAATATATGTGTGCTTATTTG -G ACGTTGGATGTTTGTTACTATGGTAGATACCACAC -G ACGTTGGATGTTTGTTACTGTGGTGGATACTAC -G ACGTTGGATGTTTGTTACTGTTGTGGATACAAC -G ACGTTGGATGTTTGTTACCGTTGTTGATACTAC -G ACGTTGGATGAATATATGTGTGCTTATTTG -G ACGTTGGATGTTTGTTACTAAGGTAGATACCACTC -g ACGTTGGATGGAAAAATAAACTGCAAATCATATTC -g ACGTTGGATGGAAAAATAAACTGTAAATCATATTC -g ACGTTGGATGGAAAAATAAATTGTAAATCATACTC -g ACGTTGGATGAGATTAGGGAAAGTATTAGA -g ACGTTGGATGGAAAAATAAATTGTAAATCAAATTC -g ACGTTGGATGGAAAAATAAACTGTAAATCATATTCCT -G ACGTTGGATGGAAAAATAAACTGCAAATCATATTC -G ACGTTGGATGAGATTAGGGAAAGTATTAGA -G ACGTTGGATGGAAAAATAAATTGTAAATCATACTC -G ACGTTGGATGGAAAAATAAACTGTAAATCATATTCCT -G ACGTTGGATGGAAAAATAAACTGTAAATCATATTC -G ACGTTGGATGGAAAAATAAATTGTAAATCAAATTC --minimum-length=1 -o /data/projects/mdc-971/data_from_Jan_2020/analysis/30.primer_trimmed/190553_S86_L001_cutadapt.1.fq.gz -p /data/projects/mdc-971/data_from_Jan_2020/analysis/30.primer_trimmed/190553_S86_L001_cutadapt.2.fq.gz /data/projects/mdc-971/data_from_Jan_2020/analysis/20.adapter_trimmed/190553_S86_L001_R1_001.bbduked.trimmed.fastq.gz /data/projects/mdc-971/data_from_Jan_2020/analysis/20.adapter_trimmed/190553_S86_L001_R2_001.bbduked.trimmed.fastq.gz
Processing reads on 1 core in paired-end mode ...
Finished in 0.99 s (314 us/read; 0.19 M reads/minute).

=== Summary ===

Total read pairs processed:              3,141
  Read 1 with adapter:                   1,475 (47.0%)
  Read 2 with adapter:                   1,469 (46.8%)
Pairs that were too short:                   0 (0.0%)
Pairs written (passing filters):         3,141 (100.0%)

Total basepairs processed:       736,017 bp
  Read 1:       264,867 bp
  Read 2:       471,150 bp
Total written (filtered):        643,815 bp (87.5%)
  Read 1:       218,862 bp
  Read 2:       424,953 bp

=== First read: Adapter 1 ===

Sequence: ACGTTGGATGTTTGTTACTATGGTAGATACCACAC; Type: regular 5'; Length: 35; Trimmed: 231 times.

No. of allowed errors:
0-9 bp: 0; 10-19 bp: 1; 20-29 bp: 2; 30-35 bp: 3

Overview of removed sequences
length	count	expect	max.err	error counts
23	1	0.0	2	1
24	1	0.0	2	1
26	2	0.0	2	1 1
30	5	0.0	3	0 2 2 1
31	33	0.0	3	3 22 8
32	150	0.0	3	80 63 6 1
33	9	0.0	3	0 6 1 2
34	3	0.0	3	0 0 2 1
35	26	0.0	3	0 0 0 26
36	1	0.0	3	0 0 0 1


=== First read: Adapter 2 ===

Sequence: ACGTTGGATGTTTGTTACTAAGGTAGATACCACTC; Type: regular 5'; Length: 35; Trimmed: 86 times.

No. of allowed errors:
0-9 bp: 0; 10-19 bp: 1; 20-29 bp: 2; 30-35 bp: 3

Overview of removed sequences
length	count	expect	max.err	error counts
3	1	49.1	0	1
30	5	0.0	3	2 1 2
31	10	0.0	3	3 7
32	64	0.0	3	60 3 1
33	4	0.0	3	1 1 2
34	1	0.0	3	0 0 1
35	1	0.0	3	0 0 0 1


=== First read: Adapter 3 ===

Sequence: ACGTTGGATGTTTGTTACTGTGGTGGATACTAC; Type: regular 5'; Length: 33; Trimmed: 187 times.

No. of allowed errors:
0-9 bp: 0; 10-19 bp: 1; 20-29 bp: 2; 30-33 bp: 3

Overview of removed sequences
length	count	expect	max.err	error counts
22	2	0.0	2	2
23	2	0.0	2	2
24	2	0.0	2	1 1
25	2	0.0	2	2
26	3	0.0	2	3
27	6	0.0	2	2 1 1 2
28	5	0.0	2	1 1 2 1
29	22	0.0	2	7 13 2
30	125	0.0	3	72 50 3
31	17	0.0	3	0 11 6
36	1	0.0	3	1


=== First read: Adapter 4 ===

Sequence: ACGTTGGATGTTTGTTACTGTTGTGGATACAAC; Type: regular 5'; Length: 33; Trimmed: 177 times.

No. of allowed errors:
0-9 bp: 0; 10-19 bp: 1; 20-29 bp: 2; 30-33 bp: 3

Overview of removed sequences
length	count	expect	max.err	error counts
23	5	0.0	2	4 0 1
24	1	0.0	2	1
25	1	0.0	2	1
26	2	0.0	2	2
27	3	0.0	2	3
28	8	0.0	2	6 0 2
29	20	0.0	2	4 14 1 1
30	128	0.0	3	109 17 2
31	4	0.0	3	1 3
32	1	0.0	3	0 0 1
33	4	0.0	3	0 0 0 4


=== First read: Adapter 5 ===

Sequence: ACGTTGGATGTTTGTTACCGTTGTTGATACTAC; Type: regular 5'; Length: 33; Trimmed: 224 times.

No. of allowed errors:
0-9 bp: 0; 10-19 bp: 1; 20-29 bp: 2; 30-33 bp: 3

Overview of removed sequences
length	count	expect	max.err	error counts
24	1	0.0	2	1
26	5	0.0	2	5
27	6	0.0	2	4 0 0 2
28	8	0.0	2	3 2 3
29	13	0.0	2	4 7 2
30	181	0.0	3	163 16 2
31	8	0.0	3	0 5 2 1
32	2	0.0	3	0 0 0 2


=== First read: Adapter 6 ===

Sequence: ACGTTGGATGAATATATGTGTGCTTATTTG; Type: regular 5'; Length: 30; Trimmed: 2 times.

No. of allowed errors:
0-9 bp: 0; 10-19 bp: 1; 20-29 bp: 2; 30 bp: 3

Overview of removed sequences
length	count	expect	max.err	error counts
3	2	49.1	0	2


=== First read: Adapter 7 ===

Sequence: ACGTTGGATGGAAAAATAAACTGCAAATCATATTC; Type: regular 5'; Length: 35; Trimmed: 148 times.

No. of allowed errors:
0-9 bp: 0; 10-19 bp: 1; 20-29 bp: 2; 30-35 bp: 3

Overview of removed sequences
length	count	expect	max.err	error counts
3	1	49.1	0	1
28	1	0.0	2	1
29	1	0.0	2	0 0 0 1
30	1	0.0	3	0 0 1
31	11	0.0	3	1 9 1
32	105	0.0	3	102 0 3
33	27	0.0	3	0 26 1
34	1	0.0	3	0 0 0 1


=== First read: Adapter 8 ===

Sequence: ACGTTGGATGGAAAAATAAACTGTAAATCATATTC; Type: regular 5'; Length: 35; Trimmed: 26 times.

No. of allowed errors:
0-9 bp: 0; 10-19 bp: 1; 20-29 bp: 2; 30-35 bp: 3

Overview of removed sequences
length	count	expect	max.err	error counts
30	1	0.0	3	0 1
31	3	0.0	3	0 3
32	22	0.0	3	22


=== First read: Adapter 9 ===

Sequence: ACGTTGGATGGAAAAATAAATTGTAAATCATACTC; Type: regular 5'; Length: 35; Trimmed: 9 times.

No. of allowed errors:
0-9 bp: 0; 10-19 bp: 1; 20-29 bp: 2; 30-35 bp: 3

Overview of removed sequences
length	count	expect	max.err	error counts
31	1	0.0	3	1
32	8	0.0	3	8


=== First read: Adapter 10 ===

Sequence: ACGTTGGATGAGATTAGGGAAAGTATTAGA; Type: regular 5'; Length: 30; Trimmed: 13 times.

No. of allowed errors:
0-9 bp: 0; 10-19 bp: 1; 20-29 bp: 2; 30 bp: 3

Overview of removed sequences
length	count	expect	max.err	error counts
3	13	49.1	0	13


=== First read: Adapter 11 ===

Sequence: ACGTTGGATGGAAAAATAAATTGTAAATCAAATTC; Type: regular 5'; Length: 35; Trimmed: 10 times.

No. of allowed errors:
0-9 bp: 0; 10-19 bp: 1; 20-29 bp: 2; 30-35 bp: 3

Overview of removed sequences
length	count	expect	max.err	error counts
7	1	0.2	0	1
32	8	0.0	3	8
33	1	0.0	3	0 1


=== First read: Adapter 12 ===

Sequence: ACGTTGGATGGAAAAATAAACTGTAAATCATATTCCT; Type: regular 5'; Length: 37; Trimmed: 362 times.

No. of allowed errors:
0-9 bp: 0; 10-19 bp: 1; 20-29 bp: 2; 30-37 bp: 3

Overview of removed sequences
length	count	expect	max.err	error counts
29	1	0.0	2	0 1
30	1	0.0	3	1
32	8	0.0	3	0 1 6 1
33	63	0.0	3	2 58 1 2
34	238	0.0	3	143 88 7
35	28	0.0	3	0 7 17 4
36	19	0.0	3	0 0 4 15
37	4	0.0	3	0 0 0 4


=== Second read: Adapter 13 ===

Sequence: ACGTTGGATGTTTGTTACTATGGTAGATACCACAC; Type: regular 5'; Length: 35; Trimmed: 173 times.

No. of allowed errors:
0-9 bp: 0; 10-19 bp: 1; 20-29 bp: 2; 30-35 bp: 3

Overview of removed sequences
length	count	expect	max.err	error counts
3	5	49.1	0	5
4	2	12.3	0	2
5	1	3.1	0	1
11	1	0.0	1	0 1
30	4	0.0	3	2 2
31	1	0.0	3	1
32	1	0.0	3	0 0 1
33	7	0.0	3	2 2 2 1
34	13	0.0	3	0 8 4 1
35	112	0.0	3	49 41 16 6
36	11	0.0	3	0 5 5 1
37	1	0.0	3	0 0 0 1
38	14	0.0	3	0 0 0 14


=== Second read: Adapter 14 ===

Sequence: ACGTTGGATGTTTGTTACTGTGGTGGATACTAC; Type: regular 5'; Length: 33; Trimmed: 255 times.

No. of allowed errors:
0-9 bp: 0; 10-19 bp: 1; 20-29 bp: 2; 30-33 bp: 3

Overview of removed sequences
length	count	expect	max.err	error counts
3	3	49.1	0	3
5	2	3.1	0	2
25	1	0.0	2	0 1
26	3	0.0	2	2 1
28	4	0.0	2	2 2
29	6	0.0	2	3 1 2
30	4	0.0	3	0 2 0 2
31	20	0.0	3	5 0 7 8
32	16	0.0	3	3 8 4 1
33	157	0.0	3	65 63 21 8
34	32	0.0	3	0 14 15 3
35	3	0.0	3	0 0 2 1
36	2	0.0	3	0 0 0 2
44	1	0.0	3	1
56	1	0.0	3	1


=== Second read: Adapter 15 ===

Sequence: ACGTTGGATGTTTGTTACTGTTGTGGATACAAC; Type: regular 5'; Length: 33; Trimmed: 200 times.

No. of allowed errors:
0-9 bp: 0; 10-19 bp: 1; 20-29 bp: 2; 30-33 bp: 3

Overview of removed sequences
length	count	expect	max.err	error counts
3	21	49.1	0	21
5	1	3.1	0	1
6	1	0.8	0	1
8	5	0.0	0	5
26	1	0.0	2	1
27	1	0.0	2	1
28	6	0.0	2	4 2
29	1	0.0	2	0 0 1
31	6	0.0	3	4 0 2
32	13	0.0	3	1 7 3 2
33	124	0.0	3	45 47 21 11
34	11	0.0	3	1 7 1 2
35	5	0.0	3	0 1 4
36	2	0.0	3	0 0 0 2
42	1	0.0	3	0 1
49	1	0.0	3	1


=== Second read: Adapter 16 ===

Sequence: ACGTTGGATGTTTGTTACCGTTGTTGATACTAC; Type: regular 5'; Length: 33; Trimmed: 204 times.

No. of allowed errors:
0-9 bp: 0; 10-19 bp: 1; 20-29 bp: 2; 30-33 bp: 3

Overview of removed sequences
length	count	expect	max.err	error counts
27	2	0.0	2	2
28	5	0.0	2	5
29	3	0.0	2	2 1
30	3	0.0	3	0 1 0 2
31	13	0.0	3	7 1 2 3
32	16	0.0	3	1 7 7 1
33	150	0.0	3	61 53 16 20
34	8	0.0	3	0 4 3 1
35	4	0.0	3	0 0 1 3


=== Second read: Adapter 17 ===

Sequence: ACGTTGGATGAATATATGTGTGCTTATTTG; Type: regular 5'; Length: 30; Trimmed: 1 times.

No. of allowed errors:
0-9 bp: 0; 10-19 bp: 1; 20-29 bp: 2; 30 bp: 3

Overview of removed sequences
length	count	expect	max.err	error counts
3	1	49.1	0	1


=== Second read: Adapter 18 ===

Sequence: ACGTTGGATGTTTGTTACTAAGGTAGATACCACTC; Type: regular 5'; Length: 35; Trimmed: 85 times.

No. of allowed errors:
0-9 bp: 0; 10-19 bp: 1; 20-29 bp: 2; 30-35 bp: 3

Overview of removed sequences
length	count	expect	max.err	error counts
3	4	49.1	0	4
4	10	12.3	0	10
5	3	3.1	0	3
9	1	0.0	0	0 1
11	1	0.0	1	0 1
30	4	0.0	3	4
33	1	0.0	3	1
34	5	0.0	3	0 3 1 1
35	51	0.0	3	40 11
36	4	0.0	3	0 4
38	1	0.0	3	0 0 0 1


=== Second read: Adapter 19 ===

Sequence: ACGTTGGATGGAAAAATAAACTGCAAATCATATTC; Type: regular 5'; Length: 35; Trimmed: 102 times.

No. of allowed errors:
0-9 bp: 0; 10-19 bp: 1; 20-29 bp: 2; 30-35 bp: 3

Overview of removed sequences
length	count	expect	max.err	error counts
3	2	49.1	0	2
4	1	12.3	0	1
5	6	3.1	0	6
11	1	0.0	1	0 1
30	1	0.0	3	1
33	2	0.0	3	0 0 2
34	2	0.0	3	0 1 1
35	70	0.0	3	59 7 1 3
36	16	0.0	3	0 13 1 2
37	1	0.0	3	0 0 0 1


=== Second read: Adapter 20 ===

Sequence: ACGTTGGATGAGATTAGGGAAAGTATTAGA; Type: regular 5'; Length: 30; Trimmed: 6 times.

No. of allowed errors:
0-9 bp: 0; 10-19 bp: 1; 20-29 bp: 2; 30 bp: 3

Overview of removed sequences
length	count	expect	max.err	error counts
3	5	49.1	0	5
4	1	12.3	0	1


=== Second read: Adapter 21 ===

Sequence: ACGTTGGATGGAAAAATAAATTGTAAATCATACTC; Type: regular 5'; Length: 35; Trimmed: 5 times.

No. of allowed errors:
0-9 bp: 0; 10-19 bp: 1; 20-29 bp: 2; 30-35 bp: 3

Overview of removed sequences
length	count	expect	max.err	error counts
35	5	0.0	3	3 1 0 1


=== Second read: Adapter 22 ===

Sequence: ACGTTGGATGGAAAAATAAACTGTAAATCATATTCCT; Type: regular 5'; Length: 37; Trimmed: 366 times.

No. of allowed errors:
0-9 bp: 0; 10-19 bp: 1; 20-29 bp: 2; 30-37 bp: 3

Overview of removed sequences
length	count	expect	max.err	error counts
3	42	49.1	0	42
4	1	12.3	0	1
7	1	0.2	0	1
13	1	0.0	1	0 1
29	1	0.0	2	0 1
30	1	0.0	3	0 1
34	1	0.0	3	0 1
35	9	0.0	3	0 0 8 1
36	48	0.0	3	0 39 6 3
37	207	0.0	3	93 95 13 6
38	31	0.0	3	0 8 17 6
39	20	0.0	3	0 0 1 19
40	3	0.0	3	0 0 0 3


=== Second read: Adapter 23 ===

Sequence: ACGTTGGATGGAAAAATAAACTGTAAATCATATTC; Type: regular 5'; Length: 35; Trimmed: 44 times.

No. of allowed errors:
0-9 bp: 0; 10-19 bp: 1; 20-29 bp: 2; 30-35 bp: 3

Overview of removed sequences
length	count	expect	max.err	error counts
33	2	0.0	3	2
34	4	0.0	3	0 2 1 1
35	34	0.0	3	24 7 3
36	3	0.0	3	0 1 0 2
37	1	0.0	3	0 0 0 1


=== Second read: Adapter 24 ===

Sequence: ACGTTGGATGGAAAAATAAATTGTAAATCAAATTC; Type: regular 5'; Length: 35; Trimmed: 28 times.

No. of allowed errors:
0-9 bp: 0; 10-19 bp: 1; 20-29 bp: 2; 30-35 bp: 3

Overview of removed sequences
length	count	expect	max.err	error counts
5	19	3.1	0	19
6	1	0.8	0	1
35	8	0.0	3	6 2
