This is cutadapt 2.6 with Python 3.7.3
Command line parameters: -g ACGTTGGATGTTTGTTACTATGGTAGATACCACAC -g ACGTTGGATGTTTGTTACTAAGGTAGATACCACTC -g ACGTTGGATGTTTGTTACTGTGGTGGATACTAC -g ACGTTGGATGTTTGTTACTGTTGTGGATACAAC -g ACGTTGGATGTTTGTTACCGTTGTTGATACTAC -g ACGTTGGATGAATATATGTGTGCTTATTTG -G ACGTTGGATGTTTGTTACTATGGTAGATACCACAC -G ACGTTGGATGTTTGTTACTGTGGTGGATACTAC -G ACGTTGGATGTTTGTTACTGTTGTGGATACAAC -G ACGTTGGATGTTTGTTACCGTTGTTGATACTAC -G ACGTTGGATGAATATATGTGTGCTTATTTG -G ACGTTGGATGTTTGTTACTAAGGTAGATACCACTC -g ACGTTGGATGGAAAAATAAACTGCAAATCATATTC -g ACGTTGGATGGAAAAATAAACTGTAAATCATATTC -g ACGTTGGATGGAAAAATAAATTGTAAATCATACTC -g ACGTTGGATGAGATTAGGGAAAGTATTAGA -g ACGTTGGATGGAAAAATAAATTGTAAATCAAATTC -g ACGTTGGATGGAAAAATAAACTGTAAATCATATTCCT -G ACGTTGGATGGAAAAATAAACTGCAAATCATATTC -G ACGTTGGATGAGATTAGGGAAAGTATTAGA -G ACGTTGGATGGAAAAATAAATTGTAAATCATACTC -G ACGTTGGATGGAAAAATAAACTGTAAATCATATTCCT -G ACGTTGGATGGAAAAATAAACTGTAAATCATATTC -G ACGTTGGATGGAAAAATAAATTGTAAATCAAATTC --minimum-length=1 -o /data/projects/mdc-971/data_from_Jan_2020/analysis/30.primer_trimmed/190595_S39_L001_cutadapt.1.fq.gz -p /data/projects/mdc-971/data_from_Jan_2020/analysis/30.primer_trimmed/190595_S39_L001_cutadapt.2.fq.gz /data/projects/mdc-971/data_from_Jan_2020/analysis/20.adapter_trimmed/190595_S39_L001_R1_001.bbduked.trimmed.fastq.gz /data/projects/mdc-971/data_from_Jan_2020/analysis/20.adapter_trimmed/190595_S39_L001_R2_001.bbduked.trimmed.fastq.gz
Processing reads on 1 core in paired-end mode ...
Finished in 88.80 s (344 us/read; 0.17 M reads/minute).

=== Summary ===

Total read pairs processed:            258,228
  Read 1 with adapter:                 246,299 (95.4%)
  Read 2 with adapter:                 228,690 (88.6%)
Pairs that were too short:                   0 (0.0%)
Pairs written (passing filters):       258,228 (100.0%)

Total basepairs processed:    70,497,701 bp
  Read 1:    32,021,729 bp
  Read 2:    38,475,972 bp
Total written (filtered):     57,573,113 bp (81.7%)
  Read 1:    26,609,645 bp
  Read 2:    30,963,468 bp

=== First read: Adapter 1 ===

Sequence: ACGTTGGATGTTTGTTACTATGGTAGATACCACAC; Type: regular 5'; Length: 35; Trimmed: 39639 times.

No. of allowed errors:
0-9 bp: 0; 10-19 bp: 1; 20-29 bp: 2; 30-35 bp: 3

Overview of removed sequences
length	count	expect	max.err	error counts
3	2	4034.8	0	2
4	3	1008.7	0	3
5	1	252.2	0	1
8	2	3.9	0	2
9	2	1.0	0	2
10	2	0.2	1	2
11	7	0.1	1	7
12	5	0.0	1	5
13	2	0.0	1	2
14	15	0.0	1	14 1
15	41	0.0	1	37 4
16	38	0.0	1	32 6
17	49	0.0	1	36 13
18	110	0.0	1	67 42 1
19	114	0.0	1	68 45 1
20	115	0.0	2	54 40 21
21	615	0.0	2	148 165 302
22	4816	0.0	2	2385 1889 542
23	31698	0.0	2	15336 15582 780
24	1600	0.0	2	738 616 246
25	384	0.0	2	12 9 363
26	8	0.0	2	0 0 8
27	2	0.0	2	0 0 2
28	1	0.0	2	1
31	2	0.0	3	1 0 1
33	1	0.0	3	0 0 0 1
46	1	0.0	3	0 0 1
48	1	0.0	3	0 0 0 1
53	1	0.0	3	0 1
55	1	0.0	3	1


=== First read: Adapter 2 ===

Sequence: ACGTTGGATGTTTGTTACTAAGGTAGATACCACTC; Type: regular 5'; Length: 35; Trimmed: 16759 times.

No. of allowed errors:
0-9 bp: 0; 10-19 bp: 1; 20-29 bp: 2; 30-35 bp: 3

Overview of removed sequences
length	count	expect	max.err	error counts
3	1	4034.8	0	1
4	1	1008.7	0	1
10	1	0.2	1	1
11	2	0.1	1	2
12	1	0.0	1	1
13	1	0.0	1	1
14	5	0.0	1	4 1
15	8	0.0	1	8
16	11	0.0	1	9 2
17	26	0.0	1	22 4
18	42	0.0	1	39 3
19	60	0.0	1	56 4
20	62	0.0	2	44 13 5
21	253	0.0	2	86 51 116
22	1993	0.0	2	418 1486 89
23	13603	0.0	2	12917 648 38
24	373	0.0	2	145 148 80
25	310	0.0	2	0 1 309
26	1	0.0	2	0 0 1
27	1	0.0	2	0 1
34	2	0.0	3	2
42	1	0.0	3	1
54	1	0.0	3	1


=== First read: Adapter 3 ===

Sequence: ACGTTGGATGTTTGTTACTGTGGTGGATACTAC; Type: regular 5'; Length: 33; Trimmed: 32089 times.

No. of allowed errors:
0-9 bp: 0; 10-19 bp: 1; 20-29 bp: 2; 30-33 bp: 3

Overview of removed sequences
length	count	expect	max.err	error counts
3	31	4034.8	0	31
4	1	1008.7	0	1
5	4	252.2	0	4
6	2	63.0	0	2
7	7	15.8	0	7
8	23	3.9	0	23
9	16	1.0	0	15 1
10	19	0.2	1	19
11	14	0.1	1	13 1
12	50	0.0	1	42 8
13	281	0.0	1	259 22
14	211	0.0	1	187 24
15	202	0.0	1	183 19
16	326	0.0	1	254 72
17	263	0.0	1	190 73
18	428	0.0	1	283 104 41
19	1472	0.0	1	326 229 917
20	3337	0.0	2	1001 1921 415
21	22602	0.0	2	13760 8335 507
22	2644	0.0	2	58 1595 991
23	124	0.0	2	3 4 117
24	1	0.0	2	0 0 1
25	6	0.0	2	3 3
29	4	0.0	2	2 2
30	2	0.0	3	1 0 1
31	1	0.0	3	0 0 1
34	2	0.0	3	2
35	1	0.0	3	0 0 1
37	2	0.0	3	0 1 0 1
38	1	0.0	3	0 1
39	4	0.0	3	1 0 1 2
41	3	0.0	3	2 0 1
42	2	0.0	3	0 1 0 1
44	1	0.0	3	1
52	1	0.0	3	1
53	1	0.0	3	1


=== First read: Adapter 4 ===

Sequence: ACGTTGGATGTTTGTTACTGTTGTGGATACAAC; Type: regular 5'; Length: 33; Trimmed: 29562 times.

No. of allowed errors:
0-9 bp: 0; 10-19 bp: 1; 20-29 bp: 2; 30-33 bp: 3

Overview of removed sequences
length	count	expect	max.err	error counts
3	24	4034.8	0	24
4	22	1008.7	0	22
5	1	252.2	0	1
7	2	15.8	0	2
8	11	3.9	0	11
9	6	1.0	0	6
10	4	0.2	1	4
11	12	0.1	1	11 1
12	29	0.0	1	29
13	152	0.0	1	146 6
14	82	0.0	1	74 8
15	110	0.0	1	95 15
16	233	0.0	1	218 15
17	259	0.0	1	240 19
18	299	0.0	1	247 45 7
19	683	0.0	1	343 126 214
20	3385	0.0	2	1282 1936 167
21	22829	0.0	2	19484 2887 458
22	1093	0.0	2	676 345 72
23	310	0.0	2	13 8 289
24	5	0.0	2	1 1 3
31	1	0.0	3	0 1
32	1	0.0	3	0 1
36	2	0.0	3	0 2
37	3	0.0	3	2 1
39	1	0.0	3	1
44	1	0.0	3	1
48	1	0.0	3	1
52	1	0.0	3	1


=== First read: Adapter 5 ===

Sequence: ACGTTGGATGTTTGTTACCGTTGTTGATACTAC; Type: regular 5'; Length: 33; Trimmed: 38348 times.

No. of allowed errors:
0-9 bp: 0; 10-19 bp: 1; 20-29 bp: 2; 30-33 bp: 3

Overview of removed sequences
length	count	expect	max.err	error counts
9	3	1.0	0	3
10	2	0.2	1	2
11	3	0.1	1	2 1
12	22	0.0	1	20 2
13	87	0.0	1	83 4
14	73	0.0	1	67 6
15	144	0.0	1	126 18
16	321	0.0	1	300 21
17	361	0.0	1	330 31
18	494	0.0	1	404 70 20
19	1209	0.0	1	514 242 453
20	4480	0.0	2	1945 2341 194
21	29640	0.0	2	27343 2133 164
22	1390	0.0	2	197 1025 168
23	93	0.0	2	2 4 87
24	2	0.0	2	2
25	5	0.0	2	5
26	2	0.0	2	2
28	1	0.0	2	1
29	1	0.0	2	1
30	2	0.0	3	2
31	1	0.0	3	1
32	4	0.0	3	3 1
34	1	0.0	3	0 0 0 1
36	1	0.0	3	0 1
42	1	0.0	3	1
48	1	0.0	3	1
52	4	0.0	3	4


=== First read: Adapter 6 ===

Sequence: ACGTTGGATGAATATATGTGTGCTTATTTG; Type: regular 5'; Length: 30; Trimmed: 9 times.

No. of allowed errors:
0-9 bp: 0; 10-19 bp: 1; 20-29 bp: 2; 30 bp: 3

Overview of removed sequences
length	count	expect	max.err	error counts
3	6	4034.8	0	6
5	1	252.2	0	1
9	2	1.0	0	0 2


=== First read: Adapter 7 ===

Sequence: ACGTTGGATGGAAAAATAAACTGCAAATCATATTC; Type: regular 5'; Length: 35; Trimmed: 21968 times.

No. of allowed errors:
0-9 bp: 0; 10-19 bp: 1; 20-29 bp: 2; 30-35 bp: 3

Overview of removed sequences
length	count	expect	max.err	error counts
3	64	4034.8	0	64
4	2	1008.7	0	2
5	1	252.2	0	1
12	2	0.0	1	2
14	5	0.0	1	4 1
15	10	0.0	1	9 1
16	10	0.0	1	5 5
17	20	0.0	1	16 4
18	124	0.0	1	115 9
19	114	0.0	1	98 16
20	110	0.0	2	93 10 7
21	203	0.0	2	81 29 93
22	1763	0.0	2	660 1026 77
23	15337	0.0	2	14622 652 63
24	4155	0.0	2	26 3967 162
25	45	0.0	2	0 7 38
33	1	0.0	3	0 1
45	1	0.0	3	0 1
50	1	0.0	3	1


=== First read: Adapter 8 ===

Sequence: ACGTTGGATGGAAAAATAAACTGTAAATCATATTC; Type: regular 5'; Length: 35; Trimmed: 7142 times.

No. of allowed errors:
0-9 bp: 0; 10-19 bp: 1; 20-29 bp: 2; 30-35 bp: 3

Overview of removed sequences
length	count	expect	max.err	error counts
14	1	0.0	1	1
15	1	0.0	1	1
17	2	0.0	1	2
18	15	0.0	1	15
19	28	0.0	1	28
20	17	0.0	2	13 1 3
21	149	0.0	2	36 5 108
22	561	0.0	2	177 321 63
23	6126	0.0	2	5720 356 50
24	216	0.0	2	29 111 76
25	26	0.0	2	0 0 26


=== First read: Adapter 9 ===

Sequence: ACGTTGGATGGAAAAATAAATTGTAAATCATACTC; Type: regular 5'; Length: 35; Trimmed: 2590 times.

No. of allowed errors:
0-9 bp: 0; 10-19 bp: 1; 20-29 bp: 2; 30-35 bp: 3

Overview of removed sequences
length	count	expect	max.err	error counts
7	1	15.8	0	1
15	1	0.0	1	1
18	1	0.0	1	1
19	3	0.0	1	3
20	1	0.0	2	0 0 1
21	4	0.0	2	1 2 1
22	159	0.0	2	83 74 2
23	2391	0.0	2	2324 61 6
24	25	0.0	2	3 17 5
25	2	0.0	2	0 0 2
30	1	0.0	3	1
31	1	0.0	3	1


=== First read: Adapter 10 ===

Sequence: ACGTTGGATGAGATTAGGGAAAGTATTAGA; Type: regular 5'; Length: 30; Trimmed: 4915 times.

No. of allowed errors:
0-9 bp: 0; 10-19 bp: 1; 20-29 bp: 2; 30 bp: 3

Overview of removed sequences
length	count	expect	max.err	error counts
3	4912	4034.8	0	4912
4	3	1008.7	0	3


=== First read: Adapter 11 ===

Sequence: ACGTTGGATGGAAAAATAAATTGTAAATCAAATTC; Type: regular 5'; Length: 35; Trimmed: 1949 times.

No. of allowed errors:
0-9 bp: 0; 10-19 bp: 1; 20-29 bp: 2; 30-35 bp: 3

Overview of removed sequences
length	count	expect	max.err	error counts
11	1	0.1	1	0 1
18	1	0.0	1	1
20	1	0.0	2	1
21	1	0.0	2	1
22	32	0.0	2	18 12 2
23	1896	0.0	2	1848 44 4
24	15	0.0	2	1 13 1
25	2	0.0	2	0 0 2


=== First read: Adapter 12 ===

Sequence: ACGTTGGATGGAAAAATAAACTGTAAATCATATTCCT; Type: regular 5'; Length: 37; Trimmed: 51329 times.

No. of allowed errors:
0-9 bp: 0; 10-19 bp: 1; 20-29 bp: 2; 30-37 bp: 3

Overview of removed sequences
length	count	expect	max.err	error counts
3	5	4034.8	0	5
7	1	15.8	0	1
13	1	0.0	1	1
14	2	0.0	1	0 2
16	8	0.0	1	2 6
17	8	0.0	1	2 6
18	9	0.0	1	0 9
19	48	0.0	1	8 37 3
20	204	0.0	2	72 130 2
21	204	0.0	2	78 123 3
22	180	0.0	2	55 103 22
23	1077	0.0	2	104 406 567
24	10907	0.0	2	1168 9130 609
25	34825	0.0	2	17694 16549 582
26	2381	0.0	2	462 617 1302
27	1439	0.0	2	12 3 1424
28	19	0.0	2	3 1 15
35	1	0.0	3	0 1
36	2	0.0	3	1 1
37	1	0.0	3	0 0 1
39	2	0.0	3	1 0 1
41	1	0.0	3	1
44	1	0.0	3	0 1
47	1	0.0	3	0 1
52	1	0.0	3	0 1
55	1	0.0	3	1


=== Second read: Adapter 13 ===

Sequence: ACGTTGGATGTTTGTTACTATGGTAGATACCACAC; Type: regular 5'; Length: 35; Trimmed: 30358 times.

No. of allowed errors:
0-9 bp: 0; 10-19 bp: 1; 20-29 bp: 2; 30-35 bp: 3

Overview of removed sequences
length	count	expect	max.err	error counts
3	322	4034.8	0	322
4	22	1008.7	0	22
5	4	252.2	0	4
6	2	63.0	0	2
10	1	0.2	1	0 1
13	1	0.0	1	1
18	4	0.0	1	3 1
20	1	0.0	2	1
21	9	0.0	2	7 0 2
22	1	0.0	2	1
23	1	0.0	2	1
24	2	0.0	2	2
25	35	0.0	2	25 7 3
26	3	0.0	2	1 1 1
27	99	0.0	2	71 18 10
28	114	0.0	2	66 43 3 2
29	535	0.0	2	304 210 21
30	109	0.0	3	54 36 16 3
31	137	0.0	3	18 54 21 44
32	671	0.0	3	201 147 205 118
33	2430	0.0	3	48 1337 759 286
34	19714	0.0	3	8755 7390 2623 946
35	1550	0.0	3	9 715 515 311
36	520	0.0	3	0 1 348 171
37	4040	0.0	3	0 0 0 4040
38	1	0.0	3	0 0 0 1
42	2	0.0	3	1 1
43	3	0.0	3	1 1 0 1
44	2	0.0	3	1 0 1
45	7	0.0	3	4 1 0 2
46	1	0.0	3	0 0 0 1
48	1	0.0	3	0 0 0 1
49	3	0.0	3	0 0 1 2
50	1	0.0	3	1
52	1	0.0	3	1
53	2	0.0	3	1 0 0 1
54	1	0.0	3	0 1
55	3	0.0	3	0 1 0 2
56	2	0.0	3	1 0 1
60	1	0.0	3	0 0 0 1


=== Second read: Adapter 14 ===

Sequence: ACGTTGGATGTTTGTTACTGTGGTGGATACTAC; Type: regular 5'; Length: 33; Trimmed: 40317 times.

No. of allowed errors:
0-9 bp: 0; 10-19 bp: 1; 20-29 bp: 2; 30-33 bp: 3

Overview of removed sequences
length	count	expect	max.err	error counts
3	133	4034.8	0	133
4	70	1008.7	0	70
5	3	252.2	0	3
6	4	63.0	0	4
7	5	15.8	0	5
13	3	0.0	1	2 1
14	2	0.0	1	1 1
15	6	0.0	1	5 1
16	2	0.0	1	1 1
17	4	0.0	1	4
18	3	0.0	1	1 2
19	38	0.0	1	35 3
20	10	0.0	2	10
21	5	0.0	2	2 2 1
22	19	0.0	2	8 5 6
23	145	0.0	2	109 25 11
24	77	0.0	2	30 33 14
25	424	0.0	2	323 67 34
26	403	0.0	2	239 131 33
27	1134	0.0	2	708 363 62 1
28	404	0.0	2	186 155 57 6
29	460	0.0	2	66 119 45 230
30	3106	0.0	3	560 325 1374 847
31	2868	0.0	3	96 1585 788 399
32	26541	0.0	3	12640 9572 3062 1267
33	3922	0.0	3	2 1786 1618 516
34	170	0.0	3	5 3 67 95
35	99	0.0	3	0 1 1 97
36	3	0.0	3	2 1
37	2	0.0	3	2
38	10	0.0	3	0 1 7 2
39	6	0.0	3	0 3 2 1
40	41	0.0	3	24 10 4 3
41	32	0.0	3	13 9 8 2
42	12	0.0	3	4 4 4
43	30	0.0	3	14 10 5 1
44	24	0.0	3	11 8 4 1
45	6	0.0	3	3 2 1
46	4	0.0	3	3 0 1
47	6	0.0	3	2 2 2
48	19	0.0	3	5 6 6 2
49	9	0.0	3	3 3 1 2
50	9	0.0	3	5 2 1 1
51	5	0.0	3	1 2 2
52	15	0.0	3	7 5 0 3
53	5	0.0	3	3 2
54	3	0.0	3	1 1 1
55	5	0.0	3	2 3
56	2	0.0	3	2
57	2	0.0	3	1 0 1
58	1	0.0	3	0 0 1
59	2	0.0	3	2
60	1	0.0	3	0 1
63	2	0.0	3	2
64	1	0.0	3	0 1


=== Second read: Adapter 15 ===

Sequence: ACGTTGGATGTTTGTTACTGTTGTGGATACAAC; Type: regular 5'; Length: 33; Trimmed: 31194 times.

No. of allowed errors:
0-9 bp: 0; 10-19 bp: 1; 20-29 bp: 2; 30-33 bp: 3

Overview of removed sequences
length	count	expect	max.err	error counts
3	700	4034.8	0	700
4	44	1008.7	0	44
6	9	63.0	0	9
7	13	15.8	0	13
10	1	0.2	1	0 1
17	2	0.0	1	2
19	16	0.0	1	15 1
20	2	0.0	2	0 2
21	1	0.0	2	1
23	81	0.0	2	70 6 5
24	23	0.0	2	16 6 1
25	188	0.0	2	166 16 6
26	302	0.0	2	196 91 15
27	1200	0.0	2	1023 147 29 1
28	319	0.0	2	248 51 18 2
29	245	0.0	2	88 90 24 43
30	1452	0.0	3	739 236 334 143
31	2419	0.0	3	168 1388 589 274
32	21385	0.0	3	10984 6536 2928 937
33	1549	0.0	3	13 977 375 184
34	427	0.0	3	8 3 300 116
35	641	0.0	3	0 1 0 640
36	5	0.0	3	3 1 1
38	2	0.0	3	0 1 1
39	4	0.0	3	1 3
40	25	0.0	3	12 7 6
41	8	0.0	3	4 3 0 1
42	7	0.0	3	3 2 2
43	25	0.0	3	13 5 6 1
44	13	0.0	3	6 4 2 1
45	13	0.0	3	8 1 3 1
46	4	0.0	3	3 0 1
47	5	0.0	3	1 3 1
48	5	0.0	3	3 2
49	5	0.0	3	4 1
50	6	0.0	3	3 3
51	14	0.0	3	5 8 0 1
52	15	0.0	3	9 4 2
53	9	0.0	3	7 2
54	2	0.0	3	0 1 1
56	1	0.0	3	1
57	1	0.0	3	1
59	2	0.0	3	2
61	1	0.0	3	0 0 1
64	3	0.0	3	1 1 1


=== Second read: Adapter 16 ===

Sequence: ACGTTGGATGTTTGTTACCGTTGTTGATACTAC; Type: regular 5'; Length: 33; Trimmed: 32255 times.

No. of allowed errors:
0-9 bp: 0; 10-19 bp: 1; 20-29 bp: 2; 30-33 bp: 3

Overview of removed sequences
length	count	expect	max.err	error counts
10	1	0.2	1	1
16	1	0.0	1	1
17	2	0.0	1	1 1
18	1	0.0	1	1
19	7	0.0	1	6 1
20	2	0.0	2	2
21	1	0.0	2	1
22	5	0.0	2	0 5
23	82	0.0	2	75 6 1
24	34	0.0	2	21 11 2
25	204	0.0	2	169 20 15
26	349	0.0	2	234 95 20
27	1645	0.0	2	1434 176 35
28	402	0.0	2	329 56 17
29	513	0.0	2	113 113 22 265
30	2024	0.0	3	1120 331 364 209
31	2471	0.0	3	298 1276 554 343
32	22616	0.0	3	11323 5859 3348 2086
33	1576	0.0	3	10 1129 340 97
34	208	0.0	3	23 3 42 140
35	42	0.0	3	3 3 0 36
36	5	0.0	3	3 1 1
37	6	0.0	3	5 1
38	1	0.0	3	1
39	2	0.0	3	1 1
40	13	0.0	3	10 1 1 1
41	11	0.0	3	8 3
42	2	0.0	3	2
43	1	0.0	3	1
44	8	0.0	3	4 3 1
45	3	0.0	3	2 0 0 1
46	2	0.0	3	1 0 1
47	2	0.0	3	1 0 1
48	4	0.0	3	4
49	1	0.0	3	1
50	4	0.0	3	1 3
51	2	0.0	3	2
53	1	0.0	3	1
56	1	0.0	3	1


=== Second read: Adapter 17 ===

Sequence: ACGTTGGATGAATATATGTGTGCTTATTTG; Type: regular 5'; Length: 30; Trimmed: 216 times.

No. of allowed errors:
0-9 bp: 0; 10-19 bp: 1; 20-29 bp: 2; 30 bp: 3

Overview of removed sequences
length	count	expect	max.err	error counts
3	128	4034.8	0	128
4	33	1008.7	0	33
5	53	252.2	0	53
7	1	15.8	0	1
29	1	0.0	2	0 1


=== Second read: Adapter 18 ===

Sequence: ACGTTGGATGTTTGTTACTAAGGTAGATACCACTC; Type: regular 5'; Length: 35; Trimmed: 14675 times.

No. of allowed errors:
0-9 bp: 0; 10-19 bp: 1; 20-29 bp: 2; 30-35 bp: 3

Overview of removed sequences
length	count	expect	max.err	error counts
3	1118	4034.8	0	1118
4	10	1008.7	0	10
5	10	252.2	0	10
7	1	15.8	0	1
8	2	3.9	0	2
14	1	0.0	1	1
15	1	0.0	1	1
17	1	0.0	1	1
20	1	0.0	2	1
22	1	0.0	2	1
24	1	0.0	2	1
25	22	0.0	2	18 4
26	5	0.0	2	3 2
27	32	0.0	2	25 4 3
28	62	0.0	2	41 19 2
29	230	0.0	2	208 17 5
30	69	0.0	3	51 12 5 1
31	56	0.0	3	24 18 4 10
32	324	0.0	3	175 42 93 14
33	1219	0.0	3	49 890 199 81
34	10545	0.0	3	8810 1315 302 118
35	410	0.0	3	8 267 89 46
36	283	0.0	3	3 0 215 65
37	256	0.0	3	1 0 0 255
38	1	0.0	3	1
44	1	0.0	3	0 0 1
45	2	0.0	3	2
46	2	0.0	3	2
47	1	0.0	3	1
49	2	0.0	3	2
54	3	0.0	3	3
56	1	0.0	3	0 0 0 1
59	1	0.0	3	0 1
61	1	0.0	3	1


=== Second read: Adapter 19 ===

Sequence: ACGTTGGATGGAAAAATAAACTGCAAATCATATTC; Type: regular 5'; Length: 35; Trimmed: 17666 times.

No. of allowed errors:
0-9 bp: 0; 10-19 bp: 1; 20-29 bp: 2; 30-35 bp: 3

Overview of removed sequences
length	count	expect	max.err	error counts
3	301	4034.8	0	301
4	38	1008.7	0	38
5	1	252.2	0	1
6	5	63.0	0	5
7	3	15.8	0	3
9	1	1.0	0	1
10	1	0.2	1	0 1
17	1	0.0	1	1
18	1	0.0	1	1
20	1	0.0	2	1
22	4	0.0	2	4
23	2	0.0	2	2
24	1	0.0	2	1
25	3	0.0	2	3
26	2	0.0	2	1 1
27	6	0.0	2	4 1 1
28	5	0.0	2	2 3
29	87	0.0	2	67 18 2
30	52	0.0	3	42 9 1
31	123	0.0	3	30 17 3 73
32	263	0.0	3	98 29 97 39
33	1184	0.0	3	20 917 175 72
34	12117	0.0	3	10020 1440 378 279
35	3089	0.0	3	0 2592 325 172
36	145	0.0	3	1 3 80 61
37	206	0.0	3	0 0 0 206
38	4	0.0	3	2 0 1 1
42	3	0.0	3	0 3
43	4	0.0	3	1 3
46	2	0.0	3	1 0 1
48	1	0.0	3	1
49	1	0.0	3	0 1
50	2	0.0	3	1 1
51	1	0.0	3	1
52	1	0.0	3	0 1
53	3	0.0	3	0 2 1
56	2	0.0	3	1 1


=== Second read: Adapter 20 ===

Sequence: ACGTTGGATGAGATTAGGGAAAGTATTAGA; Type: regular 5'; Length: 30; Trimmed: 469 times.

No. of allowed errors:
0-9 bp: 0; 10-19 bp: 1; 20-29 bp: 2; 30 bp: 3

Overview of removed sequences
length	count	expect	max.err	error counts
3	446	4034.8	0	446
4	6	1008.7	0	6
5	11	252.2	0	11
6	2	63.0	0	2
7	2	15.8	0	2
8	1	3.9	0	1
10	1	0.2	1	0 1


=== Second read: Adapter 21 ===

Sequence: ACGTTGGATGGAAAAATAAATTGTAAATCATACTC; Type: regular 5'; Length: 35; Trimmed: 1696 times.

No. of allowed errors:
0-9 bp: 0; 10-19 bp: 1; 20-29 bp: 2; 30-35 bp: 3

Overview of removed sequences
length	count	expect	max.err	error counts
5	1	252.2	0	1
7	1	15.8	0	1
9	1	1.0	0	1
11	1	0.1	1	0 1
12	1	0.0	1	0 1
25	1	0.0	2	1
28	1	0.0	2	0 0 0 1
29	3	0.0	2	2 0 1
30	1	0.0	3	0 1
31	3	0.0	3	1 0 0 2
32	52	0.0	3	8 0 15 29
33	91	0.0	3	8 55 14 14
34	1464	0.0	3	1216 185 38 25
35	35	0.0	3	0 18 8 9
36	13	0.0	3	2 0 4 7
37	17	0.0	3	0 0 0 17
38	3	0.0	3	3
39	1	0.0	3	1
40	1	0.0	3	1
43	1	0.0	3	1
44	2	0.0	3	2
46	1	0.0	3	1
50	1	0.0	3	1


=== Second read: Adapter 22 ===

Sequence: ACGTTGGATGGAAAAATAAACTGTAAATCATATTCCT; Type: regular 5'; Length: 37; Trimmed: 51847 times.

No. of allowed errors:
0-9 bp: 0; 10-19 bp: 1; 20-29 bp: 2; 30-37 bp: 3

Overview of removed sequences
length	count	expect	max.err	error counts
3	118	4034.8	0	118
4	17	1008.7	0	17
5	7	252.2	0	7
6	1	63.0	0	1
10	1	0.2	1	0 1
18	2	0.0	1	0 2
19	4	0.0	1	2 2
21	1	0.0	2	1
22	2	0.0	2	0 1 1
26	4	0.0	2	1 2 1
27	8	0.0	2	3 3 2
28	3	0.0	2	1 2
29	32	0.0	2	13 14 4 1
30	54	0.0	3	7 36 10 1
31	212	0.0	3	85 107 17 3
32	154	0.0	3	56 64 28 6
33	242	0.0	3	37 94 30 81
34	1401	0.0	3	154 168 922 157
35	8629	0.0	3	35 6662 1473 459
36	33888	0.0	3	14897 15948 2378 665
37	2543	0.0	3	5 895 1282 361
38	3983	0.0	3	1 1 1441 2540
39	501	0.0	3	0 0 1 500
41	2	0.0	3	1 1
43	2	0.0	3	2
44	8	0.0	3	0 7 1
45	3	0.0	3	0 2 1
46	1	0.0	3	0 0 0 1
48	5	0.0	3	0 5
49	2	0.0	3	0 1 0 1
50	1	0.0	3	0 1
51	3	0.0	3	0 2 1
52	2	0.0	3	0 1 0 1
54	5	0.0	3	1 3 0 1
55	3	0.0	3	0 3
56	2	0.0	3	0 2
57	1	0.0	3	1


=== Second read: Adapter 23 ===

Sequence: ACGTTGGATGGAAAAATAAACTGTAAATCATATTC; Type: regular 5'; Length: 35; Trimmed: 6717 times.

No. of allowed errors:
0-9 bp: 0; 10-19 bp: 1; 20-29 bp: 2; 30-35 bp: 3

Overview of removed sequences
length	count	expect	max.err	error counts
16	1	0.0	1	0 1
17	3	0.0	1	1 2
18	3	0.0	1	2 1
19	1	0.0	1	0 1
21	1	0.0	2	1
24	1	0.0	2	1
25	1	0.0	2	1
26	1	0.0	2	1
27	4	0.0	2	3 1
28	2	0.0	2	1 0 1
29	23	0.0	2	21 1 1
30	15	0.0	3	12 2 1
31	112	0.0	3	7 2 0 103
32	130	0.0	3	24 11 72 23
33	566	0.0	3	4 393 82 87
34	5391	0.0	3	4109 829 217 236
35	402	0.0	3	0 171 90 141
36	37	0.0	3	2 0 22 13
37	23	0.0	3	0 0 0 23


=== Second read: Adapter 24 ===

Sequence: ACGTTGGATGGAAAAATAAATTGTAAATCAAATTC; Type: regular 5'; Length: 35; Trimmed: 1280 times.

No. of allowed errors:
0-9 bp: 0; 10-19 bp: 1; 20-29 bp: 2; 30-35 bp: 3

Overview of removed sequences
length	count	expect	max.err	error counts
5	15	252.2	0	15
6	1	63.0	0	1
7	4	15.8	0	4
8	1	3.9	0	1
9	1	1.0	0	1
32	9	0.0	3	5 2 1 1
33	19	0.0	3	1 12 3 3
34	1185	0.0	3	1006 128 28 23
35	41	0.0	3	0 31 9 1
36	2	0.0	3	0 0 1 1
37	2	0.0	3	0 0 0 2
