This is cutadapt 2.6 with Python 3.7.3
Command line parameters: -g ACGTTGGATGTTTGTTACTATGGTAGATACCACAC -g ACGTTGGATGTTTGTTACTAAGGTAGATACCACTC -g ACGTTGGATGTTTGTTACTGTGGTGGATACTAC -g ACGTTGGATGTTTGTTACTGTTGTGGATACAAC -g ACGTTGGATGTTTGTTACCGTTGTTGATACTAC -g ACGTTGGATGAATATATGTGTGCTTATTTG -G ACGTTGGATGTTTGTTACTATGGTAGATACCACAC -G ACGTTGGATGTTTGTTACTGTGGTGGATACTAC -G ACGTTGGATGTTTGTTACTGTTGTGGATACAAC -G ACGTTGGATGTTTGTTACCGTTGTTGATACTAC -G ACGTTGGATGAATATATGTGTGCTTATTTG -G ACGTTGGATGTTTGTTACTAAGGTAGATACCACTC -g ACGTTGGATGGAAAAATAAACTGCAAATCATATTC -g ACGTTGGATGGAAAAATAAACTGTAAATCATATTC -g ACGTTGGATGGAAAAATAAATTGTAAATCATACTC -g ACGTTGGATGAGATTAGGGAAAGTATTAGA -g ACGTTGGATGGAAAAATAAATTGTAAATCAAATTC -g ACGTTGGATGGAAAAATAAACTGTAAATCATATTCCT -G ACGTTGGATGGAAAAATAAACTGCAAATCATATTC -G ACGTTGGATGAGATTAGGGAAAGTATTAGA -G ACGTTGGATGGAAAAATAAATTGTAAATCATACTC -G ACGTTGGATGGAAAAATAAACTGTAAATCATATTCCT -G ACGTTGGATGGAAAAATAAACTGTAAATCATATTC -G ACGTTGGATGGAAAAATAAATTGTAAATCAAATTC --minimum-length=1 -o /data/projects/mdc-971/data_from_Jan_2020/analysis/30.primer_trimmed/190598_S42_L001_cutadapt.1.fq.gz -p /data/projects/mdc-971/data_from_Jan_2020/analysis/30.primer_trimmed/190598_S42_L001_cutadapt.2.fq.gz /data/projects/mdc-971/data_from_Jan_2020/analysis/20.adapter_trimmed/190598_S42_L001_R1_001.bbduked.trimmed.fastq.gz /data/projects/mdc-971/data_from_Jan_2020/analysis/20.adapter_trimmed/190598_S42_L001_R2_001.bbduked.trimmed.fastq.gz
Processing reads on 1 core in paired-end mode ...
Finished in 165.88 s (244 us/read; 0.25 M reads/minute).

=== Summary ===

Total read pairs processed:            680,341
  Read 1 with adapter:                   1,789 (0.3%)
  Read 2 with adapter:                  48,028 (7.1%)
Pairs that were too short:                   0 (0.0%)
Pairs written (passing filters):       680,341 (100.0%)

Total basepairs processed:   127,354,360 bp
  Read 1:    25,303,214 bp
  Read 2:   102,051,146 bp
Total written (filtered):    127,014,172 bp (99.7%)
  Read 1:    25,272,357 bp
  Read 2:   101,741,815 bp

=== First read: Adapter 1 ===

Sequence: ACGTTGGATGTTTGTTACTATGGTAGATACCACAC; Type: regular 5'; Length: 35; Trimmed: 331 times.

No. of allowed errors:
0-9 bp: 0; 10-19 bp: 1; 20-29 bp: 2; 30-35 bp: 3

Overview of removed sequences
length	count	expect	max.err	error counts
3	228	10630.3	0	228
4	3	2657.6	0	3
31	3	0.0	3	1 1 1
32	13	0.0	3	0 10 3
33	73	0.0	3	46 23 4
34	4	0.0	3	0 3 1
36	7	0.0	3	0 0 0 7


=== First read: Adapter 2 ===

Sequence: ACGTTGGATGTTTGTTACTAAGGTAGATACCACTC; Type: regular 5'; Length: 35; Trimmed: 72 times.

No. of allowed errors:
0-9 bp: 0; 10-19 bp: 1; 20-29 bp: 2; 30-35 bp: 3

Overview of removed sequences
length	count	expect	max.err	error counts
3	39	10630.3	0	39
31	1	0.0	3	0 0 1
32	8	0.0	3	0 6 2
33	23	0.0	3	22 1
34	1	0.0	3	0 0 1


=== First read: Adapter 3 ===

Sequence: ACGTTGGATGTTTGTTACTGTGGTGGATACTAC; Type: regular 5'; Length: 33; Trimmed: 249 times.

No. of allowed errors:
0-9 bp: 0; 10-19 bp: 1; 20-29 bp: 2; 30-33 bp: 3

Overview of removed sequences
length	count	expect	max.err	error counts
3	136	10630.3	0	136
25	1	0.0	2	1
26	2	0.0	2	2
28	3	0.0	2	0 0 0 3
29	7	0.0	2	2 0 5
30	10	0.0	3	1 7 1 1
31	79	0.0	3	56 22 1
32	7	0.0	3	0 5 1 1
33	1	0.0	3	0 0 1
34	3	0.0	3	0 0 0 3


=== First read: Adapter 4 ===

Sequence: ACGTTGGATGTTTGTTACTGTTGTGGATACAAC; Type: regular 5'; Length: 33; Trimmed: 142 times.

No. of allowed errors:
0-9 bp: 0; 10-19 bp: 1; 20-29 bp: 2; 30-33 bp: 3

Overview of removed sequences
length	count	expect	max.err	error counts
3	53	10630.3	0	53
4	3	2657.6	0	3
25	2	0.0	2	1 1
29	1	0.0	2	1
30	5	0.0	3	1 3 1
31	63	0.0	3	53 5 4 1
32	4	0.0	3	0 3 1
33	10	0.0	3	0 0 10
34	1	0.0	3	0 0 0 1


=== First read: Adapter 5 ===

Sequence: ACGTTGGATGTTTGTTACCGTTGTTGATACTAC; Type: regular 5'; Length: 33; Trimmed: 153 times.

No. of allowed errors:
0-9 bp: 0; 10-19 bp: 1; 20-29 bp: 2; 30-33 bp: 3

Overview of removed sequences
length	count	expect	max.err	error counts
23	1	0.0	2	1
26	1	0.0	2	1
27	1	0.0	2	1
28	1	0.0	2	0 0 0 1
30	15	0.0	3	4 10 1
31	129	0.0	3	112 17
32	5	0.0	3	0 3 2


=== First read: Adapter 6 ===

Sequence: ACGTTGGATGAATATATGTGTGCTTATTTG; Type: regular 5'; Length: 30; Trimmed: 2 times.

No. of allowed errors:
0-9 bp: 0; 10-19 bp: 1; 20-29 bp: 2; 30 bp: 3

Overview of removed sequences
length	count	expect	max.err	error counts
3	2	10630.3	0	2


=== First read: Adapter 7 ===

Sequence: ACGTTGGATGGAAAAATAAACTGCAAATCATATTC; Type: regular 5'; Length: 35; Trimmed: 334 times.

No. of allowed errors:
0-9 bp: 0; 10-19 bp: 1; 20-29 bp: 2; 30-35 bp: 3

Overview of removed sequences
length	count	expect	max.err	error counts
3	235	10630.3	0	235
4	20	2657.6	0	20
28	1	0.0	2	1
31	2	0.0	3	1 0 1
32	2	0.0	3	0 2
33	55	0.0	3	51 3 1
34	19	0.0	3	0 18 1


=== First read: Adapter 8 ===

Sequence: ACGTTGGATGGAAAAATAAACTGTAAATCATATTC; Type: regular 5'; Length: 35; Trimmed: 5 times.

No. of allowed errors:
0-9 bp: 0; 10-19 bp: 1; 20-29 bp: 2; 30-35 bp: 3

Overview of removed sequences
length	count	expect	max.err	error counts
32	2	0.0	3	0 1 1
33	2	0.0	3	2
34	1	0.0	3	0 0 1


=== First read: Adapter 9 ===

Sequence: ACGTTGGATGGAAAAATAAATTGTAAATCATACTC; Type: regular 5'; Length: 35; Trimmed: 7 times.

No. of allowed errors:
0-9 bp: 0; 10-19 bp: 1; 20-29 bp: 2; 30-35 bp: 3

Overview of removed sequences
length	count	expect	max.err	error counts
29	1	0.0	2	1
33	6	0.0	3	5 0 0 1


=== First read: Adapter 10 ===

Sequence: ACGTTGGATGAGATTAGGGAAAGTATTAGA; Type: regular 5'; Length: 30; Trimmed: 214 times.

No. of allowed errors:
0-9 bp: 0; 10-19 bp: 1; 20-29 bp: 2; 30 bp: 3

Overview of removed sequences
length	count	expect	max.err	error counts
3	131	10630.3	0	131
4	83	2657.6	0	83


=== First read: Adapter 11 ===

Sequence: ACGTTGGATGGAAAAATAAATTGTAAATCAAATTC; Type: regular 5'; Length: 35; Trimmed: 10 times.

No. of allowed errors:
0-9 bp: 0; 10-19 bp: 1; 20-29 bp: 2; 30-35 bp: 3

Overview of removed sequences
length	count	expect	max.err	error counts
33	10	0.0	3	9 1


=== First read: Adapter 12 ===

Sequence: ACGTTGGATGGAAAAATAAACTGTAAATCATATTCCT; Type: regular 5'; Length: 37; Trimmed: 270 times.

No. of allowed errors:
0-9 bp: 0; 10-19 bp: 1; 20-29 bp: 2; 30-37 bp: 3

Overview of removed sequences
length	count	expect	max.err	error counts
3	2	10630.3	0	2
31	1	0.0	3	0 1
32	1	0.0	3	1
33	1	0.0	3	0 0 1
34	48	0.0	3	1 40 7
35	193	0.0	3	116 71 6
36	11	0.0	3	0 6 5
37	11	0.0	3	0 0 0 11
38	2	0.0	3	0 0 0 2


=== Second read: Adapter 13 ===

Sequence: ACGTTGGATGTTTGTTACTATGGTAGATACCACAC; Type: regular 5'; Length: 35; Trimmed: 3965 times.

No. of allowed errors:
0-9 bp: 0; 10-19 bp: 1; 20-29 bp: 2; 30-35 bp: 3

Overview of removed sequences
length	count	expect	max.err	error counts
3	2010	10630.3	0	2010
4	697	2657.6	0	697
5	224	664.4	0	224
6	9	166.1	0	9
7	7	41.5	0	7
9	4	2.6	0	0 4
10	229	0.6	1	12 217
11	42	0.2	1	0 42
13	1	0.0	1	0 1
26	1	0.0	2	0 0 1
28	1	0.0	2	0 0 1
29	2	0.0	2	0 0 2
30	6	0.0	3	0 2 2 2
31	3	0.0	3	0 1 2
32	5	0.0	3	0 1 1 3
33	37	0.0	3	0 3 8 26
34	72	0.0	3	0 9 19 44
35	582	0.0	3	41 115 179 247
36	20	0.0	3	0 5 5 10
37	4	0.0	3	0 0 1 3
38	7	0.0	3	0 0 0 7
43	1	0.0	3	0 1
45	1	0.0	3	0 0 0 1


=== Second read: Adapter 14 ===

Sequence: ACGTTGGATGTTTGTTACTGTGGTGGATACTAC; Type: regular 5'; Length: 33; Trimmed: 4604 times.

No. of allowed errors:
0-9 bp: 0; 10-19 bp: 1; 20-29 bp: 2; 30-33 bp: 3

Overview of removed sequences
length	count	expect	max.err	error counts
3	1353	10630.3	0	1353
4	137	2657.6	0	137
5	2387	664.4	0	2387
6	5	166.1	0	5
8	214	10.4	0	214
11	9	0.2	1	0 9
13	1	0.0	1	0 1
22	1	0.0	2	0 0 1
24	2	0.0	2	1 0 1
25	4	0.0	2	0 3 1
26	1	0.0	2	0 0 1
27	4	0.0	2	1 1 2
28	8	0.0	2	0 5 3
29	2	0.0	2	0 0 2
30	2	0.0	3	0 1 1
31	16	0.0	3	0 0 5 11
32	61	0.0	3	0 12 15 34
33	361	0.0	3	60 85 83 133
34	25	0.0	3	0 4 9 12
35	3	0.0	3	0 0 2 1
38	1	0.0	3	0 0 1
41	2	0.0	3	0 0 2
45	1	0.0	3	0 0 0 1
46	1	0.0	3	0 0 1
48	1	0.0	3	0 1
51	2	0.0	3	0 1 0 1


=== Second read: Adapter 15 ===

Sequence: ACGTTGGATGTTTGTTACTGTTGTGGATACAAC; Type: regular 5'; Length: 33; Trimmed: 7685 times.

No. of allowed errors:
0-9 bp: 0; 10-19 bp: 1; 20-29 bp: 2; 30-33 bp: 3

Overview of removed sequences
length	count	expect	max.err	error counts
3	5923	10630.3	0	5923
4	490	2657.6	0	490
5	496	664.4	0	496
6	49	166.1	0	49
7	6	41.5	0	6
8	303	10.4	0	303
11	13	0.2	1	0 13
24	2	0.0	2	1 0 1
26	3	0.0	2	0 2 1
27	2	0.0	2	0 1 1
28	8	0.0	2	3 1 4
29	2	0.0	2	0 2
30	1	0.0	3	0 0 1
31	14	0.0	3	0 1 1 12
32	46	0.0	3	2 10 14 20
33	286	0.0	3	38 47 74 127
34	16	0.0	3	0 3 1 12
35	20	0.0	3	0 0 9 11
36	2	0.0	3	0 0 0 2
41	1	0.0	3	0 0 0 1
42	1	0.0	3	0 0 0 1
45	1	0.0	3	0 1


=== Second read: Adapter 16 ===

Sequence: ACGTTGGATGTTTGTTACCGTTGTTGATACTAC; Type: regular 5'; Length: 33; Trimmed: 549 times.

No. of allowed errors:
0-9 bp: 0; 10-19 bp: 1; 20-29 bp: 2; 30-33 bp: 3

Overview of removed sequences
length	count	expect	max.err	error counts
9	1	2.6	0	0 1
11	55	0.2	1	0 55
14	1	0.0	1	0 1
26	3	0.0	2	1 0 2
27	4	0.0	2	0 1 3
28	6	0.0	2	2 1 3
29	8	0.0	2	1 1 6
30	6	0.0	3	0 1 4 1
31	25	0.0	3	4 4 5 12
32	72	0.0	3	3 8 26 35
33	348	0.0	3	48 49 112 139
34	12	0.0	3	0 2 3 7
35	7	0.0	3	0 0 1 6
44	1	0.0	3	0 0 1


=== Second read: Adapter 17 ===

Sequence: ACGTTGGATGAATATATGTGTGCTTATTTG; Type: regular 5'; Length: 30; Trimmed: 890 times.

No. of allowed errors:
0-9 bp: 0; 10-19 bp: 1; 20-29 bp: 2; 30 bp: 3

Overview of removed sequences
length	count	expect	max.err	error counts
3	494	10630.3	0	494
4	109	2657.6	0	109
5	196	664.4	0	196
6	86	166.1	0	86
8	5	10.4	0	5


=== Second read: Adapter 18 ===

Sequence: ACGTTGGATGTTTGTTACTAAGGTAGATACCACTC; Type: regular 5'; Length: 35; Trimmed: 3521 times.

No. of allowed errors:
0-9 bp: 0; 10-19 bp: 1; 20-29 bp: 2; 30-35 bp: 3

Overview of removed sequences
length	count	expect	max.err	error counts
3	665	10630.3	0	665
4	2307	2657.6	0	2307
5	50	664.4	0	50
6	4	166.1	0	4
7	11	41.5	0	11
9	9	2.6	0	0 9
10	324	0.6	1	10 314
11	9	0.2	1	0 9
12	1	0.0	1	1
13	2	0.0	1	0 2
15	2	0.0	1	0 2
18	1	0.0	1	0 1
29	1	0.0	2	0 1
33	4	0.0	3	0 1 1 2
34	25	0.0	3	1 5 7 12
35	99	0.0	3	18 13 22 46
36	3	0.0	3	0 2 0 1
37	3	0.0	3	0 0 0 3
38	1	0.0	3	0 0 0 1


=== Second read: Adapter 19 ===

Sequence: ACGTTGGATGGAAAAATAAACTGCAAATCATATTC; Type: regular 5'; Length: 35; Trimmed: 1892 times.

No. of allowed errors:
0-9 bp: 0; 10-19 bp: 1; 20-29 bp: 2; 30-35 bp: 3

Overview of removed sequences
length	count	expect	max.err	error counts
3	635	10630.3	0	635
4	468	2657.6	0	468
5	80	664.4	0	80
6	10	166.1	0	10
7	33	41.5	0	33
9	9	2.6	0	0 9
10	57	0.6	1	0 57
11	37	0.2	1	0 37
13	1	0.0	1	0 1
30	3	0.0	3	0 0 0 3
31	2	0.0	3	0 0 0 2
33	5	0.0	3	0 0 1 4
34	30	0.0	3	0 1 8 21
35	468	0.0	3	29 45 90 304
36	52	0.0	3	0 6 16 30
37	1	0.0	3	0 0 0 1
45	1	0.0	3	0 0 0 1


=== Second read: Adapter 20 ===

Sequence: ACGTTGGATGAGATTAGGGAAAGTATTAGA; Type: regular 5'; Length: 30; Trimmed: 3459 times.

No. of allowed errors:
0-9 bp: 0; 10-19 bp: 1; 20-29 bp: 2; 30 bp: 3

Overview of removed sequences
length	count	expect	max.err	error counts
3	1853	10630.3	0	1853
4	1213	2657.6	0	1213
5	15	664.4	0	15
6	263	166.1	0	263
7	64	41.5	0	64
8	1	10.4	0	1
9	25	2.6	0	5 20
10	16	0.6	1	0 16
12	2	0.0	1	0 2
13	7	0.0	1	0 7


=== Second read: Adapter 21 ===

Sequence: ACGTTGGATGGAAAAATAAATTGTAAATCATACTC; Type: regular 5'; Length: 35; Trimmed: 398 times.

No. of allowed errors:
0-9 bp: 0; 10-19 bp: 1; 20-29 bp: 2; 30-35 bp: 3

Overview of removed sequences
length	count	expect	max.err	error counts
5	33	664.4	0	33
6	1	166.1	0	1
7	46	41.5	0	46
9	8	2.6	0	0 8
10	240	0.6	1	7 233
11	36	0.2	1	0 36
12	1	0.0	1	0 1
33	1	0.0	3	0 0 0 1
34	3	0.0	3	0 0 2 1
35	29	0.0	3	5 7 2 15


=== Second read: Adapter 22 ===

Sequence: ACGTTGGATGGAAAAATAAACTGTAAATCATATTCCT; Type: regular 5'; Length: 37; Trimmed: 20139 times.

No. of allowed errors:
0-9 bp: 0; 10-19 bp: 1; 20-29 bp: 2; 30-37 bp: 3

Overview of removed sequences
length	count	expect	max.err	error counts
3	18807	10630.3	0	18807
4	115	2657.6	0	115
5	15	664.4	0	15
6	18	166.1	0	18
7	3	41.5	0	3
9	11	2.6	0	5 6
10	5	0.6	1	0 5
11	1	0.2	1	0 1
12	9	0.0	1	0 9
32	4	0.0	3	0 1 1 2
33	2	0.0	3	0 0 1 1
34	3	0.0	3	0 0 2 1
35	11	0.0	3	0 2 2 7
36	155	0.0	3	0 22 55 78
37	942	0.0	3	114 184 291 353
38	20	0.0	3	0 1 7 12
39	14	0.0	3	0 1 1 12
40	4	0.0	3	0 0 0 4


=== Second read: Adapter 23 ===

Sequence: ACGTTGGATGGAAAAATAAACTGTAAATCATATTC; Type: regular 5'; Length: 35; Trimmed: 205 times.

No. of allowed errors:
0-9 bp: 0; 10-19 bp: 1; 20-29 bp: 2; 30-35 bp: 3

Overview of removed sequences
length	count	expect	max.err	error counts
32	1	0.0	3	0 0 1
33	1	0.0	3	0 0 0 1
34	21	0.0	3	0 1 1 19
35	174	0.0	3	3 15 17 139
36	6	0.0	3	0 0 2 4
37	2	0.0	3	0 0 0 2


=== Second read: Adapter 24 ===

Sequence: ACGTTGGATGGAAAAATAAATTGTAAATCAAATTC; Type: regular 5'; Length: 35; Trimmed: 721 times.

No. of allowed errors:
0-9 bp: 0; 10-19 bp: 1; 20-29 bp: 2; 30-35 bp: 3

Overview of removed sequences
length	count	expect	max.err	error counts
5	415	664.4	0	415
6	67	166.1	0	67
7	7	41.5	0	7
8	11	10.4	0	11
9	23	2.6	0	2 21
10	53	0.6	1	2 51
11	26	0.2	1	0 26
34	6	0.0	3	0 0 1 5
35	104	0.0	3	6 14 33 51
36	9	0.0	3	0 1 4 4
