This is cutadapt 2.6 with Python 3.7.3
Command line parameters: -g ACGTTGGATGTTTGTTACTATGGTAGATACCACAC -g ACGTTGGATGTTTGTTACTAAGGTAGATACCACTC -g ACGTTGGATGTTTGTTACTGTGGTGGATACTAC -g ACGTTGGATGTTTGTTACTGTTGTGGATACAAC -g ACGTTGGATGTTTGTTACCGTTGTTGATACTAC -g ACGTTGGATGAATATATGTGTGCTTATTTG -G ACGTTGGATGTTTGTTACTATGGTAGATACCACAC -G ACGTTGGATGTTTGTTACTGTGGTGGATACTAC -G ACGTTGGATGTTTGTTACTGTTGTGGATACAAC -G ACGTTGGATGTTTGTTACCGTTGTTGATACTAC -G ACGTTGGATGAATATATGTGTGCTTATTTG -G ACGTTGGATGTTTGTTACTAAGGTAGATACCACTC -g ACGTTGGATGGAAAAATAAACTGCAAATCATATTC -g ACGTTGGATGGAAAAATAAACTGTAAATCATATTC -g ACGTTGGATGGAAAAATAAATTGTAAATCATACTC -g ACGTTGGATGAGATTAGGGAAAGTATTAGA -g ACGTTGGATGGAAAAATAAATTGTAAATCAAATTC -g ACGTTGGATGGAAAAATAAACTGTAAATCATATTCCT -G ACGTTGGATGGAAAAATAAACTGCAAATCATATTC -G ACGTTGGATGAGATTAGGGAAAGTATTAGA -G ACGTTGGATGGAAAAATAAATTGTAAATCATACTC -G ACGTTGGATGGAAAAATAAACTGTAAATCATATTCCT -G ACGTTGGATGGAAAAATAAACTGTAAATCATATTC -G ACGTTGGATGGAAAAATAAATTGTAAATCAAATTC --minimum-length=1 -o /data/projects/mdc-971/data_from_Jan_2020/analysis/30.primer_trimmed/190584_S28_L001_cutadapt.1.fq.gz -p /data/projects/mdc-971/data_from_Jan_2020/analysis/30.primer_trimmed/190584_S28_L001_cutadapt.2.fq.gz /data/projects/mdc-971/data_from_Jan_2020/analysis/20.adapter_trimmed/190584_S28_L001_R1_001.bbduked.trimmed.fastq.gz /data/projects/mdc-971/data_from_Jan_2020/analysis/20.adapter_trimmed/190584_S28_L001_R2_001.bbduked.trimmed.fastq.gz
Processing reads on 1 core in paired-end mode ...
Finished in 14.04 s (249 us/read; 0.24 M reads/minute).

=== Summary ===

Total read pairs processed:             56,461
  Read 1 with adapter:                   1,349 (2.4%)
  Read 2 with adapter:                   5,024 (8.9%)
Pairs that were too short:                   0 (0.0%)
Pairs written (passing filters):        56,461 (100.0%)

Total basepairs processed:    10,684,039 bp
  Read 1:     2,214,889 bp
  Read 2:     8,469,150 bp
Total written (filtered):     10,579,588 bp (99.0%)
  Read 1:     2,173,687 bp
  Read 2:     8,405,901 bp

=== First read: Adapter 1 ===

Sequence: ACGTTGGATGTTTGTTACTATGGTAGATACCACAC; Type: regular 5'; Length: 35; Trimmed: 242 times.

No. of allowed errors:
0-9 bp: 0; 10-19 bp: 1; 20-29 bp: 2; 30-35 bp: 3

Overview of removed sequences
length	count	expect	max.err	error counts
3	25	882.2	0	25
4	1	220.6	0	1
28	1	0.0	2	1
31	4	0.0	3	3 0 0 1
32	29	0.0	3	2 18 7 2
33	151	0.0	3	80 63 8
34	10	0.0	3	0 4 6
35	5	0.0	3	0 0 1 4
36	16	0.0	3	0 0 0 16


=== First read: Adapter 2 ===

Sequence: ACGTTGGATGTTTGTTACTAAGGTAGATACCACTC; Type: regular 5'; Length: 35; Trimmed: 76 times.

No. of allowed errors:
0-9 bp: 0; 10-19 bp: 1; 20-29 bp: 2; 30-35 bp: 3

Overview of removed sequences
length	count	expect	max.err	error counts
3	2	882.2	0	2
30	1	0.0	3	1
31	1	0.0	3	1
32	4	0.0	3	0 4
33	64	0.0	3	58 5 1
34	3	0.0	3	0 3
35	1	0.0	3	0 0 1


=== First read: Adapter 3 ===

Sequence: ACGTTGGATGTTTGTTACTGTGGTGGATACTAC; Type: regular 5'; Length: 33; Trimmed: 175 times.

No. of allowed errors:
0-9 bp: 0; 10-19 bp: 1; 20-29 bp: 2; 30-33 bp: 3

Overview of removed sequences
length	count	expect	max.err	error counts
3	13	882.2	0	13
18	1	0.0	1	1
23	1	0.0	2	1
24	2	0.0	2	2
25	1	0.0	2	1
27	4	0.0	2	2 1 0 1
28	4	0.0	2	1 2 0 1
29	8	0.0	2	1 0 7
30	16	0.0	3	3 13
31	112	0.0	3	70 40 2
32	10	0.0	3	0 6 4
33	1	0.0	3	0 0 0 1
34	2	0.0	3	0 0 0 2


=== First read: Adapter 4 ===

Sequence: ACGTTGGATGTTTGTTACTGTTGTGGATACAAC; Type: regular 5'; Length: 33; Trimmed: 136 times.

No. of allowed errors:
0-9 bp: 0; 10-19 bp: 1; 20-29 bp: 2; 30-33 bp: 3

Overview of removed sequences
length	count	expect	max.err	error counts
3	3	882.2	0	3
23	1	0.0	2	1
24	1	0.0	2	1
26	2	0.0	2	2
27	1	0.0	2	0 0 1
28	4	0.0	2	3 1
29	2	0.0	2	0 1 1
30	22	0.0	3	7 13 2
31	87	0.0	3	73 10 4
32	10	0.0	3	0 9 1
33	1	0.0	3	0 0 0 1
34	2	0.0	3	0 0 0 2


=== First read: Adapter 5 ===

Sequence: ACGTTGGATGTTTGTTACCGTTGTTGATACTAC; Type: regular 5'; Length: 33; Trimmed: 222 times.

No. of allowed errors:
0-9 bp: 0; 10-19 bp: 1; 20-29 bp: 2; 30-33 bp: 3

Overview of removed sequences
length	count	expect	max.err	error counts
12	1	0.0	1	1
24	1	0.0	2	1
26	1	0.0	2	1
27	2	0.0	2	2
28	5	0.0	2	1 0 0 4
29	4	0.0	2	3 1
30	21	0.0	3	10 10 0 1
31	176	0.0	3	157 17 2
32	8	0.0	3	0 6 2
33	1	0.0	3	0 0 0 1
34	2	0.0	3	0 0 0 2


=== First read: Adapter 6 ===

Sequence: ACGTTGGATGAATATATGTGTGCTTATTTG; Type: regular 5'; Length: 30; Trimmed: 0 times.

=== First read: Adapter 7 ===

Sequence: ACGTTGGATGGAAAAATAAACTGCAAATCATATTC; Type: regular 5'; Length: 35; Trimmed: 139 times.

No. of allowed errors:
0-9 bp: 0; 10-19 bp: 1; 20-29 bp: 2; 30-35 bp: 3

Overview of removed sequences
length	count	expect	max.err	error counts
3	24	882.2	0	24
4	1	220.6	0	1
28	1	0.0	2	1
32	11	0.0	3	1 9 1
33	84	0.0	3	79 4 1
34	17	0.0	3	0 16 1
36	1	0.0	3	0 0 0 1


=== First read: Adapter 8 ===

Sequence: ACGTTGGATGGAAAAATAAACTGTAAATCATATTC; Type: regular 5'; Length: 35; Trimmed: 21 times.

No. of allowed errors:
0-9 bp: 0; 10-19 bp: 1; 20-29 bp: 2; 30-35 bp: 3

Overview of removed sequences
length	count	expect	max.err	error counts
31	1	0.0	3	0 0 1
32	2	0.0	3	0 1 1
33	18	0.0	3	18


=== First read: Adapter 9 ===

Sequence: ACGTTGGATGGAAAAATAAATTGTAAATCATACTC; Type: regular 5'; Length: 35; Trimmed: 12 times.

No. of allowed errors:
0-9 bp: 0; 10-19 bp: 1; 20-29 bp: 2; 30-35 bp: 3

Overview of removed sequences
length	count	expect	max.err	error counts
33	12	0.0	3	11 1


=== First read: Adapter 10 ===

Sequence: ACGTTGGATGAGATTAGGGAAAGTATTAGA; Type: regular 5'; Length: 30; Trimmed: 21 times.

No. of allowed errors:
0-9 bp: 0; 10-19 bp: 1; 20-29 bp: 2; 30 bp: 3

Overview of removed sequences
length	count	expect	max.err	error counts
3	9	882.2	0	9
4	12	220.6	0	12


=== First read: Adapter 11 ===

Sequence: ACGTTGGATGGAAAAATAAATTGTAAATCAAATTC; Type: regular 5'; Length: 35; Trimmed: 8 times.

No. of allowed errors:
0-9 bp: 0; 10-19 bp: 1; 20-29 bp: 2; 30-35 bp: 3

Overview of removed sequences
length	count	expect	max.err	error counts
33	8	0.0	3	7 1


=== First read: Adapter 12 ===

Sequence: ACGTTGGATGGAAAAATAAACTGTAAATCATATTCCT; Type: regular 5'; Length: 37; Trimmed: 297 times.

No. of allowed errors:
0-9 bp: 0; 10-19 bp: 1; 20-29 bp: 2; 30-37 bp: 3

Overview of removed sequences
length	count	expect	max.err	error counts
28	2	0.0	2	0 2
33	2	0.0	3	0 0 1 1
34	83	0.0	3	0 75 8
35	156	0.0	3	77 73 6
36	22	0.0	3	0 6 14 2
37	29	0.0	3	0 0 6 23
38	3	0.0	3	0 0 0 3


=== Second read: Adapter 13 ===

Sequence: ACGTTGGATGTTTGTTACTATGGTAGATACCACAC; Type: regular 5'; Length: 35; Trimmed: 436 times.

No. of allowed errors:
0-9 bp: 0; 10-19 bp: 1; 20-29 bp: 2; 30-35 bp: 3

Overview of removed sequences
length	count	expect	max.err	error counts
3	176	882.2	0	176
4	33	220.6	0	33
5	6	55.1	0	6
10	3	0.1	1	0 3
11	1	0.0	1	0 1
28	1	0.0	2	0 1
29	1	0.0	2	1
32	1	0.0	3	0 1
33	5	0.0	3	0 0 1 4
34	24	0.0	3	0 9 7 8
35	158	0.0	3	48 55 27 28
36	10	0.0	3	0 6 2 2
37	2	0.0	3	0 0 0 2
38	15	0.0	3	0 0 0 15


=== Second read: Adapter 14 ===

Sequence: ACGTTGGATGTTTGTTACTGTGGTGGATACTAC; Type: regular 5'; Length: 33; Trimmed: 415 times.

No. of allowed errors:
0-9 bp: 0; 10-19 bp: 1; 20-29 bp: 2; 30-33 bp: 3

Overview of removed sequences
length	count	expect	max.err	error counts
3	119	882.2	0	119
4	9	220.6	0	9
5	35	55.1	0	35
6	6	13.8	0	6
26	2	0.0	2	0 2
27	2	0.0	2	2
28	1	0.0	2	0 1
29	4	0.0	2	1 3
30	2	0.0	3	1 1
31	17	0.0	3	1 2 8 6
32	25	0.0	3	1 12 10 2
33	163	0.0	3	72 52 23 16
34	24	0.0	3	0 13 6 5
36	2	0.0	3	0 0 0 2
45	1	0.0	3	0 0 0 1
49	1	0.0	3	1
51	1	0.0	3	1
53	1	0.0	3	1


=== Second read: Adapter 15 ===

Sequence: ACGTTGGATGTTTGTTACTGTTGTGGATACAAC; Type: regular 5'; Length: 33; Trimmed: 668 times.

No. of allowed errors:
0-9 bp: 0; 10-19 bp: 1; 20-29 bp: 2; 30-33 bp: 3

Overview of removed sequences
length	count	expect	max.err	error counts
3	425	882.2	0	425
4	28	220.6	0	28
5	9	55.1	0	9
6	8	13.8	0	8
8	1	0.9	0	1
30	3	0.0	3	2 0 0 1
31	9	0.0	3	1 4 1 3
32	18	0.0	3	0 14 2 2
33	143	0.0	3	57 48 27 11
34	15	0.0	3	2 4 4 5
35	3	0.0	3	0 0 2 1
36	2	0.0	3	0 0 0 2
43	1	0.0	3	0 0 1
50	1	0.0	3	1
53	1	0.0	3	0 1
57	1	0.0	3	1


=== Second read: Adapter 16 ===

Sequence: ACGTTGGATGTTTGTTACCGTTGTTGATACTAC; Type: regular 5'; Length: 33; Trimmed: 217 times.

No. of allowed errors:
0-9 bp: 0; 10-19 bp: 1; 20-29 bp: 2; 30-33 bp: 3

Overview of removed sequences
length	count	expect	max.err	error counts
9	1	0.2	0	1
10	1	0.1	1	0 1
28	4	0.0	2	2 1 1
29	1	0.0	2	1
30	5	0.0	3	2 0 0 3
31	3	0.0	3	1 0 2
32	27	0.0	3	6 12 4 5
33	160	0.0	3	79 43 23 15
34	12	0.0	3	0 7 2 3
35	2	0.0	3	0 0 0 2
36	1	0.0	3	0 0 0 1


=== Second read: Adapter 17 ===

Sequence: ACGTTGGATGAATATATGTGTGCTTATTTG; Type: regular 5'; Length: 30; Trimmed: 92 times.

No. of allowed errors:
0-9 bp: 0; 10-19 bp: 1; 20-29 bp: 2; 30 bp: 3

Overview of removed sequences
length	count	expect	max.err	error counts
3	39	882.2	0	39
4	8	220.6	0	8
5	13	55.1	0	13
6	23	13.8	0	23
7	2	3.4	0	2
8	4	0.9	0	4
9	1	0.2	0	1
10	1	0.1	1	0 1
11	1	0.0	1	0 1


=== Second read: Adapter 18 ===

Sequence: ACGTTGGATGTTTGTTACTAAGGTAGATACCACTC; Type: regular 5'; Length: 35; Trimmed: 286 times.

No. of allowed errors:
0-9 bp: 0; 10-19 bp: 1; 20-29 bp: 2; 30-35 bp: 3

Overview of removed sequences
length	count	expect	max.err	error counts
3	51	882.2	0	51
4	138	220.6	0	138
5	10	55.1	0	10
6	5	13.8	0	5
9	3	0.2	0	0 3
11	1	0.0	1	0 1
30	1	0.0	3	0 1
33	3	0.0	3	0 0 2 1
34	10	0.0	3	3 6 0 1
35	58	0.0	3	47 3 4 4
36	5	0.0	3	0 2 1 2
44	1	0.0	3	0 0 0 1


=== Second read: Adapter 19 ===

Sequence: ACGTTGGATGGAAAAATAAACTGCAAATCATATTC; Type: regular 5'; Length: 35; Trimmed: 323 times.

No. of allowed errors:
0-9 bp: 0; 10-19 bp: 1; 20-29 bp: 2; 30-35 bp: 3

Overview of removed sequences
length	count	expect	max.err	error counts
3	65	882.2	0	65
4	38	220.6	0	38
5	23	55.1	0	23
6	22	13.8	0	22
7	5	3.4	0	5
9	22	0.2	0	0 22
10	3	0.1	1	0 3
32	2	0.0	3	1 0 0 1
33	3	0.0	3	0 0 1 2
34	10	0.0	3	0 6 3 1
35	110	0.0	3	58 13 10 29
36	16	0.0	3	0 11 2 3
37	1	0.0	3	0 0 0 1
38	3	0.0	3	0 0 0 3


=== Second read: Adapter 20 ===

Sequence: ACGTTGGATGAGATTAGGGAAAGTATTAGA; Type: regular 5'; Length: 30; Trimmed: 154 times.

No. of allowed errors:
0-9 bp: 0; 10-19 bp: 1; 20-29 bp: 2; 30 bp: 3

Overview of removed sequences
length	count	expect	max.err	error counts
3	96	882.2	0	96
4	44	220.6	0	44
5	1	55.1	0	1
6	3	13.8	0	3
9	4	0.2	0	0 4
10	6	0.1	1	0 6


=== Second read: Adapter 21 ===

Sequence: ACGTTGGATGGAAAAATAAATTGTAAATCATACTC; Type: regular 5'; Length: 35; Trimmed: 26 times.

No. of allowed errors:
0-9 bp: 0; 10-19 bp: 1; 20-29 bp: 2; 30-35 bp: 3

Overview of removed sequences
length	count	expect	max.err	error counts
5	5	55.1	0	5
6	1	13.8	0	1
7	3	3.4	0	3
8	1	0.9	0	1
9	2	0.2	0	0 2
10	3	0.1	1	0 3
11	2	0.0	1	0 2
12	2	0.0	1	0 2
35	6	0.0	3	3 2 0 1
50	1	0.0	3	1


=== Second read: Adapter 22 ===

Sequence: ACGTTGGATGGAAAAATAAACTGTAAATCATATTCCT; Type: regular 5'; Length: 37; Trimmed: 2078 times.

No. of allowed errors:
0-9 bp: 0; 10-19 bp: 1; 20-29 bp: 2; 30-37 bp: 3

Overview of removed sequences
length	count	expect	max.err	error counts
3	1715	882.2	0	1715
4	35	220.6	0	35
5	3	55.1	0	3
7	4	3.4	0	4
8	1	0.9	0	1
10	17	0.1	1	0 17
11	11	0.0	1	1 10
34	2	0.0	3	2
35	8	0.0	3	0 1 4 3
36	50	0.0	3	1 37 7 5
37	191	0.0	3	76 68 26 21
38	16	0.0	3	0 3 11 2
39	24	0.0	3	0 0 8 16
40	1	0.0	3	0 0 0 1


=== Second read: Adapter 23 ===

Sequence: ACGTTGGATGGAAAAATAAACTGTAAATCATATTC; Type: regular 5'; Length: 35; Trimmed: 53 times.

No. of allowed errors:
0-9 bp: 0; 10-19 bp: 1; 20-29 bp: 2; 30-35 bp: 3

Overview of removed sequences
length	count	expect	max.err	error counts
32	1	0.0	3	0 1
33	1	0.0	3	0 0 1
34	4	0.0	3	0 2 0 2
35	46	0.0	3	31 5 3 7
36	1	0.0	3	0 0 1


=== Second read: Adapter 24 ===

Sequence: ACGTTGGATGGAAAAATAAATTGTAAATCAAATTC; Type: regular 5'; Length: 35; Trimmed: 276 times.

No. of allowed errors:
0-9 bp: 0; 10-19 bp: 1; 20-29 bp: 2; 30-35 bp: 3

Overview of removed sequences
length	count	expect	max.err	error counts
5	94	55.1	0	94
6	158	13.8	0	158
7	1	3.4	0	1
9	10	0.2	0	0 10
11	1	0.0	1	0 1
13	1	0.0	1	0 1
35	11	0.0	3	1 4 2 4
