This is cutadapt 2.6 with Python 3.7.3
Command line parameters: -g ACGTTGGATGTTTGTTACTATGGTAGATACCACAC -g ACGTTGGATGTTTGTTACTAAGGTAGATACCACTC -g ACGTTGGATGTTTGTTACTGTGGTGGATACTAC -g ACGTTGGATGTTTGTTACTGTTGTGGATACAAC -g ACGTTGGATGTTTGTTACCGTTGTTGATACTAC -g ACGTTGGATGAATATATGTGTGCTTATTTG -G ACGTTGGATGTTTGTTACTATGGTAGATACCACAC -G ACGTTGGATGTTTGTTACTGTGGTGGATACTAC -G ACGTTGGATGTTTGTTACTGTTGTGGATACAAC -G ACGTTGGATGTTTGTTACCGTTGTTGATACTAC -G ACGTTGGATGAATATATGTGTGCTTATTTG -G ACGTTGGATGTTTGTTACTAAGGTAGATACCACTC -g ACGTTGGATGGAAAAATAAACTGCAAATCATATTC -g ACGTTGGATGGAAAAATAAACTGTAAATCATATTC -g ACGTTGGATGGAAAAATAAATTGTAAATCATACTC -g ACGTTGGATGAGATTAGGGAAAGTATTAGA -g ACGTTGGATGGAAAAATAAATTGTAAATCAAATTC -g ACGTTGGATGGAAAAATAAACTGTAAATCATATTCCT -G ACGTTGGATGGAAAAATAAACTGCAAATCATATTC -G ACGTTGGATGAGATTAGGGAAAGTATTAGA -G ACGTTGGATGGAAAAATAAATTGTAAATCATACTC -G ACGTTGGATGGAAAAATAAACTGTAAATCATATTCCT -G ACGTTGGATGGAAAAATAAACTGTAAATCATATTC -G ACGTTGGATGGAAAAATAAATTGTAAATCAAATTC --minimum-length=1 -o /data/projects/mdc-971/data_from_Jan_2020/analysis/30.primer_trimmed/190576_S20_L001_cutadapt.1.fq.gz -p /data/projects/mdc-971/data_from_Jan_2020/analysis/30.primer_trimmed/190576_S20_L001_cutadapt.2.fq.gz /data/projects/mdc-971/data_from_Jan_2020/analysis/20.adapter_trimmed/190576_S20_L001_R1_001.bbduked.trimmed.fastq.gz /data/projects/mdc-971/data_from_Jan_2020/analysis/20.adapter_trimmed/190576_S20_L001_R2_001.bbduked.trimmed.fastq.gz
Processing reads on 1 core in paired-end mode ...
Finished in 22.50 s (249 us/read; 0.24 M reads/minute).

=== Summary ===

Total read pairs processed:             90,345
  Read 1 with adapter:                   1,944 (2.2%)
  Read 2 with adapter:                   8,328 (9.2%)
Pairs that were too short:                   0 (0.0%)
Pairs written (passing filters):        90,345 (100.0%)

Total basepairs processed:    17,081,300 bp
  Read 1:     3,529,550 bp
  Read 2:    13,551,750 bp
Total written (filtered):     16,916,541 bp (99.0%)
  Read 1:     3,471,282 bp
  Read 2:    13,445,259 bp

=== First read: Adapter 1 ===

Sequence: ACGTTGGATGTTTGTTACTATGGTAGATACCACAC; Type: regular 5'; Length: 35; Trimmed: 451 times.

No. of allowed errors:
0-9 bp: 0; 10-19 bp: 1; 20-29 bp: 2; 30-35 bp: 3

Overview of removed sequences
length	count	expect	max.err	error counts
3	39	1411.6	0	39
27	1	0.0	2	0 1
28	3	0.0	2	3
29	1	0.0	2	0 1
30	4	0.0	3	0 3 1
31	5	0.0	3	0 0 5
32	27	0.0	3	0 17 6 4
33	354	0.0	3	168 158 27 1
34	8	0.0	3	0 5 1 2
35	2	0.0	3	0 0 1 1
36	7	0.0	3	0 0 0 7


=== First read: Adapter 2 ===

Sequence: ACGTTGGATGTTTGTTACTAAGGTAGATACCACTC; Type: regular 5'; Length: 35; Trimmed: 54 times.

No. of allowed errors:
0-9 bp: 0; 10-19 bp: 1; 20-29 bp: 2; 30-35 bp: 3

Overview of removed sequences
length	count	expect	max.err	error counts
3	10	1411.6	0	10
31	1	0.0	3	1
32	9	0.0	3	0 7 2
33	29	0.0	3	26 3
34	1	0.0	3	0 0 1
35	1	0.0	3	0 0 0 1
36	3	0.0	3	0 0 0 3


=== First read: Adapter 3 ===

Sequence: ACGTTGGATGTTTGTTACTGTGGTGGATACTAC; Type: regular 5'; Length: 33; Trimmed: 174 times.

No. of allowed errors:
0-9 bp: 0; 10-19 bp: 1; 20-29 bp: 2; 30-33 bp: 3

Overview of removed sequences
length	count	expect	max.err	error counts
3	13	1411.6	0	13
27	1	0.0	2	1
28	1	0.0	2	0 0 0 1
29	8	0.0	2	2 1 5
30	7	0.0	3	0 7
31	131	0.0	3	86 39 5 1
32	11	0.0	3	0 7 4
33	2	0.0	3	0 0 1 1


=== First read: Adapter 4 ===

Sequence: ACGTTGGATGTTTGTTACTGTTGTGGATACAAC; Type: regular 5'; Length: 33; Trimmed: 173 times.

No. of allowed errors:
0-9 bp: 0; 10-19 bp: 1; 20-29 bp: 2; 30-33 bp: 3

Overview of removed sequences
length	count	expect	max.err	error counts
3	6	1411.6	0	6
24	2	0.0	2	2
28	1	0.0	2	1
29	2	0.0	2	0 0 1 1
30	15	0.0	3	5 8 1 1
31	124	0.0	3	89 28 6 1
32	3	0.0	3	0 3
33	19	0.0	3	0 0 18 1
34	1	0.0	3	0 0 0 1


=== First read: Adapter 5 ===

Sequence: ACGTTGGATGTTTGTTACCGTTGTTGATACTAC; Type: regular 5'; Length: 33; Trimmed: 138 times.

No. of allowed errors:
0-9 bp: 0; 10-19 bp: 1; 20-29 bp: 2; 30-33 bp: 3

Overview of removed sequences
length	count	expect	max.err	error counts
25	1	0.0	2	0 1
26	1	0.0	2	1
27	1	0.0	2	1
28	3	0.0	2	1 0 0 2
29	6	0.0	2	4 0 1 1
30	4	0.0	3	0 3 1
31	118	0.0	3	93 24 0 1
32	2	0.0	3	0 1 1
33	2	0.0	3	0 0 1 1


=== First read: Adapter 6 ===

Sequence: ACGTTGGATGAATATATGTGTGCTTATTTG; Type: regular 5'; Length: 30; Trimmed: 0 times.

=== First read: Adapter 7 ===

Sequence: ACGTTGGATGGAAAAATAAACTGCAAATCATATTC; Type: regular 5'; Length: 35; Trimmed: 174 times.

No. of allowed errors:
0-9 bp: 0; 10-19 bp: 1; 20-29 bp: 2; 30-35 bp: 3

Overview of removed sequences
length	count	expect	max.err	error counts
3	54	1411.6	0	54
4	1	352.9	0	1
32	4	0.0	3	0 3 1
33	76	0.0	3	65 7 3 1
34	37	0.0	3	0 37
36	2	0.0	3	0 0 0 2


=== First read: Adapter 8 ===

Sequence: ACGTTGGATGGAAAAATAAACTGTAAATCATATTC; Type: regular 5'; Length: 35; Trimmed: 8 times.

No. of allowed errors:
0-9 bp: 0; 10-19 bp: 1; 20-29 bp: 2; 30-35 bp: 3

Overview of removed sequences
length	count	expect	max.err	error counts
32	1	0.0	3	0 0 0 1
33	6	0.0	3	5 1
34	1	0.0	3	0 0 0 1


=== First read: Adapter 9 ===

Sequence: ACGTTGGATGGAAAAATAAATTGTAAATCATACTC; Type: regular 5'; Length: 35; Trimmed: 11 times.

No. of allowed errors:
0-9 bp: 0; 10-19 bp: 1; 20-29 bp: 2; 30-35 bp: 3

Overview of removed sequences
length	count	expect	max.err	error counts
31	1	0.0	3	1
33	10	0.0	3	8 1 0 1


=== First read: Adapter 10 ===

Sequence: ACGTTGGATGAGATTAGGGAAAGTATTAGA; Type: regular 5'; Length: 30; Trimmed: 81 times.

No. of allowed errors:
0-9 bp: 0; 10-19 bp: 1; 20-29 bp: 2; 30 bp: 3

Overview of removed sequences
length	count	expect	max.err	error counts
3	14	1411.6	0	14
4	66	352.9	0	66
5	1	88.2	0	1


=== First read: Adapter 11 ===

Sequence: ACGTTGGATGGAAAAATAAATTGTAAATCAAATTC; Type: regular 5'; Length: 35; Trimmed: 85 times.

No. of allowed errors:
0-9 bp: 0; 10-19 bp: 1; 20-29 bp: 2; 30-35 bp: 3

Overview of removed sequences
length	count	expect	max.err	error counts
32	1	0.0	3	0 1
33	81	0.0	3	75 5 1
34	3	0.0	3	0 3


=== First read: Adapter 12 ===

Sequence: ACGTTGGATGGAAAAATAAACTGTAAATCATATTCCT; Type: regular 5'; Length: 37; Trimmed: 595 times.

No. of allowed errors:
0-9 bp: 0; 10-19 bp: 1; 20-29 bp: 2; 30-37 bp: 3

Overview of removed sequences
length	count	expect	max.err	error counts
3	1	1411.6	0	1
30	1	0.0	3	0 1
33	3	0.0	3	1 0 2
34	79	0.0	3	1 64 14
35	470	0.0	3	236 215 17 2
36	11	0.0	3	0 7 4
37	28	0.0	3	0 0 8 20
38	2	0.0	3	0 0 0 2


=== Second read: Adapter 13 ===

Sequence: ACGTTGGATGTTTGTTACTATGGTAGATACCACAC; Type: regular 5'; Length: 35; Trimmed: 1025 times.

No. of allowed errors:
0-9 bp: 0; 10-19 bp: 1; 20-29 bp: 2; 30-35 bp: 3

Overview of removed sequences
length	count	expect	max.err	error counts
3	252	1411.6	0	252
4	110	352.9	0	110
5	11	88.2	0	11
6	3	22.1	0	3
9	1	0.3	0	0 1
10	1	0.1	1	0 1
11	2	0.0	1	0 2
30	3	0.0	3	1 1 0 1
31	2	0.0	3	1 0 1
32	3	0.0	3	2 0 0 1
33	10	0.0	3	1 1 5 3
34	75	0.0	3	1 23 31 20
35	511	0.0	3	150 164 120 77
36	33	0.0	3	0 8 14 11
37	3	0.0	3	0 0 2 1
38	4	0.0	3	0 0 0 4
44	1	0.0	3	0 0 1


=== Second read: Adapter 14 ===

Sequence: ACGTTGGATGTTTGTTACTGTGGTGGATACTAC; Type: regular 5'; Length: 33; Trimmed: 542 times.

No. of allowed errors:
0-9 bp: 0; 10-19 bp: 1; 20-29 bp: 2; 30-33 bp: 3

Overview of removed sequences
length	count	expect	max.err	error counts
3	167	1411.6	0	167
4	18	352.9	0	18
5	127	88.2	0	127
6	1	22.1	0	1
8	4	1.4	0	4
11	1	0.0	1	0 1
26	2	0.0	2	1 1
28	3	0.0	2	0 1 1 1
30	3	0.0	3	2 0 1
31	13	0.0	3	0 1 8 4
32	17	0.0	3	1 3 4 9
33	171	0.0	3	54 48 25 44
34	8	0.0	3	0 2 2 4
35	2	0.0	3	0 0 0 2
44	2	0.0	3	0 0 0 2
47	1	0.0	3	0 1
51	1	0.0	3	0 1
53	1	0.0	3	0 0 0 1


=== Second read: Adapter 15 ===

Sequence: ACGTTGGATGTTTGTTACTGTTGTGGATACAAC; Type: regular 5'; Length: 33; Trimmed: 946 times.

No. of allowed errors:
0-9 bp: 0; 10-19 bp: 1; 20-29 bp: 2; 30-33 bp: 3

Overview of removed sequences
length	count	expect	max.err	error counts
3	647	1411.6	0	647
4	72	352.9	0	72
5	29	88.2	0	29
6	1	22.1	0	1
7	2	5.5	0	2
8	32	1.4	0	32
11	3	0.0	1	0 3
28	1	0.0	2	1
29	1	0.0	2	0 1
30	2	0.0	3	0 0 0 2
31	5	0.0	3	0 0 3 2
32	7	0.0	3	0 3 2 2
33	105	0.0	3	34 30 18 23
34	7	0.0	3	0 6 0 1
35	28	0.0	3	0 0 19 9
36	3	0.0	3	0 0 0 3
53	1	0.0	3	0 1


=== Second read: Adapter 16 ===

Sequence: ACGTTGGATGTTTGTTACCGTTGTTGATACTAC; Type: regular 5'; Length: 33; Trimmed: 126 times.

No. of allowed errors:
0-9 bp: 0; 10-19 bp: 1; 20-29 bp: 2; 30-33 bp: 3

Overview of removed sequences
length	count	expect	max.err	error counts
11	5	0.0	1	1 4
14	1	0.0	1	0 1
28	2	0.0	2	1 1
30	1	0.0	3	0 0 1
31	3	0.0	3	2 0 1
32	11	0.0	3	1 2 4 4
33	94	0.0	3	31 24 19 20
34	8	0.0	3	0 3 3 2
35	1	0.0	3	0 0 0 1


=== Second read: Adapter 17 ===

Sequence: ACGTTGGATGAATATATGTGTGCTTATTTG; Type: regular 5'; Length: 30; Trimmed: 219 times.

No. of allowed errors:
0-9 bp: 0; 10-19 bp: 1; 20-29 bp: 2; 30 bp: 3

Overview of removed sequences
length	count	expect	max.err	error counts
3	73	1411.6	0	73
4	123	352.9	0	123
5	14	88.2	0	14
6	5	22.1	0	5
7	2	5.5	0	2
9	2	0.3	0	1 1


=== Second read: Adapter 18 ===

Sequence: ACGTTGGATGTTTGTTACTAAGGTAGATACCACTC; Type: regular 5'; Length: 35; Trimmed: 745 times.

No. of allowed errors:
0-9 bp: 0; 10-19 bp: 1; 20-29 bp: 2; 30-35 bp: 3

Overview of removed sequences
length	count	expect	max.err	error counts
3	86	1411.6	0	86
4	569	352.9	0	569
5	9	88.2	0	9
6	4	22.1	0	4
7	1	5.5	0	1
9	3	0.3	0	0 3
10	1	0.1	1	0 1
17	1	0.0	1	0 1
30	1	0.0	3	1
33	4	0.0	3	0 0 2 2
34	23	0.0	3	2 9 4 8
35	35	0.0	3	16 6 7 6
36	3	0.0	3	0 0 1 2
37	4	0.0	3	0 0 1 3
38	1	0.0	3	0 0 0 1


=== Second read: Adapter 19 ===

Sequence: ACGTTGGATGGAAAAATAAACTGCAAATCATATTC; Type: regular 5'; Length: 35; Trimmed: 384 times.

No. of allowed errors:
0-9 bp: 0; 10-19 bp: 1; 20-29 bp: 2; 30-35 bp: 3

Overview of removed sequences
length	count	expect	max.err	error counts
3	63	1411.6	0	63
4	81	352.9	0	81
5	17	88.2	0	17
6	4	22.1	0	4
7	3	5.5	0	3
9	5	0.3	0	0 5
10	1	0.1	1	0 1
11	3	0.0	1	0 3
30	1	0.0	3	0 1
31	2	0.0	3	2
32	1	0.0	3	0 0 0 1
33	1	0.0	3	0 0 0 1
34	8	0.0	3	0 3 2 3
35	160	0.0	3	44 18 23 75
36	33	0.0	3	0 20 7 6
37	1	0.0	3	0 0 0 1


=== Second read: Adapter 20 ===

Sequence: ACGTTGGATGAGATTAGGGAAAGTATTAGA; Type: regular 5'; Length: 30; Trimmed: 381 times.

No. of allowed errors:
0-9 bp: 0; 10-19 bp: 1; 20-29 bp: 2; 30 bp: 3

Overview of removed sequences
length	count	expect	max.err	error counts
3	222	1411.6	0	222
4	72	352.9	0	72
5	24	88.2	0	24
6	18	22.1	0	18
8	5	1.4	0	5
9	3	0.3	0	0 3
10	37	0.1	1	0 37


=== Second read: Adapter 21 ===

Sequence: ACGTTGGATGGAAAAATAAATTGTAAATCATACTC; Type: regular 5'; Length: 35; Trimmed: 27 times.

No. of allowed errors:
0-9 bp: 0; 10-19 bp: 1; 20-29 bp: 2; 30-35 bp: 3

Overview of removed sequences
length	count	expect	max.err	error counts
5	5	88.2	0	5
7	7	5.5	0	7
9	3	0.3	0	0 3
11	2	0.0	1	0 2
34	2	0.0	3	0 0 1 1
35	7	0.0	3	2 2 2 1
38	1	0.0	3	0 0 0 1


=== Second read: Adapter 22 ===

Sequence: ACGTTGGATGGAAAAATAAACTGTAAATCATATTCCT; Type: regular 5'; Length: 37; Trimmed: 3619 times.

No. of allowed errors:
0-9 bp: 0; 10-19 bp: 1; 20-29 bp: 2; 30-37 bp: 3

Overview of removed sequences
length	count	expect	max.err	error counts
3	2785	1411.6	0	2785
4	20	352.9	0	20
5	6	88.2	0	6
6	3	22.1	0	3
9	2	0.3	0	0 2
10	1	0.1	1	0 1
11	1	0.0	1	0 1
32	2	0.0	3	0 0 0 2
33	5	0.0	3	0 1 0 4
34	1	0.0	3	0 0 1
35	4	0.0	3	0 2 1 1
36	105	0.0	3	0 45 31 29
37	656	0.0	3	176 208 138 134
38	13	0.0	3	0 7 4 2
39	13	0.0	3	0 0 2 11
40	2	0.0	3	0 0 0 2


=== Second read: Adapter 23 ===

Sequence: ACGTTGGATGGAAAAATAAACTGTAAATCATATTC; Type: regular 5'; Length: 35; Trimmed: 52 times.

No. of allowed errors:
0-9 bp: 0; 10-19 bp: 1; 20-29 bp: 2; 30-35 bp: 3

Overview of removed sequences
length	count	expect	max.err	error counts
34	1	0.0	3	0 0 0 1
35	47	0.0	3	6 0 4 37
36	4	0.0	3	0 1 0 3


=== Second read: Adapter 24 ===

Sequence: ACGTTGGATGGAAAAATAAATTGTAAATCAAATTC; Type: regular 5'; Length: 35; Trimmed: 262 times.

No. of allowed errors:
0-9 bp: 0; 10-19 bp: 1; 20-29 bp: 2; 30-35 bp: 3

Overview of removed sequences
length	count	expect	max.err	error counts
5	81	88.2	0	81
6	18	22.1	0	18
7	1	5.5	0	1
8	1	1.4	0	1
9	4	0.3	0	0 4
33	1	0.0	3	0 0 1
34	5	0.0	3	0 2 1 2
35	145	0.0	3	68 27 27 23
36	6	0.0	3	0 5 0 1
