This is cutadapt 2.6 with Python 3.7.3
Command line parameters: -g ACGTTGGATGTTTGTTACTATGGTAGATACCACAC -g ACGTTGGATGTTTGTTACTAAGGTAGATACCACTC -g ACGTTGGATGTTTGTTACTGTGGTGGATACTAC -g ACGTTGGATGTTTGTTACTGTTGTGGATACAAC -g ACGTTGGATGTTTGTTACCGTTGTTGATACTAC -g ACGTTGGATGAATATATGTGTGCTTATTTG -G ACGTTGGATGTTTGTTACTATGGTAGATACCACAC -G ACGTTGGATGTTTGTTACTGTGGTGGATACTAC -G ACGTTGGATGTTTGTTACTGTTGTGGATACAAC -G ACGTTGGATGTTTGTTACCGTTGTTGATACTAC -G ACGTTGGATGAATATATGTGTGCTTATTTG -G ACGTTGGATGTTTGTTACTAAGGTAGATACCACTC -g ACGTTGGATGGAAAAATAAACTGCAAATCATATTC -g ACGTTGGATGGAAAAATAAACTGTAAATCATATTC -g ACGTTGGATGGAAAAATAAATTGTAAATCATACTC -g ACGTTGGATGAGATTAGGGAAAGTATTAGA -g ACGTTGGATGGAAAAATAAATTGTAAATCAAATTC -g ACGTTGGATGGAAAAATAAACTGTAAATCATATTCCT -G ACGTTGGATGGAAAAATAAACTGCAAATCATATTC -G ACGTTGGATGAGATTAGGGAAAGTATTAGA -G ACGTTGGATGGAAAAATAAATTGTAAATCATACTC -G ACGTTGGATGGAAAAATAAACTGTAAATCATATTCCT -G ACGTTGGATGGAAAAATAAACTGTAAATCATATTC -G ACGTTGGATGGAAAAATAAATTGTAAATCAAATTC --minimum-length=1 -o /data/projects/mdc-971/data_from_Jan_2020/analysis/30.primer_trimmed/190564_S8_L001_cutadapt.1.fq.gz -p /data/projects/mdc-971/data_from_Jan_2020/analysis/30.primer_trimmed/190564_S8_L001_cutadapt.2.fq.gz /data/projects/mdc-971/data_from_Jan_2020/analysis/20.adapter_trimmed/190564_S8_L001_R1_001.bbduked.trimmed.fastq.gz /data/projects/mdc-971/data_from_Jan_2020/analysis/20.adapter_trimmed/190564_S8_L001_R2_001.bbduked.trimmed.fastq.gz
Processing reads on 1 core in paired-end mode ...
Finished in 25.75 s (248 us/read; 0.24 M reads/minute).

=== Summary ===

Total read pairs processed:            103,732
  Read 1 with adapter:                   1,811 (1.7%)
  Read 2 with adapter:                   9,218 (8.9%)
Pairs that were too short:                   0 (0.0%)
Pairs written (passing filters):       103,732 (100.0%)

Total basepairs processed:    19,565,863 bp
  Read 1:     4,006,063 bp
  Read 2:    15,559,800 bp
Total written (filtered):     19,415,188 bp (99.2%)
  Read 1:     3,952,930 bp
  Read 2:    15,462,258 bp

=== First read: Adapter 1 ===

Sequence: ACGTTGGATGTTTGTTACTATGGTAGATACCACAC; Type: regular 5'; Length: 35; Trimmed: 387 times.

No. of allowed errors:
0-9 bp: 0; 10-19 bp: 1; 20-29 bp: 2; 30-35 bp: 3

Overview of removed sequences
length	count	expect	max.err	error counts
3	45	1620.8	0	45
27	1	0.0	2	1
30	1	0.0	3	1
31	6	0.0	3	0 1 5
32	30	0.0	3	1 15 12 2
33	296	0.0	3	159 103 28 6
34	2	0.0	3	0 1 1
35	2	0.0	3	0 0 1 1
36	4	0.0	3	0 0 0 4


=== First read: Adapter 2 ===

Sequence: ACGTTGGATGTTTGTTACTAAGGTAGATACCACTC; Type: regular 5'; Length: 35; Trimmed: 70 times.

No. of allowed errors:
0-9 bp: 0; 10-19 bp: 1; 20-29 bp: 2; 30-35 bp: 3

Overview of removed sequences
length	count	expect	max.err	error counts
3	15	1620.8	0	15
32	3	0.0	3	0 3
33	48	0.0	3	40 5 3
34	2	0.0	3	0 2
36	2	0.0	3	0 0 0 2


=== First read: Adapter 3 ===

Sequence: ACGTTGGATGTTTGTTACTGTGGTGGATACTAC; Type: regular 5'; Length: 33; Trimmed: 149 times.

No. of allowed errors:
0-9 bp: 0; 10-19 bp: 1; 20-29 bp: 2; 30-33 bp: 3

Overview of removed sequences
length	count	expect	max.err	error counts
3	21	1620.8	0	21
28	1	0.0	2	0 0 0 1
29	5	0.0	2	1 1 1 2
30	9	0.0	3	3 5 0 1
31	103	0.0	3	59 35 5 4
32	10	0.0	3	0 3 6 1


=== First read: Adapter 4 ===

Sequence: ACGTTGGATGTTTGTTACTGTTGTGGATACAAC; Type: regular 5'; Length: 33; Trimmed: 177 times.

No. of allowed errors:
0-9 bp: 0; 10-19 bp: 1; 20-29 bp: 2; 30-33 bp: 3

Overview of removed sequences
length	count	expect	max.err	error counts
3	7	1620.8	0	7
25	1	0.0	2	1
28	1	0.0	2	1
29	5	0.0	2	2 0 3
30	12	0.0	3	4 8
31	125	0.0	3	94 28 3
32	3	0.0	3	0 2 1
33	20	0.0	3	0 0 18 2
34	3	0.0	3	0 0 0 3


=== First read: Adapter 5 ===

Sequence: ACGTTGGATGTTTGTTACCGTTGTTGATACTAC; Type: regular 5'; Length: 33; Trimmed: 134 times.

No. of allowed errors:
0-9 bp: 0; 10-19 bp: 1; 20-29 bp: 2; 30-33 bp: 3

Overview of removed sequences
length	count	expect	max.err	error counts
25	1	0.0	2	0 1
28	2	0.0	2	0 1 0 1
29	1	0.0	2	0 1
30	12	0.0	3	1 8 3
31	109	0.0	3	86 19 2 2
32	6	0.0	3	0 5 1
33	3	0.0	3	0 0 1 2


=== First read: Adapter 6 ===

Sequence: ACGTTGGATGAATATATGTGTGCTTATTTG; Type: regular 5'; Length: 30; Trimmed: 1 times.

No. of allowed errors:
0-9 bp: 0; 10-19 bp: 1; 20-29 bp: 2; 30 bp: 3

Overview of removed sequences
length	count	expect	max.err	error counts
4	1	405.2	0	1


=== First read: Adapter 7 ===

Sequence: ACGTTGGATGGAAAAATAAACTGCAAATCATATTC; Type: regular 5'; Length: 35; Trimmed: 199 times.

No. of allowed errors:
0-9 bp: 0; 10-19 bp: 1; 20-29 bp: 2; 30-35 bp: 3

Overview of removed sequences
length	count	expect	max.err	error counts
3	72	1620.8	0	72
4	2	405.2	0	2
31	1	0.0	3	0 0 0 1
32	9	0.0	3	0 6 2 1
33	82	0.0	3	71 9 1 1
34	32	0.0	3	0 30 2
36	1	0.0	3	0 0 0 1


=== First read: Adapter 8 ===

Sequence: ACGTTGGATGGAAAAATAAACTGTAAATCATATTC; Type: regular 5'; Length: 35; Trimmed: 15 times.

No. of allowed errors:
0-9 bp: 0; 10-19 bp: 1; 20-29 bp: 2; 30-35 bp: 3

Overview of removed sequences
length	count	expect	max.err	error counts
32	3	0.0	3	1 2
33	10	0.0	3	7 2 0 1
34	1	0.0	3	0 0 0 1
35	1	0.0	3	0 0 0 1


=== First read: Adapter 9 ===

Sequence: ACGTTGGATGGAAAAATAAATTGTAAATCATACTC; Type: regular 5'; Length: 35; Trimmed: 9 times.

No. of allowed errors:
0-9 bp: 0; 10-19 bp: 1; 20-29 bp: 2; 30-35 bp: 3

Overview of removed sequences
length	count	expect	max.err	error counts
33	8	0.0	3	6 1 1
34	1	0.0	3	0 0 0 1


=== First read: Adapter 10 ===

Sequence: ACGTTGGATGAGATTAGGGAAAGTATTAGA; Type: regular 5'; Length: 30; Trimmed: 67 times.

No. of allowed errors:
0-9 bp: 0; 10-19 bp: 1; 20-29 bp: 2; 30 bp: 3

Overview of removed sequences
length	count	expect	max.err	error counts
3	19	1620.8	0	19
4	48	405.2	0	48


=== First read: Adapter 11 ===

Sequence: ACGTTGGATGGAAAAATAAATTGTAAATCAAATTC; Type: regular 5'; Length: 35; Trimmed: 61 times.

No. of allowed errors:
0-9 bp: 0; 10-19 bp: 1; 20-29 bp: 2; 30-35 bp: 3

Overview of removed sequences
length	count	expect	max.err	error counts
32	1	0.0	3	1
33	54	0.0	3	47 6 1
34	6	0.0	3	0 4 2


=== First read: Adapter 12 ===

Sequence: ACGTTGGATGGAAAAATAAACTGTAAATCATATTCCT; Type: regular 5'; Length: 37; Trimmed: 542 times.

No. of allowed errors:
0-9 bp: 0; 10-19 bp: 1; 20-29 bp: 2; 30-37 bp: 3

Overview of removed sequences
length	count	expect	max.err	error counts
3	1	1620.8	0	1
31	1	0.0	3	0 1
33	1	0.0	3	0 0 0 1
34	62	0.0	3	0 50 9 3
35	417	0.0	3	173 215 28 1
36	21	0.0	3	0 8 12 1
37	36	0.0	3	0 0 9 27
38	3	0.0	3	0 0 0 3


=== Second read: Adapter 13 ===

Sequence: ACGTTGGATGTTTGTTACTATGGTAGATACCACAC; Type: regular 5'; Length: 35; Trimmed: 1007 times.

No. of allowed errors:
0-9 bp: 0; 10-19 bp: 1; 20-29 bp: 2; 30-35 bp: 3

Overview of removed sequences
length	count	expect	max.err	error counts
3	330	1620.8	0	330
4	134	405.2	0	134
5	21	101.3	0	21
6	2	25.3	0	2
7	2	6.3	0	2
9	2	0.4	0	0 2
10	5	0.1	1	0 5
11	3	0.0	1	0 3
30	1	0.0	3	0 0 0 1
31	2	0.0	3	0 0 0 2
32	2	0.0	3	0 0 0 2
33	9	0.0	3	0 0 5 4
34	61	0.0	3	0 18 18 25
35	409	0.0	3	103 117 97 92
36	18	0.0	3	0 4 5 9
37	3	0.0	3	0 0 1 2
38	2	0.0	3	0 0 0 2
53	1	0.0	3	0 0 0 1


=== Second read: Adapter 14 ===

Sequence: ACGTTGGATGTTTGTTACTGTGGTGGATACTAC; Type: regular 5'; Length: 33; Trimmed: 663 times.

No. of allowed errors:
0-9 bp: 0; 10-19 bp: 1; 20-29 bp: 2; 30-33 bp: 3

Overview of removed sequences
length	count	expect	max.err	error counts
3	217	1620.8	0	217
4	38	405.2	0	38
5	172	101.3	0	172
6	4	25.3	0	4
7	1	6.3	0	1
8	6	1.6	0	6
20	1	0.0	2	1
24	1	0.0	2	0 1
28	3	0.0	2	2 0 1
30	1	0.0	3	0 0 0 1
31	10	0.0	3	0 0 8 2
32	26	0.0	3	0 8 9 9
33	172	0.0	3	41 57 29 45
34	6	0.0	3	0 2 2 2
35	1	0.0	3	0 0 0 1
40	1	0.0	3	0 0 1
41	1	0.0	3	1
42	1	0.0	3	0 0 1
57	1	0.0	3	0 0 0 1


=== Second read: Adapter 15 ===

Sequence: ACGTTGGATGTTTGTTACTGTTGTGGATACAAC; Type: regular 5'; Length: 33; Trimmed: 1216 times.

No. of allowed errors:
0-9 bp: 0; 10-19 bp: 1; 20-29 bp: 2; 30-33 bp: 3

Overview of removed sequences
length	count	expect	max.err	error counts
3	885	1620.8	0	885
4	95	405.2	0	95
5	41	101.3	0	41
6	3	25.3	0	3
7	1	6.3	0	1
8	29	1.6	0	29
12	1	0.0	1	0 1
27	1	0.0	2	0 1
28	1	0.0	2	0 1
29	2	0.0	2	0 0 2
31	5	0.0	3	0 1 2 2
32	12	0.0	3	2 4 2 4
33	112	0.0	3	30 38 26 18
34	5	0.0	3	0 3 0 2
35	18	0.0	3	0 0 16 2
36	5	0.0	3	0 0 0 5


=== Second read: Adapter 16 ===

Sequence: ACGTTGGATGTTTGTTACCGTTGTTGATACTAC; Type: regular 5'; Length: 33; Trimmed: 160 times.

No. of allowed errors:
0-9 bp: 0; 10-19 bp: 1; 20-29 bp: 2; 30-33 bp: 3

Overview of removed sequences
length	count	expect	max.err	error counts
10	1	0.1	1	0 1
11	2	0.0	1	0 2
26	1	0.0	2	1
27	1	0.0	2	0 1
28	1	0.0	2	0 0 1
29	3	0.0	2	0 1 1 1
30	3	0.0	3	0 0 0 3
31	6	0.0	3	3 1 0 2
32	17	0.0	3	1 3 3 10
33	120	0.0	3	29 34 26 31
34	5	0.0	3	0 0 2 3


=== Second read: Adapter 17 ===

Sequence: ACGTTGGATGAATATATGTGTGCTTATTTG; Type: regular 5'; Length: 30; Trimmed: 261 times.

No. of allowed errors:
0-9 bp: 0; 10-19 bp: 1; 20-29 bp: 2; 30 bp: 3

Overview of removed sequences
length	count	expect	max.err	error counts
3	100	1620.8	0	100
4	129	405.2	0	129
5	21	101.3	0	21
6	8	25.3	0	8
7	1	6.3	0	1
9	2	0.4	0	1 1


=== Second read: Adapter 18 ===

Sequence: ACGTTGGATGTTTGTTACTAAGGTAGATACCACTC; Type: regular 5'; Length: 35; Trimmed: 709 times.

No. of allowed errors:
0-9 bp: 0; 10-19 bp: 1; 20-29 bp: 2; 30-35 bp: 3

Overview of removed sequences
length	count	expect	max.err	error counts
3	134	1620.8	0	134
4	486	405.2	0	486
5	18	101.3	0	18
6	2	25.3	0	2
9	2	0.4	0	0 2
27	1	0.0	2	0 1
30	2	0.0	3	0 1 1
31	1	0.0	3	0 1
33	1	0.0	3	0 0 0 1
34	16	0.0	3	0 4 6 6
35	40	0.0	3	14 8 6 12
36	2	0.0	3	0 2
37	3	0.0	3	0 0 0 3
38	1	0.0	3	0 0 0 1


=== Second read: Adapter 19 ===

Sequence: ACGTTGGATGGAAAAATAAACTGCAAATCATATTC; Type: regular 5'; Length: 35; Trimmed: 485 times.

No. of allowed errors:
0-9 bp: 0; 10-19 bp: 1; 20-29 bp: 2; 30-35 bp: 3

Overview of removed sequences
length	count	expect	max.err	error counts
3	126	1620.8	0	126
4	112	405.2	0	112
5	27	101.3	0	27
6	3	25.3	0	3
7	4	6.3	0	4
9	5	0.4	0	0 5
10	1	0.1	1	0 1
11	3	0.0	1	0 3
30	1	0.0	3	0 0 0 1
33	2	0.0	3	2
34	15	0.0	3	0 2 1 12
35	147	0.0	3	34 20 20 73
36	37	0.0	3	0 17 10 10
37	1	0.0	3	0 0 1
38	1	0.0	3	0 0 0 1


=== Second read: Adapter 20 ===

Sequence: ACGTTGGATGAGATTAGGGAAAGTATTAGA; Type: regular 5'; Length: 30; Trimmed: 489 times.

No. of allowed errors:
0-9 bp: 0; 10-19 bp: 1; 20-29 bp: 2; 30 bp: 3

Overview of removed sequences
length	count	expect	max.err	error counts
3	287	1620.8	0	287
4	102	405.2	0	102
5	26	101.3	0	26
6	14	25.3	0	14
8	5	1.6	0	5
9	2	0.4	0	0 2
10	51	0.1	1	2 49
11	1	0.0	1	0 1
13	1	0.0	1	0 1


=== Second read: Adapter 21 ===

Sequence: ACGTTGGATGGAAAAATAAATTGTAAATCATACTC; Type: regular 5'; Length: 35; Trimmed: 23 times.

No. of allowed errors:
0-9 bp: 0; 10-19 bp: 1; 20-29 bp: 2; 30-35 bp: 3

Overview of removed sequences
length	count	expect	max.err	error counts
5	4	101.3	0	4
6	1	25.3	0	1
7	1	6.3	0	1
9	4	0.4	0	0 4
10	6	0.1	1	0 6
34	1	0.0	3	0 0 0 1
35	5	0.0	3	1 2 2
36	1	0.0	3	0 0 1


=== Second read: Adapter 22 ===

Sequence: ACGTTGGATGGAAAAATAAACTGTAAATCATATTCCT; Type: regular 5'; Length: 37; Trimmed: 3942 times.

No. of allowed errors:
0-9 bp: 0; 10-19 bp: 1; 20-29 bp: 2; 30-37 bp: 3

Overview of removed sequences
length	count	expect	max.err	error counts
3	3286	1620.8	0	3286
4	18	405.2	0	18
5	3	101.3	0	3
6	3	25.3	0	3
9	1	0.4	0	0 1
10	1	0.1	1	0 1
27	1	0.0	2	0 0 1
32	1	0.0	3	0 0 0 1
33	2	0.0	3	1 0 0 1
34	3	0.0	3	0 1 2
35	1	0.0	3	0 1
36	74	0.0	3	0 23 24 27
37	513	0.0	3	103 171 113 126
38	16	0.0	3	0 6 6 4
39	18	0.0	3	0 0 5 13
40	1	0.0	3	0 0 0 1


=== Second read: Adapter 23 ===

Sequence: ACGTTGGATGGAAAAATAAACTGTAAATCATATTC; Type: regular 5'; Length: 35; Trimmed: 54 times.

No. of allowed errors:
0-9 bp: 0; 10-19 bp: 1; 20-29 bp: 2; 30-35 bp: 3

Overview of removed sequences
length	count	expect	max.err	error counts
15	1	0.0	1	0 1
33	1	0.0	3	0 0 0 1
34	9	0.0	3	0 1 1 7
35	41	0.0	3	2 6 3 30
36	2	0.0	3	0 0 0 2


=== Second read: Adapter 24 ===

Sequence: ACGTTGGATGGAAAAATAAATTGTAAATCAAATTC; Type: regular 5'; Length: 35; Trimmed: 209 times.

No. of allowed errors:
0-9 bp: 0; 10-19 bp: 1; 20-29 bp: 2; 30-35 bp: 3

Overview of removed sequences
length	count	expect	max.err	error counts
5	92	101.3	0	92
6	32	25.3	0	32
8	1	1.6	0	1
9	4	0.4	0	0 4
10	4	0.1	1	0 4
11	2	0.0	1	0 2
35	72	0.0	3	21 17 16 18
36	1	0.0	3	0 1
38	1	0.0	3	0 0 0 1
