This is cutadapt 2.6 with Python 3.7.3
Command line parameters: -g ACGTTGGATGTTTGTTACTATGGTAGATACCACAC -g ACGTTGGATGTTTGTTACTAAGGTAGATACCACTC -g ACGTTGGATGTTTGTTACTGTGGTGGATACTAC -g ACGTTGGATGTTTGTTACTGTTGTGGATACAAC -g ACGTTGGATGTTTGTTACCGTTGTTGATACTAC -g ACGTTGGATGAATATATGTGTGCTTATTTG -G ACGTTGGATGTTTGTTACTATGGTAGATACCACAC -G ACGTTGGATGTTTGTTACTGTGGTGGATACTAC -G ACGTTGGATGTTTGTTACTGTTGTGGATACAAC -G ACGTTGGATGTTTGTTACCGTTGTTGATACTAC -G ACGTTGGATGAATATATGTGTGCTTATTTG -G ACGTTGGATGTTTGTTACTAAGGTAGATACCACTC -g ACGTTGGATGGAAAAATAAACTGCAAATCATATTC -g ACGTTGGATGGAAAAATAAACTGTAAATCATATTC -g ACGTTGGATGGAAAAATAAATTGTAAATCATACTC -g ACGTTGGATGAGATTAGGGAAAGTATTAGA -g ACGTTGGATGGAAAAATAAATTGTAAATCAAATTC -g ACGTTGGATGGAAAAATAAACTGTAAATCATATTCCT -G ACGTTGGATGGAAAAATAAACTGCAAATCATATTC -G ACGTTGGATGAGATTAGGGAAAGTATTAGA -G ACGTTGGATGGAAAAATAAATTGTAAATCATACTC -G ACGTTGGATGGAAAAATAAACTGTAAATCATATTCCT -G ACGTTGGATGGAAAAATAAACTGTAAATCATATTC -G ACGTTGGATGGAAAAATAAATTGTAAATCAAATTC --minimum-length=1 -o /data/projects/mdc-971/data_from_Jan_2020/analysis/30.primer_trimmed/190543_S76_L001_cutadapt.1.fq.gz -p /data/projects/mdc-971/data_from_Jan_2020/analysis/30.primer_trimmed/190543_S76_L001_cutadapt.2.fq.gz /data/projects/mdc-971/data_from_Jan_2020/analysis/20.adapter_trimmed/190543_S76_L001_R1_001.bbduked.trimmed.fastq.gz /data/projects/mdc-971/data_from_Jan_2020/analysis/20.adapter_trimmed/190543_S76_L001_R2_001.bbduked.trimmed.fastq.gz
Processing reads on 1 core in paired-end mode ...
Finished in 22.37 s (236 us/read; 0.25 M reads/minute).

=== Summary ===

Total read pairs processed:             94,742
  Read 1 with adapter:                     714 (0.8%)
  Read 2 with adapter:                   4,759 (5.0%)
Pairs that were too short:                   0 (0.0%)
Pairs written (passing filters):        94,742 (100.0%)

Total basepairs processed:    17,897,973 bp
  Read 1:     3,686,674 bp
  Read 2:    14,211,299 bp
Total written (filtered):     17,848,397 bp (99.7%)
  Read 1:     3,670,383 bp
  Read 2:    14,178,014 bp

=== First read: Adapter 1 ===

Sequence: ACGTTGGATGTTTGTTACTATGGTAGATACCACAC; Type: regular 5'; Length: 35; Trimmed: 49 times.

No. of allowed errors:
0-9 bp: 0; 10-19 bp: 1; 20-29 bp: 2; 30-35 bp: 3

Overview of removed sequences
length	count	expect	max.err	error counts
3	12	1480.3	0	12
22	2	0.0	2	0 0 2
23	2	0.0	2	0 2
24	3	0.0	2	1 0 2
25	1	0.0	2	0 1
26	4	0.0	2	4
32	6	0.0	3	0 4 1 1
33	17	0.0	3	10 7
36	2	0.0	3	0 0 0 2


=== First read: Adapter 2 ===

Sequence: ACGTTGGATGTTTGTTACTAAGGTAGATACCACTC; Type: regular 5'; Length: 35; Trimmed: 16 times.

No. of allowed errors:
0-9 bp: 0; 10-19 bp: 1; 20-29 bp: 2; 30-35 bp: 3

Overview of removed sequences
length	count	expect	max.err	error counts
3	8	1480.3	0	8
26	1	0.0	2	0 1
28	1	0.0	2	0 1
32	2	0.0	3	0 2
33	4	0.0	3	4


=== First read: Adapter 3 ===

Sequence: ACGTTGGATGTTTGTTACTGTGGTGGATACTAC; Type: regular 5'; Length: 33; Trimmed: 165 times.

No. of allowed errors:
0-9 bp: 0; 10-19 bp: 1; 20-29 bp: 2; 30-33 bp: 3

Overview of removed sequences
length	count	expect	max.err	error counts
3	19	1480.3	0	19
12	2	0.0	1	2
19	1	0.0	1	0 0 1
20	2	0.0	2	0 2
21	1	0.0	2	1
27	9	0.0	2	0 0 9
28	29	0.0	2	0 27 2
29	97	0.0	2	88 9
30	1	0.0	3	0 1
31	4	0.0	3	3 1


=== First read: Adapter 4 ===

Sequence: ACGTTGGATGTTTGTTACTGTTGTGGATACAAC; Type: regular 5'; Length: 33; Trimmed: 103 times.

No. of allowed errors:
0-9 bp: 0; 10-19 bp: 1; 20-29 bp: 2; 30-33 bp: 3

Overview of removed sequences
length	count	expect	max.err	error counts
3	10	1480.3	0	10
12	2	0.0	1	2
14	1	0.0	1	0 1
20	3	0.0	2	0 2 1
27	6	0.0	2	1 0 5
28	18	0.0	2	0 16 2
29	46	0.0	2	43 3
30	4	0.0	3	0 3 1
31	13	0.0	3	10 2 1


=== First read: Adapter 5 ===

Sequence: ACGTTGGATGTTTGTTACCGTTGTTGATACTAC; Type: regular 5'; Length: 33; Trimmed: 186 times.

No. of allowed errors:
0-9 bp: 0; 10-19 bp: 1; 20-29 bp: 2; 30-33 bp: 3

Overview of removed sequences
length	count	expect	max.err	error counts
12	26	0.0	1	25 1
21	1	0.0	2	1
25	1	0.0	2	0 1
27	6	0.0	2	0 0 6
28	23	0.0	2	0 23
29	117	0.0	2	100 16 1
30	1	0.0	3	1
31	11	0.0	3	9 2


=== First read: Adapter 6 ===

Sequence: ACGTTGGATGAATATATGTGTGCTTATTTG; Type: regular 5'; Length: 30; Trimmed: 2 times.

No. of allowed errors:
0-9 bp: 0; 10-19 bp: 1; 20-29 bp: 2; 30 bp: 3

Overview of removed sequences
length	count	expect	max.err	error counts
3	2	1480.3	0	2


=== First read: Adapter 7 ===

Sequence: ACGTTGGATGGAAAAATAAACTGCAAATCATATTC; Type: regular 5'; Length: 35; Trimmed: 84 times.

No. of allowed errors:
0-9 bp: 0; 10-19 bp: 1; 20-29 bp: 2; 30-35 bp: 3

Overview of removed sequences
length	count	expect	max.err	error counts
3	39	1480.3	0	39
4	1	370.1	0	1
17	1	0.0	1	0 1
18	8	0.0	1	0 0 8
19	4	0.0	1	0 4
20	15	0.0	2	6 1 8
21	6	0.0	2	0 5 1
22	4	0.0	2	2 2
23	1	0.0	2	1
26	1	0.0	2	0 0 1
33	3	0.0	3	3
34	1	0.0	3	0 1


=== First read: Adapter 8 ===

Sequence: ACGTTGGATGGAAAAATAAACTGTAAATCATATTC; Type: regular 5'; Length: 35; Trimmed: 33 times.

No. of allowed errors:
0-9 bp: 0; 10-19 bp: 1; 20-29 bp: 2; 30-35 bp: 3

Overview of removed sequences
length	count	expect	max.err	error counts
17	1	0.0	1	0 1
18	2	0.0	1	0 0 2
19	5	0.0	1	0 4 1
20	13	0.0	2	6 2 5
21	4	0.0	2	0 3 1
22	4	0.0	2	4
27	1	0.0	2	0 1
28	2	0.0	2	1 1
33	1	0.0	3	1


=== First read: Adapter 9 ===

Sequence: ACGTTGGATGGAAAAATAAATTGTAAATCATACTC; Type: regular 5'; Length: 35; Trimmed: 1 times.

No. of allowed errors:
0-9 bp: 0; 10-19 bp: 1; 20-29 bp: 2; 30-35 bp: 3

Overview of removed sequences
length	count	expect	max.err	error counts
33	1	0.0	3	1


=== First read: Adapter 10 ===

Sequence: ACGTTGGATGAGATTAGGGAAAGTATTAGA; Type: regular 5'; Length: 30; Trimmed: 40 times.

No. of allowed errors:
0-9 bp: 0; 10-19 bp: 1; 20-29 bp: 2; 30 bp: 3

Overview of removed sequences
length	count	expect	max.err	error counts
3	16	1480.3	0	16
4	23	370.1	0	23
6	1	23.1	0	1


=== First read: Adapter 11 ===

Sequence: ACGTTGGATGGAAAAATAAATTGTAAATCAAATTC; Type: regular 5'; Length: 35; Trimmed: 4 times.

No. of allowed errors:
0-9 bp: 0; 10-19 bp: 1; 20-29 bp: 2; 30-35 bp: 3

Overview of removed sequences
length	count	expect	max.err	error counts
17	1	0.0	1	1
21	1	0.0	2	1
33	2	0.0	3	2


=== First read: Adapter 12 ===

Sequence: ACGTTGGATGGAAAAATAAACTGTAAATCATATTCCT; Type: regular 5'; Length: 37; Trimmed: 31 times.

No. of allowed errors:
0-9 bp: 0; 10-19 bp: 1; 20-29 bp: 2; 30-37 bp: 3

Overview of removed sequences
length	count	expect	max.err	error counts
25	1	0.0	2	0 0 1
27	1	0.0	2	1
33	3	0.0	3	2 0 1
34	2	0.0	3	0 2
35	20	0.0	3	13 7
36	3	0.0	3	0 1 2
37	1	0.0	3	0 0 1


=== Second read: Adapter 13 ===

Sequence: ACGTTGGATGTTTGTTACTATGGTAGATACCACAC; Type: regular 5'; Length: 35; Trimmed: 402 times.

No. of allowed errors:
0-9 bp: 0; 10-19 bp: 1; 20-29 bp: 2; 30-35 bp: 3

Overview of removed sequences
length	count	expect	max.err	error counts
3	228	1480.3	0	228
4	57	370.1	0	57
5	12	92.5	0	12
6	2	23.1	0	2
8	1	1.4	0	1
9	2	0.4	0	0 2
10	11	0.1	1	1 10
28	1	0.0	2	0 1
30	1	0.0	3	0 0 1
31	1	0.0	3	0 0 0 1
33	4	0.0	3	0 0 1 3
34	7	0.0	3	0 1 1 5
35	68	0.0	3	10 13 16 29
36	4	0.0	3	0 0 0 4
37	1	0.0	3	0 0 0 1
38	1	0.0	3	0 0 0 1
47	1	0.0	3	0 0 0 1


=== Second read: Adapter 14 ===

Sequence: ACGTTGGATGTTTGTTACTGTGGTGGATACTAC; Type: regular 5'; Length: 33; Trimmed: 262 times.

No. of allowed errors:
0-9 bp: 0; 10-19 bp: 1; 20-29 bp: 2; 30-33 bp: 3

Overview of removed sequences
length	count	expect	max.err	error counts
3	147	1480.3	0	147
4	16	370.1	0	16
5	37	92.5	0	37
6	5	23.1	0	5
8	4	1.4	0	4
28	1	0.0	2	1
29	1	0.0	2	0 0 0 1
31	2	0.0	3	0 0 1 1
32	5	0.0	3	0 1 3 1
33	42	0.0	3	7 7 11 17
34	1	0.0	3	0 0 0 1
45	1	0.0	3	1


=== Second read: Adapter 15 ===

Sequence: ACGTTGGATGTTTGTTACTGTTGTGGATACAAC; Type: regular 5'; Length: 33; Trimmed: 651 times.

No. of allowed errors:
0-9 bp: 0; 10-19 bp: 1; 20-29 bp: 2; 30-33 bp: 3

Overview of removed sequences
length	count	expect	max.err	error counts
3	528	1480.3	0	528
4	52	370.1	0	52
5	11	92.5	0	11
6	6	23.1	0	6
7	1	5.8	0	1
8	2	1.4	0	2
11	1	0.0	1	0 1
26	1	0.0	2	1
28	2	0.0	2	1 0 1
31	4	0.0	3	0 1 2 1
32	4	0.0	3	0 1 0 3
33	33	0.0	3	7 5 10 11
34	3	0.0	3	0 0 2 1
35	2	0.0	3	0 0 0 2
95	1	0.0	3	0 1


=== Second read: Adapter 16 ===

Sequence: ACGTTGGATGTTTGTTACCGTTGTTGATACTAC; Type: regular 5'; Length: 33; Trimmed: 72 times.

No. of allowed errors:
0-9 bp: 0; 10-19 bp: 1; 20-29 bp: 2; 30-33 bp: 3

Overview of removed sequences
length	count	expect	max.err	error counts
12	1	0.0	1	0 1
27	1	0.0	2	0 1
28	1	0.0	2	1
31	7	0.0	3	2 0 3 2
32	7	0.0	3	0 0 1 6
33	55	0.0	3	7 10 12 26


=== Second read: Adapter 17 ===

Sequence: ACGTTGGATGAATATATGTGTGCTTATTTG; Type: regular 5'; Length: 30; Trimmed: 135 times.

No. of allowed errors:
0-9 bp: 0; 10-19 bp: 1; 20-29 bp: 2; 30 bp: 3

Overview of removed sequences
length	count	expect	max.err	error counts
3	62	1480.3	0	62
4	21	370.1	0	21
5	24	92.5	0	24
6	20	23.1	0	20
8	6	1.4	0	6
9	2	0.4	0	2


=== Second read: Adapter 18 ===

Sequence: ACGTTGGATGTTTGTTACTAAGGTAGATACCACTC; Type: regular 5'; Length: 35; Trimmed: 283 times.

No. of allowed errors:
0-9 bp: 0; 10-19 bp: 1; 20-29 bp: 2; 30-35 bp: 3

Overview of removed sequences
length	count	expect	max.err	error counts
3	74	1480.3	0	74
4	173	370.1	0	173
5	8	92.5	0	8
6	2	23.1	0	2
8	1	1.4	0	1
9	3	0.4	0	0 3
10	3	0.1	1	0 3
33	1	0.0	3	0 0 0 1
35	15	0.0	3	6 1 3 5
36	1	0.0	3	0 0 0 1
37	2	0.0	3	0 0 0 2


=== Second read: Adapter 19 ===

Sequence: ACGTTGGATGGAAAAATAAACTGCAAATCATATTC; Type: regular 5'; Length: 35; Trimmed: 271 times.

No. of allowed errors:
0-9 bp: 0; 10-19 bp: 1; 20-29 bp: 2; 30-35 bp: 3

Overview of removed sequences
length	count	expect	max.err	error counts
3	70	1480.3	0	70
4	51	370.1	0	51
5	29	92.5	0	29
6	21	23.1	0	21
7	7	5.8	0	7
9	25	0.4	0	0 25
10	1	0.1	1	0 1
34	1	0.0	3	0 0 1
35	53	0.0	3	1 8 11 33
36	13	0.0	3	0 3 1 9


=== Second read: Adapter 20 ===

Sequence: ACGTTGGATGAGATTAGGGAAAGTATTAGA; Type: regular 5'; Length: 30; Trimmed: 243 times.

No. of allowed errors:
0-9 bp: 0; 10-19 bp: 1; 20-29 bp: 2; 30 bp: 3

Overview of removed sequences
length	count	expect	max.err	error counts
3	179	1480.3	0	179
4	54	370.1	0	54
5	1	92.5	0	1
7	2	5.8	0	2
9	5	0.4	0	0 5
10	2	0.1	1	0 2


=== Second read: Adapter 21 ===

Sequence: ACGTTGGATGGAAAAATAAATTGTAAATCATACTC; Type: regular 5'; Length: 35; Trimmed: 26 times.

No. of allowed errors:
0-9 bp: 0; 10-19 bp: 1; 20-29 bp: 2; 30-35 bp: 3

Overview of removed sequences
length	count	expect	max.err	error counts
5	8	92.5	0	8
6	1	23.1	0	1
7	3	5.8	0	3
9	4	0.4	0	0 4
10	1	0.1	1	0 1
11	5	0.0	1	0 5
12	1	0.0	1	0 1
34	1	0.0	3	0 0 0 1
35	2	0.0	3	0 1 0 1


=== Second read: Adapter 22 ===

Sequence: ACGTTGGATGGAAAAATAAACTGTAAATCATATTCCT; Type: regular 5'; Length: 37; Trimmed: 2086 times.

No. of allowed errors:
0-9 bp: 0; 10-19 bp: 1; 20-29 bp: 2; 30-37 bp: 3

Overview of removed sequences
length	count	expect	max.err	error counts
3	1878	1480.3	0	1878
4	35	370.1	0	35
5	6	92.5	0	6
6	1	23.1	0	1
7	8	5.8	0	8
10	11	0.1	1	0 11
11	14	0.0	1	0 14
33	1	0.0	3	0 0 0 1
35	1	0.0	3	0 0 0 1
36	21	0.0	3	0 6 5 10
37	104	0.0	3	15 28 28 33
38	3	0.0	3	0 1 2
39	3	0.0	3	0 0 1 2


=== Second read: Adapter 23 ===

Sequence: ACGTTGGATGGAAAAATAAACTGTAAATCATATTC; Type: regular 5'; Length: 35; Trimmed: 19 times.

No. of allowed errors:
0-9 bp: 0; 10-19 bp: 1; 20-29 bp: 2; 30-35 bp: 3

Overview of removed sequences
length	count	expect	max.err	error counts
34	3	0.0	3	0 2 0 1
35	16	0.0	3	1 0 1 14


=== Second read: Adapter 24 ===

Sequence: ACGTTGGATGGAAAAATAAATTGTAAATCAAATTC; Type: regular 5'; Length: 35; Trimmed: 309 times.

No. of allowed errors:
0-9 bp: 0; 10-19 bp: 1; 20-29 bp: 2; 30-35 bp: 3

Overview of removed sequences
length	count	expect	max.err	error counts
5	112	92.5	0	112
6	159	23.1	0	159
8	2	1.4	0	2
9	22	0.4	0	0 22
34	1	0.0	3	0 1
35	13	0.0	3	0 3 4 6
