This is cutadapt 2.6 with Python 3.7.3
Command line parameters: -g ACGTTGGATGTTTGTTACTATGGTAGATACCACAC -g ACGTTGGATGTTTGTTACTAAGGTAGATACCACTC -g ACGTTGGATGTTTGTTACTGTGGTGGATACTAC -g ACGTTGGATGTTTGTTACTGTTGTGGATACAAC -g ACGTTGGATGTTTGTTACCGTTGTTGATACTAC -g ACGTTGGATGAATATATGTGTGCTTATTTG -G ACGTTGGATGTTTGTTACTATGGTAGATACCACAC -G ACGTTGGATGTTTGTTACTGTGGTGGATACTAC -G ACGTTGGATGTTTGTTACTGTTGTGGATACAAC -G ACGTTGGATGTTTGTTACCGTTGTTGATACTAC -G ACGTTGGATGAATATATGTGTGCTTATTTG -G ACGTTGGATGTTTGTTACTAAGGTAGATACCACTC -g ACGTTGGATGGAAAAATAAACTGCAAATCATATTC -g ACGTTGGATGGAAAAATAAACTGTAAATCATATTC -g ACGTTGGATGGAAAAATAAATTGTAAATCATACTC -g ACGTTGGATGAGATTAGGGAAAGTATTAGA -g ACGTTGGATGGAAAAATAAATTGTAAATCAAATTC -g ACGTTGGATGGAAAAATAAACTGTAAATCATATTCCT -G ACGTTGGATGGAAAAATAAACTGCAAATCATATTC -G ACGTTGGATGAGATTAGGGAAAGTATTAGA -G ACGTTGGATGGAAAAATAAATTGTAAATCATACTC -G ACGTTGGATGGAAAAATAAACTGTAAATCATATTCCT -G ACGTTGGATGGAAAAATAAACTGTAAATCATATTC -G ACGTTGGATGGAAAAATAAATTGTAAATCAAATTC --minimum-length=1 -o /data/projects/mdc-971/data_from_Jan_2020/analysis/30.primer_trimmed/190557-2_S91_L001_cutadapt.1.fq.gz -p /data/projects/mdc-971/data_from_Jan_2020/analysis/30.primer_trimmed/190557-2_S91_L001_cutadapt.2.fq.gz /data/projects/mdc-971/data_from_Jan_2020/analysis/20.adapter_trimmed/190557-2_S91_L001_R1_001.bbduked.trimmed.fastq.gz /data/projects/mdc-971/data_from_Jan_2020/analysis/20.adapter_trimmed/190557-2_S91_L001_R2_001.bbduked.trimmed.fastq.gz
Processing reads on 1 core in paired-end mode ...
Finished in 29.38 s (244 us/read; 0.25 M reads/minute).

=== Summary ===

Total read pairs processed:            120,321
  Read 1 with adapter:                     717 (0.6%)
  Read 2 with adapter:                  12,160 (10.1%)
Pairs that were too short:                   0 (0.0%)
Pairs written (passing filters):       120,321 (100.0%)

Total basepairs processed:    22,626,485 bp
  Read 1:     4,578,335 bp
  Read 2:    18,048,150 bp
Total written (filtered):     22,530,999 bp (99.6%)
  Read 1:     4,559,271 bp
  Read 2:    17,971,728 bp

=== First read: Adapter 1 ===

Sequence: ACGTTGGATGTTTGTTACTATGGTAGATACCACAC; Type: regular 5'; Length: 35; Trimmed: 82 times.

No. of allowed errors:
0-9 bp: 0; 10-19 bp: 1; 20-29 bp: 2; 30-35 bp: 3

Overview of removed sequences
length	count	expect	max.err	error counts
3	31	1880.0	0	31
24	1	0.0	2	1
28	1	0.0	2	1
31	1	0.0	3	0 0 0 1
32	8	0.0	3	0 8
33	40	0.0	3	30 7 2 1


=== First read: Adapter 2 ===

Sequence: ACGTTGGATGTTTGTTACTAAGGTAGATACCACTC; Type: regular 5'; Length: 35; Trimmed: 26 times.

No. of allowed errors:
0-9 bp: 0; 10-19 bp: 1; 20-29 bp: 2; 30-35 bp: 3

Overview of removed sequences
length	count	expect	max.err	error counts
3	15	1880.0	0	15
31	1	0.0	3	0 0 1
32	1	0.0	3	0 1
33	8	0.0	3	8
36	1	0.0	3	0 0 0 1


=== First read: Adapter 3 ===

Sequence: ACGTTGGATGTTTGTTACTGTGGTGGATACTAC; Type: regular 5'; Length: 33; Trimmed: 73 times.

No. of allowed errors:
0-9 bp: 0; 10-19 bp: 1; 20-29 bp: 2; 30-33 bp: 3

Overview of removed sequences
length	count	expect	max.err	error counts
3	9	1880.0	0	9
26	1	0.0	2	1
27	2	0.0	2	1 1
28	1	0.0	2	0 1
30	6	0.0	3	2 4
31	54	0.0	3	47 7


=== First read: Adapter 4 ===

Sequence: ACGTTGGATGTTTGTTACTGTTGTGGATACAAC; Type: regular 5'; Length: 33; Trimmed: 63 times.

No. of allowed errors:
0-9 bp: 0; 10-19 bp: 1; 20-29 bp: 2; 30-33 bp: 3

Overview of removed sequences
length	count	expect	max.err	error counts
3	3	1880.0	0	3
28	1	0.0	2	1
30	5	0.0	3	0 4 1
31	49	0.0	3	47 2
32	2	0.0	3	0 2
33	3	0.0	3	0 0 3


=== First read: Adapter 5 ===

Sequence: ACGTTGGATGTTTGTTACCGTTGTTGATACTAC; Type: regular 5'; Length: 33; Trimmed: 130 times.

No. of allowed errors:
0-9 bp: 0; 10-19 bp: 1; 20-29 bp: 2; 30-33 bp: 3

Overview of removed sequences
length	count	expect	max.err	error counts
25	1	0.0	2	0 1
29	1	0.0	2	1
30	13	0.0	3	2 11
31	113	0.0	3	106 6 1
32	2	0.0	3	0 2


=== First read: Adapter 6 ===

Sequence: ACGTTGGATGAATATATGTGTGCTTATTTG; Type: regular 5'; Length: 30; Trimmed: 0 times.

=== First read: Adapter 7 ===

Sequence: ACGTTGGATGGAAAAATAAACTGCAAATCATATTC; Type: regular 5'; Length: 35; Trimmed: 86 times.

No. of allowed errors:
0-9 bp: 0; 10-19 bp: 1; 20-29 bp: 2; 30-35 bp: 3

Overview of removed sequences
length	count	expect	max.err	error counts
3	69	1880.0	0	69
4	2	470.0	0	2
32	4	0.0	3	2 2
33	10	0.0	3	10
34	1	0.0	3	0 1


=== First read: Adapter 8 ===

Sequence: ACGTTGGATGGAAAAATAAACTGTAAATCATATTC; Type: regular 5'; Length: 35; Trimmed: 3 times.

No. of allowed errors:
0-9 bp: 0; 10-19 bp: 1; 20-29 bp: 2; 30-35 bp: 3

Overview of removed sequences
length	count	expect	max.err	error counts
33	3	0.0	3	3


=== First read: Adapter 9 ===

Sequence: ACGTTGGATGGAAAAATAAATTGTAAATCATACTC; Type: regular 5'; Length: 35; Trimmed: 1 times.

No. of allowed errors:
0-9 bp: 0; 10-19 bp: 1; 20-29 bp: 2; 30-35 bp: 3

Overview of removed sequences
length	count	expect	max.err	error counts
33	1	0.0	3	1


=== First read: Adapter 10 ===

Sequence: ACGTTGGATGAGATTAGGGAAAGTATTAGA; Type: regular 5'; Length: 30; Trimmed: 19 times.

No. of allowed errors:
0-9 bp: 0; 10-19 bp: 1; 20-29 bp: 2; 30 bp: 3

Overview of removed sequences
length	count	expect	max.err	error counts
3	15	1880.0	0	15
4	4	470.0	0	4


=== First read: Adapter 11 ===

Sequence: ACGTTGGATGGAAAAATAAATTGTAAATCAAATTC; Type: regular 5'; Length: 35; Trimmed: 5 times.

No. of allowed errors:
0-9 bp: 0; 10-19 bp: 1; 20-29 bp: 2; 30-35 bp: 3

Overview of removed sequences
length	count	expect	max.err	error counts
5	1	117.5	0	1
33	4	0.0	3	4


=== First read: Adapter 12 ===

Sequence: ACGTTGGATGGAAAAATAAACTGTAAATCATATTCCT; Type: regular 5'; Length: 37; Trimmed: 229 times.

No. of allowed errors:
0-9 bp: 0; 10-19 bp: 1; 20-29 bp: 2; 30-37 bp: 3

Overview of removed sequences
length	count	expect	max.err	error counts
31	1	0.0	3	0 1
32	2	0.0	3	1 1
33	4	0.0	3	1 0 3
34	17	0.0	3	1 15 1
35	193	0.0	3	123 66 4
36	7	0.0	3	1 3 3
37	4	0.0	3	0 0 1 3
38	1	0.0	3	0 0 0 1


=== Second read: Adapter 13 ===

Sequence: ACGTTGGATGTTTGTTACTATGGTAGATACCACAC; Type: regular 5'; Length: 35; Trimmed: 1353 times.

No. of allowed errors:
0-9 bp: 0; 10-19 bp: 1; 20-29 bp: 2; 30-35 bp: 3

Overview of removed sequences
length	count	expect	max.err	error counts
3	508	1880.0	0	508
4	664	470.0	0	664
5	19	117.5	0	19
6	20	29.4	0	20
7	1	7.3	0	1
8	2	1.8	0	2
9	3	0.5	0	0 3
10	5	0.1	1	0 5
11	4	0.0	1	0 4
13	2	0.0	1	0 2
30	1	0.0	3	0 1
32	1	0.0	3	0 0 0 1
33	3	0.0	3	0 1 0 2
34	10	0.0	3	0 1 3 6
35	105	0.0	3	23 24 27 31
36	4	0.0	3	0 1 2 1
37	1	0.0	3	0 0 0 1


=== Second read: Adapter 14 ===

Sequence: ACGTTGGATGTTTGTTACTGTGGTGGATACTAC; Type: regular 5'; Length: 33; Trimmed: 749 times.

No. of allowed errors:
0-9 bp: 0; 10-19 bp: 1; 20-29 bp: 2; 30-33 bp: 3

Overview of removed sequences
length	count	expect	max.err	error counts
3	312	1880.0	0	312
4	110	470.0	0	110
5	168	117.5	0	168
6	6	29.4	0	6
7	4	7.3	0	4
8	31	1.8	0	31
11	1	0.0	1	0 1
21	1	0.0	2	0 0 1
26	1	0.0	2	1
28	1	0.0	2	0 0 1
29	1	0.0	2	0 0 0 1
31	3	0.0	3	0 0 0 3
32	12	0.0	3	0 4 2 6
33	93	0.0	3	42 17 15 19
34	1	0.0	3	0 0 0 1
35	1	0.0	3	0 0 0 1
43	1	0.0	3	0 0 1
45	1	0.0	3	0 0 0 1
46	1	0.0	3	1


=== Second read: Adapter 15 ===

Sequence: ACGTTGGATGTTTGTTACTGTTGTGGATACAAC; Type: regular 5'; Length: 33; Trimmed: 1696 times.

No. of allowed errors:
0-9 bp: 0; 10-19 bp: 1; 20-29 bp: 2; 30-33 bp: 3

Overview of removed sequences
length	count	expect	max.err	error counts
3	946	1880.0	0	946
4	586	470.0	0	586
5	37	117.5	0	37
6	9	29.4	0	9
7	6	7.3	0	6
8	13	1.8	0	13
11	2	0.0	1	0 2
24	1	0.0	2	0 1
28	1	0.0	2	0 1
29	1	0.0	2	0 0 0 1
30	1	0.0	3	0 0 1
31	4	0.0	3	0 0 1 3
32	13	0.0	3	0 6 3 4
33	63	0.0	3	34 12 8 9
34	2	0.0	3	0 2
35	9	0.0	3	0 0 6 3
36	1	0.0	3	0 0 0 1
45	1	0.0	3	0 1


=== Second read: Adapter 16 ===

Sequence: ACGTTGGATGTTTGTTACCGTTGTTGATACTAC; Type: regular 5'; Length: 33; Trimmed: 153 times.

No. of allowed errors:
0-9 bp: 0; 10-19 bp: 1; 20-29 bp: 2; 30-33 bp: 3

Overview of removed sequences
length	count	expect	max.err	error counts
9	1	0.5	0	0 1
11	6	0.0	1	0 6
12	1	0.0	1	0 1
27	2	0.0	2	0 1 1
29	4	0.0	2	1 1 2
30	3	0.0	3	0 1 0 2
31	3	0.0	3	0 0 1 2
32	16	0.0	3	0 7 3 6
33	112	0.0	3	48 25 12 27
34	4	0.0	3	0 2 2
35	1	0.0	3	0 0 0 1


=== Second read: Adapter 17 ===

Sequence: ACGTTGGATGAATATATGTGTGCTTATTTG; Type: regular 5'; Length: 30; Trimmed: 122 times.

No. of allowed errors:
0-9 bp: 0; 10-19 bp: 1; 20-29 bp: 2; 30 bp: 3

Overview of removed sequences
length	count	expect	max.err	error counts
3	89	1880.0	0	89
4	25	470.0	0	25
5	4	117.5	0	4
6	3	29.4	0	3
9	1	0.5	0	1


=== Second read: Adapter 18 ===

Sequence: ACGTTGGATGTTTGTTACTAAGGTAGATACCACTC; Type: regular 5'; Length: 35; Trimmed: 2167 times.

No. of allowed errors:
0-9 bp: 0; 10-19 bp: 1; 20-29 bp: 2; 30-35 bp: 3

Overview of removed sequences
length	count	expect	max.err	error counts
3	181	1880.0	0	181
4	1939	470.0	0	1939
5	20	117.5	0	20
6	3	29.4	0	3
7	1	7.3	0	1
8	2	1.8	0	2
9	1	0.5	0	0 1
10	2	0.1	1	0 2
11	3	0.0	1	0 3
32	1	0.0	3	0 0 0 1
34	1	0.0	3	0 0 0 1
35	10	0.0	3	2 3 3 2
36	2	0.0	3	0 1 1
37	1	0.0	3	0 0 0 1


=== Second read: Adapter 19 ===

Sequence: ACGTTGGATGGAAAAATAAACTGCAAATCATATTC; Type: regular 5'; Length: 35; Trimmed: 659 times.

No. of allowed errors:
0-9 bp: 0; 10-19 bp: 1; 20-29 bp: 2; 30-35 bp: 3

Overview of removed sequences
length	count	expect	max.err	error counts
3	154	1880.0	0	154
4	331	470.0	0	331
5	26	117.5	0	26
6	3	29.4	0	3
7	3	7.3	0	3
9	38	0.5	0	0 38
10	4	0.1	1	0 4
11	31	0.0	1	0 31
31	1	0.0	3	0 0 0 1
34	6	0.0	3	0 2 2 2
35	54	0.0	3	10 9 12 23
36	8	0.0	3	0 2 2 4


=== Second read: Adapter 20 ===

Sequence: ACGTTGGATGAGATTAGGGAAAGTATTAGA; Type: regular 5'; Length: 30; Trimmed: 495 times.

No. of allowed errors:
0-9 bp: 0; 10-19 bp: 1; 20-29 bp: 2; 30 bp: 3

Overview of removed sequences
length	count	expect	max.err	error counts
3	346	1880.0	0	346
4	126	470.0	0	126
5	9	117.5	0	9
6	1	29.4	0	1
7	1	7.3	0	1
8	1	1.8	0	1
9	3	0.5	0	0 3
10	5	0.1	1	0 5
11	2	0.0	1	0 2
13	1	0.0	1	0 1


=== Second read: Adapter 21 ===

Sequence: ACGTTGGATGGAAAAATAAATTGTAAATCATACTC; Type: regular 5'; Length: 35; Trimmed: 277 times.

No. of allowed errors:
0-9 bp: 0; 10-19 bp: 1; 20-29 bp: 2; 30-35 bp: 3

Overview of removed sequences
length	count	expect	max.err	error counts
5	4	117.5	0	4
6	5	29.4	0	5
7	9	7.3	0	9
9	95	0.5	0	0 95
10	51	0.1	1	3 48
11	106	0.0	1	0 106
12	1	0.0	1	0 1
35	5	0.0	3	3 0 1 1
37	1	0.0	3	0 0 0 1


=== Second read: Adapter 22 ===

Sequence: ACGTTGGATGGAAAAATAAACTGTAAATCATATTCCT; Type: regular 5'; Length: 37; Trimmed: 4254 times.

No. of allowed errors:
0-9 bp: 0; 10-19 bp: 1; 20-29 bp: 2; 30-37 bp: 3

Overview of removed sequences
length	count	expect	max.err	error counts
3	3750	1880.0	0	3750
4	34	470.0	0	34
5	7	117.5	0	7
6	22	29.4	0	22
7	1	7.3	0	1
8	1	1.8	0	1
9	2	0.5	0	1 1
10	79	0.1	1	2 77
11	1	0.0	1	0 1
33	1	0.0	3	0 0 1
34	1	0.0	3	0 1
36	23	0.0	3	1 8 8 6
37	322	0.0	3	117 108 53 44
38	2	0.0	3	0 1 0 1
39	6	0.0	3	0 0 0 6
40	1	0.0	3	0 0 0 1
45	1	0.0	3	1


=== Second read: Adapter 23 ===

Sequence: ACGTTGGATGGAAAAATAAACTGTAAATCATATTC; Type: regular 5'; Length: 35; Trimmed: 37 times.

No. of allowed errors:
0-9 bp: 0; 10-19 bp: 1; 20-29 bp: 2; 30-35 bp: 3

Overview of removed sequences
length	count	expect	max.err	error counts
34	3	0.0	3	0 0 0 3
35	31	0.0	3	4 2 2 23
36	3	0.0	3	0 2 0 1


=== Second read: Adapter 24 ===

Sequence: ACGTTGGATGGAAAAATAAATTGTAAATCAAATTC; Type: regular 5'; Length: 35; Trimmed: 198 times.

No. of allowed errors:
0-9 bp: 0; 10-19 bp: 1; 20-29 bp: 2; 30-35 bp: 3

Overview of removed sequences
length	count	expect	max.err	error counts
5	131	117.5	0	131
6	25	29.4	0	25
7	1	7.3	0	1
8	6	1.8	0	6
9	16	0.5	0	0 16
11	7	0.0	1	0 7
33	1	0.0	3	1
35	10	0.0	3	1 1 2 6
36	1	0.0	3	0 0 1
