This is cutadapt 2.6 with Python 3.7.3
Command line parameters: -g ACGTTGGATGTTTGTTACTATGGTAGATACCACAC -g ACGTTGGATGTTTGTTACTAAGGTAGATACCACTC -g ACGTTGGATGTTTGTTACTGTGGTGGATACTAC -g ACGTTGGATGTTTGTTACTGTTGTGGATACAAC -g ACGTTGGATGTTTGTTACCGTTGTTGATACTAC -g ACGTTGGATGAATATATGTGTGCTTATTTG -G ACGTTGGATGTTTGTTACTATGGTAGATACCACAC -G ACGTTGGATGTTTGTTACTGTGGTGGATACTAC -G ACGTTGGATGTTTGTTACTGTTGTGGATACAAC -G ACGTTGGATGTTTGTTACCGTTGTTGATACTAC -G ACGTTGGATGAATATATGTGTGCTTATTTG -G ACGTTGGATGTTTGTTACTAAGGTAGATACCACTC -g ACGTTGGATGGAAAAATAAACTGCAAATCATATTC -g ACGTTGGATGGAAAAATAAACTGTAAATCATATTC -g ACGTTGGATGGAAAAATAAATTGTAAATCATACTC -g ACGTTGGATGAGATTAGGGAAAGTATTAGA -g ACGTTGGATGGAAAAATAAATTGTAAATCAAATTC -g ACGTTGGATGGAAAAATAAACTGTAAATCATATTCCT -G ACGTTGGATGGAAAAATAAACTGCAAATCATATTC -G ACGTTGGATGAGATTAGGGAAAGTATTAGA -G ACGTTGGATGGAAAAATAAATTGTAAATCATACTC -G ACGTTGGATGGAAAAATAAACTGTAAATCATATTCCT -G ACGTTGGATGGAAAAATAAACTGTAAATCATATTC -G ACGTTGGATGGAAAAATAAATTGTAAATCAAATTC --minimum-length=1 -o /data/projects/mdc-971/data_from_Jan_2020/analysis/30.primer_trimmed/190530_S63_L001_cutadapt.1.fq.gz -p /data/projects/mdc-971/data_from_Jan_2020/analysis/30.primer_trimmed/190530_S63_L001_cutadapt.2.fq.gz /data/projects/mdc-971/data_from_Jan_2020/analysis/20.adapter_trimmed/190530_S63_L001_R1_001.bbduked.trimmed.fastq.gz /data/projects/mdc-971/data_from_Jan_2020/analysis/20.adapter_trimmed/190530_S63_L001_R2_001.bbduked.trimmed.fastq.gz
Processing reads on 1 core in paired-end mode ...
Finished in 49.48 s (245 us/read; 0.24 M reads/minute).

=== Summary ===

Total read pairs processed:            201,666
  Read 1 with adapter:                     592 (0.3%)
  Read 2 with adapter:                  20,729 (10.3%)
Pairs that were too short:                   0 (0.0%)
Pairs written (passing filters):       201,666 (100.0%)

Total basepairs processed:    37,734,587 bp
  Read 1:     7,484,688 bp
  Read 2:    30,249,899 bp
Total written (filtered):     37,606,394 bp (99.7%)
  Read 1:     7,479,207 bp
  Read 2:    30,127,187 bp

=== First read: Adapter 1 ===

Sequence: ACGTTGGATGTTTGTTACTATGGTAGATACCACAC; Type: regular 5'; Length: 35; Trimmed: 92 times.

No. of allowed errors:
0-9 bp: 0; 10-19 bp: 1; 20-29 bp: 2; 30-35 bp: 3

Overview of removed sequences
length	count	expect	max.err	error counts
3	65	3151.0	0	65
4	1	787.8	0	1
32	4	0.0	3	0 2 0 2
33	20	0.0	3	14 5 1
34	1	0.0	3	0 1
36	1	0.0	3	0 0 0 1


=== First read: Adapter 2 ===

Sequence: ACGTTGGATGTTTGTTACTAAGGTAGATACCACTC; Type: regular 5'; Length: 35; Trimmed: 18 times.

No. of allowed errors:
0-9 bp: 0; 10-19 bp: 1; 20-29 bp: 2; 30-35 bp: 3

Overview of removed sequences
length	count	expect	max.err	error counts
3	10	3151.0	0	10
27	2	0.0	2	2
32	1	0.0	3	0 1
33	4	0.0	3	4
35	1	0.0	3	0 0 0 1


=== First read: Adapter 3 ===

Sequence: ACGTTGGATGTTTGTTACTGTGGTGGATACTAC; Type: regular 5'; Length: 33; Trimmed: 63 times.

No. of allowed errors:
0-9 bp: 0; 10-19 bp: 1; 20-29 bp: 2; 30-33 bp: 3

Overview of removed sequences
length	count	expect	max.err	error counts
3	51	3151.0	0	51
29	1	0.0	2	1
30	1	0.0	3	0 1
31	8	0.0	3	1 5 2
32	2	0.0	3	0 1 0 1


=== First read: Adapter 4 ===

Sequence: ACGTTGGATGTTTGTTACTGTTGTGGATACAAC; Type: regular 5'; Length: 33; Trimmed: 39 times.

No. of allowed errors:
0-9 bp: 0; 10-19 bp: 1; 20-29 bp: 2; 30-33 bp: 3

Overview of removed sequences
length	count	expect	max.err	error counts
3	24	3151.0	0	24
5	1	196.9	0	1
26	1	0.0	2	1
30	2	0.0	3	0 2
31	10	0.0	3	5 5
62	1	0.0	3	1


=== First read: Adapter 5 ===

Sequence: ACGTTGGATGTTTGTTACCGTTGTTGATACTAC; Type: regular 5'; Length: 33; Trimmed: 17 times.

No. of allowed errors:
0-9 bp: 0; 10-19 bp: 1; 20-29 bp: 2; 30-33 bp: 3

Overview of removed sequences
length	count	expect	max.err	error counts
31	16	0.0	3	14 2
32	1	0.0	3	0 1


=== First read: Adapter 6 ===

Sequence: ACGTTGGATGAATATATGTGTGCTTATTTG; Type: regular 5'; Length: 30; Trimmed: 1 times.

No. of allowed errors:
0-9 bp: 0; 10-19 bp: 1; 20-29 bp: 2; 30 bp: 3

Overview of removed sequences
length	count	expect	max.err	error counts
3	1	3151.0	0	1


=== First read: Adapter 7 ===

Sequence: ACGTTGGATGGAAAAATAAACTGCAAATCATATTC; Type: regular 5'; Length: 35; Trimmed: 111 times.

No. of allowed errors:
0-9 bp: 0; 10-19 bp: 1; 20-29 bp: 2; 30-35 bp: 3

Overview of removed sequences
length	count	expect	max.err	error counts
3	91	3151.0	0	91
4	10	787.8	0	10
33	8	0.0	3	8
34	2	0.0	3	0 1 1


=== First read: Adapter 8 ===

Sequence: ACGTTGGATGGAAAAATAAACTGTAAATCATATTC; Type: regular 5'; Length: 35; Trimmed: 2 times.

No. of allowed errors:
0-9 bp: 0; 10-19 bp: 1; 20-29 bp: 2; 30-35 bp: 3

Overview of removed sequences
length	count	expect	max.err	error counts
33	2	0.0	3	2


=== First read: Adapter 9 ===

Sequence: ACGTTGGATGGAAAAATAAATTGTAAATCATACTC; Type: regular 5'; Length: 35; Trimmed: 1 times.

No. of allowed errors:
0-9 bp: 0; 10-19 bp: 1; 20-29 bp: 2; 30-35 bp: 3

Overview of removed sequences
length	count	expect	max.err	error counts
33	1	0.0	3	1


=== First read: Adapter 10 ===

Sequence: ACGTTGGATGAGATTAGGGAAAGTATTAGA; Type: regular 5'; Length: 30; Trimmed: 220 times.

No. of allowed errors:
0-9 bp: 0; 10-19 bp: 1; 20-29 bp: 2; 30 bp: 3

Overview of removed sequences
length	count	expect	max.err	error counts
3	54	3151.0	0	54
4	165	787.8	0	165
5	1	196.9	0	1


=== First read: Adapter 11 ===

Sequence: ACGTTGGATGGAAAAATAAATTGTAAATCAAATTC; Type: regular 5'; Length: 35; Trimmed: 0 times.

=== First read: Adapter 12 ===

Sequence: ACGTTGGATGGAAAAATAAACTGTAAATCATATTCCT; Type: regular 5'; Length: 37; Trimmed: 28 times.

No. of allowed errors:
0-9 bp: 0; 10-19 bp: 1; 20-29 bp: 2; 30-37 bp: 3

Overview of removed sequences
length	count	expect	max.err	error counts
34	7	0.0	3	1 5 1
35	17	0.0	3	10 5 2
36	1	0.0	3	0 0 1
37	3	0.0	3	0 0 0 3


=== Second read: Adapter 13 ===

Sequence: ACGTTGGATGTTTGTTACTATGGTAGATACCACAC; Type: regular 5'; Length: 35; Trimmed: 2317 times.

No. of allowed errors:
0-9 bp: 0; 10-19 bp: 1; 20-29 bp: 2; 30-35 bp: 3

Overview of removed sequences
length	count	expect	max.err	error counts
3	601	3151.0	0	601
4	1367	787.8	0	1367
5	44	196.9	0	44
6	9	49.2	0	9
7	3	12.3	0	3
8	1	3.1	0	1
9	6	0.8	0	0 6
10	41	0.2	1	0 41
11	5	0.0	1	0 5
12	1	0.0	1	0 1
28	1	0.0	2	0 0 0 1
29	1	0.0	2	0 0 1
30	5	0.0	3	2 0 2 1
31	1	0.0	3	0 1
32	1	0.0	3	0 0 1
33	7	0.0	3	0 1 1 5
34	28	0.0	3	0 0 10 18
35	184	0.0	3	19 37 52 76
36	7	0.0	3	0 1 1 5
37	1	0.0	3	0 0 0 1
38	3	0.0	3	0 0 0 3


=== Second read: Adapter 14 ===

Sequence: ACGTTGGATGTTTGTTACTGTGGTGGATACTAC; Type: regular 5'; Length: 33; Trimmed: 1007 times.

No. of allowed errors:
0-9 bp: 0; 10-19 bp: 1; 20-29 bp: 2; 30-33 bp: 3

Overview of removed sequences
length	count	expect	max.err	error counts
3	377	3151.0	0	377
4	168	787.8	0	168
5	270	196.9	0	270
6	2	49.2	0	2
7	19	12.3	0	19
8	15	3.1	0	15
10	3	0.2	1	0 3
24	2	0.0	2	0 1 1
27	1	0.0	2	1
28	1	0.0	2	0 0 1
31	6	0.0	3	0 2 1 3
32	14	0.0	3	1 1 2 10
33	118	0.0	3	16 16 36 50
34	6	0.0	3	0 2 1 3
35	2	0.0	3	0 0 0 2
36	2	0.0	3	0 0 0 2
44	1	0.0	3	0 0 0 1


=== Second read: Adapter 15 ===

Sequence: ACGTTGGATGTTTGTTACTGTTGTGGATACAAC; Type: regular 5'; Length: 33; Trimmed: 2644 times.

No. of allowed errors:
0-9 bp: 0; 10-19 bp: 1; 20-29 bp: 2; 30-33 bp: 3

Overview of removed sequences
length	count	expect	max.err	error counts
3	1560	3151.0	0	1560
4	781	787.8	0	781
5	92	196.9	0	92
6	1	49.2	0	1
7	20	12.3	0	20
8	62	3.1	0	62
10	2	0.2	1	0 2
24	2	0.0	2	1 0 1
28	4	0.0	2	2 0 2
30	1	0.0	3	0 1
31	7	0.0	3	0 1 3 3
32	11	0.0	3	0 3 3 5
33	83	0.0	3	11 19 15 38
34	8	0.0	3	0 3 2 3
35	7	0.0	3	0 0 2 5
36	2	0.0	3	0 0 0 2
51	1	0.0	3	0 0 0 1


=== Second read: Adapter 16 ===

Sequence: ACGTTGGATGTTTGTTACCGTTGTTGATACTAC; Type: regular 5'; Length: 33; Trimmed: 172 times.

No. of allowed errors:
0-9 bp: 0; 10-19 bp: 1; 20-29 bp: 2; 30-33 bp: 3

Overview of removed sequences
length	count	expect	max.err	error counts
9	1	0.8	0	0 1
10	13	0.2	1	0 13
11	1	0.0	1	0 1
26	1	0.0	2	0 1
27	1	0.0	2	0 0 1
28	4	0.0	2	1 2 1
29	2	0.0	2	0 0 2
30	1	0.0	3	0 0 0 1
31	6	0.0	3	0 1 2 3
32	18	0.0	3	0 4 3 11
33	115	0.0	3	15 15 37 48
34	6	0.0	3	0 1 2 3
35	2	0.0	3	0 0 1 1
44	1	0.0	3	0 0 1


=== Second read: Adapter 17 ===

Sequence: ACGTTGGATGAATATATGTGTGCTTATTTG; Type: regular 5'; Length: 30; Trimmed: 234 times.

No. of allowed errors:
0-9 bp: 0; 10-19 bp: 1; 20-29 bp: 2; 30 bp: 3

Overview of removed sequences
length	count	expect	max.err	error counts
3	151	3151.0	0	151
4	51	787.8	0	51
5	16	196.9	0	16
6	7	49.2	0	7
7	3	12.3	0	3
8	1	3.1	0	1
9	1	0.8	0	0 1
10	1	0.2	1	0 1
11	3	0.0	1	0 3


=== Second read: Adapter 18 ===

Sequence: ACGTTGGATGTTTGTTACTAAGGTAGATACCACTC; Type: regular 5'; Length: 35; Trimmed: 5390 times.

No. of allowed errors:
0-9 bp: 0; 10-19 bp: 1; 20-29 bp: 2; 30-35 bp: 3

Overview of removed sequences
length	count	expect	max.err	error counts
3	211	3151.0	0	211
4	5055	787.8	0	5055
5	20	196.9	0	20
6	18	49.2	0	18
7	3	12.3	0	3
9	26	0.8	0	1 25
10	4	0.2	1	0 4
15	2	0.0	1	0 2
30	1	0.0	3	1
32	1	0.0	3	0 0 0 1
33	2	0.0	3	0 0 0 2
34	1	0.0	3	0 0 0 1
35	41	0.0	3	7 8 8 18
36	4	0.0	3	1 0 3
37	1	0.0	3	0 0 0 1


=== Second read: Adapter 19 ===

Sequence: ACGTTGGATGGAAAAATAAACTGCAAATCATATTC; Type: regular 5'; Length: 35; Trimmed: 1327 times.

No. of allowed errors:
0-9 bp: 0; 10-19 bp: 1; 20-29 bp: 2; 30-35 bp: 3

Overview of removed sequences
length	count	expect	max.err	error counts
3	155	3151.0	0	155
4	809	787.8	0	809
5	41	196.9	0	41
6	2	49.2	0	2
7	9	12.3	0	9
9	80	0.8	0	0 80
10	23	0.2	1	0 23
11	12	0.0	1	0 12
29	1	0.0	2	0 0 1
32	1	0.0	3	0 0 0 1
33	1	0.0	3	0 0 0 1
34	11	0.0	3	0 0 0 11
35	165	0.0	3	12 16 31 106
36	17	0.0	3	0 7 2 8


=== Second read: Adapter 20 ===

Sequence: ACGTTGGATGAGATTAGGGAAAGTATTAGA; Type: regular 5'; Length: 30; Trimmed: 753 times.

No. of allowed errors:
0-9 bp: 0; 10-19 bp: 1; 20-29 bp: 2; 30 bp: 3

Overview of removed sequences
length	count	expect	max.err	error counts
3	547	3151.0	0	547
4	152	787.8	0	152
5	7	196.9	0	7
6	28	49.2	0	28
9	6	0.8	0	0 6
10	5	0.2	1	0 5
11	8	0.0	1	0 8


=== Second read: Adapter 21 ===

Sequence: ACGTTGGATGGAAAAATAAATTGTAAATCATACTC; Type: regular 5'; Length: 35; Trimmed: 104 times.

No. of allowed errors:
0-9 bp: 0; 10-19 bp: 1; 20-29 bp: 2; 30-35 bp: 3

Overview of removed sequences
length	count	expect	max.err	error counts
5	14	196.9	0	14
6	11	49.2	0	11
7	10	12.3	0	10
9	25	0.8	0	0 25
10	25	0.2	1	3 22
11	6	0.0	1	0 6
12	3	0.0	1	0 3
35	10	0.0	3	1 3 3 3


=== Second read: Adapter 22 ===

Sequence: ACGTTGGATGGAAAAATAAACTGTAAATCATATTCCT; Type: regular 5'; Length: 37; Trimmed: 6240 times.

No. of allowed errors:
0-9 bp: 0; 10-19 bp: 1; 20-29 bp: 2; 30-37 bp: 3

Overview of removed sequences
length	count	expect	max.err	error counts
3	5713	3151.0	0	5713
4	53	787.8	0	53
5	31	196.9	0	31
6	24	49.2	0	24
8	2	3.1	0	2
10	4	0.2	1	0 4
11	7	0.0	1	0 7
12	1	0.0	1	0 1
13	1	0.0	1	0 1
32	1	0.0	3	0 0 1
33	1	0.0	3	0 0 0 1
34	1	0.0	3	0 0 1
35	3	0.0	3	0 0 1 2
36	43	0.0	3	0 9 7 27
37	323	0.0	3	28 66 82 147
38	22	0.0	3	0 4 9 9
39	9	0.0	3	0 0 2 7
40	1	0.0	3	0 0 0 1


=== Second read: Adapter 23 ===

Sequence: ACGTTGGATGGAAAAATAAACTGTAAATCATATTC; Type: regular 5'; Length: 35; Trimmed: 82 times.

No. of allowed errors:
0-9 bp: 0; 10-19 bp: 1; 20-29 bp: 2; 30-35 bp: 3

Overview of removed sequences
length	count	expect	max.err	error counts
25	1	0.0	2	0 0 1
31	1	0.0	3	0 0 0 1
34	9	0.0	3	0 0 0 9
35	70	0.0	3	1 2 7 60
36	1	0.0	3	0 0 0 1


=== Second read: Adapter 24 ===

Sequence: ACGTTGGATGGAAAAATAAATTGTAAATCAAATTC; Type: regular 5'; Length: 35; Trimmed: 459 times.

No. of allowed errors:
0-9 bp: 0; 10-19 bp: 1; 20-29 bp: 2; 30-35 bp: 3

Overview of removed sequences
length	count	expect	max.err	error counts
5	193	196.9	0	193
6	69	49.2	0	69
7	1	12.3	0	1
9	43	0.8	0	3 40
10	103	0.2	1	1 102
11	15	0.0	1	0 15
34	1	0.0	3	0 0 1
35	31	0.0	3	4 7 7 13
36	3	0.0	3	0 0 2 1
