This is cutadapt 2.6 with Python 3.7.3
Command line parameters: -g ACGTTGGATGTTTGTTACTATGGTAGATACCACAC -g ACGTTGGATGTTTGTTACTAAGGTAGATACCACTC -g ACGTTGGATGTTTGTTACTGTGGTGGATACTAC -g ACGTTGGATGTTTGTTACTGTTGTGGATACAAC -g ACGTTGGATGTTTGTTACCGTTGTTGATACTAC -g ACGTTGGATGAATATATGTGTGCTTATTTG -G ACGTTGGATGTTTGTTACTATGGTAGATACCACAC -G ACGTTGGATGTTTGTTACTGTGGTGGATACTAC -G ACGTTGGATGTTTGTTACTGTTGTGGATACAAC -G ACGTTGGATGTTTGTTACCGTTGTTGATACTAC -G ACGTTGGATGAATATATGTGTGCTTATTTG -G ACGTTGGATGTTTGTTACTAAGGTAGATACCACTC -g ACGTTGGATGGAAAAATAAACTGCAAATCATATTC -g ACGTTGGATGGAAAAATAAACTGTAAATCATATTC -g ACGTTGGATGGAAAAATAAATTGTAAATCATACTC -g ACGTTGGATGAGATTAGGGAAAGTATTAGA -g ACGTTGGATGGAAAAATAAATTGTAAATCAAATTC -g ACGTTGGATGGAAAAATAAACTGTAAATCATATTCCT -G ACGTTGGATGGAAAAATAAACTGCAAATCATATTC -G ACGTTGGATGAGATTAGGGAAAGTATTAGA -G ACGTTGGATGGAAAAATAAATTGTAAATCATACTC -G ACGTTGGATGGAAAAATAAACTGTAAATCATATTCCT -G ACGTTGGATGGAAAAATAAACTGTAAATCATATTC -G ACGTTGGATGGAAAAATAAATTGTAAATCAAATTC --minimum-length=1 -o /data/projects/mdc-971/data_from_Jan_2020/analysis/30.primer_trimmed/190560_S4_L001_cutadapt.1.fq.gz -p /data/projects/mdc-971/data_from_Jan_2020/analysis/30.primer_trimmed/190560_S4_L001_cutadapt.2.fq.gz /data/projects/mdc-971/data_from_Jan_2020/analysis/20.adapter_trimmed/190560_S4_L001_R1_001.bbduked.trimmed.fastq.gz /data/projects/mdc-971/data_from_Jan_2020/analysis/20.adapter_trimmed/190560_S4_L001_R2_001.bbduked.trimmed.fastq.gz
Processing reads on 1 core in paired-end mode ...
Finished in 69.32 s (341 us/read; 0.18 M reads/minute).

=== Summary ===

Total read pairs processed:            203,573
  Read 1 with adapter:                 165,164 (81.1%)
  Read 2 with adapter:                 159,635 (78.4%)
Pairs that were too short:                   0 (0.0%)
Pairs written (passing filters):       203,573 (100.0%)

Total basepairs processed:    54,660,789 bp
  Read 1:    24,328,413 bp
  Read 2:    30,332,376 bp
Total written (filtered):     44,517,915 bp (81.4%)
  Read 1:    19,338,459 bp
  Read 2:    25,179,456 bp

=== First read: Adapter 1 ===

Sequence: ACGTTGGATGTTTGTTACTATGGTAGATACCACAC; Type: regular 5'; Length: 35; Trimmed: 23586 times.

No. of allowed errors:
0-9 bp: 0; 10-19 bp: 1; 20-29 bp: 2; 30-35 bp: 3

Overview of removed sequences
length	count	expect	max.err	error counts
3	2	3180.8	0	2
16	4	0.0	1	4
17	2	0.0	1	2
18	3	0.0	1	3
19	2	0.0	1	2
20	1	0.0	2	1
21	3	0.0	2	3
22	14	0.0	2	13 1
23	25	0.0	2	21 4
24	28	0.0	2	25 3
25	35	0.0	2	19 14 2
26	98	0.0	2	62 35 1
27	65	0.0	2	33 28 4
28	105	0.0	2	47 32 8 18
29	442	0.0	2	83 82 226 51
30	3225	0.0	3	253 2250 655 67
31	16466	0.0	3	8782 7005 626 53
32	1015	0.0	3	46 658 266 45
33	334	0.0	3	0 1 172 161
34	1704	0.0	3	0 0 0 1704
35	6	0.0	3	1 0 0 5
42	1	0.0	3	1
45	1	0.0	3	1
47	1	0.0	3	0 0 0 1
51	1	0.0	3	0 1
62	3	0.0	3	1 2


=== First read: Adapter 2 ===

Sequence: ACGTTGGATGTTTGTTACTAAGGTAGATACCACTC; Type: regular 5'; Length: 35; Trimmed: 9560 times.

No. of allowed errors:
0-9 bp: 0; 10-19 bp: 1; 20-29 bp: 2; 30-35 bp: 3

Overview of removed sequences
length	count	expect	max.err	error counts
3	6	3180.8	0	6
16	1	0.0	1	1
18	1	0.0	1	1
22	5	0.0	2	4 1
23	8	0.0	2	7 1
24	5	0.0	2	4 1
25	7	0.0	2	5 2
26	31	0.0	2	27 3 1
27	34	0.0	2	28 5 1
28	39	0.0	2	21 9 2 7
29	127	0.0	2	37 25 64 1
30	1163	0.0	3	183 923 53 4
31	7431	0.0	3	6887 505 30 9
32	251	0.0	3	10 187 37 17
33	184	0.0	3	1 0 96 87
34	262	0.0	3	0 0 0 262
35	5	0.0	3	4 0 1


=== First read: Adapter 3 ===

Sequence: ACGTTGGATGTTTGTTACTGTGGTGGATACTAC; Type: regular 5'; Length: 33; Trimmed: 22673 times.

No. of allowed errors:
0-9 bp: 0; 10-19 bp: 1; 20-29 bp: 2; 30-33 bp: 3

Overview of removed sequences
length	count	expect	max.err	error counts
11	1	0.0	1	1
13	3	0.0	1	2 1
14	1	0.0	1	1
15	5	0.0	1	3 2
16	17	0.0	1	16 1
17	4	0.0	1	4
18	16	0.0	1	13 2 1
19	9	0.0	1	5 1 3
20	32	0.0	2	25 5 2
21	153	0.0	2	132 20 1
22	129	0.0	2	108 13 8
23	133	0.0	2	95 35 3
24	237	0.0	2	168 58 11
25	221	0.0	2	130 74 17
26	349	0.0	2	186 109 54
27	1154	0.0	2	194 211 749
28	2932	0.0	2	700 1732 498 2
29	15836	0.0	2	9319 6059 456 2
30	1278	0.0	3	6 710 561 1
31	140	0.0	3	0 0 131 9
32	1	0.0	3	0 1
33	3	0.0	3	1 1 0 1
34	3	0.0	3	2 1
36	1	0.0	3	0 0 1
38	1	0.0	3	1
39	1	0.0	3	0 0 1
40	3	0.0	3	1 2
42	1	0.0	3	0 0 1
44	1	0.0	3	1
45	4	0.0	3	1 2 1
51	2	0.0	3	1 0 1
54	1	0.0	3	1
60	1	0.0	3	0 1


=== First read: Adapter 4 ===

Sequence: ACGTTGGATGTTTGTTACTGTTGTGGATACAAC; Type: regular 5'; Length: 33; Trimmed: 25330 times.

No. of allowed errors:
0-9 bp: 0; 10-19 bp: 1; 20-29 bp: 2; 30-33 bp: 3

Overview of removed sequences
length	count	expect	max.err	error counts
3	6	3180.8	0	6
12	1	0.0	1	1
15	2	0.0	1	2
16	2	0.0	1	2
17	5	0.0	1	5
18	2	0.0	1	2
19	5	0.0	1	5
20	23	0.0	2	21 2
21	79	0.0	2	73 6
22	80	0.0	2	71 7 2
23	101	0.0	2	82 16 3
24	259	0.0	2	229 27 3
25	219	0.0	2	192 23 4
26	300	0.0	2	229 56 15
27	691	0.0	2	320 141 230
28	3158	0.0	2	933 2023 200 2
29	19315	0.0	2	16388 2597 328 2
30	871	0.0	3	59 670 140 2
31	192	0.0	3	2 1 188 1
32	2	0.0	3	0 0 1 1
33	1	0.0	3	1
35	1	0.0	3	1
37	1	0.0	3	1
40	1	0.0	3	0 0 1
44	1	0.0	3	0 0 0 1
45	1	0.0	3	1
50	1	0.0	3	1
60	7	0.0	3	4 3
61	3	0.0	3	1 1 1


=== First read: Adapter 5 ===

Sequence: ACGTTGGATGTTTGTTACCGTTGTTGATACTAC; Type: regular 5'; Length: 33; Trimmed: 30252 times.

No. of allowed errors:
0-9 bp: 0; 10-19 bp: 1; 20-29 bp: 2; 30-33 bp: 3

Overview of removed sequences
length	count	expect	max.err	error counts
10	1	0.2	1	1
12	3	0.0	1	1 2
13	4	0.0	1	2 2
15	1	0.0	1	1
16	6	0.0	1	6
17	3	0.0	1	3
18	2	0.0	1	2
19	4	0.0	1	3 0 1
20	15	0.0	2	13 2
21	51	0.0	2	48 3
22	54	0.0	2	47 6 1
23	121	0.0	2	100 20 1
24	335	0.0	2	289 44 2
25	379	0.0	2	330 44 5
26	502	0.0	2	392 75 35
27	1146	0.0	2	521 259 366
28	4000	0.0	2	1776 2019 204 1
29	22655	0.0	2	19781 2670 204
30	846	0.0	3	25 697 124
31	111	0.0	3	0 2 108 1
32	1	0.0	3	1
35	2	0.0	3	1 1
40	1	0.0	3	1
41	2	0.0	3	1 1
42	2	0.0	3	2
46	1	0.0	3	0 0 0 1
50	2	0.0	3	2
60	1	0.0	3	1
61	1	0.0	3	1


=== First read: Adapter 6 ===

Sequence: ACGTTGGATGAATATATGTGTGCTTATTTG; Type: regular 5'; Length: 30; Trimmed: 14 times.

No. of allowed errors:
0-9 bp: 0; 10-19 bp: 1; 20-29 bp: 2; 30 bp: 3

Overview of removed sequences
length	count	expect	max.err	error counts
3	14	3180.8	0	14


=== First read: Adapter 7 ===

Sequence: ACGTTGGATGGAAAAATAAACTGCAAATCATATTC; Type: regular 5'; Length: 35; Trimmed: 13663 times.

No. of allowed errors:
0-9 bp: 0; 10-19 bp: 1; 20-29 bp: 2; 30-35 bp: 3

Overview of removed sequences
length	count	expect	max.err	error counts
3	4	3180.8	0	4
4	1	795.2	0	1
19	1	0.0	1	1
23	3	0.0	2	3
24	1	0.0	2	1
25	11	0.0	2	7 4
26	65	0.0	2	62 3
27	50	0.0	2	46 4
28	54	0.0	2	24 3 3 24
29	86	0.0	2	24 12 48 2
30	914	0.0	3	145 724 37 8
31	9306	0.0	3	8716 497 78 15
32	2963	0.0	3	2 2743 136 82
33	67	0.0	3	0 0 45 22
34	134	0.0	3	0 0 0 134
48	1	0.0	3	0 1
53	2	0.0	3	0 2


=== First read: Adapter 8 ===

Sequence: ACGTTGGATGGAAAAATAAACTGTAAATCATATTC; Type: regular 5'; Length: 35; Trimmed: 2662 times.

No. of allowed errors:
0-9 bp: 0; 10-19 bp: 1; 20-29 bp: 2; 30-35 bp: 3

Overview of removed sequences
length	count	expect	max.err	error counts
25	3	0.0	2	2 0 1
26	9	0.0	2	8 1
27	15	0.0	2	14 1
28	20	0.0	2	2 0 0 18
29	48	0.0	2	10 4 32 2
30	255	0.0	3	43 187 17 8
31	2143	0.0	3	1890 227 19 7
32	121	0.0	3	1 55 30 35
33	31	0.0	3	0 0 12 19
34	16	0.0	3	0 0 0 16
139	1	0.0	3	0 1


=== First read: Adapter 9 ===

Sequence: ACGTTGGATGGAAAAATAAATTGTAAATCATACTC; Type: regular 5'; Length: 35; Trimmed: 1105 times.

No. of allowed errors:
0-9 bp: 0; 10-19 bp: 1; 20-29 bp: 2; 30-35 bp: 3

Overview of removed sequences
length	count	expect	max.err	error counts
27	2	0.0	2	2
28	1	0.0	2	0 0 0 1
29	5	0.0	2	0 0 3 2
30	62	0.0	3	39 19 3 1
31	1017	0.0	3	977 29 1 10
32	12	0.0	3	0 8 3 1
33	2	0.0	3	0 0 2
34	4	0.0	3	0 0 0 4


=== First read: Adapter 10 ===

Sequence: ACGTTGGATGAGATTAGGGAAAGTATTAGA; Type: regular 5'; Length: 30; Trimmed: 496 times.

No. of allowed errors:
0-9 bp: 0; 10-19 bp: 1; 20-29 bp: 2; 30 bp: 3

Overview of removed sequences
length	count	expect	max.err	error counts
3	476	3180.8	0	476
4	20	795.2	0	20


=== First read: Adapter 11 ===

Sequence: ACGTTGGATGGAAAAATAAATTGTAAATCAAATTC; Type: regular 5'; Length: 35; Trimmed: 1033 times.

No. of allowed errors:
0-9 bp: 0; 10-19 bp: 1; 20-29 bp: 2; 30-35 bp: 3

Overview of removed sequences
length	count	expect	max.err	error counts
26	1	0.0	2	1
27	1	0.0	2	1
30	17	0.0	3	8 9
31	1008	0.0	3	978 27 1 2
32	4	0.0	3	0 4
34	2	0.0	3	0 0 0 2


=== First read: Adapter 12 ===

Sequence: ACGTTGGATGGAAAAATAAACTGTAAATCATATTCCT; Type: regular 5'; Length: 37; Trimmed: 34790 times.

No. of allowed errors:
0-9 bp: 0; 10-19 bp: 1; 20-29 bp: 2; 30-37 bp: 3

Overview of removed sequences
length	count	expect	max.err	error counts
3	3	3180.8	0	3
15	2	0.0	1	1 1
17	1	0.0	1	0 1
18	1	0.0	1	1
19	1	0.0	1	0 1
23	3	0.0	2	0 3
24	4	0.0	2	1 3
25	2	0.0	2	0 2
26	4	0.0	2	1 3
27	23	0.0	2	1 22
28	89	0.0	2	32 55 2
29	103	0.0	2	40 55 8
30	94	0.0	3	26 38 21 9
31	620	0.0	3	50 88 454 28
32	6911	0.0	3	193 6109 574 35
33	20990	0.0	3	10555 9836 510 89
34	2382	0.0	3	18 871 1339 154
35	3200	0.0	3	0 3 806 2391
36	352	0.0	3	0 1 1 350
37	1	0.0	3	0 0 0 1
39	1	0.0	3	0 1
44	1	0.0	3	0 0 0 1
45	1	0.0	3	0 0 0 1
51	1	0.0	3	0 1


=== Second read: Adapter 13 ===

Sequence: ACGTTGGATGTTTGTTACTATGGTAGATACCACAC; Type: regular 5'; Length: 35; Trimmed: 17983 times.

No. of allowed errors:
0-9 bp: 0; 10-19 bp: 1; 20-29 bp: 2; 30-35 bp: 3

Overview of removed sequences
length	count	expect	max.err	error counts
3	69	3180.8	0	69
4	34	795.2	0	34
5	11	198.8	0	11
9	1	0.8	0	0 1
12	1	0.0	1	1
17	2	0.0	1	0 2
19	1	0.0	1	1
21	5	0.0	2	5
22	1	0.0	2	1
25	34	0.0	2	29 5
26	10	0.0	2	7 2 1
27	69	0.0	2	50 14 5
28	71	0.0	2	46 22 3
29	445	0.0	2	257 173 14 1
30	109	0.0	3	54 41 9 5
31	80	0.0	3	4 23 19 34
32	554	0.0	3	138 115 234 67
33	1756	0.0	3	37 1028 529 162
34	11847	0.0	3	4875 4966 1506 500
35	904	0.0	3	7 467 293 137
36	364	0.0	3	3 1 173 187
37	1603	0.0	3	0 0 0 1603
38	1	0.0	3	0 1
41	2	0.0	3	0 1 0 1
42	1	0.0	3	0 1
43	1	0.0	3	0 0 0 1
44	1	0.0	3	1
45	3	0.0	3	1 1 0 1
53	2	0.0	3	0 1 1
54	1	0.0	3	0 1


=== Second read: Adapter 14 ===

Sequence: ACGTTGGATGTTTGTTACTGTGGTGGATACTAC; Type: regular 5'; Length: 33; Trimmed: 30304 times.

No. of allowed errors:
0-9 bp: 0; 10-19 bp: 1; 20-29 bp: 2; 30-33 bp: 3

Overview of removed sequences
length	count	expect	max.err	error counts
3	47	3180.8	0	47
4	75	795.2	0	75
5	41	198.8	0	41
6	3	49.7	0	3
7	4	12.4	0	4
14	1	0.0	1	1
16	2	0.0	1	2
17	1	0.0	1	1
18	5	0.0	1	2 3
19	14	0.0	1	14
20	8	0.0	2	7 1
21	4	0.0	2	4
22	11	0.0	2	2 7 2
23	132	0.0	2	113 15 4
24	69	0.0	2	31 31 7
25	361	0.0	2	253 82 26
26	387	0.0	2	193 149 45
27	1317	0.0	2	811 443 63
28	375	0.0	2	190 130 51 4
29	346	0.0	2	33 83 35 195
30	2586	0.0	3	488 331 1121 646
31	2631	0.0	3	117 1511 698 305
32	19124	0.0	3	9400 6814 2121 789
33	2241	0.0	3	6 1010 890 335
34	230	0.0	3	6 2 96 126
35	129	0.0	3	0 1 0 128
36	6	0.0	3	2 2 1 1
37	8	0.0	3	4 3 0 1
38	8	0.0	3	0 1 6 1
39	11	0.0	3	3 5 2 1
40	24	0.0	3	14 8 2
41	10	0.0	3	7 1 1 1
42	9	0.0	3	4 2 3
43	14	0.0	3	5 7 2
44	8	0.0	3	4 3 0 1
45	12	0.0	3	5 3 4
46	9	0.0	3	2 3 2 2
47	4	0.0	3	2 0 2
48	5	0.0	3	1 2 1 1
49	6	0.0	3	2 2 0 2
50	8	0.0	3	6 1 0 1
51	3	0.0	3	1 0 2
52	6	0.0	3	2 4
53	2	0.0	3	1 0 1
54	1	0.0	3	1
55	1	0.0	3	0 1
56	4	0.0	3	3 1
59	1	0.0	3	1


=== Second read: Adapter 15 ===

Sequence: ACGTTGGATGTTTGTTACTGTTGTGGATACAAC; Type: regular 5'; Length: 33; Trimmed: 25563 times.

No. of allowed errors:
0-9 bp: 0; 10-19 bp: 1; 20-29 bp: 2; 30-33 bp: 3

Overview of removed sequences
length	count	expect	max.err	error counts
3	214	3180.8	0	214
4	26	795.2	0	26
5	44	198.8	0	44
6	2	49.7	0	2
7	2	12.4	0	2
8	1	3.1	0	1
17	3	0.0	1	2 1
18	1	0.0	1	0 1
19	11	0.0	1	11
20	2	0.0	2	2
21	2	0.0	2	2
22	2	0.0	2	1 0 1
23	73	0.0	2	66 4 3
24	21	0.0	2	14 5 2
25	186	0.0	2	157 21 8
26	273	0.0	2	176 86 11
27	1641	0.0	2	1435 176 30
28	444	0.0	2	370 64 9 1
29	196	0.0	2	75 79 16 26
30	1455	0.0	3	842 214 277 122
31	2101	0.0	3	261 1164 494 182
32	16789	0.0	3	8846 5287 2109 547
33	1173	0.0	3	17 789 265 102
34	330	0.0	3	2 0 182 146
35	454	0.0	3	0 0 0 454
36	3	0.0	3	1 1 0 1
37	1	0.0	3	0 0 1
38	3	0.0	3	1 1 0 1
39	2	0.0	3	0 2
40	17	0.0	3	11 4 2
41	4	0.0	3	3 0 1
42	6	0.0	3	4 1 1
43	9	0.0	3	5 3 0 1
44	12	0.0	3	5 6 1
45	6	0.0	3	3 2 1
46	3	0.0	3	3
47	5	0.0	3	2 2 0 1
48	11	0.0	3	6 5
49	4	0.0	3	3 1
50	8	0.0	3	3 2 1 2
51	7	0.0	3	5 2
52	4	0.0	3	1 3
53	5	0.0	3	3 2
54	1	0.0	3	1
55	1	0.0	3	1
56	2	0.0	3	2
61	1	0.0	3	0 1
63	1	0.0	3	1
65	1	0.0	3	0 1


=== Second read: Adapter 16 ===

Sequence: ACGTTGGATGTTTGTTACCGTTGTTGATACTAC; Type: regular 5'; Length: 33; Trimmed: 31021 times.

No. of allowed errors:
0-9 bp: 0; 10-19 bp: 1; 20-29 bp: 2; 30-33 bp: 3

Overview of removed sequences
length	count	expect	max.err	error counts
17	1	0.0	1	1
18	1	0.0	1	1
19	7	0.0	1	7
20	1	0.0	2	1
22	1	0.0	2	0 1
23	68	0.0	2	62 4 2
24	19	0.0	2	14 5
25	171	0.0	2	143 25 3
26	412	0.0	2	247 146 19
27	2278	0.0	2	2020 216 41 1
28	596	0.0	2	477 95 22 2
29	440	0.0	2	103 114 30 193
30	2102	0.0	3	1296 317 310 179
31	2362	0.0	3	413 1095 536 318
32	21047	0.0	3	10416 6142 3065 1424
33	1089	0.0	3	13 751 248 77
34	292	0.0	3	9 3 93 187
35	89	0.0	3	2 2 0 85
36	4	0.0	3	1 2 0 1
37	1	0.0	3	1
38	4	0.0	3	2 2
39	3	0.0	3	1 1 0 1
40	6	0.0	3	4 0 2
41	5	0.0	3	4 1
42	4	0.0	3	1 2 1
43	4	0.0	3	1 2 0 1
45	2	0.0	3	1 1
46	1	0.0	3	1
47	2	0.0	3	0 2
49	1	0.0	3	0 0 0 1
50	1	0.0	3	1
51	2	0.0	3	0 0 1 1
52	2	0.0	3	1 0 0 1
56	1	0.0	3	1
57	1	0.0	3	0 0 1
61	1	0.0	3	0 1


=== Second read: Adapter 17 ===

Sequence: ACGTTGGATGAATATATGTGTGCTTATTTG; Type: regular 5'; Length: 30; Trimmed: 599 times.

No. of allowed errors:
0-9 bp: 0; 10-19 bp: 1; 20-29 bp: 2; 30 bp: 3

Overview of removed sequences
length	count	expect	max.err	error counts
3	112	3180.8	0	112
4	63	795.2	0	63
5	392	198.8	0	392
6	6	49.7	0	6
7	24	12.4	0	24
8	1	3.1	0	1
9	1	0.8	0	0 1


=== Second read: Adapter 18 ===

Sequence: ACGTTGGATGTTTGTTACTAAGGTAGATACCACTC; Type: regular 5'; Length: 35; Trimmed: 8493 times.

No. of allowed errors:
0-9 bp: 0; 10-19 bp: 1; 20-29 bp: 2; 30-35 bp: 3

Overview of removed sequences
length	count	expect	max.err	error counts
3	264	3180.8	0	264
4	42	795.2	0	42
5	8	198.8	0	8
6	2	49.7	0	2
7	2	12.4	0	2
8	1	3.1	0	1
24	1	0.0	2	1
25	10	0.0	2	10
26	5	0.0	2	3 2
27	22	0.0	2	16 6
28	38	0.0	2	23 13 2
29	195	0.0	2	181 13 1
30	42	0.0	3	39 2 0 1
31	36	0.0	3	12 10 6 8
32	178	0.0	3	108 15 46 9
33	879	0.0	3	46 685 100 48
34	6150	0.0	3	5176 792 145 37
35	236	0.0	3	3 163 53 17
36	195	0.0	3	2 0 109 84
37	178	0.0	3	0 0 0 178
42	4	0.0	3	4
46	1	0.0	3	1
49	1	0.0	3	1
54	2	0.0	3	2
59	1	0.0	3	1


=== Second read: Adapter 19 ===

Sequence: ACGTTGGATGGAAAAATAAACTGCAAATCATATTC; Type: regular 5'; Length: 35; Trimmed: 10057 times.

No. of allowed errors:
0-9 bp: 0; 10-19 bp: 1; 20-29 bp: 2; 30-35 bp: 3

Overview of removed sequences
length	count	expect	max.err	error counts
3	111	3180.8	0	111
4	173	795.2	0	173
5	48	198.8	0	48
6	15	49.7	0	15
7	24	12.4	0	24
9	2	0.8	0	0 2
10	3	0.2	1	0 3
13	1	0.0	1	0 1
17	1	0.0	1	1
18	1	0.0	1	0 1
25	1	0.0	2	1
26	3	0.0	2	2 1
27	3	0.0	2	3
28	8	0.0	2	2 5 1
29	43	0.0	2	33 10
30	27	0.0	3	22 3 1 1
31	50	0.0	3	8 5 3 34
32	146	0.0	3	44 15 72 15
33	676	0.0	3	11 517 97 51
34	6634	0.0	3	5580 732 208 114
35	1882	0.0	3	1 1597 170 114
36	73	0.0	3	0 0 29 44
37	124	0.0	3	0 0 0 124
40	1	0.0	3	0 0 1
43	1	0.0	3	1
47	1	0.0	3	1
48	1	0.0	3	0 0 1
50	1	0.0	3	0 1
51	1	0.0	3	0 1
53	1	0.0	3	0 1
54	1	0.0	3	1


=== Second read: Adapter 20 ===

Sequence: ACGTTGGATGAGATTAGGGAAAGTATTAGA; Type: regular 5'; Length: 30; Trimmed: 705 times.

No. of allowed errors:
0-9 bp: 0; 10-19 bp: 1; 20-29 bp: 2; 30 bp: 3

Overview of removed sequences
length	count	expect	max.err	error counts
3	673	3180.8	0	673
4	12	795.2	0	12
5	13	198.8	0	13
6	7	49.7	0	7


=== Second read: Adapter 21 ===

Sequence: ACGTTGGATGGAAAAATAAATTGTAAATCATACTC; Type: regular 5'; Length: 35; Trimmed: 737 times.

No. of allowed errors:
0-9 bp: 0; 10-19 bp: 1; 20-29 bp: 2; 30-35 bp: 3

Overview of removed sequences
length	count	expect	max.err	error counts
5	13	198.8	0	13
6	6	49.7	0	6
7	19	12.4	0	19
9	1	0.8	0	0 1
10	4	0.2	1	0 4
11	1	0.0	1	1
30	1	0.0	3	1
31	2	0.0	3	0 0 0 2
32	10	0.0	3	0 1 6 3
33	39	0.0	3	4 20 9 6
34	599	0.0	3	483 75 22 19
35	23	0.0	3	2 17 3 1
36	6	0.0	3	0 1 1 4
37	8	0.0	3	0 0 0 8
38	1	0.0	3	1
43	1	0.0	3	1
48	1	0.0	3	1
50	1	0.0	3	1
52	1	0.0	3	1


=== Second read: Adapter 22 ===

Sequence: ACGTTGGATGGAAAAATAAACTGTAAATCATATTCCT; Type: regular 5'; Length: 37; Trimmed: 30286 times.

No. of allowed errors:
0-9 bp: 0; 10-19 bp: 1; 20-29 bp: 2; 30-37 bp: 3

Overview of removed sequences
length	count	expect	max.err	error counts
3	349	3180.8	0	349
4	11	795.2	0	11
5	13	198.8	0	13
6	48	49.7	0	48
8	1	3.1	0	1
9	9	0.8	0	5 4
10	30	0.2	1	0 30
14	1	0.0	1	1
16	1	0.0	1	0 1
17	1	0.0	1	0 1
18	2	0.0	1	0 2
19	1	0.0	1	1
20	1	0.0	2	1
21	2	0.0	2	0 2
23	1	0.0	2	0 1
26	1	0.0	2	1
27	6	0.0	2	3 3
28	2	0.0	2	0 2
29	9	0.0	2	3 6
30	26	0.0	3	4 14 8
31	117	0.0	3	36 66 11 4
32	87	0.0	3	42 32 12 1
33	95	0.0	3	15 42 14 24
34	730	0.0	3	64 76 497 93
35	4920	0.0	3	22 3984 716 198
36	18818	0.0	3	8458 8969 1056 335
37	2115	0.0	3	5 712 1137 261
38	2515	0.0	3	3 3 674 1835
39	348	0.0	3	0 0 0 348
40	2	0.0	3	0 0 0 2
41	1	0.0	3	0 1
42	1	0.0	3	0 0 1
43	1	0.0	3	0 1
44	1	0.0	3	0 1
46	2	0.0	3	0 1 0 1
48	2	0.0	3	0 1 1
50	1	0.0	3	0 1
51	1	0.0	3	1
52	1	0.0	3	0 0 0 1
53	3	0.0	3	0 1 1 1
54	3	0.0	3	0 2 1
56	1	0.0	3	0 1
57	1	0.0	3	1
59	2	0.0	3	0 0 1 1
62	1	0.0	3	0 1
64	1	0.0	3	0 1
69	1	0.0	3	0 0 1


=== Second read: Adapter 23 ===

Sequence: ACGTTGGATGGAAAAATAAACTGTAAATCATATTC; Type: regular 5'; Length: 35; Trimmed: 2906 times.

No. of allowed errors:
0-9 bp: 0; 10-19 bp: 1; 20-29 bp: 2; 30-35 bp: 3

Overview of removed sequences
length	count	expect	max.err	error counts
24	1	0.0	2	1
25	1	0.0	2	1
28	1	0.0	2	0 0 1
29	7	0.0	2	5 1 1
30	8	0.0	3	5 3
31	47	0.0	3	3 0 0 44
32	71	0.0	3	11 4 42 14
33	305	0.0	3	5 217 47 36
34	2225	0.0	3	1628 424 85 88
35	205	0.0	3	0 75 63 67
36	21	0.0	3	0 1 7 13
37	11	0.0	3	0 0 0 11
38	2	0.0	3	1 1
50	1	0.0	3	1


=== Second read: Adapter 24 ===

Sequence: ACGTTGGATGGAAAAATAAATTGTAAATCAAATTC; Type: regular 5'; Length: 35; Trimmed: 981 times.

No. of allowed errors:
0-9 bp: 0; 10-19 bp: 1; 20-29 bp: 2; 30-35 bp: 3

Overview of removed sequences
length	count	expect	max.err	error counts
5	316	198.8	0	316
6	2	49.7	0	2
7	13	12.4	0	13
8	1	3.1	0	1
24	1	0.0	2	0 1
31	1	0.0	3	0 0 0 1
32	4	0.0	3	2 0 1 1
33	4	0.0	3	0 4
34	633	0.0	3	526 84 12 11
35	6	0.0	3	1 5
