This is cutadapt 2.6 with Python 3.7.3
Command line parameters: -g ACGTTGGATGTTTGTTACTATGGTAGATACCACAC -g ACGTTGGATGTTTGTTACTAAGGTAGATACCACTC -g ACGTTGGATGTTTGTTACTGTGGTGGATACTAC -g ACGTTGGATGTTTGTTACTGTTGTGGATACAAC -g ACGTTGGATGTTTGTTACCGTTGTTGATACTAC -g ACGTTGGATGAATATATGTGTGCTTATTTG -G ACGTTGGATGTTTGTTACTATGGTAGATACCACAC -G ACGTTGGATGTTTGTTACTGTGGTGGATACTAC -G ACGTTGGATGTTTGTTACTGTTGTGGATACAAC -G ACGTTGGATGTTTGTTACCGTTGTTGATACTAC -G ACGTTGGATGAATATATGTGTGCTTATTTG -G ACGTTGGATGTTTGTTACTAAGGTAGATACCACTC -g ACGTTGGATGGAAAAATAAACTGCAAATCATATTC -g ACGTTGGATGGAAAAATAAACTGTAAATCATATTC -g ACGTTGGATGGAAAAATAAATTGTAAATCATACTC -g ACGTTGGATGAGATTAGGGAAAGTATTAGA -g ACGTTGGATGGAAAAATAAATTGTAAATCAAATTC -g ACGTTGGATGGAAAAATAAACTGTAAATCATATTCCT -G ACGTTGGATGGAAAAATAAACTGCAAATCATATTC -G ACGTTGGATGAGATTAGGGAAAGTATTAGA -G ACGTTGGATGGAAAAATAAATTGTAAATCATACTC -G ACGTTGGATGGAAAAATAAACTGTAAATCATATTCCT -G ACGTTGGATGGAAAAATAAACTGTAAATCATATTC -G ACGTTGGATGGAAAAATAAATTGTAAATCAAATTC --minimum-length=1 -o /data/projects/mdc-971/data_from_Jan_2020/analysis/30.primer_trimmed/190596_S40_L001_cutadapt.1.fq.gz -p /data/projects/mdc-971/data_from_Jan_2020/analysis/30.primer_trimmed/190596_S40_L001_cutadapt.2.fq.gz /data/projects/mdc-971/data_from_Jan_2020/analysis/20.adapter_trimmed/190596_S40_L001_R1_001.bbduked.trimmed.fastq.gz /data/projects/mdc-971/data_from_Jan_2020/analysis/20.adapter_trimmed/190596_S40_L001_R2_001.bbduked.trimmed.fastq.gz
Processing reads on 1 core in paired-end mode ...
Finished in 12.64 s (252 us/read; 0.24 M reads/minute).

=== Summary ===

Total read pairs processed:             50,225
  Read 1 with adapter:                   3,002 (6.0%)
  Read 2 with adapter:                   5,882 (11.7%)
Pairs that were too short:                   0 (0.0%)
Pairs written (passing filters):        50,225 (100.0%)

Total basepairs processed:     9,698,851 bp
  Read 1:     2,165,102 bp
  Read 2:     7,533,749 bp
Total written (filtered):      9,495,051 bp (97.9%)
  Read 1:     2,069,722 bp
  Read 2:     7,425,329 bp

=== First read: Adapter 1 ===

Sequence: ACGTTGGATGTTTGTTACTATGGTAGATACCACAC; Type: regular 5'; Length: 35; Trimmed: 451 times.

No. of allowed errors:
0-9 bp: 0; 10-19 bp: 1; 20-29 bp: 2; 30-35 bp: 3

Overview of removed sequences
length	count	expect	max.err	error counts
3	13	784.8	0	13
28	1	0.0	2	0 1
29	2	0.0	2	2
30	3	0.0	3	1 2
31	8	0.0	3	0 3 5
32	43	0.0	3	4 30 8 1
33	308	0.0	3	163 124 19 2
34	19	0.0	3	0 13 6
35	8	0.0	3	0 0 3 5
36	45	0.0	3	0 0 0 45
37	1	0.0	3	0 0 0 1


=== First read: Adapter 2 ===

Sequence: ACGTTGGATGTTTGTTACTAAGGTAGATACCACTC; Type: regular 5'; Length: 35; Trimmed: 220 times.

No. of allowed errors:
0-9 bp: 0; 10-19 bp: 1; 20-29 bp: 2; 30-35 bp: 3

Overview of removed sequences
length	count	expect	max.err	error counts
3	3	784.8	0	3
22	1	0.0	2	1
31	6	0.0	3	0 1 5
32	28	0.0	3	7 20 1
33	166	0.0	3	150 14 2
34	7	0.0	3	0 7
35	8	0.0	3	0 0 4 4
36	1	0.0	3	0 0 0 1


=== First read: Adapter 3 ===

Sequence: ACGTTGGATGTTTGTTACTGTGGTGGATACTAC; Type: regular 5'; Length: 33; Trimmed: 405 times.

No. of allowed errors:
0-9 bp: 0; 10-19 bp: 1; 20-29 bp: 2; 30-33 bp: 3

Overview of removed sequences
length	count	expect	max.err	error counts
3	10	784.8	0	10
23	3	0.0	2	3
24	2	0.0	2	2
25	3	0.0	2	2 1
26	2	0.0	2	2
27	4	0.0	2	2 1 0 1
28	9	0.0	2	2 2 0 5
29	22	0.0	2	1 3 11 7
30	35	0.0	3	5 25 4 1
31	270	0.0	3	170 93 5 2
32	40	0.0	3	1 27 11 1
33	3	0.0	3	0 0 1 2
34	2	0.0	3	0 0 0 2


=== First read: Adapter 4 ===

Sequence: ACGTTGGATGTTTGTTACTGTTGTGGATACAAC; Type: regular 5'; Length: 33; Trimmed: 367 times.

No. of allowed errors:
0-9 bp: 0; 10-19 bp: 1; 20-29 bp: 2; 30-33 bp: 3

Overview of removed sequences
length	count	expect	max.err	error counts
3	3	784.8	0	3
4	1	196.2	0	1
22	1	0.0	2	1
23	1	0.0	2	1
25	2	0.0	2	1 1
26	1	0.0	2	1
27	3	0.0	2	2 0 1
28	8	0.0	2	4 2 1 1
29	10	0.0	2	3 4 3
30	44	0.0	3	6 35 2 1
31	265	0.0	3	221 38 6
32	13	0.0	3	1 9 3
33	10	0.0	3	0 0 8 2
34	5	0.0	3	0 0 0 5


=== First read: Adapter 5 ===

Sequence: ACGTTGGATGTTTGTTACCGTTGTTGATACTAC; Type: regular 5'; Length: 33; Trimmed: 445 times.

No. of allowed errors:
0-9 bp: 0; 10-19 bp: 1; 20-29 bp: 2; 30-33 bp: 3

Overview of removed sequences
length	count	expect	max.err	error counts
23	1	0.0	2	1
25	2	0.0	2	2
26	4	0.0	2	4
27	6	0.0	2	4 2
28	4	0.0	2	1 0 0 3
29	16	0.0	2	5 4 7
30	48	0.0	3	13 32 2 1
31	343	0.0	3	299 41 3
32	20	0.0	3	0 17 3
33	1	0.0	3	0 0 1


=== First read: Adapter 6 ===

Sequence: ACGTTGGATGAATATATGTGTGCTTATTTG; Type: regular 5'; Length: 30; Trimmed: 0 times.

=== First read: Adapter 7 ===

Sequence: ACGTTGGATGGAAAAATAAACTGCAAATCATATTC; Type: regular 5'; Length: 35; Trimmed: 280 times.

No. of allowed errors:
0-9 bp: 0; 10-19 bp: 1; 20-29 bp: 2; 30-35 bp: 3

Overview of removed sequences
length	count	expect	max.err	error counts
3	17	784.8	0	17
4	3	196.2	0	3
29	1	0.0	2	1
31	1	0.0	3	0 1
32	13	0.0	3	1 12
33	200	0.0	3	192 6 2
34	41	0.0	3	0 37 0 4
35	1	0.0	3	0 0 0 1
36	3	0.0	3	0 0 0 3


=== First read: Adapter 8 ===

Sequence: ACGTTGGATGGAAAAATAAACTGTAAATCATATTC; Type: regular 5'; Length: 35; Trimmed: 66 times.

No. of allowed errors:
0-9 bp: 0; 10-19 bp: 1; 20-29 bp: 2; 30-35 bp: 3

Overview of removed sequences
length	count	expect	max.err	error counts
30	1	0.0	3	0 0 0 1
31	1	0.0	3	0 0 1
32	7	0.0	3	2 5
33	50	0.0	3	42 7 1
34	5	0.0	3	0 4 1
35	2	0.0	3	0 0 1 1


=== First read: Adapter 9 ===

Sequence: ACGTTGGATGGAAAAATAAATTGTAAATCATACTC; Type: regular 5'; Length: 35; Trimmed: 22 times.

No. of allowed errors:
0-9 bp: 0; 10-19 bp: 1; 20-29 bp: 2; 30-35 bp: 3

Overview of removed sequences
length	count	expect	max.err	error counts
32	1	0.0	3	1
33	21	0.0	3	21


=== First read: Adapter 10 ===

Sequence: ACGTTGGATGAGATTAGGGAAAGTATTAGA; Type: regular 5'; Length: 30; Trimmed: 30 times.

No. of allowed errors:
0-9 bp: 0; 10-19 bp: 1; 20-29 bp: 2; 30 bp: 3

Overview of removed sequences
length	count	expect	max.err	error counts
3	11	784.8	0	11
4	19	196.2	0	19


=== First read: Adapter 11 ===

Sequence: ACGTTGGATGGAAAAATAAATTGTAAATCAAATTC; Type: regular 5'; Length: 35; Trimmed: 25 times.

No. of allowed errors:
0-9 bp: 0; 10-19 bp: 1; 20-29 bp: 2; 30-35 bp: 3

Overview of removed sequences
length	count	expect	max.err	error counts
33	25	0.0	3	25


=== First read: Adapter 12 ===

Sequence: ACGTTGGATGGAAAAATAAACTGTAAATCATATTCCT; Type: regular 5'; Length: 37; Trimmed: 691 times.

No. of allowed errors:
0-9 bp: 0; 10-19 bp: 1; 20-29 bp: 2; 30-37 bp: 3

Overview of removed sequences
length	count	expect	max.err	error counts
30	1	0.0	3	0 1
31	3	0.0	3	2 0 1
32	2	0.0	3	2
33	12	0.0	3	1 3 7 1
34	133	0.0	3	1 117 15
35	443	0.0	3	236 195 7 5
36	44	0.0	3	2 20 21 1
37	49	0.0	3	0 0 8 41
38	4	0.0	3	0 0 0 4


=== Second read: Adapter 13 ===

Sequence: ACGTTGGATGTTTGTTACTATGGTAGATACCACAC; Type: regular 5'; Length: 35; Trimmed: 589 times.

No. of allowed errors:
0-9 bp: 0; 10-19 bp: 1; 20-29 bp: 2; 30-35 bp: 3

Overview of removed sequences
length	count	expect	max.err	error counts
3	148	784.8	0	148
4	45	196.2	0	45
5	3	49.0	0	3
6	3	12.3	0	3
10	4	0.0	1	0 4
30	1	0.0	3	1
31	2	0.0	3	1 1
33	11	0.0	3	1 4 4 2
34	23	0.0	3	1 12 6 4
35	283	0.0	3	112 97 41 33
36	16	0.0	3	0 7 6 3
37	3	0.0	3	0 0 1 2
38	47	0.0	3	0 0 0 47


=== Second read: Adapter 14 ===

Sequence: ACGTTGGATGTTTGTTACTGTGGTGGATACTAC; Type: regular 5'; Length: 33; Trimmed: 598 times.

No. of allowed errors:
0-9 bp: 0; 10-19 bp: 1; 20-29 bp: 2; 30-33 bp: 3

Overview of removed sequences
length	count	expect	max.err	error counts
3	87	784.8	0	87
4	9	196.2	0	9
5	40	49.0	0	40
6	4	12.3	0	4
8	1	0.8	0	1
21	1	0.0	2	1
24	2	0.0	2	2
25	1	0.0	2	1
26	1	0.0	2	1
27	3	0.0	2	3
28	1	0.0	2	0 1
29	3	0.0	2	1 1 1
30	3	0.0	3	1 0 1 1
31	19	0.0	3	3 2 9 5
32	34	0.0	3	1 22 7 4
33	332	0.0	3	161 100 38 33
34	47	0.0	3	0 30 13 4
35	3	0.0	3	0 0 0 3
42	1	0.0	3	0 0 1
47	1	0.0	3	0 1
49	2	0.0	3	0 1 1
50	1	0.0	3	0 1
55	2	0.0	3	0 0 2


=== Second read: Adapter 15 ===

Sequence: ACGTTGGATGTTTGTTACTGTTGTGGATACAAC; Type: regular 5'; Length: 33; Trimmed: 724 times.

No. of allowed errors:
0-9 bp: 0; 10-19 bp: 1; 20-29 bp: 2; 30-33 bp: 3

Overview of removed sequences
length	count	expect	max.err	error counts
3	349	784.8	0	349
4	31	196.2	0	31
5	11	49.0	0	11
6	2	12.3	0	2
8	3	0.8	0	3
25	1	0.0	2	1
27	2	0.0	2	1 1
28	1	0.0	2	1
29	2	0.0	2	1 1
30	3	0.0	3	1 1 0 1
31	4	0.0	3	1 1 2
32	35	0.0	3	6 20 3 6
33	251	0.0	3	122 76 36 17
34	18	0.0	3	1 11 2 4
35	8	0.0	3	0 0 6 2
36	2	0.0	3	0 0 0 2
50	1	0.0	3	0 0 0 1


=== Second read: Adapter 16 ===

Sequence: ACGTTGGATGTTTGTTACCGTTGTTGATACTAC; Type: regular 5'; Length: 33; Trimmed: 365 times.

No. of allowed errors:
0-9 bp: 0; 10-19 bp: 1; 20-29 bp: 2; 30-33 bp: 3

Overview of removed sequences
length	count	expect	max.err	error counts
24	1	0.0	2	1
25	1	0.0	2	1
27	3	0.0	2	2 1
28	5	0.0	2	3 1 1
29	4	0.0	2	4
30	5	0.0	3	1 2 0 2
31	12	0.0	3	3 2 5 2
32	39	0.0	3	7 16 9 7
33	278	0.0	3	128 68 51 31
34	13	0.0	3	0 10 3
35	3	0.0	3	0 0 2 1
40	1	0.0	3	1


=== Second read: Adapter 17 ===

Sequence: ACGTTGGATGAATATATGTGTGCTTATTTG; Type: regular 5'; Length: 30; Trimmed: 81 times.

No. of allowed errors:
0-9 bp: 0; 10-19 bp: 1; 20-29 bp: 2; 30 bp: 3

Overview of removed sequences
length	count	expect	max.err	error counts
3	36	784.8	0	36
4	18	196.2	0	18
5	12	49.0	0	12
6	15	12.3	0	15


=== Second read: Adapter 18 ===

Sequence: ACGTTGGATGTTTGTTACTAAGGTAGATACCACTC; Type: regular 5'; Length: 35; Trimmed: 336 times.

No. of allowed errors:
0-9 bp: 0; 10-19 bp: 1; 20-29 bp: 2; 30-35 bp: 3

Overview of removed sequences
length	count	expect	max.err	error counts
3	43	784.8	0	43
4	116	196.2	0	116
5	5	49.0	0	5
6	2	12.3	0	2
9	2	0.2	0	0 2
10	3	0.0	1	0 3
29	1	0.0	2	1
33	5	0.0	3	2 1 2
34	14	0.0	3	0 9 1 4
35	130	0.0	3	96 23 4 7
36	8	0.0	3	0 6 1 1
37	5	0.0	3	0 0 2 3
38	2	0.0	3	0 0 0 2


=== Second read: Adapter 19 ===

Sequence: ACGTTGGATGGAAAAATAAACTGCAAATCATATTC; Type: regular 5'; Length: 35; Trimmed: 435 times.

No. of allowed errors:
0-9 bp: 0; 10-19 bp: 1; 20-29 bp: 2; 30-35 bp: 3

Overview of removed sequences
length	count	expect	max.err	error counts
3	60	784.8	0	60
4	40	196.2	0	40
5	21	49.0	0	21
6	9	12.3	0	9
7	4	3.1	0	4
9	29	0.2	0	0 29
10	2	0.0	1	0 2
12	1	0.0	1	0 1
23	1	0.0	2	1
30	1	0.0	3	0 0 0 1
31	1	0.0	3	0 0 0 1
33	3	0.0	3	2 0 1
34	21	0.0	3	1 15 0 5
35	198	0.0	3	134 27 11 26
36	39	0.0	3	0 29 6 4
37	2	0.0	3	0 0 0 2
38	3	0.0	3	0 0 0 3


=== Second read: Adapter 20 ===

Sequence: ACGTTGGATGAGATTAGGGAAAGTATTAGA; Type: regular 5'; Length: 30; Trimmed: 170 times.

No. of allowed errors:
0-9 bp: 0; 10-19 bp: 1; 20-29 bp: 2; 30 bp: 3

Overview of removed sequences
length	count	expect	max.err	error counts
3	119	784.8	0	119
4	43	196.2	0	43
5	2	49.0	0	2
6	2	12.3	0	2
9	2	0.2	0	1 1
10	1	0.0	1	1
13	1	0.0	1	0 1


=== Second read: Adapter 21 ===

Sequence: ACGTTGGATGGAAAAATAAATTGTAAATCATACTC; Type: regular 5'; Length: 35; Trimmed: 32 times.

No. of allowed errors:
0-9 bp: 0; 10-19 bp: 1; 20-29 bp: 2; 30-35 bp: 3

Overview of removed sequences
length	count	expect	max.err	error counts
5	2	49.0	0	2
6	3	12.3	0	3
7	1	3.1	0	1
9	2	0.2	0	0 2
10	2	0.0	1	0 2
11	2	0.0	1	0 2
34	1	0.0	3	0 1
35	19	0.0	3	17 2


=== Second read: Adapter 22 ===

Sequence: ACGTTGGATGGAAAAATAAACTGTAAATCATATTCCT; Type: regular 5'; Length: 37; Trimmed: 2243 times.

No. of allowed errors:
0-9 bp: 0; 10-19 bp: 1; 20-29 bp: 2; 30-37 bp: 3

Overview of removed sequences
length	count	expect	max.err	error counts
3	1468	784.8	0	1468
4	26	196.2	0	26
5	3	49.0	0	3
6	3	12.3	0	3
7	4	3.1	0	4
8	1	0.8	0	1
10	13	0.0	1	1 12
11	10	0.0	1	1 9
32	1	0.0	3	0 1
34	3	0.0	3	0 1 0 2
35	13	0.0	3	2 1 9 1
36	158	0.0	3	0 114 22 22
37	464	0.0	3	178 194 56 36
38	31	0.0	3	0 9 17 5
39	41	0.0	3	0 0 7 34
40	4	0.0	3	0 0 0 4


=== Second read: Adapter 23 ===

Sequence: ACGTTGGATGGAAAAATAAACTGTAAATCATATTC; Type: regular 5'; Length: 35; Trimmed: 84 times.

No. of allowed errors:
0-9 bp: 0; 10-19 bp: 1; 20-29 bp: 2; 30-35 bp: 3

Overview of removed sequences
length	count	expect	max.err	error counts
32	1	0.0	3	0 0 0 1
34	5	0.0	3	0 3 0 2
35	75	0.0	3	36 13 7 19
36	3	0.0	3	0 0 1 2


=== Second read: Adapter 24 ===

Sequence: ACGTTGGATGGAAAAATAAATTGTAAATCAAATTC; Type: regular 5'; Length: 35; Trimmed: 225 times.

No. of allowed errors:
0-9 bp: 0; 10-19 bp: 1; 20-29 bp: 2; 30-35 bp: 3

Overview of removed sequences
length	count	expect	max.err	error counts
5	66	49.0	0	66
6	127	12.3	0	127
7	1	3.1	0	1
9	6	0.2	0	0 6
11	2	0.0	1	0 2
34	1	0.0	3	0 0 0 1
35	22	0.0	3	14 5 0 3
