This is cutadapt 2.6 with Python 3.7.3
Command line parameters: -g ACGTTGGATGTTTGTTACTATGGTAGATACCACAC -g ACGTTGGATGTTTGTTACTAAGGTAGATACCACTC -g ACGTTGGATGTTTGTTACTGTGGTGGATACTAC -g ACGTTGGATGTTTGTTACTGTTGTGGATACAAC -g ACGTTGGATGTTTGTTACCGTTGTTGATACTAC -g ACGTTGGATGAATATATGTGTGCTTATTTG -G ACGTTGGATGTTTGTTACTATGGTAGATACCACAC -G ACGTTGGATGTTTGTTACTGTGGTGGATACTAC -G ACGTTGGATGTTTGTTACTGTTGTGGATACAAC -G ACGTTGGATGTTTGTTACCGTTGTTGATACTAC -G ACGTTGGATGAATATATGTGTGCTTATTTG -G ACGTTGGATGTTTGTTACTAAGGTAGATACCACTC -g ACGTTGGATGGAAAAATAAACTGCAAATCATATTC -g ACGTTGGATGGAAAAATAAACTGTAAATCATATTC -g ACGTTGGATGGAAAAATAAATTGTAAATCATACTC -g ACGTTGGATGAGATTAGGGAAAGTATTAGA -g ACGTTGGATGGAAAAATAAATTGTAAATCAAATTC -g ACGTTGGATGGAAAAATAAACTGTAAATCATATTCCT -G ACGTTGGATGGAAAAATAAACTGCAAATCATATTC -G ACGTTGGATGAGATTAGGGAAAGTATTAGA -G ACGTTGGATGGAAAAATAAATTGTAAATCATACTC -G ACGTTGGATGGAAAAATAAACTGTAAATCATATTCCT -G ACGTTGGATGGAAAAATAAACTGTAAATCATATTC -G ACGTTGGATGGAAAAATAAATTGTAAATCAAATTC --minimum-length=1 -o /data/projects/mdc-971/data_from_Jan_2020/analysis/30.primer_trimmed/190556_S89_L001_cutadapt.1.fq.gz -p /data/projects/mdc-971/data_from_Jan_2020/analysis/30.primer_trimmed/190556_S89_L001_cutadapt.2.fq.gz /data/projects/mdc-971/data_from_Jan_2020/analysis/20.adapter_trimmed/190556_S89_L001_R1_001.bbduked.trimmed.fastq.gz /data/projects/mdc-971/data_from_Jan_2020/analysis/20.adapter_trimmed/190556_S89_L001_R2_001.bbduked.trimmed.fastq.gz
Processing reads on 1 core in paired-end mode ...
Finished in 1.31 s (275 us/read; 0.22 M reads/minute).

=== Summary ===

Total read pairs processed:              4,749
  Read 1 with adapter:                     693 (14.6%)
  Read 2 with adapter:                     874 (18.4%)
Pairs that were too short:                   0 (0.0%)
Pairs written (passing filters):         4,749 (100.0%)

Total basepairs processed:       958,141 bp
  Read 1:       245,791 bp
  Read 2:       712,350 bp
Total written (filtered):        915,366 bp (95.5%)
  Read 1:       223,890 bp
  Read 2:       691,476 bp

=== First read: Adapter 1 ===

Sequence: ACGTTGGATGTTTGTTACTATGGTAGATACCACAC; Type: regular 5'; Length: 35; Trimmed: 103 times.

No. of allowed errors:
0-9 bp: 0; 10-19 bp: 1; 20-29 bp: 2; 30-35 bp: 3

Overview of removed sequences
length	count	expect	max.err	error counts
3	1	74.2	0	1
32	3	0.0	3	0 3
33	84	0.0	3	50 28 2 4
34	3	0.0	3	0 2 0 1
35	2	0.0	3	0 0 1 1
36	10	0.0	3	0 0 0 10


=== First read: Adapter 2 ===

Sequence: ACGTTGGATGTTTGTTACTAAGGTAGATACCACTC; Type: regular 5'; Length: 35; Trimmed: 53 times.

No. of allowed errors:
0-9 bp: 0; 10-19 bp: 1; 20-29 bp: 2; 30-35 bp: 3

Overview of removed sequences
length	count	expect	max.err	error counts
3	14	74.2	0	14
31	1	0.0	3	0 0 0 1
32	1	0.0	3	0 1
33	36	0.0	3	32 4
34	1	0.0	3	0 1


=== First read: Adapter 3 ===

Sequence: ACGTTGGATGTTTGTTACTGTGGTGGATACTAC; Type: regular 5'; Length: 33; Trimmed: 69 times.

No. of allowed errors:
0-9 bp: 0; 10-19 bp: 1; 20-29 bp: 2; 30-33 bp: 3

Overview of removed sequences
length	count	expect	max.err	error counts
3	1	74.2	0	1
23	2	0.0	2	1 1
26	1	0.0	2	1
27	1	0.0	2	0 1
30	4	0.0	3	1 3
31	56	0.0	3	39 16 0 1
32	4	0.0	3	0 2 2


=== First read: Adapter 4 ===

Sequence: ACGTTGGATGTTTGTTACTGTTGTGGATACAAC; Type: regular 5'; Length: 33; Trimmed: 85 times.

No. of allowed errors:
0-9 bp: 0; 10-19 bp: 1; 20-29 bp: 2; 30-33 bp: 3

Overview of removed sequences
length	count	expect	max.err	error counts
23	2	0.0	2	2
26	1	0.0	2	1
29	3	0.0	2	2 1
30	10	0.0	3	1 8 0 1
31	59	0.0	3	49 10
32	3	0.0	3	0 2 1
33	5	0.0	3	0 0 5
34	2	0.0	3	0 0 0 2


=== First read: Adapter 5 ===

Sequence: ACGTTGGATGTTTGTTACCGTTGTTGATACTAC; Type: regular 5'; Length: 33; Trimmed: 99 times.

No. of allowed errors:
0-9 bp: 0; 10-19 bp: 1; 20-29 bp: 2; 30-33 bp: 3

Overview of removed sequences
length	count	expect	max.err	error counts
27	4	0.0	2	4
29	1	0.0	2	0 1
30	9	0.0	3	1 8
31	81	0.0	3	67 12 2
32	2	0.0	3	0 2
33	2	0.0	3	0 0 1 1


=== First read: Adapter 6 ===

Sequence: ACGTTGGATGAATATATGTGTGCTTATTTG; Type: regular 5'; Length: 30; Trimmed: 0 times.

=== First read: Adapter 7 ===

Sequence: ACGTTGGATGGAAAAATAAACTGCAAATCATATTC; Type: regular 5'; Length: 35; Trimmed: 46 times.

No. of allowed errors:
0-9 bp: 0; 10-19 bp: 1; 20-29 bp: 2; 30-35 bp: 3

Overview of removed sequences
length	count	expect	max.err	error counts
3	2	74.2	0	2
32	5	0.0	3	2 3
33	29	0.0	3	28 0 1
34	9	0.0	3	0 9
36	1	0.0	3	0 0 0 1


=== First read: Adapter 8 ===

Sequence: ACGTTGGATGGAAAAATAAACTGTAAATCATATTC; Type: regular 5'; Length: 35; Trimmed: 9 times.

No. of allowed errors:
0-9 bp: 0; 10-19 bp: 1; 20-29 bp: 2; 30-35 bp: 3

Overview of removed sequences
length	count	expect	max.err	error counts
33	6	0.0	3	4 1 1
34	3	0.0	3	0 2 1


=== First read: Adapter 9 ===

Sequence: ACGTTGGATGGAAAAATAAATTGTAAATCATACTC; Type: regular 5'; Length: 35; Trimmed: 4 times.

No. of allowed errors:
0-9 bp: 0; 10-19 bp: 1; 20-29 bp: 2; 30-35 bp: 3

Overview of removed sequences
length	count	expect	max.err	error counts
33	4	0.0	3	4


=== First read: Adapter 10 ===

Sequence: ACGTTGGATGAGATTAGGGAAAGTATTAGA; Type: regular 5'; Length: 30; Trimmed: 11 times.

No. of allowed errors:
0-9 bp: 0; 10-19 bp: 1; 20-29 bp: 2; 30 bp: 3

Overview of removed sequences
length	count	expect	max.err	error counts
3	2	74.2	0	2
4	9	18.6	0	9


=== First read: Adapter 11 ===

Sequence: ACGTTGGATGGAAAAATAAATTGTAAATCAAATTC; Type: regular 5'; Length: 35; Trimmed: 4 times.

No. of allowed errors:
0-9 bp: 0; 10-19 bp: 1; 20-29 bp: 2; 30-35 bp: 3

Overview of removed sequences
length	count	expect	max.err	error counts
33	4	0.0	3	4


=== First read: Adapter 12 ===

Sequence: ACGTTGGATGGAAAAATAAACTGTAAATCATATTCCT; Type: regular 5'; Length: 37; Trimmed: 210 times.

No. of allowed errors:
0-9 bp: 0; 10-19 bp: 1; 20-29 bp: 2; 30-37 bp: 3

Overview of removed sequences
length	count	expect	max.err	error counts
30	1	0.0	3	1
33	3	0.0	3	0 2 1
34	31	0.0	3	3 27 1
35	149	0.0	3	93 48 8
36	13	0.0	3	0 7 5 1
37	11	0.0	3	0 0 4 7
38	2	0.0	3	0 0 0 2


=== Second read: Adapter 13 ===

Sequence: ACGTTGGATGTTTGTTACTATGGTAGATACCACAC; Type: regular 5'; Length: 35; Trimmed: 91 times.

No. of allowed errors:
0-9 bp: 0; 10-19 bp: 1; 20-29 bp: 2; 30-35 bp: 3

Overview of removed sequences
length	count	expect	max.err	error counts
3	8	74.2	0	8
4	9	18.6	0	9
5	3	4.6	0	3
7	1	0.3	0	1
11	1	0.0	1	0 1
27	1	0.0	2	0 1
33	5	0.0	3	0 2 1 2
34	8	0.0	3	0 3 2 3
35	42	0.0	3	11 16 7 8
36	3	0.0	3	0 1 2
37	1	0.0	3	0 0 1
38	9	0.0	3	0 0 0 9


=== Second read: Adapter 14 ===

Sequence: ACGTTGGATGTTTGTTACTGTGGTGGATACTAC; Type: regular 5'; Length: 33; Trimmed: 130 times.

No. of allowed errors:
0-9 bp: 0; 10-19 bp: 1; 20-29 bp: 2; 30-33 bp: 3

Overview of removed sequences
length	count	expect	max.err	error counts
3	5	74.2	0	5
5	29	4.6	0	29
8	4	0.1	0	4
31	3	0.0	3	1 1 1
32	7	0.0	3	0 4 0 3
33	77	0.0	3	29 29 9 10
34	5	0.0	3	0 2 2 1


=== Second read: Adapter 15 ===

Sequence: ACGTTGGATGTTTGTTACTGTTGTGGATACAAC; Type: regular 5'; Length: 33; Trimmed: 117 times.

No. of allowed errors:
0-9 bp: 0; 10-19 bp: 1; 20-29 bp: 2; 30-33 bp: 3

Overview of removed sequences
length	count	expect	max.err	error counts
3	38	74.2	0	38
4	1	18.6	0	1
5	2	4.6	0	2
6	1	1.2	0	1
27	1	0.0	2	1
29	1	0.0	2	1
31	1	0.0	3	0 1
32	6	0.0	3	0 4 2
33	57	0.0	3	23 17 6 11
34	4	0.0	3	0 2 1 1
35	1	0.0	3	0 0 1
36	3	0.0	3	0 0 0 3
42	1	0.0	3	0 1


=== Second read: Adapter 16 ===

Sequence: ACGTTGGATGTTTGTTACCGTTGTTGATACTAC; Type: regular 5'; Length: 33; Trimmed: 107 times.

No. of allowed errors:
0-9 bp: 0; 10-19 bp: 1; 20-29 bp: 2; 30-33 bp: 3

Overview of removed sequences
length	count	expect	max.err	error counts
29	4	0.0	2	2 1 1
31	4	0.0	3	2 0 1 1
32	11	0.0	3	4 2 1 4
33	84	0.0	3	42 25 11 6
34	4	0.0	3	0 1 2 1


=== Second read: Adapter 17 ===

Sequence: ACGTTGGATGAATATATGTGTGCTTATTTG; Type: regular 5'; Length: 30; Trimmed: 7 times.

No. of allowed errors:
0-9 bp: 0; 10-19 bp: 1; 20-29 bp: 2; 30 bp: 3

Overview of removed sequences
length	count	expect	max.err	error counts
3	3	74.2	0	3
4	2	18.6	0	2
6	2	1.2	0	2


=== Second read: Adapter 18 ===

Sequence: ACGTTGGATGTTTGTTACTAAGGTAGATACCACTC; Type: regular 5'; Length: 35; Trimmed: 44 times.

No. of allowed errors:
0-9 bp: 0; 10-19 bp: 1; 20-29 bp: 2; 30-35 bp: 3

Overview of removed sequences
length	count	expect	max.err	error counts
3	2	74.2	0	2
4	20	18.6	0	20
7	1	0.3	0	1
11	1	0.0	1	0 1
35	17	0.0	3	10 4 2 1
36	2	0.0	3	0 0 2
37	1	0.0	3	0 0 1


=== Second read: Adapter 19 ===

Sequence: ACGTTGGATGGAAAAATAAACTGCAAATCATATTC; Type: regular 5'; Length: 35; Trimmed: 54 times.

No. of allowed errors:
0-9 bp: 0; 10-19 bp: 1; 20-29 bp: 2; 30-35 bp: 3

Overview of removed sequences
length	count	expect	max.err	error counts
3	4	74.2	0	4
4	1	18.6	0	1
5	2	4.6	0	2
34	3	0.0	3	0 2 0 1
35	34	0.0	3	23 3 3 5
36	9	0.0	3	0 7 1 1
38	1	0.0	3	0 0 0 1


=== Second read: Adapter 20 ===

Sequence: ACGTTGGATGAGATTAGGGAAAGTATTAGA; Type: regular 5'; Length: 30; Trimmed: 17 times.

No. of allowed errors:
0-9 bp: 0; 10-19 bp: 1; 20-29 bp: 2; 30 bp: 3

Overview of removed sequences
length	count	expect	max.err	error counts
3	8	74.2	0	8
4	5	18.6	0	5
5	3	4.6	0	3
9	1	0.0	0	0 1


=== Second read: Adapter 21 ===

Sequence: ACGTTGGATGGAAAAATAAATTGTAAATCATACTC; Type: regular 5'; Length: 35; Trimmed: 14 times.

No. of allowed errors:
0-9 bp: 0; 10-19 bp: 1; 20-29 bp: 2; 30-35 bp: 3

Overview of removed sequences
length	count	expect	max.err	error counts
5	2	4.6	0	2
7	8	0.3	0	8
10	2	0.0	1	0 2
33	1	0.0	3	0 0 1
35	1	0.0	3	1


=== Second read: Adapter 22 ===

Sequence: ACGTTGGATGGAAAAATAAACTGTAAATCATATTCCT; Type: regular 5'; Length: 37; Trimmed: 255 times.

No. of allowed errors:
0-9 bp: 0; 10-19 bp: 1; 20-29 bp: 2; 30-37 bp: 3

Overview of removed sequences
length	count	expect	max.err	error counts
3	108	74.2	0	108
4	2	18.6	0	2
6	1	1.2	0	1
9	1	0.0	0	0 1
32	1	0.0	3	0 0 1
33	1	0.0	3	1
34	1	0.0	3	0 1
35	3	0.0	3	0 1 2
36	22	0.0	3	0 14 5 3
37	103	0.0	3	41 36 13 13
38	8	0.0	3	0 3 3 2
39	4	0.0	3	0 0 1 3


=== Second read: Adapter 23 ===

Sequence: ACGTTGGATGGAAAAATAAACTGTAAATCATATTC; Type: regular 5'; Length: 35; Trimmed: 14 times.

No. of allowed errors:
0-9 bp: 0; 10-19 bp: 1; 20-29 bp: 2; 30-35 bp: 3

Overview of removed sequences
length	count	expect	max.err	error counts
35	14	0.0	3	5 4 1 4


=== Second read: Adapter 24 ===

Sequence: ACGTTGGATGGAAAAATAAATTGTAAATCAAATTC; Type: regular 5'; Length: 35; Trimmed: 24 times.

No. of allowed errors:
0-9 bp: 0; 10-19 bp: 1; 20-29 bp: 2; 30-35 bp: 3

Overview of removed sequences
length	count	expect	max.err	error counts
5	20	4.6	0	20
6	2	1.2	0	2
35	2	0.0	3	2
