This is cutadapt 2.6 with Python 3.7.3
Command line parameters: -g ACGTTGGATGTTTGTTACTATGGTAGATACCACAC -g ACGTTGGATGTTTGTTACTAAGGTAGATACCACTC -g ACGTTGGATGTTTGTTACTGTGGTGGATACTAC -g ACGTTGGATGTTTGTTACTGTTGTGGATACAAC -g ACGTTGGATGTTTGTTACCGTTGTTGATACTAC -g ACGTTGGATGAATATATGTGTGCTTATTTG -G ACGTTGGATGTTTGTTACTATGGTAGATACCACAC -G ACGTTGGATGTTTGTTACTGTGGTGGATACTAC -G ACGTTGGATGTTTGTTACTGTTGTGGATACAAC -G ACGTTGGATGTTTGTTACCGTTGTTGATACTAC -G ACGTTGGATGAATATATGTGTGCTTATTTG -G ACGTTGGATGTTTGTTACTAAGGTAGATACCACTC -g ACGTTGGATGGAAAAATAAACTGCAAATCATATTC -g ACGTTGGATGGAAAAATAAACTGTAAATCATATTC -g ACGTTGGATGGAAAAATAAATTGTAAATCATACTC -g ACGTTGGATGAGATTAGGGAAAGTATTAGA -g ACGTTGGATGGAAAAATAAATTGTAAATCAAATTC -g ACGTTGGATGGAAAAATAAACTGTAAATCATATTCCT -G ACGTTGGATGGAAAAATAAACTGCAAATCATATTC -G ACGTTGGATGAGATTAGGGAAAGTATTAGA -G ACGTTGGATGGAAAAATAAATTGTAAATCATACTC -G ACGTTGGATGGAAAAATAAACTGTAAATCATATTCCT -G ACGTTGGATGGAAAAATAAACTGTAAATCATATTC -G ACGTTGGATGGAAAAATAAATTGTAAATCAAATTC --minimum-length=1 -o /data/projects/mdc-971/data_from_Jan_2020/analysis/30.primer_trimmed/190571_S15_L001_cutadapt.1.fq.gz -p /data/projects/mdc-971/data_from_Jan_2020/analysis/30.primer_trimmed/190571_S15_L001_cutadapt.2.fq.gz /data/projects/mdc-971/data_from_Jan_2020/analysis/20.adapter_trimmed/190571_S15_L001_R1_001.bbduked.trimmed.fastq.gz /data/projects/mdc-971/data_from_Jan_2020/analysis/20.adapter_trimmed/190571_S15_L001_R2_001.bbduked.trimmed.fastq.gz
Processing reads on 1 core in paired-end mode ...
Finished in 75.05 s (248 us/read; 0.24 M reads/minute).

=== Summary ===

Total read pairs processed:            302,630
  Read 1 with adapter:                   1,091 (0.4%)
  Read 2 with adapter:                  32,182 (10.6%)
Pairs that were too short:                   0 (0.0%)
Pairs written (passing filters):       302,630 (100.0%)

Total basepairs processed:    56,601,822 bp
  Read 1:    11,207,324 bp
  Read 2:    45,394,498 bp
Total written (filtered):     56,383,008 bp (99.6%)
  Read 1:    11,190,044 bp
  Read 2:    45,192,964 bp

=== First read: Adapter 1 ===

Sequence: ACGTTGGATGTTTGTTACTATGGTAGATACCACAC; Type: regular 5'; Length: 35; Trimmed: 206 times.

No. of allowed errors:
0-9 bp: 0; 10-19 bp: 1; 20-29 bp: 2; 30-35 bp: 3

Overview of removed sequences
length	count	expect	max.err	error counts
3	134	4728.6	0	134
4	1	1182.1	0	1
27	1	0.0	2	1
31	2	0.0	3	0 1 0 1
32	8	0.0	3	0 7 1
33	51	0.0	3	24 20 6 1
34	3	0.0	3	0 1 2
35	1	0.0	3	0 0 0 1
36	5	0.0	3	0 0 0 5


=== First read: Adapter 2 ===

Sequence: ACGTTGGATGTTTGTTACTAAGGTAGATACCACTC; Type: regular 5'; Length: 35; Trimmed: 35 times.

No. of allowed errors:
0-9 bp: 0; 10-19 bp: 1; 20-29 bp: 2; 30-35 bp: 3

Overview of removed sequences
length	count	expect	max.err	error counts
3	16	4728.6	0	16
32	3	0.0	3	0 3
33	14	0.0	3	12 1 1
34	2	0.0	3	0 1 1


=== First read: Adapter 3 ===

Sequence: ACGTTGGATGTTTGTTACTGTGGTGGATACTAC; Type: regular 5'; Length: 33; Trimmed: 126 times.

No. of allowed errors:
0-9 bp: 0; 10-19 bp: 1; 20-29 bp: 2; 30-33 bp: 3

Overview of removed sequences
length	count	expect	max.err	error counts
3	55	4728.6	0	55
22	1	0.0	2	1
23	1	0.0	2	1
29	2	0.0	2	0 0 2
30	12	0.0	3	0 8 4
31	44	0.0	3	31 10 3
32	10	0.0	3	0 6 3 1
33	1	0.0	3	0 0 1


=== First read: Adapter 4 ===

Sequence: ACGTTGGATGTTTGTTACTGTTGTGGATACAAC; Type: regular 5'; Length: 33; Trimmed: 93 times.

No. of allowed errors:
0-9 bp: 0; 10-19 bp: 1; 20-29 bp: 2; 30-33 bp: 3

Overview of removed sequences
length	count	expect	max.err	error counts
3	28	4728.6	0	28
22	1	0.0	2	1
29	4	0.0	2	0 2 2
30	7	0.0	3	1 6
31	45	0.0	3	28 15 1 1
32	4	0.0	3	0 4
34	4	0.0	3	0 0 0 4


=== First read: Adapter 5 ===

Sequence: ACGTTGGATGTTTGTTACCGTTGTTGATACTAC; Type: regular 5'; Length: 33; Trimmed: 63 times.

No. of allowed errors:
0-9 bp: 0; 10-19 bp: 1; 20-29 bp: 2; 30-33 bp: 3

Overview of removed sequences
length	count	expect	max.err	error counts
23	1	0.0	2	1
28	1	0.0	2	1
30	9	0.0	3	3 3 3
31	50	0.0	3	43 7
32	1	0.0	3	0 0 0 1
33	1	0.0	3	0 0 1


=== First read: Adapter 6 ===

Sequence: ACGTTGGATGAATATATGTGTGCTTATTTG; Type: regular 5'; Length: 30; Trimmed: 0 times.

=== First read: Adapter 7 ===

Sequence: ACGTTGGATGGAAAAATAAACTGCAAATCATATTC; Type: regular 5'; Length: 35; Trimmed: 233 times.

No. of allowed errors:
0-9 bp: 0; 10-19 bp: 1; 20-29 bp: 2; 30-35 bp: 3

Overview of removed sequences
length	count	expect	max.err	error counts
3	173	4728.6	0	173
4	12	1182.1	0	12
32	5	0.0	3	1 2 2
33	32	0.0	3	29 2 1
34	10	0.0	3	0 6 3 1
36	1	0.0	3	0 0 0 1


=== First read: Adapter 8 ===

Sequence: ACGTTGGATGGAAAAATAAACTGTAAATCATATTC; Type: regular 5'; Length: 35; Trimmed: 5 times.

No. of allowed errors:
0-9 bp: 0; 10-19 bp: 1; 20-29 bp: 2; 30-35 bp: 3

Overview of removed sequences
length	count	expect	max.err	error counts
33	5	0.0	3	4 1


=== First read: Adapter 9 ===

Sequence: ACGTTGGATGGAAAAATAAATTGTAAATCATACTC; Type: regular 5'; Length: 35; Trimmed: 2 times.

No. of allowed errors:
0-9 bp: 0; 10-19 bp: 1; 20-29 bp: 2; 30-35 bp: 3

Overview of removed sequences
length	count	expect	max.err	error counts
33	2	0.0	3	2


=== First read: Adapter 10 ===

Sequence: ACGTTGGATGAGATTAGGGAAAGTATTAGA; Type: regular 5'; Length: 30; Trimmed: 204 times.

No. of allowed errors:
0-9 bp: 0; 10-19 bp: 1; 20-29 bp: 2; 30 bp: 3

Overview of removed sequences
length	count	expect	max.err	error counts
3	61	4728.6	0	61
4	143	1182.1	0	143


=== First read: Adapter 11 ===

Sequence: ACGTTGGATGGAAAAATAAATTGTAAATCAAATTC; Type: regular 5'; Length: 35; Trimmed: 7 times.

No. of allowed errors:
0-9 bp: 0; 10-19 bp: 1; 20-29 bp: 2; 30-35 bp: 3

Overview of removed sequences
length	count	expect	max.err	error counts
33	7	0.0	3	7


=== First read: Adapter 12 ===

Sequence: ACGTTGGATGGAAAAATAAACTGTAAATCATATTCCT; Type: regular 5'; Length: 37; Trimmed: 117 times.

No. of allowed errors:
0-9 bp: 0; 10-19 bp: 1; 20-29 bp: 2; 30-37 bp: 3

Overview of removed sequences
length	count	expect	max.err	error counts
33	2	0.0	3	0 0 2
34	16	0.0	3	0 15 1
35	81	0.0	3	44 35 1 1
36	9	0.0	3	0 5 4
37	8	0.0	3	0 0 0 8
42	1	0.0	3	0 0 0 1


=== Second read: Adapter 13 ===

Sequence: ACGTTGGATGTTTGTTACTATGGTAGATACCACAC; Type: regular 5'; Length: 35; Trimmed: 3516 times.

No. of allowed errors:
0-9 bp: 0; 10-19 bp: 1; 20-29 bp: 2; 30-35 bp: 3

Overview of removed sequences
length	count	expect	max.err	error counts
3	861	4728.6	0	861
4	2066	1182.1	0	2066
5	54	295.5	0	54
6	11	73.9	0	11
7	2	18.5	0	2
8	2	4.6	0	2
9	3	1.2	0	0 3
10	56	0.3	1	3 53
11	1	0.1	1	0 1
13	1	0.0	1	0 1
28	1	0.0	2	1
29	1	0.0	2	0 0 0 1
30	10	0.0	3	1 3 0 6
31	1	0.0	3	0 0 1
32	1	0.0	3	0 0 1
33	7	0.0	3	1 0 3 3
34	40	0.0	3	0 3 9 28
35	378	0.0	3	41 54 108 175
36	12	0.0	3	0 3 4 5
37	3	0.0	3	0 0 1 2
38	3	0.0	3	0 0 0 3
43	1	0.0	3	0 0 0 1
50	1	0.0	3	0 0 1


=== Second read: Adapter 14 ===

Sequence: ACGTTGGATGTTTGTTACTGTGGTGGATACTAC; Type: regular 5'; Length: 33; Trimmed: 1573 times.

No. of allowed errors:
0-9 bp: 0; 10-19 bp: 1; 20-29 bp: 2; 30-33 bp: 3

Overview of removed sequences
length	count	expect	max.err	error counts
3	547	4728.6	0	547
4	270	1182.1	0	270
5	439	295.5	0	439
6	2	73.9	0	2
7	22	18.5	0	22
8	12	4.6	0	12
10	8	0.3	1	1 7
20	1	0.0	2	0 0 1
21	1	0.0	2	1
24	2	0.0	2	2
28	3	0.0	2	0 1 2
29	2	0.0	2	0 2
31	18	0.0	3	0 1 5 12
32	26	0.0	3	0 4 3 19
33	196	0.0	3	31 46 42 77
34	18	0.0	3	0 2 8 8
35	6	0.0	3	0 0 2 4


=== Second read: Adapter 15 ===

Sequence: ACGTTGGATGTTTGTTACTGTTGTGGATACAAC; Type: regular 5'; Length: 33; Trimmed: 4023 times.

No. of allowed errors:
0-9 bp: 0; 10-19 bp: 1; 20-29 bp: 2; 30-33 bp: 3

Overview of removed sequences
length	count	expect	max.err	error counts
3	2305	4728.6	0	2305
4	1248	1182.1	0	1248
5	118	295.5	0	118
6	7	73.9	0	7
7	16	18.5	0	16
8	80	4.6	0	80
10	3	0.3	1	0 3
11	4	0.1	1	0 4
17	1	0.0	1	1
21	1	0.0	2	0 1
24	1	0.0	2	1
25	1	0.0	2	0 0 1
27	1	0.0	2	0 0 1
28	7	0.0	2	1 2 4
29	1	0.0	2	0 1
30	1	0.0	3	0 0 0 1
31	10	0.0	3	2 0 2 6
32	12	0.0	3	2 1 4 5
33	173	0.0	3	24 37 43 69
34	10	0.0	3	0 1 7 2
35	17	0.0	3	0 0 5 12
36	1	0.0	3	0 0 0 1
42	2	0.0	3	1 1
47	1	0.0	3	0 0 1
48	1	0.0	3	0 0 0 1
52	1	0.0	3	0 0 1


=== Second read: Adapter 16 ===

Sequence: ACGTTGGATGTTTGTTACCGTTGTTGATACTAC; Type: regular 5'; Length: 33; Trimmed: 306 times.

No. of allowed errors:
0-9 bp: 0; 10-19 bp: 1; 20-29 bp: 2; 30-33 bp: 3

Overview of removed sequences
length	count	expect	max.err	error counts
10	14	0.3	1	0 14
25	1	0.0	2	0 0 1
26	3	0.0	2	1 0 2
28	6	0.0	2	2 0 4
29	1	0.0	2	0 1
30	2	0.0	3	0 0 1 1
31	14	0.0	3	0 2 5 7
32	25	0.0	3	1 3 7 14
33	218	0.0	3	26 42 62 88
34	11	0.0	3	0 0 3 8
35	5	0.0	3	0 0 0 5
36	2	0.0	3	0 0 0 2
46	1	0.0	3	0 0 0 1
50	1	0.0	3	0 0 1
53	1	0.0	3	1
65	1	0.0	3	0 1


=== Second read: Adapter 17 ===

Sequence: ACGTTGGATGAATATATGTGTGCTTATTTG; Type: regular 5'; Length: 30; Trimmed: 310 times.

No. of allowed errors:
0-9 bp: 0; 10-19 bp: 1; 20-29 bp: 2; 30 bp: 3

Overview of removed sequences
length	count	expect	max.err	error counts
3	199	4728.6	0	199
4	66	1182.1	0	66
5	26	295.5	0	26
6	17	73.9	0	17
10	1	0.3	1	0 1
11	1	0.1	1	0 1


=== Second read: Adapter 18 ===

Sequence: ACGTTGGATGTTTGTTACTAAGGTAGATACCACTC; Type: regular 5'; Length: 35; Trimmed: 8879 times.

No. of allowed errors:
0-9 bp: 0; 10-19 bp: 1; 20-29 bp: 2; 30-35 bp: 3

Overview of removed sequences
length	count	expect	max.err	error counts
3	281	4728.6	0	281
4	8409	1182.1	0	8409
5	28	295.5	0	28
6	30	73.9	0	30
7	4	18.5	0	4
8	2	4.6	0	2
9	30	1.2	0	2 28
10	12	0.3	1	0 12
11	1	0.1	1	0 1
30	1	0.0	3	1
34	13	0.0	3	1 0 5 7
35	59	0.0	3	8 10 17 24
36	7	0.0	3	0 0 4 3
37	2	0.0	3	0 0 0 2


=== Second read: Adapter 19 ===

Sequence: ACGTTGGATGGAAAAATAAACTGCAAATCATATTC; Type: regular 5'; Length: 35; Trimmed: 2123 times.

No. of allowed errors:
0-9 bp: 0; 10-19 bp: 1; 20-29 bp: 2; 30-35 bp: 3

Overview of removed sequences
length	count	expect	max.err	error counts
3	220	4728.6	0	220
4	1288	1182.1	0	1288
5	62	295.5	0	62
6	8	73.9	0	8
7	19	18.5	0	19
9	126	1.2	0	0 126
10	31	0.3	1	0 31
11	12	0.1	1	0 12
12	2	0.0	1	0 2
33	2	0.0	3	0 0 0 2
34	22	0.0	3	0 2 1 19
35	286	0.0	3	31 35 45 175
36	41	0.0	3	0 8 15 18
37	4	0.0	3	0 0 2 2


=== Second read: Adapter 20 ===

Sequence: ACGTTGGATGAGATTAGGGAAAGTATTAGA; Type: regular 5'; Length: 30; Trimmed: 1080 times.

No. of allowed errors:
0-9 bp: 0; 10-19 bp: 1; 20-29 bp: 2; 30 bp: 3

Overview of removed sequences
length	count	expect	max.err	error counts
3	798	4728.6	0	798
4	229	1182.1	0	229
5	6	295.5	0	6
6	17	73.9	0	17
8	4	4.6	0	4
9	1	1.2	0	0 1
10	12	0.3	1	0 12
11	11	0.1	1	0 11
12	2	0.0	1	0 2


=== Second read: Adapter 21 ===

Sequence: ACGTTGGATGGAAAAATAAATTGTAAATCATACTC; Type: regular 5'; Length: 35; Trimmed: 146 times.

No. of allowed errors:
0-9 bp: 0; 10-19 bp: 1; 20-29 bp: 2; 30-35 bp: 3

Overview of removed sequences
length	count	expect	max.err	error counts
5	12	295.5	0	12
6	18	73.9	0	18
7	8	18.5	0	8
9	53	1.2	0	1 52
10	38	0.3	1	2 36
11	5	0.1	1	0 5
32	1	0.0	3	0 0 0 1
34	2	0.0	3	0 0 0 2
35	9	0.0	3	2 2 0 5


=== Second read: Adapter 22 ===

Sequence: ACGTTGGATGGAAAAATAAACTGTAAATCATATTCCT; Type: regular 5'; Length: 37; Trimmed: 9378 times.

No. of allowed errors:
0-9 bp: 0; 10-19 bp: 1; 20-29 bp: 2; 30-37 bp: 3

Overview of removed sequences
length	count	expect	max.err	error counts
3	8547	4728.6	0	8547
4	51	1182.1	0	51
5	46	295.5	0	46
6	28	73.9	0	28
7	2	18.5	0	2
9	1	1.2	0	0 1
10	4	0.3	1	0 4
11	7	0.1	1	0 7
12	5	0.0	1	0 5
24	1	0.0	2	0 0 1
32	6	0.0	3	1 0 1 4
33	2	0.0	3	0 1 0 1
34	1	0.0	3	0 0 1
35	6	0.0	3	0 0 5 1
36	100	0.0	3	0 14 32 54
37	541	0.0	3	48 126 144 223
38	21	0.0	3	0 3 6 12
39	9	0.0	3	0 0 2 7


=== Second read: Adapter 23 ===

Sequence: ACGTTGGATGGAAAAATAAACTGTAAATCATATTC; Type: regular 5'; Length: 35; Trimmed: 123 times.

No. of allowed errors:
0-9 bp: 0; 10-19 bp: 1; 20-29 bp: 2; 30-35 bp: 3

Overview of removed sequences
length	count	expect	max.err	error counts
11	1	0.1	1	0 1
32	1	0.0	3	0 0 0 1
34	15	0.0	3	0 0 1 14
35	100	0.0	3	8 1 5 86
36	5	0.0	3	0 0 2 3
37	1	0.0	3	0 0 0 1


=== Second read: Adapter 24 ===

Sequence: ACGTTGGATGGAAAAATAAATTGTAAATCAAATTC; Type: regular 5'; Length: 35; Trimmed: 725 times.

No. of allowed errors:
0-9 bp: 0; 10-19 bp: 1; 20-29 bp: 2; 30-35 bp: 3

Overview of removed sequences
length	count	expect	max.err	error counts
5	293	295.5	0	293
6	104	73.9	0	104
7	2	18.5	0	2
8	2	4.6	0	2
9	55	1.2	0	3 52
10	162	0.3	1	3 159
11	17	0.1	1	0 17
34	2	0.0	3	0 0 0 2
35	85	0.0	3	10 14 19 42
36	3	0.0	3	0 0 3
