This is cutadapt 2.6 with Python 3.7.3
Command line parameters: -g ACGTTGGATGTTTGTTACTATGGTAGATACCACAC -g ACGTTGGATGTTTGTTACTAAGGTAGATACCACTC -g ACGTTGGATGTTTGTTACTGTGGTGGATACTAC -g ACGTTGGATGTTTGTTACTGTTGTGGATACAAC -g ACGTTGGATGTTTGTTACCGTTGTTGATACTAC -g ACGTTGGATGAATATATGTGTGCTTATTTG -G ACGTTGGATGTTTGTTACTATGGTAGATACCACAC -G ACGTTGGATGTTTGTTACTGTGGTGGATACTAC -G ACGTTGGATGTTTGTTACTGTTGTGGATACAAC -G ACGTTGGATGTTTGTTACCGTTGTTGATACTAC -G ACGTTGGATGAATATATGTGTGCTTATTTG -G ACGTTGGATGTTTGTTACTAAGGTAGATACCACTC -g ACGTTGGATGGAAAAATAAACTGCAAATCATATTC -g ACGTTGGATGGAAAAATAAACTGTAAATCATATTC -g ACGTTGGATGGAAAAATAAATTGTAAATCATACTC -g ACGTTGGATGAGATTAGGGAAAGTATTAGA -g ACGTTGGATGGAAAAATAAATTGTAAATCAAATTC -g ACGTTGGATGGAAAAATAAACTGTAAATCATATTCCT -G ACGTTGGATGGAAAAATAAACTGCAAATCATATTC -G ACGTTGGATGAGATTAGGGAAAGTATTAGA -G ACGTTGGATGGAAAAATAAATTGTAAATCATACTC -G ACGTTGGATGGAAAAATAAACTGTAAATCATATTCCT -G ACGTTGGATGGAAAAATAAACTGTAAATCATATTC -G ACGTTGGATGGAAAAATAAATTGTAAATCAAATTC --minimum-length=1 -o /data/projects/mdc-971/data_from_Jan_2020/analysis/30.primer_trimmed/190577_S21_L001_cutadapt.1.fq.gz -p /data/projects/mdc-971/data_from_Jan_2020/analysis/30.primer_trimmed/190577_S21_L001_cutadapt.2.fq.gz /data/projects/mdc-971/data_from_Jan_2020/analysis/20.adapter_trimmed/190577_S21_L001_R1_001.bbduked.trimmed.fastq.gz /data/projects/mdc-971/data_from_Jan_2020/analysis/20.adapter_trimmed/190577_S21_L001_R2_001.bbduked.trimmed.fastq.gz
Processing reads on 1 core in paired-end mode ...
Finished in 17.35 s (251 us/read; 0.24 M reads/minute).

=== Summary ===

Total read pairs processed:             69,188
  Read 1 with adapter:                   2,821 (4.1%)
  Read 2 with adapter:                  10,679 (15.4%)
Pairs that were too short:                   0 (0.0%)
Pairs written (passing filters):        69,188 (100.0%)

Total basepairs processed:    13,223,042 bp
  Read 1:     2,844,842 bp
  Read 2:    10,378,200 bp
Total written (filtered):     12,999,575 bp (98.3%)
  Read 1:     2,757,430 bp
  Read 2:    10,242,145 bp

=== First read: Adapter 1 ===

Sequence: ACGTTGGATGTTTGTTACTATGGTAGATACCACAC; Type: regular 5'; Length: 35; Trimmed: 540 times.

No. of allowed errors:
0-9 bp: 0; 10-19 bp: 1; 20-29 bp: 2; 30-35 bp: 3

Overview of removed sequences
length	count	expect	max.err	error counts
3	19	1081.1	0	19
25	1	0.0	2	1
28	2	0.0	2	1 1
29	3	0.0	2	3
30	3	0.0	3	1 2
31	12	0.0	3	3 2 6 1
32	51	0.0	3	1 38 9 3
33	420	0.0	3	224 174 17 5
34	9	0.0	3	0 5 3 1
35	2	0.0	3	0 0 2
36	18	0.0	3	0 0 0 18


=== First read: Adapter 2 ===

Sequence: ACGTTGGATGTTTGTTACTAAGGTAGATACCACTC; Type: regular 5'; Length: 35; Trimmed: 134 times.

No. of allowed errors:
0-9 bp: 0; 10-19 bp: 1; 20-29 bp: 2; 30-35 bp: 3

Overview of removed sequences
length	count	expect	max.err	error counts
3	5	1081.1	0	5
30	1	0.0	3	0 1
31	1	0.0	3	0 0 0 1
32	17	0.0	3	4 12 1
33	99	0.0	3	95 2 2
34	1	0.0	3	0 1
35	4	0.0	3	0 0 2 2
36	6	0.0	3	0 0 0 6


=== First read: Adapter 3 ===

Sequence: ACGTTGGATGTTTGTTACTGTGGTGGATACTAC; Type: regular 5'; Length: 33; Trimmed: 302 times.

No. of allowed errors:
0-9 bp: 0; 10-19 bp: 1; 20-29 bp: 2; 30-33 bp: 3

Overview of removed sequences
length	count	expect	max.err	error counts
3	10	1081.1	0	10
25	1	0.0	2	1
26	1	0.0	2	0 1
27	3	0.0	2	2 0 1
28	3	0.0	2	1 0 1 1
29	15	0.0	2	2 3 7 3
30	15	0.0	3	0 7 6 2
31	234	0.0	3	144 84 6
32	15	0.0	3	0 7 6 2
33	3	0.0	3	0 0 1 2
34	2	0.0	3	0 0 0 2


=== First read: Adapter 4 ===

Sequence: ACGTTGGATGTTTGTTACTGTTGTGGATACAAC; Type: regular 5'; Length: 33; Trimmed: 312 times.

No. of allowed errors:
0-9 bp: 0; 10-19 bp: 1; 20-29 bp: 2; 30-33 bp: 3

Overview of removed sequences
length	count	expect	max.err	error counts
3	4	1081.1	0	4
23	1	0.0	2	1
25	1	0.0	2	1
26	3	0.0	2	2 1
27	3	0.0	2	3
28	3	0.0	2	2 1
29	10	0.0	2	3 2 4 1
30	27	0.0	3	3 19 4 1
31	230	0.0	3	179 41 8 2
32	13	0.0	3	0 11 2
33	13	0.0	3	0 0 12 1
34	4	0.0	3	0 0 0 4


=== First read: Adapter 5 ===

Sequence: ACGTTGGATGTTTGTTACCGTTGTTGATACTAC; Type: regular 5'; Length: 33; Trimmed: 337 times.

No. of allowed errors:
0-9 bp: 0; 10-19 bp: 1; 20-29 bp: 2; 30-33 bp: 3

Overview of removed sequences
length	count	expect	max.err	error counts
25	2	0.0	2	2
26	2	0.0	2	1 1
27	4	0.0	2	2 0 0 2
28	11	0.0	2	3 2 0 6
29	2	0.0	2	2
30	26	0.0	3	7 19
31	278	0.0	3	231 45 2
32	11	0.0	3	0 9 2
33	1	0.0	3	0 0 1


=== First read: Adapter 6 ===

Sequence: ACGTTGGATGAATATATGTGTGCTTATTTG; Type: regular 5'; Length: 30; Trimmed: 1 times.

No. of allowed errors:
0-9 bp: 0; 10-19 bp: 1; 20-29 bp: 2; 30 bp: 3

Overview of removed sequences
length	count	expect	max.err	error counts
7	1	4.2	0	1


=== First read: Adapter 7 ===

Sequence: ACGTTGGATGGAAAAATAAACTGCAAATCATATTC; Type: regular 5'; Length: 35; Trimmed: 271 times.

No. of allowed errors:
0-9 bp: 0; 10-19 bp: 1; 20-29 bp: 2; 30-35 bp: 3

Overview of removed sequences
length	count	expect	max.err	error counts
3	53	1081.1	0	53
4	2	270.3	0	2
27	1	0.0	2	1
28	1	0.0	2	1
29	1	0.0	2	1
32	12	0.0	3	3 8 1
33	152	0.0	3	145 5 2
34	49	0.0	3	0 45 4


=== First read: Adapter 8 ===

Sequence: ACGTTGGATGGAAAAATAAACTGTAAATCATATTC; Type: regular 5'; Length: 35; Trimmed: 38 times.

No. of allowed errors:
0-9 bp: 0; 10-19 bp: 1; 20-29 bp: 2; 30-35 bp: 3

Overview of removed sequences
length	count	expect	max.err	error counts
28	1	0.0	2	1
30	1	0.0	3	0 0 0 1
32	3	0.0	3	0 3
33	32	0.0	3	26 6
34	1	0.0	3	0 0 0 1


=== First read: Adapter 9 ===

Sequence: ACGTTGGATGGAAAAATAAATTGTAAATCATACTC; Type: regular 5'; Length: 35; Trimmed: 14 times.

No. of allowed errors:
0-9 bp: 0; 10-19 bp: 1; 20-29 bp: 2; 30-35 bp: 3

Overview of removed sequences
length	count	expect	max.err	error counts
32	1	0.0	3	1
33	13	0.0	3	12 1


=== First read: Adapter 10 ===

Sequence: ACGTTGGATGAGATTAGGGAAAGTATTAGA; Type: regular 5'; Length: 30; Trimmed: 73 times.

No. of allowed errors:
0-9 bp: 0; 10-19 bp: 1; 20-29 bp: 2; 30 bp: 3

Overview of removed sequences
length	count	expect	max.err	error counts
3	14	1081.1	0	14
4	59	270.3	0	59


=== First read: Adapter 11 ===

Sequence: ACGTTGGATGGAAAAATAAATTGTAAATCAAATTC; Type: regular 5'; Length: 35; Trimmed: 74 times.

No. of allowed errors:
0-9 bp: 0; 10-19 bp: 1; 20-29 bp: 2; 30-35 bp: 3

Overview of removed sequences
length	count	expect	max.err	error counts
32	1	0.0	3	0 1
33	73	0.0	3	72 1


=== First read: Adapter 12 ===

Sequence: ACGTTGGATGGAAAAATAAACTGTAAATCATATTCCT; Type: regular 5'; Length: 37; Trimmed: 725 times.

No. of allowed errors:
0-9 bp: 0; 10-19 bp: 1; 20-29 bp: 2; 30-37 bp: 3

Overview of removed sequences
length	count	expect	max.err	error counts
4	1	270.3	0	1
5	1	67.6	0	1
30	1	0.0	3	0 1
31	2	0.0	3	1 1
32	3	0.0	3	0 2 0 1
33	11	0.0	3	0 0 11
34	118	0.0	3	4 92 21 1
35	514	0.0	3	235 264 14 1
36	25	0.0	3	0 13 11 1
37	45	0.0	3	0 0 8 37
38	4	0.0	3	0 0 0 4


=== Second read: Adapter 13 ===

Sequence: ACGTTGGATGTTTGTTACTATGGTAGATACCACAC; Type: regular 5'; Length: 35; Trimmed: 1209 times.

No. of allowed errors:
0-9 bp: 0; 10-19 bp: 1; 20-29 bp: 2; 30-35 bp: 3

Overview of removed sequences
length	count	expect	max.err	error counts
3	166	1081.1	0	166
4	416	270.3	0	416
5	39	67.6	0	39
6	3	16.9	0	3
7	2	4.2	0	2
9	17	0.3	0	0 17
10	4	0.1	1	0 4
11	6	0.0	1	0 6
28	1	0.0	2	0 1
30	4	0.0	3	2 0 1 1
31	1	0.0	3	1
33	8	0.0	3	1 1 1 5
34	50	0.0	3	2 21 17 10
35	452	0.0	3	176 130 73 73
36	25	0.0	3	0 11 8 6
37	1	0.0	3	0 0 0 1
38	14	0.0	3	0 0 0 14


=== Second read: Adapter 14 ===

Sequence: ACGTTGGATGTTTGTTACTGTGGTGGATACTAC; Type: regular 5'; Length: 33; Trimmed: 1078 times.

No. of allowed errors:
0-9 bp: 0; 10-19 bp: 1; 20-29 bp: 2; 30-33 bp: 3

Overview of removed sequences
length	count	expect	max.err	error counts
3	124	1081.1	0	124
4	51	270.3	0	51
5	478	67.6	0	478
7	1	4.2	0	1
8	37	1.1	0	37
20	1	0.0	2	1
24	1	0.0	2	0 0 1
25	1	0.0	2	1
26	2	0.0	2	2
28	2	0.0	2	0 0 2
29	3	0.0	2	0 2 1
30	3	0.0	3	1 0 0 2
31	17	0.0	3	0 3 6 8
32	27	0.0	3	3 9 3 12
33	305	0.0	3	129 102 40 34
34	21	0.0	3	0 11 8 2
35	2	0.0	3	0 0 1 1
45	1	0.0	3	0 0 1
53	1	0.0	3	0 0 1


=== Second read: Adapter 15 ===

Sequence: ACGTTGGATGTTTGTTACTGTTGTGGATACAAC; Type: regular 5'; Length: 33; Trimmed: 1199 times.

No. of allowed errors:
0-9 bp: 0; 10-19 bp: 1; 20-29 bp: 2; 30-33 bp: 3

Overview of removed sequences
length	count	expect	max.err	error counts
3	502	1081.1	0	502
4	260	270.3	0	260
5	101	67.6	0	101
6	3	16.9	0	3
7	7	4.2	0	7
8	7	1.1	0	7
28	2	0.0	2	2
29	1	0.0	2	0 1
30	1	0.0	3	1
31	8	0.0	3	6 0 0 2
32	33	0.0	3	6 19 4 4
33	229	0.0	3	124 54 28 23
34	20	0.0	3	0 10 4 6
35	18	0.0	3	0 0 15 3
36	4	0.0	3	0 0 0 4
42	3	0.0	3	3


=== Second read: Adapter 16 ===

Sequence: ACGTTGGATGTTTGTTACCGTTGTTGATACTAC; Type: regular 5'; Length: 33; Trimmed: 357 times.

No. of allowed errors:
0-9 bp: 0; 10-19 bp: 1; 20-29 bp: 2; 30-33 bp: 3

Overview of removed sequences
length	count	expect	max.err	error counts
23	1	0.0	2	0 1
27	1	0.0	2	1
28	1	0.0	2	1
29	5	0.0	2	4 1
30	2	0.0	3	1 0 0 1
31	15	0.0	3	5 4 3 3
32	47	0.0	3	9 14 12 12
33	279	0.0	3	103 75 58 43
34	5	0.0	3	0 2 3
35	1	0.0	3	0 0 0 1


=== Second read: Adapter 17 ===

Sequence: ACGTTGGATGAATATATGTGTGCTTATTTG; Type: regular 5'; Length: 30; Trimmed: 86 times.

No. of allowed errors:
0-9 bp: 0; 10-19 bp: 1; 20-29 bp: 2; 30 bp: 3

Overview of removed sequences
length	count	expect	max.err	error counts
3	51	1081.1	0	51
4	18	270.3	0	18
5	12	67.6	0	12
6	5	16.9	0	5


=== Second read: Adapter 18 ===

Sequence: ACGTTGGATGTTTGTTACTAAGGTAGATACCACTC; Type: regular 5'; Length: 35; Trimmed: 2037 times.

No. of allowed errors:
0-9 bp: 0; 10-19 bp: 1; 20-29 bp: 2; 30-35 bp: 3

Overview of removed sequences
length	count	expect	max.err	error counts
3	68	1081.1	0	68
4	1607	270.3	0	1607
5	15	67.6	0	15
6	2	16.9	0	2
7	13	4.2	0	13
9	222	0.3	0	3 219
10	5	0.1	1	0 5
11	13	0.0	1	0 13
31	1	0.0	3	0 0 0 1
32	1	0.0	3	0 0 0 1
33	1	0.0	3	0 0 1
34	17	0.0	3	1 7 5 4
35	61	0.0	3	47 4 7 3
36	6	0.0	3	0 4 1 1
37	3	0.0	3	0 0 0 3
38	2	0.0	3	0 0 0 2


=== Second read: Adapter 19 ===

Sequence: ACGTTGGATGGAAAAATAAACTGCAAATCATATTC; Type: regular 5'; Length: 35; Trimmed: 564 times.

No. of allowed errors:
0-9 bp: 0; 10-19 bp: 1; 20-29 bp: 2; 30-35 bp: 3

Overview of removed sequences
length	count	expect	max.err	error counts
3	60	1081.1	0	60
4	129	270.3	0	129
5	62	67.6	0	62
6	1	16.9	0	1
7	19	4.2	0	19
9	43	0.3	0	0 43
10	4	0.1	1	0 4
11	18	0.0	1	0 18
30	1	0.0	3	0 1
33	3	0.0	3	0 2 1
34	18	0.0	3	0 13 1 4
35	168	0.0	3	81 20 15 52
36	33	0.0	3	0 19 7 7
37	1	0.0	3	0 0 1
38	4	0.0	3	0 0 0 4


=== Second read: Adapter 20 ===

Sequence: ACGTTGGATGAGATTAGGGAAAGTATTAGA; Type: regular 5'; Length: 30; Trimmed: 203 times.

No. of allowed errors:
0-9 bp: 0; 10-19 bp: 1; 20-29 bp: 2; 30 bp: 3

Overview of removed sequences
length	count	expect	max.err	error counts
3	145	1081.1	0	145
4	55	270.3	0	55
5	1	67.6	0	1
10	2	0.1	1	0 2


=== Second read: Adapter 21 ===

Sequence: ACGTTGGATGGAAAAATAAATTGTAAATCATACTC; Type: regular 5'; Length: 35; Trimmed: 379 times.

No. of allowed errors:
0-9 bp: 0; 10-19 bp: 1; 20-29 bp: 2; 30-35 bp: 3

Overview of removed sequences
length	count	expect	max.err	error counts
5	9	67.6	0	9
7	143	4.2	0	143
9	170	0.3	0	0 170
10	13	0.1	1	0 13
11	21	0.0	1	0 21
34	1	0.0	3	0 0 0 1
35	22	0.0	3	12 6 2 2


=== Second read: Adapter 22 ===

Sequence: ACGTTGGATGGAAAAATAAACTGTAAATCATATTCCT; Type: regular 5'; Length: 37; Trimmed: 2982 times.

No. of allowed errors:
0-9 bp: 0; 10-19 bp: 1; 20-29 bp: 2; 30-37 bp: 3

Overview of removed sequences
length	count	expect	max.err	error counts
3	2017	1081.1	0	2017
4	7	270.3	0	7
5	3	67.6	0	3
6	70	16.9	0	70
7	3	4.2	0	3
9	7	0.3	0	4 3
10	12	0.1	1	0 12
11	1	0.0	1	0 1
32	2	0.0	3	0 2
33	2	0.0	3	1 0 0 1
34	2	0.0	3	1 0 0 1
35	6	0.0	3	1 0 4 1
36	112	0.0	3	3 66 21 22
37	674	0.0	3	208 263 117 86
38	29	0.0	3	0 4 18 7
39	33	0.0	3	0 0 4 29
40	2	0.0	3	0 0 0 2


=== Second read: Adapter 23 ===

Sequence: ACGTTGGATGGAAAAATAAACTGTAAATCATATTC; Type: regular 5'; Length: 35; Trimmed: 70 times.

No. of allowed errors:
0-9 bp: 0; 10-19 bp: 1; 20-29 bp: 2; 30-35 bp: 3

Overview of removed sequences
length	count	expect	max.err	error counts
31	1	0.0	3	0 0 0 1
34	7	0.0	3	0 3 0 4
35	55	0.0	3	26 5 4 20
36	7	0.0	3	0 5 0 2


=== Second read: Adapter 24 ===

Sequence: ACGTTGGATGGAAAAATAAATTGTAAATCAAATTC; Type: regular 5'; Length: 35; Trimmed: 515 times.

No. of allowed errors:
0-9 bp: 0; 10-19 bp: 1; 20-29 bp: 2; 30-35 bp: 3

Overview of removed sequences
length	count	expect	max.err	error counts
5	415	67.6	0	415
6	10	16.9	0	10
7	5	4.2	0	5
9	6	0.3	0	0 6
10	1	0.1	1	0 1
11	4	0.0	1	0 4
34	1	0.0	3	0 1
35	69	0.0	3	45 12 6 6
36	3	0.0	3	0 1 1 1
46	1	0.0	3	1
