This is cutadapt 2.6 with Python 3.7.3
Command line parameters: -g ACGTTGGATGTTTGTTACTATGGTAGATACCACAC -g ACGTTGGATGTTTGTTACTAAGGTAGATACCACTC -g ACGTTGGATGTTTGTTACTGTGGTGGATACTAC -g ACGTTGGATGTTTGTTACTGTTGTGGATACAAC -g ACGTTGGATGTTTGTTACCGTTGTTGATACTAC -g ACGTTGGATGAATATATGTGTGCTTATTTG -G ACGTTGGATGTTTGTTACTATGGTAGATACCACAC -G ACGTTGGATGTTTGTTACTGTGGTGGATACTAC -G ACGTTGGATGTTTGTTACTGTTGTGGATACAAC -G ACGTTGGATGTTTGTTACCGTTGTTGATACTAC -G ACGTTGGATGAATATATGTGTGCTTATTTG -G ACGTTGGATGTTTGTTACTAAGGTAGATACCACTC -g ACGTTGGATGGAAAAATAAACTGCAAATCATATTC -g ACGTTGGATGGAAAAATAAACTGTAAATCATATTC -g ACGTTGGATGGAAAAATAAATTGTAAATCATACTC -g ACGTTGGATGAGATTAGGGAAAGTATTAGA -g ACGTTGGATGGAAAAATAAATTGTAAATCAAATTC -g ACGTTGGATGGAAAAATAAACTGTAAATCATATTCCT -G ACGTTGGATGGAAAAATAAACTGCAAATCATATTC -G ACGTTGGATGAGATTAGGGAAAGTATTAGA -G ACGTTGGATGGAAAAATAAATTGTAAATCATACTC -G ACGTTGGATGGAAAAATAAACTGTAAATCATATTCCT -G ACGTTGGATGGAAAAATAAACTGTAAATCATATTC -G ACGTTGGATGGAAAAATAAATTGTAAATCAAATTC --minimum-length=1 -o /data/projects/mdc-971/data_from_Jan_2020/analysis/30.primer_trimmed/190592_S36_L001_cutadapt.1.fq.gz -p /data/projects/mdc-971/data_from_Jan_2020/analysis/30.primer_trimmed/190592_S36_L001_cutadapt.2.fq.gz /data/projects/mdc-971/data_from_Jan_2020/analysis/20.adapter_trimmed/190592_S36_L001_R1_001.bbduked.trimmed.fastq.gz /data/projects/mdc-971/data_from_Jan_2020/analysis/20.adapter_trimmed/190592_S36_L001_R2_001.bbduked.trimmed.fastq.gz
Processing reads on 1 core in paired-end mode ...
Finished in 10.86 s (246 us/read; 0.24 M reads/minute).

=== Summary ===

Total read pairs processed:             44,103
  Read 1 with adapter:                     310 (0.7%)
  Read 2 with adapter:                   3,605 (8.2%)
Pairs that were too short:                   0 (0.0%)
Pairs written (passing filters):        44,103 (100.0%)

Total basepairs processed:     8,262,634 bp
  Read 1:     1,647,184 bp
  Read 2:     6,615,450 bp
Total written (filtered):      8,228,175 bp (99.6%)
  Read 1:     1,640,086 bp
  Read 2:     6,588,089 bp

=== First read: Adapter 1 ===

Sequence: ACGTTGGATGTTTGTTACTATGGTAGATACCACAC; Type: regular 5'; Length: 35; Trimmed: 47 times.

No. of allowed errors:
0-9 bp: 0; 10-19 bp: 1; 20-29 bp: 2; 30-35 bp: 3

Overview of removed sequences
length	count	expect	max.err	error counts
3	19	689.1	0	19
32	5	0.0	3	0 3 2
33	20	0.0	3	14 6
34	1	0.0	3	0 0 1
36	2	0.0	3	0 0 0 2


=== First read: Adapter 2 ===

Sequence: ACGTTGGATGTTTGTTACTAAGGTAGATACCACTC; Type: regular 5'; Length: 35; Trimmed: 19 times.

No. of allowed errors:
0-9 bp: 0; 10-19 bp: 1; 20-29 bp: 2; 30-35 bp: 3

Overview of removed sequences
length	count	expect	max.err	error counts
3	7	689.1	0	7
32	1	0.0	3	0 1
33	9	0.0	3	7 2
34	2	0.0	3	0 0 2


=== First read: Adapter 3 ===

Sequence: ACGTTGGATGTTTGTTACTGTGGTGGATACTAC; Type: regular 5'; Length: 33; Trimmed: 40 times.

No. of allowed errors:
0-9 bp: 0; 10-19 bp: 1; 20-29 bp: 2; 30-33 bp: 3

Overview of removed sequences
length	count	expect	max.err	error counts
3	16	689.1	0	16
29	1	0.0	2	0 0 0 1
30	4	0.0	3	1 2 0 1
31	17	0.0	3	8 9
32	2	0.0	3	0 0 2


=== First read: Adapter 4 ===

Sequence: ACGTTGGATGTTTGTTACTGTTGTGGATACAAC; Type: regular 5'; Length: 33; Trimmed: 29 times.

No. of allowed errors:
0-9 bp: 0; 10-19 bp: 1; 20-29 bp: 2; 30-33 bp: 3

Overview of removed sequences
length	count	expect	max.err	error counts
3	3	689.1	0	3
30	2	0.0	3	0 2
31	23	0.0	3	19 3 1
32	1	0.0	3	0 1


=== First read: Adapter 5 ===

Sequence: ACGTTGGATGTTTGTTACCGTTGTTGATACTAC; Type: regular 5'; Length: 33; Trimmed: 26 times.

No. of allowed errors:
0-9 bp: 0; 10-19 bp: 1; 20-29 bp: 2; 30-33 bp: 3

Overview of removed sequences
length	count	expect	max.err	error counts
27	1	0.0	2	1
30	5	0.0	3	2 3
31	17	0.0	3	15 2
32	3	0.0	3	0 2 0 1


=== First read: Adapter 6 ===

Sequence: ACGTTGGATGAATATATGTGTGCTTATTTG; Type: regular 5'; Length: 30; Trimmed: 0 times.

=== First read: Adapter 7 ===

Sequence: ACGTTGGATGGAAAAATAAACTGCAAATCATATTC; Type: regular 5'; Length: 35; Trimmed: 44 times.

No. of allowed errors:
0-9 bp: 0; 10-19 bp: 1; 20-29 bp: 2; 30-35 bp: 3

Overview of removed sequences
length	count	expect	max.err	error counts
3	15	689.1	0	15
4	5	172.3	0	5
32	2	0.0	3	0 2
33	17	0.0	3	15 2
34	5	0.0	3	0 3 1 1


=== First read: Adapter 8 ===

Sequence: ACGTTGGATGGAAAAATAAACTGTAAATCATATTC; Type: regular 5'; Length: 35; Trimmed: 8 times.

No. of allowed errors:
0-9 bp: 0; 10-19 bp: 1; 20-29 bp: 2; 30-35 bp: 3

Overview of removed sequences
length	count	expect	max.err	error counts
32	1	0.0	3	0 1
33	7	0.0	3	7


=== First read: Adapter 9 ===

Sequence: ACGTTGGATGGAAAAATAAATTGTAAATCATACTC; Type: regular 5'; Length: 35; Trimmed: 4 times.

No. of allowed errors:
0-9 bp: 0; 10-19 bp: 1; 20-29 bp: 2; 30-35 bp: 3

Overview of removed sequences
length	count	expect	max.err	error counts
33	4	0.0	3	4


=== First read: Adapter 10 ===

Sequence: ACGTTGGATGAGATTAGGGAAAGTATTAGA; Type: regular 5'; Length: 30; Trimmed: 39 times.

No. of allowed errors:
0-9 bp: 0; 10-19 bp: 1; 20-29 bp: 2; 30 bp: 3

Overview of removed sequences
length	count	expect	max.err	error counts
3	16	689.1	0	16
4	23	172.3	0	23


=== First read: Adapter 11 ===

Sequence: ACGTTGGATGGAAAAATAAATTGTAAATCAAATTC; Type: regular 5'; Length: 35; Trimmed: 0 times.

=== First read: Adapter 12 ===

Sequence: ACGTTGGATGGAAAAATAAACTGTAAATCATATTCCT; Type: regular 5'; Length: 37; Trimmed: 54 times.

No. of allowed errors:
0-9 bp: 0; 10-19 bp: 1; 20-29 bp: 2; 30-37 bp: 3

Overview of removed sequences
length	count	expect	max.err	error counts
33	2	0.0	3	0 0 1 1
34	9	0.0	3	0 9
35	29	0.0	3	11 17 1
36	6	0.0	3	0 1 5
37	7	0.0	3	0 0 4 3
38	1	0.0	3	0 0 0 1


=== Second read: Adapter 13 ===

Sequence: ACGTTGGATGTTTGTTACTATGGTAGATACCACAC; Type: regular 5'; Length: 35; Trimmed: 309 times.

No. of allowed errors:
0-9 bp: 0; 10-19 bp: 1; 20-29 bp: 2; 30-35 bp: 3

Overview of removed sequences
length	count	expect	max.err	error counts
3	157	689.1	0	157
4	42	172.3	0	42
5	7	43.1	0	7
6	1	10.8	0	1
7	1	2.7	0	1
9	3	0.2	0	0 3
10	2	0.0	1	0 2
11	3	0.0	1	0 3
30	3	0.0	3	0 1 1 1
33	4	0.0	3	0 0 1 3
34	16	0.0	3	0 2 5 9
35	62	0.0	3	5 16 10 31
36	3	0.0	3	0 0 3
37	1	0.0	3	0 0 0 1
38	3	0.0	3	0 0 0 3
54	1	0.0	3	0 0 1


=== Second read: Adapter 14 ===

Sequence: ACGTTGGATGTTTGTTACTGTGGTGGATACTAC; Type: regular 5'; Length: 33; Trimmed: 218 times.

No. of allowed errors:
0-9 bp: 0; 10-19 bp: 1; 20-29 bp: 2; 30-33 bp: 3

Overview of removed sequences
length	count	expect	max.err	error counts
3	96	689.1	0	96
4	14	172.3	0	14
5	48	43.1	0	48
6	3	10.8	0	3
7	1	2.7	0	1
12	1	0.0	1	0 1
28	2	0.0	2	1 0 1
31	6	0.0	3	0 0 3 3
32	2	0.0	3	0 0 1 1
33	40	0.0	3	9 9 9 13
34	4	0.0	3	0 1 1 2
35	1	0.0	3	0 1


=== Second read: Adapter 15 ===

Sequence: ACGTTGGATGTTTGTTACTGTTGTGGATACAAC; Type: regular 5'; Length: 33; Trimmed: 553 times.

No. of allowed errors:
0-9 bp: 0; 10-19 bp: 1; 20-29 bp: 2; 30-33 bp: 3

Overview of removed sequences
length	count	expect	max.err	error counts
3	451	689.1	0	451
4	42	172.3	0	42
5	16	43.1	0	16
6	9	10.8	0	9
8	2	0.7	0	2
28	1	0.0	2	0 1
32	3	0.0	3	0 0 1 2
33	26	0.0	3	6 8 6 6
35	1	0.0	3	0 0 1
36	1	0.0	3	0 0 0 1
52	1	0.0	3	0 0 0 1


=== Second read: Adapter 16 ===

Sequence: ACGTTGGATGTTTGTTACCGTTGTTGATACTAC; Type: regular 5'; Length: 33; Trimmed: 45 times.

No. of allowed errors:
0-9 bp: 0; 10-19 bp: 1; 20-29 bp: 2; 30-33 bp: 3

Overview of removed sequences
length	count	expect	max.err	error counts
29	3	0.0	2	2 1
30	1	0.0	3	0 0 0 1
31	1	0.0	3	0 0 0 1
32	9	0.0	3	0 0 5 4
33	28	0.0	3	10 7 7 4
34	3	0.0	3	0 1 1 1


=== Second read: Adapter 17 ===

Sequence: ACGTTGGATGAATATATGTGTGCTTATTTG; Type: regular 5'; Length: 30; Trimmed: 125 times.

No. of allowed errors:
0-9 bp: 0; 10-19 bp: 1; 20-29 bp: 2; 30 bp: 3

Overview of removed sequences
length	count	expect	max.err	error counts
3	45	689.1	0	45
4	11	172.3	0	11
5	56	43.1	0	56
6	11	10.8	0	11
7	1	2.7	0	1
9	1	0.2	0	1


=== Second read: Adapter 18 ===

Sequence: ACGTTGGATGTTTGTTACTAAGGTAGATACCACTC; Type: regular 5'; Length: 35; Trimmed: 270 times.

No. of allowed errors:
0-9 bp: 0; 10-19 bp: 1; 20-29 bp: 2; 30-35 bp: 3

Overview of removed sequences
length	count	expect	max.err	error counts
3	40	689.1	0	40
4	129	172.3	0	129
5	14	43.1	0	14
6	1	10.8	0	1
7	3	2.7	0	3
9	61	0.2	0	0 61
11	5	0.0	1	0 5
29	1	0.0	2	0 0 1
35	14	0.0	3	6 3 3 2
36	1	0.0	3	0 0 0 1
37	1	0.0	3	0 0 0 1


=== Second read: Adapter 19 ===

Sequence: ACGTTGGATGGAAAAATAAACTGCAAATCATATTC; Type: regular 5'; Length: 35; Trimmed: 192 times.

No. of allowed errors:
0-9 bp: 0; 10-19 bp: 1; 20-29 bp: 2; 30-35 bp: 3

Overview of removed sequences
length	count	expect	max.err	error counts
3	48	689.1	0	48
4	30	172.3	0	30
5	24	43.1	0	24
6	5	10.8	0	5
7	13	2.7	0	13
9	13	0.2	0	0 13
10	2	0.0	1	0 2
11	1	0.0	1	0 1
34	5	0.0	3	0 1 1 3
35	46	0.0	3	5 7 7 27
36	5	0.0	3	0 4 0 1


=== Second read: Adapter 20 ===

Sequence: ACGTTGGATGAGATTAGGGAAAGTATTAGA; Type: regular 5'; Length: 30; Trimmed: 159 times.

No. of allowed errors:
0-9 bp: 0; 10-19 bp: 1; 20-29 bp: 2; 30 bp: 3

Overview of removed sequences
length	count	expect	max.err	error counts
3	114	689.1	0	114
4	34	172.3	0	34
5	3	43.1	0	3
6	7	10.8	0	7
7	1	2.7	0	1


=== Second read: Adapter 21 ===

Sequence: ACGTTGGATGGAAAAATAAATTGTAAATCATACTC; Type: regular 5'; Length: 35; Trimmed: 61 times.

No. of allowed errors:
0-9 bp: 0; 10-19 bp: 1; 20-29 bp: 2; 30-35 bp: 3

Overview of removed sequences
length	count	expect	max.err	error counts
5	8	43.1	0	8
6	3	10.8	0	3
7	9	2.7	0	9
8	1	0.7	0	1
9	32	0.2	0	1 31
10	3	0.0	1	0 3
11	3	0.0	1	0 3
12	1	0.0	1	0 1
35	1	0.0	3	0 0 1


=== Second read: Adapter 22 ===

Sequence: ACGTTGGATGGAAAAATAAACTGTAAATCATATTCCT; Type: regular 5'; Length: 37; Trimmed: 1464 times.

No. of allowed errors:
0-9 bp: 0; 10-19 bp: 1; 20-29 bp: 2; 30-37 bp: 3

Overview of removed sequences
length	count	expect	max.err	error counts
3	1290	689.1	0	1290
4	20	172.3	0	20
5	4	43.1	0	4
6	2	10.8	0	2
7	4	2.7	0	4
9	1	0.2	0	1
10	20	0.0	1	0 20
11	2	0.0	1	0 2
13	1	0.0	1	0 1
26	1	0.0	2	0 0 1
36	24	0.0	3	0 8 5 11
37	87	0.0	3	5 22 19 41
38	2	0.0	3	0 0 1 1
39	6	0.0	3	0 0 0 6


=== Second read: Adapter 23 ===

Sequence: ACGTTGGATGGAAAAATAAACTGTAAATCATATTC; Type: regular 5'; Length: 35; Trimmed: 12 times.

No. of allowed errors:
0-9 bp: 0; 10-19 bp: 1; 20-29 bp: 2; 30-35 bp: 3

Overview of removed sequences
length	count	expect	max.err	error counts
34	2	0.0	3	0 1 0 1
35	9	0.0	3	1 2 0 6
36	1	0.0	3	0 0 1


=== Second read: Adapter 24 ===

Sequence: ACGTTGGATGGAAAAATAAATTGTAAATCAAATTC; Type: regular 5'; Length: 35; Trimmed: 197 times.

No. of allowed errors:
0-9 bp: 0; 10-19 bp: 1; 20-29 bp: 2; 30-35 bp: 3

Overview of removed sequences
length	count	expect	max.err	error counts
5	124	43.1	0	124
6	48	10.8	0	48
7	2	2.7	0	2
9	9	0.2	0	0 9
11	2	0.0	1	0 2
34	1	0.0	3	0 0 1
35	10	0.0	3	1 1 1 7
36	1	0.0	3	0 0 0 1
