This is cutadapt 2.6 with Python 3.7.3
Command line parameters: -g ACGTTGGATGTTTGTTACTATGGTAGATACCACAC -g ACGTTGGATGTTTGTTACTAAGGTAGATACCACTC -g ACGTTGGATGTTTGTTACTGTGGTGGATACTAC -g ACGTTGGATGTTTGTTACTGTTGTGGATACAAC -g ACGTTGGATGTTTGTTACCGTTGTTGATACTAC -g ACGTTGGATGAATATATGTGTGCTTATTTG -G ACGTTGGATGTTTGTTACTATGGTAGATACCACAC -G ACGTTGGATGTTTGTTACTGTGGTGGATACTAC -G ACGTTGGATGTTTGTTACTGTTGTGGATACAAC -G ACGTTGGATGTTTGTTACCGTTGTTGATACTAC -G ACGTTGGATGAATATATGTGTGCTTATTTG -G ACGTTGGATGTTTGTTACTAAGGTAGATACCACTC -g ACGTTGGATGGAAAAATAAACTGCAAATCATATTC -g ACGTTGGATGGAAAAATAAACTGTAAATCATATTC -g ACGTTGGATGGAAAAATAAATTGTAAATCATACTC -g ACGTTGGATGAGATTAGGGAAAGTATTAGA -g ACGTTGGATGGAAAAATAAATTGTAAATCAAATTC -g ACGTTGGATGGAAAAATAAACTGTAAATCATATTCCT -G ACGTTGGATGGAAAAATAAACTGCAAATCATATTC -G ACGTTGGATGAGATTAGGGAAAGTATTAGA -G ACGTTGGATGGAAAAATAAATTGTAAATCATACTC -G ACGTTGGATGGAAAAATAAACTGTAAATCATATTCCT -G ACGTTGGATGGAAAAATAAACTGTAAATCATATTC -G ACGTTGGATGGAAAAATAAATTGTAAATCAAATTC --minimum-length=1 -o /data/projects/mdc-971/data_from_Jan_2020/analysis/30.primer_trimmed/190541_S74_L001_cutadapt.1.fq.gz -p /data/projects/mdc-971/data_from_Jan_2020/analysis/30.primer_trimmed/190541_S74_L001_cutadapt.2.fq.gz /data/projects/mdc-971/data_from_Jan_2020/analysis/20.adapter_trimmed/190541_S74_L001_R1_001.bbduked.trimmed.fastq.gz /data/projects/mdc-971/data_from_Jan_2020/analysis/20.adapter_trimmed/190541_S74_L001_R2_001.bbduked.trimmed.fastq.gz
Processing reads on 1 core in paired-end mode ...
Finished in 80.04 s (244 us/read; 0.25 M reads/minute).

=== Summary ===

Total read pairs processed:            328,326
  Read 1 with adapter:                 121,472 (37.0%)
  Read 2 with adapter:                  29,891 (9.1%)
Pairs that were too short:                   0 (0.0%)
Pairs written (passing filters):       328,326 (100.0%)

Total basepairs processed:    59,209,839 bp
  Read 1:     9,960,941 bp
  Read 2:    49,248,898 bp
Total written (filtered):     58,670,444 bp (99.1%)
  Read 1:     9,595,687 bp
  Read 2:    49,074,757 bp

=== First read: Adapter 1 ===

Sequence: ACGTTGGATGTTTGTTACTATGGTAGATACCACAC; Type: regular 5'; Length: 35; Trimmed: 82 times.

No. of allowed errors:
0-9 bp: 0; 10-19 bp: 1; 20-29 bp: 2; 30-35 bp: 3

Overview of removed sequences
length	count	expect	max.err	error counts
3	80	5130.1	0	80
26	2	0.0	2	2


=== First read: Adapter 2 ===

Sequence: ACGTTGGATGTTTGTTACTAAGGTAGATACCACTC; Type: regular 5'; Length: 35; Trimmed: 133 times.

No. of allowed errors:
0-9 bp: 0; 10-19 bp: 1; 20-29 bp: 2; 30-35 bp: 3

Overview of removed sequences
length	count	expect	max.err	error counts
3	129	5130.1	0	129
5	2	320.6	0	2
25	1	0.0	2	1
27	1	0.0	2	0 1


=== First read: Adapter 3 ===

Sequence: ACGTTGGATGTTTGTTACTGTGGTGGATACTAC; Type: regular 5'; Length: 33; Trimmed: 18 times.

No. of allowed errors:
0-9 bp: 0; 10-19 bp: 1; 20-29 bp: 2; 30-33 bp: 3

Overview of removed sequences
length	count	expect	max.err	error counts
3	15	5130.1	0	15
17	1	0.0	1	1
24	2	0.0	2	1 0 1


=== First read: Adapter 4 ===

Sequence: ACGTTGGATGTTTGTTACTGTTGTGGATACAAC; Type: regular 5'; Length: 33; Trimmed: 5 times.

No. of allowed errors:
0-9 bp: 0; 10-19 bp: 1; 20-29 bp: 2; 30-33 bp: 3

Overview of removed sequences
length	count	expect	max.err	error counts
3	1	5130.1	0	1
4	1	1282.5	0	1
24	2	0.0	2	2
26	1	0.0	2	0 0 1


=== First read: Adapter 5 ===

Sequence: ACGTTGGATGTTTGTTACCGTTGTTGATACTAC; Type: regular 5'; Length: 33; Trimmed: 4 times.

No. of allowed errors:
0-9 bp: 0; 10-19 bp: 1; 20-29 bp: 2; 30-33 bp: 3

Overview of removed sequences
length	count	expect	max.err	error counts
19	1	0.0	1	0 1
24	3	0.0	2	2 1


=== First read: Adapter 6 ===

Sequence: ACGTTGGATGAATATATGTGTGCTTATTTG; Type: regular 5'; Length: 30; Trimmed: 6 times.

No. of allowed errors:
0-9 bp: 0; 10-19 bp: 1; 20-29 bp: 2; 30 bp: 3

Overview of removed sequences
length	count	expect	max.err	error counts
3	6	5130.1	0	6


=== First read: Adapter 7 ===

Sequence: ACGTTGGATGGAAAAATAAACTGCAAATCATATTC; Type: regular 5'; Length: 35; Trimmed: 118953 times.

No. of allowed errors:
0-9 bp: 0; 10-19 bp: 1; 20-29 bp: 2; 30-35 bp: 3

Overview of removed sequences
length	count	expect	max.err	error counts
3	118941	5130.1	0	118941
4	8	1282.5	0	8
10	1	0.3	1	1
26	3	0.0	2	2 1


=== First read: Adapter 8 ===

Sequence: ACGTTGGATGGAAAAATAAACTGTAAATCATATTC; Type: regular 5'; Length: 35; Trimmed: 1 times.

No. of allowed errors:
0-9 bp: 0; 10-19 bp: 1; 20-29 bp: 2; 30-35 bp: 3

Overview of removed sequences
length	count	expect	max.err	error counts
26	1	0.0	2	1


=== First read: Adapter 9 ===

Sequence: ACGTTGGATGGAAAAATAAATTGTAAATCATACTC; Type: regular 5'; Length: 35; Trimmed: 1 times.

No. of allowed errors:
0-9 bp: 0; 10-19 bp: 1; 20-29 bp: 2; 30-35 bp: 3

Overview of removed sequences
length	count	expect	max.err	error counts
26	1	0.0	2	0 1


=== First read: Adapter 10 ===

Sequence: ACGTTGGATGAGATTAGGGAAAGTATTAGA; Type: regular 5'; Length: 30; Trimmed: 2243 times.

No. of allowed errors:
0-9 bp: 0; 10-19 bp: 1; 20-29 bp: 2; 30 bp: 3

Overview of removed sequences
length	count	expect	max.err	error counts
3	2232	5130.1	0	2232
4	2	1282.5	0	2
5	8	320.6	0	8
6	1	80.2	0	1


=== First read: Adapter 11 ===

Sequence: ACGTTGGATGGAAAAATAAATTGTAAATCAAATTC; Type: regular 5'; Length: 35; Trimmed: 3 times.

No. of allowed errors:
0-9 bp: 0; 10-19 bp: 1; 20-29 bp: 2; 30-35 bp: 3

Overview of removed sequences
length	count	expect	max.err	error counts
5	3	320.6	0	3


=== First read: Adapter 12 ===

Sequence: ACGTTGGATGGAAAAATAAACTGTAAATCATATTCCT; Type: regular 5'; Length: 37; Trimmed: 23 times.

No. of allowed errors:
0-9 bp: 0; 10-19 bp: 1; 20-29 bp: 2; 30-37 bp: 3

Overview of removed sequences
length	count	expect	max.err	error counts
5	8	320.6	0	8
22	1	0.0	2	0 1
26	1	0.0	2	0 0 1
27	1	0.0	2	0 1
28	10	0.0	2	8 2
29	2	0.0	2	1 0 1


=== Second read: Adapter 13 ===

Sequence: ACGTTGGATGTTTGTTACTATGGTAGATACCACAC; Type: regular 5'; Length: 35; Trimmed: 1595 times.

No. of allowed errors:
0-9 bp: 0; 10-19 bp: 1; 20-29 bp: 2; 30-35 bp: 3

Overview of removed sequences
length	count	expect	max.err	error counts
3	762	5130.1	0	762
4	285	1282.5	0	285
5	154	320.6	0	154
6	4	80.2	0	4
7	7	20.0	0	7
8	1	5.0	0	1
9	24	1.3	0	0 24
10	15	0.3	1	1 14
11	16	0.1	1	0 16
14	1	0.0	1	0 1
30	3	0.0	3	0 0 2 1
31	1	0.0	3	0 0 1
32	4	0.0	3	0 0 2 2
33	9	0.0	3	0 0 3 6
34	25	0.0	3	2 2 7 14
35	268	0.0	3	11 46 86 125
36	12	0.0	3	0 0 3 9
38	4	0.0	3	0 0 0 4


=== Second read: Adapter 14 ===

Sequence: ACGTTGGATGTTTGTTACTGTGGTGGATACTAC; Type: regular 5'; Length: 33; Trimmed: 2454 times.

No. of allowed errors:
0-9 bp: 0; 10-19 bp: 1; 20-29 bp: 2; 30-33 bp: 3

Overview of removed sequences
length	count	expect	max.err	error counts
3	534	5130.1	0	534
4	71	1282.5	0	71
5	1480	320.6	0	1480
6	14	80.2	0	14
8	170	5.0	0	170
11	2	0.1	1	0 2
20	2	0.0	2	0 2
26	2	0.0	2	0 1 1
27	2	0.0	2	0 1 1
28	1	0.0	2	0 0 1
31	4	0.0	3	0 0 0 4
32	19	0.0	3	0 4 2 13
33	135	0.0	3	9 21 35 70
34	12	0.0	3	0 0 4 8
35	3	0.0	3	0 0 1 2
41	1	0.0	3	0 1
45	2	0.0	3	0 1 0 1


=== Second read: Adapter 15 ===

Sequence: ACGTTGGATGTTTGTTACTGTTGTGGATACAAC; Type: regular 5'; Length: 33; Trimmed: 4126 times.

No. of allowed errors:
0-9 bp: 0; 10-19 bp: 1; 20-29 bp: 2; 30-33 bp: 3

Overview of removed sequences
length	count	expect	max.err	error counts
3	3147	5130.1	0	3147
4	221	1282.5	0	221
5	436	320.6	0	436
6	16	80.2	0	16
7	12	20.0	0	12
8	170	5.0	0	170
11	2	0.1	1	0 2
28	3	0.0	2	0 1 2
29	3	0.0	2	1 1 1
30	1	0.0	3	0 0 0 1
31	5	0.0	3	1 3 0 1
32	8	0.0	3	0 1 3 4
33	91	0.0	3	5 20 28 38
34	5	0.0	3	0 0 2 3
35	3	0.0	3	0 0 1 2
36	1	0.0	3	0 0 0 1
51	1	0.0	3	0 0 1
53	1	0.0	3	0 0 1


=== Second read: Adapter 16 ===

Sequence: ACGTTGGATGTTTGTTACCGTTGTTGATACTAC; Type: regular 5'; Length: 33; Trimmed: 196 times.

No. of allowed errors:
0-9 bp: 0; 10-19 bp: 1; 20-29 bp: 2; 30-33 bp: 3

Overview of removed sequences
length	count	expect	max.err	error counts
11	4	0.1	1	0 4
20	1	0.0	2	0 0 1
27	2	0.0	2	0 1 1
28	4	0.0	2	1 2 1
29	3	0.0	2	0 1 2
30	1	0.0	3	0 0 0 1
31	13	0.0	3	0 5 1 7
32	18	0.0	3	0 2 3 13
33	138	0.0	3	8 24 39 67
34	8	0.0	3	0 1 3 4
35	4	0.0	3	0 0 0 4


=== Second read: Adapter 17 ===

Sequence: ACGTTGGATGAATATATGTGTGCTTATTTG; Type: regular 5'; Length: 30; Trimmed: 578 times.

No. of allowed errors:
0-9 bp: 0; 10-19 bp: 1; 20-29 bp: 2; 30 bp: 3

Overview of removed sequences
length	count	expect	max.err	error counts
3	257	5130.1	0	257
4	84	1282.5	0	84
5	69	320.6	0	69
6	163	80.2	0	163
7	3	20.0	0	3
8	1	5.0	0	1
9	1	1.3	0	1


=== Second read: Adapter 18 ===

Sequence: ACGTTGGATGTTTGTTACTAAGGTAGATACCACTC; Type: regular 5'; Length: 35; Trimmed: 1629 times.

No. of allowed errors:
0-9 bp: 0; 10-19 bp: 1; 20-29 bp: 2; 30-35 bp: 3

Overview of removed sequences
length	count	expect	max.err	error counts
3	343	5130.1	0	343
4	821	1282.5	0	821
5	268	320.6	0	268
6	1	80.2	0	1
7	23	20.0	0	23
8	2	5.0	0	2
9	31	1.3	0	1 30
10	44	0.3	1	1 43
11	41	0.1	1	0 41
29	1	0.0	2	0 0 1
30	1	0.0	3	0 0 0 1
33	2	0.0	3	0 0 1 1
34	10	0.0	3	0 3 3 4
35	32	0.0	3	2 7 11 12
36	3	0.0	3	0 0 2 1
37	5	0.0	3	0 0 1 4
46	1	0.0	3	0 0 1


=== Second read: Adapter 19 ===

Sequence: ACGTTGGATGGAAAAATAAACTGCAAATCATATTC; Type: regular 5'; Length: 35; Trimmed: 1708 times.

No. of allowed errors:
0-9 bp: 0; 10-19 bp: 1; 20-29 bp: 2; 30-35 bp: 3

Overview of removed sequences
length	count	expect	max.err	error counts
3	280	5130.1	0	280
4	214	1282.5	0	214
5	874	320.6	0	874
6	16	80.2	0	16
7	14	20.0	0	14
10	7	0.3	1	0 7
11	74	0.1	1	0 74
31	2	0.0	3	0 1 1
32	2	0.0	3	0 0 0 2
33	1	0.0	3	0 0 0 1
34	18	0.0	3	0 0 1 17
35	187	0.0	3	3 18 45 121
36	18	0.0	3	0 2 8 8
37	1	0.0	3	0 0 1


=== Second read: Adapter 20 ===

Sequence: ACGTTGGATGAGATTAGGGAAAGTATTAGA; Type: regular 5'; Length: 30; Trimmed: 1279 times.

No. of allowed errors:
0-9 bp: 0; 10-19 bp: 1; 20-29 bp: 2; 30 bp: 3

Overview of removed sequences
length	count	expect	max.err	error counts
3	978	5130.1	0	978
4	230	1282.5	0	230
5	13	320.6	0	13
6	5	80.2	0	5
7	32	20.0	0	32
8	1	5.0	0	1
9	2	1.3	0	0 2
10	5	0.3	1	0 5
11	3	0.1	1	0 3
12	1	0.0	1	0 1
13	9	0.0	1	0 9


=== Second read: Adapter 21 ===

Sequence: ACGTTGGATGGAAAAATAAATTGTAAATCATACTC; Type: regular 5'; Length: 35; Trimmed: 459 times.

No. of allowed errors:
0-9 bp: 0; 10-19 bp: 1; 20-29 bp: 2; 30-35 bp: 3

Overview of removed sequences
length	count	expect	max.err	error counts
5	138	320.6	0	138
6	2	80.2	0	2
7	213	20.0	0	213
8	1	5.0	0	1
9	14	1.3	0	0 14
10	44	0.3	1	2 42
11	33	0.1	1	0 33
12	1	0.0	1	0 1
35	12	0.0	3	0 3 5 4
36	1	0.0	3	0 0 0 1


=== Second read: Adapter 22 ===

Sequence: ACGTTGGATGGAAAAATAAACTGTAAATCATATTCCT; Type: regular 5'; Length: 37; Trimmed: 9038 times.

No. of allowed errors:
0-9 bp: 0; 10-19 bp: 1; 20-29 bp: 2; 30-37 bp: 3

Overview of removed sequences
length	count	expect	max.err	error counts
3	8251	5130.1	0	8251
4	161	1282.5	0	161
5	7	320.6	0	7
6	47	80.2	0	47
7	22	20.0	0	22
9	45	1.3	0	22 23
10	63	0.3	1	1 62
11	1	0.1	1	0 1
12	1	0.0	1	0 1
20	1	0.0	2	0 1
29	1	0.0	2	0 0 1
33	1	0.0	3	0 1
34	2	0.0	3	0 1 1
35	2	0.0	3	0 0 0 2
36	59	0.0	3	0 4 24 31
37	356	0.0	3	17 57 128 154
38	12	0.0	3	0 2 3 7
39	5	0.0	3	0 0 0 5
40	1	0.0	3	0 0 0 1


=== Second read: Adapter 23 ===

Sequence: ACGTTGGATGGAAAAATAAACTGTAAATCATATTC; Type: regular 5'; Length: 35; Trimmed: 103 times.

No. of allowed errors:
0-9 bp: 0; 10-19 bp: 1; 20-29 bp: 2; 30-35 bp: 3

Overview of removed sequences
length	count	expect	max.err	error counts
11	1	0.1	1	0 1
33	1	0.0	3	0 0 0 1
34	7	0.0	3	0 0 1 6
35	89	0.0	3	1 5 7 76
36	5	0.0	3	0 0 0 5


=== Second read: Adapter 24 ===

Sequence: ACGTTGGATGGAAAAATAAATTGTAAATCAAATTC; Type: regular 5'; Length: 35; Trimmed: 6726 times.

No. of allowed errors:
0-9 bp: 0; 10-19 bp: 1; 20-29 bp: 2; 30-35 bp: 3

Overview of removed sequences
length	count	expect	max.err	error counts
5	6466	320.6	0	6466
6	165	80.2	0	165
7	9	20.0	0	9
8	1	5.0	0	1
9	5	1.3	0	0 5
10	4	0.3	1	0 4
11	25	0.1	1	1 24
34	1	0.0	3	0 0 1
35	45	0.0	3	1 9 13 22
36	5	0.0	3	0 0 1 4
