This is cutadapt 2.6 with Python 3.7.3
Command line parameters: -g ACGTTGGATGTTTGTTACTATGGTAGATACCACAC -g ACGTTGGATGTTTGTTACTAAGGTAGATACCACTC -g ACGTTGGATGTTTGTTACTGTGGTGGATACTAC -g ACGTTGGATGTTTGTTACTGTTGTGGATACAAC -g ACGTTGGATGTTTGTTACCGTTGTTGATACTAC -g ACGTTGGATGAATATATGTGTGCTTATTTG -G ACGTTGGATGTTTGTTACTATGGTAGATACCACAC -G ACGTTGGATGTTTGTTACTGTGGTGGATACTAC -G ACGTTGGATGTTTGTTACTGTTGTGGATACAAC -G ACGTTGGATGTTTGTTACCGTTGTTGATACTAC -G ACGTTGGATGAATATATGTGTGCTTATTTG -G ACGTTGGATGTTTGTTACTAAGGTAGATACCACTC -g ACGTTGGATGGAAAAATAAACTGCAAATCATATTC -g ACGTTGGATGGAAAAATAAACTGTAAATCATATTC -g ACGTTGGATGGAAAAATAAATTGTAAATCATACTC -g ACGTTGGATGAGATTAGGGAAAGTATTAGA -g ACGTTGGATGGAAAAATAAATTGTAAATCAAATTC -g ACGTTGGATGGAAAAATAAACTGTAAATCATATTCCT -G ACGTTGGATGGAAAAATAAACTGCAAATCATATTC -G ACGTTGGATGAGATTAGGGAAAGTATTAGA -G ACGTTGGATGGAAAAATAAATTGTAAATCATACTC -G ACGTTGGATGGAAAAATAAACTGTAAATCATATTCCT -G ACGTTGGATGGAAAAATAAACTGTAAATCATATTC -G ACGTTGGATGGAAAAATAAATTGTAAATCAAATTC --minimum-length=1 -o /data/projects/mdc-971/data_from_Jan_2020/analysis/30.primer_trimmed/190586_S30_L001_cutadapt.1.fq.gz -p /data/projects/mdc-971/data_from_Jan_2020/analysis/30.primer_trimmed/190586_S30_L001_cutadapt.2.fq.gz /data/projects/mdc-971/data_from_Jan_2020/analysis/20.adapter_trimmed/190586_S30_L001_R1_001.bbduked.trimmed.fastq.gz /data/projects/mdc-971/data_from_Jan_2020/analysis/20.adapter_trimmed/190586_S30_L001_R2_001.bbduked.trimmed.fastq.gz
Processing reads on 1 core in paired-end mode ...
Finished in 25.45 s (245 us/read; 0.25 M reads/minute).

=== Summary ===

Total read pairs processed:            104,066
  Read 1 with adapter:                     273 (0.3%)
  Read 2 with adapter:                   7,299 (7.0%)
Pairs that were too short:                   0 (0.0%)
Pairs written (passing filters):       104,066 (100.0%)

Total basepairs processed:    19,478,842 bp
  Read 1:     3,868,942 bp
  Read 2:    15,609,900 bp
Total written (filtered):     19,426,861 bp (99.7%)
  Read 1:     3,864,797 bp
  Read 2:    15,562,064 bp

=== First read: Adapter 1 ===

Sequence: ACGTTGGATGTTTGTTACTATGGTAGATACCACAC; Type: regular 5'; Length: 35; Trimmed: 52 times.

No. of allowed errors:
0-9 bp: 0; 10-19 bp: 1; 20-29 bp: 2; 30-35 bp: 3

Overview of removed sequences
length	count	expect	max.err	error counts
3	37	1626.0	0	37
33	12	0.0	3	9 2 0 1
34	1	0.0	3	0 1
35	1	0.0	3	0 0 1
36	1	0.0	3	0 0 0 1


=== First read: Adapter 2 ===

Sequence: ACGTTGGATGTTTGTTACTAAGGTAGATACCACTC; Type: regular 5'; Length: 35; Trimmed: 13 times.

No. of allowed errors:
0-9 bp: 0; 10-19 bp: 1; 20-29 bp: 2; 30-35 bp: 3

Overview of removed sequences
length	count	expect	max.err	error counts
3	4	1626.0	0	4
33	9	0.0	3	7 2


=== First read: Adapter 3 ===

Sequence: ACGTTGGATGTTTGTTACTGTGGTGGATACTAC; Type: regular 5'; Length: 33; Trimmed: 42 times.

No. of allowed errors:
0-9 bp: 0; 10-19 bp: 1; 20-29 bp: 2; 30-33 bp: 3

Overview of removed sequences
length	count	expect	max.err	error counts
3	34	1626.0	0	34
26	1	0.0	2	1
31	7	0.0	3	3 4


=== First read: Adapter 4 ===

Sequence: ACGTTGGATGTTTGTTACTGTTGTGGATACAAC; Type: regular 5'; Length: 33; Trimmed: 28 times.

No. of allowed errors:
0-9 bp: 0; 10-19 bp: 1; 20-29 bp: 2; 30-33 bp: 3

Overview of removed sequences
length	count	expect	max.err	error counts
3	7	1626.0	0	7
24	1	0.0	2	1
30	3	0.0	3	0 2 1
31	16	0.0	3	14 2
34	1	0.0	3	0 0 0 1


=== First read: Adapter 5 ===

Sequence: ACGTTGGATGTTTGTTACCGTTGTTGATACTAC; Type: regular 5'; Length: 33; Trimmed: 11 times.

No. of allowed errors:
0-9 bp: 0; 10-19 bp: 1; 20-29 bp: 2; 30-33 bp: 3

Overview of removed sequences
length	count	expect	max.err	error counts
29	1	0.0	2	0 1
30	1	0.0	3	0 1
31	9	0.0	3	8 1


=== First read: Adapter 6 ===

Sequence: ACGTTGGATGAATATATGTGTGCTTATTTG; Type: regular 5'; Length: 30; Trimmed: 0 times.

=== First read: Adapter 7 ===

Sequence: ACGTTGGATGGAAAAATAAACTGCAAATCATATTC; Type: regular 5'; Length: 35; Trimmed: 67 times.

No. of allowed errors:
0-9 bp: 0; 10-19 bp: 1; 20-29 bp: 2; 30-35 bp: 3

Overview of removed sequences
length	count	expect	max.err	error counts
3	41	1626.0	0	41
4	4	406.5	0	4
32	2	0.0	3	0 2
33	16	0.0	3	16
34	4	0.0	3	0 4


=== First read: Adapter 8 ===

Sequence: ACGTTGGATGGAAAAATAAACTGTAAATCATATTC; Type: regular 5'; Length: 35; Trimmed: 3 times.

No. of allowed errors:
0-9 bp: 0; 10-19 bp: 1; 20-29 bp: 2; 30-35 bp: 3

Overview of removed sequences
length	count	expect	max.err	error counts
33	3	0.0	3	1 2


=== First read: Adapter 9 ===

Sequence: ACGTTGGATGGAAAAATAAATTGTAAATCATACTC; Type: regular 5'; Length: 35; Trimmed: 3 times.

No. of allowed errors:
0-9 bp: 0; 10-19 bp: 1; 20-29 bp: 2; 30-35 bp: 3

Overview of removed sequences
length	count	expect	max.err	error counts
33	3	0.0	3	3


=== First read: Adapter 10 ===

Sequence: ACGTTGGATGAGATTAGGGAAAGTATTAGA; Type: regular 5'; Length: 30; Trimmed: 34 times.

No. of allowed errors:
0-9 bp: 0; 10-19 bp: 1; 20-29 bp: 2; 30 bp: 3

Overview of removed sequences
length	count	expect	max.err	error counts
3	18	1626.0	0	18
4	16	406.5	0	16


=== First read: Adapter 11 ===

Sequence: ACGTTGGATGGAAAAATAAATTGTAAATCAAATTC; Type: regular 5'; Length: 35; Trimmed: 3 times.

No. of allowed errors:
0-9 bp: 0; 10-19 bp: 1; 20-29 bp: 2; 30-35 bp: 3

Overview of removed sequences
length	count	expect	max.err	error counts
33	3	0.0	3	3


=== First read: Adapter 12 ===

Sequence: ACGTTGGATGGAAAAATAAACTGTAAATCATATTCCT; Type: regular 5'; Length: 37; Trimmed: 17 times.

No. of allowed errors:
0-9 bp: 0; 10-19 bp: 1; 20-29 bp: 2; 30-37 bp: 3

Overview of removed sequences
length	count	expect	max.err	error counts
34	4	0.0	3	0 4
35	11	0.0	3	4 7
36	1	0.0	3	0 0 1
37	1	0.0	3	0 0 0 1


=== Second read: Adapter 13 ===

Sequence: ACGTTGGATGTTTGTTACTATGGTAGATACCACAC; Type: regular 5'; Length: 35; Trimmed: 642 times.

No. of allowed errors:
0-9 bp: 0; 10-19 bp: 1; 20-29 bp: 2; 30-35 bp: 3

Overview of removed sequences
length	count	expect	max.err	error counts
3	337	1626.0	0	337
4	105	406.5	0	105
5	30	101.6	0	30
6	2	25.4	0	2
10	37	0.1	1	1 36
11	6	0.0	1	0 6
30	2	0.0	3	0 1 0 1
31	3	0.0	3	0 0 0 3
32	2	0.0	3	0 0 1 1
33	7	0.0	3	0 2 2 3
34	14	0.0	3	0 2 4 8
35	92	0.0	3	6 19 27 40
36	5	0.0	3	0 3 0 2


=== Second read: Adapter 14 ===

Sequence: ACGTTGGATGTTTGTTACTGTGGTGGATACTAC; Type: regular 5'; Length: 33; Trimmed: 672 times.

No. of allowed errors:
0-9 bp: 0; 10-19 bp: 1; 20-29 bp: 2; 30-33 bp: 3

Overview of removed sequences
length	count	expect	max.err	error counts
3	209	1626.0	0	209
4	13	406.5	0	13
5	329	101.6	0	329
6	1	25.4	0	1
8	31	1.6	0	31
11	2	0.0	1	0 2
24	1	0.0	2	0 0 1
29	1	0.0	2	0 1
31	9	0.0	3	0 0 3 6
32	7	0.0	3	0 1 1 5
33	63	0.0	3	8 6 19 30
34	4	0.0	3	0 1 0 3
35	2	0.0	3	0 0 0 2


=== Second read: Adapter 15 ===

Sequence: ACGTTGGATGTTTGTTACTGTTGTGGATACAAC; Type: regular 5'; Length: 33; Trimmed: 1184 times.

No. of allowed errors:
0-9 bp: 0; 10-19 bp: 1; 20-29 bp: 2; 30-33 bp: 3

Overview of removed sequences
length	count	expect	max.err	error counts
3	924	1626.0	0	924
4	84	406.5	0	84
5	67	101.6	0	67
6	8	25.4	0	8
8	40	1.6	0	40
11	1	0.0	1	0 1
26	1	0.0	2	1
28	2	0.0	2	0 1 1
29	1	0.0	2	0 1
31	5	0.0	3	0 1 2 2
32	7	0.0	3	1 2 0 4
33	40	0.0	3	0 6 14 20
34	3	0.0	3	0 1 1 1
58	1	0.0	3	0 0 1


=== Second read: Adapter 16 ===

Sequence: ACGTTGGATGTTTGTTACCGTTGTTGATACTAC; Type: regular 5'; Length: 33; Trimmed: 72 times.

No. of allowed errors:
0-9 bp: 0; 10-19 bp: 1; 20-29 bp: 2; 30-33 bp: 3

Overview of removed sequences
length	count	expect	max.err	error counts
11	12	0.0	1	0 12
28	3	0.0	2	2 0 1
30	2	0.0	3	0 1 0 1
31	4	0.0	3	1 0 1 2
32	4	0.0	3	0 0 0 4
33	44	0.0	3	3 8 15 18
34	3	0.0	3	0 1 0 2


=== Second read: Adapter 17 ===

Sequence: ACGTTGGATGAATATATGTGTGCTTATTTG; Type: regular 5'; Length: 30; Trimmed: 148 times.

No. of allowed errors:
0-9 bp: 0; 10-19 bp: 1; 20-29 bp: 2; 30 bp: 3

Overview of removed sequences
length	count	expect	max.err	error counts
3	87	1626.0	0	87
4	18	406.5	0	18
5	26	101.6	0	26
6	16	25.4	0	16
8	1	1.6	0	1


=== Second read: Adapter 18 ===

Sequence: ACGTTGGATGTTTGTTACTAAGGTAGATACCACTC; Type: regular 5'; Length: 35; Trimmed: 524 times.

No. of allowed errors:
0-9 bp: 0; 10-19 bp: 1; 20-29 bp: 2; 30-35 bp: 3

Overview of removed sequences
length	count	expect	max.err	error counts
3	94	1626.0	0	94
4	340	406.5	0	340
5	13	101.6	0	13
6	2	25.4	0	2
9	1	0.4	0	0 1
10	54	0.1	1	0 54
11	2	0.0	1	0 2
29	1	0.0	2	0 0 1
30	1	0.0	3	0 1
33	1	0.0	3	0 0 0 1
34	1	0.0	3	0 0 0 1
35	12	0.0	3	1 3 1 7
36	1	0.0	3	0 0 0 1
37	1	0.0	3	0 0 0 1


=== Second read: Adapter 19 ===

Sequence: ACGTTGGATGGAAAAATAAACTGCAAATCATATTC; Type: regular 5'; Length: 35; Trimmed: 288 times.

No. of allowed errors:
0-9 bp: 0; 10-19 bp: 1; 20-29 bp: 2; 30-35 bp: 3

Overview of removed sequences
length	count	expect	max.err	error counts
3	87	1626.0	0	87
4	73	406.5	0	73
5	18	101.6	0	18
6	1	25.4	0	1
7	7	6.4	0	7
9	2	0.4	0	0 2
10	6	0.1	1	0 6
11	5	0.0	1	0 5
31	1	0.0	3	0 0 0 1
33	1	0.0	3	0 0 0 1
34	4	0.0	3	0 1 1 2
35	77	0.0	3	6 4 13 54
36	5	0.0	3	0 0 4 1
38	1	0.0	3	0 0 0 1


=== Second read: Adapter 20 ===

Sequence: ACGTTGGATGAGATTAGGGAAAGTATTAGA; Type: regular 5'; Length: 30; Trimmed: 529 times.

No. of allowed errors:
0-9 bp: 0; 10-19 bp: 1; 20-29 bp: 2; 30 bp: 3

Overview of removed sequences
length	count	expect	max.err	error counts
3	271	1626.0	0	271
4	204	406.5	0	204
5	3	101.6	0	3
6	38	25.4	0	38
7	8	6.4	0	8
9	3	0.4	0	1 2
11	1	0.0	1	0 1
13	1	0.0	1	0 1


=== Second read: Adapter 21 ===

Sequence: ACGTTGGATGGAAAAATAAATTGTAAATCATACTC; Type: regular 5'; Length: 35; Trimmed: 55 times.

No. of allowed errors:
0-9 bp: 0; 10-19 bp: 1; 20-29 bp: 2; 30-35 bp: 3

Overview of removed sequences
length	count	expect	max.err	error counts
5	3	101.6	0	3
6	1	25.4	0	1
7	8	6.4	0	8
9	1	0.4	0	0 1
10	34	0.1	1	1 33
11	5	0.0	1	0 5
33	1	0.0	3	0 0 0 1
35	2	0.0	3	1 0 0 1


=== Second read: Adapter 22 ===

Sequence: ACGTTGGATGGAAAAATAAACTGTAAATCATATTCCT; Type: regular 5'; Length: 37; Trimmed: 3048 times.

No. of allowed errors:
0-9 bp: 0; 10-19 bp: 1; 20-29 bp: 2; 30-37 bp: 3

Overview of removed sequences
length	count	expect	max.err	error counts
3	2826	1626.0	0	2826
4	20	406.5	0	20
5	3	101.6	0	3
7	1	6.4	0	1
9	3	0.4	0	3
10	1	0.1	1	0 1
12	3	0.0	1	0 3
32	1	0.0	3	0 0 0 1
35	2	0.0	3	0 0 1 1
36	26	0.0	3	0 2 8 16
37	154	0.0	3	9 30 38 77
38	4	0.0	3	0 0 2 2
39	3	0.0	3	0 0 1 2
40	1	0.0	3	0 0 0 1


=== Second read: Adapter 23 ===

Sequence: ACGTTGGATGGAAAAATAAACTGTAAATCATATTC; Type: regular 5'; Length: 35; Trimmed: 40 times.

No. of allowed errors:
0-9 bp: 0; 10-19 bp: 1; 20-29 bp: 2; 30-35 bp: 3

Overview of removed sequences
length	count	expect	max.err	error counts
31	1	0.0	3	0 0 0 1
34	8	0.0	3	0 0 0 8
35	31	0.0	3	2 2 1 26


=== Second read: Adapter 24 ===

Sequence: ACGTTGGATGGAAAAATAAATTGTAAATCAAATTC; Type: regular 5'; Length: 35; Trimmed: 97 times.

No. of allowed errors:
0-9 bp: 0; 10-19 bp: 1; 20-29 bp: 2; 30-35 bp: 3

Overview of removed sequences
length	count	expect	max.err	error counts
5	55	101.6	0	55
6	7	25.4	0	7
7	2	6.4	0	2
8	5	1.6	0	5
9	4	0.4	0	1 3
10	3	0.1	1	0 3
11	3	0.0	1	0 3
34	1	0.0	3	0 0 1
35	17	0.0	3	3 5 0 9
