This is cutadapt 2.6 with Python 3.7.3
Command line parameters: -g ACGTTGGATGTTTGTTACTATGGTAGATACCACAC -g ACGTTGGATGTTTGTTACTAAGGTAGATACCACTC -g ACGTTGGATGTTTGTTACTGTGGTGGATACTAC -g ACGTTGGATGTTTGTTACTGTTGTGGATACAAC -g ACGTTGGATGTTTGTTACCGTTGTTGATACTAC -g ACGTTGGATGAATATATGTGTGCTTATTTG -G ACGTTGGATGTTTGTTACTATGGTAGATACCACAC -G ACGTTGGATGTTTGTTACTGTGGTGGATACTAC -G ACGTTGGATGTTTGTTACTGTTGTGGATACAAC -G ACGTTGGATGTTTGTTACCGTTGTTGATACTAC -G ACGTTGGATGAATATATGTGTGCTTATTTG -G ACGTTGGATGTTTGTTACTAAGGTAGATACCACTC -g ACGTTGGATGGAAAAATAAACTGCAAATCATATTC -g ACGTTGGATGGAAAAATAAACTGTAAATCATATTC -g ACGTTGGATGGAAAAATAAATTGTAAATCATACTC -g ACGTTGGATGAGATTAGGGAAAGTATTAGA -g ACGTTGGATGGAAAAATAAATTGTAAATCAAATTC -g ACGTTGGATGGAAAAATAAACTGTAAATCATATTCCT -G ACGTTGGATGGAAAAATAAACTGCAAATCATATTC -G ACGTTGGATGAGATTAGGGAAAGTATTAGA -G ACGTTGGATGGAAAAATAAATTGTAAATCATACTC -G ACGTTGGATGGAAAAATAAACTGTAAATCATATTCCT -G ACGTTGGATGGAAAAATAAACTGTAAATCATATTC -G ACGTTGGATGGAAAAATAAATTGTAAATCAAATTC --minimum-length=1 -o /data/projects/mdc-971/data_from_Jan_2020/analysis/30.primer_trimmed/190533_S66_L001_cutadapt.1.fq.gz -p /data/projects/mdc-971/data_from_Jan_2020/analysis/30.primer_trimmed/190533_S66_L001_cutadapt.2.fq.gz /data/projects/mdc-971/data_from_Jan_2020/analysis/20.adapter_trimmed/190533_S66_L001_R1_001.bbduked.trimmed.fastq.gz /data/projects/mdc-971/data_from_Jan_2020/analysis/20.adapter_trimmed/190533_S66_L001_R2_001.bbduked.trimmed.fastq.gz
Processing reads on 1 core in paired-end mode ...
Finished in 32.17 s (245 us/read; 0.25 M reads/minute).

=== Summary ===

Total read pairs processed:            131,482
  Read 1 with adapter:                     192 (0.1%)
  Read 2 with adapter:                   9,636 (7.3%)
Pairs that were too short:                   0 (0.0%)
Pairs written (passing filters):       131,482 (100.0%)

Total basepairs processed:    24,578,510 bp
  Read 1:     4,856,210 bp
  Read 2:    19,722,300 bp
Total written (filtered):     24,517,815 bp (99.8%)
  Read 1:     4,855,486 bp
  Read 2:    19,662,329 bp

=== First read: Adapter 1 ===

Sequence: ACGTTGGATGTTTGTTACTATGGTAGATACCACAC; Type: regular 5'; Length: 35; Trimmed: 41 times.

No. of allowed errors:
0-9 bp: 0; 10-19 bp: 1; 20-29 bp: 2; 30-35 bp: 3

Overview of removed sequences
length	count	expect	max.err	error counts
3	40	2054.4	0	40
33	1	0.0	3	1


=== First read: Adapter 2 ===

Sequence: ACGTTGGATGTTTGTTACTAAGGTAGATACCACTC; Type: regular 5'; Length: 35; Trimmed: 7 times.

No. of allowed errors:
0-9 bp: 0; 10-19 bp: 1; 20-29 bp: 2; 30-35 bp: 3

Overview of removed sequences
length	count	expect	max.err	error counts
3	7	2054.4	0	7


=== First read: Adapter 3 ===

Sequence: ACGTTGGATGTTTGTTACTGTGGTGGATACTAC; Type: regular 5'; Length: 33; Trimmed: 32 times.

No. of allowed errors:
0-9 bp: 0; 10-19 bp: 1; 20-29 bp: 2; 30-33 bp: 3

Overview of removed sequences
length	count	expect	max.err	error counts
3	32	2054.4	0	32


=== First read: Adapter 4 ===

Sequence: ACGTTGGATGTTTGTTACTGTTGTGGATACAAC; Type: regular 5'; Length: 33; Trimmed: 18 times.

No. of allowed errors:
0-9 bp: 0; 10-19 bp: 1; 20-29 bp: 2; 30-33 bp: 3

Overview of removed sequences
length	count	expect	max.err	error counts
3	18	2054.4	0	18


=== First read: Adapter 5 ===

Sequence: ACGTTGGATGTTTGTTACCGTTGTTGATACTAC; Type: regular 5'; Length: 33; Trimmed: 0 times.

=== First read: Adapter 6 ===

Sequence: ACGTTGGATGAATATATGTGTGCTTATTTG; Type: regular 5'; Length: 30; Trimmed: 1 times.

No. of allowed errors:
0-9 bp: 0; 10-19 bp: 1; 20-29 bp: 2; 30 bp: 3

Overview of removed sequences
length	count	expect	max.err	error counts
3	1	2054.4	0	1


=== First read: Adapter 7 ===

Sequence: ACGTTGGATGGAAAAATAAACTGCAAATCATATTC; Type: regular 5'; Length: 35; Trimmed: 55 times.

No. of allowed errors:
0-9 bp: 0; 10-19 bp: 1; 20-29 bp: 2; 30-35 bp: 3

Overview of removed sequences
length	count	expect	max.err	error counts
3	50	2054.4	0	50
4	5	513.6	0	5


=== First read: Adapter 8 ===

Sequence: ACGTTGGATGGAAAAATAAACTGTAAATCATATTC; Type: regular 5'; Length: 35; Trimmed: 1 times.

No. of allowed errors:
0-9 bp: 0; 10-19 bp: 1; 20-29 bp: 2; 30-35 bp: 3

Overview of removed sequences
length	count	expect	max.err	error counts
33	1	0.0	3	1


=== First read: Adapter 9 ===

Sequence: ACGTTGGATGGAAAAATAAATTGTAAATCATACTC; Type: regular 5'; Length: 35; Trimmed: 0 times.

=== First read: Adapter 10 ===

Sequence: ACGTTGGATGAGATTAGGGAAAGTATTAGA; Type: regular 5'; Length: 30; Trimmed: 34 times.

No. of allowed errors:
0-9 bp: 0; 10-19 bp: 1; 20-29 bp: 2; 30 bp: 3

Overview of removed sequences
length	count	expect	max.err	error counts
3	17	2054.4	0	17
4	17	513.6	0	17


=== First read: Adapter 11 ===

Sequence: ACGTTGGATGGAAAAATAAATTGTAAATCAAATTC; Type: regular 5'; Length: 35; Trimmed: 0 times.

=== First read: Adapter 12 ===

Sequence: ACGTTGGATGGAAAAATAAACTGTAAATCATATTCCT; Type: regular 5'; Length: 37; Trimmed: 3 times.

No. of allowed errors:
0-9 bp: 0; 10-19 bp: 1; 20-29 bp: 2; 30-37 bp: 3

Overview of removed sequences
length	count	expect	max.err	error counts
5	1	128.4	0	1
35	2	0.0	3	1 1


=== Second read: Adapter 13 ===

Sequence: ACGTTGGATGTTTGTTACTATGGTAGATACCACAC; Type: regular 5'; Length: 35; Trimmed: 823 times.

No. of allowed errors:
0-9 bp: 0; 10-19 bp: 1; 20-29 bp: 2; 30-35 bp: 3

Overview of removed sequences
length	count	expect	max.err	error counts
3	447	2054.4	0	447
4	136	513.6	0	136
5	45	128.4	0	45
6	1	32.1	0	1
9	1	0.5	0	0 1
10	51	0.1	1	1 50
11	6	0.0	1	0 6
30	1	0.0	3	0 1
31	1	0.0	3	0 0 0 1
32	1	0.0	3	0 0 0 1
33	7	0.0	3	0 2 4 1
34	20	0.0	3	0 1 3 16
35	97	0.0	3	7 14 27 49
36	6	0.0	3	0 1 1 4
37	3	0.0	3	0 0 1 2


=== Second read: Adapter 14 ===

Sequence: ACGTTGGATGTTTGTTACTGTGGTGGATACTAC; Type: regular 5'; Length: 33; Trimmed: 930 times.

No. of allowed errors:
0-9 bp: 0; 10-19 bp: 1; 20-29 bp: 2; 30-33 bp: 3

Overview of removed sequences
length	count	expect	max.err	error counts
3	290	2054.4	0	290
4	32	513.6	0	32
5	468	128.4	0	468
6	2	32.1	0	2
8	45	2.0	0	45
11	2	0.0	1	0 2
24	1	0.0	2	0 0 1
26	3	0.0	2	1 1 1
27	1	0.0	2	1
28	1	0.0	2	0 0 1
31	10	0.0	3	1 1 3 5
32	10	0.0	3	0 4 0 6
33	61	0.0	3	1 7 19 34
34	3	0.0	3	0 1 2
56	1	0.0	3	1


=== Second read: Adapter 15 ===

Sequence: ACGTTGGATGTTTGTTACTGTTGTGGATACAAC; Type: regular 5'; Length: 33; Trimmed: 1562 times.

No. of allowed errors:
0-9 bp: 0; 10-19 bp: 1; 20-29 bp: 2; 30-33 bp: 3

Overview of removed sequences
length	count	expect	max.err	error counts
3	1213	2054.4	0	1213
4	90	513.6	0	90
5	124	128.4	0	124
6	5	32.1	0	5
7	1	8.0	0	1
8	71	2.0	0	71
11	1	0.0	1	0 1
29	1	0.0	2	1
31	7	0.0	3	0 2 1 4
32	7	0.0	3	0 2 1 4
33	39	0.0	3	3 7 14 15
35	2	0.0	3	0 0 0 2
55	1	0.0	3	0 0 0 1


=== Second read: Adapter 16 ===

Sequence: ACGTTGGATGTTTGTTACCGTTGTTGATACTAC; Type: regular 5'; Length: 33; Trimmed: 105 times.

No. of allowed errors:
0-9 bp: 0; 10-19 bp: 1; 20-29 bp: 2; 30-33 bp: 3

Overview of removed sequences
length	count	expect	max.err	error counts
10	1	0.1	1	0 1
11	14	0.0	1	0 14
26	1	0.0	2	0 0 1
27	4	0.0	2	0 3 1
28	3	0.0	2	0 2 1
30	1	0.0	3	0 1
31	7	0.0	3	0 1 2 4
32	15	0.0	3	0 3 4 8
33	54	0.0	3	8 7 11 28
34	3	0.0	3	0 2 0 1
35	2	0.0	3	0 0 1 1


=== Second read: Adapter 17 ===

Sequence: ACGTTGGATGAATATATGTGTGCTTATTTG; Type: regular 5'; Length: 30; Trimmed: 201 times.

No. of allowed errors:
0-9 bp: 0; 10-19 bp: 1; 20-29 bp: 2; 30 bp: 3

Overview of removed sequences
length	count	expect	max.err	error counts
3	113	2054.4	0	113
4	21	513.6	0	21
5	43	128.4	0	43
6	21	32.1	0	21
8	1	2.0	0	1
9	1	0.5	0	0 1
10	1	0.1	1	0 1


=== Second read: Adapter 18 ===

Sequence: ACGTTGGATGTTTGTTACTAAGGTAGATACCACTC; Type: regular 5'; Length: 35; Trimmed: 704 times.

No. of allowed errors:
0-9 bp: 0; 10-19 bp: 1; 20-29 bp: 2; 30-35 bp: 3

Overview of removed sequences
length	count	expect	max.err	error counts
3	146	2054.4	0	146
4	452	513.6	0	452
5	9	128.4	0	9
7	1	8.0	0	1
9	2	0.5	0	0 2
10	65	0.1	1	4 61
13	1	0.0	1	0 1
34	5	0.0	3	0 0 2 3
35	21	0.0	3	4 3 5 9
37	2	0.0	3	0 0 1 1


=== Second read: Adapter 19 ===

Sequence: ACGTTGGATGGAAAAATAAACTGCAAATCATATTC; Type: regular 5'; Length: 35; Trimmed: 401 times.

No. of allowed errors:
0-9 bp: 0; 10-19 bp: 1; 20-29 bp: 2; 30-35 bp: 3

Overview of removed sequences
length	count	expect	max.err	error counts
3	126	2054.4	0	126
4	94	513.6	0	94
5	18	128.4	0	18
6	2	32.1	0	2
7	5	8.0	0	5
9	5	0.5	0	0 5
10	13	0.1	1	0 13
11	11	0.0	1	0 11
30	1	0.0	3	0 0 1
32	1	0.0	3	0 0 1
34	5	0.0	3	0 0 1 4
35	104	0.0	3	2 7 29 66
36	15	0.0	3	0 2 6 7
37	1	0.0	3	0 0 1


=== Second read: Adapter 20 ===

Sequence: ACGTTGGATGAGATTAGGGAAAGTATTAGA; Type: regular 5'; Length: 30; Trimmed: 688 times.

No. of allowed errors:
0-9 bp: 0; 10-19 bp: 1; 20-29 bp: 2; 30 bp: 3

Overview of removed sequences
length	count	expect	max.err	error counts
3	349	2054.4	0	349
4	253	513.6	0	253
5	4	128.4	0	4
6	60	32.1	0	60
7	7	8.0	0	7
9	10	0.5	0	0 10
10	5	0.1	1	0 5


=== Second read: Adapter 21 ===

Sequence: ACGTTGGATGGAAAAATAAATTGTAAATCATACTC; Type: regular 5'; Length: 35; Trimmed: 75 times.

No. of allowed errors:
0-9 bp: 0; 10-19 bp: 1; 20-29 bp: 2; 30-35 bp: 3

Overview of removed sequences
length	count	expect	max.err	error counts
5	3	128.4	0	3
6	3	32.1	0	3
7	9	8.0	0	9
8	1	2.0	0	1
9	2	0.5	0	0 2
10	48	0.1	1	1 47
11	4	0.0	1	0 4
35	5	0.0	3	1 1 2 1


=== Second read: Adapter 22 ===

Sequence: ACGTTGGATGGAAAAATAAACTGTAAATCATATTCCT; Type: regular 5'; Length: 37; Trimmed: 3973 times.

No. of allowed errors:
0-9 bp: 0; 10-19 bp: 1; 20-29 bp: 2; 30-37 bp: 3

Overview of removed sequences
length	count	expect	max.err	error counts
3	3727	2054.4	0	3727
4	23	513.6	0	23
5	1	128.4	0	1
6	7	32.1	0	7
7	1	8.0	0	1
9	1	0.5	0	1
10	3	0.1	1	0 3
12	2	0.0	1	0 2
20	1	0.0	2	0 0 1
33	2	0.0	3	0 0 2
36	36	0.0	3	0 4 14 18
37	162	0.0	3	6 26 61 69
38	5	0.0	3	0 3 1 1
39	1	0.0	3	0 0 0 1
51	1	0.0	3	0 0 1


=== Second read: Adapter 23 ===

Sequence: ACGTTGGATGGAAAAATAAACTGTAAATCATATTC; Type: regular 5'; Length: 35; Trimmed: 36 times.

No. of allowed errors:
0-9 bp: 0; 10-19 bp: 1; 20-29 bp: 2; 30-35 bp: 3

Overview of removed sequences
length	count	expect	max.err	error counts
34	6	0.0	3	0 0 3 3
35	30	0.0	3	0 0 1 29


=== Second read: Adapter 24 ===

Sequence: ACGTTGGATGGAAAAATAAATTGTAAATCAAATTC; Type: regular 5'; Length: 35; Trimmed: 138 times.

No. of allowed errors:
0-9 bp: 0; 10-19 bp: 1; 20-29 bp: 2; 30-35 bp: 3

Overview of removed sequences
length	count	expect	max.err	error counts
5	83	128.4	0	83
6	14	32.1	0	14
8	1	2.0	0	1
9	2	0.5	0	0 2
10	7	0.1	1	0 7
11	5	0.0	1	0 5
13	1	0.0	1	0 1
35	23	0.0	3	2 5 6 10
36	2	0.0	3	0 0 0 2
