This is cutadapt 2.6 with Python 3.7.3
Command line parameters: -g ACGTTGGATGTTTGTTACTATGGTAGATACCACAC -g ACGTTGGATGTTTGTTACTAAGGTAGATACCACTC -g ACGTTGGATGTTTGTTACTGTGGTGGATACTAC -g ACGTTGGATGTTTGTTACTGTTGTGGATACAAC -g ACGTTGGATGTTTGTTACCGTTGTTGATACTAC -g ACGTTGGATGAATATATGTGTGCTTATTTG -G ACGTTGGATGTTTGTTACTATGGTAGATACCACAC -G ACGTTGGATGTTTGTTACTGTGGTGGATACTAC -G ACGTTGGATGTTTGTTACTGTTGTGGATACAAC -G ACGTTGGATGTTTGTTACCGTTGTTGATACTAC -G ACGTTGGATGAATATATGTGTGCTTATTTG -G ACGTTGGATGTTTGTTACTAAGGTAGATACCACTC -g ACGTTGGATGGAAAAATAAACTGCAAATCATATTC -g ACGTTGGATGGAAAAATAAACTGTAAATCATATTC -g ACGTTGGATGGAAAAATAAATTGTAAATCATACTC -g ACGTTGGATGAGATTAGGGAAAGTATTAGA -g ACGTTGGATGGAAAAATAAATTGTAAATCAAATTC -g ACGTTGGATGGAAAAATAAACTGTAAATCATATTCCT -G ACGTTGGATGGAAAAATAAACTGCAAATCATATTC -G ACGTTGGATGAGATTAGGGAAAGTATTAGA -G ACGTTGGATGGAAAAATAAATTGTAAATCATACTC -G ACGTTGGATGGAAAAATAAACTGTAAATCATATTCCT -G ACGTTGGATGGAAAAATAAACTGTAAATCATATTC -G ACGTTGGATGGAAAAATAAATTGTAAATCAAATTC --minimum-length=1 -o /data/projects/mdc-971/data_from_Jan_2020/analysis/30.primer_trimmed/190583_S27_L001_cutadapt.1.fq.gz -p /data/projects/mdc-971/data_from_Jan_2020/analysis/30.primer_trimmed/190583_S27_L001_cutadapt.2.fq.gz /data/projects/mdc-971/data_from_Jan_2020/analysis/20.adapter_trimmed/190583_S27_L001_R1_001.bbduked.trimmed.fastq.gz /data/projects/mdc-971/data_from_Jan_2020/analysis/20.adapter_trimmed/190583_S27_L001_R2_001.bbduked.trimmed.fastq.gz
Processing reads on 1 core in paired-end mode ...
Finished in 44.22 s (354 us/read; 0.17 M reads/minute).

=== Summary ===

Total read pairs processed:            125,073
  Read 1 with adapter:                 115,973 (92.7%)
  Read 2 with adapter:                 111,768 (89.4%)
Pairs that were too short:                   0 (0.0%)
Pairs written (passing filters):       125,073 (100.0%)

Total basepairs processed:    35,085,693 bp
  Read 1:    16,449,816 bp
  Read 2:    18,635,877 bp
Total written (filtered):     27,901,047 bp (79.5%)
  Read 1:    12,925,906 bp
  Read 2:    14,975,141 bp

=== First read: Adapter 1 ===

Sequence: ACGTTGGATGTTTGTTACTATGGTAGATACCACAC; Type: regular 5'; Length: 35; Trimmed: 16711 times.

No. of allowed errors:
0-9 bp: 0; 10-19 bp: 1; 20-29 bp: 2; 30-35 bp: 3

Overview of removed sequences
length	count	expect	max.err	error counts
3	3	1954.3	0	3
16	1	0.0	1	1
17	1	0.0	1	1
21	1	0.0	2	1
22	12	0.0	2	8 4
23	16	0.0	2	13 2 1
24	20	0.0	2	19 1
25	17	0.0	2	14 3
26	53	0.0	2	37 13 3
27	50	0.0	2	33 13 4
28	73	0.0	2	39 21 4 9
29	262	0.0	2	55 46 130 31
30	2186	0.0	3	147 1626 377 36
31	11704	0.0	3	6479 4761 426 38
32	785	0.0	3	40 509 199 37
33	252	0.0	3	0 2 177 73
34	1268	0.0	3	0 0 2 1266
35	3	0.0	3	1 0 0 2
47	1	0.0	3	1
51	1	0.0	3	1
62	2	0.0	3	2


=== First read: Adapter 2 ===

Sequence: ACGTTGGATGTTTGTTACTAAGGTAGATACCACTC; Type: regular 5'; Length: 35; Trimmed: 5841 times.

No. of allowed errors:
0-9 bp: 0; 10-19 bp: 1; 20-29 bp: 2; 30-35 bp: 3

Overview of removed sequences
length	count	expect	max.err	error counts
22	3	0.0	2	3
23	11	0.0	2	10 1
24	4	0.0	2	3 1
25	8	0.0	2	6 1 1
26	24	0.0	2	21 3
27	22	0.0	2	21 1
28	19	0.0	2	11 4 0 4
29	43	0.0	2	13 10 18 2
30	596	0.0	3	104 452 37 3
31	4457	0.0	3	4161 270 24 2
32	275	0.0	3	7 206 52 10
33	245	0.0	3	0 0 115 130
34	131	0.0	3	0 0 0 131
36	1	0.0	3	1
39	1	0.0	3	1
62	1	0.0	3	1


=== First read: Adapter 3 ===

Sequence: ACGTTGGATGTTTGTTACTGTGGTGGATACTAC; Type: regular 5'; Length: 33; Trimmed: 16437 times.

No. of allowed errors:
0-9 bp: 0; 10-19 bp: 1; 20-29 bp: 2; 30-33 bp: 3

Overview of removed sequences
length	count	expect	max.err	error counts
10	2	0.1	1	2
13	1	0.0	1	1
15	5	0.0	1	3 2
16	6	0.0	1	6
17	4	0.0	1	3 1
18	9	0.0	1	7 2
19	11	0.0	1	10 0 1
20	24	0.0	2	17 6 1
21	102	0.0	2	90 11 1
22	92	0.0	2	75 13 4
23	85	0.0	2	63 17 5
24	160	0.0	2	122 33 5
25	187	0.0	2	112 61 14
26	225	0.0	2	138 68 19
27	698	0.0	2	107 148 443
28	1890	0.0	2	392 1178 320
29	11553	0.0	2	6793 4440 316 4
30	1310	0.0	3	5 772 530 3
31	64	0.0	3	0 3 53 8
34	1	0.0	3	0 1
35	1	0.0	3	1
36	2	0.0	3	1 1
37	1	0.0	3	1
38	1	0.0	3	0 0 1
45	1	0.0	3	0 0 1
50	1	0.0	3	1
61	1	0.0	3	1


=== First read: Adapter 4 ===

Sequence: ACGTTGGATGTTTGTTACTGTTGTGGATACAAC; Type: regular 5'; Length: 33; Trimmed: 16730 times.

No. of allowed errors:
0-9 bp: 0; 10-19 bp: 1; 20-29 bp: 2; 30-33 bp: 3

Overview of removed sequences
length	count	expect	max.err	error counts
3	1	1954.3	0	1
13	1	0.0	1	1
17	8	0.0	1	8
18	3	0.0	1	3
20	11	0.0	2	10 1
21	87	0.0	2	82 5
22	54	0.0	2	49 3 2
23	57	0.0	2	46 9 2
24	131	0.0	2	113 17 1
25	145	0.0	2	124 20 1
26	187	0.0	2	148 32 7
27	385	0.0	2	190 56 139
28	1967	0.0	2	494 1355 118
29	12931	0.0	2	11079 1647 203 2
30	622	0.0	3	34 501 86 1
31	132	0.0	3	2 0 129 1
32	1	0.0	3	1
34	1	0.0	3	1
45	3	0.0	3	2 1
46	1	0.0	3	0 1
60	1	0.0	3	1
62	1	0.0	3	0 1


=== First read: Adapter 5 ===

Sequence: ACGTTGGATGTTTGTTACCGTTGTTGATACTAC; Type: regular 5'; Length: 33; Trimmed: 18798 times.

No. of allowed errors:
0-9 bp: 0; 10-19 bp: 1; 20-29 bp: 2; 30-33 bp: 3

Overview of removed sequences
length	count	expect	max.err	error counts
13	2	0.0	1	2
14	2	0.0	1	2
16	1	0.0	1	1
17	3	0.0	1	3
18	2	0.0	1	2
19	1	0.0	1	0 1
20	8	0.0	2	8
21	40	0.0	2	35 5
22	28	0.0	2	27 1
23	69	0.0	2	54 14 1
24	165	0.0	2	139 24 2
25	178	0.0	2	157 17 4
26	260	0.0	2	208 39 13
27	611	0.0	2	259 126 226
28	2162	0.0	2	890 1165 106 1
29	14684	0.0	2	13133 1455 95 1
30	541	0.0	3	25 436 80
31	25	0.0	3	0 0 25
33	1	0.0	3	0 1
34	2	0.0	3	1 1
35	1	0.0	3	1
37	3	0.0	3	3
38	2	0.0	3	2
40	2	0.0	3	2
45	1	0.0	3	1
59	1	0.0	3	0 1
60	2	0.0	3	2
61	1	0.0	3	1


=== First read: Adapter 6 ===

Sequence: ACGTTGGATGAATATATGTGTGCTTATTTG; Type: regular 5'; Length: 30; Trimmed: 4 times.

No. of allowed errors:
0-9 bp: 0; 10-19 bp: 1; 20-29 bp: 2; 30 bp: 3

Overview of removed sequences
length	count	expect	max.err	error counts
3	3	1954.3	0	3
4	1	488.6	0	1


=== First read: Adapter 7 ===

Sequence: ACGTTGGATGGAAAAATAAACTGCAAATCATATTC; Type: regular 5'; Length: 35; Trimmed: 9479 times.

No. of allowed errors:
0-9 bp: 0; 10-19 bp: 1; 20-29 bp: 2; 30-35 bp: 3

Overview of removed sequences
length	count	expect	max.err	error counts
3	5	1954.3	0	5
15	1	0.0	1	1
17	1	0.0	1	1
23	4	0.0	2	3 0 1
24	1	0.0	2	1
25	8	0.0	2	6 2
26	44	0.0	2	37 6 1
27	38	0.0	2	29 8 0 1
28	43	0.0	2	23 3 1 16
29	80	0.0	2	34 12 31 3
30	626	0.0	3	101 493 28 4
31	6778	0.0	3	6384 335 51 8
32	1738	0.0	3	0 1629 75 34
33	28	0.0	3	0 1 18 9
34	84	0.0	3	0 0 0 84


=== First read: Adapter 8 ===

Sequence: ACGTTGGATGGAAAAATAAACTGTAAATCATATTC; Type: regular 5'; Length: 35; Trimmed: 2309 times.

No. of allowed errors:
0-9 bp: 0; 10-19 bp: 1; 20-29 bp: 2; 30-35 bp: 3

Overview of removed sequences
length	count	expect	max.err	error counts
24	1	0.0	2	1
25	4	0.0	2	2 2
26	6	0.0	2	4 2
27	8	0.0	2	8
28	26	0.0	2	7 0 2 17
29	34	0.0	2	8 3 20 3
30	186	0.0	3	35 145 5 1
31	1936	0.0	3	1746 169 8 13
32	88	0.0	3	1 43 22 22
33	13	0.0	3	0 0 4 9
34	7	0.0	3	0 0 0 7


=== First read: Adapter 9 ===

Sequence: ACGTTGGATGGAAAAATAAATTGTAAATCATACTC; Type: regular 5'; Length: 35; Trimmed: 1125 times.

No. of allowed errors:
0-9 bp: 0; 10-19 bp: 1; 20-29 bp: 2; 30-35 bp: 3

Overview of removed sequences
length	count	expect	max.err	error counts
26	1	0.0	2	1
30	62	0.0	3	34 27 1
31	1053	0.0	3	1008 35 2 8
32	5	0.0	3	0 3 2
33	1	0.0	3	0 0 1
34	3	0.0	3	0 0 0 3


=== First read: Adapter 10 ===

Sequence: ACGTTGGATGAGATTAGGGAAAGTATTAGA; Type: regular 5'; Length: 30; Trimmed: 149 times.

No. of allowed errors:
0-9 bp: 0; 10-19 bp: 1; 20-29 bp: 2; 30 bp: 3

Overview of removed sequences
length	count	expect	max.err	error counts
3	146	1954.3	0	146
4	3	488.6	0	3


=== First read: Adapter 11 ===

Sequence: ACGTTGGATGGAAAAATAAATTGTAAATCAAATTC; Type: regular 5'; Length: 35; Trimmed: 876 times.

No. of allowed errors:
0-9 bp: 0; 10-19 bp: 1; 20-29 bp: 2; 30-35 bp: 3

Overview of removed sequences
length	count	expect	max.err	error counts
27	1	0.0	2	1
30	10	0.0	3	5 4 1
31	862	0.0	3	840 22
32	3	0.0	3	1 2


=== First read: Adapter 12 ===

Sequence: ACGTTGGATGGAAAAATAAACTGTAAATCATATTCCT; Type: regular 5'; Length: 37; Trimmed: 27514 times.

No. of allowed errors:
0-9 bp: 0; 10-19 bp: 1; 20-29 bp: 2; 30-37 bp: 3

Overview of removed sequences
length	count	expect	max.err	error counts
5	1	122.1	0	1
21	1	0.0	2	0 0 1
23	1	0.0	2	0 0 1
24	1	0.0	2	0 1
25	1	0.0	2	0 1
26	7	0.0	2	2 5
27	20	0.0	2	5 13 2
28	86	0.0	2	31 51 4
29	89	0.0	2	40 43 6
30	83	0.0	3	24 45 9 5
31	472	0.0	3	53 90 302 27
32	5117	0.0	3	171 4431 478 37
33	18205	0.0	3	9800 7972 385 48
34	1355	0.0	3	31 501 749 74
35	1924	0.0	3	1 3 411 1509
36	150	0.0	3	0 0 1 149
51	1	0.0	3	0 0 1


=== Second read: Adapter 13 ===

Sequence: ACGTTGGATGTTTGTTACTATGGTAGATACCACAC; Type: regular 5'; Length: 35; Trimmed: 13214 times.

No. of allowed errors:
0-9 bp: 0; 10-19 bp: 1; 20-29 bp: 2; 30-35 bp: 3

Overview of removed sequences
length	count	expect	max.err	error counts
3	158	1954.3	0	158
4	17	488.6	0	17
5	2	122.1	0	2
11	1	0.0	1	0 1
12	1	0.0	1	1
15	1	0.0	1	1
17	1	0.0	1	1
19	1	0.0	1	0 1
21	1	0.0	2	0 1
23	1	0.0	2	1
24	2	0.0	2	1 1
25	24	0.0	2	18 6
26	6	0.0	2	4 2
27	29	0.0	2	19 8 2
28	38	0.0	2	26 10 1 1
29	238	0.0	2	145 83 10
30	44	0.0	3	23 14 6 1
31	38	0.0	3	6 17 10 5
32	252	0.0	3	74 54 77 47
33	1271	0.0	3	30 793 333 115
34	8949	0.0	3	4105 3430 1020 394
35	736	0.0	3	3 403 212 118
36	244	0.0	3	1 0 188 55
37	1142	0.0	3	0 0 0 1142
38	1	0.0	3	0 1
39	1	0.0	3	1
41	2	0.0	3	0 1 0 1
42	1	0.0	3	0 1
44	1	0.0	3	0 1
45	1	0.0	3	0 1
46	2	0.0	3	1 1
47	1	0.0	3	0 0 0 1
50	1	0.0	3	1
52	2	0.0	3	1 0 0 1
54	2	0.0	3	1 1
58	1	0.0	3	1
66	1	0.0	3	1


=== Second read: Adapter 14 ===

Sequence: ACGTTGGATGTTTGTTACTGTGGTGGATACTAC; Type: regular 5'; Length: 33; Trimmed: 20595 times.

No. of allowed errors:
0-9 bp: 0; 10-19 bp: 1; 20-29 bp: 2; 30-33 bp: 3

Overview of removed sequences
length	count	expect	max.err	error counts
3	74	1954.3	0	74
4	36	488.6	0	36
5	1	122.1	0	1
6	1	30.5	0	1
7	2	7.6	0	2
13	1	0.0	1	1
15	2	0.0	1	2
17	3	0.0	1	1 2
18	2	0.0	1	1 1
19	14	0.0	1	12 2
20	5	0.0	2	3 2
21	5	0.0	2	5
22	8	0.0	2	0 5 3
23	79	0.0	2	66 11 2
24	19	0.0	2	7 11 1
25	193	0.0	2	135 47 11
26	211	0.0	2	112 79 20
27	610	0.0	2	360 228 22
28	201	0.0	2	88 76 31 6
29	190	0.0	2	38 44 13 95
30	1379	0.0	3	285 169 570 355
31	1518	0.0	3	70 853 414 181
32	13735	0.0	3	6801 5017 1395 522
33	1989	0.0	3	1 987 796 205
34	106	0.0	3	2 2 42 60
35	80	0.0	3	2 1 0 77
36	2	0.0	3	1 1
37	5	0.0	3	1 2 0 2
38	5	0.0	3	0 0 4 1
39	4	0.0	3	0 0 3 1
40	21	0.0	3	13 8
41	10	0.0	3	6 1 3
42	8	0.0	3	1 3 4
43	12	0.0	3	6 4 1 1
44	12	0.0	3	5 5 1 1
45	9	0.0	3	2 3 3 1
46	4	0.0	3	1 2 1
47	13	0.0	3	7 5 1
48	6	0.0	3	1 4 1
49	5	0.0	3	2 2 1
50	9	0.0	3	4 5
51	1	0.0	3	1
53	1	0.0	3	0 1
54	1	0.0	3	1
56	1	0.0	3	1
57	1	0.0	3	0 0 1
60	1	0.0	3	1


=== Second read: Adapter 15 ===

Sequence: ACGTTGGATGTTTGTTACTGTTGTGGATACAAC; Type: regular 5'; Length: 33; Trimmed: 18462 times.

No. of allowed errors:
0-9 bp: 0; 10-19 bp: 1; 20-29 bp: 2; 30-33 bp: 3

Overview of removed sequences
length	count	expect	max.err	error counts
3	416	1954.3	0	416
4	13	488.6	0	13
5	2	122.1	0	2
6	1	30.5	0	1
7	5	7.6	0	5
16	1	0.0	1	1
17	5	0.0	1	4 1
19	6	0.0	1	6
20	2	0.0	2	2
23	42	0.0	2	39 3
24	10	0.0	2	8 2
25	97	0.0	2	81 13 3
26	140	0.0	2	85 50 5
27	676	0.0	2	592 69 15
28	209	0.0	2	174 27 7 1
29	111	0.0	2	51 37 8 15
30	788	0.0	3	451 117 160 60
31	1312	0.0	3	94 822 276 120
32	13146	0.0	3	8045 3455 1267 379
33	878	0.0	3	8 599 193 78
34	201	0.0	3	2 0 145 54
35	318	0.0	3	0 1 0 317
36	4	0.0	3	3 0 0 1
37	2	0.0	3	2
38	1	0.0	3	1
40	12	0.0	3	7 4 1
41	6	0.0	3	6
42	3	0.0	3	2 0 1
43	6	0.0	3	4 1 1
44	6	0.0	3	4 2
45	3	0.0	3	1 0 2
46	2	0.0	3	0 2
47	2	0.0	3	1 1
48	1	0.0	3	1
49	3	0.0	3	1 2
50	7	0.0	3	3 3 1
51	3	0.0	3	2 1
52	10	0.0	3	5 2 3
53	1	0.0	3	1
56	3	0.0	3	2 1
60	1	0.0	3	1
61	1	0.0	3	0 1
62	2	0.0	3	1 1
63	1	0.0	3	1
64	2	0.0	3	1 1
92	1	0.0	3	1


=== Second read: Adapter 16 ===

Sequence: ACGTTGGATGTTTGTTACCGTTGTTGATACTAC; Type: regular 5'; Length: 33; Trimmed: 16446 times.

No. of allowed errors:
0-9 bp: 0; 10-19 bp: 1; 20-29 bp: 2; 30-33 bp: 3

Overview of removed sequences
length	count	expect	max.err	error counts
10	1	0.1	1	0 1
16	1	0.0	1	1
18	4	0.0	1	3 1
19	1	0.0	1	1
22	2	0.0	2	0 2
23	26	0.0	2	24 1 1
24	13	0.0	2	8 5
25	78	0.0	2	70 6 2
26	139	0.0	2	91 44 4
27	869	0.0	2	767 86 16
28	202	0.0	2	175 23 3 1
29	245	0.0	2	70 46 11 118
30	881	0.0	3	550 116 135 80
31	1233	0.0	3	150 660 259 164
32	11961	0.0	3	6379 3163 1597 822
33	605	0.0	3	4 427 129 45
34	130	0.0	3	3 2 22 103
35	22	0.0	3	0 2 0 20
36	3	0.0	3	2 0 1
40	10	0.0	3	7 3
41	4	0.0	3	4
42	1	0.0	3	1
43	2	0.0	3	1 0 1
44	3	0.0	3	3
45	1	0.0	3	1
47	2	0.0	3	2
48	3	0.0	3	3
49	1	0.0	3	1
50	1	0.0	3	0 0 1
52	2	0.0	3	1 1


=== Second read: Adapter 17 ===

Sequence: ACGTTGGATGAATATATGTGTGCTTATTTG; Type: regular 5'; Length: 30; Trimmed: 84 times.

No. of allowed errors:
0-9 bp: 0; 10-19 bp: 1; 20-29 bp: 2; 30 bp: 3

Overview of removed sequences
length	count	expect	max.err	error counts
3	43	1954.3	0	43
4	10	488.6	0	10
5	30	122.1	0	30
6	1	30.5	0	1


=== Second read: Adapter 18 ===

Sequence: ACGTTGGATGTTTGTTACTAAGGTAGATACCACTC; Type: regular 5'; Length: 35; Trimmed: 5260 times.

No. of allowed errors:
0-9 bp: 0; 10-19 bp: 1; 20-29 bp: 2; 30-35 bp: 3

Overview of removed sequences
length	count	expect	max.err	error counts
3	541	1954.3	0	541
4	6	488.6	0	6
5	6	122.1	0	6
20	1	0.0	2	1
21	1	0.0	2	1
22	1	0.0	2	1
24	1	0.0	2	0 1
25	8	0.0	2	7 1
26	2	0.0	2	2
27	14	0.0	2	12 1 1
28	14	0.0	2	8 5 1
29	70	0.0	2	67 3
30	14	0.0	3	11 2 1
31	19	0.0	3	7 6 1 5
32	85	0.0	3	54 4 21 6
33	398	0.0	3	19 303 49 27
34	3539	0.0	3	3047 380 84 28
35	245	0.0	3	2 181 39 23
36	189	0.0	3	1 0 107 81
37	102	0.0	3	0 0 0 102
43	1	0.0	3	0 1
48	1	0.0	3	0 0 0 1
49	1	0.0	3	1
53	1	0.0	3	1


=== Second read: Adapter 19 ===

Sequence: ACGTTGGATGGAAAAATAAACTGCAAATCATATTC; Type: regular 5'; Length: 35; Trimmed: 7825 times.

No. of allowed errors:
0-9 bp: 0; 10-19 bp: 1; 20-29 bp: 2; 30-35 bp: 3

Overview of removed sequences
length	count	expect	max.err	error counts
3	163	1954.3	0	163
4	25	488.6	0	25
6	2	30.5	0	2
7	2	7.6	0	2
24	1	0.0	2	0 0 1
27	1	0.0	2	1
28	1	0.0	2	1
29	38	0.0	2	33 3 2
30	19	0.0	3	15 3 1
31	40	0.0	3	3 5 3 29
32	88	0.0	3	37 14 30 7
33	506	0.0	3	7 406 73 20
34	5599	0.0	3	4858 535 138 68
35	1197	0.0	3	1 1025 119 52
36	47	0.0	3	2 0 28 17
37	91	0.0	3	0 0 0 91
48	2	0.0	3	1 1
50	1	0.0	3	0 0 1
52	1	0.0	3	0 1
55	1	0.0	3	1


=== Second read: Adapter 20 ===

Sequence: ACGTTGGATGAGATTAGGGAAAGTATTAGA; Type: regular 5'; Length: 30; Trimmed: 218 times.

No. of allowed errors:
0-9 bp: 0; 10-19 bp: 1; 20-29 bp: 2; 30 bp: 3

Overview of removed sequences
length	count	expect	max.err	error counts
3	210	1954.3	0	210
4	1	488.6	0	1
5	6	122.1	0	6
12	1	0.0	1	0 1


=== Second read: Adapter 21 ===

Sequence: ACGTTGGATGGAAAAATAAATTGTAAATCATACTC; Type: regular 5'; Length: 35; Trimmed: 719 times.

No. of allowed errors:
0-9 bp: 0; 10-19 bp: 1; 20-29 bp: 2; 30-35 bp: 3

Overview of removed sequences
length	count	expect	max.err	error counts
5	1	122.1	0	1
6	3	30.5	0	3
8	1	1.9	0	1
31	1	0.0	3	0 0 0 1
32	12	0.0	3	3 1 6 2
33	24	0.0	3	1 20 3
34	647	0.0	3	557 65 8 17
35	15	0.0	3	0 10 2 3
36	7	0.0	3	0 0 5 2
37	3	0.0	3	0 0 0 3
38	1	0.0	3	1
43	2	0.0	3	2
46	1	0.0	3	1
54	1	0.0	3	1


=== Second read: Adapter 22 ===

Sequence: ACGTTGGATGGAAAAATAAACTGTAAATCATATTCCT; Type: regular 5'; Length: 37; Trimmed: 25519 times.

No. of allowed errors:
0-9 bp: 0; 10-19 bp: 1; 20-29 bp: 2; 30-37 bp: 3

Overview of removed sequences
length	count	expect	max.err	error counts
3	34	1954.3	0	34
4	2	488.6	0	2
5	5	122.1	0	5
6	1	30.5	0	1
8	1	1.9	0	1
10	1	0.1	1	0 1
17	1	0.0	1	0 1
18	3	0.0	1	2 1
21	2	0.0	2	1 1
22	1	0.0	2	0 1
27	2	0.0	2	2
28	4	0.0	2	1 3
29	8	0.0	2	5 3
30	19	0.0	3	3 9 6 1
31	74	0.0	3	28 33 9 4
32	54	0.0	3	15 26 12 1
33	75	0.0	3	9 43 13 10
34	567	0.0	3	76 79 351 61
35	4058	0.0	3	20 3349 561 128
36	17160	0.0	3	8680 7394 851 235
37	1442	0.0	3	1 566 749 126
38	1823	0.0	3	1 1 544 1277
39	157	0.0	3	0 0 0 157
41	1	0.0	3	1
43	3	0.0	3	1 1 1
44	4	0.0	3	0 3 1
45	1	0.0	3	0 1
47	2	0.0	3	0 2
49	1	0.0	3	0 1
50	1	0.0	3	0 1
51	1	0.0	3	0 1
52	1	0.0	3	0 1
53	2	0.0	3	0 2
54	1	0.0	3	0 1
55	3	0.0	3	0 3
59	1	0.0	3	0 1
64	1	0.0	3	0 0 0 1
70	1	0.0	3	0 0 1
71	1	0.0	3	0 1


=== Second read: Adapter 23 ===

Sequence: ACGTTGGATGGAAAAATAAACTGTAAATCATATTC; Type: regular 5'; Length: 35; Trimmed: 2860 times.

No. of allowed errors:
0-9 bp: 0; 10-19 bp: 1; 20-29 bp: 2; 30-35 bp: 3

Overview of removed sequences
length	count	expect	max.err	error counts
21	1	0.0	2	1
27	1	0.0	2	1
29	10	0.0	2	9 0 1
30	8	0.0	3	7 1
31	37	0.0	3	3 2 0 32
32	58	0.0	3	19 1 32 6
33	190	0.0	3	4 127 36 23
34	2387	0.0	3	1955 313 60 59
35	142	0.0	3	0 55 47 40
36	17	0.0	3	0 0 10 7
37	9	0.0	3	0 0 0 9


=== Second read: Adapter 24 ===

Sequence: ACGTTGGATGGAAAAATAAATTGTAAATCAAATTC; Type: regular 5'; Length: 35; Trimmed: 566 times.

No. of allowed errors:
0-9 bp: 0; 10-19 bp: 1; 20-29 bp: 2; 30-35 bp: 3

Overview of removed sequences
length	count	expect	max.err	error counts
5	6	122.1	0	6
7	2	7.6	0	2
8	1	1.9	0	1
29	5	0.0	2	4 1
32	3	0.0	3	3
33	10	0.0	3	0 9 1
34	515	0.0	3	452 54 4 5
35	21	0.0	3	0 19 2
36	2	0.0	3	1 0 1
45	1	0.0	3	0 1
