This is cutadapt 2.6 with Python 3.7.3
Command line parameters: -g ACGTTGGATGTTTGTTACTATGGTAGATACCACAC -g ACGTTGGATGTTTGTTACTAAGGTAGATACCACTC -g ACGTTGGATGTTTGTTACTGTGGTGGATACTAC -g ACGTTGGATGTTTGTTACTGTTGTGGATACAAC -g ACGTTGGATGTTTGTTACCGTTGTTGATACTAC -g ACGTTGGATGAATATATGTGTGCTTATTTG -G ACGTTGGATGTTTGTTACTATGGTAGATACCACAC -G ACGTTGGATGTTTGTTACTGTGGTGGATACTAC -G ACGTTGGATGTTTGTTACTGTTGTGGATACAAC -G ACGTTGGATGTTTGTTACCGTTGTTGATACTAC -G ACGTTGGATGAATATATGTGTGCTTATTTG -G ACGTTGGATGTTTGTTACTAAGGTAGATACCACTC -g ACGTTGGATGGAAAAATAAACTGCAAATCATATTC -g ACGTTGGATGGAAAAATAAACTGTAAATCATATTC -g ACGTTGGATGGAAAAATAAATTGTAAATCATACTC -g ACGTTGGATGAGATTAGGGAAAGTATTAGA -g ACGTTGGATGGAAAAATAAATTGTAAATCAAATTC -g ACGTTGGATGGAAAAATAAACTGTAAATCATATTCCT -G ACGTTGGATGGAAAAATAAACTGCAAATCATATTC -G ACGTTGGATGAGATTAGGGAAAGTATTAGA -G ACGTTGGATGGAAAAATAAATTGTAAATCATACTC -G ACGTTGGATGGAAAAATAAACTGTAAATCATATTCCT -G ACGTTGGATGGAAAAATAAACTGTAAATCATATTC -G ACGTTGGATGGAAAAATAAATTGTAAATCAAATTC --minimum-length=1 -o /data/projects/mdc-971/data_from_Jan_2020/analysis/30.primer_trimmed/BJAB-500_S61_L001_cutadapt.1.fq.gz -p /data/projects/mdc-971/data_from_Jan_2020/analysis/30.primer_trimmed/BJAB-500_S61_L001_cutadapt.2.fq.gz /data/projects/mdc-971/data_from_Jan_2020/analysis/20.adapter_trimmed/BJAB-500_S61_L001_R1_001.bbduked.trimmed.fastq.gz /data/projects/mdc-971/data_from_Jan_2020/analysis/20.adapter_trimmed/BJAB-500_S61_L001_R2_001.bbduked.trimmed.fastq.gz
Processing reads on 1 core in paired-end mode ...
Finished in 302.26 s (245 us/read; 0.24 M reads/minute).

=== Summary ===

Total read pairs processed:          1,233,829
  Read 1 with adapter:                   2,297 (0.2%)
  Read 2 with adapter:                 114,870 (9.3%)
Pairs that were too short:                   0 (0.0%)
Pairs written (passing filters):     1,233,829 (100.0%)

Total basepairs processed:   230,848,992 bp
  Read 1:    45,774,647 bp
  Read 2:   185,074,345 bp
Total written (filtered):    230,212,332 bp (99.7%)
  Read 1:    45,761,251 bp
  Read 2:   184,451,081 bp

=== First read: Adapter 1 ===

Sequence: ACGTTGGATGTTTGTTACTATGGTAGATACCACAC; Type: regular 5'; Length: 35; Trimmed: 551 times.

No. of allowed errors:
0-9 bp: 0; 10-19 bp: 1; 20-29 bp: 2; 30-35 bp: 3

Overview of removed sequences
length	count	expect	max.err	error counts
3	475	19278.6	0	475
4	4	4819.6	0	4
28	1	0.0	2	1
31	2	0.0	3	1 0 1
32	8	0.0	3	1 6 1
33	59	0.0	3	26 29 3 1
34	2	0.0	3	0 2


=== First read: Adapter 2 ===

Sequence: ACGTTGGATGTTTGTTACTAAGGTAGATACCACTC; Type: regular 5'; Length: 35; Trimmed: 138 times.

No. of allowed errors:
0-9 bp: 0; 10-19 bp: 1; 20-29 bp: 2; 30-35 bp: 3

Overview of removed sequences
length	count	expect	max.err	error counts
3	133	19278.6	0	133
5	1	1204.9	0	1
6	1	301.2	0	1
33	3	0.0	3	2 0 1


=== First read: Adapter 3 ===

Sequence: ACGTTGGATGTTTGTTACTGTGGTGGATACTAC; Type: regular 5'; Length: 33; Trimmed: 256 times.

No. of allowed errors:
0-9 bp: 0; 10-19 bp: 1; 20-29 bp: 2; 30-33 bp: 3

Overview of removed sequences
length	count	expect	max.err	error counts
3	241	19278.6	0	241
30	1	0.0	3	0 0 0 1
31	14	0.0	3	7 5 2


=== First read: Adapter 4 ===

Sequence: ACGTTGGATGTTTGTTACTGTTGTGGATACAAC; Type: regular 5'; Length: 33; Trimmed: 119 times.

No. of allowed errors:
0-9 bp: 0; 10-19 bp: 1; 20-29 bp: 2; 30-33 bp: 3

Overview of removed sequences
length	count	expect	max.err	error counts
3	105	19278.6	0	105
4	2	4819.6	0	2
5	1	1204.9	0	1
31	9	0.0	3	8 0 1
33	2	0.0	3	0 0 2


=== First read: Adapter 5 ===

Sequence: ACGTTGGATGTTTGTTACCGTTGTTGATACTAC; Type: regular 5'; Length: 33; Trimmed: 12 times.

No. of allowed errors:
0-9 bp: 0; 10-19 bp: 1; 20-29 bp: 2; 30-33 bp: 3

Overview of removed sequences
length	count	expect	max.err	error counts
30	3	0.0	3	0 3
31	8	0.0	3	6 2
32	1	0.0	3	0 1


=== First read: Adapter 6 ===

Sequence: ACGTTGGATGAATATATGTGTGCTTATTTG; Type: regular 5'; Length: 30; Trimmed: 2 times.

No. of allowed errors:
0-9 bp: 0; 10-19 bp: 1; 20-29 bp: 2; 30 bp: 3

Overview of removed sequences
length	count	expect	max.err	error counts
3	2	19278.6	0	2


=== First read: Adapter 7 ===

Sequence: ACGTTGGATGGAAAAATAAACTGCAAATCATATTC; Type: regular 5'; Length: 35; Trimmed: 693 times.

No. of allowed errors:
0-9 bp: 0; 10-19 bp: 1; 20-29 bp: 2; 30-35 bp: 3

Overview of removed sequences
length	count	expect	max.err	error counts
3	649	19278.6	0	649
4	39	4819.6	0	39
33	3	0.0	3	3
34	2	0.0	3	0 1 1


=== First read: Adapter 8 ===

Sequence: ACGTTGGATGGAAAAATAAACTGTAAATCATATTC; Type: regular 5'; Length: 35; Trimmed: 0 times.

=== First read: Adapter 9 ===

Sequence: ACGTTGGATGGAAAAATAAATTGTAAATCATACTC; Type: regular 5'; Length: 35; Trimmed: 1 times.

No. of allowed errors:
0-9 bp: 0; 10-19 bp: 1; 20-29 bp: 2; 30-35 bp: 3

Overview of removed sequences
length	count	expect	max.err	error counts
33	1	0.0	3	1


=== First read: Adapter 10 ===

Sequence: ACGTTGGATGAGATTAGGGAAAGTATTAGA; Type: regular 5'; Length: 30; Trimmed: 433 times.

No. of allowed errors:
0-9 bp: 0; 10-19 bp: 1; 20-29 bp: 2; 30 bp: 3

Overview of removed sequences
length	count	expect	max.err	error counts
3	219	19278.6	0	219
4	214	4819.6	0	214


=== First read: Adapter 11 ===

Sequence: ACGTTGGATGGAAAAATAAATTGTAAATCAAATTC; Type: regular 5'; Length: 35; Trimmed: 15 times.

No. of allowed errors:
0-9 bp: 0; 10-19 bp: 1; 20-29 bp: 2; 30-35 bp: 3

Overview of removed sequences
length	count	expect	max.err	error counts
33	15	0.0	3	14 1


=== First read: Adapter 12 ===

Sequence: ACGTTGGATGGAAAAATAAACTGTAAATCATATTCCT; Type: regular 5'; Length: 37; Trimmed: 77 times.

No. of allowed errors:
0-9 bp: 0; 10-19 bp: 1; 20-29 bp: 2; 30-37 bp: 3

Overview of removed sequences
length	count	expect	max.err	error counts
3	4	19278.6	0	4
5	1	1204.9	0	1
34	6	0.0	3	0 5 1
35	61	0.0	3	39 21 1
36	3	0.0	3	0 3
37	2	0.0	3	0 0 0 2


=== Second read: Adapter 13 ===

Sequence: ACGTTGGATGTTTGTTACTATGGTAGATACCACAC; Type: regular 5'; Length: 35; Trimmed: 6597 times.

No. of allowed errors:
0-9 bp: 0; 10-19 bp: 1; 20-29 bp: 2; 30-35 bp: 3

Overview of removed sequences
length	count	expect	max.err	error counts
3	3178	19278.6	0	3178
4	972	4819.6	0	972
5	703	1204.9	0	703
6	59	301.2	0	59
7	16	75.3	0	16
8	3	18.8	0	3
9	27	4.7	0	0 27
10	99	1.2	1	9 90
11	552	0.3	1	1 551
13	1	0.0	1	0 1
18	1	0.0	1	0 1
27	1	0.0	2	0 1
28	2	0.0	2	0 0 2
29	4	0.0	2	1 1 2
30	11	0.0	3	3 2 3 3
31	6	0.0	3	0 0 4 2
32	5	0.0	3	0 1 1 3
33	31	0.0	3	2 3 10 16
34	100	0.0	3	1 8 26 65
35	787	0.0	3	45 152 232 358
36	25	0.0	3	0 1 12 12
37	9	0.0	3	0 1 3 5
38	2	0.0	3	0 0 0 2
46	1	0.0	3	0 1
60	1	0.0	3	0 0 0 1
75	1	0.0	3	0 0 1


=== Second read: Adapter 14 ===

Sequence: ACGTTGGATGTTTGTTACTGTGGTGGATACTAC; Type: regular 5'; Length: 33; Trimmed: 8761 times.

No. of allowed errors:
0-9 bp: 0; 10-19 bp: 1; 20-29 bp: 2; 30-33 bp: 3

Overview of removed sequences
length	count	expect	max.err	error counts
3	2155	19278.6	0	2155
4	322	4819.6	0	322
5	5268	1204.9	0	5268
6	194	301.2	0	194
8	246	18.8	0	246
9	16	4.7	0	15 1
11	23	0.3	1	0 23
24	2	0.0	2	0 1 1
26	3	0.0	2	1 2
27	4	0.0	2	0 1 3
28	8	0.0	2	0 3 5
29	3	0.0	2	0 0 3
30	9	0.0	3	0 1 2 6
31	26	0.0	3	0 0 11 15
32	57	0.0	3	0 11 10 36
33	386	0.0	3	27 65 119 175
34	27	0.0	3	0 0 7 20
35	3	0.0	3	0 0 0 3
38	1	0.0	3	0 0 1
41	1	0.0	3	0 0 1
42	1	0.0	3	0 0 1
44	1	0.0	3	0 0 0 1
48	2	0.0	3	0 0 1 1
51	1	0.0	3	0 0 1
53	1	0.0	3	0 0 1
54	1	0.0	3	0 0 0 1


=== Second read: Adapter 15 ===

Sequence: ACGTTGGATGTTTGTTACTGTTGTGGATACAAC; Type: regular 5'; Length: 33; Trimmed: 15080 times.

No. of allowed errors:
0-9 bp: 0; 10-19 bp: 1; 20-29 bp: 2; 30-33 bp: 3

Overview of removed sequences
length	count	expect	max.err	error counts
3	11690	19278.6	0	11690
4	969	4819.6	0	969
5	1473	1204.9	0	1473
6	174	301.2	0	174
7	7	75.3	0	7
8	350	18.8	0	350
11	17	0.3	1	0 17
24	1	0.0	2	0 1
27	1	0.0	2	1
28	6	0.0	2	1 1 4
29	2	0.0	2	0 0 2
30	4	0.0	3	0 0 2 2
31	10	0.0	3	0 0 1 9
32	37	0.0	3	1 3 6 27
33	282	0.0	3	28 38 65 151
34	25	0.0	3	0 4 3 18
35	20	0.0	3	0 0 9 11
36	1	0.0	3	0 0 0 1
40	1	0.0	3	0 0 0 1
42	1	0.0	3	0 0 1
44	1	0.0	3	0 0 1
45	1	0.0	3	0 0 0 1
47	3	0.0	3	2 0 0 1
51	1	0.0	3	1
52	1	0.0	3	0 0 0 1
53	2	0.0	3	0 2


=== Second read: Adapter 16 ===

Sequence: ACGTTGGATGTTTGTTACCGTTGTTGATACTAC; Type: regular 5'; Length: 33; Trimmed: 658 times.

No. of allowed errors:
0-9 bp: 0; 10-19 bp: 1; 20-29 bp: 2; 30-33 bp: 3

Overview of removed sequences
length	count	expect	max.err	error counts
9	6	4.7	0	3 3
11	82	0.3	1	2 80
24	4	0.0	2	0 2 2
26	3	0.0	2	0 1 2
27	4	0.0	2	3 0 1
28	18	0.0	2	3 5 10
29	2	0.0	2	0 1 1
30	4	0.0	3	0 1 0 3
31	27	0.0	3	2 1 7 17
32	57	0.0	3	0 9 18 30
33	428	0.0	3	21 61 135 211
34	12	0.0	3	0 0 5 7
35	4	0.0	3	0 0 1 3
37	1	0.0	3	0 1
41	1	0.0	3	0 0 0 1
42	1	0.0	3	0 0 1
44	1	0.0	3	0 0 1
45	1	0.0	3	0 0 0 1
48	1	0.0	3	0 0 1
53	1	0.0	3	1


=== Second read: Adapter 17 ===

Sequence: ACGTTGGATGAATATATGTGTGCTTATTTG; Type: regular 5'; Length: 30; Trimmed: 1738 times.

No. of allowed errors:
0-9 bp: 0; 10-19 bp: 1; 20-29 bp: 2; 30 bp: 3

Overview of removed sequences
length	count	expect	max.err	error counts
3	939	19278.6	0	939
4	327	4819.6	0	327
5	283	1204.9	0	283
6	174	301.2	0	174
7	7	75.3	0	7
8	2	18.8	0	2
9	3	4.7	0	1 2
10	2	1.2	1	0 2
14	1	0.0	1	0 1


=== Second read: Adapter 18 ===

Sequence: ACGTTGGATGTTTGTTACTAAGGTAGATACCACTC; Type: regular 5'; Length: 35; Trimmed: 5881 times.

No. of allowed errors:
0-9 bp: 0; 10-19 bp: 1; 20-29 bp: 2; 30-35 bp: 3

Overview of removed sequences
length	count	expect	max.err	error counts
3	1441	19278.6	0	1441
4	2913	4819.6	0	2913
5	1038	1204.9	0	1038
6	31	301.2	0	31
7	13	75.3	0	13
8	22	18.8	0	22
9	59	4.7	0	0 59
10	192	1.2	1	11 181
11	38	0.3	1	0 38
13	4	0.0	1	0 4
14	1	0.0	1	0 1
15	2	0.0	1	0 2
29	1	0.0	2	0 0 0 1
30	4	0.0	3	0 1 0 3
31	2	0.0	3	0 0 1 1
32	1	0.0	3	0 0 0 1
33	3	0.0	3	0 0 0 3
34	17	0.0	3	0 0 7 10
35	81	0.0	3	5 14 27 35
36	9	0.0	3	0 1 2 6
37	7	0.0	3	0 0 1 6
38	2	0.0	3	0 0 0 2


=== Second read: Adapter 19 ===

Sequence: ACGTTGGATGGAAAAATAAACTGCAAATCATATTC; Type: regular 5'; Length: 35; Trimmed: 6017 times.

No. of allowed errors:
0-9 bp: 0; 10-19 bp: 1; 20-29 bp: 2; 30-35 bp: 3

Overview of removed sequences
length	count	expect	max.err	error counts
3	1315	19278.6	0	1315
4	823	4819.6	0	823
5	2625	1204.9	0	2625
6	211	301.2	0	211
7	27	75.3	0	27
8	20	18.8	0	20
9	29	4.7	0	0 29
10	23	1.2	1	0 23
11	257	0.3	1	3 254
12	2	0.1	1	0 2
19	1	0.0	1	0 1
28	2	0.0	2	0 0 2
30	1	0.0	3	0 1
31	2	0.0	3	0 0 0 2
32	1	0.0	3	0 0 0 1
33	3	0.0	3	0 0 0 3
34	41	0.0	3	0 2 8 31
35	566	0.0	3	21 49 110 386
36	66	0.0	3	0 7 10 49
37	1	0.0	3	0 0 0 1
48	1	0.0	3	0 0 0 1


=== Second read: Adapter 20 ===

Sequence: ACGTTGGATGAGATTAGGGAAAGTATTAGA; Type: regular 5'; Length: 30; Trimmed: 4615 times.

No. of allowed errors:
0-9 bp: 0; 10-19 bp: 1; 20-29 bp: 2; 30 bp: 3

Overview of removed sequences
length	count	expect	max.err	error counts
3	3360	19278.6	0	3360
4	967	4819.6	0	967
5	42	1204.9	0	42
6	27	301.2	0	27
7	19	75.3	0	19
8	2	18.8	0	2
9	13	4.7	0	0 13
10	177	1.2	1	5 172
11	7	0.3	1	0 7
12	1	0.1	1	0 1


=== Second read: Adapter 21 ===

Sequence: ACGTTGGATGGAAAAATAAATTGTAAATCATACTC; Type: regular 5'; Length: 35; Trimmed: 1165 times.

No. of allowed errors:
0-9 bp: 0; 10-19 bp: 1; 20-29 bp: 2; 30-35 bp: 3

Overview of removed sequences
length	count	expect	max.err	error counts
5	676	1204.9	0	676
6	23	301.2	0	23
7	111	75.3	0	111
8	95	18.8	0	95
9	16	4.7	0	0 16
10	85	1.2	1	1 84
11	132	0.3	1	3 129
12	1	0.1	1	0 1
13	4	0.0	1	0 4
35	21	0.0	3	2 4 4 11
36	1	0.0	3	0 1


=== Second read: Adapter 22 ===

Sequence: ACGTTGGATGGAAAAATAAACTGTAAATCATATTCCT; Type: regular 5'; Length: 37; Trimmed: 39575 times.

No. of allowed errors:
0-9 bp: 0; 10-19 bp: 1; 20-29 bp: 2; 30-37 bp: 3

Overview of removed sequences
length	count	expect	max.err	error counts
3	35540	19278.6	0	35540
4	721	4819.6	0	721
5	41	1204.9	0	41
6	150	301.2	0	150
7	1467	75.3	0	1467
8	1	18.8	0	1
9	88	4.7	0	16 72
10	117	1.2	1	6 111
11	1	0.3	1	0 1
12	2	0.1	1	0 2
13	5	0.0	1	0 5
14	1	0.0	1	0 1
31	1	0.0	3	0 0 1
32	7	0.0	3	0 1 2 4
33	6	0.0	3	0 2 2 2
34	6	0.0	3	1 0 2 3
35	10	0.0	3	0 1 2 7
36	176	0.0	3	0 19 54 103
37	1203	0.0	3	66 194 375 568
38	23	0.0	3	0 1 4 18
39	6	0.0	3	0 0 2 4
40	2	0.0	3	0 0 0 2
49	1	0.0	3	0 0 1


=== Second read: Adapter 23 ===

Sequence: ACGTTGGATGGAAAAATAAACTGTAAATCATATTC; Type: regular 5'; Length: 35; Trimmed: 292 times.

No. of allowed errors:
0-9 bp: 0; 10-19 bp: 1; 20-29 bp: 2; 30-35 bp: 3

Overview of removed sequences
length	count	expect	max.err	error counts
11	1	0.3	1	0 1
33	5	0.0	3	0 0 1 4
34	30	0.0	3	1 0 3 26
35	246	0.0	3	3 11 21 211
36	9	0.0	3	0 0 1 8
38	1	0.0	3	0 0 0 1


=== Second read: Adapter 24 ===

Sequence: ACGTTGGATGGAAAAATAAATTGTAAATCAAATTC; Type: regular 5'; Length: 35; Trimmed: 24491 times.

No. of allowed errors:
0-9 bp: 0; 10-19 bp: 1; 20-29 bp: 2; 30-35 bp: 3

Overview of removed sequences
length	count	expect	max.err	error counts
5	22066	1204.9	0	22066
6	2153	301.2	0	2153
7	10	75.3	0	10
8	49	18.8	0	49
9	38	4.7	0	2 36
10	4	1.2	1	0 4
11	17	0.3	1	0 17
33	2	0.0	3	0 0 1 1
34	2	0.0	3	0 0 1 1
35	141	0.0	3	8 19 39 75
36	9	0.0	3	0 1 0 8
