This is cutadapt 2.6 with Python 3.7.3
Command line parameters: -g ACGTTGGATGTTTGTTACTATGGTAGATACCACAC -g ACGTTGGATGTTTGTTACTAAGGTAGATACCACTC -g ACGTTGGATGTTTGTTACTGTGGTGGATACTAC -g ACGTTGGATGTTTGTTACTGTTGTGGATACAAC -g ACGTTGGATGTTTGTTACCGTTGTTGATACTAC -g ACGTTGGATGAATATATGTGTGCTTATTTG -G ACGTTGGATGTTTGTTACTATGGTAGATACCACAC -G ACGTTGGATGTTTGTTACTGTGGTGGATACTAC -G ACGTTGGATGTTTGTTACTGTTGTGGATACAAC -G ACGTTGGATGTTTGTTACCGTTGTTGATACTAC -G ACGTTGGATGAATATATGTGTGCTTATTTG -G ACGTTGGATGTTTGTTACTAAGGTAGATACCACTC -g ACGTTGGATGGAAAAATAAACTGCAAATCATATTC -g ACGTTGGATGGAAAAATAAACTGTAAATCATATTC -g ACGTTGGATGGAAAAATAAATTGTAAATCATACTC -g ACGTTGGATGAGATTAGGGAAAGTATTAGA -g ACGTTGGATGGAAAAATAAATTGTAAATCAAATTC -g ACGTTGGATGGAAAAATAAACTGTAAATCATATTCCT -G ACGTTGGATGGAAAAATAAACTGCAAATCATATTC -G ACGTTGGATGAGATTAGGGAAAGTATTAGA -G ACGTTGGATGGAAAAATAAATTGTAAATCATACTC -G ACGTTGGATGGAAAAATAAACTGTAAATCATATTCCT -G ACGTTGGATGGAAAAATAAACTGTAAATCATATTC -G ACGTTGGATGGAAAAATAAATTGTAAATCAAATTC --minimum-length=1 -o /data/projects/mdc-971/data_from_Jan_2020/analysis/30.primer_trimmed/BJAB-5000_S60_L001_cutadapt.1.fq.gz -p /data/projects/mdc-971/data_from_Jan_2020/analysis/30.primer_trimmed/BJAB-5000_S60_L001_cutadapt.2.fq.gz /data/projects/mdc-971/data_from_Jan_2020/analysis/20.adapter_trimmed/BJAB-5000_S60_L001_R1_001.bbduked.trimmed.fastq.gz /data/projects/mdc-971/data_from_Jan_2020/analysis/20.adapter_trimmed/BJAB-5000_S60_L001_R2_001.bbduked.trimmed.fastq.gz
Processing reads on 1 core in paired-end mode ...
Finished in 51.94 s (245 us/read; 0.24 M reads/minute).

=== Summary ===

Total read pairs processed:            211,690
  Read 1 with adapter:                   1,753 (0.8%)
  Read 2 with adapter:                  17,624 (8.3%)
Pairs that were too short:                   0 (0.0%)
Pairs written (passing filters):       211,690 (100.0%)

Total basepairs processed:    39,753,643 bp
  Read 1:     8,000,144 bp
  Read 2:    31,753,499 bp
Total written (filtered):     39,566,883 bp (99.5%)
  Read 1:     7,953,565 bp
  Read 2:    31,613,318 bp

=== First read: Adapter 1 ===

Sequence: ACGTTGGATGTTTGTTACTATGGTAGATACCACAC; Type: regular 5'; Length: 35; Trimmed: 384 times.

No. of allowed errors:
0-9 bp: 0; 10-19 bp: 1; 20-29 bp: 2; 30-35 bp: 3

Overview of removed sequences
length	count	expect	max.err	error counts
3	70	3307.7	0	70
4	2	826.9	0	2
29	1	0.0	2	0 1
31	3	0.0	3	0 0 3
32	22	0.0	3	1 18 3
33	277	0.0	3	149 103 20 5
34	2	0.0	3	0 2
35	1	0.0	3	0 0 1
36	5	0.0	3	0 0 0 5
63	1	0.0	3	1


=== First read: Adapter 2 ===

Sequence: ACGTTGGATGTTTGTTACTAAGGTAGATACCACTC; Type: regular 5'; Length: 35; Trimmed: 58 times.

No. of allowed errors:
0-9 bp: 0; 10-19 bp: 1; 20-29 bp: 2; 30-35 bp: 3

Overview of removed sequences
length	count	expect	max.err	error counts
3	15	3307.7	0	15
32	6	0.0	3	0 4 2
33	33	0.0	3	30 3
34	2	0.0	3	0 1 1
35	1	0.0	3	0 0 0 1
36	1	0.0	3	0 0 0 1


=== First read: Adapter 3 ===

Sequence: ACGTTGGATGTTTGTTACTGTGGTGGATACTAC; Type: regular 5'; Length: 33; Trimmed: 122 times.

No. of allowed errors:
0-9 bp: 0; 10-19 bp: 1; 20-29 bp: 2; 30-33 bp: 3

Overview of removed sequences
length	count	expect	max.err	error counts
3	49	3307.7	0	49
23	1	0.0	2	1
28	1	0.0	2	0 0 0 1
30	4	0.0	3	0 2 1 1
31	65	0.0	3	48 13 4
32	2	0.0	3	0 1 1


=== First read: Adapter 4 ===

Sequence: ACGTTGGATGTTTGTTACTGTTGTGGATACAAC; Type: regular 5'; Length: 33; Trimmed: 83 times.

No. of allowed errors:
0-9 bp: 0; 10-19 bp: 1; 20-29 bp: 2; 30-33 bp: 3

Overview of removed sequences
length	count	expect	max.err	error counts
3	7	3307.7	0	7
30	2	0.0	3	1 1
31	62	0.0	3	44 15 3
32	2	0.0	3	0 2
33	10	0.0	3	0 0 9 1


=== First read: Adapter 5 ===

Sequence: ACGTTGGATGTTTGTTACCGTTGTTGATACTAC; Type: regular 5'; Length: 33; Trimmed: 101 times.

No. of allowed errors:
0-9 bp: 0; 10-19 bp: 1; 20-29 bp: 2; 30-33 bp: 3

Overview of removed sequences
length	count	expect	max.err	error counts
29	1	0.0	2	0 0 0 1
31	97	0.0	3	71 22 4
32	1	0.0	3	0 1
33	2	0.0	3	0 0 0 2


=== First read: Adapter 6 ===

Sequence: ACGTTGGATGAATATATGTGTGCTTATTTG; Type: regular 5'; Length: 30; Trimmed: 1 times.

No. of allowed errors:
0-9 bp: 0; 10-19 bp: 1; 20-29 bp: 2; 30 bp: 3

Overview of removed sequences
length	count	expect	max.err	error counts
3	1	3307.7	0	1


=== First read: Adapter 7 ===

Sequence: ACGTTGGATGGAAAAATAAACTGCAAATCATATTC; Type: regular 5'; Length: 35; Trimmed: 189 times.

No. of allowed errors:
0-9 bp: 0; 10-19 bp: 1; 20-29 bp: 2; 30-35 bp: 3

Overview of removed sequences
length	count	expect	max.err	error counts
3	127	3307.7	0	127
4	4	826.9	0	4
31	1	0.0	3	0 0 1
32	4	0.0	3	0 2 1 1
33	44	0.0	3	41 3
34	9	0.0	3	0 9


=== First read: Adapter 8 ===

Sequence: ACGTTGGATGGAAAAATAAACTGTAAATCATATTC; Type: regular 5'; Length: 35; Trimmed: 5 times.

No. of allowed errors:
0-9 bp: 0; 10-19 bp: 1; 20-29 bp: 2; 30-35 bp: 3

Overview of removed sequences
length	count	expect	max.err	error counts
33	5	0.0	3	3 2


=== First read: Adapter 9 ===

Sequence: ACGTTGGATGGAAAAATAAATTGTAAATCATACTC; Type: regular 5'; Length: 35; Trimmed: 15 times.

No. of allowed errors:
0-9 bp: 0; 10-19 bp: 1; 20-29 bp: 2; 30-35 bp: 3

Overview of removed sequences
length	count	expect	max.err	error counts
33	15	0.0	3	13 2


=== First read: Adapter 10 ===

Sequence: ACGTTGGATGAGATTAGGGAAAGTATTAGA; Type: regular 5'; Length: 30; Trimmed: 126 times.

No. of allowed errors:
0-9 bp: 0; 10-19 bp: 1; 20-29 bp: 2; 30 bp: 3

Overview of removed sequences
length	count	expect	max.err	error counts
3	42	3307.7	0	42
4	84	826.9	0	84


=== First read: Adapter 11 ===

Sequence: ACGTTGGATGGAAAAATAAATTGTAAATCAAATTC; Type: regular 5'; Length: 35; Trimmed: 89 times.

No. of allowed errors:
0-9 bp: 0; 10-19 bp: 1; 20-29 bp: 2; 30-35 bp: 3

Overview of removed sequences
length	count	expect	max.err	error counts
33	87	0.0	3	80 7
34	1	0.0	3	0 1
36	1	0.0	3	0 0 0 1


=== First read: Adapter 12 ===

Sequence: ACGTTGGATGGAAAAATAAACTGTAAATCATATTCCT; Type: regular 5'; Length: 37; Trimmed: 580 times.

No. of allowed errors:
0-9 bp: 0; 10-19 bp: 1; 20-29 bp: 2; 30-37 bp: 3

Overview of removed sequences
length	count	expect	max.err	error counts
32	1	0.0	3	0 1
34	63	0.0	3	0 48 14 1
35	491	0.0	3	263 211 15 2
36	9	0.0	3	0 6 2 1
37	16	0.0	3	0 0 2 14


=== Second read: Adapter 13 ===

Sequence: ACGTTGGATGTTTGTTACTATGGTAGATACCACAC; Type: regular 5'; Length: 35; Trimmed: 1657 times.

No. of allowed errors:
0-9 bp: 0; 10-19 bp: 1; 20-29 bp: 2; 30-35 bp: 3

Overview of removed sequences
length	count	expect	max.err	error counts
3	802	3307.7	0	802
4	232	826.9	0	232
5	51	206.7	0	51
6	4	51.7	0	4
7	3	12.9	0	3
8	2	3.2	0	2
9	8	0.8	0	0 8
10	3	0.2	1	0 3
11	4	0.1	1	0 4
30	3	0.0	3	0 1 1 1
31	1	0.0	3	0 1
32	2	0.0	3	0 0 0 2
33	20	0.0	3	1 0 6 13
34	61	0.0	3	0 13 25 23
35	432	0.0	3	102 104 101 125
36	19	0.0	3	0 5 3 11
37	7	0.0	3	0 0 1 6
38	3	0.0	3	0 0 0 3


=== Second read: Adapter 14 ===

Sequence: ACGTTGGATGTTTGTTACTGTGGTGGATACTAC; Type: regular 5'; Length: 33; Trimmed: 1070 times.

No. of allowed errors:
0-9 bp: 0; 10-19 bp: 1; 20-29 bp: 2; 30-33 bp: 3

Overview of removed sequences
length	count	expect	max.err	error counts
3	495	3307.7	0	495
4	67	826.9	0	67
5	235	206.7	0	235
6	21	51.7	0	21
7	3	12.9	0	3
8	16	3.2	0	16
20	1	0.0	2	0 0 1
24	1	0.0	2	0 0 1
25	2	0.0	2	0 1 1
27	1	0.0	2	0 0 1
28	1	0.0	2	0 0 1
29	2	0.0	2	0 2
31	11	0.0	3	0 1 3 7
32	12	0.0	3	0 3 1 8
33	189	0.0	3	45 33 45 66
34	8	0.0	3	0 1 4 3
35	3	0.0	3	0 0 1 2
36	1	0.0	3	0 0 0 1
45	1	0.0	3	1


=== Second read: Adapter 15 ===

Sequence: ACGTTGGATGTTTGTTACTGTTGTGGATACAAC; Type: regular 5'; Length: 33; Trimmed: 2839 times.

No. of allowed errors:
0-9 bp: 0; 10-19 bp: 1; 20-29 bp: 2; 30-33 bp: 3

Overview of removed sequences
length	count	expect	max.err	error counts
3	2245	3307.7	0	2245
4	218	826.9	0	218
5	87	206.7	0	87
6	39	51.7	0	39
7	6	12.9	0	6
8	12	3.2	0	12
20	1	0.0	2	0 1
26	1	0.0	2	0 0 1
27	2	0.0	2	0 2
28	1	0.0	2	0 0 1
29	3	0.0	2	1 0 0 2
31	8	0.0	3	0 1 4 3
32	21	0.0	3	1 6 5 9
33	169	0.0	3	38 37 36 58
34	9	0.0	3	0 2 5 2
35	15	0.0	3	0 0 11 4
36	1	0.0	3	0 0 0 1
44	1	0.0	3	0 0 0 1


=== Second read: Adapter 16 ===

Sequence: ACGTTGGATGTTTGTTACCGTTGTTGATACTAC; Type: regular 5'; Length: 33; Trimmed: 250 times.

No. of allowed errors:
0-9 bp: 0; 10-19 bp: 1; 20-29 bp: 2; 30-33 bp: 3

Overview of removed sequences
length	count	expect	max.err	error counts
9	1	0.8	0	0 1
10	1	0.2	1	0 1
24	1	0.0	2	0 0 1
25	1	0.0	2	0 0 1
28	6	0.0	2	0 3 3
29	1	0.0	2	0 1
31	12	0.0	3	1 5 4 2
32	14	0.0	3	0 3 2 9
33	203	0.0	3	36 67 40 60
34	6	0.0	3	0 0 1 5
35	4	0.0	3	0 0 3 1


=== Second read: Adapter 17 ===

Sequence: ACGTTGGATGAATATATGTGTGCTTATTTG; Type: regular 5'; Length: 30; Trimmed: 523 times.

No. of allowed errors:
0-9 bp: 0; 10-19 bp: 1; 20-29 bp: 2; 30 bp: 3

Overview of removed sequences
length	count	expect	max.err	error counts
3	153	3307.7	0	153
4	57	826.9	0	57
5	264	206.7	0	264
6	44	51.7	0	44
7	1	12.9	0	1
9	1	0.8	0	0 1
10	1	0.2	1	0 1
12	1	0.0	1	0 1
13	1	0.0	1	0 1


=== Second read: Adapter 18 ===

Sequence: ACGTTGGATGTTTGTTACTAAGGTAGATACCACTC; Type: regular 5'; Length: 35; Trimmed: 1326 times.

No. of allowed errors:
0-9 bp: 0; 10-19 bp: 1; 20-29 bp: 2; 30-35 bp: 3

Overview of removed sequences
length	count	expect	max.err	error counts
3	288	3307.7	0	288
4	654	826.9	0	654
5	62	206.7	0	62
6	7	51.7	0	7
7	9	12.9	0	9
9	197	0.8	0	1 196
10	4	0.2	1	0 4
11	29	0.1	1	0 29
12	1	0.0	1	0 1
28	1	0.0	2	0 0 0 1
33	1	0.0	3	0 0 0 1
34	7	0.0	3	0 0 3 4
35	57	0.0	3	17 11 14 15
36	5	0.0	3	0 0 4 1
37	3	0.0	3	0 0 1 2
38	1	0.0	3	0 0 0 1


=== Second read: Adapter 19 ===

Sequence: ACGTTGGATGGAAAAATAAACTGCAAATCATATTC; Type: regular 5'; Length: 35; Trimmed: 942 times.

No. of allowed errors:
0-9 bp: 0; 10-19 bp: 1; 20-29 bp: 2; 30-35 bp: 3

Overview of removed sequences
length	count	expect	max.err	error counts
3	251	3307.7	0	251
4	163	826.9	0	163
5	130	206.7	0	130
6	37	51.7	0	37
7	55	12.9	0	55
8	1	3.2	0	1
9	63	0.8	0	0 63
10	3	0.2	1	0 3
11	10	0.1	1	0 10
12	4	0.0	1	0 4
15	1	0.0	1	0 1
19	1	0.0	1	0 1
33	1	0.0	3	0 0 1
34	7	0.0	3	0 1 2 4
35	188	0.0	3	29 22 33 104
36	26	0.0	3	0 11 7 8
38	1	0.0	3	0 0 0 1


=== Second read: Adapter 20 ===

Sequence: ACGTTGGATGAGATTAGGGAAAGTATTAGA; Type: regular 5'; Length: 30; Trimmed: 860 times.

No. of allowed errors:
0-9 bp: 0; 10-19 bp: 1; 20-29 bp: 2; 30 bp: 3

Overview of removed sequences
length	count	expect	max.err	error counts
3	613	3307.7	0	613
4	177	826.9	0	177
5	10	206.7	0	10
6	44	51.7	0	44
7	5	12.9	0	5
9	4	0.8	0	0 4
10	3	0.2	1	0 3
11	4	0.1	1	0 4


=== Second read: Adapter 21 ===

Sequence: ACGTTGGATGGAAAAATAAATTGTAAATCATACTC; Type: regular 5'; Length: 35; Trimmed: 285 times.

No. of allowed errors:
0-9 bp: 0; 10-19 bp: 1; 20-29 bp: 2; 30-35 bp: 3

Overview of removed sequences
length	count	expect	max.err	error counts
5	28	206.7	0	28
6	4	51.7	0	4
7	48	12.9	0	48
8	3	3.2	0	3
9	169	0.8	0	2 167
10	6	0.2	1	0 6
11	12	0.1	1	0 12
12	2	0.0	1	0 2
33	1	0.0	3	0 0 0 1
35	11	0.0	3	1 4 1 5
37	1	0.0	3	0 1


=== Second read: Adapter 22 ===

Sequence: ACGTTGGATGGAAAAATAAACTGTAAATCATATTCCT; Type: regular 5'; Length: 37; Trimmed: 6832 times.

No. of allowed errors:
0-9 bp: 0; 10-19 bp: 1; 20-29 bp: 2; 30-37 bp: 3

Overview of removed sequences
length	count	expect	max.err	error counts
3	5923	3307.7	0	5923
4	114	826.9	0	114
5	11	206.7	0	11
6	15	51.7	0	15
7	12	12.9	0	12
8	4	3.2	0	4
9	6	0.8	0	3 3
10	64	0.2	1	1 63
11	6	0.1	1	0 6
32	1	0.0	3	0 0 1
33	1	0.0	3	0 0 0 1
35	8	0.0	3	0 0 2 6
36	84	0.0	3	1 30 22 31
37	555	0.0	3	105 173 119 158
38	19	0.0	3	0 3 10 6
39	7	0.0	3	0 0 1 6
40	1	0.0	3	0 0 0 1
52	1	0.0	3	0 0 1


=== Second read: Adapter 23 ===

Sequence: ACGTTGGATGGAAAAATAAACTGTAAATCATATTC; Type: regular 5'; Length: 35; Trimmed: 67 times.

No. of allowed errors:
0-9 bp: 0; 10-19 bp: 1; 20-29 bp: 2; 30-35 bp: 3

Overview of removed sequences
length	count	expect	max.err	error counts
33	1	0.0	3	0 0 0 1
34	10	0.0	3	0 1 1 8
35	55	0.0	3	2 2 8 43
36	1	0.0	3	0 0 0 1


=== Second read: Adapter 24 ===

Sequence: ACGTTGGATGGAAAAATAAATTGTAAATCAAATTC; Type: regular 5'; Length: 35; Trimmed: 973 times.

No. of allowed errors:
0-9 bp: 0; 10-19 bp: 1; 20-29 bp: 2; 30-35 bp: 3

Overview of removed sequences
length	count	expect	max.err	error counts
5	518	206.7	0	518
6	278	51.7	0	278
7	17	12.9	0	17
8	2	3.2	0	2
9	81	0.8	0	3 78
10	3	0.2	1	0 3
32	1	0.0	3	0 0 1
34	6	0.0	3	0 2 1 3
35	67	0.0	3	24 10 16 17
