This is cutadapt 2.6 with Python 3.7.3
Command line parameters: -g ACGTTGGATGTTTGTTACTATGGTAGATACCACAC -g ACGTTGGATGTTTGTTACTAAGGTAGATACCACTC -g ACGTTGGATGTTTGTTACTGTGGTGGATACTAC -g ACGTTGGATGTTTGTTACTGTTGTGGATACAAC -g ACGTTGGATGTTTGTTACCGTTGTTGATACTAC -g ACGTTGGATGAATATATGTGTGCTTATTTG -G ACGTTGGATGTTTGTTACTATGGTAGATACCACAC -G ACGTTGGATGTTTGTTACTGTGGTGGATACTAC -G ACGTTGGATGTTTGTTACTGTTGTGGATACAAC -G ACGTTGGATGTTTGTTACCGTTGTTGATACTAC -G ACGTTGGATGAATATATGTGTGCTTATTTG -G ACGTTGGATGTTTGTTACTAAGGTAGATACCACTC -g ACGTTGGATGGAAAAATAAACTGCAAATCATATTC -g ACGTTGGATGGAAAAATAAACTGTAAATCATATTC -g ACGTTGGATGGAAAAATAAATTGTAAATCATACTC -g ACGTTGGATGAGATTAGGGAAAGTATTAGA -g ACGTTGGATGGAAAAATAAATTGTAAATCAAATTC -g ACGTTGGATGGAAAAATAAACTGTAAATCATATTCCT -G ACGTTGGATGGAAAAATAAACTGCAAATCATATTC -G ACGTTGGATGAGATTAGGGAAAGTATTAGA -G ACGTTGGATGGAAAAATAAATTGTAAATCATACTC -G ACGTTGGATGGAAAAATAAACTGTAAATCATATTCCT -G ACGTTGGATGGAAAAATAAACTGTAAATCATATTC -G ACGTTGGATGGAAAAATAAATTGTAAATCAAATTC --minimum-length=1 -o /data/projects/mdc-971/data_from_Jan_2020/analysis/30.primer_trimmed/HeLa-10000_S52_L001_cutadapt.1.fq.gz -p /data/projects/mdc-971/data_from_Jan_2020/analysis/30.primer_trimmed/HeLa-10000_S52_L001_cutadapt.2.fq.gz /data/projects/mdc-971/data_from_Jan_2020/analysis/20.adapter_trimmed/HeLa-10000_S52_L001_R1_001.bbduked.trimmed.fastq.gz /data/projects/mdc-971/data_from_Jan_2020/analysis/20.adapter_trimmed/HeLa-10000_S52_L001_R2_001.bbduked.trimmed.fastq.gz
Processing reads on 1 core in paired-end mode ...
Finished in 7.92 s (246 us/read; 0.24 M reads/minute).

=== Summary ===

Total read pairs processed:             32,202
  Read 1 with adapter:                     398 (1.2%)
  Read 2 with adapter:                   2,457 (7.6%)
Pairs that were too short:                   0 (0.0%)
Pairs written (passing filters):        32,202 (100.0%)

Total basepairs processed:     6,070,041 bp
  Read 1:     1,239,741 bp
  Read 2:     4,830,300 bp
Total written (filtered):      6,037,799 bp (99.5%)
  Read 1:     1,229,339 bp
  Read 2:     4,808,460 bp

=== First read: Adapter 1 ===

Sequence: ACGTTGGATGTTTGTTACTATGGTAGATACCACAC; Type: regular 5'; Length: 35; Trimmed: 94 times.

No. of allowed errors:
0-9 bp: 0; 10-19 bp: 1; 20-29 bp: 2; 30-35 bp: 3

Overview of removed sequences
length	count	expect	max.err	error counts
3	10	503.2	0	10
29	1	0.0	2	1
32	10	0.0	3	2 5 3
33	72	0.0	3	31 34 6 1
34	1	0.0	3	0 0 1


=== First read: Adapter 2 ===

Sequence: ACGTTGGATGTTTGTTACTAAGGTAGATACCACTC; Type: regular 5'; Length: 35; Trimmed: 4 times.

No. of allowed errors:
0-9 bp: 0; 10-19 bp: 1; 20-29 bp: 2; 30-35 bp: 3

Overview of removed sequences
length	count	expect	max.err	error counts
3	1	503.2	0	1
33	3	0.0	3	2 1


=== First read: Adapter 3 ===

Sequence: ACGTTGGATGTTTGTTACTGTGGTGGATACTAC; Type: regular 5'; Length: 33; Trimmed: 44 times.

No. of allowed errors:
0-9 bp: 0; 10-19 bp: 1; 20-29 bp: 2; 30-33 bp: 3

Overview of removed sequences
length	count	expect	max.err	error counts
3	6	503.2	0	6
29	3	0.0	2	1 0 1 1
30	4	0.0	3	0 4
31	28	0.0	3	18 10
32	2	0.0	3	0 1 1
47	1	0.0	3	0 1


=== First read: Adapter 4 ===

Sequence: ACGTTGGATGTTTGTTACTGTTGTGGATACAAC; Type: regular 5'; Length: 33; Trimmed: 37 times.

No. of allowed errors:
0-9 bp: 0; 10-19 bp: 1; 20-29 bp: 2; 30-33 bp: 3

Overview of removed sequences
length	count	expect	max.err	error counts
3	6	503.2	0	6
29	1	0.0	2	1
30	3	0.0	3	0 2 1
31	21	0.0	3	20 1
32	1	0.0	3	0 1
33	5	0.0	3	0 0 5


=== First read: Adapter 5 ===

Sequence: ACGTTGGATGTTTGTTACCGTTGTTGATACTAC; Type: regular 5'; Length: 33; Trimmed: 33 times.

No. of allowed errors:
0-9 bp: 0; 10-19 bp: 1; 20-29 bp: 2; 30-33 bp: 3

Overview of removed sequences
length	count	expect	max.err	error counts
27	2	0.0	2	1 1
29	2	0.0	2	2
30	5	0.0	3	0 3 2
31	22	0.0	3	20 2
32	1	0.0	3	0 1
33	1	0.0	3	0 0 0 1


=== First read: Adapter 6 ===

Sequence: ACGTTGGATGAATATATGTGTGCTTATTTG; Type: regular 5'; Length: 30; Trimmed: 0 times.

=== First read: Adapter 7 ===

Sequence: ACGTTGGATGGAAAAATAAACTGCAAATCATATTC; Type: regular 5'; Length: 35; Trimmed: 38 times.

No. of allowed errors:
0-9 bp: 0; 10-19 bp: 1; 20-29 bp: 2; 30-35 bp: 3

Overview of removed sequences
length	count	expect	max.err	error counts
3	23	503.2	0	23
4	2	125.8	0	2
18	1	0.0	1	0 0 1
32	2	0.0	3	0 2
33	7	0.0	3	6 1
34	3	0.0	3	0 3


=== First read: Adapter 8 ===

Sequence: ACGTTGGATGGAAAAATAAACTGTAAATCATATTC; Type: regular 5'; Length: 35; Trimmed: 3 times.

No. of allowed errors:
0-9 bp: 0; 10-19 bp: 1; 20-29 bp: 2; 30-35 bp: 3

Overview of removed sequences
length	count	expect	max.err	error counts
32	1	0.0	3	0 1
33	2	0.0	3	2


=== First read: Adapter 9 ===

Sequence: ACGTTGGATGGAAAAATAAATTGTAAATCATACTC; Type: regular 5'; Length: 35; Trimmed: 3 times.

No. of allowed errors:
0-9 bp: 0; 10-19 bp: 1; 20-29 bp: 2; 30-35 bp: 3

Overview of removed sequences
length	count	expect	max.err	error counts
33	3	0.0	3	3


=== First read: Adapter 10 ===

Sequence: ACGTTGGATGAGATTAGGGAAAGTATTAGA; Type: regular 5'; Length: 30; Trimmed: 42 times.

No. of allowed errors:
0-9 bp: 0; 10-19 bp: 1; 20-29 bp: 2; 30 bp: 3

Overview of removed sequences
length	count	expect	max.err	error counts
3	7	503.2	0	7
4	35	125.8	0	35


=== First read: Adapter 11 ===

Sequence: ACGTTGGATGGAAAAATAAATTGTAAATCAAATTC; Type: regular 5'; Length: 35; Trimmed: 17 times.

No. of allowed errors:
0-9 bp: 0; 10-19 bp: 1; 20-29 bp: 2; 30-35 bp: 3

Overview of removed sequences
length	count	expect	max.err	error counts
32	1	0.0	3	0 1
33	16	0.0	3	16


=== First read: Adapter 12 ===

Sequence: ACGTTGGATGGAAAAATAAACTGTAAATCATATTCCT; Type: regular 5'; Length: 37; Trimmed: 83 times.

No. of allowed errors:
0-9 bp: 0; 10-19 bp: 1; 20-29 bp: 2; 30-37 bp: 3

Overview of removed sequences
length	count	expect	max.err	error counts
33	1	0.0	3	0 1
34	7	0.0	3	1 5 1
35	70	0.0	3	48 21 1
36	4	0.0	3	0 3 1
38	1	0.0	3	0 0 0 1


=== Second read: Adapter 13 ===

Sequence: ACGTTGGATGTTTGTTACTATGGTAGATACCACAC; Type: regular 5'; Length: 35; Trimmed: 241 times.

No. of allowed errors:
0-9 bp: 0; 10-19 bp: 1; 20-29 bp: 2; 30-35 bp: 3

Overview of removed sequences
length	count	expect	max.err	error counts
3	112	503.2	0	112
4	23	125.8	0	23
5	2	31.4	0	2
6	2	7.9	0	2
10	2	0.0	1	0 2
11	2	0.0	1	0 2
26	1	0.0	2	1
30	2	0.0	3	1 1
31	1	0.0	3	0 0 0 1
33	2	0.0	3	0 0 1 1
34	6	0.0	3	1 1 1 3
35	79	0.0	3	18 21 17 23
36	3	0.0	3	0 1 1 1
37	2	0.0	3	0 0 1 1
38	2	0.0	3	0 0 0 2


=== Second read: Adapter 14 ===

Sequence: ACGTTGGATGTTTGTTACTGTGGTGGATACTAC; Type: regular 5'; Length: 33; Trimmed: 149 times.

No. of allowed errors:
0-9 bp: 0; 10-19 bp: 1; 20-29 bp: 2; 30-33 bp: 3

Overview of removed sequences
length	count	expect	max.err	error counts
3	73	503.2	0	73
4	6	125.8	0	6
5	23	31.4	0	23
6	1	7.9	0	1
10	1	0.0	1	0 1
28	3	0.0	2	3
31	2	0.0	3	0 0 1 1
32	3	0.0	3	0 1 2
33	33	0.0	3	9 11 5 8
34	3	0.0	3	0 1 2
36	1	0.0	3	0 0 0 1


=== Second read: Adapter 15 ===

Sequence: ACGTTGGATGTTTGTTACTGTTGTGGATACAAC; Type: regular 5'; Length: 33; Trimmed: 355 times.

No. of allowed errors:
0-9 bp: 0; 10-19 bp: 1; 20-29 bp: 2; 30-33 bp: 3

Overview of removed sequences
length	count	expect	max.err	error counts
3	271	503.2	0	271
4	27	125.8	0	27
5	7	31.4	0	7
6	2	7.9	0	2
7	1	2.0	0	1
8	1	0.5	0	1
10	2	0.0	1	0 2
27	2	0.0	2	2
28	3	0.0	2	0 1 2
30	2	0.0	3	0 1 1
32	5	0.0	3	0 1 1 3
33	25	0.0	3	8 4 4 9
34	2	0.0	3	0 1 1
35	5	0.0	3	0 0 2 3


=== Second read: Adapter 16 ===

Sequence: ACGTTGGATGTTTGTTACCGTTGTTGATACTAC; Type: regular 5'; Length: 33; Trimmed: 47 times.

No. of allowed errors:
0-9 bp: 0; 10-19 bp: 1; 20-29 bp: 2; 30-33 bp: 3

Overview of removed sequences
length	count	expect	max.err	error counts
29	1	0.0	2	1
30	2	0.0	3	0 1 0 1
31	5	0.0	3	1 1 1 2
32	8	0.0	3	0 2 3 3
33	31	0.0	3	3 12 9 7


=== Second read: Adapter 17 ===

Sequence: ACGTTGGATGAATATATGTGTGCTTATTTG; Type: regular 5'; Length: 30; Trimmed: 44 times.

No. of allowed errors:
0-9 bp: 0; 10-19 bp: 1; 20-29 bp: 2; 30 bp: 3

Overview of removed sequences
length	count	expect	max.err	error counts
3	23	503.2	0	23
4	5	125.8	0	5
5	6	31.4	0	6
6	9	7.9	0	9
7	1	2.0	0	1


=== Second read: Adapter 18 ===

Sequence: ACGTTGGATGTTTGTTACTAAGGTAGATACCACTC; Type: regular 5'; Length: 35; Trimmed: 161 times.

No. of allowed errors:
0-9 bp: 0; 10-19 bp: 1; 20-29 bp: 2; 30-35 bp: 3

Overview of removed sequences
length	count	expect	max.err	error counts
3	38	503.2	0	38
4	93	125.8	0	93
5	6	31.4	0	6
6	2	7.9	0	2
7	2	2.0	0	2
10	3	0.0	1	0 3
11	1	0.0	1	0 1
30	1	0.0	3	1
31	1	0.0	3	0 0 0 1
32	1	0.0	3	0 0 0 1
34	1	0.0	3	0 0 1
35	12	0.0	3	4 1 5 2


=== Second read: Adapter 19 ===

Sequence: ACGTTGGATGGAAAAATAAACTGCAAATCATATTC; Type: regular 5'; Length: 35; Trimmed: 120 times.

No. of allowed errors:
0-9 bp: 0; 10-19 bp: 1; 20-29 bp: 2; 30-35 bp: 3

Overview of removed sequences
length	count	expect	max.err	error counts
3	34	503.2	0	34
4	18	125.8	0	18
5	11	31.4	0	11
6	11	7.9	0	11
7	4	2.0	0	4
9	11	0.1	0	0 11
11	1	0.0	1	0 1
33	1	0.0	3	0 0 0 1
34	4	0.0	3	0 2 1 1
35	19	0.0	3	2 2 2 13
36	6	0.0	3	0 3 1 2


=== Second read: Adapter 20 ===

Sequence: ACGTTGGATGAGATTAGGGAAAGTATTAGA; Type: regular 5'; Length: 30; Trimmed: 114 times.

No. of allowed errors:
0-9 bp: 0; 10-19 bp: 1; 20-29 bp: 2; 30 bp: 3

Overview of removed sequences
length	count	expect	max.err	error counts
3	94	503.2	0	94
4	18	125.8	0	18
10	2	0.0	1	0 2


=== Second read: Adapter 21 ===

Sequence: ACGTTGGATGGAAAAATAAATTGTAAATCATACTC; Type: regular 5'; Length: 35; Trimmed: 14 times.

No. of allowed errors:
0-9 bp: 0; 10-19 bp: 1; 20-29 bp: 2; 30-35 bp: 3

Overview of removed sequences
length	count	expect	max.err	error counts
5	2	31.4	0	2
6	1	7.9	0	1
7	1	2.0	0	1
9	2	0.1	0	0 2
10	2	0.0	1	0 2
11	3	0.0	1	0 3
35	3	0.0	3	2 0 0 1


=== Second read: Adapter 22 ===

Sequence: ACGTTGGATGGAAAAATAAACTGTAAATCATATTCCT; Type: regular 5'; Length: 37; Trimmed: 1026 times.

No. of allowed errors:
0-9 bp: 0; 10-19 bp: 1; 20-29 bp: 2; 30-37 bp: 3

Overview of removed sequences
length	count	expect	max.err	error counts
3	868	503.2	0	868
4	17	125.8	0	17
5	3	31.4	0	3
6	2	7.9	0	2
7	2	2.0	0	2
9	1	0.1	0	0 1
10	13	0.0	1	0 13
11	5	0.0	1	0 5
32	1	0.0	3	1
34	1	0.0	3	0 1
35	2	0.0	3	0 1 1
36	15	0.0	3	0 3 5 7
37	89	0.0	3	19 32 18 20
38	3	0.0	3	0 0 2 1
39	3	0.0	3	0 0 1 2
40	1	0.0	3	0 0 0 1


=== Second read: Adapter 23 ===

Sequence: ACGTTGGATGGAAAAATAAACTGTAAATCATATTC; Type: regular 5'; Length: 35; Trimmed: 8 times.

No. of allowed errors:
0-9 bp: 0; 10-19 bp: 1; 20-29 bp: 2; 30-35 bp: 3

Overview of removed sequences
length	count	expect	max.err	error counts
35	7	0.0	3	0 1 0 6
36	1	0.0	3	0 0 0 1


=== Second read: Adapter 24 ===

Sequence: ACGTTGGATGGAAAAATAAATTGTAAATCAAATTC; Type: regular 5'; Length: 35; Trimmed: 178 times.

No. of allowed errors:
0-9 bp: 0; 10-19 bp: 1; 20-29 bp: 2; 30-35 bp: 3

Overview of removed sequences
length	count	expect	max.err	error counts
5	77	31.4	0	77
6	77	7.9	0	77
7	1	2.0	0	1
9	11	0.1	0	0 11
11	1	0.0	1	0 1
35	11	0.0	3	4 3 2 2
