This is cutadapt 2.6 with Python 3.7.3
Command line parameters: -g ACGTTGGATGTTTGTTACTATGGTAGATACCACAC -g ACGTTGGATGTTTGTTACTAAGGTAGATACCACTC -g ACGTTGGATGTTTGTTACTGTGGTGGATACTAC -g ACGTTGGATGTTTGTTACTGTTGTGGATACAAC -g ACGTTGGATGTTTGTTACCGTTGTTGATACTAC -g ACGTTGGATGAATATATGTGTGCTTATTTG -G ACGTTGGATGTTTGTTACTATGGTAGATACCACAC -G ACGTTGGATGTTTGTTACTGTGGTGGATACTAC -G ACGTTGGATGTTTGTTACTGTTGTGGATACAAC -G ACGTTGGATGTTTGTTACCGTTGTTGATACTAC -G ACGTTGGATGAATATATGTGTGCTTATTTG -G ACGTTGGATGTTTGTTACTAAGGTAGATACCACTC -g ACGTTGGATGGAAAAATAAACTGCAAATCATATTC -g ACGTTGGATGGAAAAATAAACTGTAAATCATATTC -g ACGTTGGATGGAAAAATAAATTGTAAATCATACTC -g ACGTTGGATGAGATTAGGGAAAGTATTAGA -g ACGTTGGATGGAAAAATAAATTGTAAATCAAATTC -g ACGTTGGATGGAAAAATAAACTGTAAATCATATTCCT -G ACGTTGGATGGAAAAATAAACTGCAAATCATATTC -G ACGTTGGATGAGATTAGGGAAAGTATTAGA -G ACGTTGGATGGAAAAATAAATTGTAAATCATACTC -G ACGTTGGATGGAAAAATAAACTGTAAATCATATTCCT -G ACGTTGGATGGAAAAATAAACTGTAAATCATATTC -G ACGTTGGATGGAAAAATAAATTGTAAATCAAATTC --minimum-length=1 -o /data/projects/mdc-971/data_from_Jan_2020/analysis/30.primer_trimmed/HeLa-100_S54_L001_cutadapt.1.fq.gz -p /data/projects/mdc-971/data_from_Jan_2020/analysis/30.primer_trimmed/HeLa-100_S54_L001_cutadapt.2.fq.gz /data/projects/mdc-971/data_from_Jan_2020/analysis/20.adapter_trimmed/HeLa-100_S54_L001_R1_001.bbduked.trimmed.fastq.gz /data/projects/mdc-971/data_from_Jan_2020/analysis/20.adapter_trimmed/HeLa-100_S54_L001_R2_001.bbduked.trimmed.fastq.gz
Processing reads on 1 core in paired-end mode ...
Finished in 14.39 s (247 us/read; 0.24 M reads/minute).

=== Summary ===

Total read pairs processed:             58,244
  Read 1 with adapter:                   1,290 (2.2%)
  Read 2 with adapter:                   5,221 (9.0%)
Pairs that were too short:                   0 (0.0%)
Pairs written (passing filters):        58,244 (100.0%)

Total basepairs processed:    10,967,116 bp
  Read 1:     2,230,517 bp
  Read 2:     8,736,599 bp
Total written (filtered):     10,866,018 bp (99.1%)
  Read 1:     2,192,503 bp
  Read 2:     8,673,515 bp

=== First read: Adapter 1 ===

Sequence: ACGTTGGATGTTTGTTACTATGGTAGATACCACAC; Type: regular 5'; Length: 35; Trimmed: 395 times.

No. of allowed errors:
0-9 bp: 0; 10-19 bp: 1; 20-29 bp: 2; 30-35 bp: 3

Overview of removed sequences
length	count	expect	max.err	error counts
3	31	910.1	0	31
27	1	0.0	2	1
29	1	0.0	2	0 1
30	4	0.0	3	2 0 2
31	41	0.0	3	4 31 6
32	307	0.0	3	151 133 22 1
33	9	0.0	3	1 6 1 1
35	1	0.0	3	0 0 0 1


=== First read: Adapter 2 ===

Sequence: ACGTTGGATGTTTGTTACTAAGGTAGATACCACTC; Type: regular 5'; Length: 35; Trimmed: 22 times.

No. of allowed errors:
0-9 bp: 0; 10-19 bp: 1; 20-29 bp: 2; 30-35 bp: 3

Overview of removed sequences
length	count	expect	max.err	error counts
3	2	910.1	0	2
30	3	0.0	3	0 0 3
31	2	0.0	3	0 2
32	15	0.0	3	15


=== First read: Adapter 3 ===

Sequence: ACGTTGGATGTTTGTTACTGTGGTGGATACTAC; Type: regular 5'; Length: 33; Trimmed: 86 times.

No. of allowed errors:
0-9 bp: 0; 10-19 bp: 1; 20-29 bp: 2; 30-33 bp: 3

Overview of removed sequences
length	count	expect	max.err	error counts
26	1	0.0	2	1
28	2	0.0	2	1 0 1
29	3	0.0	2	2 1
30	77	0.0	3	66 9 2
31	3	0.0	3	0 2 1


=== First read: Adapter 4 ===

Sequence: ACGTTGGATGTTTGTTACTGTTGTGGATACAAC; Type: regular 5'; Length: 33; Trimmed: 69 times.

No. of allowed errors:
0-9 bp: 0; 10-19 bp: 1; 20-29 bp: 2; 30-33 bp: 3

Overview of removed sequences
length	count	expect	max.err	error counts
4	1	227.5	0	1
29	6	0.0	2	1 4 0 1
30	33	0.0	3	29 4
31	3	0.0	3	0 1 0 2
32	25	0.0	3	0 0 24 1
33	1	0.0	3	0 0 1


=== First read: Adapter 5 ===

Sequence: ACGTTGGATGTTTGTTACCGTTGTTGATACTAC; Type: regular 5'; Length: 33; Trimmed: 48 times.

No. of allowed errors:
0-9 bp: 0; 10-19 bp: 1; 20-29 bp: 2; 30-33 bp: 3

Overview of removed sequences
length	count	expect	max.err	error counts
27	1	0.0	2	1
28	1	0.0	2	1
29	4	0.0	2	1 3
30	42	0.0	3	38 3 1


=== First read: Adapter 6 ===

Sequence: ACGTTGGATGAATATATGTGTGCTTATTTG; Type: regular 5'; Length: 30; Trimmed: 0 times.

=== First read: Adapter 7 ===

Sequence: ACGTTGGATGGAAAAATAAACTGCAAATCATATTC; Type: regular 5'; Length: 35; Trimmed: 28 times.

No. of allowed errors:
0-9 bp: 0; 10-19 bp: 1; 20-29 bp: 2; 30-35 bp: 3

Overview of removed sequences
length	count	expect	max.err	error counts
3	12	910.1	0	12
32	13	0.0	3	11 0 2
33	3	0.0	3	0 2 0 1


=== First read: Adapter 8 ===

Sequence: ACGTTGGATGGAAAAATAAACTGTAAATCATATTC; Type: regular 5'; Length: 35; Trimmed: 0 times.

=== First read: Adapter 9 ===

Sequence: ACGTTGGATGGAAAAATAAATTGTAAATCATACTC; Type: regular 5'; Length: 35; Trimmed: 6 times.

No. of allowed errors:
0-9 bp: 0; 10-19 bp: 1; 20-29 bp: 2; 30-35 bp: 3

Overview of removed sequences
length	count	expect	max.err	error counts
32	6	0.0	3	6


=== First read: Adapter 10 ===

Sequence: ACGTTGGATGAGATTAGGGAAAGTATTAGA; Type: regular 5'; Length: 30; Trimmed: 80 times.

No. of allowed errors:
0-9 bp: 0; 10-19 bp: 1; 20-29 bp: 2; 30 bp: 3

Overview of removed sequences
length	count	expect	max.err	error counts
3	75	910.1	0	75
4	5	227.5	0	5


=== First read: Adapter 11 ===

Sequence: ACGTTGGATGGAAAAATAAATTGTAAATCAAATTC; Type: regular 5'; Length: 35; Trimmed: 117 times.

No. of allowed errors:
0-9 bp: 0; 10-19 bp: 1; 20-29 bp: 2; 30-35 bp: 3

Overview of removed sequences
length	count	expect	max.err	error counts
31	1	0.0	3	1
32	115	0.0	3	111 4
33	1	0.0	3	0 1


=== First read: Adapter 12 ===

Sequence: ACGTTGGATGGAAAAATAAACTGTAAATCATATTCCT; Type: regular 5'; Length: 37; Trimmed: 439 times.

No. of allowed errors:
0-9 bp: 0; 10-19 bp: 1; 20-29 bp: 2; 30-37 bp: 3

Overview of removed sequences
length	count	expect	max.err	error counts
29	3	0.0	2	2 1
30	5	0.0	3	3 1 0 1
31	2	0.0	3	1 0 1
32	1	0.0	3	1
33	45	0.0	3	6 29 10
34	375	0.0	3	224 145 6
35	4	0.0	3	0 3 1
36	3	0.0	3	0 0 1 2
37	1	0.0	3	0 0 0 1


=== Second read: Adapter 13 ===

Sequence: ACGTTGGATGTTTGTTACTATGGTAGATACCACAC; Type: regular 5'; Length: 35; Trimmed: 702 times.

No. of allowed errors:
0-9 bp: 0; 10-19 bp: 1; 20-29 bp: 2; 30-35 bp: 3

Overview of removed sequences
length	count	expect	max.err	error counts
3	185	910.1	0	185
4	69	227.5	0	69
5	17	56.9	0	17
6	2	14.2	0	2
8	1	0.9	0	1
9	2	0.2	0	0 2
10	23	0.1	1	0 23
11	5	0.0	1	0 5
26	1	0.0	2	0 1
29	1	0.0	2	0 0 1
30	1	0.0	3	1
31	1	0.0	3	0 0 1
32	2	0.0	3	0 1 1
33	10	0.0	3	4 2 2 2
34	37	0.0	3	2 20 7 8
35	335	0.0	3	166 109 36 24
36	9	0.0	3	0 4 3 2
37	1	0.0	3	0 0 1


=== Second read: Adapter 14 ===

Sequence: ACGTTGGATGTTTGTTACTGTGGTGGATACTAC; Type: regular 5'; Length: 33; Trimmed: 462 times.

No. of allowed errors:
0-9 bp: 0; 10-19 bp: 1; 20-29 bp: 2; 30-33 bp: 3

Overview of removed sequences
length	count	expect	max.err	error counts
3	126	910.1	0	126
4	14	227.5	0	14
5	184	56.9	0	184
6	4	14.2	0	4
8	23	0.9	0	23
9	1	0.2	0	1
11	1	0.0	1	0 1
13	1	0.0	1	0 1
23	1	0.0	2	0 0 1
25	1	0.0	2	1
28	3	0.0	2	0 1 2
29	1	0.0	2	0 0 1
31	2	0.0	3	0 0 1 1
32	4	0.0	3	0 2 1 1
33	92	0.0	3	46 18 13 15
34	2	0.0	3	0 0 1 1
35	1	0.0	3	0 0 1
41	1	0.0	3	0 0 1


=== Second read: Adapter 15 ===

Sequence: ACGTTGGATGTTTGTTACTGTTGTGGATACAAC; Type: regular 5'; Length: 33; Trimmed: 752 times.

No. of allowed errors:
0-9 bp: 0; 10-19 bp: 1; 20-29 bp: 2; 30-33 bp: 3

Overview of removed sequences
length	count	expect	max.err	error counts
3	530	910.1	0	530
4	48	227.5	0	48
5	44	56.9	0	44
6	7	14.2	0	7
7	1	3.6	0	1
8	22	0.9	0	22
10	1	0.1	1	0 1
11	2	0.0	1	0 2
24	1	0.0	2	1
27	1	0.0	2	0 1
28	4	0.0	2	1 2 1
30	1	0.0	3	0 0 1
31	3	0.0	3	2 0 0 1
32	2	0.0	3	0 1 0 1
33	65	0.0	3	34 11 6 14
34	5	0.0	3	0 2 1 2
35	15	0.0	3	0 0 11 4


=== Second read: Adapter 16 ===

Sequence: ACGTTGGATGTTTGTTACCGTTGTTGATACTAC; Type: regular 5'; Length: 33; Trimmed: 64 times.

No. of allowed errors:
0-9 bp: 0; 10-19 bp: 1; 20-29 bp: 2; 30-33 bp: 3

Overview of removed sequences
length	count	expect	max.err	error counts
9	1	0.2	0	0 1
11	3	0.0	1	0 3
28	1	0.0	2	0 0 1
30	1	0.0	3	0 0 1
31	5	0.0	3	1 1 1 2
32	10	0.0	3	0 2 5 3
33	43	0.0	3	20 3 7 13


=== Second read: Adapter 17 ===

Sequence: ACGTTGGATGAATATATGTGTGCTTATTTG; Type: regular 5'; Length: 30; Trimmed: 67 times.

No. of allowed errors:
0-9 bp: 0; 10-19 bp: 1; 20-29 bp: 2; 30 bp: 3

Overview of removed sequences
length	count	expect	max.err	error counts
3	32	910.1	0	32
4	8	227.5	0	8
5	19	56.9	0	19
6	7	14.2	0	7
8	1	0.9	0	1


=== Second read: Adapter 18 ===

Sequence: ACGTTGGATGTTTGTTACTAAGGTAGATACCACTC; Type: regular 5'; Length: 35; Trimmed: 286 times.

No. of allowed errors:
0-9 bp: 0; 10-19 bp: 1; 20-29 bp: 2; 30-35 bp: 3

Overview of removed sequences
length	count	expect	max.err	error counts
3	51	910.1	0	51
4	177	227.5	0	177
5	4	56.9	0	4
7	2	3.6	0	2
9	2	0.2	0	0 2
10	25	0.1	1	0 25
11	1	0.0	1	0 1
33	1	0.0	3	0 0 0 1
34	3	0.0	3	0 0 0 3
35	18	0.0	3	6 1 5 6
37	2	0.0	3	0 0 0 2


=== Second read: Adapter 19 ===

Sequence: ACGTTGGATGGAAAAATAAACTGCAAATCATATTC; Type: regular 5'; Length: 35; Trimmed: 167 times.

No. of allowed errors:
0-9 bp: 0; 10-19 bp: 1; 20-29 bp: 2; 30-35 bp: 3

Overview of removed sequences
length	count	expect	max.err	error counts
3	53	910.1	0	53
4	37	227.5	0	37
5	8	56.9	0	8
7	4	3.6	0	4
10	2	0.1	1	0 2
11	3	0.0	1	0 3
34	2	0.0	3	0 0 1 1
35	47	0.0	3	12 7 5 23
36	10	0.0	3	0 3 3 4
49	1	0.0	3	0 0 1


=== Second read: Adapter 20 ===

Sequence: ACGTTGGATGAGATTAGGGAAAGTATTAGA; Type: regular 5'; Length: 30; Trimmed: 296 times.

No. of allowed errors:
0-9 bp: 0; 10-19 bp: 1; 20-29 bp: 2; 30 bp: 3

Overview of removed sequences
length	count	expect	max.err	error counts
3	158	910.1	0	158
4	100	227.5	0	100
5	3	56.9	0	3
6	25	14.2	0	25
7	4	3.6	0	4
9	1	0.2	0	1
10	5	0.1	1	0 5


=== Second read: Adapter 21 ===

Sequence: ACGTTGGATGGAAAAATAAATTGTAAATCATACTC; Type: regular 5'; Length: 35; Trimmed: 24 times.

No. of allowed errors:
0-9 bp: 0; 10-19 bp: 1; 20-29 bp: 2; 30-35 bp: 3

Overview of removed sequences
length	count	expect	max.err	error counts
7	1	3.6	0	1
9	2	0.2	0	0 2
10	17	0.1	1	0 17
11	2	0.0	1	0 2
35	2	0.0	3	0 0 1 1


=== Second read: Adapter 22 ===

Sequence: ACGTTGGATGGAAAAATAAACTGTAAATCATATTCCT; Type: regular 5'; Length: 37; Trimmed: 2170 times.

No. of allowed errors:
0-9 bp: 0; 10-19 bp: 1; 20-29 bp: 2; 30-37 bp: 3

Overview of removed sequences
length	count	expect	max.err	error counts
3	1634	910.1	0	1634
4	13	227.5	0	13
6	1	14.2	0	1
7	3	3.6	0	3
9	3	0.2	0	3
32	1	0.0	3	0 1
33	2	0.0	3	1 1
35	2	0.0	3	0 1 0 1
36	47	0.0	3	0 20 12 15
37	446	0.0	3	210 151 40 45
38	11	0.0	3	0 8 1 2
39	6	0.0	3	0 0 0 6
40	1	0.0	3	0 0 0 1


=== Second read: Adapter 23 ===

Sequence: ACGTTGGATGGAAAAATAAACTGTAAATCATATTC; Type: regular 5'; Length: 35; Trimmed: 25 times.

No. of allowed errors:
0-9 bp: 0; 10-19 bp: 1; 20-29 bp: 2; 30-35 bp: 3

Overview of removed sequences
length	count	expect	max.err	error counts
34	2	0.0	3	0 0 0 2
35	21	0.0	3	0 2 2 17
36	2	0.0	3	0 0 0 2


=== Second read: Adapter 24 ===

Sequence: ACGTTGGATGGAAAAATAAATTGTAAATCAAATTC; Type: regular 5'; Length: 35; Trimmed: 206 times.

No. of allowed errors:
0-9 bp: 0; 10-19 bp: 1; 20-29 bp: 2; 30-35 bp: 3

Overview of removed sequences
length	count	expect	max.err	error counts
5	72	56.9	0	72
6	14	14.2	0	14
7	1	3.6	0	1
8	3	0.9	0	3
9	2	0.2	0	0 2
10	4	0.1	1	0 4
11	6	0.0	1	0 6
33	1	0.0	3	1
34	4	0.0	3	0 4
35	96	0.0	3	76 9 4 7
36	3	0.0	3	0 1 0 2
