This is cutadapt 2.6 with Python 3.7.3
Command line parameters: -g ACGTTGGATGTTTGTTACTATGGTAGATACCACAC -g ACGTTGGATGTTTGTTACTAAGGTAGATACCACTC -g ACGTTGGATGTTTGTTACTGTGGTGGATACTAC -g ACGTTGGATGTTTGTTACTGTTGTGGATACAAC -g ACGTTGGATGTTTGTTACCGTTGTTGATACTAC -g ACGTTGGATGAATATATGTGTGCTTATTTG -G ACGTTGGATGTTTGTTACTATGGTAGATACCACAC -G ACGTTGGATGTTTGTTACTGTGGTGGATACTAC -G ACGTTGGATGTTTGTTACTGTTGTGGATACAAC -G ACGTTGGATGTTTGTTACCGTTGTTGATACTAC -G ACGTTGGATGAATATATGTGTGCTTATTTG -G ACGTTGGATGTTTGTTACTAAGGTAGATACCACTC -g ACGTTGGATGGAAAAATAAACTGCAAATCATATTC -g ACGTTGGATGGAAAAATAAACTGTAAATCATATTC -g ACGTTGGATGGAAAAATAAATTGTAAATCATACTC -g ACGTTGGATGAGATTAGGGAAAGTATTAGA -g ACGTTGGATGGAAAAATAAATTGTAAATCAAATTC -g ACGTTGGATGGAAAAATAAACTGTAAATCATATTCCT -G ACGTTGGATGGAAAAATAAACTGCAAATCATATTC -G ACGTTGGATGAGATTAGGGAAAGTATTAGA -G ACGTTGGATGGAAAAATAAATTGTAAATCATACTC -G ACGTTGGATGGAAAAATAAACTGTAAATCATATTCCT -G ACGTTGGATGGAAAAATAAACTGTAAATCATATTC -G ACGTTGGATGGAAAAATAAATTGTAAATCAAATTC --minimum-length=1 -o /data/projects/mdc-971/data_from_Jan_2020/analysis/30.primer_trimmed/HeLa-1000_S53_L001_cutadapt.1.fq.gz -p /data/projects/mdc-971/data_from_Jan_2020/analysis/30.primer_trimmed/HeLa-1000_S53_L001_cutadapt.2.fq.gz /data/projects/mdc-971/data_from_Jan_2020/analysis/20.adapter_trimmed/HeLa-1000_S53_L001_R1_001.bbduked.trimmed.fastq.gz /data/projects/mdc-971/data_from_Jan_2020/analysis/20.adapter_trimmed/HeLa-1000_S53_L001_R2_001.bbduked.trimmed.fastq.gz
Processing reads on 1 core in paired-end mode ...
Finished in 1.44 s (300 us/read; 0.20 M reads/minute).

=== Summary ===

Total read pairs processed:              4,804
  Read 1 with adapter:                   1,507 (31.4%)
  Read 2 with adapter:                   1,542 (32.1%)
Pairs that were too short:                   0 (0.0%)
Pairs written (passing filters):         4,804 (100.0%)

Total basepairs processed:     1,056,073 bp
  Read 1:       335,473 bp
  Read 2:       720,600 bp
Total written (filtered):        962,913 bp (91.2%)
  Read 1:       286,822 bp
  Read 2:       676,091 bp

=== First read: Adapter 1 ===

Sequence: ACGTTGGATGTTTGTTACTATGGTAGATACCACAC; Type: regular 5'; Length: 35; Trimmed: 373 times.

No. of allowed errors:
0-9 bp: 0; 10-19 bp: 1; 20-29 bp: 2; 30-35 bp: 3

Overview of removed sequences
length	count	expect	max.err	error counts
3	4	75.1	0	4
27	1	0.0	2	1
31	4	0.0	3	0 0 2 2
32	28	0.0	3	1 20 6 1
33	309	0.0	3	160 127 21 1
34	7	0.0	3	0 6 1
35	3	0.0	3	0 0 2 1
36	17	0.0	3	0 0 0 17


=== First read: Adapter 2 ===

Sequence: ACGTTGGATGTTTGTTACTAAGGTAGATACCACTC; Type: regular 5'; Length: 35; Trimmed: 72 times.

No. of allowed errors:
0-9 bp: 0; 10-19 bp: 1; 20-29 bp: 2; 30-35 bp: 3

Overview of removed sequences
length	count	expect	max.err	error counts
3	3	75.1	0	3
32	9	0.0	3	1 6 2
33	57	0.0	3	49 4 2 2
34	2	0.0	3	0 2
36	1	0.0	3	0 0 0 1


=== First read: Adapter 3 ===

Sequence: ACGTTGGATGTTTGTTACTGTGGTGGATACTAC; Type: regular 5'; Length: 33; Trimmed: 137 times.

No. of allowed errors:
0-9 bp: 0; 10-19 bp: 1; 20-29 bp: 2; 30-33 bp: 3

Overview of removed sequences
length	count	expect	max.err	error counts
3	1	75.1	0	1
23	1	0.0	2	0 1
28	1	0.0	2	1
29	2	0.0	2	0 0 2
30	10	0.0	3	1 6 3
31	113	0.0	3	69 39 5
32	8	0.0	3	0 5 3
33	1	0.0	3	0 0 0 1


=== First read: Adapter 4 ===

Sequence: ACGTTGGATGTTTGTTACTGTTGTGGATACAAC; Type: regular 5'; Length: 33; Trimmed: 88 times.

No. of allowed errors:
0-9 bp: 0; 10-19 bp: 1; 20-29 bp: 2; 30-33 bp: 3

Overview of removed sequences
length	count	expect	max.err	error counts
29	1	0.0	2	1
30	5	0.0	3	2 2 0 1
31	76	0.0	3	59 15 2
33	6	0.0	3	0 0 6


=== First read: Adapter 5 ===

Sequence: ACGTTGGATGTTTGTTACCGTTGTTGATACTAC; Type: regular 5'; Length: 33; Trimmed: 112 times.

No. of allowed errors:
0-9 bp: 0; 10-19 bp: 1; 20-29 bp: 2; 30-33 bp: 3

Overview of removed sequences
length	count	expect	max.err	error counts
28	1	0.0	2	0 0 0 1
29	5	0.0	2	4 0 1
30	11	0.0	3	3 7 1
31	90	0.0	3	71 15 2 2
32	4	0.0	3	0 4
48	1	0.0	3	0 1


=== First read: Adapter 6 ===

Sequence: ACGTTGGATGAATATATGTGTGCTTATTTG; Type: regular 5'; Length: 30; Trimmed: 0 times.

=== First read: Adapter 7 ===

Sequence: ACGTTGGATGGAAAAATAAACTGCAAATCATATTC; Type: regular 5'; Length: 35; Trimmed: 79 times.

No. of allowed errors:
0-9 bp: 0; 10-19 bp: 1; 20-29 bp: 2; 30-35 bp: 3

Overview of removed sequences
length	count	expect	max.err	error counts
3	3	75.1	0	3
29	1	0.0	2	1
32	5	0.0	3	0 5
33	59	0.0	3	54 5
34	10	0.0	3	0 9 0 1
36	1	0.0	3	0 0 0 1


=== First read: Adapter 8 ===

Sequence: ACGTTGGATGGAAAAATAAACTGTAAATCATATTC; Type: regular 5'; Length: 35; Trimmed: 18 times.

No. of allowed errors:
0-9 bp: 0; 10-19 bp: 1; 20-29 bp: 2; 30-35 bp: 3

Overview of removed sequences
length	count	expect	max.err	error counts
33	17	0.0	3	11 5 1
34	1	0.0	3	0 1


=== First read: Adapter 9 ===

Sequence: ACGTTGGATGGAAAAATAAATTGTAAATCATACTC; Type: regular 5'; Length: 35; Trimmed: 7 times.

No. of allowed errors:
0-9 bp: 0; 10-19 bp: 1; 20-29 bp: 2; 30-35 bp: 3

Overview of removed sequences
length	count	expect	max.err	error counts
33	7	0.0	3	6 1


=== First read: Adapter 10 ===

Sequence: ACGTTGGATGAGATTAGGGAAAGTATTAGA; Type: regular 5'; Length: 30; Trimmed: 37 times.

No. of allowed errors:
0-9 bp: 0; 10-19 bp: 1; 20-29 bp: 2; 30 bp: 3

Overview of removed sequences
length	count	expect	max.err	error counts
3	3	75.1	0	3
4	34	18.8	0	34


=== First read: Adapter 11 ===

Sequence: ACGTTGGATGGAAAAATAAATTGTAAATCAAATTC; Type: regular 5'; Length: 35; Trimmed: 71 times.

No. of allowed errors:
0-9 bp: 0; 10-19 bp: 1; 20-29 bp: 2; 30-35 bp: 3

Overview of removed sequences
length	count	expect	max.err	error counts
33	71	0.0	3	66 5


=== First read: Adapter 12 ===

Sequence: ACGTTGGATGGAAAAATAAACTGTAAATCATATTCCT; Type: regular 5'; Length: 37; Trimmed: 513 times.

No. of allowed errors:
0-9 bp: 0; 10-19 bp: 1; 20-29 bp: 2; 30-37 bp: 3

Overview of removed sequences
length	count	expect	max.err	error counts
31	1	0.0	3	1
32	1	0.0	3	1
33	4	0.0	3	2 0 2
34	55	0.0	3	0 44 10 1
35	429	0.0	3	250 170 9
36	15	0.0	3	0 8 5 2
37	7	0.0	3	0 0 4 3
38	1	0.0	3	0 0 0 1


=== Second read: Adapter 13 ===

Sequence: ACGTTGGATGTTTGTTACTATGGTAGATACCACAC; Type: regular 5'; Length: 35; Trimmed: 292 times.

No. of allowed errors:
0-9 bp: 0; 10-19 bp: 1; 20-29 bp: 2; 30-35 bp: 3

Overview of removed sequences
length	count	expect	max.err	error counts
3	5	75.1	0	5
4	6	18.8	0	6
5	1	4.7	0	1
10	2	0.0	1	0 2
32	1	0.0	3	0 1
33	7	0.0	3	0 0 2 5
34	31	0.0	3	0 8 7 16
35	213	0.0	3	74 80 42 17
36	7	0.0	3	0 3 2 2
37	4	0.0	3	0 0 1 3
38	15	0.0	3	0 0 0 15


=== Second read: Adapter 14 ===

Sequence: ACGTTGGATGTTTGTTACTGTGGTGGATACTAC; Type: regular 5'; Length: 33; Trimmed: 174 times.

No. of allowed errors:
0-9 bp: 0; 10-19 bp: 1; 20-29 bp: 2; 30-33 bp: 3

Overview of removed sequences
length	count	expect	max.err	error counts
3	1	75.1	0	1
5	27	4.7	0	27
21	1	0.0	2	1
24	1	0.0	2	0 1
25	1	0.0	2	0 1
27	2	0.0	2	0 2
29	3	0.0	2	0 2 1
31	5	0.0	3	0 0 3 2
32	12	0.0	3	0 5 3 4
33	103	0.0	3	41 35 16 11
34	17	0.0	3	0 5 8 4
35	1	0.0	3	0 0 0 1


=== Second read: Adapter 15 ===

Sequence: ACGTTGGATGTTTGTTACTGTTGTGGATACAAC; Type: regular 5'; Length: 33; Trimmed: 161 times.

No. of allowed errors:
0-9 bp: 0; 10-19 bp: 1; 20-29 bp: 2; 30-33 bp: 3

Overview of removed sequences
length	count	expect	max.err	error counts
3	29	75.1	0	29
4	1	18.8	0	1
5	5	4.7	0	5
7	1	0.3	0	1
29	2	0.0	2	2
31	5	0.0	3	2 0 1 2
32	7	0.0	3	0 2 3 2
33	85	0.0	3	36 29 12 8
34	9	0.0	3	0 3 2 4
35	12	0.0	3	0 0 10 2
36	4	0.0	3	0 0 0 4
45	1	0.0	3	1


=== Second read: Adapter 16 ===

Sequence: ACGTTGGATGTTTGTTACCGTTGTTGATACTAC; Type: regular 5'; Length: 33; Trimmed: 97 times.

No. of allowed errors:
0-9 bp: 0; 10-19 bp: 1; 20-29 bp: 2; 30-33 bp: 3

Overview of removed sequences
length	count	expect	max.err	error counts
19	1	0.0	1	1
27	1	0.0	2	0 1
28	2	0.0	2	2
30	1	0.0	3	1
31	1	0.0	3	1
32	7	0.0	3	1 2 3 1
33	77	0.0	3	20 19 24 14
34	6	0.0	3	0 3 2 1
35	1	0.0	3	0 0 0 1


=== Second read: Adapter 17 ===

Sequence: ACGTTGGATGAATATATGTGTGCTTATTTG; Type: regular 5'; Length: 30; Trimmed: 8 times.

No. of allowed errors:
0-9 bp: 0; 10-19 bp: 1; 20-29 bp: 2; 30 bp: 3

Overview of removed sequences
length	count	expect	max.err	error counts
3	5	75.1	0	5
4	1	18.8	0	1
5	2	4.7	0	2


=== Second read: Adapter 18 ===

Sequence: ACGTTGGATGTTTGTTACTAAGGTAGATACCACTC; Type: regular 5'; Length: 35; Trimmed: 102 times.

No. of allowed errors:
0-9 bp: 0; 10-19 bp: 1; 20-29 bp: 2; 30-35 bp: 3

Overview of removed sequences
length	count	expect	max.err	error counts
3	1	75.1	0	1
4	14	18.8	0	14
5	3	4.7	0	3
10	1	0.0	1	0 1
30	1	0.0	3	1
31	1	0.0	3	0 0 1
33	1	0.0	3	0 0 1
34	13	0.0	3	0 5 4 4
35	58	0.0	3	34 19 5
36	3	0.0	3	0 2 1
37	2	0.0	3	0 0 0 2
38	4	0.0	3	0 0 0 4


=== Second read: Adapter 19 ===

Sequence: ACGTTGGATGGAAAAATAAACTGCAAATCATATTC; Type: regular 5'; Length: 35; Trimmed: 100 times.

No. of allowed errors:
0-9 bp: 0; 10-19 bp: 1; 20-29 bp: 2; 30-35 bp: 3

Overview of removed sequences
length	count	expect	max.err	error counts
4	2	18.8	0	2
5	1	4.7	0	1
6	1	1.2	0	1
7	1	0.3	0	1
11	1	0.0	1	0 1
13	1	0.0	1	0 1
30	1	0.0	3	0 1
31	1	0.0	3	0 0 1
32	1	0.0	3	0 0 0 1
33	1	0.0	3	0 0 0 1
34	3	0.0	3	0 2 1
35	68	0.0	3	39 10 6 13
36	15	0.0	3	0 13 1 1
37	1	0.0	3	0 0 0 1
38	2	0.0	3	0 0 0 2


=== Second read: Adapter 20 ===

Sequence: ACGTTGGATGAGATTAGGGAAAGTATTAGA; Type: regular 5'; Length: 30; Trimmed: 8 times.

No. of allowed errors:
0-9 bp: 0; 10-19 bp: 1; 20-29 bp: 2; 30 bp: 3

Overview of removed sequences
length	count	expect	max.err	error counts
3	2	75.1	0	2
4	4	18.8	0	4
5	1	4.7	0	1
10	1	0.0	1	0 1


=== Second read: Adapter 21 ===

Sequence: ACGTTGGATGGAAAAATAAATTGTAAATCATACTC; Type: regular 5'; Length: 35; Trimmed: 10 times.

No. of allowed errors:
0-9 bp: 0; 10-19 bp: 1; 20-29 bp: 2; 30-35 bp: 3

Overview of removed sequences
length	count	expect	max.err	error counts
7	3	0.3	0	3
10	1	0.0	1	0 1
35	5	0.0	3	4 1
38	1	0.0	3	0 0 0 1


=== Second read: Adapter 22 ===

Sequence: ACGTTGGATGGAAAAATAAACTGTAAATCATATTCCT; Type: regular 5'; Length: 37; Trimmed: 500 times.

No. of allowed errors:
0-9 bp: 0; 10-19 bp: 1; 20-29 bp: 2; 30-37 bp: 3

Overview of removed sequences
length	count	expect	max.err	error counts
3	137	75.1	0	137
6	1	1.2	0	1
7	1	0.3	0	1
9	1	0.0	0	0 1
31	1	0.0	3	0 0 1
33	1	0.0	3	0 1
34	2	0.0	3	0 2
35	5	0.0	3	0 0 3 2
36	50	0.0	3	2 30 11 7
37	280	0.0	3	101 118 36 25
38	9	0.0	3	0 4 4 1
39	11	0.0	3	0 0 1 10
40	1	0.0	3	0 0 0 1


=== Second read: Adapter 23 ===

Sequence: ACGTTGGATGGAAAAATAAACTGTAAATCATATTC; Type: regular 5'; Length: 35; Trimmed: 30 times.

No. of allowed errors:
0-9 bp: 0; 10-19 bp: 1; 20-29 bp: 2; 30-35 bp: 3

Overview of removed sequences
length	count	expect	max.err	error counts
34	3	0.0	3	0 1 0 2
35	26	0.0	3	13 0 5 8
36	1	0.0	3	0 0 1


=== Second read: Adapter 24 ===

Sequence: ACGTTGGATGGAAAAATAAATTGTAAATCAAATTC; Type: regular 5'; Length: 35; Trimmed: 60 times.

No. of allowed errors:
0-9 bp: 0; 10-19 bp: 1; 20-29 bp: 2; 30-35 bp: 3

Overview of removed sequences
length	count	expect	max.err	error counts
5	35	4.7	0	35
6	2	1.2	0	2
34	1	0.0	3	1
35	21	0.0	3	13 5 1 2
36	1	0.0	3	0 0 0 1
