This is cutadapt 2.6 with Python 3.7.3
Command line parameters: -g ACGTTGGATGTTTGTTACTATGGTAGATACCACAC -g ACGTTGGATGTTTGTTACTAAGGTAGATACCACTC -g ACGTTGGATGTTTGTTACTGTGGTGGATACTAC -g ACGTTGGATGTTTGTTACTGTTGTGGATACAAC -g ACGTTGGATGTTTGTTACCGTTGTTGATACTAC -g ACGTTGGATGAATATATGTGTGCTTATTTG -G ACGTTGGATGTTTGTTACTATGGTAGATACCACAC -G ACGTTGGATGTTTGTTACTGTGGTGGATACTAC -G ACGTTGGATGTTTGTTACTGTTGTGGATACAAC -G ACGTTGGATGTTTGTTACCGTTGTTGATACTAC -G ACGTTGGATGAATATATGTGTGCTTATTTG -G ACGTTGGATGTTTGTTACTAAGGTAGATACCACTC -g ACGTTGGATGGAAAAATAAACTGCAAATCATATTC -g ACGTTGGATGGAAAAATAAACTGTAAATCATATTC -g ACGTTGGATGGAAAAATAAATTGTAAATCATACTC -g ACGTTGGATGAGATTAGGGAAAGTATTAGA -g ACGTTGGATGGAAAAATAAATTGTAAATCAAATTC -g ACGTTGGATGGAAAAATAAACTGTAAATCATATTCCT -G ACGTTGGATGGAAAAATAAACTGCAAATCATATTC -G ACGTTGGATGAGATTAGGGAAAGTATTAGA -G ACGTTGGATGGAAAAATAAATTGTAAATCATACTC -G ACGTTGGATGGAAAAATAAACTGTAAATCATATTCCT -G ACGTTGGATGGAAAAATAAACTGTAAATCATATTC -G ACGTTGGATGGAAAAATAAATTGTAAATCAAATTC --minimum-length=1 -o /data/projects/mdc-971/data_from_Jan_2020/analysis/30.primer_trimmed/HeLa-100000_S51_L001_cutadapt.1.fq.gz -p /data/projects/mdc-971/data_from_Jan_2020/analysis/30.primer_trimmed/HeLa-100000_S51_L001_cutadapt.2.fq.gz /data/projects/mdc-971/data_from_Jan_2020/analysis/20.adapter_trimmed/HeLa-100000_S51_L001_R1_001.bbduked.trimmed.fastq.gz /data/projects/mdc-971/data_from_Jan_2020/analysis/20.adapter_trimmed/HeLa-100000_S51_L001_R2_001.bbduked.trimmed.fastq.gz
Processing reads on 1 core in paired-end mode ...
Finished in 10.66 s (251 us/read; 0.24 M reads/minute).

=== Summary ===

Total read pairs processed:             42,511
  Read 1 with adapter:                   1,141 (2.7%)
  Read 2 with adapter:                   4,958 (11.7%)
Pairs that were too short:                   0 (0.0%)
Pairs written (passing filters):        42,511 (100.0%)

Total basepairs processed:     8,069,828 bp
  Read 1:     1,693,178 bp
  Read 2:     6,376,650 bp
Total written (filtered):      7,982,634 bp (98.9%)
  Read 1:     1,658,441 bp
  Read 2:     6,324,193 bp

=== First read: Adapter 1 ===

Sequence: ACGTTGGATGTTTGTTACTATGGTAGATACCACAC; Type: regular 5'; Length: 35; Trimmed: 301 times.

No. of allowed errors:
0-9 bp: 0; 10-19 bp: 1; 20-29 bp: 2; 30-35 bp: 3

Overview of removed sequences
length	count	expect	max.err	error counts
3	18	664.2	0	18
31	4	0.0	3	0 1 2 1
32	16	0.0	3	0 11 5
33	243	0.0	3	141 85 15 2
34	6	0.0	3	0 2 2 2
35	1	0.0	3	0 0 1
36	13	0.0	3	0 0 0 13


=== First read: Adapter 2 ===

Sequence: ACGTTGGATGTTTGTTACTAAGGTAGATACCACTC; Type: regular 5'; Length: 35; Trimmed: 38 times.

No. of allowed errors:
0-9 bp: 0; 10-19 bp: 1; 20-29 bp: 2; 30-35 bp: 3

Overview of removed sequences
length	count	expect	max.err	error counts
3	2	664.2	0	2
32	1	0.0	3	0 0 1
33	30	0.0	3	27 1 1 1
34	2	0.0	3	0 2
36	3	0.0	3	0 0 0 3


=== First read: Adapter 3 ===

Sequence: ACGTTGGATGTTTGTTACTGTGGTGGATACTAC; Type: regular 5'; Length: 33; Trimmed: 70 times.

No. of allowed errors:
0-9 bp: 0; 10-19 bp: 1; 20-29 bp: 2; 30-33 bp: 3

Overview of removed sequences
length	count	expect	max.err	error counts
3	7	664.2	0	7
29	4	0.0	2	0 0 4
30	5	0.0	3	0 4 1
31	52	0.0	3	34 16 2
33	2	0.0	3	0 0 2


=== First read: Adapter 4 ===

Sequence: ACGTTGGATGTTTGTTACTGTTGTGGATACAAC; Type: regular 5'; Length: 33; Trimmed: 95 times.

No. of allowed errors:
0-9 bp: 0; 10-19 bp: 1; 20-29 bp: 2; 30-33 bp: 3

Overview of removed sequences
length	count	expect	max.err	error counts
3	1	664.2	0	1
30	4	0.0	3	0 3 0 1
31	66	0.0	3	47 16 3
32	6	0.0	3	0 5 1
33	17	0.0	3	0 0 17
34	1	0.0	3	0 0 0 1


=== First read: Adapter 5 ===

Sequence: ACGTTGGATGTTTGTTACCGTTGTTGATACTAC; Type: regular 5'; Length: 33; Trimmed: 78 times.

No. of allowed errors:
0-9 bp: 0; 10-19 bp: 1; 20-29 bp: 2; 30-33 bp: 3

Overview of removed sequences
length	count	expect	max.err	error counts
27	1	0.0	2	1
30	11	0.0	3	3 7 1
31	62	0.0	3	51 10 1
32	3	0.0	3	0 2 1
33	1	0.0	3	0 0 1


=== First read: Adapter 6 ===

Sequence: ACGTTGGATGAATATATGTGTGCTTATTTG; Type: regular 5'; Length: 30; Trimmed: 0 times.

=== First read: Adapter 7 ===

Sequence: ACGTTGGATGGAAAAATAAACTGCAAATCATATTC; Type: regular 5'; Length: 35; Trimmed: 72 times.

No. of allowed errors:
0-9 bp: 0; 10-19 bp: 1; 20-29 bp: 2; 30-35 bp: 3

Overview of removed sequences
length	count	expect	max.err	error counts
3	28	664.2	0	28
4	2	166.1	0	2
32	2	0.0	3	0 1 1
33	29	0.0	3	27 2
34	10	0.0	3	0 10
36	1	0.0	3	0 0 0 1


=== First read: Adapter 8 ===

Sequence: ACGTTGGATGGAAAAATAAACTGTAAATCATATTC; Type: regular 5'; Length: 35; Trimmed: 9 times.

No. of allowed errors:
0-9 bp: 0; 10-19 bp: 1; 20-29 bp: 2; 30-35 bp: 3

Overview of removed sequences
length	count	expect	max.err	error counts
32	1	0.0	3	0 0 1
33	7	0.0	3	3 4
34	1	0.0	3	0 1


=== First read: Adapter 9 ===

Sequence: ACGTTGGATGGAAAAATAAATTGTAAATCATACTC; Type: regular 5'; Length: 35; Trimmed: 3 times.

No. of allowed errors:
0-9 bp: 0; 10-19 bp: 1; 20-29 bp: 2; 30-35 bp: 3

Overview of removed sequences
length	count	expect	max.err	error counts
33	3	0.0	3	3


=== First read: Adapter 10 ===

Sequence: ACGTTGGATGAGATTAGGGAAAGTATTAGA; Type: regular 5'; Length: 30; Trimmed: 52 times.

No. of allowed errors:
0-9 bp: 0; 10-19 bp: 1; 20-29 bp: 2; 30 bp: 3

Overview of removed sequences
length	count	expect	max.err	error counts
3	6	664.2	0	6
4	46	166.1	0	46


=== First read: Adapter 11 ===

Sequence: ACGTTGGATGGAAAAATAAATTGTAAATCAAATTC; Type: regular 5'; Length: 35; Trimmed: 46 times.

No. of allowed errors:
0-9 bp: 0; 10-19 bp: 1; 20-29 bp: 2; 30-35 bp: 3

Overview of removed sequences
length	count	expect	max.err	error counts
32	1	0.0	3	1
33	45	0.0	3	40 5


=== First read: Adapter 12 ===

Sequence: ACGTTGGATGGAAAAATAAACTGTAAATCATATTCCT; Type: regular 5'; Length: 37; Trimmed: 377 times.

No. of allowed errors:
0-9 bp: 0; 10-19 bp: 1; 20-29 bp: 2; 30-37 bp: 3

Overview of removed sequences
length	count	expect	max.err	error counts
32	1	0.0	3	1
33	1	0.0	3	0 0 1
34	38	0.0	3	0 28 10
35	320	0.0	3	158 145 16 1
36	3	0.0	3	0 1 1 1
37	13	0.0	3	0 0 7 6
38	1	0.0	3	0 0 0 1


=== Second read: Adapter 13 ===

Sequence: ACGTTGGATGTTTGTTACTATGGTAGATACCACAC; Type: regular 5'; Length: 35; Trimmed: 650 times.

No. of allowed errors:
0-9 bp: 0; 10-19 bp: 1; 20-29 bp: 2; 30-35 bp: 3

Overview of removed sequences
length	count	expect	max.err	error counts
3	128	664.2	0	128
4	247	166.1	0	247
5	10	41.5	0	10
6	2	10.4	0	2
7	2	2.6	0	2
10	11	0.0	1	0 11
11	1	0.0	1	0 1
24	1	0.0	2	0 0 1
30	4	0.0	3	1 1 2
32	2	0.0	3	1 1
33	7	0.0	3	0 1 1 5
34	33	0.0	3	0 10 11 12
35	187	0.0	3	73 59 33 22
36	7	0.0	3	0 1 4 2
37	4	0.0	3	0 0 1 3
38	4	0.0	3	0 0 0 4


=== Second read: Adapter 14 ===

Sequence: ACGTTGGATGTTTGTTACTGTGGTGGATACTAC; Type: regular 5'; Length: 33; Trimmed: 291 times.

No. of allowed errors:
0-9 bp: 0; 10-19 bp: 1; 20-29 bp: 2; 30-33 bp: 3

Overview of removed sequences
length	count	expect	max.err	error counts
3	67	664.2	0	67
4	35	166.1	0	35
5	76	41.5	0	76
7	3	2.6	0	3
8	1	0.6	0	1
10	1	0.0	1	0 1
26	1	0.0	2	0 1
27	1	0.0	2	0 1
28	2	0.0	2	1 1
29	2	0.0	2	1 1
31	5	0.0	3	0 0 0 5
32	10	0.0	3	1 3 1 5
33	80	0.0	3	28 22 12 18
34	7	0.0	3	0 2 4 1


=== Second read: Adapter 15 ===

Sequence: ACGTTGGATGTTTGTTACTGTTGTGGATACAAC; Type: regular 5'; Length: 33; Trimmed: 637 times.

No. of allowed errors:
0-9 bp: 0; 10-19 bp: 1; 20-29 bp: 2; 30-33 bp: 3

Overview of removed sequences
length	count	expect	max.err	error counts
3	344	664.2	0	344
4	151	166.1	0	151
5	20	41.5	0	20
6	3	10.4	0	3
7	4	2.6	0	4
8	5	0.6	0	5
26	2	0.0	2	0 1 1
28	4	0.0	2	0 1 3
30	1	0.0	3	0 0 0 1
31	5	0.0	3	0 1 1 3
32	11	0.0	3	1 4 3 3
33	73	0.0	3	18 24 17 14
34	4	0.0	3	0 0 2 2
35	6	0.0	3	0 0 5 1
36	3	0.0	3	0 0 0 3
53	1	0.0	3	0 0 1


=== Second read: Adapter 16 ===

Sequence: ACGTTGGATGTTTGTTACCGTTGTTGATACTAC; Type: regular 5'; Length: 33; Trimmed: 66 times.

No. of allowed errors:
0-9 bp: 0; 10-19 bp: 1; 20-29 bp: 2; 30-33 bp: 3

Overview of removed sequences
length	count	expect	max.err	error counts
11	1	0.0	1	0 1
28	4	0.0	2	1 2 1
29	1	0.0	2	0 0 1
31	3	0.0	3	2 0 0 1
32	4	0.0	3	0 1 2 1
33	44	0.0	3	10 9 11 14
34	7	0.0	3	0 2 3 2
35	1	0.0	3	0 0 0 1
39	1	0.0	3	0 0 0 1


=== Second read: Adapter 17 ===

Sequence: ACGTTGGATGAATATATGTGTGCTTATTTG; Type: regular 5'; Length: 30; Trimmed: 56 times.

No. of allowed errors:
0-9 bp: 0; 10-19 bp: 1; 20-29 bp: 2; 30 bp: 3

Overview of removed sequences
length	count	expect	max.err	error counts
3	33	664.2	0	33
4	12	166.1	0	12
5	5	41.5	0	5
6	3	10.4	0	3
9	1	0.2	0	1
11	2	0.0	1	0 2


=== Second read: Adapter 18 ===

Sequence: ACGTTGGATGTTTGTTACTAAGGTAGATACCACTC; Type: regular 5'; Length: 35; Trimmed: 1026 times.

No. of allowed errors:
0-9 bp: 0; 10-19 bp: 1; 20-29 bp: 2; 30-35 bp: 3

Overview of removed sequences
length	count	expect	max.err	error counts
3	35	664.2	0	35
4	937	166.1	0	937
5	7	41.5	0	7
6	2	10.4	0	2
7	1	2.6	0	1
9	5	0.2	0	0 5
22	1	0.0	2	0 1
30	1	0.0	3	1
34	7	0.0	3	0 1 1 5
35	25	0.0	3	14 5 5 1
36	2	0.0	3	0 1 0 1
37	1	0.0	3	0 0 1
38	2	0.0	3	0 0 0 2


=== Second read: Adapter 19 ===

Sequence: ACGTTGGATGGAAAAATAAACTGCAAATCATATTC; Type: regular 5'; Length: 35; Trimmed: 302 times.

No. of allowed errors:
0-9 bp: 0; 10-19 bp: 1; 20-29 bp: 2; 30-35 bp: 3

Overview of removed sequences
length	count	expect	max.err	error counts
3	38	664.2	0	38
4	142	166.1	0	142
5	12	41.5	0	12
6	4	10.4	0	4
7	2	2.6	0	2
9	11	0.2	0	0 11
10	7	0.0	1	0 7
11	1	0.0	1	0 1
30	1	0.0	3	0 0 1
34	4	0.0	3	0 1 0 3
35	66	0.0	3	21 15 7 23
36	14	0.0	3	0 7 3 4


=== Second read: Adapter 20 ===

Sequence: ACGTTGGATGAGATTAGGGAAAGTATTAGA; Type: regular 5'; Length: 30; Trimmed: 174 times.

No. of allowed errors:
0-9 bp: 0; 10-19 bp: 1; 20-29 bp: 2; 30 bp: 3

Overview of removed sequences
length	count	expect	max.err	error counts
3	127	664.2	0	127
4	38	166.1	0	38
6	3	10.4	0	3
9	1	0.2	0	0 1
10	2	0.0	1	0 2
11	3	0.0	1	0 3


=== Second read: Adapter 21 ===

Sequence: ACGTTGGATGGAAAAATAAATTGTAAATCATACTC; Type: regular 5'; Length: 35; Trimmed: 29 times.

No. of allowed errors:
0-9 bp: 0; 10-19 bp: 1; 20-29 bp: 2; 30-35 bp: 3

Overview of removed sequences
length	count	expect	max.err	error counts
5	4	41.5	0	4
7	3	2.6	0	3
9	8	0.2	0	0 8
10	6	0.0	1	0 6
35	8	0.0	3	4 2 1 1


=== Second read: Adapter 22 ===

Sequence: ACGTTGGATGGAAAAATAAACTGTAAATCATATTCCT; Type: regular 5'; Length: 37; Trimmed: 1537 times.

No. of allowed errors:
0-9 bp: 0; 10-19 bp: 1; 20-29 bp: 2; 30-37 bp: 3

Overview of removed sequences
length	count	expect	max.err	error counts
3	1158	664.2	0	1158
4	10	166.1	0	10
5	5	41.5	0	5
6	6	10.4	0	6
9	1	0.2	0	1
11	1	0.0	1	0 1
33	1	0.0	3	0 1
35	7	0.0	3	1 0 3 3
36	45	0.0	3	0 15 14 16
37	294	0.0	3	95 102 56 41
38	4	0.0	3	0 0 2 2
39	5	0.0	3	0 0 0 5


=== Second read: Adapter 23 ===

Sequence: ACGTTGGATGGAAAAATAAACTGTAAATCATATTC; Type: regular 5'; Length: 35; Trimmed: 27 times.

No. of allowed errors:
0-9 bp: 0; 10-19 bp: 1; 20-29 bp: 2; 30-35 bp: 3

Overview of removed sequences
length	count	expect	max.err	error counts
33	1	0.0	3	0 0 1
34	3	0.0	3	0 0 1 2
35	21	0.0	3	3 0 0 18
36	1	0.0	3	0 1
38	1	0.0	3	0 0 0 1


=== Second read: Adapter 24 ===

Sequence: ACGTTGGATGGAAAAATAAATTGTAAATCAAATTC; Type: regular 5'; Length: 35; Trimmed: 163 times.

No. of allowed errors:
0-9 bp: 0; 10-19 bp: 1; 20-29 bp: 2; 30-35 bp: 3

Overview of removed sequences
length	count	expect	max.err	error counts
5	77	41.5	0	77
6	13	10.4	0	13
7	1	2.6	0	1
9	11	0.2	0	1 10
10	17	0.0	1	1 16
11	4	0.0	1	0 4
35	40	0.0	3	20 6 7 7
