This is cutadapt 2.6 with Python 3.7.3
Command line parameters: -g ACGTTGGATGTTTGTTACTATGGTAGATACCACAC -g ACGTTGGATGTTTGTTACTAAGGTAGATACCACTC -g ACGTTGGATGTTTGTTACTGTGGTGGATACTAC -g ACGTTGGATGTTTGTTACTGTTGTGGATACAAC -g ACGTTGGATGTTTGTTACCGTTGTTGATACTAC -g ACGTTGGATGAATATATGTGTGCTTATTTG -G ACGTTGGATGTTTGTTACTATGGTAGATACCACAC -G ACGTTGGATGTTTGTTACTGTGGTGGATACTAC -G ACGTTGGATGTTTGTTACTGTTGTGGATACAAC -G ACGTTGGATGTTTGTTACCGTTGTTGATACTAC -G ACGTTGGATGAATATATGTGTGCTTATTTG -G ACGTTGGATGTTTGTTACTAAGGTAGATACCACTC -g ACGTTGGATGGAAAAATAAACTGCAAATCATATTC -g ACGTTGGATGGAAAAATAAACTGTAAATCATATTC -g ACGTTGGATGGAAAAATAAATTGTAAATCATACTC -g ACGTTGGATGAGATTAGGGAAAGTATTAGA -g ACGTTGGATGGAAAAATAAATTGTAAATCAAATTC -g ACGTTGGATGGAAAAATAAACTGTAAATCATATTCCT -G ACGTTGGATGGAAAAATAAACTGCAAATCATATTC -G ACGTTGGATGAGATTAGGGAAAGTATTAGA -G ACGTTGGATGGAAAAATAAATTGTAAATCATACTC -G ACGTTGGATGGAAAAATAAACTGTAAATCATATTCCT -G ACGTTGGATGGAAAAATAAACTGTAAATCATATTC -G ACGTTGGATGGAAAAATAAATTGTAAATCAAATTC --minimum-length=1 -o /data/projects/mdc-971/data_from_Jan_2020/analysis/30.primer_trimmed/LKP31-1000_S57_L001_cutadapt.1.fq.gz -p /data/projects/mdc-971/data_from_Jan_2020/analysis/30.primer_trimmed/LKP31-1000_S57_L001_cutadapt.2.fq.gz /data/projects/mdc-971/data_from_Jan_2020/analysis/20.adapter_trimmed/LKP31-1000_S57_L001_R1_001.bbduked.trimmed.fastq.gz /data/projects/mdc-971/data_from_Jan_2020/analysis/20.adapter_trimmed/LKP31-1000_S57_L001_R2_001.bbduked.trimmed.fastq.gz
Processing reads on 1 core in paired-end mode ...
Finished in 276.68 s (286 us/read; 0.21 M reads/minute).

=== Summary ===

Total read pairs processed:            967,984
  Read 1 with adapter:                 955,974 (98.8%)
  Read 2 with adapter:                 947,251 (97.9%)
Pairs that were too short:                   0 (0.0%)
Pairs written (passing filters):       967,984 (100.0%)

Total basepairs processed:   241,613,139 bp
  Read 1:   120,615,139 bp
  Read 2:   120,998,000 bp
Total written (filtered):    211,288,216 bp (87.4%)
  Read 1:   104,936,839 bp
  Read 2:   106,351,377 bp

=== First read: Adapter 1 ===

Sequence: ACGTTGGATGTTTGTTACTATGGTAGATACCACAC; Type: regular 5'; Length: 35; Trimmed: 338878 times.

No. of allowed errors:
0-9 bp: 0; 10-19 bp: 1; 20-29 bp: 2; 30-35 bp: 3

Overview of removed sequences
length	count	expect	max.err	error counts
3	22	15124.8	0	22
4	30	3781.2	0	30
5	7	945.3	0	7
6	9	236.3	0	9
7	44	59.1	0	44
8	164	14.8	0	164
9	123	3.7	0	123
10	262	0.9	1	170 92
11	455	0.2	1	451 4
12	694	0.1	1	671 23
13	963	0.0	1	926 37
14	2579	0.0	1	2027 552
15	32658	0.0	1	22330 10328
16	290709	0.0	1	184380 106329
17	9812	0.0	1	7541 2271
18	251	0.0	1	190 61
19	10	0.0	1	6 4
20	7	0.0	2	1 5 1
21	7	0.0	2	3 3 1
22	7	0.0	2	1 3 3
23	2	0.0	2	0 2
24	7	0.0	2	2 5
25	2	0.0	2	0 2
26	3	0.0	2	1 2
27	6	0.0	2	3 2 1
28	7	0.0	2	3 4
30	1	0.0	3	0 1
32	7	0.0	3	5 2
33	6	0.0	3	4 1 1
34	3	0.0	3	2 0 0 1
35	2	0.0	3	1 1
36	4	0.0	3	0 3 0 1
37	1	0.0	3	0 1
38	1	0.0	3	0 0 0 1
40	3	0.0	3	2 0 1
41	1	0.0	3	1
42	1	0.0	3	0 1
43	3	0.0	3	1 2
44	2	0.0	3	1 1
45	1	0.0	3	1
46	1	0.0	3	1
47	1	0.0	3	1


=== First read: Adapter 2 ===

Sequence: ACGTTGGATGTTTGTTACTAAGGTAGATACCACTC; Type: regular 5'; Length: 35; Trimmed: 25236 times.

No. of allowed errors:
0-9 bp: 0; 10-19 bp: 1; 20-29 bp: 2; 30-35 bp: 3

Overview of removed sequences
length	count	expect	max.err	error counts
3	4	15124.8	0	4
4	8	3781.2	0	8
5	2	945.3	0	2
7	2	59.1	0	2
8	4	14.8	0	4
9	6	3.7	0	6
10	7	0.9	1	6 1
11	49	0.2	1	47 2
12	67	0.1	1	63 4
13	84	0.0	1	80 4
14	182	0.0	1	124 58
15	2389	0.0	1	1259 1130
16	22016	0.0	1	21225 791
17	404	0.0	1	319 85
18	2	0.0	1	2
20	1	0.0	2	0 1
23	2	0.0	2	2
24	1	0.0	2	1
28	2	0.0	2	1 1
35	2	0.0	3	0 2
36	1	0.0	3	1
37	1	0.0	3	1


=== First read: Adapter 3 ===

Sequence: ACGTTGGATGTTTGTTACTGTGGTGGATACTAC; Type: regular 5'; Length: 33; Trimmed: 46740 times.

No. of allowed errors:
0-9 bp: 0; 10-19 bp: 1; 20-29 bp: 2; 30-33 bp: 3

Overview of removed sequences
length	count	expect	max.err	error counts
3	15	15124.8	0	15
4	7	3781.2	0	7
5	27	945.3	0	27
6	254	236.3	0	254
7	146	59.1	0	146
8	61	14.8	0	61
9	165	3.7	0	162 3
10	212	0.9	1	200 12
11	417	0.2	1	400 17
12	740	0.1	1	531 209
13	4069	0.0	1	2533 1536
14	39388	0.0	1	33370 6018
15	1158	0.0	1	113 1045
16	17	0.0	1	12 5
17	6	0.0	1	5 1
18	8	0.0	1	8
19	6	0.0	1	6
20	4	0.0	2	3 1
21	1	0.0	2	1
22	9	0.0	2	8 1
23	1	0.0	2	1
25	6	0.0	2	6
26	5	0.0	2	5
28	1	0.0	2	0 1
30	2	0.0	3	1 1
32	4	0.0	3	4
34	1	0.0	3	1
35	1	0.0	3	1
42	1	0.0	3	1
44	2	0.0	3	1 0 1
45	1	0.0	3	1
46	1	0.0	3	0 1
76	3	0.0	3	3
105	1	0.0	3	1


=== First read: Adapter 4 ===

Sequence: ACGTTGGATGTTTGTTACTGTTGTGGATACAAC; Type: regular 5'; Length: 33; Trimmed: 40856 times.

No. of allowed errors:
0-9 bp: 0; 10-19 bp: 1; 20-29 bp: 2; 30-33 bp: 3

Overview of removed sequences
length	count	expect	max.err	error counts
3	32	15124.8	0	32
4	1	3781.2	0	1
5	11	945.3	0	11
6	69	236.3	0	69
7	37	59.1	0	37
8	25	14.8	0	25
9	70	3.7	0	70
10	99	0.9	1	97 2
11	152	0.2	1	139 13
12	344	0.1	1	257 87
13	3267	0.0	1	2037 1230
14	35305	0.0	1	32575 2730
15	1386	0.0	1	806 580
16	24	0.0	1	12 12
17	2	0.0	1	2
20	1	0.0	2	0 1
22	2	0.0	2	2
24	1	0.0	2	1
28	1	0.0	2	1
29	1	0.0	2	1
30	1	0.0	3	1
31	2	0.0	3	2
32	1	0.0	3	1
33	1	0.0	3	1
34	2	0.0	3	0 1 1
36	2	0.0	3	1 1
42	3	0.0	3	3
44	2	0.0	3	2
45	8	0.0	3	8
70	1	0.0	3	1
76	1	0.0	3	1
78	1	0.0	3	1
107	1	0.0	3	1


=== First read: Adapter 5 ===

Sequence: ACGTTGGATGTTTGTTACCGTTGTTGATACTAC; Type: regular 5'; Length: 33; Trimmed: 27935 times.

No. of allowed errors:
0-9 bp: 0; 10-19 bp: 1; 20-29 bp: 2; 30-33 bp: 3

Overview of removed sequences
length	count	expect	max.err	error counts
9	38	3.7	0	38
10	55	0.9	1	55
11	98	0.2	1	86 12
12	173	0.1	1	133 40
13	1861	0.0	1	973 888
14	24866	0.0	1	24014 852
15	811	0.0	1	90 721
16	9	0.0	1	2 7
18	3	0.0	1	3
19	2	0.0	1	2
20	2	0.0	2	2
22	2	0.0	2	1 1
23	2	0.0	2	0 2
24	2	0.0	2	2
25	4	0.0	2	4
26	2	0.0	2	1 1
30	2	0.0	3	2
31	1	0.0	3	1
35	1	0.0	3	1
36	1	0.0	3	1


=== First read: Adapter 6 ===

Sequence: ACGTTGGATGAATATATGTGTGCTTATTTG; Type: regular 5'; Length: 30; Trimmed: 79 times.

No. of allowed errors:
0-9 bp: 0; 10-19 bp: 1; 20-29 bp: 2; 30 bp: 3

Overview of removed sequences
length	count	expect	max.err	error counts
3	63	15124.8	0	63
4	16	3781.2	0	16


=== First read: Adapter 7 ===

Sequence: ACGTTGGATGGAAAAATAAACTGCAAATCATATTC; Type: regular 5'; Length: 35; Trimmed: 18384 times.

No. of allowed errors:
0-9 bp: 0; 10-19 bp: 1; 20-29 bp: 2; 30-35 bp: 3

Overview of removed sequences
length	count	expect	max.err	error counts
3	3	15124.8	0	3
4	8	3781.2	0	8
6	3	236.3	0	3
7	5	59.1	0	5
8	5	14.8	0	5
9	8	3.7	0	8
10	3	0.9	1	3
11	26	0.2	1	26
12	93	0.1	1	78 15
13	72	0.0	1	54 18
14	119	0.0	1	46 73
15	3283	0.0	1	528 2755
16	13208	0.0	1	10959 2249
17	1539	0.0	1	25 1514
18	5	0.0	1	0 5
20	1	0.0	2	1
26	2	0.0	2	1 1
31	1	0.0	3	1


=== First read: Adapter 8 ===

Sequence: ACGTTGGATGGAAAAATAAACTGTAAATCATATTC; Type: regular 5'; Length: 35; Trimmed: 2976 times.

No. of allowed errors:
0-9 bp: 0; 10-19 bp: 1; 20-29 bp: 2; 30-35 bp: 3

Overview of removed sequences
length	count	expect	max.err	error counts
12	5	0.1	1	4 1
13	2	0.0	1	2
14	12	0.0	1	10 2
15	281	0.0	1	60 221
16	2641	0.0	1	2275 366
17	35	0.0	1	5 30


=== First read: Adapter 9 ===

Sequence: ACGTTGGATGGAAAAATAAATTGTAAATCATACTC; Type: regular 5'; Length: 35; Trimmed: 3661 times.

No. of allowed errors:
0-9 bp: 0; 10-19 bp: 1; 20-29 bp: 2; 30-35 bp: 3

Overview of removed sequences
length	count	expect	max.err	error counts
11	1	0.2	1	1
13	1	0.0	1	1
14	1	0.0	1	1
15	104	0.0	1	88 16
16	3532	0.0	1	3453 79
17	14	0.0	1	1 13
18	2	0.0	1	2
23	2	0.0	2	2
25	1	0.0	2	1
29	1	0.0	2	1
35	2	0.0	3	2


=== First read: Adapter 10 ===

Sequence: ACGTTGGATGAGATTAGGGAAAGTATTAGA; Type: regular 5'; Length: 30; Trimmed: 21 times.

No. of allowed errors:
0-9 bp: 0; 10-19 bp: 1; 20-29 bp: 2; 30 bp: 3

Overview of removed sequences
length	count	expect	max.err	error counts
3	9	15124.8	0	9
6	12	236.3	0	12


=== First read: Adapter 11 ===

Sequence: ACGTTGGATGGAAAAATAAATTGTAAATCAAATTC; Type: regular 5'; Length: 35; Trimmed: 89450 times.

No. of allowed errors:
0-9 bp: 0; 10-19 bp: 1; 20-29 bp: 2; 30-35 bp: 3

Overview of removed sequences
length	count	expect	max.err	error counts
10	1	0.9	1	0 1
12	1	0.1	1	1
14	3	0.0	1	0 3
15	1302	0.0	1	970 332
16	87924	0.0	1	86756 1168
17	182	0.0	1	76 106
18	17	0.0	1	17
19	2	0.0	1	2
20	3	0.0	2	3
21	1	0.0	2	1
22	3	0.0	2	3
23	1	0.0	2	1
24	2	0.0	2	2
26	1	0.0	2	1
28	1	0.0	2	1
31	3	0.0	3	2 1
32	1	0.0	3	1
37	1	0.0	3	1
39	1	0.0	3	1


=== First read: Adapter 12 ===

Sequence: ACGTTGGATGGAAAAATAAACTGTAAATCATATTCCT; Type: regular 5'; Length: 37; Trimmed: 361758 times.

No. of allowed errors:
0-9 bp: 0; 10-19 bp: 1; 20-29 bp: 2; 30-37 bp: 3

Overview of removed sequences
length	count	expect	max.err	error counts
3	25	15124.8	0	25
4	6	3781.2	0	6
5	1	945.3	0	1
6	4	236.3	0	4
7	1	59.1	0	1
8	7	14.8	0	7
9	45	3.7	0	27 18
10	57	0.9	1	43 14
11	67	0.2	1	50 17
12	243	0.1	1	141 102
13	1061	0.0	1	999 62
14	1093	0.0	1	564 529
15	1113	0.0	1	499 614
16	1980	0.0	1	852 1128
17	31789	0.0	1	14878 16911
18	318482	0.0	1	201732 116750
19	5558	0.0	1	4614 944
20	157	0.0	2	147 10
21	11	0.0	2	7 3 1
22	6	0.0	2	5 1
23	4	0.0	2	4
24	1	0.0	2	0 0 1
25	1	0.0	2	1
26	3	0.0	2	2 1
27	5	0.0	2	3 2
28	3	0.0	2	3
29	3	0.0	2	0 3
30	3	0.0	3	3
31	3	0.0	3	2 1
32	1	0.0	3	0 1
33	2	0.0	3	0 2
34	4	0.0	3	2 2
35	7	0.0	3	3 4
36	2	0.0	3	1 0 1
37	1	0.0	3	1
38	2	0.0	3	0 2
39	2	0.0	3	2
43	1	0.0	3	0 1
46	2	0.0	3	2
48	1	0.0	3	0 1
75	1	0.0	3	0 1


=== Second read: Adapter 13 ===

Sequence: ACGTTGGATGTTTGTTACTATGGTAGATACCACAC; Type: regular 5'; Length: 35; Trimmed: 323028 times.

No. of allowed errors:
0-9 bp: 0; 10-19 bp: 1; 20-29 bp: 2; 30-35 bp: 3

Overview of removed sequences
length	count	expect	max.err	error counts
3	59	15124.8	0	59
4	38	3781.2	0	38
5	6	945.3	0	6
6	32	236.3	0	32
7	39	59.1	0	39
8	70	14.8	0	70
9	101	3.7	0	101
10	383	0.9	1	278 105
11	534	0.2	1	509 25
12	640	0.1	1	578 62
13	2013	0.0	1	1631 382
14	17634	0.0	1	11732 5902
15	289457	0.0	1	197938 91519
16	11329	0.0	1	8402 2927
17	405	0.0	1	300 105
18	17	0.0	1	14 3
19	8	0.0	1	5 2 1
20	3	0.0	2	2 1
21	3	0.0	2	2 1
22	6	0.0	2	4 1 1
23	34	0.0	2	20 14
24	16	0.0	2	9 6 1
25	11	0.0	2	7 3 1
26	26	0.0	2	12 12 2
27	31	0.0	2	18 13
28	13	0.0	2	10 3
29	6	0.0	2	5 1
30	5	0.0	3	4 1
31	19	0.0	3	8 10 1
32	4	0.0	3	2 2
33	11	0.0	3	4 5 1 1
34	14	0.0	3	7 6 1
35	22	0.0	3	15 7
36	5	0.0	3	1 1 3
37	7	0.0	3	4 3
38	2	0.0	3	0 2
39	4	0.0	3	2 1 1
40	4	0.0	3	1 2 0 1
42	4	0.0	3	1 3
43	1	0.0	3	1
45	1	0.0	3	1
46	4	0.0	3	4
48	1	0.0	3	1
55	1	0.0	3	0 0 0 1
56	2	0.0	3	0 0 2
57	3	0.0	3	0 1 1 1


=== Second read: Adapter 14 ===

Sequence: ACGTTGGATGTTTGTTACTGTGGTGGATACTAC; Type: regular 5'; Length: 33; Trimmed: 61889 times.

No. of allowed errors:
0-9 bp: 0; 10-19 bp: 1; 20-29 bp: 2; 30-33 bp: 3

Overview of removed sequences
length	count	expect	max.err	error counts
3	38	15124.8	0	38
4	107	3781.2	0	107
5	30	945.3	0	30
6	38	236.3	0	38
7	57	59.1	0	57
8	11	14.8	0	11
9	130	3.7	0	120 10
10	231	0.9	1	203 28
11	431	0.2	1	331 100
12	3843	0.1	1	2278 1565
13	54798	0.0	1	46267 8531
14	1728	0.0	1	374 1354
15	15	0.0	1	6 9
16	3	0.0	1	3
17	5	0.0	1	5
18	7	0.0	1	5 2
19	3	0.0	1	2 0 1
20	1	0.0	2	0 1
21	66	0.0	2	57 7 2
22	25	0.0	2	21 4
23	10	0.0	2	7 1 2
24	46	0.0	2	35 9 2
25	38	0.0	2	33 5
26	17	0.0	2	11 5 1
27	4	0.0	2	2 2
28	21	0.0	2	18 2 1
29	32	0.0	2	23 7 2
30	24	0.0	3	14 8 2
31	27	0.0	3	20 6 0 1
32	23	0.0	3	16 4 2 1
33	20	0.0	3	16 4
34	6	0.0	3	4 0 2
35	13	0.0	3	6 6 1
36	6	0.0	3	5 1
37	13	0.0	3	12 0 0 1
38	1	0.0	3	1
40	1	0.0	3	1
42	2	0.0	3	2
43	1	0.0	3	0 1
44	3	0.0	3	3
45	4	0.0	3	1 2 0 1
46	1	0.0	3	0 1
48	1	0.0	3	1
52	1	0.0	3	1
56	1	0.0	3	0 0 0 1
75	2	0.0	3	2
77	2	0.0	3	2
106	2	0.0	3	2


=== Second read: Adapter 15 ===

Sequence: ACGTTGGATGTTTGTTACTGTTGTGGATACAAC; Type: regular 5'; Length: 33; Trimmed: 45562 times.

No. of allowed errors:
0-9 bp: 0; 10-19 bp: 1; 20-29 bp: 2; 30-33 bp: 3

Overview of removed sequences
length	count	expect	max.err	error counts
3	43	15124.8	0	43
4	42	3781.2	0	42
5	6	945.3	0	6
6	18	236.3	0	18
7	17	59.1	0	17
8	6	14.8	0	6
9	57	3.7	0	56 1
10	88	0.9	1	80 8
11	263	0.2	1	189 74
12	2476	0.1	1	1504 972
13	40667	0.0	1	34893 5774
14	1547	0.0	1	897 650
15	37	0.0	1	19 18
16	3	0.0	1	3
17	3	0.0	1	1 2
18	2	0.0	1	2
19	4	0.0	1	3 0 1
20	1	0.0	2	0 1
21	31	0.0	2	26 3 2
22	15	0.0	2	13 2
23	5	0.0	2	4 0 1
24	25	0.0	2	19 4 2
25	33	0.0	2	29 2 2
26	6	0.0	2	5 0 1
27	8	0.0	2	7 0 1
28	8	0.0	2	7 1
29	15	0.0	2	10 5
30	16	0.0	3	12 2 2
31	16	0.0	3	10 4 1 1
32	12	0.0	3	10 2
33	26	0.0	3	21 3 2
34	6	0.0	3	3 1 2
35	2	0.0	3	1 0 1
36	1	0.0	3	1
37	7	0.0	3	6 0 1
39	2	0.0	3	1 1
40	3	0.0	3	2 0 1
41	1	0.0	3	0 0 1
42	2	0.0	3	1 0 1
43	5	0.0	3	2 1 2
44	18	0.0	3	14 2 2
45	11	0.0	3	6 4 1
46	1	0.0	3	0 0 1
47	1	0.0	3	0 1
52	1	0.0	3	0 0 0 1
73	1	0.0	3	1
74	1	0.0	3	1
75	3	0.0	3	3


=== Second read: Adapter 16 ===

Sequence: ACGTTGGATGTTTGTTACCGTTGTTGATACTAC; Type: regular 5'; Length: 33; Trimmed: 17356 times.

No. of allowed errors:
0-9 bp: 0; 10-19 bp: 1; 20-29 bp: 2; 30-33 bp: 3

Overview of removed sequences
length	count	expect	max.err	error counts
9	41	3.7	0	39 2
10	59	0.9	1	45 14
11	134	0.2	1	95 39
12	965	0.1	1	599 366
13	15565	0.0	1	13916 1649
14	534	0.0	1	114 420
15	6	0.0	1	1 5
17	1	0.0	1	1
18	2	0.0	1	2
19	1	0.0	1	1
20	1	0.0	2	1
21	3	0.0	2	3
22	2	0.0	2	2
23	1	0.0	2	1
24	3	0.0	2	3
25	9	0.0	2	7 1 1
29	8	0.0	2	7 1
30	1	0.0	3	1
31	5	0.0	3	0 4 1
32	4	0.0	3	3 1
33	2	0.0	3	2
34	1	0.0	3	1
35	3	0.0	3	3
40	1	0.0	3	1
44	2	0.0	3	2
45	1	0.0	3	1
54	1	0.0	3	0 0 0 1


=== Second read: Adapter 17 ===

Sequence: ACGTTGGATGAATATATGTGTGCTTATTTG; Type: regular 5'; Length: 30; Trimmed: 3099 times.

No. of allowed errors:
0-9 bp: 0; 10-19 bp: 1; 20-29 bp: 2; 30 bp: 3

Overview of removed sequences
length	count	expect	max.err	error counts
3	3005	15124.8	0	3005
4	81	3781.2	0	81
5	9	945.3	0	9
6	4	236.3	0	4


=== Second read: Adapter 18 ===

Sequence: ACGTTGGATGTTTGTTACTAAGGTAGATACCACTC; Type: regular 5'; Length: 35; Trimmed: 16755 times.

No. of allowed errors:
0-9 bp: 0; 10-19 bp: 1; 20-29 bp: 2; 30-35 bp: 3

Overview of removed sequences
length	count	expect	max.err	error counts
3	270	15124.8	0	270
4	64	3781.2	0	64
5	5	945.3	0	5
6	4	236.3	0	4
7	2	59.1	0	2
8	4	14.8	0	4
9	8	3.7	0	7 1
10	16	0.9	1	16
11	28	0.2	1	27 1
12	43	0.1	1	38 5
13	153	0.0	1	127 26
14	1423	0.0	1	740 683
15	14380	0.0	1	13564 816
16	318	0.0	1	263 55
17	11	0.0	1	8 3
22	1	0.0	2	1
23	2	0.0	2	2
24	1	0.0	2	1
26	3	0.0	2	3
29	1	0.0	2	1
30	1	0.0	3	1
32	2	0.0	3	2
34	2	0.0	3	2
35	8	0.0	3	8
36	1	0.0	3	1
42	1	0.0	3	1
56	1	0.0	3	0 0 0 1
77	2	0.0	3	1 0 0 1


=== Second read: Adapter 19 ===

Sequence: ACGTTGGATGGAAAAATAAACTGCAAATCATATTC; Type: regular 5'; Length: 35; Trimmed: 20933 times.

No. of allowed errors:
0-9 bp: 0; 10-19 bp: 1; 20-29 bp: 2; 30-35 bp: 3

Overview of removed sequences
length	count	expect	max.err	error counts
3	158	15124.8	0	158
4	60	3781.2	0	60
5	5	945.3	0	5
6	3	236.3	0	3
7	2	59.1	0	2
9	2	3.7	0	2
10	2	0.9	1	2
11	15	0.2	1	13 2
12	33	0.1	1	16 17
13	107	0.0	1	35 72
14	2142	0.0	1	342 1800
15	15776	0.0	1	12002 3774
16	2593	0.0	1	22 2571
17	19	0.0	1	0 19
18	1	0.0	1	0 1
24	2	0.0	2	0 2
25	1	0.0	2	0 1
26	1	0.0	2	1
28	1	0.0	2	1
29	2	0.0	2	2
31	1	0.0	3	0 1
32	1	0.0	3	0 1
33	4	0.0	3	0 1 2 1
36	1	0.0	3	1
49	1	0.0	3	0 1


=== Second read: Adapter 20 ===

Sequence: ACGTTGGATGAGATTAGGGAAAGTATTAGA; Type: regular 5'; Length: 30; Trimmed: 191 times.

No. of allowed errors:
0-9 bp: 0; 10-19 bp: 1; 20-29 bp: 2; 30 bp: 3

Overview of removed sequences
length	count	expect	max.err	error counts
3	177	15124.8	0	177
4	10	3781.2	0	10
5	2	945.3	0	2
6	2	236.3	0	2


=== Second read: Adapter 21 ===

Sequence: ACGTTGGATGGAAAAATAAATTGTAAATCATACTC; Type: regular 5'; Length: 35; Trimmed: 2136 times.

No. of allowed errors:
0-9 bp: 0; 10-19 bp: 1; 20-29 bp: 2; 30-35 bp: 3

Overview of removed sequences
length	count	expect	max.err	error counts
5	3	945.3	0	3
6	2	236.3	0	2
9	4	3.7	0	0 4
11	4	0.2	1	0 4
14	19	0.0	1	7 12
15	2089	0.0	1	1932 157
16	9	0.0	1	4 5
24	2	0.0	2	2
31	1	0.0	3	1
32	1	0.0	3	1
33	2	0.0	3	2


=== Second read: Adapter 22 ===

Sequence: ACGTTGGATGGAAAAATAAACTGTAAATCATATTCCT; Type: regular 5'; Length: 37; Trimmed: 388374 times.

No. of allowed errors:
0-9 bp: 0; 10-19 bp: 1; 20-29 bp: 2; 30-37 bp: 3

Overview of removed sequences
length	count	expect	max.err	error counts
3	178	15124.8	0	178
4	14	3781.2	0	14
5	9	945.3	0	9
6	1	236.3	0	1
7	5	59.1	0	5
8	13	14.8	0	13
9	14	3.7	0	14
10	32	0.9	1	25 7
11	102	0.2	1	65 37
12	360	0.1	1	300 60
13	501	0.0	1	449 52
14	577	0.0	1	298 279
15	1389	0.0	1	625 764
16	25241	0.0	1	7244 17997
17	354601	0.0	1	227063 127538
18	4943	0.0	1	3588 1355
19	208	0.0	1	147 61
20	11	0.0	2	9 2
21	10	0.0	2	6 3 1
22	10	0.0	2	5 5
23	4	0.0	2	3 1
24	6	0.0	2	2 4
25	6	0.0	2	2 4
26	13	0.0	2	8 5
27	8	0.0	2	2 5 1
28	10	0.0	2	5 4 1
29	15	0.0	2	11 4
30	9	0.0	3	3 5 1
31	19	0.0	3	6 12 0 1
32	10	0.0	3	5 4 0 1
33	4	0.0	3	2 1 0 1
34	10	0.0	3	4 5 1
35	18	0.0	3	8 7 1 2
36	5	0.0	3	2 2 1
37	3	0.0	3	1 1 0 1
38	2	0.0	3	1 1
39	2	0.0	3	1 0 0 1
40	1	0.0	3	0 1
41	2	0.0	3	2
42	1	0.0	3	0 1
43	2	0.0	3	2
44	1	0.0	3	0 1
46	1	0.0	3	1
47	1	0.0	3	1
49	1	0.0	3	1
58	1	0.0	3	0 0 0 1


=== Second read: Adapter 23 ===

Sequence: ACGTTGGATGGAAAAATAAACTGTAAATCATATTC; Type: regular 5'; Length: 35; Trimmed: 4029 times.

No. of allowed errors:
0-9 bp: 0; 10-19 bp: 1; 20-29 bp: 2; 30-35 bp: 3

Overview of removed sequences
length	count	expect	max.err	error counts
12	1	0.1	1	1
13	8	0.0	1	5 3
14	356	0.0	1	47 309
15	3564	0.0	1	2745 819
16	97	0.0	1	13 84
17	1	0.0	1	0 1
24	1	0.0	2	1
27	1	0.0	2	0 0 1


=== Second read: Adapter 24 ===

Sequence: ACGTTGGATGGAAAAATAAATTGTAAATCAAATTC; Type: regular 5'; Length: 35; Trimmed: 63899 times.

No. of allowed errors:
0-9 bp: 0; 10-19 bp: 1; 20-29 bp: 2; 30-35 bp: 3

Overview of removed sequences
length	count	expect	max.err	error counts
5	2	945.3	0	2
6	2	236.3	0	2
7	1	59.1	0	1
9	1	3.7	0	0 1
10	1	0.9	1	0 1
11	5	0.2	1	0 5
12	2	0.1	1	0 2
13	7	0.0	1	1 6
14	313	0.0	1	10 303
15	63247	0.0	1	60412 2835
16	291	0.0	1	175 116
17	13	0.0	1	9 4
18	4	0.0	1	4
19	4	0.0	1	4
20	1	0.0	2	1
26	1	0.0	2	1
28	1	0.0	2	1
30	1	0.0	3	1
31	1	0.0	3	1
34	1	0.0	3	1
