This is cutadapt 2.6 with Python 3.7.3
Command line parameters: -g ACGTTGGATGTTTGTTACTATGGTAGATACCACAC -g ACGTTGGATGTTTGTTACTAAGGTAGATACCACTC -g ACGTTGGATGTTTGTTACTGTGGTGGATACTAC -g ACGTTGGATGTTTGTTACTGTTGTGGATACAAC -g ACGTTGGATGTTTGTTACCGTTGTTGATACTAC -g ACGTTGGATGAATATATGTGTGCTTATTTG -G ACGTTGGATGTTTGTTACTATGGTAGATACCACAC -G ACGTTGGATGTTTGTTACTGTGGTGGATACTAC -G ACGTTGGATGTTTGTTACTGTTGTGGATACAAC -G ACGTTGGATGTTTGTTACCGTTGTTGATACTAC -G ACGTTGGATGAATATATGTGTGCTTATTTG -G ACGTTGGATGTTTGTTACTAAGGTAGATACCACTC -g ACGTTGGATGGAAAAATAAACTGCAAATCATATTC -g ACGTTGGATGGAAAAATAAACTGTAAATCATATTC -g ACGTTGGATGGAAAAATAAATTGTAAATCATACTC -g ACGTTGGATGAGATTAGGGAAAGTATTAGA -g ACGTTGGATGGAAAAATAAATTGTAAATCAAATTC -g ACGTTGGATGGAAAAATAAACTGTAAATCATATTCCT -G ACGTTGGATGGAAAAATAAACTGCAAATCATATTC -G ACGTTGGATGAGATTAGGGAAAGTATTAGA -G ACGTTGGATGGAAAAATAAATTGTAAATCATACTC -G ACGTTGGATGGAAAAATAAACTGTAAATCATATTCCT -G ACGTTGGATGGAAAAATAAACTGTAAATCATATTC -G ACGTTGGATGGAAAAATAAATTGTAAATCAAATTC --minimum-length=1 -o /data/projects/mdc-971/data_from_Jan_2020/analysis/30.primer_trimmed/LKP31-100_S58_L001_cutadapt.1.fq.gz -p /data/projects/mdc-971/data_from_Jan_2020/analysis/30.primer_trimmed/LKP31-100_S58_L001_cutadapt.2.fq.gz /data/projects/mdc-971/data_from_Jan_2020/analysis/20.adapter_trimmed/LKP31-100_S58_L001_R1_001.bbduked.trimmed.fastq.gz /data/projects/mdc-971/data_from_Jan_2020/analysis/20.adapter_trimmed/LKP31-100_S58_L001_R2_001.bbduked.trimmed.fastq.gz
Processing reads on 1 core in paired-end mode ...
Finished in 79.99 s (246 us/read; 0.24 M reads/minute).

=== Summary ===

Total read pairs processed:            325,492
  Read 1 with adapter:                   1,975 (0.6%)
  Read 2 with adapter:                  26,933 (8.3%)
Pairs that were too short:                   0 (0.0%)
Pairs written (passing filters):       325,492 (100.0%)

Total basepairs processed:    60,727,394 bp
  Read 1:    11,903,597 bp
  Read 2:    48,823,797 bp
Total written (filtered):     60,476,646 bp (99.6%)
  Read 1:    11,850,200 bp
  Read 2:    48,626,446 bp

=== First read: Adapter 1 ===

Sequence: ACGTTGGATGTTTGTTACTATGGTAGATACCACAC; Type: regular 5'; Length: 35; Trimmed: 496 times.

No. of allowed errors:
0-9 bp: 0; 10-19 bp: 1; 20-29 bp: 2; 30-35 bp: 3

Overview of removed sequences
length	count	expect	max.err	error counts
3	158	5085.8	0	158
27	2	0.0	2	0 1 1
28	2	0.0	2	2
29	1	0.0	2	1
30	4	0.0	3	0 0 1 3
31	23	0.0	3	0 17 4 2
32	292	0.0	3	152 121 15 4
33	14	0.0	3	3 3 7 1


=== First read: Adapter 2 ===

Sequence: ACGTTGGATGTTTGTTACTAAGGTAGATACCACTC; Type: regular 5'; Length: 35; Trimmed: 43 times.

No. of allowed errors:
0-9 bp: 0; 10-19 bp: 1; 20-29 bp: 2; 30-35 bp: 3

Overview of removed sequences
length	count	expect	max.err	error counts
3	13	5085.8	0	13
4	1	1271.5	0	1
5	2	317.9	0	2
29	1	0.0	2	1
31	7	0.0	3	1 6
32	16	0.0	3	13 2 1
34	1	0.0	3	0 0 0 1
35	2	0.0	3	0 0 0 2


=== First read: Adapter 3 ===

Sequence: ACGTTGGATGTTTGTTACTGTGGTGGATACTAC; Type: regular 5'; Length: 33; Trimmed: 113 times.

No. of allowed errors:
0-9 bp: 0; 10-19 bp: 1; 20-29 bp: 2; 30-33 bp: 3

Overview of removed sequences
length	count	expect	max.err	error counts
3	1	5085.8	0	1
4	1	1271.5	0	1
22	1	0.0	2	1
25	1	0.0	2	1
28	1	0.0	2	0 0 1
29	9	0.0	2	0 7 2
30	96	0.0	3	73 22 0 1
31	3	0.0	3	0 1 1 1


=== First read: Adapter 4 ===

Sequence: ACGTTGGATGTTTGTTACTGTTGTGGATACAAC; Type: regular 5'; Length: 33; Trimmed: 115 times.

No. of allowed errors:
0-9 bp: 0; 10-19 bp: 1; 20-29 bp: 2; 30-33 bp: 3

Overview of removed sequences
length	count	expect	max.err	error counts
4	11	1271.5	0	11
28	2	0.0	2	0 0 1 1
29	5	0.0	2	2 0 3
30	58	0.0	3	48 7 3
31	2	0.0	3	0 1 1
32	34	0.0	3	0 0 33 1
33	3	0.0	3	0 0 0 3


=== First read: Adapter 5 ===

Sequence: ACGTTGGATGTTTGTTACCGTTGTTGATACTAC; Type: regular 5'; Length: 33; Trimmed: 127 times.

No. of allowed errors:
0-9 bp: 0; 10-19 bp: 1; 20-29 bp: 2; 30-33 bp: 3

Overview of removed sequences
length	count	expect	max.err	error counts
24	1	0.0	2	1
27	1	0.0	2	1
29	4	0.0	2	0 3 0 1
30	116	0.0	3	84 27 5
31	4	0.0	3	0 2 2
32	1	0.0	3	0 0 1


=== First read: Adapter 6 ===

Sequence: ACGTTGGATGAATATATGTGTGCTTATTTG; Type: regular 5'; Length: 30; Trimmed: 9 times.

No. of allowed errors:
0-9 bp: 0; 10-19 bp: 1; 20-29 bp: 2; 30 bp: 3

Overview of removed sequences
length	count	expect	max.err	error counts
3	8	5085.8	0	8
4	1	1271.5	0	1


=== First read: Adapter 7 ===

Sequence: ACGTTGGATGGAAAAATAAACTGCAAATCATATTC; Type: regular 5'; Length: 35; Trimmed: 56 times.

No. of allowed errors:
0-9 bp: 0; 10-19 bp: 1; 20-29 bp: 2; 30-35 bp: 3

Overview of removed sequences
length	count	expect	max.err	error counts
3	26	5085.8	0	26
4	2	1271.5	0	2
31	2	0.0	3	0 1 0 1
32	23	0.0	3	20 3
33	3	0.0	3	0 3


=== First read: Adapter 8 ===

Sequence: ACGTTGGATGGAAAAATAAACTGTAAATCATATTC; Type: regular 5'; Length: 35; Trimmed: 8 times.

No. of allowed errors:
0-9 bp: 0; 10-19 bp: 1; 20-29 bp: 2; 30-35 bp: 3

Overview of removed sequences
length	count	expect	max.err	error counts
32	6	0.0	3	2 1 1 2
33	1	0.0	3	0 0 1
35	1	0.0	3	0 0 0 1


=== First read: Adapter 9 ===

Sequence: ACGTTGGATGGAAAAATAAATTGTAAATCATACTC; Type: regular 5'; Length: 35; Trimmed: 12 times.

No. of allowed errors:
0-9 bp: 0; 10-19 bp: 1; 20-29 bp: 2; 30-35 bp: 3

Overview of removed sequences
length	count	expect	max.err	error counts
31	1	0.0	3	0 1
32	11	0.0	3	8 2 1


=== First read: Adapter 10 ===

Sequence: ACGTTGGATGAGATTAGGGAAAGTATTAGA; Type: regular 5'; Length: 30; Trimmed: 141 times.

No. of allowed errors:
0-9 bp: 0; 10-19 bp: 1; 20-29 bp: 2; 30 bp: 3

Overview of removed sequences
length	count	expect	max.err	error counts
3	138	5085.8	0	138
4	3	1271.5	0	3


=== First read: Adapter 11 ===

Sequence: ACGTTGGATGGAAAAATAAATTGTAAATCAAATTC; Type: regular 5'; Length: 35; Trimmed: 96 times.

No. of allowed errors:
0-9 bp: 0; 10-19 bp: 1; 20-29 bp: 2; 30-35 bp: 3

Overview of removed sequences
length	count	expect	max.err	error counts
31	2	0.0	3	2
32	93	0.0	3	90 2 1
33	1	0.0	3	0 1


=== First read: Adapter 12 ===

Sequence: ACGTTGGATGGAAAAATAAACTGTAAATCATATTCCT; Type: regular 5'; Length: 37; Trimmed: 759 times.

No. of allowed errors:
0-9 bp: 0; 10-19 bp: 1; 20-29 bp: 2; 30-37 bp: 3

Overview of removed sequences
length	count	expect	max.err	error counts
3	2	5085.8	0	2
32	3	0.0	3	2 1
33	42	0.0	3	2 29 10 1
34	702	0.0	3	415 270 15 2
35	5	0.0	3	0 3 2
36	4	0.0	3	0 0 3 1
51	1	0.0	3	0 0 0 1


=== Second read: Adapter 13 ===

Sequence: ACGTTGGATGTTTGTTACTATGGTAGATACCACAC; Type: regular 5'; Length: 35; Trimmed: 2656 times.

No. of allowed errors:
0-9 bp: 0; 10-19 bp: 1; 20-29 bp: 2; 30-35 bp: 3

Overview of removed sequences
length	count	expect	max.err	error counts
3	1244	5085.8	0	1244
4	427	1271.5	0	427
5	120	317.9	0	120
6	25	79.5	0	25
7	5	19.9	0	5
8	1	5.0	0	1
9	9	1.2	0	0 9
10	74	0.3	1	1 73
11	63	0.1	1	0 63
28	1	0.0	2	0 1
29	1	0.0	2	0 0 1
30	1	0.0	3	0 0 1
31	4	0.0	3	1 2 0 1
33	17	0.0	3	1 1 4 11
34	71	0.0	3	2 17 20 32
35	562	0.0	3	139 144 122 157
36	23	0.0	3	0 7 11 5
37	4	0.0	3	0 0 1 3
38	4	0.0	3	0 0 0 4


=== Second read: Adapter 14 ===

Sequence: ACGTTGGATGTTTGTTACTGTGGTGGATACTAC; Type: regular 5'; Length: 33; Trimmed: 2264 times.

No. of allowed errors:
0-9 bp: 0; 10-19 bp: 1; 20-29 bp: 2; 30-33 bp: 3

Overview of removed sequences
length	count	expect	max.err	error counts
3	753	5085.8	0	753
4	84	1271.5	0	84
5	1031	317.9	0	1031
6	13	79.5	0	13
7	2	19.9	0	2
8	35	5.0	0	35
9	3	1.2	0	0 3
11	1	0.1	1	0 1
20	1	0.0	2	0 0 1
26	3	0.0	2	1 1 1
27	1	0.0	2	0 1
28	5	0.0	2	2 1 2
29	3	0.0	2	1 0 2
30	3	0.0	3	0 0 1 2
31	10	0.0	3	0 0 3 7
32	30	0.0	3	2 8 5 15
33	268	0.0	3	89 50 54 75
34	11	0.0	3	0 2 3 6
35	5	0.0	3	0 0 3 2
45	2	0.0	3	0 1 0 1


=== Second read: Adapter 15 ===

Sequence: ACGTTGGATGTTTGTTACTGTTGTGGATACAAC; Type: regular 5'; Length: 33; Trimmed: 4847 times.

No. of allowed errors:
0-9 bp: 0; 10-19 bp: 1; 20-29 bp: 2; 30-33 bp: 3

Overview of removed sequences
length	count	expect	max.err	error counts
3	3777	5085.8	0	3777
4	259	1271.5	0	259
5	322	317.9	0	322
6	138	79.5	0	138
7	3	19.9	0	3
8	82	5.0	0	82
11	6	0.1	1	0 6
28	2	0.0	2	0 1 1
29	2	0.0	2	0 0 2
30	1	0.0	3	0 0 0 1
31	15	0.0	3	2 1 4 8
32	21	0.0	3	0 6 4 11
33	162	0.0	3	31 31 39 61
34	8	0.0	3	0 0 0 8
35	48	0.0	3	0 0 30 18
36	1	0.0	3	0 0 0 1


=== Second read: Adapter 16 ===

Sequence: ACGTTGGATGTTTGTTACCGTTGTTGATACTAC; Type: regular 5'; Length: 33; Trimmed: 375 times.

No. of allowed errors:
0-9 bp: 0; 10-19 bp: 1; 20-29 bp: 2; 30-33 bp: 3

Overview of removed sequences
length	count	expect	max.err	error counts
9	1	1.2	0	1
10	1	0.3	1	0 1
16	1	0.0	1	1
24	3	0.0	2	1 0 2
26	1	0.0	2	0 0 1
27	1	0.0	2	0 0 1
28	2	0.0	2	0 1 1
29	5	0.0	2	2 1 2
30	6	0.0	3	0 1 4 1
31	16	0.0	3	0 1 6 9
32	37	0.0	3	1 8 7 21
33	292	0.0	3	57 78 74 83
34	7	0.0	3	0 0 3 4
35	1	0.0	3	0 0 1
46	1	0.0	3	1


=== Second read: Adapter 17 ===

Sequence: ACGTTGGATGAATATATGTGTGCTTATTTG; Type: regular 5'; Length: 30; Trimmed: 416 times.

No. of allowed errors:
0-9 bp: 0; 10-19 bp: 1; 20-29 bp: 2; 30 bp: 3

Overview of removed sequences
length	count	expect	max.err	error counts
3	253	5085.8	0	253
4	62	1271.5	0	62
5	83	317.9	0	83
6	14	79.5	0	14
7	3	19.9	0	3
9	1	1.2	0	1


=== Second read: Adapter 18 ===

Sequence: ACGTTGGATGTTTGTTACTAAGGTAGATACCACTC; Type: regular 5'; Length: 35; Trimmed: 1756 times.

No. of allowed errors:
0-9 bp: 0; 10-19 bp: 1; 20-29 bp: 2; 30-35 bp: 3

Overview of removed sequences
length	count	expect	max.err	error counts
3	464	5085.8	0	464
4	1121	1271.5	0	1121
5	21	317.9	0	21
6	11	79.5	0	11
7	11	19.9	0	11
8	4	5.0	0	4
9	22	1.2	0	0 22
10	17	0.3	1	0 17
11	8	0.1	1	0 8
13	1	0.0	1	0 1
29	1	0.0	2	0 0 1
30	1	0.0	3	1
33	3	0.0	3	0 0 1 2
34	13	0.0	3	0 3 4 6
35	50	0.0	3	15 8 9 18
36	5	0.0	3	0 2 2 1
37	3	0.0	3	0 0 1 2


=== Second read: Adapter 19 ===

Sequence: ACGTTGGATGGAAAAATAAACTGCAAATCATATTC; Type: regular 5'; Length: 35; Trimmed: 1115 times.

No. of allowed errors:
0-9 bp: 0; 10-19 bp: 1; 20-29 bp: 2; 30-35 bp: 3

Overview of removed sequences
length	count	expect	max.err	error counts
3	396	5085.8	0	396
4	282	1271.5	0	282
5	36	317.9	0	36
6	11	79.5	0	11
7	36	19.9	0	36
8	4	5.0	0	4
9	27	1.2	0	0 27
10	1	0.3	1	0 1
11	9	0.1	1	0 9
12	1	0.0	1	0 1
13	1	0.0	1	0 1
30	1	0.0	3	0 0 1
31	1	0.0	3	0 0 0 1
32	1	0.0	3	0 0 1
33	1	0.0	3	0 0 1
34	15	0.0	3	0 2 3 10
35	245	0.0	3	20 34 37 154
36	43	0.0	3	0 13 19 11
37	2	0.0	3	0 0 0 2
38	2	0.0	3	0 0 0 2


=== Second read: Adapter 20 ===

Sequence: ACGTTGGATGAGATTAGGGAAAGTATTAGA; Type: regular 5'; Length: 30; Trimmed: 2007 times.

No. of allowed errors:
0-9 bp: 0; 10-19 bp: 1; 20-29 bp: 2; 30 bp: 3

Overview of removed sequences
length	count	expect	max.err	error counts
3	1139	5085.8	0	1139
4	655	1271.5	0	655
5	7	317.9	0	7
6	176	79.5	0	176
7	1	19.9	0	1
9	10	1.2	0	0 10
10	3	0.3	1	0 3
11	14	0.1	1	0 14
13	2	0.0	1	0 2


=== Second read: Adapter 21 ===

Sequence: ACGTTGGATGGAAAAATAAATTGTAAATCATACTC; Type: regular 5'; Length: 35; Trimmed: 98 times.

No. of allowed errors:
0-9 bp: 0; 10-19 bp: 1; 20-29 bp: 2; 30-35 bp: 3

Overview of removed sequences
length	count	expect	max.err	error counts
5	10	317.9	0	10
6	6	79.5	0	6
7	28	19.9	0	28
8	1	5.0	0	1
9	16	1.2	0	0 16
10	12	0.3	1	1 11
11	13	0.1	1	0 13
12	1	0.0	1	0 1
35	9	0.0	3	5 2 0 2
37	2	0.0	3	0 0 0 2


=== Second read: Adapter 22 ===

Sequence: ACGTTGGATGGAAAAATAAACTGTAAATCATATTCCT; Type: regular 5'; Length: 37; Trimmed: 10726 times.

No. of allowed errors:
0-9 bp: 0; 10-19 bp: 1; 20-29 bp: 2; 30-37 bp: 3

Overview of removed sequences
length	count	expect	max.err	error counts
3	9658	5085.8	0	9658
4	57	1271.5	0	57
5	7	317.9	0	7
6	7	79.5	0	7
7	5	19.9	0	5
9	5	1.2	0	5
10	5	0.3	1	0 5
23	1	0.0	2	0 0 1
32	3	0.0	3	0 1 0 2
33	2	0.0	3	1 0 0 1
34	1	0.0	3	0 0 0 1
35	7	0.0	3	0 2 0 5
36	87	0.0	3	0 18 32 37
37	860	0.0	3	207 257 183 213
38	14	0.0	3	0 3 4 7
39	7	0.0	3	0 1 1 5


=== Second read: Adapter 23 ===

Sequence: ACGTTGGATGGAAAAATAAACTGTAAATCATATTC; Type: regular 5'; Length: 35; Trimmed: 118 times.

No. of allowed errors:
0-9 bp: 0; 10-19 bp: 1; 20-29 bp: 2; 30-35 bp: 3

Overview of removed sequences
length	count	expect	max.err	error counts
34	7	0.0	3	0 0 1 6
35	107	0.0	3	4 3 13 87
36	3	0.0	3	0 0 1 2
37	1	0.0	3	0 0 0 1


=== Second read: Adapter 24 ===

Sequence: ACGTTGGATGGAAAAATAAATTGTAAATCAAATTC; Type: regular 5'; Length: 35; Trimmed: 555 times.

No. of allowed errors:
0-9 bp: 0; 10-19 bp: 1; 20-29 bp: 2; 30-35 bp: 3

Overview of removed sequences
length	count	expect	max.err	error counts
5	216	317.9	0	216
6	131	79.5	0	131
7	5	19.9	0	5
8	9	5.0	0	9
9	69	1.2	0	3 66
10	2	0.3	1	0 2
11	9	0.1	1	0 9
31	1	0.0	3	0 1
34	2	0.0	3	0 1 0 1
35	107	0.0	3	46 17 12 32
36	4	0.0	3	0 0 2 2
