This is cutadapt 2.6 with Python 3.7.3
Command line parameters: -g ACGTTGGATGTTTGTTACTATGGTAGATACCACAC -g ACGTTGGATGTTTGTTACTAAGGTAGATACCACTC -g ACGTTGGATGTTTGTTACTGTGGTGGATACTAC -g ACGTTGGATGTTTGTTACTGTTGTGGATACAAC -g ACGTTGGATGTTTGTTACCGTTGTTGATACTAC -g ACGTTGGATGAATATATGTGTGCTTATTTG -G ACGTTGGATGTTTGTTACTATGGTAGATACCACAC -G ACGTTGGATGTTTGTTACTGTGGTGGATACTAC -G ACGTTGGATGTTTGTTACTGTTGTGGATACAAC -G ACGTTGGATGTTTGTTACCGTTGTTGATACTAC -G ACGTTGGATGAATATATGTGTGCTTATTTG -G ACGTTGGATGTTTGTTACTAAGGTAGATACCACTC -g ACGTTGGATGGAAAAATAAACTGCAAATCATATTC -g ACGTTGGATGGAAAAATAAACTGTAAATCATATTC -g ACGTTGGATGGAAAAATAAATTGTAAATCATACTC -g ACGTTGGATGAGATTAGGGAAAGTATTAGA -g ACGTTGGATGGAAAAATAAATTGTAAATCAAATTC -g ACGTTGGATGGAAAAATAAACTGTAAATCATATTCCT -G ACGTTGGATGGAAAAATAAACTGCAAATCATATTC -G ACGTTGGATGAGATTAGGGAAAGTATTAGA -G ACGTTGGATGGAAAAATAAATTGTAAATCATACTC -G ACGTTGGATGGAAAAATAAACTGTAAATCATATTCCT -G ACGTTGGATGGAAAAATAAACTGTAAATCATATTC -G ACGTTGGATGGAAAAATAAATTGTAAATCAAATTC --minimum-length=1 -o /data/projects/mdc-971/data_from_Jan_2020/analysis/30.primer_trimmed/SiHa-1000_S48_L001_cutadapt.1.fq.gz -p /data/projects/mdc-971/data_from_Jan_2020/analysis/30.primer_trimmed/SiHa-1000_S48_L001_cutadapt.2.fq.gz /data/projects/mdc-971/data_from_Jan_2020/analysis/20.adapter_trimmed/SiHa-1000_S48_L001_R1_001.bbduked.trimmed.fastq.gz /data/projects/mdc-971/data_from_Jan_2020/analysis/20.adapter_trimmed/SiHa-1000_S48_L001_R2_001.bbduked.trimmed.fastq.gz
Processing reads on 1 core in paired-end mode ...
Finished in 199.39 s (303 us/read; 0.20 M reads/minute).

=== Summary ===

Total read pairs processed:            657,478
  Read 1 with adapter:                 639,496 (97.3%)
  Read 2 with adapter:                 619,222 (94.2%)
Pairs that were too short:                   0 (0.0%)
Pairs written (passing filters):       657,478 (100.0%)

Total basepairs processed:   165,114,843 bp
  Read 1:    78,985,225 bp
  Read 2:    86,129,618 bp
Total written (filtered):    144,759,954 bp (87.7%)
  Read 1:    68,341,567 bp
  Read 2:    76,418,387 bp

=== First read: Adapter 1 ===

Sequence: ACGTTGGATGTTTGTTACTATGGTAGATACCACAC; Type: regular 5'; Length: 35; Trimmed: 75160 times.

No. of allowed errors:
0-9 bp: 0; 10-19 bp: 1; 20-29 bp: 2; 30-35 bp: 3

Overview of removed sequences
length	count	expect	max.err	error counts
3	36	10273.1	0	36
4	20	2568.3	0	20
5	3	642.1	0	3
6	5	160.5	0	5
7	3	40.1	0	3
8	15	10.0	0	15
9	41	2.5	0	41
10	148	0.6	1	40 108
11	50	0.2	1	48 2
12	109	0.0	1	107 2
13	116	0.0	1	113 3
14	145	0.0	1	132 13
15	442	0.0	1	289 153
16	7949	0.0	1	4715 3234
17	63428	0.0	1	42220 21208
18	2566	0.0	1	1769 795 2
19	65	0.0	1	46 19
20	1	0.0	2	0 0 1
21	2	0.0	2	0 2
22	1	0.0	2	1
23	2	0.0	2	2
24	2	0.0	2	1 1
25	1	0.0	2	1
27	2	0.0	2	1 1
33	3	0.0	3	3
34	1	0.0	3	1
37	1	0.0	3	0 1
38	1	0.0	3	0 1
41	1	0.0	3	0 1
47	1	0.0	3	0 1


=== First read: Adapter 2 ===

Sequence: ACGTTGGATGTTTGTTACTAAGGTAGATACCACTC; Type: regular 5'; Length: 35; Trimmed: 32313 times.

No. of allowed errors:
0-9 bp: 0; 10-19 bp: 1; 20-29 bp: 2; 30-35 bp: 3

Overview of removed sequences
length	count	expect	max.err	error counts
3	4	10273.1	0	4
4	4	2568.3	0	4
5	2	642.1	0	2
7	1	40.1	0	1
8	1	10.0	0	1
9	11	2.5	0	11
10	13	0.6	1	8 5
11	19	0.2	1	18 1
12	55	0.0	1	50 5
13	84	0.0	1	78 6
14	93	0.0	1	78 15
15	223	0.0	1	160 63
16	3433	0.0	1	1043 2390
17	27687	0.0	1	26665 1022
18	665	0.0	1	302 363
19	3	0.0	1	1 2
21	1	0.0	2	1
22	2	0.0	2	2
23	2	0.0	2	1 0 1
24	2	0.0	2	0 0 2
29	1	0.0	2	1
32	1	0.0	3	0 1
33	1	0.0	3	0 1
36	1	0.0	3	1
38	2	0.0	3	1 0 0 1
40	1	0.0	3	1
76	1	0.0	3	1


=== First read: Adapter 3 ===

Sequence: ACGTTGGATGTTTGTTACTGTGGTGGATACTAC; Type: regular 5'; Length: 33; Trimmed: 52940 times.

No. of allowed errors:
0-9 bp: 0; 10-19 bp: 1; 20-29 bp: 2; 30-33 bp: 3

Overview of removed sequences
length	count	expect	max.err	error counts
3	69	10273.1	0	69
4	25	2568.3	0	25
5	49	642.1	0	49
6	127	160.5	0	127
7	854	40.1	0	854
8	492	10.0	0	492
9	285	2.5	0	282 3
10	364	0.6	1	341 23
11	310	0.2	1	281 29
12	528	0.0	1	452 76
13	912	0.0	1	642 270
14	4928	0.0	1	2608 2320
15	41370	0.0	1	34818 6552
16	2542	0.0	1	151 2391
17	7	0.0	1	3 4
18	5	0.0	1	5
19	6	0.0	1	5 1
20	8	0.0	2	5 3
21	1	0.0	2	1
22	1	0.0	2	1
23	14	0.0	2	14
24	5	0.0	2	3 2
25	2	0.0	2	1 0 1
26	2	0.0	2	2
27	2	0.0	2	2
28	1	0.0	2	1
30	4	0.0	3	2 2
31	1	0.0	3	1
32	4	0.0	3	3 1
33	3	0.0	3	1 2
34	3	0.0	3	2 0 0 1
35	4	0.0	3	2 2
36	3	0.0	3	3
42	2	0.0	3	2
46	1	0.0	3	0 0 0 1
47	2	0.0	3	1 0 0 1
77	1	0.0	3	1
80	1	0.0	3	1
108	1	0.0	3	1
109	1	0.0	3	1


=== First read: Adapter 4 ===

Sequence: ACGTTGGATGTTTGTTACTGTTGTGGATACAAC; Type: regular 5'; Length: 33; Trimmed: 55128 times.

No. of allowed errors:
0-9 bp: 0; 10-19 bp: 1; 20-29 bp: 2; 30-33 bp: 3

Overview of removed sequences
length	count	expect	max.err	error counts
3	571	10273.1	0	571
4	1	2568.3	0	1
5	12	642.1	0	12
6	38	160.5	0	38
7	276	40.1	0	276
8	149	10.0	0	149
9	124	2.5	0	123 1
10	170	0.6	1	166 4
11	211	0.2	1	201 10
12	289	0.0	1	251 38
13	609	0.0	1	433 176
14	5246	0.0	1	2744 2502
15	44633	0.0	1	41668 2965
16	2697	0.0	1	1354 1343
17	74	0.0	1	32 42
21	1	0.0	2	0 1
22	1	0.0	2	1
23	2	0.0	2	2
24	1	0.0	2	1
26	4	0.0	2	4
27	2	0.0	2	2
28	1	0.0	2	0 0 1
34	2	0.0	3	0 2
40	1	0.0	3	1
41	1	0.0	3	1
45	5	0.0	3	3 2
46	2	0.0	3	2
73	1	0.0	3	1
77	2	0.0	3	2
78	1	0.0	3	0 1
79	1	0.0	3	1


=== First read: Adapter 5 ===

Sequence: ACGTTGGATGTTTGTTACCGTTGTTGATACTAC; Type: regular 5'; Length: 33; Trimmed: 123831 times.

No. of allowed errors:
0-9 bp: 0; 10-19 bp: 1; 20-29 bp: 2; 30-33 bp: 3

Overview of removed sequences
length	count	expect	max.err	error counts
9	209	2.5	0	205 4
10	412	0.6	1	410 2
11	530	0.2	1	499 31
12	775	0.0	1	714 61
13	1376	0.0	1	978 398
14	10587	0.0	1	5094 5493
15	105909	0.0	1	100675 5234
16	3938	0.0	1	584 3354
17	34	0.0	1	7 27
18	6	0.0	1	6
19	3	0.0	1	3
20	8	0.0	2	6 2
21	1	0.0	2	1
22	1	0.0	2	1
23	5	0.0	2	5
24	3	0.0	2	2 1
25	2	0.0	2	2
26	3	0.0	2	3
27	2	0.0	2	1 1
28	2	0.0	2	2
29	1	0.0	2	1
30	3	0.0	3	2 1
32	2	0.0	3	2
33	1	0.0	3	1
34	1	0.0	3	1
36	2	0.0	3	2
37	1	0.0	3	1
46	10	0.0	3	9 1
48	1	0.0	3	0 1
52	1	0.0	3	0 1
77	2	0.0	3	2


=== First read: Adapter 6 ===

Sequence: ACGTTGGATGAATATATGTGTGCTTATTTG; Type: regular 5'; Length: 30; Trimmed: 191 times.

No. of allowed errors:
0-9 bp: 0; 10-19 bp: 1; 20-29 bp: 2; 30 bp: 3

Overview of removed sequences
length	count	expect	max.err	error counts
3	113	10273.1	0	113
4	78	2568.3	0	78


=== First read: Adapter 7 ===

Sequence: ACGTTGGATGGAAAAATAAACTGCAAATCATATTC; Type: regular 5'; Length: 35; Trimmed: 63581 times.

No. of allowed errors:
0-9 bp: 0; 10-19 bp: 1; 20-29 bp: 2; 30-35 bp: 3

Overview of removed sequences
length	count	expect	max.err	error counts
5	2	642.1	0	2
6	2	160.5	0	2
7	7	40.1	0	7
8	3	10.0	0	3
9	6	2.5	0	6
10	11	0.6	1	11
11	19	0.2	1	16 3
12	413	0.0	1	400 13
13	326	0.0	1	304 22
14	292	0.0	1	270 22
15	414	0.0	1	306 108
16	5262	0.0	1	2550 2712
17	52426	0.0	1	50125 2301
18	4382	0.0	1	124 4258
19	7	0.0	1	1 6
21	2	0.0	2	2
22	1	0.0	2	1
29	1	0.0	2	0 1
34	2	0.0	3	1 1
44	1	0.0	3	1
48	1	0.0	3	0 0 1
50	1	0.0	3	0 1


=== First read: Adapter 8 ===

Sequence: ACGTTGGATGGAAAAATAAACTGTAAATCATATTC; Type: regular 5'; Length: 35; Trimmed: 13031 times.

No. of allowed errors:
0-9 bp: 0; 10-19 bp: 1; 20-29 bp: 2; 30-35 bp: 3

Overview of removed sequences
length	count	expect	max.err	error counts
12	28	0.0	1	27 1
13	37	0.0	1	32 5
14	20	0.0	1	17 3
15	58	0.0	1	28 30
16	1355	0.0	1	320 1035
17	11361	0.0	1	10072 1289
18	170	0.0	1	30 140
19	1	0.0	1	0 1
51	1	0.0	3	0 1


=== First read: Adapter 9 ===

Sequence: ACGTTGGATGGAAAAATAAATTGTAAATCATACTC; Type: regular 5'; Length: 35; Trimmed: 8885 times.

No. of allowed errors:
0-9 bp: 0; 10-19 bp: 1; 20-29 bp: 2; 30-35 bp: 3

Overview of removed sequences
length	count	expect	max.err	error counts
6	2	160.5	0	2
11	1	0.2	1	1
12	2	0.0	1	2
13	7	0.0	1	7
14	4	0.0	1	4
15	8	0.0	1	6 2
16	300	0.0	1	240 60
17	8530	0.0	1	8371 159
18	23	0.0	1	13 10
19	2	0.0	1	2
20	2	0.0	2	2
21	1	0.0	2	1
25	1	0.0	2	1
34	2	0.0	3	2


=== First read: Adapter 10 ===

Sequence: ACGTTGGATGAGATTAGGGAAAGTATTAGA; Type: regular 5'; Length: 30; Trimmed: 1444 times.

No. of allowed errors:
0-9 bp: 0; 10-19 bp: 1; 20-29 bp: 2; 30 bp: 3

Overview of removed sequences
length	count	expect	max.err	error counts
3	1438	10273.1	0	1438
4	6	2568.3	0	6


=== First read: Adapter 11 ===

Sequence: ACGTTGGATGGAAAAATAAATTGTAAATCAAATTC; Type: regular 5'; Length: 35; Trimmed: 11043 times.

No. of allowed errors:
0-9 bp: 0; 10-19 bp: 1; 20-29 bp: 2; 30-35 bp: 3

Overview of removed sequences
length	count	expect	max.err	error counts
5	8	642.1	0	8
9	1	2.5	0	1
10	1	0.6	1	0 1
11	1	0.2	1	1
12	1	0.0	1	1
13	1	0.0	1	1
15	9	0.0	1	8 1
16	146	0.0	1	96 50
17	10852	0.0	1	10662 190
18	22	0.0	1	4 18
20	1	0.0	2	1


=== First read: Adapter 12 ===

Sequence: ACGTTGGATGGAAAAATAAACTGTAAATCATATTCCT; Type: regular 5'; Length: 37; Trimmed: 201949 times.

No. of allowed errors:
0-9 bp: 0; 10-19 bp: 1; 20-29 bp: 2; 30-37 bp: 3

Overview of removed sequences
length	count	expect	max.err	error counts
3	8	10273.1	0	8
4	3	2568.3	0	3
5	1	642.1	0	1
6	3	160.5	0	3
7	3	40.1	0	3
8	1	10.0	0	1
9	14	2.5	0	2 12
10	51	0.6	1	18 33
11	76	0.2	1	41 35
12	126	0.0	1	57 69
13	269	0.0	1	126 143
14	776	0.0	1	294 482
15	746	0.0	1	301 445
16	783	0.0	1	290 493
17	2730	0.0	1	445 2285
18	53202	0.0	1	8354 44846 2
19	138968	0.0	1	83797 55163 8
20	4029	0.0	2	2727 1296 6
21	110	0.0	2	85 15 10
22	19	0.0	2	2 3 14
23	4	0.0	2	2 2
25	2	0.0	2	1 1
26	1	0.0	2	1
27	1	0.0	2	0 1
29	1	0.0	2	0 1
30	2	0.0	3	1 1
31	1	0.0	3	1
32	2	0.0	3	1 1
34	2	0.0	3	0 2
35	3	0.0	3	0 3
36	2	0.0	3	2
38	1	0.0	3	1
39	3	0.0	3	2 1
41	1	0.0	3	1
44	1	0.0	3	1
47	1	0.0	3	0 0 0 1
50	1	0.0	3	0 0 1
51	1	0.0	3	0 0 1
54	1	0.0	3	0 0 1


=== Second read: Adapter 13 ===

Sequence: ACGTTGGATGTTTGTTACTATGGTAGATACCACAC; Type: regular 5'; Length: 35; Trimmed: 50487 times.

No. of allowed errors:
0-9 bp: 0; 10-19 bp: 1; 20-29 bp: 2; 30-35 bp: 3

Overview of removed sequences
length	count	expect	max.err	error counts
3	91	10273.1	0	91
4	67	2568.3	0	67
5	19	642.1	0	19
6	1	160.5	0	1
7	17	40.1	0	17
8	10	10.0	0	10
9	33	2.5	0	33
10	110	0.6	1	21 89
11	42	0.2	1	39 3
12	60	0.0	1	58 2
13	68	0.0	1	61 7
14	266	0.0	1	177 89
15	4123	0.0	1	1823 2300
16	43595	0.0	1	26943 16652
17	1854	0.0	1	1198 656
18	80	0.0	1	39 41
19	2	0.0	1	2
20	1	0.0	2	0 0 1
22	1	0.0	2	0 0 1
23	3	0.0	2	2 1
24	6	0.0	2	2 4
25	4	0.0	2	2 0 2
26	5	0.0	2	1 3 1
27	5	0.0	2	1 4
28	3	0.0	2	0 3
29	2	0.0	2	0 0 2
31	1	0.0	3	0 1
33	1	0.0	3	1
34	2	0.0	3	1 1
35	2	0.0	3	1 0 0 1
36	7	0.0	3	2 5
37	1	0.0	3	1
39	1	0.0	3	0 0 0 1
40	1	0.0	3	0 1
41	1	0.0	3	1
78	1	0.0	3	1
80	1	0.0	3	1


=== Second read: Adapter 14 ===

Sequence: ACGTTGGATGTTTGTTACTGTGGTGGATACTAC; Type: regular 5'; Length: 33; Trimmed: 89650 times.

No. of allowed errors:
0-9 bp: 0; 10-19 bp: 1; 20-29 bp: 2; 30-33 bp: 3

Overview of removed sequences
length	count	expect	max.err	error counts
3	82	10273.1	0	82
4	36	2568.3	0	36
5	162	642.1	0	162
6	75	160.5	0	75
7	193	40.1	0	193
8	174	10.0	0	174
9	113	2.5	0	110 3
10	159	0.6	1	142 17
11	289	0.2	1	250 39
12	844	0.0	1	503 341
13	6726	0.0	1	3327 3399
14	75682	0.0	1	60406 15276
15	3879	0.0	1	327 3552
16	19	0.0	1	5 14
17	1	0.0	1	1
18	4	0.0	1	2 2
19	7	0.0	1	4 3
20	10	0.0	2	5 1 4
21	17	0.0	2	11 6
22	167	0.0	2	142 23 2
23	107	0.0	2	79 21 7
24	46	0.0	2	31 11 4
25	131	0.0	2	101 25 5
26	124	0.0	2	96 20 8
27	56	0.0	2	39 12 5
28	32	0.0	2	21 10 1
29	63	0.0	2	45 15 3
30	72	0.0	3	54 9 7 2
31	54	0.0	3	37 16 1
32	81	0.0	3	56 18 5 2
33	52	0.0	3	35 11 3 3
34	53	0.0	3	40 9 1 3
35	42	0.0	3	32 7 2 1
36	16	0.0	3	10 4 1 1
37	17	0.0	3	10 4 2 1
38	16	0.0	3	9 5 2
39	8	0.0	3	5 1 2
43	2	0.0	3	2
44	3	0.0	3	2 0 0 1
45	12	0.0	3	10 2
46	7	0.0	3	4 3
47	2	0.0	3	0 1 0 1
70	1	0.0	3	1
72	1	0.0	3	1
74	1	0.0	3	0 1
75	2	0.0	3	0 2
76	6	0.0	3	5 1
78	1	0.0	3	0 0 1
107	3	0.0	3	3


=== Second read: Adapter 15 ===

Sequence: ACGTTGGATGTTTGTTACTGTTGTGGATACAAC; Type: regular 5'; Length: 33; Trimmed: 73982 times.

No. of allowed errors:
0-9 bp: 0; 10-19 bp: 1; 20-29 bp: 2; 30-33 bp: 3

Overview of removed sequences
length	count	expect	max.err	error counts
3	307	10273.1	0	307
4	46	2568.3	0	46
5	74	642.1	0	74
6	16	160.5	0	16
7	47	40.1	0	47
8	57	10.0	0	57
9	76	2.5	0	76
10	123	0.6	1	112 11
11	192	0.2	1	169 23
12	548	0.0	1	371 177
13	5249	0.0	1	2701 2548
14	62621	0.0	1	53825 8796
15	3754	0.0	1	1978 1776
16	81	0.0	1	45 36
17	5	0.0	1	1 4
18	3	0.0	1	3
19	3	0.0	1	3
20	4	0.0	2	2 0 2
21	8	0.0	2	6 2
22	97	0.0	2	79 14 4
23	52	0.0	2	45 7
24	21	0.0	2	15 5 1
25	79	0.0	2	72 5 2
26	75	0.0	2	65 9 1
27	28	0.0	2	23 3 2
28	8	0.0	2	7 1
29	25	0.0	2	22 2 1
30	50	0.0	3	39 8 2 1
31	40	0.0	3	34 3 2 1
32	48	0.0	3	41 4 2 1
33	46	0.0	3	38 7 1
34	51	0.0	3	42 5 3 1
35	22	0.0	3	14 6 1 1
36	5	0.0	3	2 3
37	14	0.0	3	13 1
38	8	0.0	3	6 2
39	2	0.0	3	2
40	2	0.0	3	0 2
41	2	0.0	3	1 0 1
42	1	0.0	3	1
43	4	0.0	3	2 1 1
44	12	0.0	3	9 2 0 1
45	53	0.0	3	45 4 3 1
46	10	0.0	3	4 5 1
47	4	0.0	3	1 3
48	1	0.0	3	0 1
55	1	0.0	3	0 0 0 1
76	1	0.0	3	1
78	2	0.0	3	2
97	1	0.0	3	1
106	1	0.0	3	1
107	1	0.0	3	1
110	1	0.0	3	1


=== Second read: Adapter 16 ===

Sequence: ACGTTGGATGTTTGTTACCGTTGTTGATACTAC; Type: regular 5'; Length: 33; Trimmed: 92830 times.

No. of allowed errors:
0-9 bp: 0; 10-19 bp: 1; 20-29 bp: 2; 30-33 bp: 3

Overview of removed sequences
length	count	expect	max.err	error counts
9	198	2.5	0	198
10	313	0.6	1	297 16
11	468	0.2	1	412 56
12	937	0.0	1	760 177
13	6511	0.0	1	2789 3722
14	80969	0.0	1	74467 6502
15	3119	0.0	1	583 2536
16	29	0.0	1	13 16
17	5	0.0	1	5
18	2	0.0	1	2
19	4	0.0	1	3 1
20	3	0.0	2	0 2 1
21	6	0.0	2	3 2 1
22	39	0.0	2	35 4
23	25	0.0	2	20 4 1
24	8	0.0	2	7 1
25	32	0.0	2	25 7
26	28	0.0	2	23 5
27	10	0.0	2	8 2
28	7	0.0	2	5 1 1
29	13	0.0	2	9 4
30	9	0.0	3	8 1
31	14	0.0	3	11 2 1
32	11	0.0	3	7 4
33	14	0.0	3	11 2 1
34	8	0.0	3	7 0 1
35	6	0.0	3	5 1
36	9	0.0	3	9
37	4	0.0	3	2 1 1
38	2	0.0	3	1 1
39	3	0.0	3	3
44	2	0.0	3	1 1
45	12	0.0	3	11 0 1
46	4	0.0	3	2 1 1
47	4	0.0	3	0 4
48	1	0.0	3	1
56	1	0.0	3	0 0 0 1


=== Second read: Adapter 17 ===

Sequence: ACGTTGGATGAATATATGTGTGCTTATTTG; Type: regular 5'; Length: 30; Trimmed: 604 times.

No. of allowed errors:
0-9 bp: 0; 10-19 bp: 1; 20-29 bp: 2; 30 bp: 3

Overview of removed sequences
length	count	expect	max.err	error counts
3	444	10273.1	0	444
4	142	2568.3	0	142
5	15	642.1	0	15
6	1	160.5	0	1
7	1	40.1	0	1
8	1	10.0	0	1


=== Second read: Adapter 18 ===

Sequence: ACGTTGGATGTTTGTTACTAAGGTAGATACCACTC; Type: regular 5'; Length: 35; Trimmed: 21170 times.

No. of allowed errors:
0-9 bp: 0; 10-19 bp: 1; 20-29 bp: 2; 30-35 bp: 3

Overview of removed sequences
length	count	expect	max.err	error counts
3	107	10273.1	0	107
4	168	2568.3	0	168
5	41	642.1	0	41
6	1	160.5	0	1
7	5	40.1	0	5
8	2	10.0	0	2
9	9	2.5	0	9
10	19	0.6	1	6 13
11	25	0.2	1	23 2
12	41	0.0	1	36 5
13	55	0.0	1	48 7
14	165	0.0	1	118 47
15	2065	0.0	1	675 1390
16	17911	0.0	1	16583 1328
17	515	0.0	1	278 237
18	13	0.0	1	6 7
22	1	0.0	2	1
23	1	0.0	2	1
24	5	0.0	2	5
25	2	0.0	2	1 0 1
27	3	0.0	2	3
29	1	0.0	2	1
30	1	0.0	3	0 0 1
31	1	0.0	3	0 0 1
32	1	0.0	3	1
33	1	0.0	3	1
34	1	0.0	3	0 0 0 1
35	2	0.0	3	1 1
36	1	0.0	3	1
37	3	0.0	3	1 1 1
38	1	0.0	3	0 0 0 1
40	3	0.0	3	3


=== Second read: Adapter 19 ===

Sequence: ACGTTGGATGGAAAAATAAACTGCAAATCATATTC; Type: regular 5'; Length: 35; Trimmed: 61912 times.

No. of allowed errors:
0-9 bp: 0; 10-19 bp: 1; 20-29 bp: 2; 30-35 bp: 3

Overview of removed sequences
length	count	expect	max.err	error counts
3	47	10273.1	0	47
4	61	2568.3	0	61
5	13	642.1	0	13
6	9	160.5	0	9
7	1	40.1	0	1
8	1	10.0	0	1
9	3	2.5	0	3
10	9	0.6	1	7 2
11	34	0.2	1	32 2
12	145	0.0	1	135 10
13	169	0.0	1	140 29
14	304	0.0	1	227 77
15	4053	0.0	1	1533 2520
16	51354	0.0	1	47572 3782
17	5620	0.0	1	94 5526
18	16	0.0	1	5 11
19	3	0.0	1	3
20	1	0.0	2	0 0 1
21	2	0.0	2	0 2
23	1	0.0	2	1
24	9	0.0	2	7 2
25	6	0.0	2	5 1
27	4	0.0	2	3 0 1
28	3	0.0	2	2 1
29	6	0.0	2	3 2 1
30	3	0.0	3	3
31	7	0.0	3	5 2
32	5	0.0	3	2 3
33	3	0.0	3	2 1
34	7	0.0	3	4 3
35	1	0.0	3	0 1
36	1	0.0	3	0 1
37	6	0.0	3	2 3 1
38	2	0.0	3	1 0 0 1
39	1	0.0	3	0 1
43	1	0.0	3	0 1
52	1	0.0	3	0 0 1


=== Second read: Adapter 20 ===

Sequence: ACGTTGGATGAGATTAGGGAAAGTATTAGA; Type: regular 5'; Length: 30; Trimmed: 52 times.

No. of allowed errors:
0-9 bp: 0; 10-19 bp: 1; 20-29 bp: 2; 30 bp: 3

Overview of removed sequences
length	count	expect	max.err	error counts
3	35	10273.1	0	35
4	12	2568.3	0	12
5	1	642.1	0	1
6	2	160.5	0	2
7	1	40.1	0	1
9	1	2.5	0	0 1


=== Second read: Adapter 21 ===

Sequence: ACGTTGGATGGAAAAATAAATTGTAAATCATACTC; Type: regular 5'; Length: 35; Trimmed: 5403 times.

No. of allowed errors:
0-9 bp: 0; 10-19 bp: 1; 20-29 bp: 2; 30-35 bp: 3

Overview of removed sequences
length	count	expect	max.err	error counts
5	25	642.1	0	25
6	4	160.5	0	4
7	3	40.1	0	3
10	1	0.6	1	0 1
11	2	0.2	1	1 1
12	7	0.0	1	4 3
13	3	0.0	1	2 1
14	10	0.0	1	8 2
15	125	0.0	1	82 43
16	5169	0.0	1	4788 381
17	27	0.0	1	6 21
18	2	0.0	1	2
19	1	0.0	1	1
20	1	0.0	2	1
21	1	0.0	2	0 1
22	1	0.0	2	1
24	4	0.0	2	4
25	1	0.0	2	0 0 1
26	3	0.0	2	3
27	1	0.0	2	1
28	2	0.0	2	2
30	4	0.0	3	3 1
32	1	0.0	3	1
36	3	0.0	3	3
41	1	0.0	3	1
46	1	0.0	3	1


=== Second read: Adapter 22 ===

Sequence: ACGTTGGATGGAAAAATAAACTGTAAATCATATTCCT; Type: regular 5'; Length: 37; Trimmed: 199898 times.

No. of allowed errors:
0-9 bp: 0; 10-19 bp: 1; 20-29 bp: 2; 30-37 bp: 3

Overview of removed sequences
length	count	expect	max.err	error counts
3	693	10273.1	0	693
4	34	2568.3	0	34
5	3	642.1	0	3
6	6	160.5	0	6
7	3	40.1	0	3
8	4	10.0	0	4
9	21	2.5	0	13 8
10	34	0.6	1	15 19
11	56	0.2	1	26 30
12	216	0.0	1	74 142
13	337	0.0	1	232 105
14	377	0.0	1	185 192
15	443	0.0	1	183 260
16	1631	0.0	1	284 1347
17	50787	0.0	1	4087 46700
18	141074	0.0	1	82461 58613
19	3823	0.0	1	1997 1824 2
20	107	0.0	2	83 23 1
21	5	0.0	2	2 2 1
22	3	0.0	2	2 1
23	1	0.0	2	0 1
25	12	0.0	2	1 8 3
26	29	0.0	2	6 21 2
27	14	0.0	2	7 7
28	14	0.0	2	2 11 1
29	10	0.0	2	0 9 1
30	20	0.0	3	3 15 2
31	10	0.0	3	4 4 2
32	18	0.0	3	5 12 1
33	18	0.0	3	7 7 1 3
34	7	0.0	3	3 2 1 1
35	14	0.0	3	3 7 1 3
36	28	0.0	3	10 13 2 3
37	12	0.0	3	4 6 1 1
38	11	0.0	3	3 5 1 2
39	4	0.0	3	2 1 1
40	3	0.0	3	1 1 1
41	2	0.0	3	0 1 0 1
42	2	0.0	3	0 1 0 1
43	3	0.0	3	2 0 1
44	1	0.0	3	0 0 1
47	1	0.0	3	0 1
49	1	0.0	3	0 0 0 1
50	1	0.0	3	0 1
51	1	0.0	3	0 0 1
52	1	0.0	3	0 1
54	3	0.0	3	0 3


=== Second read: Adapter 23 ===

Sequence: ACGTTGGATGGAAAAATAAACTGTAAATCATATTC; Type: regular 5'; Length: 35; Trimmed: 15832 times.

No. of allowed errors:
0-9 bp: 0; 10-19 bp: 1; 20-29 bp: 2; 30-35 bp: 3

Overview of removed sequences
length	count	expect	max.err	error counts
12	13	0.0	1	10 3
13	14	0.0	1	12 2
14	25	0.0	1	6 19
15	1462	0.0	1	220 1242
16	13952	0.0	1	11553 2399
17	345	0.0	1	33 312
18	11	0.0	1	1 10
20	1	0.0	2	1
24	4	0.0	2	3 1
26	1	0.0	2	1
27	1	0.0	2	1
29	1	0.0	2	0 1
32	1	0.0	3	0 1
36	1	0.0	3	0 0 0 1


=== Second read: Adapter 24 ===

Sequence: ACGTTGGATGGAAAAATAAATTGTAAATCAAATTC; Type: regular 5'; Length: 35; Trimmed: 7402 times.

No. of allowed errors:
0-9 bp: 0; 10-19 bp: 1; 20-29 bp: 2; 30-35 bp: 3

Overview of removed sequences
length	count	expect	max.err	error counts
5	74	642.1	0	74
6	3	160.5	0	3
10	2	0.6	1	0 2
11	7	0.2	1	3 4
12	7	0.0	1	6 1
13	1	0.0	1	1
14	3	0.0	1	3
15	110	0.0	1	58 52
16	7148	0.0	1	6770 378
17	41	0.0	1	7 34
22	1	0.0	2	1
25	2	0.0	2	2
28	1	0.0	2	0 0 1
31	1	0.0	3	1
34	1	0.0	3	1
