This is cutadapt 2.6 with Python 3.7.3
Command line parameters: -g ACGTTGGATGTTTGTTACTATGGTAGATACCACAC -g ACGTTGGATGTTTGTTACTAAGGTAGATACCACTC -g ACGTTGGATGTTTGTTACTGTGGTGGATACTAC -g ACGTTGGATGTTTGTTACTGTTGTGGATACAAC -g ACGTTGGATGTTTGTTACCGTTGTTGATACTAC -g ACGTTGGATGAATATATGTGTGCTTATTTG -G ACGTTGGATGTTTGTTACTATGGTAGATACCACAC -G ACGTTGGATGTTTGTTACTGTGGTGGATACTAC -G ACGTTGGATGTTTGTTACTGTTGTGGATACAAC -G ACGTTGGATGTTTGTTACCGTTGTTGATACTAC -G ACGTTGGATGAATATATGTGTGCTTATTTG -G ACGTTGGATGTTTGTTACTAAGGTAGATACCACTC -g ACGTTGGATGGAAAAATAAACTGCAAATCATATTC -g ACGTTGGATGGAAAAATAAACTGTAAATCATATTC -g ACGTTGGATGGAAAAATAAATTGTAAATCATACTC -g ACGTTGGATGAGATTAGGGAAAGTATTAGA -g ACGTTGGATGGAAAAATAAATTGTAAATCAAATTC -g ACGTTGGATGGAAAAATAAACTGTAAATCATATTCCT -G ACGTTGGATGGAAAAATAAACTGCAAATCATATTC -G ACGTTGGATGAGATTAGGGAAAGTATTAGA -G ACGTTGGATGGAAAAATAAATTGTAAATCATACTC -G ACGTTGGATGGAAAAATAAACTGTAAATCATATTCCT -G ACGTTGGATGGAAAAATAAACTGTAAATCATATTC -G ACGTTGGATGGAAAAATAAATTGTAAATCAAATTC --minimum-length=1 -o /data/projects/mdc-971/data_from_Jan_2020/analysis/30.primer_trimmed/SiHa-10000_S47_L001_cutadapt.1.fq.gz -p /data/projects/mdc-971/data_from_Jan_2020/analysis/30.primer_trimmed/SiHa-10000_S47_L001_cutadapt.2.fq.gz /data/projects/mdc-971/data_from_Jan_2020/analysis/20.adapter_trimmed/SiHa-10000_S47_L001_R1_001.bbduked.trimmed.fastq.gz /data/projects/mdc-971/data_from_Jan_2020/analysis/20.adapter_trimmed/SiHa-10000_S47_L001_R2_001.bbduked.trimmed.fastq.gz
Processing reads on 1 core in paired-end mode ...
Finished in 3.64 s (293 us/read; 0.20 M reads/minute).

=== Summary ===

Total read pairs processed:             12,404
  Read 1 with adapter:                   4,924 (39.7%)
  Read 2 with adapter:                   5,151 (41.5%)
Pairs that were too short:                   0 (0.0%)
Pairs written (passing filters):        12,404 (100.0%)

Total basepairs processed:     2,811,439 bp
  Read 1:       950,839 bp
  Read 2:     1,860,600 bp
Total written (filtered):      2,493,445 bp (88.7%)
  Read 1:       790,528 bp
  Read 2:     1,702,917 bp

=== First read: Adapter 1 ===

Sequence: ACGTTGGATGTTTGTTACTATGGTAGATACCACAC; Type: regular 5'; Length: 35; Trimmed: 626 times.

No. of allowed errors:
0-9 bp: 0; 10-19 bp: 1; 20-29 bp: 2; 30-35 bp: 3

Overview of removed sequences
length	count	expect	max.err	error counts
3	4	193.8	0	4
4	1	48.5	0	1
28	1	0.0	2	1
29	2	0.0	2	2
30	2	0.0	3	1 0 0 1
31	22	0.0	3	3 2 15 2
32	63	0.0	3	1 48 14
33	457	0.0	3	307 138 9 3
34	27	0.0	3	0 19 8
35	9	0.0	3	0 0 6 3
36	38	0.0	3	0 0 0 38


=== First read: Adapter 2 ===

Sequence: ACGTTGGATGTTTGTTACTAAGGTAGATACCACTC; Type: regular 5'; Length: 35; Trimmed: 285 times.

No. of allowed errors:
0-9 bp: 0; 10-19 bp: 1; 20-29 bp: 2; 30-35 bp: 3

Overview of removed sequences
length	count	expect	max.err	error counts
3	1	193.8	0	1
30	1	0.0	3	1
31	1	0.0	3	1
32	16	0.0	3	3 13
33	229	0.0	3	214 11 1 3
34	22	0.0	3	0 4 17 1
35	13	0.0	3	0 0 9 4
36	2	0.0	3	0 0 0 2


=== First read: Adapter 3 ===

Sequence: ACGTTGGATGTTTGTTACTGTGGTGGATACTAC; Type: regular 5'; Length: 33; Trimmed: 446 times.

No. of allowed errors:
0-9 bp: 0; 10-19 bp: 1; 20-29 bp: 2; 30-33 bp: 3

Overview of removed sequences
length	count	expect	max.err	error counts
3	3	193.8	0	3
23	3	0.0	2	3
24	2	0.0	2	2
25	2	0.0	2	2
26	1	0.0	2	1
27	4	0.0	2	3 1
28	8	0.0	2	5 0 0 3
29	16	0.0	2	2 2 10 2
30	28	0.0	3	8 16 2 2
31	353	0.0	3	293 52 8
32	22	0.0	3	0 13 8 1
33	2	0.0	3	0 0 2
42	1	0.0	3	1
43	1	0.0	3	0 1


=== First read: Adapter 4 ===

Sequence: ACGTTGGATGTTTGTTACTGTTGTGGATACAAC; Type: regular 5'; Length: 33; Trimmed: 459 times.

No. of allowed errors:
0-9 bp: 0; 10-19 bp: 1; 20-29 bp: 2; 30-33 bp: 3

Overview of removed sequences
length	count	expect	max.err	error counts
3	3	193.8	0	3
22	3	0.0	2	3
23	3	0.0	2	3
24	2	0.0	2	2
26	1	0.0	2	1
28	3	0.0	2	1 0 1 1
29	6	0.0	2	3 0 2 1
30	41	0.0	3	12 25 3 1
31	344	0.0	3	304 37 2 1
32	28	0.0	3	0 26 2
33	22	0.0	3	0 0 20 2
34	3	0.0	3	0 0 0 3


=== First read: Adapter 5 ===

Sequence: ACGTTGGATGTTTGTTACCGTTGTTGATACTAC; Type: regular 5'; Length: 33; Trimmed: 892 times.

No. of allowed errors:
0-9 bp: 0; 10-19 bp: 1; 20-29 bp: 2; 30-33 bp: 3

Overview of removed sequences
length	count	expect	max.err	error counts
23	1	0.0	2	1
24	4	0.0	2	4
26	2	0.0	2	2
27	5	0.0	2	5
28	9	0.0	2	6 0 1 2
29	14	0.0	2	6 1 6 1
30	70	0.0	3	12 52 6
31	770	0.0	3	675 89 6
32	15	0.0	3	1 13 0 1
33	2	0.0	3	1 0 1


=== First read: Adapter 6 ===

Sequence: ACGTTGGATGAATATATGTGTGCTTATTTG; Type: regular 5'; Length: 30; Trimmed: 0 times.

=== First read: Adapter 7 ===

Sequence: ACGTTGGATGGAAAAATAAACTGCAAATCATATTC; Type: regular 5'; Length: 35; Trimmed: 451 times.

No. of allowed errors:
0-9 bp: 0; 10-19 bp: 1; 20-29 bp: 2; 30-35 bp: 3

Overview of removed sequences
length	count	expect	max.err	error counts
3	10	193.8	0	10
23	1	0.0	2	1
26	1	0.0	2	1
28	4	0.0	2	4
29	2	0.0	2	1 1
30	1	0.0	3	1
31	4	0.0	3	3 0 1
32	32	0.0	3	4 28
33	354	0.0	3	329 22 1 2
34	42	0.0	3	0 39 1 2


=== First read: Adapter 8 ===

Sequence: ACGTTGGATGGAAAAATAAACTGTAAATCATATTC; Type: regular 5'; Length: 35; Trimmed: 20 times.

No. of allowed errors:
0-9 bp: 0; 10-19 bp: 1; 20-29 bp: 2; 30-35 bp: 3

Overview of removed sequences
length	count	expect	max.err	error counts
31	1	0.0	3	0 1
32	1	0.0	3	0 1
33	17	0.0	3	11 5 1
34	1	0.0	3	0 1


=== First read: Adapter 9 ===

Sequence: ACGTTGGATGGAAAAATAAATTGTAAATCATACTC; Type: regular 5'; Length: 35; Trimmed: 66 times.

No. of allowed errors:
0-9 bp: 0; 10-19 bp: 1; 20-29 bp: 2; 30-35 bp: 3

Overview of removed sequences
length	count	expect	max.err	error counts
32	1	0.0	3	0 1
33	64	0.0	3	60 4
35	1	0.0	3	0 0 1


=== First read: Adapter 10 ===

Sequence: ACGTTGGATGAGATTAGGGAAAGTATTAGA; Type: regular 5'; Length: 30; Trimmed: 18 times.

No. of allowed errors:
0-9 bp: 0; 10-19 bp: 1; 20-29 bp: 2; 30 bp: 3

Overview of removed sequences
length	count	expect	max.err	error counts
3	1	193.8	0	1
4	17	48.5	0	17


=== First read: Adapter 11 ===

Sequence: ACGTTGGATGGAAAAATAAATTGTAAATCAAATTC; Type: regular 5'; Length: 35; Trimmed: 89 times.

No. of allowed errors:
0-9 bp: 0; 10-19 bp: 1; 20-29 bp: 2; 30-35 bp: 3

Overview of removed sequences
length	count	expect	max.err	error counts
28	1	0.0	2	1
32	3	0.0	3	1 2
33	85	0.0	3	80 4 1


=== First read: Adapter 12 ===

Sequence: ACGTTGGATGGAAAAATAAACTGTAAATCATATTCCT; Type: regular 5'; Length: 37; Trimmed: 1572 times.

No. of allowed errors:
0-9 bp: 0; 10-19 bp: 1; 20-29 bp: 2; 30-37 bp: 3

Overview of removed sequences
length	count	expect	max.err	error counts
29	2	0.0	2	0 1 1
30	5	0.0	3	2 3
31	3	0.0	3	2 0 1
32	3	0.0	3	1 2
33	26	0.0	3	1 5 17 3
34	383	0.0	3	7 338 37 1
35	997	0.0	3	555 411 31
36	67	0.0	3	1 34 30 2
37	76	0.0	3	0 1 14 61
38	9	0.0	3	0 0 0 9
39	1	0.0	3	1


=== Second read: Adapter 13 ===

Sequence: ACGTTGGATGTTTGTTACTATGGTAGATACCACAC; Type: regular 5'; Length: 35; Trimmed: 471 times.

No. of allowed errors:
0-9 bp: 0; 10-19 bp: 1; 20-29 bp: 2; 30-35 bp: 3

Overview of removed sequences
length	count	expect	max.err	error counts
3	28	193.8	0	28
4	57	48.5	0	57
9	1	0.0	0	0 1
10	2	0.0	1	0 2
31	1	0.0	3	1
32	1	0.0	3	0 1
33	18	0.0	3	1 0 16 1
34	34	0.0	3	0 19 12 3
35	272	0.0	3	124 87 34 27
36	19	0.0	3	0 12 5 2
37	7	0.0	3	0 0 4 3
38	31	0.0	3	0 0 0 31


=== Second read: Adapter 14 ===

Sequence: ACGTTGGATGTTTGTTACTGTGGTGGATACTAC; Type: regular 5'; Length: 33; Trimmed: 684 times.

No. of allowed errors:
0-9 bp: 0; 10-19 bp: 1; 20-29 bp: 2; 30-33 bp: 3

Overview of removed sequences
length	count	expect	max.err	error counts
3	16	193.8	0	16
4	8	48.5	0	8
5	17	12.1	0	17
7	1	0.8	0	1
25	2	0.0	2	1 0 1
26	2	0.0	2	2
27	1	0.0	2	1
28	1	0.0	2	0 1
29	1	0.0	2	1
30	5	0.0	3	1 3 0 1
31	17	0.0	3	0 1 11 5
32	45	0.0	3	3 20 11 11
33	519	0.0	3	310 137 42 30
34	35	0.0	3	0 16 13 6
35	2	0.0	3	0 0 1 1
36	1	0.0	3	0 0 0 1
41	3	0.0	3	2 1
43	1	0.0	3	1
45	2	0.0	3	2
51	2	0.0	3	2
53	3	0.0	3	2 1


=== Second read: Adapter 15 ===

Sequence: ACGTTGGATGTTTGTTACTGTTGTGGATACAAC; Type: regular 5'; Length: 33; Trimmed: 583 times.

No. of allowed errors:
0-9 bp: 0; 10-19 bp: 1; 20-29 bp: 2; 30-33 bp: 3

Overview of removed sequences
length	count	expect	max.err	error counts
3	52	193.8	0	52
4	31	48.5	0	31
5	5	12.1	0	5
6	1	3.0	0	1
7	1	0.8	0	1
8	1	0.2	0	1
29	1	0.0	2	0 1
30	1	0.0	3	1
31	5	0.0	3	1 1 2 1
32	38	0.0	3	5 17 11 5
33	399	0.0	3	244 103 35 17
34	25	0.0	3	0 16 8 1
35	18	0.0	3	0 0 14 4
36	3	0.0	3	0 0 0 3
48	1	0.0	3	1
53	1	0.0	3	1


=== Second read: Adapter 16 ===

Sequence: ACGTTGGATGTTTGTTACCGTTGTTGATACTAC; Type: regular 5'; Length: 33; Trimmed: 652 times.

No. of allowed errors:
0-9 bp: 0; 10-19 bp: 1; 20-29 bp: 2; 30-33 bp: 3

Overview of removed sequences
length	count	expect	max.err	error counts
26	3	0.0	2	2 1
27	1	0.0	2	1
28	2	0.0	2	2
29	3	0.0	2	3
30	4	0.0	3	1 2 1
31	10	0.0	3	4 1 4 1
32	46	0.0	3	6 25 11 4
33	546	0.0	3	390 107 32 17
34	30	0.0	3	0 19 9 2
35	3	0.0	3	0 0 0 3
36	2	0.0	3	0 0 0 2
42	1	0.0	3	1
45	1	0.0	3	1


=== Second read: Adapter 17 ===

Sequence: ACGTTGGATGAATATATGTGTGCTTATTTG; Type: regular 5'; Length: 30; Trimmed: 7 times.

No. of allowed errors:
0-9 bp: 0; 10-19 bp: 1; 20-29 bp: 2; 30 bp: 3

Overview of removed sequences
length	count	expect	max.err	error counts
3	4	193.8	0	4
4	1	48.5	0	1
5	1	12.1	0	1
6	1	3.0	0	1


=== Second read: Adapter 18 ===

Sequence: ACGTTGGATGTTTGTTACTAAGGTAGATACCACTC; Type: regular 5'; Length: 35; Trimmed: 352 times.

No. of allowed errors:
0-9 bp: 0; 10-19 bp: 1; 20-29 bp: 2; 30-35 bp: 3

Overview of removed sequences
length	count	expect	max.err	error counts
3	5	193.8	0	5
4	153	48.5	0	153
5	2	12.1	0	2
6	1	3.0	0	1
10	2	0.0	1	0 2
11	1	0.0	1	0 1
28	1	0.0	2	1
31	1	0.0	3	1
32	1	0.0	3	0 0 1
33	2	0.0	3	2
34	18	0.0	3	1 13 3 1
35	144	0.0	3	105 30 6 3
36	15	0.0	3	0 4 10 1
37	5	0.0	3	0 0 4 1
38	1	0.0	3	0 0 0 1


=== Second read: Adapter 19 ===

Sequence: ACGTTGGATGGAAAAATAAACTGCAAATCATATTC; Type: regular 5'; Length: 35; Trimmed: 444 times.

No. of allowed errors:
0-9 bp: 0; 10-19 bp: 1; 20-29 bp: 2; 30-35 bp: 3

Overview of removed sequences
length	count	expect	max.err	error counts
3	4	193.8	0	4
4	24	48.5	0	24
5	1	12.1	0	1
7	1	0.8	0	1
10	1	0.0	1	0 1
30	1	0.0	3	1
31	1	0.0	3	1
32	2	0.0	3	1 1
34	30	0.0	3	0 22 4 4
35	336	0.0	3	243 51 18 24
36	42	0.0	3	0 34 8
38	1	0.0	3	0 0 0 1


=== Second read: Adapter 20 ===

Sequence: ACGTTGGATGAGATTAGGGAAAGTATTAGA; Type: regular 5'; Length: 30; Trimmed: 30 times.

No. of allowed errors:
0-9 bp: 0; 10-19 bp: 1; 20-29 bp: 2; 30 bp: 3

Overview of removed sequences
length	count	expect	max.err	error counts
3	19	193.8	0	19
4	9	48.5	0	9
10	2	0.0	1	0 2


=== Second read: Adapter 21 ===

Sequence: ACGTTGGATGGAAAAATAAATTGTAAATCATACTC; Type: regular 5'; Length: 35; Trimmed: 47 times.

No. of allowed errors:
0-9 bp: 0; 10-19 bp: 1; 20-29 bp: 2; 30-35 bp: 3

Overview of removed sequences
length	count	expect	max.err	error counts
9	4	0.0	0	0 4
10	11	0.0	1	0 11
34	1	0.0	3	0 0 1
35	30	0.0	3	22 6 1 1
37	1	0.0	3	0 0 0 1


=== Second read: Adapter 22 ===

Sequence: ACGTTGGATGGAAAAATAAACTGTAAATCATATTCCT; Type: regular 5'; Length: 37; Trimmed: 1769 times.

No. of allowed errors:
0-9 bp: 0; 10-19 bp: 1; 20-29 bp: 2; 30-37 bp: 3

Overview of removed sequences
length	count	expect	max.err	error counts
3	219	193.8	0	219
4	3	48.5	0	3
6	1	3.0	0	1
31	2	0.0	3	0 2
32	2	0.0	3	1 1
33	2	0.0	3	0 2
34	2	0.0	3	0 2
35	19	0.0	3	1 2 13 3
36	364	0.0	3	0 284 56 24
37	1025	0.0	3	484 423 86 32
38	63	0.0	3	0 26 24 13
39	58	0.0	3	0 0 14 44
40	7	0.0	3	0 0 0 7
42	1	0.0	3	1
52	1	0.0	3	0 1


=== Second read: Adapter 23 ===

Sequence: ACGTTGGATGGAAAAATAAACTGTAAATCATATTC; Type: regular 5'; Length: 35; Trimmed: 51 times.

No. of allowed errors:
0-9 bp: 0; 10-19 bp: 1; 20-29 bp: 2; 30-35 bp: 3

Overview of removed sequences
length	count	expect	max.err	error counts
33	1	0.0	3	0 0 0 1
34	5	0.0	3	0 3 1 1
35	40	0.0	3	10 10 6 14
36	4	0.0	3	0 1 2 1
37	1	0.0	3	0 0 0 1


=== Second read: Adapter 24 ===

Sequence: ACGTTGGATGGAAAAATAAATTGTAAATCAAATTC; Type: regular 5'; Length: 35; Trimmed: 61 times.

No. of allowed errors:
0-9 bp: 0; 10-19 bp: 1; 20-29 bp: 2; 30-35 bp: 3

Overview of removed sequences
length	count	expect	max.err	error counts
5	11	12.1	0	11
7	1	0.8	0	1
10	2	0.0	1	0 2
35	46	0.0	3	38 5 1 2
36	1	0.0	3	0 1
