This is cutadapt 2.6 with Python 3.7.3
Command line parameters: -g ACGTTGGATGTTTGTTACTATGGTAGATACCACAC -g ACGTTGGATGTTTGTTACTAAGGTAGATACCACTC -g ACGTTGGATGTTTGTTACTGTGGTGGATACTAC -g ACGTTGGATGTTTGTTACTGTTGTGGATACAAC -g ACGTTGGATGTTTGTTACCGTTGTTGATACTAC -g ACGTTGGATGAATATATGTGTGCTTATTTG -G ACGTTGGATGTTTGTTACTATGGTAGATACCACAC -G ACGTTGGATGTTTGTTACTGTGGTGGATACTAC -G ACGTTGGATGTTTGTTACTGTTGTGGATACAAC -G ACGTTGGATGTTTGTTACCGTTGTTGATACTAC -G ACGTTGGATGAATATATGTGTGCTTATTTG -G ACGTTGGATGTTTGTTACTAAGGTAGATACCACTC -g ACGTTGGATGGAAAAATAAACTGCAAATCATATTC -g ACGTTGGATGGAAAAATAAACTGTAAATCATATTC -g ACGTTGGATGGAAAAATAAATTGTAAATCATACTC -g ACGTTGGATGAGATTAGGGAAAGTATTAGA -g ACGTTGGATGGAAAAATAAATTGTAAATCAAATTC -g ACGTTGGATGGAAAAATAAACTGTAAATCATATTCCT -G ACGTTGGATGGAAAAATAAACTGCAAATCATATTC -G ACGTTGGATGAGATTAGGGAAAGTATTAGA -G ACGTTGGATGGAAAAATAAATTGTAAATCATACTC -G ACGTTGGATGGAAAAATAAACTGTAAATCATATTCCT -G ACGTTGGATGGAAAAATAAACTGTAAATCATATTC -G ACGTTGGATGGAAAAATAAATTGTAAATCAAATTC --minimum-length=1 -o /data/projects/mdc-971/data_from_Jan_2020/analysis/30.primer_trimmed/SiHa-100-2_S95_L001_cutadapt.1.fq.gz -p /data/projects/mdc-971/data_from_Jan_2020/analysis/30.primer_trimmed/SiHa-100-2_S95_L001_cutadapt.2.fq.gz /data/projects/mdc-971/data_from_Jan_2020/analysis/20.adapter_trimmed/SiHa-100-2_S95_L001_R1_001.bbduked.trimmed.fastq.gz /data/projects/mdc-971/data_from_Jan_2020/analysis/20.adapter_trimmed/SiHa-100-2_S95_L001_R2_001.bbduked.trimmed.fastq.gz
Processing reads on 1 core in paired-end mode ...
Finished in 2.49 s (328 us/read; 0.18 M reads/minute).

=== Summary ===

Total read pairs processed:              7,594
  Read 1 with adapter:                   4,950 (65.2%)
  Read 2 with adapter:                   4,721 (62.2%)
Pairs that were too short:                   0 (0.0%)
Pairs written (passing filters):         7,594 (100.0%)

Total basepairs processed:     1,921,161 bp
  Read 1:       782,061 bp
  Read 2:     1,139,100 bp
Total written (filtered):      1,612,948 bp (84.0%)
  Read 1:       627,734 bp
  Read 2:       985,214 bp

=== First read: Adapter 1 ===

Sequence: ACGTTGGATGTTTGTTACTATGGTAGATACCACAC; Type: regular 5'; Length: 35; Trimmed: 680 times.

No. of allowed errors:
0-9 bp: 0; 10-19 bp: 1; 20-29 bp: 2; 30-35 bp: 3

Overview of removed sequences
length	count	expect	max.err	error counts
24	1	0.0	2	1
27	1	0.0	2	0 1
28	1	0.0	2	1
29	4	0.0	2	2 0 0 2
30	7	0.0	3	2 1 3 1
31	76	0.0	3	3 57 16
32	508	0.0	3	277 217 13 1
33	30	0.0	3	2 20 5 3
34	9	0.0	3	1 1 1 6
35	43	0.0	3	0 0 0 43


=== First read: Adapter 2 ===

Sequence: ACGTTGGATGTTTGTTACTAAGGTAGATACCACTC; Type: regular 5'; Length: 35; Trimmed: 241 times.

No. of allowed errors:
0-9 bp: 0; 10-19 bp: 1; 20-29 bp: 2; 30-35 bp: 3

Overview of removed sequences
length	count	expect	max.err	error counts
26	1	0.0	2	1
27	1	0.0	2	1
29	1	0.0	2	0 0 1
30	5	0.0	3	1 2 2
31	35	0.0	3	3 31 0 1
32	179	0.0	3	166 11 2
33	4	0.0	3	0 3 1
34	4	0.0	3	0 0 4
35	10	0.0	3	0 0 0 10
63	1	0.0	3	1


=== First read: Adapter 3 ===

Sequence: ACGTTGGATGTTTGTTACTGTGGTGGATACTAC; Type: regular 5'; Length: 33; Trimmed: 738 times.

No. of allowed errors:
0-9 bp: 0; 10-19 bp: 1; 20-29 bp: 2; 30-33 bp: 3

Overview of removed sequences
length	count	expect	max.err	error counts
22	4	0.0	2	1 3
23	2	0.0	2	1 1
24	7	0.0	2	3 2 2
25	5	0.0	2	4 1
26	7	0.0	2	5 2
27	15	0.0	2	5 4 1 5
28	34	0.0	2	5 6 18 5
29	67	0.0	2	14 44 8 1
30	531	0.0	3	338 176 17
31	55	0.0	3	0 29 22 4
32	6	0.0	3	0 0 5 1
33	5	0.0	3	0 0 0 5


=== First read: Adapter 4 ===

Sequence: ACGTTGGATGTTTGTTACTGTTGTGGATACAAC; Type: regular 5'; Length: 33; Trimmed: 746 times.

No. of allowed errors:
0-9 bp: 0; 10-19 bp: 1; 20-29 bp: 2; 30-33 bp: 3

Overview of removed sequences
length	count	expect	max.err	error counts
18	1	0.0	1	1
24	2	0.0	2	2
25	5	0.0	2	4 1
26	6	0.0	2	3 3
27	8	0.0	2	6 1 0 1
28	20	0.0	2	11 6 3
29	77	0.0	2	14 51 10 2
30	579	0.0	3	488 83 7 1
31	23	0.0	3	2 20 1
32	11	0.0	3	0 0 7 4
33	14	0.0	3	0 0 0 14


=== First read: Adapter 5 ===

Sequence: ACGTTGGATGTTTGTTACCGTTGTTGATACTAC; Type: regular 5'; Length: 33; Trimmed: 918 times.

No. of allowed errors:
0-9 bp: 0; 10-19 bp: 1; 20-29 bp: 2; 30-33 bp: 3

Overview of removed sequences
length	count	expect	max.err	error counts
21	1	0.0	2	1
22	1	0.0	2	1
24	4	0.0	2	3 1
25	4	0.0	2	4
26	5	0.0	2	4 1
27	23	0.0	2	13 3 0 7
28	25	0.0	2	11 3 10 1
29	102	0.0	2	39 51 11 1
30	725	0.0	3	641 80 4
31	19	0.0	3	1 17 1
32	9	0.0	3	0 0 4 5


=== First read: Adapter 6 ===

Sequence: ACGTTGGATGAATATATGTGTGCTTATTTG; Type: regular 5'; Length: 30; Trimmed: 6 times.

No. of allowed errors:
0-9 bp: 0; 10-19 bp: 1; 20-29 bp: 2; 30 bp: 3

Overview of removed sequences
length	count	expect	max.err	error counts
3	6	118.7	0	6


=== First read: Adapter 7 ===

Sequence: ACGTTGGATGGAAAAATAAACTGCAAATCATATTC; Type: regular 5'; Length: 35; Trimmed: 437 times.

No. of allowed errors:
0-9 bp: 0; 10-19 bp: 1; 20-29 bp: 2; 30-35 bp: 3

Overview of removed sequences
length	count	expect	max.err	error counts
3	2	118.7	0	2
26	1	0.0	2	0 1
27	2	0.0	2	2
28	1	0.0	2	1
29	2	0.0	2	2
30	6	0.0	3	1 2 3
31	26	0.0	3	1 25
32	296	0.0	3	273 21 2
33	94	0.0	3	0 87 6 1
34	1	0.0	3	0 0 1
35	6	0.0	3	0 0 0 6


=== First read: Adapter 8 ===

Sequence: ACGTTGGATGGAAAAATAAACTGTAAATCATATTC; Type: regular 5'; Length: 35; Trimmed: 89 times.

No. of allowed errors:
0-9 bp: 0; 10-19 bp: 1; 20-29 bp: 2; 30-35 bp: 3

Overview of removed sequences
length	count	expect	max.err	error counts
31	6	0.0	3	2 4
32	80	0.0	3	74 6
33	3	0.0	3	0 2 0 1


=== First read: Adapter 9 ===

Sequence: ACGTTGGATGGAAAAATAAATTGTAAATCATACTC; Type: regular 5'; Length: 35; Trimmed: 47 times.

No. of allowed errors:
0-9 bp: 0; 10-19 bp: 1; 20-29 bp: 2; 30-35 bp: 3

Overview of removed sequences
length	count	expect	max.err	error counts
31	1	0.0	3	1
32	46	0.0	3	45 1


=== First read: Adapter 10 ===

Sequence: ACGTTGGATGAGATTAGGGAAAGTATTAGA; Type: regular 5'; Length: 30; Trimmed: 17 times.

No. of allowed errors:
0-9 bp: 0; 10-19 bp: 1; 20-29 bp: 2; 30 bp: 3

Overview of removed sequences
length	count	expect	max.err	error counts
3	15	118.7	0	15
4	2	29.7	0	2


=== First read: Adapter 11 ===

Sequence: ACGTTGGATGGAAAAATAAATTGTAAATCAAATTC; Type: regular 5'; Length: 35; Trimmed: 28 times.

No. of allowed errors:
0-9 bp: 0; 10-19 bp: 1; 20-29 bp: 2; 30-35 bp: 3

Overview of removed sequences
length	count	expect	max.err	error counts
32	28	0.0	3	28


=== First read: Adapter 12 ===

Sequence: ACGTTGGATGGAAAAATAAACTGTAAATCATATTCCT; Type: regular 5'; Length: 37; Trimmed: 1003 times.

No. of allowed errors:
0-9 bp: 0; 10-19 bp: 1; 20-29 bp: 2; 30-37 bp: 3

Overview of removed sequences
length	count	expect	max.err	error counts
28	4	0.0	2	2 2
29	4	0.0	2	3 1
30	3	0.0	3	0 3
31	2	0.0	3	1 1
32	18	0.0	3	1 2 15
33	191	0.0	3	6 161 23 1
34	630	0.0	3	316 300 11 3
35	62	0.0	3	1 24 35 2
36	79	0.0	3	0 0 19 60
37	10	0.0	3	0 0 0 10


=== Second read: Adapter 13 ===

Sequence: ACGTTGGATGTTTGTTACTATGGTAGATACCACAC; Type: regular 5'; Length: 35; Trimmed: 611 times.

No. of allowed errors:
0-9 bp: 0; 10-19 bp: 1; 20-29 bp: 2; 30-35 bp: 3

Overview of removed sequences
length	count	expect	max.err	error counts
3	12	118.7	0	12
4	20	29.7	0	20
10	1	0.0	1	0 1
28	3	0.0	2	1 2
29	1	0.0	2	1
30	1	0.0	3	1
32	3	0.0	3	0 2 1
33	14	0.0	3	1 1 8 4
34	52	0.0	3	2 31 14 5
35	429	0.0	3	194 142 62 31
36	37	0.0	3	0 19 13 5
37	6	0.0	3	0 0 4 2
38	32	0.0	3	0 0 0 32


=== Second read: Adapter 14 ===

Sequence: ACGTTGGATGTTTGTTACTGTGGTGGATACTAC; Type: regular 5'; Length: 33; Trimmed: 824 times.

No. of allowed errors:
0-9 bp: 0; 10-19 bp: 1; 20-29 bp: 2; 30-33 bp: 3

Overview of removed sequences
length	count	expect	max.err	error counts
3	3	118.7	0	3
4	2	29.7	0	2
5	5	7.4	0	5
20	1	0.0	2	1
25	2	0.0	2	1 0 1
26	2	0.0	2	1 1
27	3	0.0	2	2 0 1
28	3	0.0	2	1 1 1
29	2	0.0	2	0 2
30	11	0.0	3	0 3 1 7
31	55	0.0	3	10 0 29 16
32	69	0.0	3	6 34 19 10
33	582	0.0	3	240 221 86 35
34	71	0.0	3	0 31 30 10
35	7	0.0	3	0 0 4 3
40	2	0.0	3	0 1 1
41	1	0.0	3	0 1
45	1	0.0	3	0 1
46	1	0.0	3	0 1
49	1	0.0	3	1


=== Second read: Adapter 15 ===

Sequence: ACGTTGGATGTTTGTTACTGTTGTGGATACAAC; Type: regular 5'; Length: 33; Trimmed: 705 times.

No. of allowed errors:
0-9 bp: 0; 10-19 bp: 1; 20-29 bp: 2; 30-33 bp: 3

Overview of removed sequences
length	count	expect	max.err	error counts
3	28	118.7	0	28
4	13	29.7	0	13
5	1	7.4	0	1
7	3	0.5	0	3
24	2	0.0	2	1 1
26	1	0.0	2	1
27	3	0.0	2	2 1
28	3	0.0	2	3
29	5	0.0	2	4 1
30	5	0.0	3	3 2
31	17	0.0	3	7 3 6 1
32	48	0.0	3	4 18 21 5
33	518	0.0	3	243 155 87 33
34	31	0.0	3	0 17 9 5
35	16	0.0	3	0 0 11 5
36	9	0.0	3	0 0 0 9
48	1	0.0	3	0 0 0 1
54	1	0.0	3	1


=== Second read: Adapter 16 ===

Sequence: ACGTTGGATGTTTGTTACCGTTGTTGATACTAC; Type: regular 5'; Length: 33; Trimmed: 706 times.

No. of allowed errors:
0-9 bp: 0; 10-19 bp: 1; 20-29 bp: 2; 30-33 bp: 3

Overview of removed sequences
length	count	expect	max.err	error counts
24	2	0.0	2	2
25	1	0.0	2	1
26	1	0.0	2	1
27	1	0.0	2	0 0 1
28	4	0.0	2	3 1
29	5	0.0	2	1 3 0 1
30	15	0.0	3	5 5 1 4
31	28	0.0	3	6 7 7 8
32	65	0.0	3	15 25 21 4
33	551	0.0	3	214 163 112 62
34	29	0.0	3	2 12 10 5
35	3	0.0	3	0 1 1 1
37	1	0.0	3	1


=== Second read: Adapter 17 ===

Sequence: ACGTTGGATGAATATATGTGTGCTTATTTG; Type: regular 5'; Length: 30; Trimmed: 1 times.

No. of allowed errors:
0-9 bp: 0; 10-19 bp: 1; 20-29 bp: 2; 30 bp: 3

Overview of removed sequences
length	count	expect	max.err	error counts
3	1	118.7	0	1


=== Second read: Adapter 18 ===

Sequence: ACGTTGGATGTTTGTTACTAAGGTAGATACCACTC; Type: regular 5'; Length: 35; Trimmed: 223 times.

No. of allowed errors:
0-9 bp: 0; 10-19 bp: 1; 20-29 bp: 2; 30-35 bp: 3

Overview of removed sequences
length	count	expect	max.err	error counts
3	3	118.7	0	3
4	56	29.7	0	56
5	1	7.4	0	1
10	1	0.0	1	0 1
30	1	0.0	3	1
31	1	0.0	3	0 1
32	1	0.0	3	0 1
33	4	0.0	3	0 0 3 1
34	15	0.0	3	1 9 3 2
35	119	0.0	3	94 20 2 3
36	7	0.0	3	0 4 2 1
37	9	0.0	3	0 0 4 5
38	5	0.0	3	0 0 0 5


=== Second read: Adapter 19 ===

Sequence: ACGTTGGATGGAAAAATAAACTGCAAATCATATTC; Type: regular 5'; Length: 35; Trimmed: 395 times.

No. of allowed errors:
0-9 bp: 0; 10-19 bp: 1; 20-29 bp: 2; 30-35 bp: 3

Overview of removed sequences
length	count	expect	max.err	error counts
3	2	118.7	0	2
4	10	29.7	0	10
9	2	0.0	0	0 2
11	2	0.0	1	0 2
31	2	0.0	3	1 0 1
32	5	0.0	3	3 0 0 2
33	3	0.0	3	0 0 1 2
34	26	0.0	3	3 13 5 5
35	279	0.0	3	213 39 17 10
36	58	0.0	3	0 46 8 4
38	5	0.0	3	0 0 0 5
44	1	0.0	3	0 0 1


=== Second read: Adapter 20 ===

Sequence: ACGTTGGATGAGATTAGGGAAAGTATTAGA; Type: regular 5'; Length: 30; Trimmed: 6 times.

No. of allowed errors:
0-9 bp: 0; 10-19 bp: 1; 20-29 bp: 2; 30 bp: 3

Overview of removed sequences
length	count	expect	max.err	error counts
3	3	118.7	0	3
4	1	29.7	0	1
6	1	1.9	0	1
9	1	0.0	0	0 1


=== Second read: Adapter 21 ===

Sequence: ACGTTGGATGGAAAAATAAATTGTAAATCATACTC; Type: regular 5'; Length: 35; Trimmed: 29 times.

No. of allowed errors:
0-9 bp: 0; 10-19 bp: 1; 20-29 bp: 2; 30-35 bp: 3

Overview of removed sequences
length	count	expect	max.err	error counts
9	1	0.0	0	0 1
10	4	0.0	1	1 3
11	2	0.0	1	0 2
33	1	0.0	3	0 0 0 1
34	1	0.0	3	1
35	20	0.0	3	13 4 3


=== Second read: Adapter 22 ===

Sequence: ACGTTGGATGGAAAAATAAACTGTAAATCATATTCCT; Type: regular 5'; Length: 37; Trimmed: 1083 times.

No. of allowed errors:
0-9 bp: 0; 10-19 bp: 1; 20-29 bp: 2; 30-37 bp: 3

Overview of removed sequences
length	count	expect	max.err	error counts
3	91	118.7	0	91
6	2	1.9	0	2
31	1	0.0	3	0 1
32	1	0.0	3	1
33	1	0.0	3	0 1
34	2	0.0	3	1 1
35	16	0.0	3	0 2 11 3
36	168	0.0	3	1 125 31 11
37	654	0.0	3	277 282 78 17
38	52	0.0	3	0 21 23 8
39	84	0.0	3	0 0 10 74
40	11	0.0	3	0 0 0 11


=== Second read: Adapter 23 ===

Sequence: ACGTTGGATGGAAAAATAAACTGTAAATCATATTC; Type: regular 5'; Length: 35; Trimmed: 117 times.

No. of allowed errors:
0-9 bp: 0; 10-19 bp: 1; 20-29 bp: 2; 30-35 bp: 3

Overview of removed sequences
length	count	expect	max.err	error counts
32	2	0.0	3	0 0 0 2
34	10	0.0	3	0 6 1 3
35	91	0.0	3	58 23 4 6
36	13	0.0	3	0 4 1 8
38	1	0.0	3	0 0 0 1


=== Second read: Adapter 24 ===

Sequence: ACGTTGGATGGAAAAATAAATTGTAAATCAAATTC; Type: regular 5'; Length: 35; Trimmed: 21 times.

No. of allowed errors:
0-9 bp: 0; 10-19 bp: 1; 20-29 bp: 2; 30-35 bp: 3

Overview of removed sequences
length	count	expect	max.err	error counts
5	4	7.4	0	4
6	2	1.9	0	2
31	1	0.0	3	1
35	14	0.0	3	11 2 1
