This is cutadapt 2.6 with Python 3.7.3
Command line parameters: -g ACGTTGGATGTTTGTTACTATGGTAGATACCACAC -g ACGTTGGATGTTTGTTACTAAGGTAGATACCACTC -g ACGTTGGATGTTTGTTACTGTGGTGGATACTAC -g ACGTTGGATGTTTGTTACTGTTGTGGATACAAC -g ACGTTGGATGTTTGTTACCGTTGTTGATACTAC -g ACGTTGGATGAATATATGTGTGCTTATTTG -G ACGTTGGATGTTTGTTACTATGGTAGATACCACAC -G ACGTTGGATGTTTGTTACTGTGGTGGATACTAC -G ACGTTGGATGTTTGTTACTGTTGTGGATACAAC -G ACGTTGGATGTTTGTTACCGTTGTTGATACTAC -G ACGTTGGATGAATATATGTGTGCTTATTTG -G ACGTTGGATGTTTGTTACTAAGGTAGATACCACTC -g ACGTTGGATGGAAAAATAAACTGCAAATCATATTC -g ACGTTGGATGGAAAAATAAACTGTAAATCATATTC -g ACGTTGGATGGAAAAATAAATTGTAAATCATACTC -g ACGTTGGATGAGATTAGGGAAAGTATTAGA -g ACGTTGGATGGAAAAATAAATTGTAAATCAAATTC -g ACGTTGGATGGAAAAATAAACTGTAAATCATATTCCT -G ACGTTGGATGGAAAAATAAACTGCAAATCATATTC -G ACGTTGGATGAGATTAGGGAAAGTATTAGA -G ACGTTGGATGGAAAAATAAATTGTAAATCATACTC -G ACGTTGGATGGAAAAATAAACTGTAAATCATATTCCT -G ACGTTGGATGGAAAAATAAACTGTAAATCATATTC -G ACGTTGGATGGAAAAATAAATTGTAAATCAAATTC --minimum-length=1 -o /data/projects/mdc-971/data_from_Jan_2020/analysis/30.primer_trimmed/SiHa-100_S49_L001_cutadapt.1.fq.gz -p /data/projects/mdc-971/data_from_Jan_2020/analysis/30.primer_trimmed/SiHa-100_S49_L001_cutadapt.2.fq.gz /data/projects/mdc-971/data_from_Jan_2020/analysis/20.adapter_trimmed/SiHa-100_S49_L001_R1_001.bbduked.trimmed.fastq.gz /data/projects/mdc-971/data_from_Jan_2020/analysis/20.adapter_trimmed/SiHa-100_S49_L001_R2_001.bbduked.trimmed.fastq.gz
Processing reads on 1 core in paired-end mode ...
Finished in 2.52 s (254 us/read; 0.24 M reads/minute).

=== Summary ===

Total read pairs processed:              9,908
  Read 1 with adapter:                     390 (3.9%)
  Read 2 with adapter:                   1,114 (11.2%)
Pairs that were too short:                   0 (0.0%)
Pairs written (passing filters):         9,908 (100.0%)

Total basepairs processed:     1,892,163 bp
  Read 1:       405,963 bp
  Read 2:     1,486,200 bp
Total written (filtered):      1,867,274 bp (98.7%)
  Read 1:       394,126 bp
  Read 2:     1,473,148 bp

=== First read: Adapter 1 ===

Sequence: ACGTTGGATGTTTGTTACTATGGTAGATACCACAC; Type: regular 5'; Length: 35; Trimmed: 37 times.

No. of allowed errors:
0-9 bp: 0; 10-19 bp: 1; 20-29 bp: 2; 30-35 bp: 3

Overview of removed sequences
length	count	expect	max.err	error counts
3	4	154.8	0	4
32	4	0.0	3	0 2 2
33	18	0.0	3	13 4 1
34	4	0.0	3	0 3 1
35	1	0.0	3	0 0 0 1
36	6	0.0	3	0 0 0 6


=== First read: Adapter 2 ===

Sequence: ACGTTGGATGTTTGTTACTAAGGTAGATACCACTC; Type: regular 5'; Length: 35; Trimmed: 17 times.

No. of allowed errors:
0-9 bp: 0; 10-19 bp: 1; 20-29 bp: 2; 30-35 bp: 3

Overview of removed sequences
length	count	expect	max.err	error counts
26	1	0.0	2	1
33	16	0.0	3	15 1


=== First read: Adapter 3 ===

Sequence: ACGTTGGATGTTTGTTACTGTGGTGGATACTAC; Type: regular 5'; Length: 33; Trimmed: 52 times.

No. of allowed errors:
0-9 bp: 0; 10-19 bp: 1; 20-29 bp: 2; 30-33 bp: 3

Overview of removed sequences
length	count	expect	max.err	error counts
3	2	154.8	0	2
26	1	0.0	2	1
29	4	0.0	2	0 0 4
30	5	0.0	3	0 4 1
31	36	0.0	3	30 6
32	2	0.0	3	0 1 1
33	2	0.0	3	0 0 2


=== First read: Adapter 4 ===

Sequence: ACGTTGGATGTTTGTTACTGTTGTGGATACAAC; Type: regular 5'; Length: 33; Trimmed: 44 times.

No. of allowed errors:
0-9 bp: 0; 10-19 bp: 1; 20-29 bp: 2; 30-33 bp: 3

Overview of removed sequences
length	count	expect	max.err	error counts
3	3	154.8	0	3
21	1	0.0	2	1
29	1	0.0	2	0 1
30	3	0.0	3	0 1 2
31	30	0.0	3	29 1
32	1	0.0	3	0 1
33	5	0.0	3	0 0 5


=== First read: Adapter 5 ===

Sequence: ACGTTGGATGTTTGTTACCGTTGTTGATACTAC; Type: regular 5'; Length: 33; Trimmed: 71 times.

No. of allowed errors:
0-9 bp: 0; 10-19 bp: 1; 20-29 bp: 2; 30-33 bp: 3

Overview of removed sequences
length	count	expect	max.err	error counts
28	2	0.0	2	0 0 1 1
29	2	0.0	2	0 1 1
30	13	0.0	3	3 9 1
31	53	0.0	3	47 6
32	1	0.0	3	0 1


=== First read: Adapter 6 ===

Sequence: ACGTTGGATGAATATATGTGTGCTTATTTG; Type: regular 5'; Length: 30; Trimmed: 0 times.

=== First read: Adapter 7 ===

Sequence: ACGTTGGATGGAAAAATAAACTGCAAATCATATTC; Type: regular 5'; Length: 35; Trimmed: 37 times.

No. of allowed errors:
0-9 bp: 0; 10-19 bp: 1; 20-29 bp: 2; 30-35 bp: 3

Overview of removed sequences
length	count	expect	max.err	error counts
3	4	154.8	0	4
4	1	38.7	0	1
32	1	0.0	3	0 1
33	25	0.0	3	25
34	6	0.0	3	0 6


=== First read: Adapter 8 ===

Sequence: ACGTTGGATGGAAAAATAAACTGTAAATCATATTC; Type: regular 5'; Length: 35; Trimmed: 1 times.

No. of allowed errors:
0-9 bp: 0; 10-19 bp: 1; 20-29 bp: 2; 30-35 bp: 3

Overview of removed sequences
length	count	expect	max.err	error counts
33	1	0.0	3	1


=== First read: Adapter 9 ===

Sequence: ACGTTGGATGGAAAAATAAATTGTAAATCATACTC; Type: regular 5'; Length: 35; Trimmed: 6 times.

No. of allowed errors:
0-9 bp: 0; 10-19 bp: 1; 20-29 bp: 2; 30-35 bp: 3

Overview of removed sequences
length	count	expect	max.err	error counts
32	1	0.0	3	0 1
33	5	0.0	3	5


=== First read: Adapter 10 ===

Sequence: ACGTTGGATGAGATTAGGGAAAGTATTAGA; Type: regular 5'; Length: 30; Trimmed: 16 times.

No. of allowed errors:
0-9 bp: 0; 10-19 bp: 1; 20-29 bp: 2; 30 bp: 3

Overview of removed sequences
length	count	expect	max.err	error counts
3	6	154.8	0	6
4	10	38.7	0	10


=== First read: Adapter 11 ===

Sequence: ACGTTGGATGGAAAAATAAATTGTAAATCAAATTC; Type: regular 5'; Length: 35; Trimmed: 3 times.

No. of allowed errors:
0-9 bp: 0; 10-19 bp: 1; 20-29 bp: 2; 30-35 bp: 3

Overview of removed sequences
length	count	expect	max.err	error counts
33	3	0.0	3	3


=== First read: Adapter 12 ===

Sequence: ACGTTGGATGGAAAAATAAACTGTAAATCATATTCCT; Type: regular 5'; Length: 37; Trimmed: 106 times.

No. of allowed errors:
0-9 bp: 0; 10-19 bp: 1; 20-29 bp: 2; 30-37 bp: 3

Overview of removed sequences
length	count	expect	max.err	error counts
30	1	0.0	3	0 1
31	1	0.0	3	1
34	15	0.0	3	1 14
35	82	0.0	3	44 38
36	1	0.0	3	0 0 1
37	6	0.0	3	0 0 1 5


=== Second read: Adapter 13 ===

Sequence: ACGTTGGATGTTTGTTACTATGGTAGATACCACAC; Type: regular 5'; Length: 35; Trimmed: 72 times.

No. of allowed errors:
0-9 bp: 0; 10-19 bp: 1; 20-29 bp: 2; 30-35 bp: 3

Overview of removed sequences
length	count	expect	max.err	error counts
3	27	154.8	0	27
4	12	38.7	0	12
5	2	9.7	0	2
10	3	0.0	1	0 3
11	2	0.0	1	0 2
34	3	0.0	3	0 1 2
35	20	0.0	3	4 7 2 7
36	2	0.0	3	0 2
38	1	0.0	3	0 0 0 1


=== Second read: Adapter 14 ===

Sequence: ACGTTGGATGTTTGTTACTGTGGTGGATACTAC; Type: regular 5'; Length: 33; Trimmed: 112 times.

No. of allowed errors:
0-9 bp: 0; 10-19 bp: 1; 20-29 bp: 2; 30-33 bp: 3

Overview of removed sequences
length	count	expect	max.err	error counts
3	16	154.8	0	16
4	1	38.7	0	1
5	48	9.7	0	48
8	2	0.2	0	2
31	3	0.0	3	0 0 2 1
32	6	0.0	3	0 3 0 3
33	35	0.0	3	12 14 7 2
34	1	0.0	3	0 0 1


=== Second read: Adapter 15 ===

Sequence: ACGTTGGATGTTTGTTACTGTTGTGGATACAAC; Type: regular 5'; Length: 33; Trimmed: 154 times.

No. of allowed errors:
0-9 bp: 0; 10-19 bp: 1; 20-29 bp: 2; 30-33 bp: 3

Overview of removed sequences
length	count	expect	max.err	error counts
3	96	154.8	0	96
4	8	38.7	0	8
5	11	9.7	0	11
6	3	2.4	0	3
7	1	0.6	0	1
8	2	0.2	0	2
26	1	0.0	2	0 0 1
31	1	0.0	3	0 0 1
32	1	0.0	3	0 1
33	21	0.0	3	14 4 1 2
34	3	0.0	3	0 1 2
35	5	0.0	3	0 0 3 2
41	1	0.0	3	0 0 1


=== Second read: Adapter 16 ===

Sequence: ACGTTGGATGTTTGTTACCGTTGTTGATACTAC; Type: regular 5'; Length: 33; Trimmed: 18 times.

No. of allowed errors:
0-9 bp: 0; 10-19 bp: 1; 20-29 bp: 2; 30-33 bp: 3

Overview of removed sequences
length	count	expect	max.err	error counts
11	1	0.0	1	0 1
32	1	0.0	3	0 0 1
33	15	0.0	3	6 4 1 4
34	1	0.0	3	0 1


=== Second read: Adapter 17 ===

Sequence: ACGTTGGATGAATATATGTGTGCTTATTTG; Type: regular 5'; Length: 30; Trimmed: 15 times.

No. of allowed errors:
0-9 bp: 0; 10-19 bp: 1; 20-29 bp: 2; 30 bp: 3

Overview of removed sequences
length	count	expect	max.err	error counts
3	12	154.8	0	12
5	3	9.7	0	3


=== Second read: Adapter 18 ===

Sequence: ACGTTGGATGTTTGTTACTAAGGTAGATACCACTC; Type: regular 5'; Length: 35; Trimmed: 53 times.

No. of allowed errors:
0-9 bp: 0; 10-19 bp: 1; 20-29 bp: 2; 30-35 bp: 3

Overview of removed sequences
length	count	expect	max.err	error counts
3	7	154.8	0	7
4	22	38.7	0	22
5	8	9.7	0	8
10	6	0.0	1	0 6
34	2	0.0	3	0 2
35	8	0.0	3	5 2 0 1


=== Second read: Adapter 19 ===

Sequence: ACGTTGGATGGAAAAATAAACTGCAAATCATATTC; Type: regular 5'; Length: 35; Trimmed: 71 times.

No. of allowed errors:
0-9 bp: 0; 10-19 bp: 1; 20-29 bp: 2; 30-35 bp: 3

Overview of removed sequences
length	count	expect	max.err	error counts
3	13	154.8	0	13
4	7	38.7	0	7
5	18	9.7	0	18
6	3	2.4	0	3
34	1	0.0	3	0 0 0 1
35	22	0.0	3	8 3 5 6
36	5	0.0	3	0 2 1 2
37	1	0.0	3	0 0 1
38	1	0.0	3	0 0 0 1


=== Second read: Adapter 20 ===

Sequence: ACGTTGGATGAGATTAGGGAAAGTATTAGA; Type: regular 5'; Length: 30; Trimmed: 33 times.

No. of allowed errors:
0-9 bp: 0; 10-19 bp: 1; 20-29 bp: 2; 30 bp: 3

Overview of removed sequences
length	count	expect	max.err	error counts
3	23	154.8	0	23
4	7	38.7	0	7
5	2	9.7	0	2
7	1	0.6	0	1


=== Second read: Adapter 21 ===

Sequence: ACGTTGGATGGAAAAATAAATTGTAAATCATACTC; Type: regular 5'; Length: 35; Trimmed: 13 times.

No. of allowed errors:
0-9 bp: 0; 10-19 bp: 1; 20-29 bp: 2; 30-35 bp: 3

Overview of removed sequences
length	count	expect	max.err	error counts
5	5	9.7	0	5
10	5	0.0	1	0 5
11	2	0.0	1	0 2
35	1	0.0	3	0 0 1


=== Second read: Adapter 22 ===

Sequence: ACGTTGGATGGAAAAATAAACTGTAAATCATATTCCT; Type: regular 5'; Length: 37; Trimmed: 398 times.

No. of allowed errors:
0-9 bp: 0; 10-19 bp: 1; 20-29 bp: 2; 30-37 bp: 3

Overview of removed sequences
length	count	expect	max.err	error counts
3	275	154.8	0	275
4	3	38.7	0	3
6	2	2.4	0	2
7	11	0.6	0	11
10	2	0.0	1	0 2
32	1	0.0	3	1
36	11	0.0	3	0 6 4 1
37	90	0.0	3	34 32 11 13
38	2	0.0	3	0 1 1
39	1	0.0	3	0 0 1


=== Second read: Adapter 23 ===

Sequence: ACGTTGGATGGAAAAATAAACTGTAAATCATATTC; Type: regular 5'; Length: 35; Trimmed: 6 times.

No. of allowed errors:
0-9 bp: 0; 10-19 bp: 1; 20-29 bp: 2; 30-35 bp: 3

Overview of removed sequences
length	count	expect	max.err	error counts
35	6	0.0	3	2 1 0 3


=== Second read: Adapter 24 ===

Sequence: ACGTTGGATGGAAAAATAAATTGTAAATCAAATTC; Type: regular 5'; Length: 35; Trimmed: 169 times.

No. of allowed errors:
0-9 bp: 0; 10-19 bp: 1; 20-29 bp: 2; 30-35 bp: 3

Overview of removed sequences
length	count	expect	max.err	error counts
5	141	9.7	0	141
6	24	2.4	0	24
8	1	0.2	0	1
35	3	0.0	3	1 0 1 1
