      2692 180335_S1.assembled.qual_above_35.fastq
      5904 180335_S1.assembled.qual_below_30.fastq
      1552 180335_S1.assembled.qual_bt_30_and_35.fastq
    288296 180336_S2.assembled.qual_above_35.fastq
    464972 180336_S2.assembled.qual_below_30.fastq
    156700 180336_S2.assembled.qual_bt_30_and_35.fastq
    330224 180338_S3.assembled.qual_above_35.fastq
    572468 180338_S3.assembled.qual_below_30.fastq
    174848 180338_S3.assembled.qual_bt_30_and_35.fastq
     27012 180339_S4.assembled.qual_above_35.fastq
    149596 180339_S4.assembled.qual_below_30.fastq
     21996 180339_S4.assembled.qual_bt_30_and_35.fastq
    482768 180340_S5.assembled.qual_above_35.fastq
    772192 180340_S5.assembled.qual_below_30.fastq
    274240 180340_S5.assembled.qual_bt_30_and_35.fastq
     52012 180342_S6.assembled.qual_above_35.fastq
    170456 180342_S6.assembled.qual_below_30.fastq
     35968 180342_S6.assembled.qual_bt_30_and_35.fastq
    117972 180343_S7.assembled.qual_above_35.fastq
    394772 180343_S7.assembled.qual_below_30.fastq
     92396 180343_S7.assembled.qual_bt_30_and_35.fastq
      1316 180344_S8.assembled.qual_above_35.fastq
      2712 180344_S8.assembled.qual_below_30.fastq
       704 180344_S8.assembled.qual_bt_30_and_35.fastq
    650152 180345_S9.assembled.qual_above_35.fastq
    977836 180345_S9.assembled.qual_below_30.fastq
    366488 180345_S9.assembled.qual_bt_30_and_35.fastq
    298452 180347_S10.assembled.qual_above_35.fastq
    448796 180347_S10.assembled.qual_below_30.fastq
    149660 180347_S10.assembled.qual_bt_30_and_35.fastq
    166340 180348_S11.assembled.qual_above_35.fastq
    361856 180348_S11.assembled.qual_below_30.fastq
     97552 180348_S11.assembled.qual_bt_30_and_35.fastq
      1392 180350_S12.assembled.qual_above_35.fastq
      4816 180350_S12.assembled.qual_below_30.fastq
      1060 180350_S12.assembled.qual_bt_30_and_35.fastq
       712 180351_S13.assembled.qual_above_35.fastq
      1944 180351_S13.assembled.qual_below_30.fastq
       348 180351_S13.assembled.qual_bt_30_and_35.fastq
     31600 180352_S14.assembled.qual_above_35.fastq
     84164 180352_S14.assembled.qual_below_30.fastq
     18536 180352_S14.assembled.qual_bt_30_and_35.fastq
     39064 180353_S15.assembled.qual_above_35.fastq
    100996 180353_S15.assembled.qual_below_30.fastq
     22576 180353_S15.assembled.qual_bt_30_and_35.fastq
     24984 180354_S16.assembled.qual_above_35.fastq
     74616 180354_S16.assembled.qual_below_30.fastq
     16588 180354_S16.assembled.qual_bt_30_and_35.fastq
    211884 180355_S17.assembled.qual_above_35.fastq
    359288 180355_S17.assembled.qual_below_30.fastq
    130224 180355_S17.assembled.qual_bt_30_and_35.fastq
     41008 180356_S18.assembled.qual_above_35.fastq
    146760 180356_S18.assembled.qual_below_30.fastq
     28400 180356_S18.assembled.qual_bt_30_and_35.fastq
     25412 180357_S19.assembled.qual_above_35.fastq
    102180 180357_S19.assembled.qual_below_30.fastq
     20124 180357_S19.assembled.qual_bt_30_and_35.fastq
     59340 180358_S20.assembled.qual_above_35.fastq
    152596 180358_S20.assembled.qual_below_30.fastq
     36272 180358_S20.assembled.qual_bt_30_and_35.fastq
      1104 180359_S21.assembled.qual_above_35.fastq
      2292 180359_S21.assembled.qual_below_30.fastq
       620 180359_S21.assembled.qual_bt_30_and_35.fastq
    226264 180361_S22.assembled.qual_above_35.fastq
    402432 180361_S22.assembled.qual_below_30.fastq
    140784 180361_S22.assembled.qual_bt_30_and_35.fastq
       408 180362_S23.assembled.qual_above_35.fastq
      2548 180362_S23.assembled.qual_below_30.fastq
       320 180362_S23.assembled.qual_bt_30_and_35.fastq
     42304 180363_S24.assembled.qual_above_35.fastq
    103484 180363_S24.assembled.qual_below_30.fastq
     29208 180363_S24.assembled.qual_bt_30_and_35.fastq
    276712 180365_S25.assembled.qual_above_35.fastq
    482964 180365_S25.assembled.qual_below_30.fastq
    145916 180365_S25.assembled.qual_bt_30_and_35.fastq
    244560 180366_S26.assembled.qual_above_35.fastq
    401476 180366_S26.assembled.qual_below_30.fastq
    145176 180366_S26.assembled.qual_bt_30_and_35.fastq
     41928 180367_S27.assembled.qual_above_35.fastq
    161168 180367_S27.assembled.qual_below_30.fastq
     31920 180367_S27.assembled.qual_bt_30_and_35.fastq
    105508 180368_S28.assembled.qual_above_35.fastq
    300564 180368_S28.assembled.qual_below_30.fastq
     71588 180368_S28.assembled.qual_bt_30_and_35.fastq
      3596 180369_S29.assembled.qual_above_35.fastq
     10100 180369_S29.assembled.qual_below_30.fastq
      2004 180369_S29.assembled.qual_bt_30_and_35.fastq
    567560 180372_S30.assembled.qual_above_35.fastq
   1373860 180372_S30.assembled.qual_below_30.fastq
    342692 180372_S30.assembled.qual_bt_30_and_35.fastq
       388 180373_S31.assembled.qual_above_35.fastq
      2448 180373_S31.assembled.qual_below_30.fastq
       224 180373_S31.assembled.qual_bt_30_and_35.fastq
      1932 180375_S32.assembled.qual_above_35.fastq
      5560 180375_S32.assembled.qual_below_30.fastq
      1204 180375_S32.assembled.qual_bt_30_and_35.fastq
    426100 180378_S34.assembled.qual_above_35.fastq
    831736 180378_S34.assembled.qual_below_30.fastq
    234764 180378_S34.assembled.qual_bt_30_and_35.fastq
     84696 180379_S35.assembled.qual_above_35.fastq
    364788 180379_S35.assembled.qual_below_30.fastq
     77168 180379_S35.assembled.qual_bt_30_and_35.fastq
     62408 180381_S36.assembled.qual_above_35.fastq
    191796 180381_S36.assembled.qual_below_30.fastq
     36820 180381_S36.assembled.qual_bt_30_and_35.fastq
    401608 180382_S37.assembled.qual_above_35.fastq
    650328 180382_S37.assembled.qual_below_30.fastq
    225920 180382_S37.assembled.qual_bt_30_and_35.fastq
    139996 180384_S38.assembled.qual_above_35.fastq
    402488 180384_S38.assembled.qual_below_30.fastq
     89132 180384_S38.assembled.qual_bt_30_and_35.fastq
    508052 180388_S39.assembled.qual_above_35.fastq
   1001036 180388_S39.assembled.qual_below_30.fastq
    304716 180388_S39.assembled.qual_bt_30_and_35.fastq
    144424 180393_S40.assembled.qual_above_35.fastq
    420968 180393_S40.assembled.qual_below_30.fastq
     92288 180393_S40.assembled.qual_bt_30_and_35.fastq
    431600 180396_S41.assembled.qual_above_35.fastq
    742656 180396_S41.assembled.qual_below_30.fastq
    253896 180396_S41.assembled.qual_bt_30_and_35.fastq
    441108 180397_S42.assembled.qual_above_35.fastq
   1085644 180397_S42.assembled.qual_below_30.fastq
    279640 180397_S42.assembled.qual_bt_30_and_35.fastq
     46564 180398_S43.assembled.qual_above_35.fastq
    130888 180398_S43.assembled.qual_below_30.fastq
     32096 180398_S43.assembled.qual_bt_30_and_35.fastq
     54592 180399_S44.assembled.qual_above_35.fastq
    175836 180399_S44.assembled.qual_below_30.fastq
     37616 180399_S44.assembled.qual_bt_30_and_35.fastq
     31660 180403_S45.assembled.qual_above_35.fastq
     74372 180403_S45.assembled.qual_below_30.fastq
     21992 180403_S45.assembled.qual_bt_30_and_35.fastq
     61088 180404_S46.assembled.qual_above_35.fastq
    187976 180404_S46.assembled.qual_below_30.fastq
     38760 180404_S46.assembled.qual_bt_30_and_35.fastq
     88260 180405_S47.assembled.qual_above_35.fastq
    383396 180405_S47.assembled.qual_below_30.fastq
     69640 180405_S47.assembled.qual_bt_30_and_35.fastq
    134272 180406_S48.assembled.qual_above_35.fastq
    267740 180406_S48.assembled.qual_below_30.fastq
     70264 180406_S48.assembled.qual_bt_30_and_35.fastq
     83332 180407_S49.assembled.qual_above_35.fastq
    313000 180407_S49.assembled.qual_below_30.fastq
     58336 180407_S49.assembled.qual_bt_30_and_35.fastq
   1079036 180408_S50.assembled.qual_above_35.fastq
   1606460 180408_S50.assembled.qual_below_30.fastq
    520484 180408_S50.assembled.qual_bt_30_and_35.fastq
    113660 180409_S51.assembled.qual_above_35.fastq
    349996 180409_S51.assembled.qual_below_30.fastq
     67964 180409_S51.assembled.qual_bt_30_and_35.fastq
    343548 180412_S52.assembled.qual_above_35.fastq
    848460 180412_S52.assembled.qual_below_30.fastq
    212424 180412_S52.assembled.qual_bt_30_and_35.fastq
    485760 180413_S53.assembled.qual_above_35.fastq
    886292 180413_S53.assembled.qual_below_30.fastq
    300100 180413_S53.assembled.qual_bt_30_and_35.fastq
     93484 180428_S54.assembled.qual_above_35.fastq
    454104 180428_S54.assembled.qual_below_30.fastq
     70972 180428_S54.assembled.qual_bt_30_and_35.fastq
    153516 180429_S55.assembled.qual_above_35.fastq
    396244 180429_S55.assembled.qual_below_30.fastq
     84532 180429_S55.assembled.qual_bt_30_and_35.fastq
    183128 180431_S56.assembled.qual_above_35.fastq
    632484 180431_S56.assembled.qual_below_30.fastq
    112328 180431_S56.assembled.qual_bt_30_and_35.fastq
   1120032 180434_S57.assembled.qual_above_35.fastq
   1394756 180434_S57.assembled.qual_below_30.fastq
    513788 180434_S57.assembled.qual_bt_30_and_35.fastq
    130164 180437_S58.assembled.qual_above_35.fastq
    647992 180437_S58.assembled.qual_below_30.fastq
     94436 180437_S58.assembled.qual_bt_30_and_35.fastq
    760876 180438_S59.assembled.qual_above_35.fastq
   1402468 180438_S59.assembled.qual_below_30.fastq
    436640 180438_S59.assembled.qual_bt_30_and_35.fastq
    112676 180439_S60.assembled.qual_above_35.fastq
    439120 180439_S60.assembled.qual_below_30.fastq
     89356 180439_S60.assembled.qual_bt_30_and_35.fastq
      1844 180440_S61.assembled.qual_above_35.fastq
      5580 180440_S61.assembled.qual_below_30.fastq
      1096 180440_S61.assembled.qual_bt_30_and_35.fastq
      2412 180441_S62.assembled.qual_above_35.fastq
     11920 180441_S62.assembled.qual_below_30.fastq
      1452 180441_S62.assembled.qual_bt_30_and_35.fastq
    153236 180442_S63.assembled.qual_above_35.fastq
    748884 180442_S63.assembled.qual_below_30.fastq
    104168 180442_S63.assembled.qual_bt_30_and_35.fastq
    148164 180443_S64.assembled.qual_above_35.fastq
    311256 180443_S64.assembled.qual_below_30.fastq
     80836 180443_S64.assembled.qual_bt_30_and_35.fastq
    154916 180444_S65.assembled.qual_above_35.fastq
    514300 180444_S65.assembled.qual_below_30.fastq
    106216 180444_S65.assembled.qual_bt_30_and_35.fastq
    297716 180445_S67.assembled.qual_above_35.fastq
    434716 180445_S67.assembled.qual_below_30.fastq
    162552 180445_S67.assembled.qual_bt_30_and_35.fastq
    262636 180446_S68.assembled.qual_above_35.fastq
    493316 180446_S68.assembled.qual_below_30.fastq
    156624 180446_S68.assembled.qual_bt_30_and_35.fastq
    251228 180449_S69.assembled.qual_above_35.fastq
    395780 180449_S69.assembled.qual_below_30.fastq
    160372 180449_S69.assembled.qual_bt_30_and_35.fastq
    213212 180451_S70.assembled.qual_above_35.fastq
    352132 180451_S70.assembled.qual_below_30.fastq
    121080 180451_S70.assembled.qual_bt_30_and_35.fastq
     39072 180452_S71.assembled.qual_above_35.fastq
    127776 180452_S71.assembled.qual_below_30.fastq
     24444 180452_S71.assembled.qual_bt_30_and_35.fastq
     37276 180454_S72.assembled.qual_above_35.fastq
    141704 180454_S72.assembled.qual_below_30.fastq
     25252 180454_S72.assembled.qual_bt_30_and_35.fastq
     48624 180456_S73.assembled.qual_above_35.fastq
    183404 180456_S73.assembled.qual_below_30.fastq
     41664 180456_S73.assembled.qual_bt_30_and_35.fastq
    132512 180458_S74.assembled.qual_above_35.fastq
    489508 180458_S74.assembled.qual_below_30.fastq
     96896 180458_S74.assembled.qual_bt_30_and_35.fastq
     46724 180460_S75.assembled.qual_above_35.fastq
    160632 180460_S75.assembled.qual_below_30.fastq
     32568 180460_S75.assembled.qual_bt_30_and_35.fastq
       248 180462_S76.assembled.qual_above_35.fastq
      1600 180462_S76.assembled.qual_below_30.fastq
       160 180462_S76.assembled.qual_bt_30_and_35.fastq
    154424 180463_S77.assembled.qual_above_35.fastq
    290336 180463_S77.assembled.qual_below_30.fastq
     95468 180463_S77.assembled.qual_bt_30_and_35.fastq
    374428 180464_S78.assembled.qual_above_35.fastq
    846100 180464_S78.assembled.qual_below_30.fastq
    218052 180464_S78.assembled.qual_bt_30_and_35.fastq
    183756 180467_S79.assembled.qual_above_35.fastq
    510236 180467_S79.assembled.qual_below_30.fastq
    139824 180467_S79.assembled.qual_bt_30_and_35.fastq
       352 180470_S80.assembled.qual_above_35.fastq
      2052 180470_S80.assembled.qual_below_30.fastq
       264 180470_S80.assembled.qual_bt_30_and_35.fastq
     91292 180472_S81.assembled.qual_above_35.fastq
    289672 180472_S81.assembled.qual_below_30.fastq
     58592 180472_S81.assembled.qual_bt_30_and_35.fastq
     21088 180473_S82.assembled.qual_above_35.fastq
     84932 180473_S82.assembled.qual_below_30.fastq
     14180 180473_S82.assembled.qual_bt_30_and_35.fastq
    167268 180475_S83.assembled.qual_above_35.fastq
    318264 180475_S83.assembled.qual_below_30.fastq
     93044 180475_S83.assembled.qual_bt_30_and_35.fastq
     46492 180476_S84.assembled.qual_above_35.fastq
    219736 180476_S84.assembled.qual_below_30.fastq
     36800 180476_S84.assembled.qual_bt_30_and_35.fastq
       416 180477_S85.assembled.qual_above_35.fastq
      1840 180477_S85.assembled.qual_below_30.fastq
       188 180477_S85.assembled.qual_bt_30_and_35.fastq
       772 180478_S86.assembled.qual_above_35.fastq
      4296 180478_S86.assembled.qual_below_30.fastq
       528 180478_S86.assembled.qual_bt_30_and_35.fastq
      1172 180480_S87.assembled.qual_above_35.fastq
      4364 180480_S87.assembled.qual_below_30.fastq
       624 180480_S87.assembled.qual_bt_30_and_35.fastq
       880 180482_S88.assembled.qual_above_35.fastq
      4028 180482_S88.assembled.qual_below_30.fastq
       628 180482_S88.assembled.qual_bt_30_and_35.fastq
      5308 180487_S89.assembled.qual_above_35.fastq
     11424 180487_S89.assembled.qual_below_30.fastq
      3136 180487_S89.assembled.qual_bt_30_and_35.fastq
    288124 180489_S90.assembled.qual_above_35.fastq
    666148 180489_S90.assembled.qual_below_30.fastq
    155564 180489_S90.assembled.qual_bt_30_and_35.fastq
    484604 180491_S91.assembled.qual_above_35.fastq
    985460 180491_S91.assembled.qual_below_30.fastq
    280276 180491_S91.assembled.qual_bt_30_and_35.fastq
     63076 180493_S92.assembled.qual_above_35.fastq
    284564 180493_S92.assembled.qual_below_30.fastq
     47264 180493_S92.assembled.qual_bt_30_and_35.fastq
       544 180501_S93.assembled.qual_above_35.fastq
      2000 180501_S93.assembled.qual_below_30.fastq
       244 180501_S93.assembled.qual_bt_30_and_35.fastq
    131384 180503_S94.assembled.qual_above_35.fastq
    424432 180503_S94.assembled.qual_below_30.fastq
     99848 180503_S94.assembled.qual_bt_30_and_35.fastq
    340668 180504_S95.assembled.qual_above_35.fastq
    615264 180504_S95.assembled.qual_below_30.fastq
    193308 180504_S95.assembled.qual_bt_30_and_35.fastq
    279424 HeLa_S33.assembled.qual_above_35.fastq
    493940 HeLa_S33.assembled.qual_below_30.fastq
    149036 HeLa_S33.assembled.qual_bt_30_and_35.fastq
    698660 LKP31_S66.assembled.qual_above_35.fastq
   1258176 LKP31_S66.assembled.qual_below_30.fastq
    403556 LKP31_S66.assembled.qual_bt_30_and_35.fastq
       864 SiHa_S96.assembled.qual_above_35.fastq
      2468 SiHa_S96.assembled.qual_below_30.fastq
       592 SiHa_S96.assembled.qual_bt_30_and_35.fastq
  63868788 total
