This is cutadapt 2.6 with Python 3.7.3
Command line parameters: -g ACGTTGGATGTTTGTTACTATGGTAGATACCACAC -g ACGTTGGATGTTTGTTACTAAGGTAGATACCACTC -g ACGTTGGATGTTTGTTACTGTGGTGGATACTAC -g ACGTTGGATGTTTGTTACTGTTGTGGATACAAC -g ACGTTGGATGTTTGTTACCGTTGTTGATACTAC -g ACGTTGGATGAATATATGTGTGCTTATTTG -G ACGTTGGATGTTTGTTACTATGGTAGATACCACAC -G ACGTTGGATGTTTGTTACTGTGGTGGATACTAC -G ACGTTGGATGTTTGTTACTGTTGTGGATACAAC -G ACGTTGGATGTTTGTTACCGTTGTTGATACTAC -G ACGTTGGATGAATATATGTGTGCTTATTTG -G ACGTTGGATGTTTGTTACTAAGGTAGATACCACTC -g ACGTTGGATGGAAAAATAAACTGCAAATCATATTC -g ACGTTGGATGGAAAAATAAACTGTAAATCATATTC -g ACGTTGGATGGAAAAATAAATTGTAAATCATACTC -g ACGTTGGATGAGATTAGGGAAAGTATTAGA -g ACGTTGGATGGAAAAATAAATTGTAAATCAAATTC -g ACGTTGGATGGAAAAATAAACTGTAAATCATATTCCT -G ACGTTGGATGGAAAAATAAACTGCAAATCATATTC -G ACGTTGGATGAGATTAGGGAAAGTATTAGA -G ACGTTGGATGGAAAAATAAATTGTAAATCATACTC -G ACGTTGGATGGAAAAATAAACTGTAAATCATATTCCT -G ACGTTGGATGGAAAAATAAACTGTAAATCATATTC -G ACGTTGGATGGAAAAATAAATTGTAAATCAAATTC --minimum-length=1 -o /data/projects/mdc-971/reprocess_June_2019_data/analysis/30.primer_trimmed/180365_S25_cutadapt.1.fq.gz -p /data/projects/mdc-971/reprocess_June_2019_data/analysis/30.primer_trimmed/180365_S25_cutadapt.2.fq.gz /data/projects/mdc-971/reprocess_June_2019_data/analysis/20.adapter_trimmed/180365_S25_R1_001.bbduked.trimmed.fastq.gz /data/projects/mdc-971/reprocess_June_2019_data/analysis/20.adapter_trimmed/180365_S25_R2_001.bbduked.trimmed.fastq.gz
Processing reads on 1 core in paired-end mode ...
Finished in 112.12 s (381 us/read; 0.16 M reads/minute).

=== Summary ===

Total read pairs processed:            294,573
  Read 1 with adapter:                 269,078 (91.3%)
  Read 2 with adapter:                 225,496 (76.6%)
Pairs that were too short:                   0 (0.0%)
Pairs written (passing filters):       294,573 (100.0%)

Total basepairs processed:    88,124,270 bp
  Read 1:    43,938,356 bp
  Read 2:    44,185,914 bp
Total written (filtered):     70,381,484 bp (79.9%)
  Read 1:    34,220,879 bp
  Read 2:    36,160,605 bp

=== First read: Adapter 1 ===

Sequence: ACGTTGGATGTTTGTTACTATGGTAGATACCACAC; Type: regular 5'; Length: 35; Trimmed: 43692 times.

No. of allowed errors:
0-9 bp: 0; 10-19 bp: 1; 20-29 bp: 2; 30-35 bp: 3

Overview of removed sequences
length	count	expect	max.err	error counts
3	4	4602.7	0	4
4	1	1150.7	0	1
14	2	0.0	1	2
18	1	0.0	1	0 0 1
19	1	0.0	1	1
22	2	0.0	2	1 0 1
23	1	0.0	2	0 1
24	1	0.0	2	0 0 1
26	8	0.0	2	2 2 4
27	18	0.0	2	9 3 6
28	34	0.0	2	7 11 13 3
29	41	0.0	2	17 11 5 8
30	127	0.0	3	32 62 18 15
31	95	0.0	3	14 41 27 13
32	270	0.0	3	25 75 56 114
33	2073	0.0	3	64 169 1022 818
34	3641	0.0	3	109 1603 1151 778
35	35770	0.0	3	7301 19728 5699 3042
36	851	0.0	3	5 229 391 226
37	475	0.0	3	0 0 83 392
38	273	0.0	3	0 0 1 272
39	1	0.0	3	0 0 0 1
40	1	0.0	3	0 0 1
51	1	0.0	3	0 1


=== First read: Adapter 2 ===

Sequence: ACGTTGGATGTTTGTTACTAAGGTAGATACCACTC; Type: regular 5'; Length: 35; Trimmed: 51582 times.

No. of allowed errors:
0-9 bp: 0; 10-19 bp: 1; 20-29 bp: 2; 30-35 bp: 3

Overview of removed sequences
length	count	expect	max.err	error counts
3	1	4602.7	0	1
4	1	1150.7	0	1
14	2	0.0	1	2
15	2	0.0	1	2
16	1	0.0	1	1
18	2	0.0	1	0 2
22	1	0.0	2	1
26	13	0.0	2	6 5 2
27	17	0.0	2	9 6 2
28	20	0.0	2	10 7 3
29	75	0.0	2	38 26 11
30	247	0.0	3	144 67 28 8
31	231	0.0	3	123 64 29 15
32	393	0.0	3	186 125 55 27
33	839	0.0	3	296 215 210 118
34	3624	0.0	3	700 1778 703 443
35	45156	0.0	3	30021 8431 4317 2387
36	610	0.0	3	17 322 189 82
37	156	0.0	3	4 5 52 95
38	169	0.0	3	2 1 0 166
39	5	0.0	3	5
41	3	0.0	3	0 3
43	5	0.0	3	2 2 1
44	2	0.0	3	1 1
46	2	0.0	3	1 0 0 1
50	1	0.0	3	1
52	1	0.0	3	0 0 0 1
54	1	0.0	3	1
55	1	0.0	3	0 0 1
68	1	0.0	3	1


=== First read: Adapter 3 ===

Sequence: ACGTTGGATGTTTGTTACTGTGGTGGATACTAC; Type: regular 5'; Length: 33; Trimmed: 14330 times.

No. of allowed errors:
0-9 bp: 0; 10-19 bp: 1; 20-29 bp: 2; 30-33 bp: 3

Overview of removed sequences
length	count	expect	max.err	error counts
3	3	4602.7	0	3
14	1	0.0	1	1
19	3	0.0	1	2 1
20	4	0.0	2	4
21	4	0.0	2	2 2
23	3	0.0	2	0 2 1
24	21	0.0	2	9 8 4
25	54	0.0	2	19 29 6
26	69	0.0	2	33 18 18
27	132	0.0	2	71 50 9 2
28	185	0.0	2	93 60 29 3
29	175	0.0	2	50 76 40 9
30	332	0.0	3	74 101 41 116
31	672	0.0	3	86 132 261 193
32	1191	0.0	3	141 473 331 246
33	8043	0.0	3	3824 2081 1112 1026
34	3370	0.0	3	2 1926 967 475
35	45	0.0	3	0 0 21 24
36	16	0.0	3	0 1 0 15
37	1	0.0	3	1
41	1	0.0	3	1
43	1	0.0	3	0 0 0 1
46	1	0.0	3	0 0 1
47	1	0.0	3	0 1
48	1	0.0	3	1
51	1	0.0	3	1


=== First read: Adapter 4 ===

Sequence: ACGTTGGATGTTTGTTACTGTTGTGGATACAAC; Type: regular 5'; Length: 33; Trimmed: 8025 times.

No. of allowed errors:
0-9 bp: 0; 10-19 bp: 1; 20-29 bp: 2; 30-33 bp: 3

Overview of removed sequences
length	count	expect	max.err	error counts
3	32	4602.7	0	32
14	1	0.0	1	1
21	1	0.0	2	1
24	3	0.0	2	1 2
25	16	0.0	2	7 6 3
26	21	0.0	2	11 7 3
27	14	0.0	2	8 6
28	46	0.0	2	28 10 8
29	27	0.0	2	8 9 9 1
30	54	0.0	3	20 15 11 8
31	160	0.0	3	20 28 51 61
32	538	0.0	3	46 261 127 104
33	6650	0.0	3	3263 1607 1146 634
34	331	0.0	3	1 139 107 84
35	68	0.0	3	0 0 39 29
36	61	0.0	3	0 0 0 61
48	1	0.0	3	1
59	1	0.0	3	0 0 0 1


=== First read: Adapter 5 ===

Sequence: ACGTTGGATGTTTGTTACCGTTGTTGATACTAC; Type: regular 5'; Length: 33; Trimmed: 3542 times.

No. of allowed errors:
0-9 bp: 0; 10-19 bp: 1; 20-29 bp: 2; 30-33 bp: 3

Overview of removed sequences
length	count	expect	max.err	error counts
14	6	0.0	1	4 2
17	1	0.0	1	1
20	1	0.0	2	0 1
21	3	0.0	2	1 1 1
23	1	0.0	2	0 1
24	5	0.0	2	3 2
25	11	0.0	2	6 5
26	10	0.0	2	5 2 3
27	40	0.0	2	21 16 3
28	48	0.0	2	18 16 13 1
29	45	0.0	2	10 15 13 7
30	225	0.0	3	23 33 20 149
31	268	0.0	3	18 40 111 99
32	379	0.0	3	27 114 137 101
33	1717	0.0	3	846 496 230 145
34	678	0.0	3	0 438 161 79
35	81	0.0	3	0 0 19 62
36	21	0.0	3	0 0 0 21
46	2	0.0	3	1 0 0 1


=== First read: Adapter 6 ===

Sequence: ACGTTGGATGAATATATGTGTGCTTATTTG; Type: regular 5'; Length: 30; Trimmed: 35 times.

No. of allowed errors:
0-9 bp: 0; 10-19 bp: 1; 20-29 bp: 2; 30 bp: 3

Overview of removed sequences
length	count	expect	max.err	error counts
3	29	4602.7	0	29
4	3	1150.7	0	3
29	1	0.0	2	0 0 1
30	1	0.0	3	1
32	1	0.0	3	0 0 1


=== First read: Adapter 7 ===

Sequence: ACGTTGGATGGAAAAATAAACTGCAAATCATATTC; Type: regular 5'; Length: 35; Trimmed: 24994 times.

No. of allowed errors:
0-9 bp: 0; 10-19 bp: 1; 20-29 bp: 2; 30-35 bp: 3

Overview of removed sequences
length	count	expect	max.err	error counts
4	1	1150.7	0	1
17	1	0.0	1	1
18	2	0.0	1	2
22	2	0.0	2	0 1 1
23	5	0.0	2	2 1 2
24	1	0.0	2	0 1
26	1	0.0	2	0 1
27	9	0.0	2	4 4 1
28	4	0.0	2	1 1 2
29	30	0.0	2	0 16 10 4
30	167	0.0	3	21 95 38 13
31	128	0.0	3	11 71 25 21
32	242	0.0	3	10 111 36 85
33	476	0.0	3	4 130 163 179
34	3366	0.0	3	29 2217 748 372
35	17771	0.0	3	5568 7233 2790 2180
36	1523	0.0	3	0 1095 246 182
37	155	0.0	3	0 0 32 123
38	1110	0.0	3	0 0 1 1109


=== First read: Adapter 8 ===

Sequence: ACGTTGGATGGAAAAATAAACTGTAAATCATATTC; Type: regular 5'; Length: 35; Trimmed: 3659 times.

No. of allowed errors:
0-9 bp: 0; 10-19 bp: 1; 20-29 bp: 2; 30-35 bp: 3

Overview of removed sequences
length	count	expect	max.err	error counts
27	1	0.0	2	1
30	11	0.0	3	1 1 2 7
31	8	0.0	3	0 2 0 6
32	66	0.0	3	0 0 1 65
33	95	0.0	3	1 2 33 59
34	825	0.0	3	1 484 100 240
35	2366	0.0	3	271 382 338 1375
36	148	0.0	3	0 24 55 69
37	98	0.0	3	0 0 25 73
38	39	0.0	3	0 0 0 39
55	1	0.0	3	0 0 0 1
66	1	0.0	3	0 0 0 1


=== First read: Adapter 9 ===

Sequence: ACGTTGGATGGAAAAATAAATTGTAAATCATACTC; Type: regular 5'; Length: 35; Trimmed: 4606 times.

No. of allowed errors:
0-9 bp: 0; 10-19 bp: 1; 20-29 bp: 2; 30-35 bp: 3

Overview of removed sequences
length	count	expect	max.err	error counts
18	1	0.0	1	0 1
29	1	0.0	2	1
30	1	0.0	3	1
31	10	0.0	3	9 1
32	4	0.0	3	0 1 0 3
33	25	0.0	3	3 6 8 8
34	218	0.0	3	94 81 28 15
35	4277	0.0	3	2911 878 304 184
36	19	0.0	3	0 12 2 5
37	13	0.0	3	0 0 4 9
38	32	0.0	3	0 0 0 32
40	1	0.0	3	1
42	1	0.0	3	1
48	1	0.0	3	1
54	1	0.0	3	0 0 0 1
56	1	0.0	3	1


=== First read: Adapter 10 ===

Sequence: ACGTTGGATGAGATTAGGGAAAGTATTAGA; Type: regular 5'; Length: 30; Trimmed: 82 times.

No. of allowed errors:
0-9 bp: 0; 10-19 bp: 1; 20-29 bp: 2; 30 bp: 3

Overview of removed sequences
length	count	expect	max.err	error counts
3	81	4602.7	0	81
4	1	1150.7	0	1


=== First read: Adapter 11 ===

Sequence: ACGTTGGATGGAAAAATAAATTGTAAATCAAATTC; Type: regular 5'; Length: 35; Trimmed: 1726 times.

No. of allowed errors:
0-9 bp: 0; 10-19 bp: 1; 20-29 bp: 2; 30-35 bp: 3

Overview of removed sequences
length	count	expect	max.err	error counts
33	5	0.0	3	1 0 2 2
34	45	0.0	3	6 14 14 11
35	1633	0.0	3	893 367 232 141
36	12	0.0	3	0 3 2 7
37	5	0.0	3	0 0 3 2
38	26	0.0	3	0 0 0 26


=== First read: Adapter 12 ===

Sequence: ACGTTGGATGGAAAAATAAACTGTAAATCATATTCCT; Type: regular 5'; Length: 37; Trimmed: 112805 times.

No. of allowed errors:
0-9 bp: 0; 10-19 bp: 1; 20-29 bp: 2; 30-37 bp: 3

Overview of removed sequences
length	count	expect	max.err	error counts
3	7	4602.7	0	7
4	1	1150.7	0	1
19	1	0.0	1	0 0 1
22	2	0.0	2	1 0 1
24	2	0.0	2	0 1 1
26	1	0.0	2	0 1
27	1	0.0	2	0 0 1
28	2	0.0	2	0 1 1
31	11	0.0	3	1 4 3 3
32	54	0.0	3	11 14 11 18
33	67	0.0	3	6 17 14 30
34	238	0.0	3	13 30 48 147
35	847	0.0	3	13 27 450 357
36	6153	0.0	3	44 3469 1432 1208
37	21338	0.0	3	4838 7939 3577 4984
38	3412	0.0	3	2 822 1523 1065
39	80242	0.0	3	0 0 34342 45900
40	418	0.0	3	0 0 15 403
41	4	0.0	3	0 0 3 1
46	1	0.0	3	0 0 0 1
50	1	0.0	3	0 0 1
52	1	0.0	3	0 0 1
55	1	0.0	3	0 0 1


=== Second read: Adapter 13 ===

Sequence: ACGTTGGATGTTTGTTACTATGGTAGATACCACAC; Type: regular 5'; Length: 35; Trimmed: 42763 times.

No. of allowed errors:
0-9 bp: 0; 10-19 bp: 1; 20-29 bp: 2; 30-35 bp: 3

Overview of removed sequences
length	count	expect	max.err	error counts
3	9	4602.7	0	9
4	12	1150.7	0	12
5	1	287.7	0	1
12	1	0.0	1	0 1
14	1	0.0	1	0 1
20	1	0.0	2	1
21	1	0.0	2	0 0 1
22	1	0.0	2	0 0 1
23	1	0.0	2	1
26	3	0.0	2	1 1 1
28	8	0.0	2	1 3 2 2
29	14	0.0	2	1 6 4 3
30	29	0.0	3	1 10 8 10
31	53	0.0	3	2 13 21 17
32	194	0.0	3	6 27 29 132
33	3595	0.0	3	22 92 1638 1843
34	2257	0.0	3	36 591 824 806
35	34801	0.0	3	4621 15656 8698 5826
36	985	0.0	3	1 184 450 350
37	458	0.0	3	0 0 91 367
38	289	0.0	3	0 0 0 289
39	2	0.0	3	0 1 1
40	1	0.0	3	0 1
41	1	0.0	3	0 0 1
42	2	0.0	3	0 1 0 1
43	13	0.0	3	1 4 7 1
44	3	0.0	3	1 1 1
45	2	0.0	3	0 2
46	3	0.0	3	0 1 0 2
47	1	0.0	3	0 1
48	2	0.0	3	0 1 0 1
51	3	0.0	3	1 1 1
54	4	0.0	3	1 2 0 1
55	6	0.0	3	1 2 1 2
57	2	0.0	3	0 2
58	1	0.0	3	0 1
59	2	0.0	3	0 1 1
61	1	0.0	3	0 1


=== Second read: Adapter 14 ===

Sequence: ACGTTGGATGTTTGTTACTGTGGTGGATACTAC; Type: regular 5'; Length: 33; Trimmed: 14437 times.

No. of allowed errors:
0-9 bp: 0; 10-19 bp: 1; 20-29 bp: 2; 30-33 bp: 3

Overview of removed sequences
length	count	expect	max.err	error counts
3	12	4602.7	0	12
5	6	287.7	0	6
12	1	0.0	1	1
17	2	0.0	1	1 1
19	2	0.0	1	1 1
20	2	0.0	2	0 1 1
21	2	0.0	2	0 2
22	1	0.0	2	0 0 1
24	2	0.0	2	1 1
25	3	0.0	2	0 1 2
26	8	0.0	2	5 1 2
27	12	0.0	2	7 4 1
28	22	0.0	2	8 7 5 2
29	26	0.0	2	5 13 8
30	658	0.0	3	9 17 20 612
31	777	0.0	3	37 31 332 377
32	2131	0.0	3	32 697 716 686
33	8335	0.0	3	3411 2478 1299 1147
34	2099	0.0	3	0 876 718 505
35	80	0.0	3	0 0 23 57
36	40	0.0	3	0 0 0 40
38	2	0.0	3	0 0 0 2
39	7	0.0	3	1 0 3 3
40	16	0.0	3	4 4 5 3
41	42	0.0	3	14 13 8 7
42	26	0.0	3	5 13 5 3
43	7	0.0	3	1 1 4 1
44	20	0.0	3	5 4 6 5
45	9	0.0	3	5 1 2 1
46	8	0.0	3	1 2 4 1
47	6	0.0	3	0 2 3 1
48	8	0.0	3	2 1 4 1
49	15	0.0	3	4 5 4 2
50	9	0.0	3	1 5 2 1
51	9	0.0	3	1 3 4 1
52	10	0.0	3	3 2 2 3
53	10	0.0	3	5 3 1 1
54	3	0.0	3	1 1 0 1
55	1	0.0	3	1
56	3	0.0	3	0 1 1 1
57	3	0.0	3	1 1 1
58	1	0.0	3	1
59	1	0.0	3	1


=== Second read: Adapter 15 ===

Sequence: ACGTTGGATGTTTGTTACTGTTGTGGATACAAC; Type: regular 5'; Length: 33; Trimmed: 8443 times.

No. of allowed errors:
0-9 bp: 0; 10-19 bp: 1; 20-29 bp: 2; 30-33 bp: 3

Overview of removed sequences
length	count	expect	max.err	error counts
3	605	4602.7	0	605
4	1	1150.7	0	1
5	3	287.7	0	3
10	1	0.3	1	0 1
13	1	0.0	1	0 1
25	2	0.0	2	0 1 1
26	2	0.0	2	2
27	1	0.0	2	0 0 1
28	2	0.0	2	2
29	10	0.0	2	1 4 5
30	47	0.0	3	5 1 2 39
31	218	0.0	3	9 9 69 131
32	1298	0.0	3	13 512 412 361
33	5451	0.0	3	1941 1417 1256 837
34	373	0.0	3	0 115 111 147
35	113	0.0	3	0 0 56 57
36	99	0.0	3	0 0 0 99
40	10	0.0	3	4 3 3
41	48	0.0	3	16 16 9 7
42	19	0.0	3	7 2 6 4
43	6	0.0	3	1 0 4 1
44	14	0.0	3	7 0 4 3
45	13	0.0	3	4 3 4 2
46	7	0.0	3	3 2 0 2
47	3	0.0	3	1 1 1
48	11	0.0	3	2 3 4 2
49	16	0.0	3	6 2 4 4
50	11	0.0	3	5 0 3 3
51	13	0.0	3	0 6 5 2
52	13	0.0	3	5 2 4 2
53	11	0.0	3	5 2 4
54	1	0.0	3	0 0 1
55	7	0.0	3	2 2 1 2
56	6	0.0	3	2 2 0 2
57	4	0.0	3	1 0 2 1
58	2	0.0	3	0 1 1
61	1	0.0	3	0 1


=== Second read: Adapter 16 ===

Sequence: ACGTTGGATGTTTGTTACCGTTGTTGATACTAC; Type: regular 5'; Length: 33; Trimmed: 4954 times.

No. of allowed errors:
0-9 bp: 0; 10-19 bp: 1; 20-29 bp: 2; 30-33 bp: 3

Overview of removed sequences
length	count	expect	max.err	error counts
10	1	0.3	1	0 1
18	1	0.0	1	0 1
19	1	0.0	1	0 0 1
21	1	0.0	2	1
22	1	0.0	2	0 0 1
25	2	0.0	2	0 0 2
26	5	0.0	2	1 1 3
27	5	0.0	2	2 2 1
28	7	0.0	2	0 4 2 1
29	12	0.0	2	3 1 5 3
30	813	0.0	3	3 5 6 799
31	339	0.0	3	13 14 148 164
32	943	0.0	3	6 299 337 301
33	2184	0.0	3	995 604 358 227
34	477	0.0	3	0 189 168 120
35	99	0.0	3	0 0 22 77
36	39	0.0	3	0 0 0 39
40	2	0.0	3	0 0 1 1
41	6	0.0	3	3 3
42	1	0.0	3	0 0 0 1
44	2	0.0	3	1 0 0 1
45	2	0.0	3	0 1 1
46	1	0.0	3	0 0 0 1
47	1	0.0	3	0 1
48	2	0.0	3	0 1 1
49	2	0.0	3	1 1
50	2	0.0	3	1 0 0 1
53	1	0.0	3	1
54	1	0.0	3	0 1
55	1	0.0	3	1


=== Second read: Adapter 17 ===

Sequence: ACGTTGGATGAATATATGTGTGCTTATTTG; Type: regular 5'; Length: 30; Trimmed: 108 times.

No. of allowed errors:
0-9 bp: 0; 10-19 bp: 1; 20-29 bp: 2; 30 bp: 3

Overview of removed sequences
length	count	expect	max.err	error counts
3	101	4602.7	0	101
5	3	287.7	0	3
6	3	71.9	0	3
30	1	0.0	3	1


=== Second read: Adapter 18 ===

Sequence: ACGTTGGATGTTTGTTACTAAGGTAGATACCACTC; Type: regular 5'; Length: 35; Trimmed: 49050 times.

No. of allowed errors:
0-9 bp: 0; 10-19 bp: 1; 20-29 bp: 2; 30-35 bp: 3

Overview of removed sequences
length	count	expect	max.err	error counts
3	3	4602.7	0	3
4	2	1150.7	0	2
21	1	0.0	2	0 1
24	1	0.0	2	0 1
26	1	0.0	2	1
27	1	0.0	2	1
28	5	0.0	2	1 3 1
29	18	0.0	2	10 3 5
30	39	0.0	3	12 6 12 9
31	106	0.0	3	22 31 30 23
32	119	0.0	3	29 31 29 30
33	868	0.0	3	119 73 220 456
34	2921	0.0	3	203 1115 866 737
35	43669	0.0	3	19654 11616 7713 4686
36	779	0.0	3	14 322 242 201
37	236	0.0	3	1 0 65 170
38	209	0.0	3	0 1 0 208
39	2	0.0	3	0 0 2
40	1	0.0	3	0 1
42	3	0.0	3	0 1 2
43	19	0.0	3	8 6 1 4
44	9	0.0	3	3 3 3
45	2	0.0	3	0 1 0 1
46	7	0.0	3	1 4 1 1
47	4	0.0	3	1 0 1 2
48	3	0.0	3	3
49	2	0.0	3	1 1
50	3	0.0	3	1 1 1
51	6	0.0	3	5 1
53	1	0.0	3	0 1
54	1	0.0	3	1
55	7	0.0	3	4 2 1
57	1	0.0	3	0 1
59	1	0.0	3	0 1


=== Second read: Adapter 19 ===

Sequence: ACGTTGGATGGAAAAATAAACTGCAAATCATATTC; Type: regular 5'; Length: 35; Trimmed: 23648 times.

No. of allowed errors:
0-9 bp: 0; 10-19 bp: 1; 20-29 bp: 2; 30-35 bp: 3

Overview of removed sequences
length	count	expect	max.err	error counts
3	21	4602.7	0	21
4	2	1150.7	0	2
5	1	287.7	0	1
6	1	71.9	0	1
10	1	0.3	1	1
11	3	0.1	1	2 1
13	1	0.0	1	0 1
15	1	0.0	1	0 1
18	1	0.0	1	1
19	4	0.0	1	1 3
25	1	0.0	2	0 1
27	1	0.0	2	0 0 1
28	2	0.0	2	0 1 1
29	3	0.0	2	0 3
30	28	0.0	3	1 13 7 7
31	44	0.0	3	7 22 7 8
32	69	0.0	3	4 22 18 25
33	168	0.0	3	1 36 56 75
34	1788	0.0	3	5 723 562 498
35	19378	0.0	3	2309 8740 4859 3470
36	1376	0.0	3	0 796 347 233
37	55	0.0	3	0 0 27 28
38	685	0.0	3	0 0 0 685
42	1	0.0	3	0 1
43	5	0.0	3	2 1 1 1
44	2	0.0	3	0 0 2
45	3	0.0	3	0 2 1
48	1	0.0	3	0 1
49	1	0.0	3	0 0 1
53	1	0.0	3	0 1


=== Second read: Adapter 20 ===

Sequence: ACGTTGGATGAGATTAGGGAAAGTATTAGA; Type: regular 5'; Length: 30; Trimmed: 31 times.

No. of allowed errors:
0-9 bp: 0; 10-19 bp: 1; 20-29 bp: 2; 30 bp: 3

Overview of removed sequences
length	count	expect	max.err	error counts
3	30	4602.7	0	30
4	1	1150.7	0	1


=== Second read: Adapter 21 ===

Sequence: ACGTTGGATGGAAAAATAAATTGTAAATCATACTC; Type: regular 5'; Length: 35; Trimmed: 4096 times.

No. of allowed errors:
0-9 bp: 0; 10-19 bp: 1; 20-29 bp: 2; 30-35 bp: 3

Overview of removed sequences
length	count	expect	max.err	error counts
5	3	287.7	0	3
12	1	0.0	1	0 1
14	3	0.0	1	1 2
17	2	0.0	1	2
18	5	0.0	1	4 1
19	6	0.0	1	3 3
20	2	0.0	2	1 1
21	3	0.0	2	2 1
22	4	0.0	2	3 0 1
23	1	0.0	2	1
25	1	0.0	2	0 1
26	1	0.0	2	1
27	1	0.0	2	0 0 1
29	2	0.0	2	0 2
30	24	0.0	3	14 3 5 2
31	24	0.0	3	7 5 7 5
32	4	0.0	3	1 1 0 2
33	23	0.0	3	4 0 7 12
34	139	0.0	3	19 36 40 44
35	3778	0.0	3	1844 908 583 443
36	21	0.0	3	0 7 7 7
37	11	0.0	3	0 0 4 7
38	22	0.0	3	0 1 0 21
43	3	0.0	3	2 0 1
44	3	0.0	3	0 2 1
46	1	0.0	3	0 1
47	2	0.0	3	1 1
50	3	0.0	3	2 0 1
51	1	0.0	3	1
54	1	0.0	3	0 0 0 1
55	1	0.0	3	0 0 0 1


=== Second read: Adapter 22 ===

Sequence: ACGTTGGATGGAAAAATAAACTGTAAATCATATTCCT; Type: regular 5'; Length: 37; Trimmed: 71980 times.

No. of allowed errors:
0-9 bp: 0; 10-19 bp: 1; 20-29 bp: 2; 30-37 bp: 3

Overview of removed sequences
length	count	expect	max.err	error counts
3	149	4602.7	0	149
4	223	1150.7	0	223
13	2	0.0	1	0 2
14	1	0.0	1	0 1
17	1	0.0	1	1
18	1	0.0	1	0 1
19	4	0.0	1	0 3 1
20	10	0.0	2	3 1 6
21	4	0.0	2	1 2 1
22	1	0.0	2	1
23	2	0.0	2	0 1 1
24	1	0.0	2	0 1
25	2	0.0	2	0 2
29	1	0.0	2	0 0 0 1
30	2	0.0	3	0 0 0 2
31	6	0.0	3	0 3 2 1
32	13	0.0	3	1 3 3 6
33	23	0.0	3	0 7 7 9
34	79	0.0	3	1 4 22 52
35	387	0.0	3	3 14 191 179
36	3254	0.0	3	5 1433 894 922
37	17017	0.0	3	2033 4910 3094 6980
38	1226	0.0	3	0 143 498 585
39	49355	0.0	3	0 0 20499 28856
40	179	0.0	3	0 0 1 178
41	4	0.0	3	0 0 1 3
44	2	0.0	3	0 0 1 1
45	3	0.0	3	0 2 0 1
46	4	0.0	3	1 1 2
47	3	0.0	3	1 0 1 1
48	6	0.0	3	0 0 4 2
49	1	0.0	3	0 0 1
50	1	0.0	3	0 0 0 1
51	4	0.0	3	1 1 1 1
52	1	0.0	3	0 0 0 1
53	1	0.0	3	0 0 1
54	1	0.0	3	0 0 1
55	2	0.0	3	0 1 0 1
56	1	0.0	3	0 1
57	1	0.0	3	0 1
58	2	0.0	3	0 1 1


=== Second read: Adapter 23 ===

Sequence: ACGTTGGATGGAAAAATAAACTGTAAATCATATTC; Type: regular 5'; Length: 35; Trimmed: 4256 times.

No. of allowed errors:
0-9 bp: 0; 10-19 bp: 1; 20-29 bp: 2; 30-35 bp: 3

Overview of removed sequences
length	count	expect	max.err	error counts
12	1	0.0	1	0 1
17	1	0.0	1	0 1
19	1	0.0	1	0 1
22	1	0.0	2	0 0 1
29	1	0.0	2	0 0 0 1
30	5	0.0	3	0 1 1 3
31	8	0.0	3	0 1 0 7
32	22	0.0	3	0 0 0 22
33	62	0.0	3	1 1 13 47
34	456	0.0	3	0 74 50 332
35	3496	0.0	3	74 307 251 2864
36	152	0.0	3	0 18 64 70
37	21	0.0	3	0 0 11 10
38	20	0.0	3	0 0 0 20
39	1	0.0	3	0 0 0 1
43	1	0.0	3	0 1
44	1	0.0	3	0 0 1
46	1	0.0	3	0 0 1
47	1	0.0	3	0 1
48	2	0.0	3	0 0 1 1
49	1	0.0	3	0 0 0 1
53	1	0.0	3	0 0 0 1


=== Second read: Adapter 24 ===

Sequence: ACGTTGGATGGAAAAATAAATTGTAAATCAAATTC; Type: regular 5'; Length: 35; Trimmed: 1730 times.

No. of allowed errors:
0-9 bp: 0; 10-19 bp: 1; 20-29 bp: 2; 30-35 bp: 3

Overview of removed sequences
length	count	expect	max.err	error counts
5	2	287.7	0	2
6	9	71.9	0	9
10	1	0.3	1	1
13	2	0.0	1	2
14	6	0.0	1	2 4
16	1	0.0	1	0 1
17	1	0.0	1	1
18	2	0.0	1	2
19	2	0.0	1	1 1
21	3	0.0	2	1 0 2
22	2	0.0	2	2
23	1	0.0	2	0 1
25	1	0.0	2	0 1
29	1	0.0	2	0 0 0 1
30	8	0.0	3	5 1 1 1
31	13	0.0	3	4 1 3 5
32	1	0.0	3	1
33	2	0.0	3	0 0 0 2
34	36	0.0	3	3 18 5 10
35	1611	0.0	3	792 423 242 154
36	9	0.0	3	0 0 2 7
37	5	0.0	3	0 0 3 2
38	10	0.0	3	0 0 0 10
43	1	0.0	3	0 1
