This is cutadapt 2.6 with Python 3.7.3
Command line parameters: -g ACGTTGGATGTTTGTTACTATGGTAGATACCACAC -g ACGTTGGATGTTTGTTACTAAGGTAGATACCACTC -g ACGTTGGATGTTTGTTACTGTGGTGGATACTAC -g ACGTTGGATGTTTGTTACTGTTGTGGATACAAC -g ACGTTGGATGTTTGTTACCGTTGTTGATACTAC -g ACGTTGGATGAATATATGTGTGCTTATTTG -G ACGTTGGATGTTTGTTACTATGGTAGATACCACAC -G ACGTTGGATGTTTGTTACTGTGGTGGATACTAC -G ACGTTGGATGTTTGTTACTGTTGTGGATACAAC -G ACGTTGGATGTTTGTTACCGTTGTTGATACTAC -G ACGTTGGATGAATATATGTGTGCTTATTTG -G ACGTTGGATGTTTGTTACTAAGGTAGATACCACTC -g ACGTTGGATGGAAAAATAAACTGCAAATCATATTC -g ACGTTGGATGGAAAAATAAACTGTAAATCATATTC -g ACGTTGGATGGAAAAATAAATTGTAAATCATACTC -g ACGTTGGATGAGATTAGGGAAAGTATTAGA -g ACGTTGGATGGAAAAATAAATTGTAAATCAAATTC -g ACGTTGGATGGAAAAATAAACTGTAAATCATATTCCT -G ACGTTGGATGGAAAAATAAACTGCAAATCATATTC -G ACGTTGGATGAGATTAGGGAAAGTATTAGA -G ACGTTGGATGGAAAAATAAATTGTAAATCATACTC -G ACGTTGGATGGAAAAATAAACTGTAAATCATATTCCT -G ACGTTGGATGGAAAAATAAACTGTAAATCATATTC -G ACGTTGGATGGAAAAATAAATTGTAAATCAAATTC --minimum-length=1 -o /data/projects/mdc-971/reprocess_June_2019_data/analysis/30.primer_trimmed/180368_S28_cutadapt.1.fq.gz -p /data/projects/mdc-971/reprocess_June_2019_data/analysis/30.primer_trimmed/180368_S28_cutadapt.2.fq.gz /data/projects/mdc-971/reprocess_June_2019_data/analysis/20.adapter_trimmed/180368_S28_R1_001.bbduked.trimmed.fastq.gz /data/projects/mdc-971/reprocess_June_2019_data/analysis/20.adapter_trimmed/180368_S28_R2_001.bbduked.trimmed.fastq.gz
Processing reads on 1 core in paired-end mode ...
Finished in 103.49 s (383 us/read; 0.16 M reads/minute).

=== Summary ===

Total read pairs processed:            269,970
  Read 1 with adapter:                 240,860 (89.2%)
  Read 2 with adapter:                 186,957 (69.3%)
Pairs that were too short:                   0 (0.0%)
Pairs written (passing filters):       269,970 (100.0%)

Total basepairs processed:    79,213,010 bp
  Read 1:    38,717,558 bp
  Read 2:    40,495,452 bp
Total written (filtered):     64,541,145 bp (81.5%)
  Read 1:    30,356,563 bp
  Read 2:    34,184,582 bp

=== First read: Adapter 1 ===

Sequence: ACGTTGGATGTTTGTTACTATGGTAGATACCACAC; Type: regular 5'; Length: 35; Trimmed: 15024 times.

No. of allowed errors:
0-9 bp: 0; 10-19 bp: 1; 20-29 bp: 2; 30-35 bp: 3

Overview of removed sequences
length	count	expect	max.err	error counts
3	4	4218.3	0	4
4	2	1054.6	0	2
18	5	0.0	1	1 3 1
19	2	0.0	1	1 1
20	1	0.0	2	0 1
21	1	0.0	2	1
22	8	0.0	2	6 0 2
23	5	0.0	2	2 3
25	2	0.0	2	0 0 2
26	37	0.0	2	15 16 6
27	68	0.0	2	33 22 13
28	95	0.0	2	40 27 19 9
29	178	0.0	2	75 65 30 8
30	297	0.0	3	129 101 27 40
31	169	0.0	3	44 54 44 27
32	330	0.0	3	71 88 65 106
33	853	0.0	3	49 74 427 303
34	2679	0.0	3	53 1258 802 566
35	8383	0.0	3	3230 2870 1378 905
36	1101	0.0	3	5 408 406 282
37	478	0.0	3	0 1 238 239
38	322	0.0	3	0 0 0 322
39	2	0.0	3	0 1 0 1
43	1	0.0	3	0 1
54	1	0.0	3	0 1


=== First read: Adapter 2 ===

Sequence: ACGTTGGATGTTTGTTACTAAGGTAGATACCACTC; Type: regular 5'; Length: 35; Trimmed: 6329 times.

No. of allowed errors:
0-9 bp: 0; 10-19 bp: 1; 20-29 bp: 2; 30-35 bp: 3

Overview of removed sequences
length	count	expect	max.err	error counts
3	3	4218.3	0	3
4	1	1054.6	0	1
13	1	0.0	1	1
14	3	0.0	1	2 1
15	1	0.0	1	1
16	1	0.0	1	1
20	2	0.0	2	1 0 1
21	1	0.0	2	1
23	3	0.0	2	2 1
25	3	0.0	2	0 1 2
26	13	0.0	2	2 3 8
27	18	0.0	2	6 10 2
28	28	0.0	2	9 10 6 3
29	55	0.0	2	27 19 7 2
30	162	0.0	3	73 52 22 15
31	106	0.0	3	43 29 21 13
32	140	0.0	3	47 44 27 22
33	213	0.0	3	25 50 97 41
34	1053	0.0	3	51 593 245 164
35	3894	0.0	3	2197 947 441 309
36	324	0.0	3	1 144 100 79
37	142	0.0	3	0 1 84 57
38	159	0.0	3	0 1 0 158
40	1	0.0	3	0 1
42	1	0.0	3	0 1
43	1	0.0	3	0 1


=== First read: Adapter 3 ===

Sequence: ACGTTGGATGTTTGTTACTGTGGTGGATACTAC; Type: regular 5'; Length: 33; Trimmed: 40189 times.

No. of allowed errors:
0-9 bp: 0; 10-19 bp: 1; 20-29 bp: 2; 30-33 bp: 3

Overview of removed sequences
length	count	expect	max.err	error counts
3	7	4218.3	0	7
12	3	0.0	1	3
13	3	0.0	1	1 2
14	10	0.0	1	8 2
15	3	0.0	1	0 3
16	6	0.0	1	6
17	7	0.0	1	4 3
18	11	0.0	1	8 3
19	14	0.0	1	8 4 2
20	35	0.0	2	25 8 2
21	31	0.0	2	23 7 1
22	24	0.0	2	11 7 6
23	28	0.0	2	6 14 8
24	203	0.0	2	97 78 28
25	565	0.0	2	270 218 77
26	651	0.0	2	331 218 102
27	1168	0.0	2	734 320 110 4
28	1493	0.0	2	851 471 163 8
29	931	0.0	2	362 355 176 38
30	2340	0.0	3	785 646 306 603
31	2588	0.0	3	691 631 685 581
32	4825	0.0	3	710 1916 1321 878
33	21219	0.0	3	10524 6017 2929 1749
34	3529	0.0	3	4 1657 1262 606
35	399	0.0	3	6 2 173 218
36	70	0.0	3	6 4 1 59
37	5	0.0	3	2 2 0 1
38	4	0.0	3	0 3 0 1
39	1	0.0	3	1
40	1	0.0	3	0 0 1
41	3	0.0	3	1 2
42	1	0.0	3	1
43	1	0.0	3	1
44	2	0.0	3	0 1 1
46	1	0.0	3	1
47	1	0.0	3	0 0 0 1
48	1	0.0	3	0 1
49	3	0.0	3	1 2
50	1	0.0	3	1
53	1	0.0	3	0 1


=== First read: Adapter 4 ===

Sequence: ACGTTGGATGTTTGTTACTGTTGTGGATACAAC; Type: regular 5'; Length: 33; Trimmed: 11560 times.

No. of allowed errors:
0-9 bp: 0; 10-19 bp: 1; 20-29 bp: 2; 30-33 bp: 3

Overview of removed sequences
length	count	expect	max.err	error counts
3	31	4218.3	0	31
14	2	0.0	1	2
16	1	0.0	1	0 1
19	2	0.0	1	2
20	4	0.0	2	1 2 1
21	3	0.0	2	1 2
23	1	0.0	2	1
24	19	0.0	2	7 9 3
25	91	0.0	2	30 40 21
26	68	0.0	2	35 22 11
27	102	0.0	2	66 27 9
28	275	0.0	2	171 79 23 2
29	149	0.0	2	72 52 19 6
30	253	0.0	3	90 82 47 34
31	421	0.0	3	105 76 128 112
32	1185	0.0	3	129 451 319 286
33	7862	0.0	3	4055 1927 1286 594
34	744	0.0	3	1 375 232 136
35	220	0.0	3	0 3 128 89
36	125	0.0	3	1 0 0 124
49	1	0.0	3	0 0 1
60	1	0.0	3	1


=== First read: Adapter 5 ===

Sequence: ACGTTGGATGTTTGTTACCGTTGTTGATACTAC; Type: regular 5'; Length: 33; Trimmed: 15542 times.

No. of allowed errors:
0-9 bp: 0; 10-19 bp: 1; 20-29 bp: 2; 30-33 bp: 3

Overview of removed sequences
length	count	expect	max.err	error counts
11	1	0.1	1	1
14	1	0.0	1	1
15	2	0.0	1	1 1
16	2	0.0	1	1 1
17	1	0.0	1	1
18	1	0.0	1	0 1
19	2	0.0	1	1 1
20	5	0.0	2	3 2
21	4	0.0	2	3 1
22	2	0.0	2	1 1
23	3	0.0	2	1 1 1
24	45	0.0	2	23 16 6
25	103	0.0	2	59 29 15
26	131	0.0	2	54 45 32
27	280	0.0	2	185 67 28
28	432	0.0	2	216 117 68 31
29	354	0.0	2	85 94 109 66
30	1230	0.0	3	199 218 149 664
31	1768	0.0	3	160 186 835 587
32	2393	0.0	3	124 743 951 575
33	6555	0.0	3	3419 1808 906 422
34	1827	0.0	3	0 526 912 389
35	352	0.0	3	0 0 130 222
36	38	0.0	3	0 0 0 38
37	2	0.0	3	0 0 1 1
39	1	0.0	3	0 0 0 1
40	1	0.0	3	0 0 0 1
41	1	0.0	3	0 0 1
42	1	0.0	3	0 0 0 1
44	1	0.0	3	0 0 1
48	1	0.0	3	0 0 1
56	1	0.0	3	0 0 1
64	1	0.0	3	0 0 1


=== First read: Adapter 6 ===

Sequence: ACGTTGGATGAATATATGTGTGCTTATTTG; Type: regular 5'; Length: 30; Trimmed: 105 times.

No. of allowed errors:
0-9 bp: 0; 10-19 bp: 1; 20-29 bp: 2; 30 bp: 3

Overview of removed sequences
length	count	expect	max.err	error counts
3	77	4218.3	0	77
4	11	1054.6	0	11
29	2	0.0	2	0 0 0 2
30	15	0.0	3	10 5


=== First read: Adapter 7 ===

Sequence: ACGTTGGATGGAAAAATAAACTGCAAATCATATTC; Type: regular 5'; Length: 35; Trimmed: 42977 times.

No. of allowed errors:
0-9 bp: 0; 10-19 bp: 1; 20-29 bp: 2; 30-35 bp: 3

Overview of removed sequences
length	count	expect	max.err	error counts
3	2	4218.3	0	2
21	1	0.0	2	1
23	1	0.0	2	0 0 1
24	1	0.0	2	0 1
25	2	0.0	2	1 1
26	2	0.0	2	1 0 1
27	6	0.0	2	3 1 1 1
28	6	0.0	2	2 2 1 1
29	23	0.0	2	1 16 2 4
30	121	0.0	3	54 40 13 14
31	97	0.0	3	44 28 17 8
32	447	0.0	3	24 29 28 366
33	1122	0.0	3	18 46 638 420
34	7832	0.0	3	66 5844 1371 551
35	25367	0.0	3	17915 4329 1772 1351
36	6991	0.0	3	1 4797 1088 1105
37	619	0.0	3	0 0 227 392
38	335	0.0	3	0 0 0 335
56	1	0.0	3	0 0 1
69	1	0.0	3	0 1


=== First read: Adapter 8 ===

Sequence: ACGTTGGATGGAAAAATAAACTGTAAATCATATTC; Type: regular 5'; Length: 35; Trimmed: 9408 times.

No. of allowed errors:
0-9 bp: 0; 10-19 bp: 1; 20-29 bp: 2; 30-35 bp: 3

Overview of removed sequences
length	count	expect	max.err	error counts
27	1	0.0	2	0 1
28	3	0.0	2	0 0 2 1
29	1	0.0	2	0 0 0 1
30	10	0.0	3	2 1 2 5
31	6	0.0	3	1 1 3 1
32	633	0.0	3	2 2 4 625
33	490	0.0	3	4 13 293 180
34	2570	0.0	3	5 1792 386 387
35	4123	0.0	3	1298 1221 751 853
36	1081	0.0	3	0 228 354 499
37	406	0.0	3	0 0 95 311
38	84	0.0	3	0 0 0 84


=== First read: Adapter 9 ===

Sequence: ACGTTGGATGGAAAAATAAATTGTAAATCATACTC; Type: regular 5'; Length: 35; Trimmed: 13419 times.

No. of allowed errors:
0-9 bp: 0; 10-19 bp: 1; 20-29 bp: 2; 30-35 bp: 3

Overview of removed sequences
length	count	expect	max.err	error counts
6	1	65.9	0	1
23	1	0.0	2	0 1
25	1	0.0	2	1
27	1	0.0	2	0 1
28	2	0.0	2	1 0 1
29	2	0.0	2	0 2
30	9	0.0	3	5 4
31	17	0.0	3	8 6 0 3
32	61	0.0	3	2 2 0 57
33	246	0.0	3	10 12 160 64
34	835	0.0	3	196 424 146 69
35	11801	0.0	3	7937 1929 650 1285
36	167	0.0	3	0 87 39 41
37	102	0.0	3	4 0 36 62
38	167	0.0	3	1 0 0 166
39	1	0.0	3	1
44	1	0.0	3	1
48	1	0.0	3	1
49	1	0.0	3	1
52	1	0.0	3	1
54	1	0.0	3	1


=== First read: Adapter 10 ===

Sequence: ACGTTGGATGAGATTAGGGAAAGTATTAGA; Type: regular 5'; Length: 30; Trimmed: 57 times.

No. of allowed errors:
0-9 bp: 0; 10-19 bp: 1; 20-29 bp: 2; 30 bp: 3

Overview of removed sequences
length	count	expect	max.err	error counts
3	54	4218.3	0	54
4	1	1054.6	0	1
29	1	0.0	2	0 0 1
30	1	0.0	3	1


=== First read: Adapter 11 ===

Sequence: ACGTTGGATGGAAAAATAAATTGTAAATCAAATTC; Type: regular 5'; Length: 35; Trimmed: 6638 times.

No. of allowed errors:
0-9 bp: 0; 10-19 bp: 1; 20-29 bp: 2; 30-35 bp: 3

Overview of removed sequences
length	count	expect	max.err	error counts
5	1	263.6	0	1
30	2	0.0	3	2
31	2	0.0	3	2
32	7	0.0	3	0 1 1 5
33	37	0.0	3	1 1 17 18
34	177	0.0	3	25 91 37 24
35	6271	0.0	3	4419 1156 474 222
36	55	0.0	3	1 22 15 17
37	37	0.0	3	0 0 16 21
38	49	0.0	3	0 0 0 49


=== First read: Adapter 12 ===

Sequence: ACGTTGGATGGAAAAATAAACTGTAAATCATATTCCT; Type: regular 5'; Length: 37; Trimmed: 79612 times.

No. of allowed errors:
0-9 bp: 0; 10-19 bp: 1; 20-29 bp: 2; 30-37 bp: 3

Overview of removed sequences
length	count	expect	max.err	error counts
3	25	4218.3	0	25
4	3	1054.6	0	3
17	1	0.0	1	1
19	1	0.0	1	0 0 1
20	1	0.0	2	0 1
23	1	0.0	2	1
27	4	0.0	2	0 4
28	2	0.0	2	0 2
29	4	0.0	2	2 2
30	8	0.0	3	0 3 2 3
31	30	0.0	3	1 12 11 6
32	147	0.0	3	35 58 32 22
33	118	0.0	3	27 50 27 14
34	243	0.0	3	33 67 38 105
35	3832	0.0	3	58 112 2927 735
36	16738	0.0	3	155 11084 3795 1704
37	45055	0.0	3	17987 19209 5521 2338
38	6357	0.0	3	6 1019 3789 1543
39	5778	0.0	3	1 0 1492 4285
40	1258	0.0	3	0 0 1 1257
48	1	0.0	3	0 0 0 1
49	1	0.0	3	0 1
50	1	0.0	3	0 0 0 1
56	1	0.0	3	1
63	1	0.0	3	0 0 0 1
64	1	0.0	3	0 1


=== Second read: Adapter 13 ===

Sequence: ACGTTGGATGTTTGTTACTATGGTAGATACCACAC; Type: regular 5'; Length: 35; Trimmed: 17079 times.

No. of allowed errors:
0-9 bp: 0; 10-19 bp: 1; 20-29 bp: 2; 30-35 bp: 3

Overview of removed sequences
length	count	expect	max.err	error counts
3	10	4218.3	0	10
4	27	1054.6	0	27
10	1	0.3	1	1
16	1	0.0	1	0 1
18	1	0.0	1	1
19	4	0.0	1	0 3 1
20	2	0.0	2	1 0 1
21	2	0.0	2	2
22	2	0.0	2	0 2
23	1	0.0	2	0 1
24	4	0.0	2	1 0 3
25	2	0.0	2	0 1 1
26	18	0.0	2	6 4 8
27	14	0.0	2	3 4 7
28	26	0.0	2	9 10 5 2
29	42	0.0	2	8 15 16 3
30	68	0.0	3	12 20 18 18
31	67	0.0	3	7 10 32 18
32	123	0.0	3	8 32 17 66
33	1211	0.0	3	23 34 509 645
34	2166	0.0	3	14 748 760 644
35	11305	0.0	3	2888 3856 2613 1948
36	1065	0.0	3	2 293 399 371
37	664	0.0	3	0 0 270 394
38	230	0.0	3	0 0 2 228
43	4	0.0	3	0 4
45	1	0.0	3	0 0 1
46	3	0.0	3	0 0 2 1
48	1	0.0	3	0 0 1
50	1	0.0	3	0 0 0 1
53	3	0.0	3	2 0 1
55	4	0.0	3	2 2
56	1	0.0	3	0 0 1
59	1	0.0	3	0 0 1
60	1	0.0	3	1
62	2	0.0	3	0 0 1 1
64	1	0.0	3	0 0 1


=== Second read: Adapter 14 ===

Sequence: ACGTTGGATGTTTGTTACTGTGGTGGATACTAC; Type: regular 5'; Length: 33; Trimmed: 57793 times.

No. of allowed errors:
0-9 bp: 0; 10-19 bp: 1; 20-29 bp: 2; 30-33 bp: 3

Overview of removed sequences
length	count	expect	max.err	error counts
3	13	4218.3	0	13
5	7	263.6	0	7
11	1	0.1	1	1
13	1	0.0	1	0 1
14	2	0.0	1	1 1
15	1	0.0	1	0 1
16	5	0.0	1	2 3
17	5	0.0	1	3 2
18	4	0.0	1	2 2
19	3	0.0	1	1 0 2
20	8	0.0	2	1 5 2
21	12	0.0	2	5 3 4
22	7	0.0	2	3 2 2
23	8	0.0	2	0 3 5
24	34	0.0	2	8 14 12
25	82	0.0	2	20 34 28
26	132	0.0	2	42 52 38
27	175	0.0	2	71 54 50
28	227	0.0	2	95 67 60 5
29	313	0.0	2	88 109 98 18
30	3487	0.0	3	102 190 124 3071
31	4079	0.0	3	317 189 1340 2233
32	11517	0.0	3	211 4008 4050 3248
33	30323	0.0	3	12765 9260 5264 3034
34	5985	0.0	3	2 2360 2192 1431
35	669	0.0	3	1 2 260 406
36	179	0.0	3	1 1 2 175
37	5	0.0	3	3 0 2
38	9	0.0	3	0 3 1 5
39	16	0.0	3	0 2 3 11
40	18	0.0	3	3 3 5 7
41	95	0.0	3	34 25 21 15
42	55	0.0	3	18 15 10 12
43	31	0.0	3	2 11 9 9
44	56	0.0	3	15 19 11 11
45	41	0.0	3	17 7 12 5
46	18	0.0	3	2 3 5 8
47	16	0.0	3	1 3 2 10
48	16	0.0	3	3 6 4 3
49	30	0.0	3	9 7 6 8
50	23	0.0	3	4 7 6 6
51	26	0.0	3	6 11 6 3
52	16	0.0	3	5 7 3 1
53	15	0.0	3	7 4 2 2
54	8	0.0	3	3 3 2
55	5	0.0	3	2 1 2
56	8	0.0	3	3 2 1 2
57	3	0.0	3	1 1 1
58	1	0.0	3	0 0 0 1
59	1	0.0	3	0 1
60	1	0.0	3	1
62	1	0.0	3	0 0 0 1


=== Second read: Adapter 15 ===

Sequence: ACGTTGGATGTTTGTTACTGTTGTGGATACAAC; Type: regular 5'; Length: 33; Trimmed: 21328 times.

No. of allowed errors:
0-9 bp: 0; 10-19 bp: 1; 20-29 bp: 2; 30-33 bp: 3

Overview of removed sequences
length	count	expect	max.err	error counts
3	668	4218.3	0	668
4	2	1054.6	0	2
5	2	263.6	0	2
16	2	0.0	1	0 2
17	1	0.0	1	1
19	1	0.0	1	1
20	2	0.0	2	2
23	1	0.0	2	0 0 1
24	4	0.0	2	1 1 2
25	15	0.0	2	4 5 6
26	13	0.0	2	4 6 3
27	12	0.0	2	2 7 3
28	39	0.0	2	18 7 13 1
29	62	0.0	2	12 31 17 2
30	141	0.0	3	15 31 21 74
31	723	0.0	3	42 30 245 406
32	3667	0.0	3	35 1202 1105 1325
33	13345	0.0	3	4107 3302 3969 1967
34	1384	0.0	3	1 460 480 443
35	568	0.0	3	0 0 275 293
36	293	0.0	3	0 0 2 291
39	1	0.0	3	0 0 0 1
40	15	0.0	3	7 3 3 2
41	83	0.0	3	21 28 23 11
42	37	0.0	3	11 10 11 5
43	15	0.0	3	2 5 4 4
44	22	0.0	3	6 6 7 3
45	21	0.0	3	4 9 4 4
46	17	0.0	3	3 9 4 1
47	7	0.0	3	0 2 2 3
48	12	0.0	3	2 6 2 2
49	21	0.0	3	5 6 7 3
50	10	0.0	3	2 1 4 3
51	25	0.0	3	7 5 5 8
52	23	0.0	3	9 3 8 3
53	39	0.0	3	13 9 11 6
54	7	0.0	3	2 1 3 1
55	8	0.0	3	3 1 2 2
56	7	0.0	3	2 1 2 2
57	6	0.0	3	1 2 1 2
58	1	0.0	3	1
59	1	0.0	3	0 1
60	1	0.0	3	0 0 0 1
61	1	0.0	3	1
63	2	0.0	3	1 0 1
65	1	0.0	3	1


=== Second read: Adapter 16 ===

Sequence: ACGTTGGATGTTTGTTACCGTTGTTGATACTAC; Type: regular 5'; Length: 33; Trimmed: 24771 times.

No. of allowed errors:
0-9 bp: 0; 10-19 bp: 1; 20-29 bp: 2; 30-33 bp: 3

Overview of removed sequences
length	count	expect	max.err	error counts
9	1	1.0	0	1
18	1	0.0	1	1
19	4	0.0	1	1 3
20	4	0.0	2	3 0 1
21	2	0.0	2	1 1
22	2	0.0	2	1 1
23	4	0.0	2	1 3
24	7	0.0	2	2 2 3
25	13	0.0	2	3 5 5
26	33	0.0	2	11 13 9
27	40	0.0	2	20 9 11
28	96	0.0	2	18 28 39 11
29	173	0.0	2	36 52 54 31
30	2626	0.0	3	42 65 77 2442
31	2619	0.0	3	75 79 1366 1099
32	5157	0.0	3	55 1405 2049 1648
33	10225	0.0	3	4587 2784 1696 1158
34	3054	0.0	3	0 627 1391 1036
35	516	0.0	3	0 0 190 326
36	84	0.0	3	0 0 0 84
37	2	0.0	3	1 0 0 1
38	5	0.0	3	0 0 3 2
39	5	0.0	3	0 0 3 2
40	6	0.0	3	1 0 3 2
41	25	0.0	3	5 8 5 7
42	14	0.0	3	0 3 8 3
43	8	0.0	3	1 1 5 1
44	8	0.0	3	4 2 2
45	8	0.0	3	1 2 4 1
46	5	0.0	3	0 0 2 3
47	1	0.0	3	0 0 0 1
48	3	0.0	3	0 0 1 2
49	4	0.0	3	1 1 0 2
50	1	0.0	3	0 0 1
51	5	0.0	3	1 1 0 3
52	1	0.0	3	0 0 0 1
53	1	0.0	3	1
54	2	0.0	3	0 1 0 1
55	1	0.0	3	1
56	4	0.0	3	1 2 1
59	1	0.0	3	0 0 1


=== Second read: Adapter 17 ===

Sequence: ACGTTGGATGAATATATGTGTGCTTATTTG; Type: regular 5'; Length: 30; Trimmed: 282 times.

No. of allowed errors:
0-9 bp: 0; 10-19 bp: 1; 20-29 bp: 2; 30 bp: 3

Overview of removed sequences
length	count	expect	max.err	error counts
3	249	4218.3	0	249
4	18	1054.6	0	18
5	8	263.6	0	8
6	3	65.9	0	3
30	4	0.0	3	1 2 0 1


=== Second read: Adapter 18 ===

Sequence: ACGTTGGATGTTTGTTACTAAGGTAGATACCACTC; Type: regular 5'; Length: 35; Trimmed: 8151 times.

No. of allowed errors:
0-9 bp: 0; 10-19 bp: 1; 20-29 bp: 2; 30-35 bp: 3

Overview of removed sequences
length	count	expect	max.err	error counts
3	4	4218.3	0	4
4	10	1054.6	0	10
6	1	65.9	0	1
19	2	0.0	1	2
21	1	0.0	2	1
22	2	0.0	2	0 2
26	1	0.0	2	0 0 1
27	5	0.0	2	2 0 3
28	6	0.0	2	4 0 2
29	10	0.0	2	2 4 4
30	24	0.0	3	5 6 7 6
31	43	0.0	3	10 11 13 9
32	64	0.0	3	7 14 11 32
33	348	0.0	3	12 16 137 183
34	1114	0.0	3	14 472 309 319
35	5717	0.0	3	2372 1548 1080 717
36	401	0.0	3	0 127 125 149
37	229	0.0	3	0 0 116 113
38	146	0.0	3	0 0 1 145
42	1	0.0	3	1
43	5	0.0	3	2 2 1
44	3	0.0	3	1 1 0 1
45	1	0.0	3	1
46	4	0.0	3	3 0 1
47	1	0.0	3	1
52	1	0.0	3	1
53	1	0.0	3	1
55	3	0.0	3	0 2 1
56	1	0.0	3	0 0 0 1
59	1	0.0	3	0 0 1
60	1	0.0	3	1


=== Second read: Adapter 19 ===

Sequence: ACGTTGGATGGAAAAATAAACTGCAAATCATATTC; Type: regular 5'; Length: 35; Trimmed: 11896 times.

No. of allowed errors:
0-9 bp: 0; 10-19 bp: 1; 20-29 bp: 2; 30-35 bp: 3

Overview of removed sequences
length	count	expect	max.err	error counts
3	36	4218.3	0	36
14	2	0.0	1	1 1
18	6	0.0	1	5 1
19	4	0.0	1	1 3
20	2	0.0	2	0 2
21	2	0.0	2	0 1 1
23	1	0.0	2	1
25	2	0.0	2	0 0 2
26	1	0.0	2	0 0 1
27	1	0.0	2	0 0 1
29	5	0.0	2	1 2 0 2
30	20	0.0	3	3 9 7 1
31	21	0.0	3	5 2 7 7
32	170	0.0	3	10 8 6 146
33	436	0.0	3	2 9 204 221
34	2009	0.0	3	10 960 578 461
35	6784	0.0	3	3116 1612 957 1099
36	2042	0.0	3	0 919 526 597
37	197	0.0	3	0 0 51 146
38	136	0.0	3	0 0 0 136
43	2	0.0	3	0 1 0 1
44	2	0.0	3	0 0 1 1
45	2	0.0	3	0 1 1
46	1	0.0	3	1
47	1	0.0	3	0 1
48	1	0.0	3	0 1
49	2	0.0	3	1 0 1
53	5	0.0	3	1 2 0 2
54	1	0.0	3	0 0 1
56	1	0.0	3	0 1
76	1	0.0	3	0 1


=== Second read: Adapter 20 ===

Sequence: ACGTTGGATGAGATTAGGGAAAGTATTAGA; Type: regular 5'; Length: 30; Trimmed: 36 times.

No. of allowed errors:
0-9 bp: 0; 10-19 bp: 1; 20-29 bp: 2; 30 bp: 3

Overview of removed sequences
length	count	expect	max.err	error counts
3	33	4218.3	0	33
5	2	263.6	0	2
29	1	0.0	2	0 0 1


=== Second read: Adapter 21 ===

Sequence: ACGTTGGATGGAAAAATAAATTGTAAATCATACTC; Type: regular 5'; Length: 35; Trimmed: 4654 times.

No. of allowed errors:
0-9 bp: 0; 10-19 bp: 1; 20-29 bp: 2; 30-35 bp: 3

Overview of removed sequences
length	count	expect	max.err	error counts
5	1	263.6	0	1
14	1	0.0	1	0 1
18	7	0.0	1	5 2
19	3	0.0	1	2 1
20	4	0.0	2	2 0 2
21	4	0.0	2	1 0 3
22	1	0.0	2	0 1
24	1	0.0	2	0 1
29	1	0.0	2	0 0 0 1
30	14	0.0	3	5 4 5
31	17	0.0	3	7 5 4 1
32	29	0.0	3	2 1 3 23
33	139	0.0	3	5 3 43 88
34	346	0.0	3	26 144 73 103
35	3838	0.0	3	1746 973 555 564
36	145	0.0	3	0 30 70 45
37	37	0.0	3	1 0 6 30
38	36	0.0	3	0 0 0 36
41	1	0.0	3	0 0 0 1
43	5	0.0	3	2 0 2 1
44	3	0.0	3	0 0 2 1
45	2	0.0	3	2
46	3	0.0	3	2 0 1
47	4	0.0	3	2 1 0 1
48	1	0.0	3	0 0 0 1
49	3	0.0	3	1 1 1
50	1	0.0	3	0 1
52	2	0.0	3	2
53	2	0.0	3	2
54	1	0.0	3	1
55	1	0.0	3	0 0 0 1
58	1	0.0	3	1


=== Second read: Adapter 22 ===

Sequence: ACGTTGGATGGAAAAATAAACTGTAAATCATATTCCT; Type: regular 5'; Length: 37; Trimmed: 33645 times.

No. of allowed errors:
0-9 bp: 0; 10-19 bp: 1; 20-29 bp: 2; 30-37 bp: 3

Overview of removed sequences
length	count	expect	max.err	error counts
3	141	4218.3	0	141
4	290	1054.6	0	290
8	1	4.1	0	1
14	1	0.0	1	0 1
16	1	0.0	1	0 1
17	1	0.0	1	0 1
19	4	0.0	1	0 3 1
20	10	0.0	2	3 4 3
21	6	0.0	2	0 3 3
22	1	0.0	2	0 0 1
23	4	0.0	2	0 0 4
24	4	0.0	2	0 1 3
25	1	0.0	2	0 0 1
27	1	0.0	2	0 0 1
28	1	0.0	2	0 1
30	3	0.0	3	0 1 1 1
31	7	0.0	3	0 2 4 1
32	35	0.0	3	10 11 8 6
33	48	0.0	3	4 22 15 7
34	106	0.0	3	9 15 23 59
35	1524	0.0	3	27 29 937 531
36	5162	0.0	3	42 2509 1578 1033
37	22463	0.0	3	6870 8484 4531 2578
38	1970	0.0	3	2 286 989 693
39	1315	0.0	3	1 1 348 965
40	455	0.0	3	0 0 1 454
41	1	0.0	3	1
44	5	0.0	3	0 4 1
45	10	0.0	3	0 5 3 2
46	8	0.0	3	0 4 2 2
47	5	0.0	3	0 2 0 3
48	6	0.0	3	0 3 1 2
49	13	0.0	3	2 4 6 1
50	7	0.0	3	0 4 0 3
51	7	0.0	3	1 2 1 3
52	3	0.0	3	0 0 3
53	2	0.0	3	0 0 2
54	4	0.0	3	0 1 3
55	3	0.0	3	0 2 1
56	2	0.0	3	0 2
57	2	0.0	3	0 0 2
58	1	0.0	3	1
76	1	0.0	3	0 1
77	9	0.0	3	0 8 1
78	1	0.0	3	0 0 1


=== Second read: Adapter 23 ===

Sequence: ACGTTGGATGGAAAAATAAACTGTAAATCATATTC; Type: regular 5'; Length: 35; Trimmed: 4857 times.

No. of allowed errors:
0-9 bp: 0; 10-19 bp: 1; 20-29 bp: 2; 30-35 bp: 3

Overview of removed sequences
length	count	expect	max.err	error counts
14	1	0.0	1	0 1
16	1	0.0	1	0 1
18	4	0.0	1	1 3
19	1	0.0	1	0 1
20	1	0.0	2	0 0 1
26	1	0.0	2	0 0 1
28	1	0.0	2	0 0 0 1
29	3	0.0	2	1 0 0 2
30	4	0.0	3	1 1 0 2
31	14	0.0	3	0 3 4 7
32	236	0.0	3	0 0 0 236
33	393	0.0	3	0 3 178 212
34	957	0.0	3	0 327 205 425
35	2293	0.0	3	383 596 421 893
36	787	0.0	3	0 157 200 430
37	112	0.0	3	0 0 12 100
38	43	0.0	3	0 0 0 43
43	1	0.0	3	0 0 0 1
51	1	0.0	3	0 0 1
53	1	0.0	3	0 0 0 1
54	1	0.0	3	0 0 0 1
55	1	0.0	3	0 0 0 1


=== Second read: Adapter 24 ===

Sequence: ACGTTGGATGGAAAAATAAATTGTAAATCAAATTC; Type: regular 5'; Length: 35; Trimmed: 2465 times.

No. of allowed errors:
0-9 bp: 0; 10-19 bp: 1; 20-29 bp: 2; 30-35 bp: 3

Overview of removed sequences
length	count	expect	max.err	error counts
5	2	263.6	0	2
6	7	65.9	0	7
11	1	0.1	1	0 1
14	3	0.0	1	2 1
17	1	0.0	1	0 1
18	1	0.0	1	1
19	2	0.0	1	2
21	3	0.0	2	0 2 1
22	3	0.0	2	2 0 1
26	1	0.0	2	1
28	1	0.0	2	0 1
30	9	0.0	3	2 5 0 2
31	11	0.0	3	4 4 2 1
32	4	0.0	3	1 1 0 2
33	19	0.0	3	0 1 6 12
34	105	0.0	3	8 47 28 22
35	2228	0.0	3	1166 577 299 186
36	39	0.0	3	1 14 13 11
37	10	0.0	3	0 0 5 5
38	14	0.0	3	0 0 0 14
43	1	0.0	3	0 1
