This is cutadapt 2.6 with Python 3.7.3
Command line parameters: -g ACGTTGGATGTTTGTTACTATGGTAGATACCACAC -g ACGTTGGATGTTTGTTACTAAGGTAGATACCACTC -g ACGTTGGATGTTTGTTACTGTGGTGGATACTAC -g ACGTTGGATGTTTGTTACTGTTGTGGATACAAC -g ACGTTGGATGTTTGTTACCGTTGTTGATACTAC -g ACGTTGGATGAATATATGTGTGCTTATTTG -G ACGTTGGATGTTTGTTACTATGGTAGATACCACAC -G ACGTTGGATGTTTGTTACTGTGGTGGATACTAC -G ACGTTGGATGTTTGTTACTGTTGTGGATACAAC -G ACGTTGGATGTTTGTTACCGTTGTTGATACTAC -G ACGTTGGATGAATATATGTGTGCTTATTTG -G ACGTTGGATGTTTGTTACTAAGGTAGATACCACTC -g ACGTTGGATGGAAAAATAAACTGCAAATCATATTC -g ACGTTGGATGGAAAAATAAACTGTAAATCATATTC -g ACGTTGGATGGAAAAATAAATTGTAAATCATACTC -g ACGTTGGATGAGATTAGGGAAAGTATTAGA -g ACGTTGGATGGAAAAATAAATTGTAAATCAAATTC -g ACGTTGGATGGAAAAATAAACTGTAAATCATATTCCT -G ACGTTGGATGGAAAAATAAACTGCAAATCATATTC -G ACGTTGGATGAGATTAGGGAAAGTATTAGA -G ACGTTGGATGGAAAAATAAATTGTAAATCATACTC -G ACGTTGGATGGAAAAATAAACTGTAAATCATATTCCT -G ACGTTGGATGGAAAAATAAACTGTAAATCATATTC -G ACGTTGGATGGAAAAATAAATTGTAAATCAAATTC --minimum-length=1 -o /data/projects/mdc-971/reprocess_June_2019_data/analysis/30.primer_trimmed/180343_S7_cutadapt.1.fq.gz -p /data/projects/mdc-971/reprocess_June_2019_data/analysis/30.primer_trimmed/180343_S7_cutadapt.2.fq.gz /data/projects/mdc-971/reprocess_June_2019_data/analysis/20.adapter_trimmed/180343_S7_R1_001.bbduked.trimmed.fastq.gz /data/projects/mdc-971/reprocess_June_2019_data/analysis/20.adapter_trimmed/180343_S7_R2_001.bbduked.trimmed.fastq.gz
Processing reads on 1 core in paired-end mode ...
Finished in 110.10 s (381 us/read; 0.16 M reads/minute).

=== Summary ===

Total read pairs processed:            289,310
  Read 1 with adapter:                 255,365 (88.3%)
  Read 2 with adapter:                 198,300 (68.5%)
Pairs that were too short:                   0 (0.0%)
Pairs written (passing filters):       289,310 (100.0%)

Total basepairs processed:    85,225,567 bp
  Read 1:    41,829,134 bp
  Read 2:    43,396,433 bp
Total written (filtered):     69,535,041 bp (81.6%)
  Read 1:    32,918,379 bp
  Read 2:    36,616,662 bp

=== First read: Adapter 1 ===

Sequence: ACGTTGGATGTTTGTTACTATGGTAGATACCACAC; Type: regular 5'; Length: 35; Trimmed: 17250 times.

No. of allowed errors:
0-9 bp: 0; 10-19 bp: 1; 20-29 bp: 2; 30-35 bp: 3

Overview of removed sequences
length	count	expect	max.err	error counts
3	3	4520.5	0	3
4	1	1130.1	0	1
13	1	0.0	1	0 1
15	1	0.0	1	1
18	1	0.0	1	1
20	1	0.0	2	0 1
21	2	0.0	2	1 0 1
22	1	0.0	2	0 1
23	3	0.0	2	2 1
24	1	0.0	2	0 0 1
25	2	0.0	2	0 1 1
26	9	0.0	2	5 2 2
27	16	0.0	2	4 7 5
28	30	0.0	2	6 6 12 6
29	45	0.0	2	15 13 13 4
30	88	0.0	3	25 22 26 15
31	102	0.0	3	10 19 47 26
32	245	0.0	3	14 29 51 151
33	1085	0.0	3	14 43 545 483
34	2664	0.0	3	33 986 938 707
35	6513	0.0	3	2230 2046 1221 1016
36	4985	0.0	3	1 442 3223 1319
37	801	0.0	3	0 0 422 379
38	645	0.0	3	0 0 1 644
40	1	0.0	3	0 0 1
41	1	0.0	3	0 0 1
44	1	0.0	3	0 0 0 1
55	1	0.0	3	0 0 0 1
65	1	0.0	3	0 0 0 1


=== First read: Adapter 2 ===

Sequence: ACGTTGGATGTTTGTTACTAAGGTAGATACCACTC; Type: regular 5'; Length: 35; Trimmed: 11227 times.

No. of allowed errors:
0-9 bp: 0; 10-19 bp: 1; 20-29 bp: 2; 30-35 bp: 3

Overview of removed sequences
length	count	expect	max.err	error counts
3	2	4520.5	0	2
14	1	0.0	1	0 1
18	1	0.0	1	1
19	1	0.0	1	1
21	1	0.0	2	0 1
22	3	0.0	2	1 2
24	1	0.0	2	0 0 1
25	1	0.0	2	0 1
26	1	0.0	2	0 0 1
27	13	0.0	2	8 4 1
28	16	0.0	2	6 9 1
29	87	0.0	2	13 59 13 2
30	141	0.0	3	37 57 30 17
31	154	0.0	3	27 68 48 11
32	316	0.0	3	25 181 63 47
33	775	0.0	3	41 217 329 188
34	5207	0.0	3	64 3257 1194 692
35	3637	0.0	3	2161 744 478 254
36	351	0.0	3	1 114 151 85
37	398	0.0	3	1 1 246 150
38	113	0.0	3	0 0 1 112
39	1	0.0	3	0 1
42	1	0.0	3	0 0 0 1
45	1	0.0	3	0 0 1
50	1	0.0	3	0 1
55	1	0.0	3	0 1
56	1	0.0	3	0 1
57	1	0.0	3	1


=== First read: Adapter 3 ===

Sequence: ACGTTGGATGTTTGTTACTGTGGTGGATACTAC; Type: regular 5'; Length: 33; Trimmed: 35442 times.

No. of allowed errors:
0-9 bp: 0; 10-19 bp: 1; 20-29 bp: 2; 30-33 bp: 3

Overview of removed sequences
length	count	expect	max.err	error counts
3	3	4520.5	0	3
14	4	0.0	1	4
15	3	0.0	1	0 3
17	2	0.0	1	2
18	3	0.0	1	3
19	6	0.0	1	4 2
20	9	0.0	2	5 4
21	9	0.0	2	8 1
22	9	0.0	2	1 5 3
23	4	0.0	2	1 0 3
24	53	0.0	2	21 18 14
25	147	0.0	2	62 48 37
26	220	0.0	2	87 87 46
27	357	0.0	2	159 146 52
28	648	0.0	2	178 327 123 20
29	699	0.0	2	90 361 204 44
30	1607	0.0	3	211 498 328 570
31	3107	0.0	3	274 1029 1056 748
32	4434	0.0	3	249 1758 1454 973
33	16766	0.0	3	3877 6931 3622 2336
34	6928	0.0	3	1 3410 2425 1092
35	323	0.0	3	2 7 146 168
36	62	0.0	3	0 6 2 54
37	8	0.0	3	2 2 1 3
38	2	0.0	3	0 2
39	3	0.0	3	0 1 2
40	2	0.0	3	0 2
41	4	0.0	3	0 1 2 1
42	2	0.0	3	0 1 1
43	2	0.0	3	1 0 1
44	2	0.0	3	0 0 1 1
45	1	0.0	3	0 1
46	4	0.0	3	0 1 3
47	3	0.0	3	0 1 1 1
49	2	0.0	3	1 1
51	1	0.0	3	0 0 0 1
52	2	0.0	3	0 1 1
56	1	0.0	3	0 0 0 1


=== First read: Adapter 4 ===

Sequence: ACGTTGGATGTTTGTTACTGTTGTGGATACAAC; Type: regular 5'; Length: 33; Trimmed: 21606 times.

No. of allowed errors:
0-9 bp: 0; 10-19 bp: 1; 20-29 bp: 2; 30-33 bp: 3

Overview of removed sequences
length	count	expect	max.err	error counts
3	23	4520.5	0	23
17	1	0.0	1	0 1
20	2	0.0	2	1 0 1
21	4	0.0	2	2 1 1
22	1	0.0	2	1
24	12	0.0	2	4 7 1
25	50	0.0	2	25 14 11
26	56	0.0	2	23 22 11
27	81	0.0	2	38 36 7
28	218	0.0	2	74 109 28 7
29	168	0.0	2	48 71 41 8
30	344	0.0	3	55 161 77 51
31	925	0.0	3	104 360 281 180
32	2320	0.0	3	171 996 633 520
33	16142	0.0	3	4893 5963 3351 1935
34	916	0.0	3	4 347 345 220
35	212	0.0	3	0 1 107 104
36	115	0.0	3	0 0 0 115
37	5	0.0	3	0 5
39	1	0.0	3	0 1
40	1	0.0	3	0 0 0 1
41	3	0.0	3	0 2 0 1
47	1	0.0	3	0 0 1
49	1	0.0	3	1
53	1	0.0	3	0 0 1
54	1	0.0	3	0 0 1
56	1	0.0	3	0 1
73	1	0.0	3	0 0 1


=== First read: Adapter 5 ===

Sequence: ACGTTGGATGTTTGTTACCGTTGTTGATACTAC; Type: regular 5'; Length: 33; Trimmed: 14715 times.

No. of allowed errors:
0-9 bp: 0; 10-19 bp: 1; 20-29 bp: 2; 30-33 bp: 3

Overview of removed sequences
length	count	expect	max.err	error counts
14	2	0.0	1	1 1
18	1	0.0	1	1
19	2	0.0	1	2
20	1	0.0	2	1
21	5	0.0	2	5
22	1	0.0	2	0 1
23	3	0.0	2	1 2
24	17	0.0	2	13 3 1
25	35	0.0	2	16 13 6
26	73	0.0	2	31 25 17
27	137	0.0	2	77 41 19
28	244	0.0	2	125 76 35 8
29	197	0.0	2	48 76 49 24
30	960	0.0	3	123 137 74 626
31	1009	0.0	3	174 214 281 340
32	4052	0.0	3	151 808 2044 1049
33	5460	0.0	3	2330 1725 936 469
34	2048	0.0	3	1 1053 691 303
35	416	0.0	3	1 1 120 294
36	44	0.0	3	1 0 1 42
37	1	0.0	3	1
41	1	0.0	3	0 1
42	1	0.0	3	1
48	1	0.0	3	0 0 0 1
51	1	0.0	3	0 0 1
52	1	0.0	3	0 0 1
59	1	0.0	3	1
62	1	0.0	3	0 0 1


=== First read: Adapter 6 ===

Sequence: ACGTTGGATGAATATATGTGTGCTTATTTG; Type: regular 5'; Length: 30; Trimmed: 81 times.

No. of allowed errors:
0-9 bp: 0; 10-19 bp: 1; 20-29 bp: 2; 30 bp: 3

Overview of removed sequences
length	count	expect	max.err	error counts
3	62	4520.5	0	62
4	9	1130.1	0	9
5	3	282.5	0	3
30	7	0.0	3	6 1


=== First read: Adapter 7 ===

Sequence: ACGTTGGATGGAAAAATAAACTGCAAATCATATTC; Type: regular 5'; Length: 35; Trimmed: 30148 times.

No. of allowed errors:
0-9 bp: 0; 10-19 bp: 1; 20-29 bp: 2; 30-35 bp: 3

Overview of removed sequences
length	count	expect	max.err	error counts
3	2	4520.5	0	2
17	1	0.0	1	0 1
22	1	0.0	2	0 1
24	1	0.0	2	0 1
25	1	0.0	2	0 1
26	1	0.0	2	1
27	5	0.0	2	0 4 0 1
28	7	0.0	2	1 2 4
29	24	0.0	2	2 16 6
30	115	0.0	3	49 34 16 16
31	93	0.0	3	33 27 17 16
32	506	0.0	3	39 32 13 422
33	547	0.0	3	20 45 297 185
34	5320	0.0	3	65 4035 822 398
35	15659	0.0	3	10512 2650 1130 1367
36	7243	0.0	3	0 5590 1056 597
37	422	0.0	3	0 1 193 228
38	198	0.0	3	0 2 0 196
46	1	0.0	3	0 1
62	1	0.0	3	0 0 0 1


=== First read: Adapter 8 ===

Sequence: ACGTTGGATGGAAAAATAAACTGTAAATCATATTC; Type: regular 5'; Length: 35; Trimmed: 5711 times.

No. of allowed errors:
0-9 bp: 0; 10-19 bp: 1; 20-29 bp: 2; 30-35 bp: 3

Overview of removed sequences
length	count	expect	max.err	error counts
17	1	0.0	1	0 1
18	1	0.0	1	0 1
28	3	0.0	2	0 0 0 3
29	2	0.0	2	0 0 2
30	13	0.0	3	1 5 4 3
31	9	0.0	3	2 2 1 4
32	711	0.0	3	0 0 1 710
33	206	0.0	3	0 6 108 92
34	1391	0.0	3	7 921 184 279
35	2448	0.0	3	640 777 499 532
36	680	0.0	3	0 147 286 247
37	203	0.0	3	0 0 42 161
38	43	0.0	3	0 0 0 43


=== First read: Adapter 9 ===

Sequence: ACGTTGGATGGAAAAATAAATTGTAAATCATACTC; Type: regular 5'; Length: 35; Trimmed: 16715 times.

No. of allowed errors:
0-9 bp: 0; 10-19 bp: 1; 20-29 bp: 2; 30-35 bp: 3

Overview of removed sequences
length	count	expect	max.err	error counts
27	2	0.0	2	2
29	1	0.0	2	0 1
30	13	0.0	3	7 2 3 1
31	16	0.0	3	11 2 2 1
32	56	0.0	3	4 2 2 48
33	296	0.0	3	15 27 164 90
34	1054	0.0	3	409 436 141 68
35	14870	0.0	3	10354 2607 870 1039
36	190	0.0	3	1 67 75 47
37	70	0.0	3	1 0 24 45
38	136	0.0	3	0 0 1 135
39	1	0.0	3	1
42	1	0.0	3	1
43	3	0.0	3	1 2
51	2	0.0	3	1 1
52	2	0.0	3	1 1
54	1	0.0	3	1
58	1	0.0	3	1


=== First read: Adapter 10 ===

Sequence: ACGTTGGATGAGATTAGGGAAAGTATTAGA; Type: regular 5'; Length: 30; Trimmed: 58 times.

No. of allowed errors:
0-9 bp: 0; 10-19 bp: 1; 20-29 bp: 2; 30 bp: 3

Overview of removed sequences
length	count	expect	max.err	error counts
3	56	4520.5	0	56
9	1	1.1	0	0 1
30	1	0.0	3	1


=== First read: Adapter 11 ===

Sequence: ACGTTGGATGGAAAAATAAATTGTAAATCAAATTC; Type: regular 5'; Length: 35; Trimmed: 10453 times.

No. of allowed errors:
0-9 bp: 0; 10-19 bp: 1; 20-29 bp: 2; 30-35 bp: 3

Overview of removed sequences
length	count	expect	max.err	error counts
6	1	70.6	0	1
30	8	0.0	3	4 3 1
31	7	0.0	3	2 3 2
32	7	0.0	3	2 0 1 4
33	36	0.0	3	11 2 16 7
34	263	0.0	3	44 112 75 32
35	9817	0.0	3	6939 1860 653 365
36	150	0.0	3	0 58 51 41
37	71	0.0	3	1 1 37 32
38	92	0.0	3	0 0 0 92
40	1	0.0	3	0 1


=== First read: Adapter 12 ===

Sequence: ACGTTGGATGGAAAAATAAACTGTAAATCATATTCCT; Type: regular 5'; Length: 37; Trimmed: 91959 times.

No. of allowed errors:
0-9 bp: 0; 10-19 bp: 1; 20-29 bp: 2; 30-37 bp: 3

Overview of removed sequences
length	count	expect	max.err	error counts
3	12	4520.5	0	12
4	4	1130.1	0	4
14	1	0.0	1	1
17	1	0.0	1	1
18	1	0.0	1	1
19	2	0.0	1	0 2
20	4	0.0	2	2 1 1
22	1	0.0	2	0 0 1
24	2	0.0	2	2
27	2	0.0	2	1 0 1
28	3	0.0	2	0 1 2
29	3	0.0	2	0 1 2
30	8	0.0	3	2 4 1 1
31	56	0.0	3	8 24 19 5
32	279	0.0	3	70 112 65 32
33	302	0.0	3	103 127 52 20
34	493	0.0	3	108 195 99 91
35	3128	0.0	3	216 239 2115 558
36	14166	0.0	3	489 8585 3410 1682
37	66531	0.0	3	26655 26948 9089 3839
38	3784	0.0	3	23 1010 1908 843
39	2831	0.0	3	3 2 380 2446
40	333	0.0	3	0 1 0 332
41	1	0.0	3	0 0 0 1
42	3	0.0	3	1 2
45	2	0.0	3	1 0 0 1
48	1	0.0	3	0 0 1
49	1	0.0	3	1
50	1	0.0	3	0 1
51	1	0.0	3	0 0 1
54	1	0.0	3	1
64	1	0.0	3	1


=== Second read: Adapter 13 ===

Sequence: ACGTTGGATGTTTGTTACTATGGTAGATACCACAC; Type: regular 5'; Length: 35; Trimmed: 13956 times.

No. of allowed errors:
0-9 bp: 0; 10-19 bp: 1; 20-29 bp: 2; 30-35 bp: 3

Overview of removed sequences
length	count	expect	max.err	error counts
3	7	4520.5	0	7
4	20	1130.1	0	20
10	4	0.3	1	4
19	3	0.0	1	0 3
20	1	0.0	2	0 1
21	1	0.0	2	0 1
23	2	0.0	2	1 0 1
26	5	0.0	2	0 4 1
27	4	0.0	2	1 0 3
28	15	0.0	2	4 6 0 5
29	17	0.0	2	2 1 9 5
30	33	0.0	3	3 8 13 9
31	42	0.0	3	4 4 19 15
32	141	0.0	3	1 9 21 110
33	1351	0.0	3	8 10 544 789
34	1672	0.0	3	4 415 595 658
35	5260	0.0	3	1082 1596 1420 1162
36	4334	0.0	3	0 254 2239 1841
37	674	0.0	3	0 0 286 388
38	339	0.0	3	0 0 2 337
39	1	0.0	3	0 0 0 1
41	3	0.0	3	0 0 0 3
42	3	0.0	3	0 0 3
43	6	0.0	3	2 2 2
44	2	0.0	3	0 0 0 2
45	2	0.0	3	0 1 0 1
46	1	0.0	3	0 0 0 1
47	4	0.0	3	1 1 0 2
49	1	0.0	3	0 0 0 1
50	1	0.0	3	0 0 0 1
52	1	0.0	3	0 0 1
53	1	0.0	3	0 0 1
54	4	0.0	3	1 2 1
57	1	0.0	3	0 0 1


=== Second read: Adapter 14 ===

Sequence: ACGTTGGATGTTTGTTACTGTGGTGGATACTAC; Type: regular 5'; Length: 33; Trimmed: 44666 times.

No. of allowed errors:
0-9 bp: 0; 10-19 bp: 1; 20-29 bp: 2; 30-33 bp: 3

Overview of removed sequences
length	count	expect	max.err	error counts
3	18	4520.5	0	18
6	1	70.6	0	1
9	1	1.1	0	1
14	2	0.0	1	1 1
15	1	0.0	1	0 1
16	2	0.0	1	0 2
17	3	0.0	1	1 2
18	1	0.0	1	0 1
19	3	0.0	1	0 2 1
20	10	0.0	2	2 5 3
21	3	0.0	2	2 1
22	7	0.0	2	1 3 3
23	7	0.0	2	2 3 2
24	17	0.0	2	6 5 6
25	22	0.0	2	3 7 12
26	55	0.0	2	17 16 22
27	63	0.0	2	11 30 20 2
28	137	0.0	2	25 70 32 10
29	179	0.0	2	9 75 83 12
30	2295	0.0	3	20 98 122 2055
31	4392	0.0	3	51 250 1616 2475
32	5812	0.0	3	40 1694 2177 1901
33	20496	0.0	3	3616 8319 5132 3429
34	10220	0.0	3	1 4009 3961 2249
35	337	0.0	3	0 1 122 214
36	98	0.0	3	0 1 0 97
37	8	0.0	3	0 2 3 3
38	16	0.0	3	0 1 1 14
39	22	0.0	3	0 0 7 15
40	21	0.0	3	2 6 5 8
41	93	0.0	3	18 32 24 19
42	54	0.0	3	10 15 16 13
43	25	0.0	3	0 6 12 7
44	38	0.0	3	7 10 14 7
45	29	0.0	3	5 9 9 6
46	21	0.0	3	2 4 8 7
47	13	0.0	3	0 1 6 6
48	15	0.0	3	1 2 2 10
49	22	0.0	3	3 8 7 4
50	35	0.0	3	6 8 8 13
51	16	0.0	3	2 5 5 4
52	16	0.0	3	1 4 5 6
53	16	0.0	3	1 3 7 5
54	12	0.0	3	0 4 4 4
55	3	0.0	3	0 0 2 1
56	2	0.0	3	0 1 0 1
57	1	0.0	3	0 1
58	2	0.0	3	0 1 1
61	2	0.0	3	0 0 1 1
64	1	0.0	3	0 1
92	1	0.0	3	0 1


=== Second read: Adapter 15 ===

Sequence: ACGTTGGATGTTTGTTACTGTTGTGGATACAAC; Type: regular 5'; Length: 33; Trimmed: 31334 times.

No. of allowed errors:
0-9 bp: 0; 10-19 bp: 1; 20-29 bp: 2; 30-33 bp: 3

Overview of removed sequences
length	count	expect	max.err	error counts
3	629	4520.5	0	629
4	1	1130.1	0	1
5	1	282.5	0	1
14	1	0.0	1	1
19	1	0.0	1	0 0 1
20	2	0.0	2	1 0 1
21	1	0.0	2	1
22	1	0.0	2	0 0 1
23	1	0.0	2	0 0 1
24	5	0.0	2	2 2 1
25	8	0.0	2	1 1 6
26	15	0.0	2	3 7 5
27	19	0.0	2	4 13 2
28	42	0.0	2	7 26 8 1
29	99	0.0	2	8 41 42 8
30	221	0.0	3	11 50 56 104
31	2100	0.0	3	41 166 770 1123
32	3974	0.0	3	33 1333 1280 1328
33	21749	0.0	3	3445 7434 7054 3816
34	1489	0.0	3	2 427 540 520
35	304	0.0	3	0 1 107 196
36	242	0.0	3	0 0 0 242
37	3	0.0	3	0 1 0 2
39	2	0.0	3	0 1 1
40	29	0.0	3	4 6 9 10
41	102	0.0	3	17 30 33 22
42	48	0.0	3	9 13 16 10
43	15	0.0	3	1 4 4 6
44	42	0.0	3	9 10 13 10
45	24	0.0	3	7 5 8 4
46	19	0.0	3	3 7 5 4
47	11	0.0	3	3 2 4 2
48	17	0.0	3	7 3 6 1
49	23	0.0	3	4 8 7 4
50	6	0.0	3	0 4 2
51	15	0.0	3	3 9 3
52	23	0.0	3	3 3 7 10
53	15	0.0	3	6 2 2 5
54	12	0.0	3	2 5 4 1
55	3	0.0	3	2 0 1
56	4	0.0	3	0 1 0 3
57	6	0.0	3	3 2 0 1
58	1	0.0	3	0 1
60	2	0.0	3	0 0 0 2
62	1	0.0	3	0 1
64	4	0.0	3	1 1 1 1
65	2	0.0	3	1 0 1


=== Second read: Adapter 16 ===

Sequence: ACGTTGGATGTTTGTTACCGTTGTTGATACTAC; Type: regular 5'; Length: 33; Trimmed: 15060 times.

No. of allowed errors:
0-9 bp: 0; 10-19 bp: 1; 20-29 bp: 2; 30-33 bp: 3

Overview of removed sequences
length	count	expect	max.err	error counts
11	1	0.1	1	1
12	1	0.0	1	1
15	1	0.0	1	0 1
16	1	0.0	1	0 1
17	1	0.0	1	0 1
18	1	0.0	1	0 1
19	2	0.0	1	1 1
20	2	0.0	2	1 0 1
21	2	0.0	2	0 2
23	1	0.0	2	0 0 1
24	3	0.0	2	2 1
25	8	0.0	2	3 3 2
26	13	0.0	2	3 6 4
27	34	0.0	2	14 12 7 1
28	68	0.0	2	18 27 23
29	59	0.0	2	9 25 20 5
30	1422	0.0	3	18 32 31 1341
31	859	0.0	3	44 45 295 475
32	3332	0.0	3	20 777 1377 1158
33	5921	0.0	3	2036 1939 1208 738
34	2771	0.0	3	1 1117 1021 632
35	407	0.0	3	0 3 94 310
36	58	0.0	3	0 1 0 57
38	1	0.0	3	0 0 0 1
39	7	0.0	3	0 0 0 7
40	13	0.0	3	0 0 5 8
41	9	0.0	3	1 3 2 3
42	11	0.0	3	0 4 3 4
43	5	0.0	3	0 0 1 4
44	8	0.0	3	0 1 6 1
45	6	0.0	3	0 2 2 2
46	2	0.0	3	0 1 0 1
47	5	0.0	3	0 0 2 3
48	5	0.0	3	1 0 2 2
49	2	0.0	3	0 0 2
50	4	0.0	3	0 1 2 1
51	1	0.0	3	0 0 1
52	4	0.0	3	0 0 2 2
53	2	0.0	3	0 0 0 2
55	2	0.0	3	0 0 2
56	2	0.0	3	0 0 1 1
57	1	0.0	3	0 0 0 1
58	1	0.0	3	0 1
64	1	0.0	3	0 1


=== Second read: Adapter 17 ===

Sequence: ACGTTGGATGAATATATGTGTGCTTATTTG; Type: regular 5'; Length: 30; Trimmed: 244 times.

No. of allowed errors:
0-9 bp: 0; 10-19 bp: 1; 20-29 bp: 2; 30 bp: 3

Overview of removed sequences
length	count	expect	max.err	error counts
3	224	4520.5	0	224
4	11	1130.1	0	11
5	4	282.5	0	4
6	4	70.6	0	4
30	1	0.0	3	0 0 0 1


=== Second read: Adapter 18 ===

Sequence: ACGTTGGATGTTTGTTACTAAGGTAGATACCACTC; Type: regular 5'; Length: 35; Trimmed: 9648 times.

No. of allowed errors:
0-9 bp: 0; 10-19 bp: 1; 20-29 bp: 2; 30-35 bp: 3

Overview of removed sequences
length	count	expect	max.err	error counts
3	6	4520.5	0	6
4	5	1130.1	0	5
6	2	70.6	0	2
19	2	0.0	1	0 1 1
21	2	0.0	2	0 1 1
26	4	0.0	2	0 2 2
27	5	0.0	2	0 0 5
28	5	0.0	2	1 2 2
29	20	0.0	2	1 10 8 1
30	44	0.0	3	5 15 14 10
31	51	0.0	3	3 18 16 14
32	137	0.0	3	5 61 32 39
33	880	0.0	3	13 54 365 448
34	4384	0.0	3	17 1893 1418 1056
35	3269	0.0	3	1212 832 722 503
36	361	0.0	3	1 103 138 119
37	365	0.0	3	0 2 176 187
38	79	0.0	3	0 0 1 78
39	1	0.0	3	0 0 1
40	1	0.0	3	0 0 0 1
42	1	0.0	3	1
43	10	0.0	3	2 4 1 3
44	2	0.0	3	0 0 1 1
46	4	0.0	3	0 2 2
48	2	0.0	3	0 0 2
51	2	0.0	3	0 1 1
53	2	0.0	3	0 1 0 1
55	1	0.0	3	0 0 0 1
58	1	0.0	3	0 0 0 1


=== Second read: Adapter 19 ===

Sequence: ACGTTGGATGGAAAAATAAACTGCAAATCATATTC; Type: regular 5'; Length: 35; Trimmed: 13030 times.

No. of allowed errors:
0-9 bp: 0; 10-19 bp: 1; 20-29 bp: 2; 30-35 bp: 3

Overview of removed sequences
length	count	expect	max.err	error counts
3	27	4520.5	0	27
4	6	1130.1	0	6
5	1	282.5	0	1
6	1	70.6	0	1
11	1	0.1	1	0 1
14	1	0.0	1	0 1
15	1	0.0	1	1
17	1	0.0	1	0 1
18	7	0.0	1	2 5
19	1	0.0	1	1
20	1	0.0	2	0 0 1
21	2	0.0	2	2
22	3	0.0	2	1 1 1
23	1	0.0	2	0 0 1
24	2	0.0	2	0 2
25	2	0.0	2	0 2
26	2	0.0	2	0 1 1
27	1	0.0	2	0 0 0 1
28	2	0.0	2	0 2
29	7	0.0	2	0 4 2 1
30	25	0.0	3	9 7 5 4
31	37	0.0	3	12 8 6 11
32	226	0.0	3	9 5 10 202
33	297	0.0	3	14 11 143 129
34	2446	0.0	3	14 1209 709 514
35	6938	0.0	3	2711 1588 1023 1616
36	2664	0.0	3	0 1368 718 578
37	193	0.0	3	0 0 86 107
38	98	0.0	3	0 0 0 98
43	2	0.0	3	0 2
44	8	0.0	3	0 5 3
45	3	0.0	3	0 2 1
46	1	0.0	3	0 0 1
47	3	0.0	3	2 0 1
48	4	0.0	3	0 2 1 1
49	4	0.0	3	2 1 1
50	1	0.0	3	0 0 1
52	1	0.0	3	0 0 1
53	2	0.0	3	0 2
54	1	0.0	3	0 1
55	1	0.0	3	1
56	2	0.0	3	0 1 1
61	1	0.0	3	0 0 1
65	1	0.0	3	0 0 0 1
66	1	0.0	3	0 0 0 1


=== Second read: Adapter 20 ===

Sequence: ACGTTGGATGAGATTAGGGAAAGTATTAGA; Type: regular 5'; Length: 30; Trimmed: 26 times.

No. of allowed errors:
0-9 bp: 0; 10-19 bp: 1; 20-29 bp: 2; 30 bp: 3

Overview of removed sequences
length	count	expect	max.err	error counts
3	24	4520.5	0	24
4	1	1130.1	0	1
30	1	0.0	3	0 1


=== Second read: Adapter 21 ===

Sequence: ACGTTGGATGGAAAAATAAATTGTAAATCATACTC; Type: regular 5'; Length: 35; Trimmed: 9605 times.

No. of allowed errors:
0-9 bp: 0; 10-19 bp: 1; 20-29 bp: 2; 30-35 bp: 3

Overview of removed sequences
length	count	expect	max.err	error counts
5	3	282.5	0	3
11	1	0.1	1	0 1
12	1	0.0	1	1
17	1	0.0	1	1
18	3	0.0	1	2 1
19	3	0.0	1	1 2
21	4	0.0	2	1 0 3
22	2	0.0	2	1 0 1
23	1	0.0	2	0 0 1
26	1	0.0	2	1
27	2	0.0	2	0 2
29	2	0.0	2	0 0 0 2
30	16	0.0	3	9 1 5 1
31	16	0.0	3	6 5 3 2
32	54	0.0	3	2 0 4 48
33	281	0.0	3	8 11 77 185
34	595	0.0	3	48 225 147 175
35	8186	0.0	3	3610 1973 1160 1443
36	246	0.0	3	2 56 87 101
37	63	0.0	3	2 1 14 46
38	60	0.0	3	0 0 0 60
40	1	0.0	3	1
42	6	0.0	3	2 1 1 2
43	7	0.0	3	3 1 1 2
44	5	0.0	3	1 1 0 3
45	3	0.0	3	2 0 0 1
46	7	0.0	3	1 0 3 3
47	8	0.0	3	4 3 0 1
48	2	0.0	3	1 0 0 1
49	2	0.0	3	0 1 1
50	3	0.0	3	1 0 1 1
51	1	0.0	3	0 1
52	2	0.0	3	0 0 0 2
53	3	0.0	3	1 2
54	4	0.0	3	1 1 1 1
55	2	0.0	3	1 0 0 1
56	4	0.0	3	1 0 1 2
57	2	0.0	3	1 0 0 1
58	1	0.0	3	0 1
59	1	0.0	3	0 0 0 1


=== Second read: Adapter 22 ===

Sequence: ACGTTGGATGGAAAAATAAACTGTAAATCATATTCCT; Type: regular 5'; Length: 37; Trimmed: 50381 times.

No. of allowed errors:
0-9 bp: 0; 10-19 bp: 1; 20-29 bp: 2; 30-37 bp: 3

Overview of removed sequences
length	count	expect	max.err	error counts
3	211	4520.5	0	211
4	410	1130.1	0	410
6	1	70.6	0	1
12	1	0.0	1	0 1
13	2	0.0	1	2
14	2	0.0	1	1 1
15	2	0.0	1	0 2
18	4	0.0	1	0 0 4
19	5	0.0	1	0 3 2
20	7	0.0	2	2 3 2
21	4	0.0	2	0 3 1
22	2	0.0	2	1 0 1
29	1	0.0	2	0 0 0 1
30	4	0.0	3	0 0 3 1
31	16	0.0	3	1 8 5 2
32	69	0.0	3	21 22 17 9
33	118	0.0	3	27 34 31 26
34	180	0.0	3	25 46 33 76
35	1900	0.0	3	79 106 1055 660
36	6026	0.0	3	97 2646 1954 1329
37	38125	0.0	3	10691 14094 8226 5114
38	1951	0.0	3	7 391 904 649
39	1096	0.0	3	0 1 139 956
40	127	0.0	3	0 0 0 127
43	4	0.0	3	0 0 3 1
44	5	0.0	3	1 1 2 1
45	15	0.0	3	1 6 5 3
46	11	0.0	3	0 4 4 3
47	5	0.0	3	0 2 3
48	6	0.0	3	0 4 2
49	9	0.0	3	0 2 5 2
50	13	0.0	3	2 7 0 4
51	13	0.0	3	1 6 3 3
52	8	0.0	3	1 2 2 3
53	5	0.0	3	0 2 2 1
54	4	0.0	3	2 2
55	8	0.0	3	2 2 1 3
56	4	0.0	3	1 3
57	3	0.0	3	0 2 0 1
59	2	0.0	3	1 0 1
66	1	0.0	3	0 0 1
69	1	0.0	3	0 0 0 1


=== Second read: Adapter 23 ===

Sequence: ACGTTGGATGGAAAAATAAACTGTAAATCATATTC; Type: regular 5'; Length: 35; Trimmed: 4344 times.

No. of allowed errors:
0-9 bp: 0; 10-19 bp: 1; 20-29 bp: 2; 30-35 bp: 3

Overview of removed sequences
length	count	expect	max.err	error counts
13	1	0.0	1	0 1
16	2	0.0	1	0 2
17	1	0.0	1	0 1
18	2	0.0	1	1 1
21	1	0.0	2	1
23	1	0.0	2	0 0 1
25	1	0.0	2	0 0 1
26	1	0.0	2	0 0 1
27	1	0.0	2	0 1
29	1	0.0	2	0 0 0 1
30	3	0.0	3	0 0 1 2
31	6	0.0	3	1 1 1 3
32	498	0.0	3	0 0 0 498
33	174	0.0	3	0 0 66 108
34	955	0.0	3	1 296 176 482
35	2022	0.0	3	238 547 406 831
36	552	0.0	3	0 88 219 245
37	84	0.0	3	0 0 22 62
38	16	0.0	3	0 0 0 16
41	1	0.0	3	0 0 0 1
42	3	0.0	3	0 1 1 1
43	5	0.0	3	0 1 0 4
44	1	0.0	3	0 0 0 1
45	1	0.0	3	0 0 0 1
46	1	0.0	3	0 1
47	1	0.0	3	1
48	1	0.0	3	0 0 0 1
49	2	0.0	3	0 0 1 1
50	2	0.0	3	0 0 1 1
54	3	0.0	3	0 1 0 2
66	1	0.0	3	0 0 0 1


=== Second read: Adapter 24 ===

Sequence: ACGTTGGATGGAAAAATAAATTGTAAATCAAATTC; Type: regular 5'; Length: 35; Trimmed: 6006 times.

No. of allowed errors:
0-9 bp: 0; 10-19 bp: 1; 20-29 bp: 2; 30-35 bp: 3

Overview of removed sequences
length	count	expect	max.err	error counts
5	3	282.5	0	3
6	4	70.6	0	4
10	1	0.3	1	1
14	1	0.0	1	0 1
15	1	0.0	1	1
18	2	0.0	1	1 1
19	1	0.0	1	0 1
20	1	0.0	2	0 0 1
21	1	0.0	2	1
22	1	0.0	2	0 0 1
24	1	0.0	2	0 0 1
25	1	0.0	2	1
29	2	0.0	2	1 0 1
30	5	0.0	3	4 0 1
31	13	0.0	3	3 4 3 3
32	16	0.0	3	1 1 1 13
33	49	0.0	3	7 2 19 21
34	253	0.0	3	18 105 69 61
35	5405	0.0	3	2675 1463 798 469
36	119	0.0	3	1 34 42 42
37	65	0.0	3	1 1 30 33
38	49	0.0	3	0 0 0 49
43	2	0.0	3	1 0 0 1
45	1	0.0	3	1
46	1	0.0	3	1
47	5	0.0	3	4 1
49	1	0.0	3	1
52	2	0.0	3	2
