This is cutadapt 2.6 with Python 3.7.3
Command line parameters: -g ACGTTGGATGTTTGTTACTATGGTAGATACCACAC -g ACGTTGGATGTTTGTTACTAAGGTAGATACCACTC -g ACGTTGGATGTTTGTTACTGTGGTGGATACTAC -g ACGTTGGATGTTTGTTACTGTTGTGGATACAAC -g ACGTTGGATGTTTGTTACCGTTGTTGATACTAC -g ACGTTGGATGAATATATGTGTGCTTATTTG -G ACGTTGGATGTTTGTTACTATGGTAGATACCACAC -G ACGTTGGATGTTTGTTACTGTGGTGGATACTAC -G ACGTTGGATGTTTGTTACTGTTGTGGATACAAC -G ACGTTGGATGTTTGTTACCGTTGTTGATACTAC -G ACGTTGGATGAATATATGTGTGCTTATTTG -G ACGTTGGATGTTTGTTACTAAGGTAGATACCACTC -g ACGTTGGATGGAAAAATAAACTGCAAATCATATTC -g ACGTTGGATGGAAAAATAAACTGTAAATCATATTC -g ACGTTGGATGGAAAAATAAATTGTAAATCATACTC -g ACGTTGGATGAGATTAGGGAAAGTATTAGA -g ACGTTGGATGGAAAAATAAATTGTAAATCAAATTC -g ACGTTGGATGGAAAAATAAACTGTAAATCATATTCCT -G ACGTTGGATGGAAAAATAAACTGCAAATCATATTC -G ACGTTGGATGAGATTAGGGAAAGTATTAGA -G ACGTTGGATGGAAAAATAAATTGTAAATCATACTC -G ACGTTGGATGGAAAAATAAACTGTAAATCATATTCCT -G ACGTTGGATGGAAAAATAAACTGTAAATCATATTC -G ACGTTGGATGGAAAAATAAATTGTAAATCAAATTC --minimum-length=1 -o /data/projects/mdc-971/reprocess_June_2019_data/analysis/30.primer_trimmed/180372_S30_cutadapt.1.fq.gz -p /data/projects/mdc-971/reprocess_June_2019_data/analysis/30.primer_trimmed/180372_S30_cutadapt.2.fq.gz /data/projects/mdc-971/reprocess_June_2019_data/analysis/20.adapter_trimmed/180372_S30_R1_001.bbduked.trimmed.fastq.gz /data/projects/mdc-971/reprocess_June_2019_data/analysis/20.adapter_trimmed/180372_S30_R2_001.bbduked.trimmed.fastq.gz
Processing reads on 1 core in paired-end mode ...
Finished in 275.82 s (386 us/read; 0.16 M reads/minute).

=== Summary ===

Total read pairs processed:            715,013
  Read 1 with adapter:                 645,518 (90.3%)
  Read 2 with adapter:                 482,313 (67.5%)
Pairs that were too short:                   0 (0.0%)
Pairs written (passing filters):       715,013 (100.0%)

Total basepairs processed:   212,989,733 bp
  Read 1:   105,737,943 bp
  Read 2:   107,251,790 bp
Total written (filtered):    174,035,735 bp (81.7%)
  Read 1:    83,233,299 bp
  Read 2:    90,802,436 bp

=== First read: Adapter 1 ===

Sequence: ACGTTGGATGTTTGTTACTATGGTAGATACCACAC; Type: regular 5'; Length: 35; Trimmed: 13915 times.

No. of allowed errors:
0-9 bp: 0; 10-19 bp: 1; 20-29 bp: 2; 30-35 bp: 3

Overview of removed sequences
length	count	expect	max.err	error counts
3	4	11172.1	0	4
4	5	2793.0	0	5
14	1	0.0	1	0 1
19	1	0.0	1	0 0 1
23	1	0.0	2	1
25	1	0.0	2	0 1
26	8	0.0	2	4 0 4
27	4	0.0	2	1 3
28	8	0.0	2	4 1 3
29	32	0.0	2	6 11 10 5
30	56	0.0	3	17 18 14 7
31	25	0.0	3	4 6 7 8
32	78	0.0	3	3 12 11 52
33	576	0.0	3	7 11 273 285
34	1800	0.0	3	22 771 484 523
35	9463	0.0	3	3243 2893 1412 1915
36	725	0.0	3	0 240 290 195
37	845	0.0	3	0 0 559 286
38	279	0.0	3	0 0 0 279
42	1	0.0	3	0 1
51	1	0.0	3	0 1
55	1	0.0	3	0 1


=== First read: Adapter 2 ===

Sequence: ACGTTGGATGTTTGTTACTAAGGTAGATACCACTC; Type: regular 5'; Length: 35; Trimmed: 7365 times.

No. of allowed errors:
0-9 bp: 0; 10-19 bp: 1; 20-29 bp: 2; 30-35 bp: 3

Overview of removed sequences
length	count	expect	max.err	error counts
14	1	0.0	1	0 1
20	2	0.0	2	1 0 1
22	1	0.0	2	0 0 1
23	2	0.0	2	2
25	1	0.0	2	0 0 1
26	10	0.0	2	5 3 2
27	12	0.0	2	6 3 3
28	15	0.0	2	7 4 4
29	44	0.0	2	25 13 6
30	97	0.0	3	41 33 14 9
31	75	0.0	3	33 18 15 9
32	146	0.0	3	56 38 25 27
33	257	0.0	3	40 43 71 103
34	897	0.0	3	72 476 204 145
35	5279	0.0	3	2801 1251 705 522
36	280	0.0	3	2 111 102 65
37	148	0.0	3	0 0 64 84
38	94	0.0	3	0 1 1 92
39	1	0.0	3	0 0 1
42	1	0.0	3	1
51	1	0.0	3	0 0 1
55	1	0.0	3	0 0 0 1


=== First read: Adapter 3 ===

Sequence: ACGTTGGATGTTTGTTACTGTGGTGGATACTAC; Type: regular 5'; Length: 33; Trimmed: 97157 times.

No. of allowed errors:
0-9 bp: 0; 10-19 bp: 1; 20-29 bp: 2; 30-33 bp: 3

Overview of removed sequences
length	count	expect	max.err	error counts
3	4	11172.1	0	4
14	8	0.0	1	2 6
15	3	0.0	1	1 2
16	4	0.0	1	3 1
17	6	0.0	1	4 2
18	12	0.0	1	7 5
19	19	0.0	1	10 7 2
20	52	0.0	2	36 14 2
21	30	0.0	2	21 6 3
22	9	0.0	2	1 5 3
23	28	0.0	2	11 11 6
24	238	0.0	2	118 95 25
25	623	0.0	2	323 227 73
26	683	0.0	2	376 217 90
27	1292	0.0	2	846 340 106
28	2241	0.0	2	1425 604 205 7
29	1618	0.0	2	797 520 249 52
30	3779	0.0	3	1511 1155 477 636
31	4646	0.0	3	1844 1276 890 636
32	10356	0.0	3	2120 4175 2453 1608
33	68391	0.0	3	31115 21870 9577 5829
34	2556	0.0	3	15 1126 891 524
35	424	0.0	3	6 4 203 211
36	81	0.0	3	6 4 1 70
37	11	0.0	3	9 2
38	5	0.0	3	2 1 2
39	7	0.0	3	1 3 2 1
40	1	0.0	3	0 0 1
41	6	0.0	3	3 1 2
42	2	0.0	3	2
44	6	0.0	3	4 1 1
45	2	0.0	3	1 1
46	1	0.0	3	0 1
47	1	0.0	3	0 0 0 1
48	1	0.0	3	0 0 1
49	4	0.0	3	1 1 2
51	1	0.0	3	1
53	1	0.0	3	0 0 0 1
54	1	0.0	3	0 0 1
57	1	0.0	3	0 1
63	1	0.0	3	0 1
65	1	0.0	3	0 0 0 1
106	1	0.0	3	1


=== First read: Adapter 4 ===

Sequence: ACGTTGGATGTTTGTTACTGTTGTGGATACAAC; Type: regular 5'; Length: 33; Trimmed: 92759 times.

No. of allowed errors:
0-9 bp: 0; 10-19 bp: 1; 20-29 bp: 2; 30-33 bp: 3

Overview of removed sequences
length	count	expect	max.err	error counts
3	40	11172.1	0	40
16	1	0.0	1	1
17	1	0.0	1	1
19	1	0.0	1	0 1
20	4	0.0	2	2 2
21	1	0.0	2	1
22	2	0.0	2	0 1 1
24	39	0.0	2	13 16 10
25	126	0.0	2	60 37 29
26	118	0.0	2	55 49 14
27	216	0.0	2	123 72 21
28	918	0.0	2	625 220 70 3
29	909	0.0	2	497 276 120 16
30	1602	0.0	3	725 559 205 113
31	2817	0.0	3	1188 747 503 379
32	9127	0.0	3	2101 3916 1802 1308
33	73106	0.0	3	40931 16263 10389 5523
34	2276	0.0	3	56 1299 543 378
35	1215	0.0	3	2 0 718 495
36	222	0.0	3	3 0 1 218
37	1	0.0	3	1
40	1	0.0	3	0 1
41	4	0.0	3	2 0 1 1
42	1	0.0	3	0 0 1
43	1	0.0	3	0 1
44	2	0.0	3	0 0 1 1
46	1	0.0	3	0 1
47	2	0.0	3	1 1
48	1	0.0	3	0 0 1
51	2	0.0	3	0 2
52	1	0.0	3	0 0 0 1
53	1	0.0	3	0 0 1


=== First read: Adapter 5 ===

Sequence: ACGTTGGATGTTTGTTACCGTTGTTGATACTAC; Type: regular 5'; Length: 33; Trimmed: 64542 times.

No. of allowed errors:
0-9 bp: 0; 10-19 bp: 1; 20-29 bp: 2; 30-33 bp: 3

Overview of removed sequences
length	count	expect	max.err	error counts
14	2	0.0	1	2
15	1	0.0	1	1
16	2	0.0	1	0 2
17	1	0.0	1	1
18	1	0.0	1	1
19	5	0.0	1	4 1
20	7	0.0	2	6 1
21	4	0.0	2	2 2
22	4	0.0	2	1 2 1
23	2	0.0	2	1 0 1
24	26	0.0	2	12 12 2
25	58	0.0	2	39 12 7
26	84	0.0	2	45 32 7
27	279	0.0	2	188 68 23
28	661	0.0	2	424 175 60 2
29	630	0.0	2	297 215 99 19
30	1944	0.0	3	629 519 199 597
31	3007	0.0	3	1215 781 550 461
32	8246	0.0	3	1602 2824 2467 1353
33	47458	0.0	3	26800 12642 5324 2692
34	1606	0.0	3	14 530 641 421
35	441	0.0	3	4 2 153 282
36	50	0.0	3	1 1 0 48
37	5	0.0	3	4 0 1
38	2	0.0	3	1 1
41	3	0.0	3	2 1
42	1	0.0	3	0 0 0 1
43	2	0.0	3	0 1 1
44	2	0.0	3	1 0 0 1
45	1	0.0	3	1
47	1	0.0	3	0 1
49	1	0.0	3	1
55	1	0.0	3	0 0 1
60	3	0.0	3	0 2 1
62	1	0.0	3	1


=== First read: Adapter 6 ===

Sequence: ACGTTGGATGAATATATGTGTGCTTATTTG; Type: regular 5'; Length: 30; Trimmed: 123 times.

No. of allowed errors:
0-9 bp: 0; 10-19 bp: 1; 20-29 bp: 2; 30 bp: 3

Overview of removed sequences
length	count	expect	max.err	error counts
3	95	11172.1	0	95
4	15	2793.0	0	15
5	4	698.3	0	4
29	1	0.0	2	0 0 0 1
30	8	0.0	3	6 1 0 1


=== First read: Adapter 7 ===

Sequence: ACGTTGGATGGAAAAATAAACTGCAAATCATATTC; Type: regular 5'; Length: 35; Trimmed: 48800 times.

No. of allowed errors:
0-9 bp: 0; 10-19 bp: 1; 20-29 bp: 2; 30-35 bp: 3

Overview of removed sequences
length	count	expect	max.err	error counts
3	2	11172.1	0	2
4	2	2793.0	0	2
22	2	0.0	2	0 2
24	3	0.0	2	0 2 1
25	2	0.0	2	1 0 1
26	2	0.0	2	0 0 2
27	6	0.0	2	3 2 1
28	4	0.0	2	0 0 3 1
29	28	0.0	2	4 15 8 1
30	200	0.0	3	34 95 39 32
31	160	0.0	3	37 58 36 29
32	864	0.0	3	22 118 40 684
33	1014	0.0	3	15 134 456 409
34	7339	0.0	3	56 5219 1310 754
35	31311	0.0	3	13879 9333 3808 4291
36	5774	0.0	3	1 3870 1057 846
37	658	0.0	3	0 0 220 438
38	1421	0.0	3	0 0 0 1421
39	1	0.0	3	0 1
46	1	0.0	3	0 1
56	1	0.0	3	0 0 0 1
58	1	0.0	3	1
62	2	0.0	3	0 0 1 1
66	1	0.0	3	0 0 0 1
68	1	0.0	3	1


=== First read: Adapter 8 ===

Sequence: ACGTTGGATGGAAAAATAAACTGTAAATCATATTC; Type: regular 5'; Length: 35; Trimmed: 10779 times.

No. of allowed errors:
0-9 bp: 0; 10-19 bp: 1; 20-29 bp: 2; 30-35 bp: 3

Overview of removed sequences
length	count	expect	max.err	error counts
25	1	0.0	2	1
28	3	0.0	2	0 1 1 1
30	6	0.0	3	2 1 1 2
31	8	0.0	3	0 3 1 4
32	1334	0.0	3	0 0 0 1334
33	455	0.0	3	1 7 196 251
34	2378	0.0	3	4 1498 299 577
35	5151	0.0	3	821 851 610 2869
36	882	0.0	3	1 209 257 415
37	436	0.0	3	0 0 83 353
38	124	0.0	3	0 0 0 124
55	1	0.0	3	0 1


=== First read: Adapter 9 ===

Sequence: ACGTTGGATGGAAAAATAAATTGTAAATCATACTC; Type: regular 5'; Length: 35; Trimmed: 68754 times.

No. of allowed errors:
0-9 bp: 0; 10-19 bp: 1; 20-29 bp: 2; 30-35 bp: 3

Overview of removed sequences
length	count	expect	max.err	error counts
26	2	0.0	2	2
27	3	0.0	2	3
28	3	0.0	2	2 1
29	8	0.0	2	6 2
30	55	0.0	3	32 13 7 3
31	154	0.0	3	107 31 10 6
32	204	0.0	3	51 28 14 111
33	728	0.0	3	119 92 340 177
34	4648	0.0	3	2271 1410 669 298
35	59173	0.0	3	39763 10968 4588 3854
36	236	0.0	3	14 89 69 64
37	203	0.0	3	14 7 33 149
38	3276	0.0	3	10 0 1 3265
39	4	0.0	3	3 0 0 1
40	5	0.0	3	1 1 0 3
41	2	0.0	3	1 1
42	2	0.0	3	2
43	10	0.0	3	5 2 2 1
44	4	0.0	3	2 1 0 1
45	3	0.0	3	2 1
46	5	0.0	3	4 1
47	1	0.0	3	1
49	6	0.0	3	4 1 1
50	5	0.0	3	3 1 1
51	4	0.0	3	2 2
52	1	0.0	3	0 1
53	2	0.0	3	1 0 1
54	1	0.0	3	0 1
55	3	0.0	3	1 2
56	2	0.0	3	1 1
65	1	0.0	3	0 1


=== First read: Adapter 10 ===

Sequence: ACGTTGGATGAGATTAGGGAAAGTATTAGA; Type: regular 5'; Length: 30; Trimmed: 82 times.

No. of allowed errors:
0-9 bp: 0; 10-19 bp: 1; 20-29 bp: 2; 30 bp: 3

Overview of removed sequences
length	count	expect	max.err	error counts
3	79	11172.1	0	79
29	1	0.0	2	0 0 1
30	2	0.0	3	1 1


=== First read: Adapter 11 ===

Sequence: ACGTTGGATGGAAAAATAAATTGTAAATCAAATTC; Type: regular 5'; Length: 35; Trimmed: 29413 times.

No. of allowed errors:
0-9 bp: 0; 10-19 bp: 1; 20-29 bp: 2; 30-35 bp: 3

Overview of removed sequences
length	count	expect	max.err	error counts
29	2	0.0	2	0 1 0 1
30	19	0.0	3	13 3 3
31	18	0.0	3	14 2 1 1
32	44	0.0	3	18 4 4 18
33	110	0.0	3	27 20 30 33
34	682	0.0	3	134 234 193 121
35	26832	0.0	3	17769 5432 2539 1092
36	112	0.0	3	5 35 39 33
37	85	0.0	3	2 0 17 66
38	1507	0.0	3	1 0 0 1506
39	1	0.0	3	0 0 0 1
51	1	0.0	3	0 0 1


=== First read: Adapter 12 ===

Sequence: ACGTTGGATGGAAAAATAAACTGTAAATCATATTCCT; Type: regular 5'; Length: 37; Trimmed: 211829 times.

No. of allowed errors:
0-9 bp: 0; 10-19 bp: 1; 20-29 bp: 2; 30-37 bp: 3

Overview of removed sequences
length	count	expect	max.err	error counts
3	25	11172.1	0	25
4	4	2793.0	0	4
13	1	0.0	1	1
19	1	0.0	1	0 0 1
20	2	0.0	2	2
21	2	0.0	2	1 1
23	1	0.0	2	1
24	2	0.0	2	1 0 1
27	3	0.0	2	0 2 1
28	3	0.0	2	0 3
29	6	0.0	2	2 2 2
30	5	0.0	3	1 2 0 2
31	77	0.0	3	9 30 16 22
32	298	0.0	3	78 112 59 49
33	302	0.0	3	75 126 53 48
34	665	0.0	3	97 131 143 294
35	3861	0.0	3	131 189 2504 1037
36	25529	0.0	3	493 10041 6073 8922
37	95190	0.0	3	43729 34751 11186 5524
38	6762	0.0	3	21 1758 2945 2038
39	77764	0.0	3	1 2 35394 42367
40	1295	0.0	3	1 0 14 1280
41	3	0.0	3	0 0 1 2
42	5	0.0	3	0 0 4 1
43	2	0.0	3	0 1 1
45	4	0.0	3	0 2 2
46	2	0.0	3	1 0 1
47	1	0.0	3	0 0 0 1
48	4	0.0	3	1 2 0 1
49	2	0.0	3	1 1
52	1	0.0	3	1
53	1	0.0	3	0 1
54	1	0.0	3	0 0 1
55	1	0.0	3	0 0 0 1
56	1	0.0	3	0 0 0 1
63	3	0.0	3	0 0 1 2


=== Second read: Adapter 13 ===

Sequence: ACGTTGGATGTTTGTTACTATGGTAGATACCACAC; Type: regular 5'; Length: 35; Trimmed: 9310 times.

No. of allowed errors:
0-9 bp: 0; 10-19 bp: 1; 20-29 bp: 2; 30-35 bp: 3

Overview of removed sequences
length	count	expect	max.err	error counts
3	15	11172.1	0	15
4	34	2793.0	0	34
6	1	174.6	0	1
11	1	0.2	1	0 1
18	1	0.0	1	0 1
20	1	0.0	2	1
21	2	0.0	2	0 1 1
22	2	0.0	2	1 0 1
25	1	0.0	2	0 1
28	2	0.0	2	0 1 0 1
29	4	0.0	2	0 0 3 1
30	12	0.0	3	1 4 1 6
31	10	0.0	3	0 1 7 2
32	50	0.0	3	0 4 4 42
33	914	0.0	3	0 6 300 608
34	1158	0.0	3	1 208 285 664
35	5958	0.0	3	854 1720 1523 1861
36	493	0.0	3	0 81 166 246
37	538	0.0	3	0 0 226 312
38	100	0.0	3	0 0 1 99
42	1	0.0	3	1
43	1	0.0	3	0 1
44	2	0.0	3	0 0 1 1
45	2	0.0	3	0 2
46	1	0.0	3	0 0 1
47	1	0.0	3	0 1
49	1	0.0	3	0 0 0 1
54	2	0.0	3	0 0 1 1
55	1	0.0	3	0 0 1
56	1	0.0	3	0 1


=== Second read: Adapter 14 ===

Sequence: ACGTTGGATGTTTGTTACTGTGGTGGATACTAC; Type: regular 5'; Length: 33; Trimmed: 103853 times.

No. of allowed errors:
0-9 bp: 0; 10-19 bp: 1; 20-29 bp: 2; 30-33 bp: 3

Overview of removed sequences
length	count	expect	max.err	error counts
3	48	11172.1	0	48
4	1	2793.0	0	1
5	3	698.3	0	3
6	1	174.6	0	1
13	1	0.0	1	0 1
14	2	0.0	1	2
15	1	0.0	1	1
16	3	0.0	1	1 2
17	2	0.0	1	2
18	2	0.0	1	1 1
19	2	0.0	1	0 2
20	11	0.0	2	3 6 2
21	9	0.0	2	3 4 2
22	9	0.0	2	1 2 6
23	4	0.0	2	1 3
24	52	0.0	2	14 20 18
25	79	0.0	2	14 28 37
26	163	0.0	2	51 63 49
27	215	0.0	2	86 82 47
28	346	0.0	2	123 124 96 3
29	471	0.0	2	109 180 158 24
30	3121	0.0	3	161 319 299 2342
31	4103	0.0	3	520 460 1187 1936
32	21316	0.0	3	360 5594 7796 7566
33	68394	0.0	3	21515 23399 14497 8983
34	3745	0.0	3	9 1149 1416 1171
35	784	0.0	3	2 4 299 479
36	122	0.0	3	1 2 1 118
37	11	0.0	3	3 0 4 4
38	7	0.0	3	0 3 0 4
39	8	0.0	3	2 0 3 3
40	41	0.0	3	4 12 14 11
41	189	0.0	3	44 63 45 37
42	89	0.0	3	23 24 21 21
43	28	0.0	3	5 13 4 6
44	103	0.0	3	26 34 22 21
45	64	0.0	3	19 18 15 12
46	18	0.0	3	6 4 3 5
47	15	0.0	3	4 3 3 5
48	32	0.0	3	8 7 8 9
49	62	0.0	3	27 19 8 8
50	29	0.0	3	8 9 6 6
51	51	0.0	3	13 13 13 12
52	30	0.0	3	6 13 6 5
53	32	0.0	3	8 12 6 6
54	10	0.0	3	2 3 3 2
55	8	0.0	3	1 1 4 2
56	4	0.0	3	0 1 2 1
57	8	0.0	3	4 2 2
58	2	0.0	3	1 0 1
62	1	0.0	3	1
70	1	0.0	3	1


=== Second read: Adapter 15 ===

Sequence: ACGTTGGATGTTTGTTACTGTTGTGGATACAAC; Type: regular 5'; Length: 33; Trimmed: 86908 times.

No. of allowed errors:
0-9 bp: 0; 10-19 bp: 1; 20-29 bp: 2; 30-33 bp: 3

Overview of removed sequences
length	count	expect	max.err	error counts
3	1286	11172.1	0	1286
4	1	2793.0	0	1
5	8	698.3	0	8
15	1	0.0	1	1
16	1	0.0	1	0 1
18	1	0.0	1	0 1
19	1	0.0	1	1
20	2	0.0	2	0 2
21	1	0.0	2	0 1
22	2	0.0	2	0 0 2
24	8	0.0	2	0 2 6
25	32	0.0	2	4 14 14
26	39	0.0	2	13 13 13
27	68	0.0	2	29 18 21
28	170	0.0	2	71 59 35 5
29	310	0.0	2	84 119 98 9
30	706	0.0	3	119 204 186 197
31	3273	0.0	3	441 271 956 1605
32	19788	0.0	3	353 6812 6770 5853
33	55853	0.0	3	21801 15698 11464 6890
34	2864	0.0	3	13 1000 979 872
35	1902	0.0	3	6 1 922 973
36	332	0.0	3	1 5 0 326
37	1	0.0	3	1
38	2	0.0	3	1 0 0 1
39	2	0.0	3	0 1 1
40	13	0.0	3	3 3 3 4
41	52	0.0	3	12 14 17 9
42	24	0.0	3	5 8 4 7
43	7	0.0	3	1 0 5 1
44	30	0.0	3	7 9 7 7
45	13	0.0	3	2 6 2 3
46	10	0.0	3	0 4 5 1
47	3	0.0	3	1 0 0 2
48	8	0.0	3	0 5 3
49	14	0.0	3	5 3 1 5
50	3	0.0	3	0 1 1 1
51	11	0.0	3	2 5 1 3
52	15	0.0	3	4 5 3 3
53	29	0.0	3	7 7 10 5
54	9	0.0	3	2 4 2 1
55	3	0.0	3	1 1 1
56	4	0.0	3	3 1
57	2	0.0	3	1 1
58	1	0.0	3	0 0 1
63	1	0.0	3	1
64	1	0.0	3	1
70	1	0.0	3	0 0 1


=== Second read: Adapter 16 ===

Sequence: ACGTTGGATGTTTGTTACCGTTGTTGATACTAC; Type: regular 5'; Length: 33; Trimmed: 65746 times.

No. of allowed errors:
0-9 bp: 0; 10-19 bp: 1; 20-29 bp: 2; 30-33 bp: 3

Overview of removed sequences
length	count	expect	max.err	error counts
15	1	0.0	1	1
16	2	0.0	1	0 2
19	3	0.0	1	1 2
20	6	0.0	2	2 2 2
21	1	0.0	2	0 0 1
24	7	0.0	2	1 2 4
25	12	0.0	2	2 7 3
26	35	0.0	2	15 11 9
27	53	0.0	2	29 11 13
28	162	0.0	2	65 52 45
29	223	0.0	2	51 88 74 10
30	2339	0.0	3	78 166 156 1939
31	2621	0.0	3	325 294 914 1088
32	14531	0.0	3	254 3633 5588 5056
33	42280	0.0	3	16105 13344 8116 4715
34	2824	0.0	3	1 643 1132 1048
35	450	0.0	3	1 3 157 289
36	81	0.0	3	1 1 2 77
37	3	0.0	3	1 1 0 1
38	1	0.0	3	1
39	2	0.0	3	0 0 0 2
40	6	0.0	3	4 0 1 1
41	21	0.0	3	2 6 9 4
42	16	0.0	3	5 8 3
43	6	0.0	3	2 2 2
44	18	0.0	3	5 3 7 3
45	11	0.0	3	3 4 2 2
46	3	0.0	3	1 1 0 1
48	8	0.0	3	0 4 3 1
49	1	0.0	3	1
50	2	0.0	3	1 0 1
51	5	0.0	3	1 1 2 1
52	4	0.0	3	0 0 2 2
53	2	0.0	3	0 1 0 1
54	1	0.0	3	0 0 0 1
55	5	0.0	3	3 0 2


=== Second read: Adapter 17 ===

Sequence: ACGTTGGATGAATATATGTGTGCTTATTTG; Type: regular 5'; Length: 30; Trimmed: 546 times.

No. of allowed errors:
0-9 bp: 0; 10-19 bp: 1; 20-29 bp: 2; 30 bp: 3

Overview of removed sequences
length	count	expect	max.err	error counts
3	515	11172.1	0	515
4	16	2793.0	0	16
5	5	698.3	0	5
6	7	174.6	0	7
30	2	0.0	3	1 1
32	1	0.0	3	0 0 0 1


=== Second read: Adapter 18 ===

Sequence: ACGTTGGATGTTTGTTACTAAGGTAGATACCACTC; Type: regular 5'; Length: 35; Trimmed: 6132 times.

No. of allowed errors:
0-9 bp: 0; 10-19 bp: 1; 20-29 bp: 2; 30-35 bp: 3

Overview of removed sequences
length	count	expect	max.err	error counts
3	5	11172.1	0	5
4	6	2793.0	0	6
5	1	698.3	0	1
6	3	174.6	0	3
10	1	0.7	1	0 1
21	1	0.0	2	0 0 1
26	2	0.0	2	0 0 2
28	5	0.0	2	2 2 1
29	5	0.0	2	0 2 0 3
30	16	0.0	3	2 5 3 6
31	29	0.0	3	5 11 9 4
32	46	0.0	3	9 10 6 21
33	367	0.0	3	17 7 98 245
34	572	0.0	3	19 197 151 205
35	4580	0.0	3	1371 1226 1048 935
36	304	0.0	3	0 62 129 113
37	139	0.0	3	0 0 58 81
38	39	0.0	3	0 0 0 39
42	1	0.0	3	1
43	2	0.0	3	1 1
44	2	0.0	3	0 1 0 1
46	3	0.0	3	1 1 1
50	1	0.0	3	0 0 0 1
52	1	0.0	3	0 0 0 1
53	1	0.0	3	0 1


=== Second read: Adapter 19 ===

Sequence: ACGTTGGATGGAAAAATAAACTGCAAATCATATTC; Type: regular 5'; Length: 35; Trimmed: 28419 times.

No. of allowed errors:
0-9 bp: 0; 10-19 bp: 1; 20-29 bp: 2; 30-35 bp: 3

Overview of removed sequences
length	count	expect	max.err	error counts
3	51	11172.1	0	51
4	1	2793.0	0	1
5	1	698.3	0	1
6	1	174.6	0	1
13	1	0.0	1	0 1
17	1	0.0	1	1
18	3	0.0	1	1 2
19	1	0.0	1	1
22	2	0.0	2	1 1
25	1	0.0	2	1
27	2	0.0	2	1 0 0 1
28	2	0.0	2	0 0 1 1
29	3	0.0	2	0 2 0 1
30	23	0.0	3	4 8 3 8
31	49	0.0	3	3 23 9 14
32	479	0.0	3	6 19 22 432
33	479	0.0	3	11 33 184 251
34	2414	0.0	3	7 842 774 791
35	22036	0.0	3	3147 8217 5199 5473
36	2004	0.0	3	0 759 689 556
37	239	0.0	3	0 0 75 164
38	612	0.0	3	0 0 0 612
42	2	0.0	3	1 0 0 1
43	2	0.0	3	1 1
44	3	0.0	3	1 1 1
46	1	0.0	3	0 0 0 1
47	3	0.0	3	0 2 0 1
48	1	0.0	3	0 1
50	1	0.0	3	0 1
53	1	0.0	3	0 1


=== Second read: Adapter 20 ===

Sequence: ACGTTGGATGAGATTAGGGAAAGTATTAGA; Type: regular 5'; Length: 30; Trimmed: 100 times.

No. of allowed errors:
0-9 bp: 0; 10-19 bp: 1; 20-29 bp: 2; 30 bp: 3

Overview of removed sequences
length	count	expect	max.err	error counts
3	97	11172.1	0	97
4	1	2793.0	0	1
5	1	698.3	0	1
30	1	0.0	3	0 1


=== Second read: Adapter 21 ===

Sequence: ACGTTGGATGGAAAAATAAATTGTAAATCATACTC; Type: regular 5'; Length: 35; Trimmed: 41537 times.

No. of allowed errors:
0-9 bp: 0; 10-19 bp: 1; 20-29 bp: 2; 30-35 bp: 3

Overview of removed sequences
length	count	expect	max.err	error counts
5	4	698.3	0	4
18	3	0.0	1	2 1
25	1	0.0	2	1
27	1	0.0	2	0 1
28	2	0.0	2	0 0 0 2
30	14	0.0	3	5 4 5
31	48	0.0	3	13 19 7 9
32	105	0.0	3	9 6 2 88
33	520	0.0	3	41 28 119 332
34	1839	0.0	3	306 583 447 503
35	37390	0.0	3	15957 9956 6529 4948
36	197	0.0	3	4 35 69 89
37	77	0.0	3	3 5 18 51
38	1203	0.0	3	3 1 1 1198
39	5	0.0	3	1 3 1
40	3	0.0	3	2 0 1
41	4	0.0	3	1 0 0 3
42	6	0.0	3	2 0 1 3
43	25	0.0	3	6 5 7 7
44	17	0.0	3	7 6 1 3
45	7	0.0	3	2 4 1
46	13	0.0	3	3 2 5 3
47	16	0.0	3	4 5 3 4
48	7	0.0	3	5 1 0 1
49	1	0.0	3	0 0 0 1
50	4	0.0	3	1 1 1 1
51	2	0.0	3	2
52	6	0.0	3	2 4
53	6	0.0	3	3 1 1 1
54	2	0.0	3	2
55	1	0.0	3	1
56	2	0.0	3	1 0 1
57	1	0.0	3	1
59	2	0.0	3	1 1
62	1	0.0	3	0 0 1
64	1	0.0	3	0 0 0 1
66	1	0.0	3	1


=== Second read: Adapter 22 ===

Sequence: ACGTTGGATGGAAAAATAAACTGTAAATCATATTCCT; Type: regular 5'; Length: 37; Trimmed: 113132 times.

No. of allowed errors:
0-9 bp: 0; 10-19 bp: 1; 20-29 bp: 2; 30-37 bp: 3

Overview of removed sequences
length	count	expect	max.err	error counts
3	435	11172.1	0	435
4	1366	2793.0	0	1366
5	1	698.3	0	1
12	2	0.0	1	0 2
14	2	0.0	1	1 1
15	1	0.0	1	1
17	1	0.0	1	0 1
18	1	0.0	1	0 1
19	3	0.0	1	0 2 1
20	5	0.0	2	0 5
21	5	0.0	2	1 2 2
22	2	0.0	2	0 2
23	1	0.0	2	0 1
27	1	0.0	2	0 0 1
28	3	0.0	2	2 0 1
29	2	0.0	2	0 0 1 1
30	9	0.0	3	0 4 3 2
31	18	0.0	3	1 4 5 8
32	84	0.0	3	18 24 18 24
33	131	0.0	3	31 26 26 48
34	229	0.0	3	21 44 47 117
35	1459	0.0	3	52 55 643 709
36	15832	0.0	3	70 3050 3141 9571
37	52620	0.0	3	15476 17935 11579 7630
38	2142	0.0	3	3 333 813 993
39	38447	0.0	3	1 0 14680 23766
40	272	0.0	3	1 0 7 264
41	5	0.0	3	0 1 2 2
44	1	0.0	3	0 0 0 1
45	3	0.0	3	0 1 0 2
46	2	0.0	3	0 0 2
47	2	0.0	3	0 0 1 1
48	5	0.0	3	1 1 3
49	6	0.0	3	1 3 2
50	5	0.0	3	0 0 2 3
51	6	0.0	3	1 1 0 4
52	11	0.0	3	3 2 1 5
53	2	0.0	3	0 0 1 1
54	4	0.0	3	0 1 2 1
55	2	0.0	3	0 1 0 1
56	1	0.0	3	0 0 1
57	1	0.0	3	0 0 1
60	1	0.0	3	0 0 1
63	1	0.0	3	1


=== Second read: Adapter 23 ===

Sequence: ACGTTGGATGGAAAAATAAACTGTAAATCATATTC; Type: regular 5'; Length: 35; Trimmed: 9085 times.

No. of allowed errors:
0-9 bp: 0; 10-19 bp: 1; 20-29 bp: 2; 30-35 bp: 3

Overview of removed sequences
length	count	expect	max.err	error counts
12	1	0.0	1	0 1
14	2	0.0	1	1 1
17	1	0.0	1	1
18	1	0.0	1	0 1
19	1	0.0	1	0 1
22	1	0.0	2	0 0 1
25	1	0.0	2	1
30	6	0.0	3	0 0 1 5
31	8	0.0	3	0 1 0 7
32	909	0.0	3	0 2 0 907
33	380	0.0	3	0 2 98 280
34	1135	0.0	3	0 228 177 730
35	5758	0.0	3	202 505 425 4626
36	662	0.0	3	0 95 209 358
37	131	0.0	3	0 0 14 117
38	84	0.0	3	0 0 0 84
41	1	0.0	3	0 0 1
44	2	0.0	3	0 1 0 1
46	1	0.0	3	0 0 0 1


=== Second read: Adapter 24 ===

Sequence: ACGTTGGATGGAAAAATAAATTGTAAATCAAATTC; Type: regular 5'; Length: 35; Trimmed: 17545 times.

No. of allowed errors:
0-9 bp: 0; 10-19 bp: 1; 20-29 bp: 2; 30-35 bp: 3

Overview of removed sequences
length	count	expect	max.err	error counts
5	2	698.3	0	2
6	8	174.6	0	8
10	1	0.7	1	0 1
18	1	0.0	1	1
19	1	0.0	1	0 1
21	1	0.0	2	0 0 1
22	1	0.0	2	0 0 1
29	1	0.0	2	0 1
30	10	0.0	3	8 2
31	16	0.0	3	4 5 3 4
32	18	0.0	3	3 3 4 8
33	64	0.0	3	11 9 19 25
34	524	0.0	3	23 143 186 172
35	16303	0.0	3	7031 4611 2955 1706
36	76	0.0	3	2 27 26 21
37	28	0.0	3	0 0 5 23
38	482	0.0	3	0 1 0 481
42	1	0.0	3	0 0 0 1
43	2	0.0	3	1 0 1
44	1	0.0	3	0 1
45	1	0.0	3	0 1
47	1	0.0	3	0 0 0 1
52	1	0.0	3	0 1
53	1	0.0	3	0 0 1
