This is cutadapt 2.6 with Python 3.7.3
Command line parameters: -g ACGTTGGATGTTTGTTACTATGGTAGATACCACAC -g ACGTTGGATGTTTGTTACTAAGGTAGATACCACTC -g ACGTTGGATGTTTGTTACTGTGGTGGATACTAC -g ACGTTGGATGTTTGTTACTGTTGTGGATACAAC -g ACGTTGGATGTTTGTTACCGTTGTTGATACTAC -g ACGTTGGATGAATATATGTGTGCTTATTTG -G ACGTTGGATGTTTGTTACTATGGTAGATACCACAC -G ACGTTGGATGTTTGTTACTGTGGTGGATACTAC -G ACGTTGGATGTTTGTTACTGTTGTGGATACAAC -G ACGTTGGATGTTTGTTACCGTTGTTGATACTAC -G ACGTTGGATGAATATATGTGTGCTTATTTG -G ACGTTGGATGTTTGTTACTAAGGTAGATACCACTC -g ACGTTGGATGGAAAAATAAACTGCAAATCATATTC -g ACGTTGGATGGAAAAATAAACTGTAAATCATATTC -g ACGTTGGATGGAAAAATAAATTGTAAATCATACTC -g ACGTTGGATGAGATTAGGGAAAGTATTAGA -g ACGTTGGATGGAAAAATAAATTGTAAATCAAATTC -g ACGTTGGATGGAAAAATAAACTGTAAATCATATTCCT -G ACGTTGGATGGAAAAATAAACTGCAAATCATATTC -G ACGTTGGATGAGATTAGGGAAAGTATTAGA -G ACGTTGGATGGAAAAATAAATTGTAAATCATACTC -G ACGTTGGATGGAAAAATAAACTGTAAATCATATTCCT -G ACGTTGGATGGAAAAATAAACTGTAAATCATATTC -G ACGTTGGATGGAAAAATAAATTGTAAATCAAATTC --minimum-length=1 -o /data/projects/mdc-971/reprocess_June_2019_data/analysis/30.primer_trimmed/180338_S3_cutadapt.1.fq.gz -p /data/projects/mdc-971/reprocess_June_2019_data/analysis/30.primer_trimmed/180338_S3_cutadapt.2.fq.gz /data/projects/mdc-971/reprocess_June_2019_data/analysis/20.adapter_trimmed/180338_S3_R1_001.bbduked.trimmed.fastq.gz /data/projects/mdc-971/reprocess_June_2019_data/analysis/20.adapter_trimmed/180338_S3_R2_001.bbduked.trimmed.fastq.gz
Processing reads on 1 core in paired-end mode ...
Finished in 127.49 s (378 us/read; 0.16 M reads/minute).

=== Summary ===

Total read pairs processed:            336,878
  Read 1 with adapter:                 303,828 (90.2%)
  Read 2 with adapter:                 261,131 (77.5%)
Pairs that were too short:                   0 (0.0%)
Pairs written (passing filters):       336,878 (100.0%)

Total basepairs processed:   100,319,601 bp
  Read 1:    49,787,964 bp
  Read 2:    50,531,637 bp
Total written (filtered):     80,726,864 bp (80.5%)
  Read 1:    39,214,666 bp
  Read 2:    41,512,198 bp

=== First read: Adapter 1 ===

Sequence: ACGTTGGATGTTTGTTACTATGGTAGATACCACAC; Type: regular 5'; Length: 35; Trimmed: 79091 times.

No. of allowed errors:
0-9 bp: 0; 10-19 bp: 1; 20-29 bp: 2; 30-35 bp: 3

Overview of removed sequences
length	count	expect	max.err	error counts
3	2	5263.7	0	2
4	3	1315.9	0	3
13	1	0.0	1	0 1
15	2	0.0	1	0 2
18	2	0.0	1	1 1
19	1	0.0	1	1
21	1	0.0	2	1
22	12	0.0	2	9 2 1
23	4	0.0	2	4
24	2	0.0	2	1 0 1
26	27	0.0	2	12 6 9
27	29	0.0	2	22 4 3
28	81	0.0	2	36 20 19 6
29	208	0.0	2	102 63 32 11
30	509	0.0	3	261 163 51 34
31	431	0.0	3	172 158 64 37
32	911	0.0	3	248 277 166 220
33	3484	0.0	3	585 520 1522 857
34	12444	0.0	3	743 7114 2773 1814
35	57599	0.0	3	27940 17416 7685 4558
36	2472	0.0	3	61 1067 888 456
37	498	0.0	3	4 3 229 262
38	351	0.0	3	2 2 1 346
39	4	0.0	3	1 2 0 1
41	1	0.0	3	0 1
42	1	0.0	3	0 0 0 1
43	2	0.0	3	0 2
44	2	0.0	3	0 1 0 1
45	1	0.0	3	0 0 0 1
51	1	0.0	3	0 0 1
54	1	0.0	3	0 0 1
65	1	0.0	3	0 0 1
66	2	0.0	3	0 1 1
68	1	0.0	3	0 1


=== First read: Adapter 2 ===

Sequence: ACGTTGGATGTTTGTTACTAAGGTAGATACCACTC; Type: regular 5'; Length: 35; Trimmed: 6166 times.

No. of allowed errors:
0-9 bp: 0; 10-19 bp: 1; 20-29 bp: 2; 30-35 bp: 3

Overview of removed sequences
length	count	expect	max.err	error counts
15	1	0.0	1	1
20	1	0.0	2	1
22	1	0.0	2	1
24	1	0.0	2	0 0 1
25	2	0.0	2	0 2
26	2	0.0	2	1 0 1
27	7	0.0	2	3 3 0 1
28	9	0.0	2	4 3 2
29	14	0.0	2	6 6 1 1
30	64	0.0	3	29 23 8 4
31	60	0.0	3	22 20 10 8
32	105	0.0	3	33 31 17 24
33	260	0.0	3	25 52 106 77
34	1994	0.0	3	53 1175 452 314
35	2855	0.0	3	1622 585 365 283
36	265	0.0	3	1 112 86 66
37	509	0.0	3	0 0 76 433
38	12	0.0	3	0 0 0 12
42	1	0.0	3	0 1
44	1	0.0	3	1
55	2	0.0	3	1 0 1


=== First read: Adapter 3 ===

Sequence: ACGTTGGATGTTTGTTACTGTGGTGGATACTAC; Type: regular 5'; Length: 33; Trimmed: 35753 times.

No. of allowed errors:
0-9 bp: 0; 10-19 bp: 1; 20-29 bp: 2; 30-33 bp: 3

Overview of removed sequences
length	count	expect	max.err	error counts
3	3	5263.7	0	3
6	1	82.2	0	1
8	1	5.1	0	1
14	1	0.0	1	1
15	1	0.0	1	1
16	1	0.0	1	1
17	1	0.0	1	1
19	1	0.0	1	0 1
20	12	0.0	2	9 2 1
21	3	0.0	2	2 1
22	4	0.0	2	2 1 1
23	4	0.0	2	3 0 1
24	36	0.0	2	19 11 6
25	90	0.0	2	44 32 14
26	175	0.0	2	87 57 31
27	321	0.0	2	206 80 35
28	674	0.0	2	389 205 76 4
29	620	0.0	2	255 240 108 17
30	1334	0.0	3	579 431 169 155
31	2084	0.0	3	798 531 458 297
32	3962	0.0	3	869 1504 945 644
33	23234	0.0	3	11696 6026 3255 2257
34	3060	0.0	3	3 1598 1006 453
35	83	0.0	3	5 1 29 48
36	24	0.0	3	6 2 3 13
37	5	0.0	3	3 2
38	2	0.0	3	0 2
40	3	0.0	3	0 2 0 1
41	2	0.0	3	1 1
42	3	0.0	3	0 3
45	1	0.0	3	0 0 1
46	1	0.0	3	0 1
47	1	0.0	3	1
48	2	0.0	3	1 1
50	1	0.0	3	0 0 1
53	1	0.0	3	0 1
60	1	0.0	3	0 0 0 1


=== First read: Adapter 4 ===

Sequence: ACGTTGGATGTTTGTTACTGTTGTGGATACAAC; Type: regular 5'; Length: 33; Trimmed: 8936 times.

No. of allowed errors:
0-9 bp: 0; 10-19 bp: 1; 20-29 bp: 2; 30-33 bp: 3

Overview of removed sequences
length	count	expect	max.err	error counts
3	22	5263.7	0	22
18	1	0.0	1	0 1
21	1	0.0	2	1
24	7	0.0	2	2 3 2
25	15	0.0	2	4 8 3
26	13	0.0	2	8 4 1
27	15	0.0	2	6 7 2
28	66	0.0	2	30 26 10
29	35	0.0	2	9 14 9 3
30	72	0.0	3	27 24 10 11
31	214	0.0	3	40 44 67 63
32	621	0.0	3	107 239 149 126
33	6805	0.0	3	3306 1717 1173 609
34	354	0.0	3	2 153 100 99
35	659	0.0	3	0 0 488 171
36	34	0.0	3	0 0 1 33
49	1	0.0	3	0 0 1
52	1	0.0	3	0 1


=== First read: Adapter 5 ===

Sequence: ACGTTGGATGTTTGTTACCGTTGTTGATACTAC; Type: regular 5'; Length: 33; Trimmed: 4007 times.

No. of allowed errors:
0-9 bp: 0; 10-19 bp: 1; 20-29 bp: 2; 30-33 bp: 3

Overview of removed sequences
length	count	expect	max.err	error counts
14	1	0.0	1	1
19	1	0.0	1	0 1
20	1	0.0	2	1
24	7	0.0	2	3 3 1
25	12	0.0	2	7 2 3
26	11	0.0	2	2 5 4
27	40	0.0	2	24 16
28	102	0.0	2	59 27 16
29	105	0.0	2	21 35 36 13
30	305	0.0	3	71 74 41 119
31	242	0.0	3	49 56 74 63
32	595	0.0	3	42 199 207 147
33	2058	0.0	3	878 598 373 209
34	489	0.0	3	1 272 153 63
35	27	0.0	3	0 0 12 15
36	6	0.0	3	0 0 0 6
41	1	0.0	3	0 1
43	3	0.0	3	0 0 2 1
45	1	0.0	3	0 1


=== First read: Adapter 6 ===

Sequence: ACGTTGGATGAATATATGTGTGCTTATTTG; Type: regular 5'; Length: 30; Trimmed: 51 times.

No. of allowed errors:
0-9 bp: 0; 10-19 bp: 1; 20-29 bp: 2; 30 bp: 3

Overview of removed sequences
length	count	expect	max.err	error counts
3	42	5263.7	0	42
4	6	1315.9	0	6
5	1	329.0	0	1
29	1	0.0	2	0 0 0 1
30	1	0.0	3	0 0 1


=== First read: Adapter 7 ===

Sequence: ACGTTGGATGGAAAAATAAACTGCAAATCATATTC; Type: regular 5'; Length: 35; Trimmed: 12699 times.

No. of allowed errors:
0-9 bp: 0; 10-19 bp: 1; 20-29 bp: 2; 30-35 bp: 3

Overview of removed sequences
length	count	expect	max.err	error counts
4	1	1315.9	0	1
20	1	0.0	2	1
22	1	0.0	2	0 1
24	1	0.0	2	0 0 1
28	1	0.0	2	0 1
29	5	0.0	2	2 2 0 1
30	50	0.0	3	15 19 11 5
31	28	0.0	3	6 10 6 6
32	131	0.0	3	15 15 5 96
33	213	0.0	3	4 17 99 93
34	2511	0.0	3	21 1861 425 204
35	7040	0.0	3	3920 1027 457 1636
36	2419	0.0	3	0 1792 371 256
37	198	0.0	3	0 0 99 99
38	98	0.0	3	0 0 0 98
44	1	0.0	3	0 0 1


=== First read: Adapter 8 ===

Sequence: ACGTTGGATGGAAAAATAAACTGTAAATCATATTC; Type: regular 5'; Length: 35; Trimmed: 2671 times.

No. of allowed errors:
0-9 bp: 0; 10-19 bp: 1; 20-29 bp: 2; 30-35 bp: 3

Overview of removed sequences
length	count	expect	max.err	error counts
24	1	0.0	2	0 0 1
29	1	0.0	2	0 0 0 1
32	50	0.0	3	0 0 1 49
33	66	0.0	3	0 2 28 36
34	969	0.0	3	1 669 105 194
35	1285	0.0	3	87 333 238 627
36	164	0.0	3	0 30 66 68
37	114	0.0	3	0 0 13 101
38	20	0.0	3	0 0 0 20
62	1	0.0	3	0 0 1


=== First read: Adapter 9 ===

Sequence: ACGTTGGATGGAAAAATAAATTGTAAATCATACTC; Type: regular 5'; Length: 35; Trimmed: 102743 times.

No. of allowed errors:
0-9 bp: 0; 10-19 bp: 1; 20-29 bp: 2; 30-35 bp: 3

Overview of removed sequences
length	count	expect	max.err	error counts
18	1	0.0	1	1
19	1	0.0	1	1
26	3	0.0	2	2 0 1
27	3	0.0	2	3
29	13	0.0	2	8 3 2
30	91	0.0	3	69 17 4 1
31	232	0.0	3	161 48 18 5
32	202	0.0	3	110 56 15 21
33	784	0.0	3	349 170 146 119
34	7266	0.0	3	3979 2069 847 371
35	90391	0.0	3	64628 15936 6649 3178
36	157	0.0	3	36 70 20 31
37	222	0.0	3	56 7 12 147
38	3303	0.0	3	20 4 2 3277
39	13	0.0	3	7 4 2
40	3	0.0	3	1 2
41	2	0.0	3	2
42	4	0.0	3	3 0 1
43	8	0.0	3	4 3 0 1
44	6	0.0	3	5 1
45	5	0.0	3	4 1
46	5	0.0	3	3 1 1
47	6	0.0	3	6
48	2	0.0	3	1 1
49	2	0.0	3	1 0 0 1
50	2	0.0	3	1 1
51	1	0.0	3	1
52	3	0.0	3	2 1
53	1	0.0	3	1
54	6	0.0	3	4 0 2
55	2	0.0	3	2
56	1	0.0	3	0 0 0 1
58	1	0.0	3	1
62	1	0.0	3	0 0 1


=== First read: Adapter 10 ===

Sequence: ACGTTGGATGAGATTAGGGAAAGTATTAGA; Type: regular 5'; Length: 30; Trimmed: 85 times.

No. of allowed errors:
0-9 bp: 0; 10-19 bp: 1; 20-29 bp: 2; 30 bp: 3

Overview of removed sequences
length	count	expect	max.err	error counts
3	82	5263.7	0	82
4	3	1315.9	0	3


=== First read: Adapter 11 ===

Sequence: ACGTTGGATGGAAAAATAAATTGTAAATCAAATTC; Type: regular 5'; Length: 35; Trimmed: 2310 times.

No. of allowed errors:
0-9 bp: 0; 10-19 bp: 1; 20-29 bp: 2; 30-35 bp: 3

Overview of removed sequences
length	count	expect	max.err	error counts
26	1	0.0	2	1
32	5	0.0	3	0 2 0 3
33	6	0.0	3	0 0 0 6
34	74	0.0	3	8 24 23 19
35	1679	0.0	3	1096 327 169 87
36	21	0.0	3	0 4 9 8
37	62	0.0	3	0 0 2 60
38	461	0.0	3	0 0 0 461
44	1	0.0	3	1


=== First read: Adapter 12 ===

Sequence: ACGTTGGATGGAAAAATAAACTGTAAATCATATTCCT; Type: regular 5'; Length: 37; Trimmed: 49316 times.

No. of allowed errors:
0-9 bp: 0; 10-19 bp: 1; 20-29 bp: 2; 30-37 bp: 3

Overview of removed sequences
length	count	expect	max.err	error counts
3	9	5263.7	0	9
4	2	1315.9	0	2
20	1	0.0	2	1
28	1	0.0	2	0 1
29	2	0.0	2	0 1 0 1
30	2	0.0	3	0 0 2
31	26	0.0	3	4 12 6 4
32	82	0.0	3	18 39 22 3
33	94	0.0	3	31 45 14 4
34	114	0.0	3	19 52 25 18
35	1011	0.0	3	44 84 630 253
36	9558	0.0	3	192 4245 1836 3285
37	35570	0.0	3	15717 13019 4212 2622
38	1351	0.0	3	9 244 769 329
39	736	0.0	3	0 0 51 685
40	755	0.0	3	0 0 0 755
41	1	0.0	3	1
64	1	0.0	3	1


=== Second read: Adapter 13 ===

Sequence: ACGTTGGATGTTTGTTACTATGGTAGATACCACAC; Type: regular 5'; Length: 35; Trimmed: 78615 times.

No. of allowed errors:
0-9 bp: 0; 10-19 bp: 1; 20-29 bp: 2; 30-35 bp: 3

Overview of removed sequences
length	count	expect	max.err	error counts
3	12	5263.7	0	12
4	16	1315.9	0	16
10	1	0.3	1	0 1
18	1	0.0	1	0 1
19	2	0.0	1	0 1 1
20	1	0.0	2	0 0 1
21	4	0.0	2	1 2 1
22	3	0.0	2	1 1 1
24	1	0.0	2	0 0 1
25	2	0.0	2	0 2
26	12	0.0	2	8 2 2
27	10	0.0	2	4 3 3
28	23	0.0	2	11 8 3 1
29	73	0.0	2	25 24 14 10
30	183	0.0	3	49 55 45 34
31	201	0.0	3	31 63 60 47
32	321	0.0	3	44 83 75 119
33	2325	0.0	3	206 180 711 1228
34	8048	0.0	3	258 2825 2486 2479
35	63586	0.0	3	20378 20472 13638 9098
36	2762	0.0	3	13 1164 946 639
37	725	0.0	3	0 2 263 460
38	254	0.0	3	1 1 0 252
40	2	0.0	3	2
41	1	0.0	3	0 0 1
42	2	0.0	3	1 0 1
43	9	0.0	3	2 2 3 2
44	5	0.0	3	0 4 1
45	1	0.0	3	0 1
46	6	0.0	3	1 2 2 1
47	3	0.0	3	0 0 1 2
48	2	0.0	3	1 0 1
49	1	0.0	3	0 0 0 1
50	2	0.0	3	0 0 1 1
51	2	0.0	3	0 1 0 1
53	3	0.0	3	2 1
54	2	0.0	3	1 0 0 1
55	5	0.0	3	1 0 3 1
58	1	0.0	3	0 0 1
63	1	0.0	3	0 1
64	1	0.0	3	1


=== Second read: Adapter 14 ===

Sequence: ACGTTGGATGTTTGTTACTGTGGTGGATACTAC; Type: regular 5'; Length: 33; Trimmed: 39130 times.

No. of allowed errors:
0-9 bp: 0; 10-19 bp: 1; 20-29 bp: 2; 30-33 bp: 3

Overview of removed sequences
length	count	expect	max.err	error counts
3	13	5263.7	0	13
5	2	329.0	0	2
6	1	82.2	0	1
9	1	1.3	0	1
14	1	0.0	1	1
16	2	0.0	1	1 1
17	2	0.0	1	1 1
18	2	0.0	1	1 1
19	3	0.0	1	1 2
20	4	0.0	2	1 1 2
21	1	0.0	2	0 1
22	4	0.0	2	3 0 1
23	2	0.0	2	1 0 1
24	13	0.0	2	6 5 2
25	15	0.0	2	3 3 9
26	56	0.0	2	22 24 10
27	74	0.0	2	31 29 14
28	133	0.0	2	51 48 34
29	213	0.0	2	59 87 63 4
30	1043	0.0	3	80 135 88 740
31	1613	0.0	3	257 175 573 608
32	4847	0.0	3	240 1697 1532 1378
33	28096	0.0	3	12302 8402 4503 2889
34	2355	0.0	3	3 1068 820 464
35	278	0.0	3	0 2 134 142
36	23	0.0	3	1 4 0 18
37	2	0.0	3	1 0 1
38	5	0.0	3	0 0 2 3
39	14	0.0	3	1 1 3 9
40	20	0.0	3	7 4 2 7
41	78	0.0	3	26 27 15 10
42	24	0.0	3	6 16 2
43	13	0.0	3	6 2 4 1
44	34	0.0	3	11 10 9 4
45	27	0.0	3	4 14 5 4
46	9	0.0	3	4 1 4
47	10	0.0	3	3 2 2 3
48	10	0.0	3	3 4 2 1
49	24	0.0	3	14 3 3 4
50	10	0.0	3	5 3 1 1
51	19	0.0	3	12 4 1 2
52	8	0.0	3	4 2 2
53	8	0.0	3	4 3 1
54	5	0.0	3	1 1 1 2
55	3	0.0	3	2 1
56	2	0.0	3	0 1 1
57	4	0.0	3	3 0 1
58	1	0.0	3	0 0 0 1
61	3	0.0	3	2 1


=== Second read: Adapter 15 ===

Sequence: ACGTTGGATGTTTGTTACTGTTGTGGATACAAC; Type: regular 5'; Length: 33; Trimmed: 12286 times.

No. of allowed errors:
0-9 bp: 0; 10-19 bp: 1; 20-29 bp: 2; 30-33 bp: 3

Overview of removed sequences
length	count	expect	max.err	error counts
3	690	5263.7	0	690
4	1	1315.9	0	1
5	4	329.0	0	4
6	2	82.2	0	2
16	1	0.0	1	0 1
18	1	0.0	1	0 1
19	2	0.0	1	0 2
20	2	0.0	2	0 2
23	1	0.0	2	0 1
24	1	0.0	2	0 1
25	1	0.0	2	0 0 1
26	4	0.0	2	2 1 1
27	5	0.0	2	1 2 2
28	9	0.0	2	2 2 5
29	15	0.0	2	3 6 5 1
30	28	0.0	3	7 7 6 8
31	362	0.0	3	26 17 98 221
32	1462	0.0	3	26 584 437 415
33	7922	0.0	3	2655 1960 2056 1251
34	424	0.0	3	0 128 146 150
35	1063	0.0	3	0 0 721 342
36	62	0.0	3	1 0 0 61
39	2	0.0	3	0 0 1 1
40	8	0.0	3	3 2 2 1
41	67	0.0	3	22 23 12 10
42	18	0.0	3	4 7 4 3
43	8	0.0	3	3 1 1 3
44	21	0.0	3	4 7 8 2
45	14	0.0	3	5 3 4 2
46	12	0.0	3	4 2 3 3
47	6	0.0	3	1 1 1 3
48	4	0.0	3	2 1 1
49	10	0.0	3	3 0 4 3
50	1	0.0	3	1
51	12	0.0	3	6 1 4 1
52	8	0.0	3	3 2 2 1
53	12	0.0	3	0 7 2 3
54	8	0.0	3	3 2 2 1
55	2	0.0	3	0 1 1
56	3	0.0	3	0 1 0 2
57	2	0.0	3	0 0 2
58	2	0.0	3	1 0 0 1
61	1	0.0	3	0 1
64	2	0.0	3	2
65	1	0.0	3	0 0 1


=== Second read: Adapter 16 ===

Sequence: ACGTTGGATGTTTGTTACCGTTGTTGATACTAC; Type: regular 5'; Length: 33; Trimmed: 5135 times.

No. of allowed errors:
0-9 bp: 0; 10-19 bp: 1; 20-29 bp: 2; 30-33 bp: 3

Overview of removed sequences
length	count	expect	max.err	error counts
17	1	0.0	1	0 1
18	1	0.0	1	0 1
20	1	0.0	2	1
21	1	0.0	2	1
24	5	0.0	2	3 0 2
25	3	0.0	2	1 1 1
26	7	0.0	2	2 5
27	8	0.0	2	1 5 2
28	23	0.0	2	10 9 4
29	40	0.0	2	8 18 9 5
30	1060	0.0	3	10 19 35 996
31	254	0.0	3	23 30 105 96
32	1073	0.0	3	23 287 384 379
33	2195	0.0	3	802 672 448 273
34	371	0.0	3	0 149 120 102
35	35	0.0	3	0 1 13 21
36	28	0.0	3	0 0 0 28
38	1	0.0	3	0 0 0 1
39	1	0.0	3	0 0 1
40	2	0.0	3	0 1 0 1
41	4	0.0	3	1 1 1 1
42	7	0.0	3	0 2 2 3
44	2	0.0	3	0 0 1 1
45	2	0.0	3	0 0 2
46	1	0.0	3	0 0 0 1
47	1	0.0	3	0 1
48	1	0.0	3	0 1
50	1	0.0	3	0 0 1
52	2	0.0	3	0 0 0 2
54	2	0.0	3	0 1 0 1
55	1	0.0	3	1
56	1	0.0	3	1


=== Second read: Adapter 17 ===

Sequence: ACGTTGGATGAATATATGTGTGCTTATTTG; Type: regular 5'; Length: 30; Trimmed: 207 times.

No. of allowed errors:
0-9 bp: 0; 10-19 bp: 1; 20-29 bp: 2; 30 bp: 3

Overview of removed sequences
length	count	expect	max.err	error counts
3	189	5263.7	0	189
4	10	1315.9	0	10
5	4	329.0	0	4
6	4	82.2	0	4


=== Second read: Adapter 18 ===

Sequence: ACGTTGGATGTTTGTTACTAAGGTAGATACCACTC; Type: regular 5'; Length: 35; Trimmed: 5986 times.

No. of allowed errors:
0-9 bp: 0; 10-19 bp: 1; 20-29 bp: 2; 30-35 bp: 3

Overview of removed sequences
length	count	expect	max.err	error counts
3	2	5263.7	0	2
4	1	1315.9	0	1
7	1	20.6	0	1
16	1	0.0	1	1
24	1	0.0	2	0 0 1
26	1	0.0	2	0 1
28	4	0.0	2	2 2
29	8	0.0	2	2 2 2 2
30	21	0.0	3	6 6 4 5
31	32	0.0	3	5 8 10 9
32	55	0.0	3	6 13 7 29
33	518	0.0	3	7 12 131 368
34	1423	0.0	3	20 460 466 477
35	2642	0.0	3	1028 697 515 402
36	271	0.0	3	2 102 90 77
37	985	0.0	3	0 0 138 847
38	11	0.0	3	0 0 0 11
42	1	0.0	3	0 1
44	1	0.0	3	0 0 0 1
46	1	0.0	3	0 0 1
47	3	0.0	3	2 0 1
49	1	0.0	3	1
50	1	0.0	3	0 1
54	1	0.0	3	0 0 0 1


=== Second read: Adapter 19 ===

Sequence: ACGTTGGATGGAAAAATAAACTGCAAATCATATTC; Type: regular 5'; Length: 35; Trimmed: 5909 times.

No. of allowed errors:
0-9 bp: 0; 10-19 bp: 1; 20-29 bp: 2; 30-35 bp: 3

Overview of removed sequences
length	count	expect	max.err	error counts
3	30	5263.7	0	30
4	3	1315.9	0	3
6	3	82.2	0	3
12	1	0.0	1	0 1
17	2	0.0	1	1 1
19	1	0.0	1	0 1
20	1	0.0	2	1
22	1	0.0	2	0 0 1
24	1	0.0	2	0 0 1
26	2	0.0	2	0 2
28	1	0.0	2	0 0 1
29	6	0.0	2	0 3 3
30	12	0.0	3	3 6 1 2
31	6	0.0	3	2 1 1 2
32	47	0.0	3	1 6 1 39
33	105	0.0	3	2 3 44 56
34	1149	0.0	3	9 604 328 208
35	3095	0.0	3	1223 566 372 934
36	1298	0.0	3	0 727 347 224
37	77	0.0	3	0 0 42 35
38	58	0.0	3	0 0 0 58
43	1	0.0	3	0 0 0 1
44	2	0.0	3	0 0 1 1
45	2	0.0	3	1 0 0 1
46	2	0.0	3	0 1 1
48	1	0.0	3	0 1
53	1	0.0	3	0 0 1
54	1	0.0	3	0 0 1


=== Second read: Adapter 20 ===

Sequence: ACGTTGGATGAGATTAGGGAAAGTATTAGA; Type: regular 5'; Length: 30; Trimmed: 40 times.

No. of allowed errors:
0-9 bp: 0; 10-19 bp: 1; 20-29 bp: 2; 30 bp: 3

Overview of removed sequences
length	count	expect	max.err	error counts
3	37	5263.7	0	37
4	2	1315.9	0	2
5	1	329.0	0	1


=== Second read: Adapter 21 ===

Sequence: ACGTTGGATGGAAAAATAAATTGTAAATCATACTC; Type: regular 5'; Length: 35; Trimmed: 79026 times.

No. of allowed errors:
0-9 bp: 0; 10-19 bp: 1; 20-29 bp: 2; 30-35 bp: 3

Overview of removed sequences
length	count	expect	max.err	error counts
5	2	329.0	0	2
14	2	0.0	1	1 1
17	2	0.0	1	1 1
18	5	0.0	1	3 2
19	4	0.0	1	1 3
20	1	0.0	2	0 1
21	5	0.0	2	3 0 2
22	3	0.0	2	2 1
23	1	0.0	2	0 1
25	1	0.0	2	0 0 1
26	2	0.0	2	0 1 1
27	1	0.0	2	0 1
29	4	0.0	2	3 1
30	38	0.0	3	18 8 6 6
31	103	0.0	3	43 27 21 12
32	50	0.0	3	24 11 7 8
33	311	0.0	3	107 56 57 91
34	2786	0.0	3	805 867 611 503
35	74054	0.0	3	39721 18679 9813 5841
36	112	0.0	3	6 49 29 28
37	81	0.0	3	17 10 14 40
38	1275	0.0	3	5 5 0 1265
39	3	0.0	3	1 1 1
40	4	0.0	3	2 2
41	5	0.0	3	1 2 1 1
42	7	0.0	3	4 1 1 1
43	31	0.0	3	12 10 5 4
44	12	0.0	3	6 5 1
45	11	0.0	3	4 3 3 1
46	17	0.0	3	10 3 1 3
47	25	0.0	3	13 6 3 3
48	14	0.0	3	8 4 0 2
49	5	0.0	3	3 2
50	5	0.0	3	2 2 0 1
51	13	0.0	3	9 1 0 3
52	9	0.0	3	5 0 2 2
53	6	0.0	3	4 1 1
54	5	0.0	3	3 0 1 1
55	4	0.0	3	2 0 1 1
56	2	0.0	3	1 0 0 1
57	2	0.0	3	1 1
58	1	0.0	3	1
60	1	0.0	3	0 0 1
62	1	0.0	3	0 1


=== Second read: Adapter 22 ===

Sequence: ACGTTGGATGGAAAAATAAACTGTAAATCATATTCCT; Type: regular 5'; Length: 37; Trimmed: 31465 times.

No. of allowed errors:
0-9 bp: 0; 10-19 bp: 1; 20-29 bp: 2; 30-37 bp: 3

Overview of removed sequences
length	count	expect	max.err	error counts
3	226	5263.7	0	226
4	279	1315.9	0	279
5	1	329.0	0	1
14	1	0.0	1	0 1
18	2	0.0	1	0 1 1
19	3	0.0	1	0 2 1
20	5	0.0	2	1 4
22	1	0.0	2	0 1
25	1	0.0	2	1
26	1	0.0	2	0 0 1
27	1	0.0	2	0 0 1
29	1	0.0	2	1
30	1	0.0	3	0 0 1
31	13	0.0	3	2 3 6 2
32	30	0.0	3	5 13 7 5
33	36	0.0	3	9 11 10 6
34	56	0.0	3	6 19 15 16
35	619	0.0	3	19 33 322 245
36	4352	0.0	3	35 1722 1215 1380
37	24382	0.0	3	8202 8715 4600 2865
38	646	0.0	3	3 123 329 191
39	323	0.0	3	0 0 38 285
40	446	0.0	3	0 0 0 446
43	2	0.0	3	0 1 1
44	5	0.0	3	0 3 0 2
45	7	0.0	3	0 4 0 3
46	3	0.0	3	0 2 1
47	4	0.0	3	1 0 2 1
48	3	0.0	3	0 3
49	2	0.0	3	0 2
50	3	0.0	3	1 1 0 1
51	2	0.0	3	0 0 1 1
52	2	0.0	3	0 0 2
53	1	0.0	3	0 1
54	2	0.0	3	0 2
56	1	0.0	3	0 0 1
57	1	0.0	3	0 1
58	1	0.0	3	0 0 0 1


=== Second read: Adapter 23 ===

Sequence: ACGTTGGATGGAAAAATAAACTGTAAATCATATTC; Type: regular 5'; Length: 35; Trimmed: 1352 times.

No. of allowed errors:
0-9 bp: 0; 10-19 bp: 1; 20-29 bp: 2; 30-35 bp: 3

Overview of removed sequences
length	count	expect	max.err	error counts
14	1	0.0	1	0 1
17	1	0.0	1	0 1
19	2	0.0	1	1 1
30	4	0.0	3	1 1 0 2
31	2	0.0	3	0 0 1 1
32	13	0.0	3	0 0 0 13
33	32	0.0	3	0 0 18 14
34	320	0.0	3	1 94 55 170
35	827	0.0	3	40 191 166 430
36	128	0.0	3	0 17 46 65
37	11	0.0	3	0 0 8 3
38	8	0.0	3	0 0 0 8
44	1	0.0	3	0 0 0 1
50	1	0.0	3	0 0 0 1
53	1	0.0	3	0 1


=== Second read: Adapter 24 ===

Sequence: ACGTTGGATGGAAAAATAAATTGTAAATCAAATTC; Type: regular 5'; Length: 35; Trimmed: 1980 times.

No. of allowed errors:
0-9 bp: 0; 10-19 bp: 1; 20-29 bp: 2; 30-35 bp: 3

Overview of removed sequences
length	count	expect	max.err	error counts
5	1	329.0	0	1
6	6	82.2	0	6
13	2	0.0	1	1 1
14	4	0.0	1	4
17	1	0.0	1	1
18	1	0.0	1	1
20	1	0.0	2	0 0 1
21	2	0.0	2	2
23	1	0.0	2	0 1
24	1	0.0	2	0 0 1
27	1	0.0	2	0 0 1
28	1	0.0	2	0 1
30	7	0.0	3	4 0 2 1
31	7	0.0	3	3 1 1 2
32	4	0.0	3	1 1 0 2
33	3	0.0	3	0 0 1 2
34	44	0.0	3	3 12 14 15
35	1622	0.0	3	831 395 247 149
36	12	0.0	3	0 1 3 8
37	28	0.0	3	0 0 1 27
38	226	0.0	3	0 0 0 226
40	2	0.0	3	1 0 1
43	1	0.0	3	1
44	1	0.0	3	1
46	1	0.0	3	1
