This is cutadapt 2.6 with Python 3.7.3
Command line parameters: -g ACGTTGGATGTTTGTTACTATGGTAGATACCACAC -g ACGTTGGATGTTTGTTACTAAGGTAGATACCACTC -g ACGTTGGATGTTTGTTACTGTGGTGGATACTAC -g ACGTTGGATGTTTGTTACTGTTGTGGATACAAC -g ACGTTGGATGTTTGTTACCGTTGTTGATACTAC -g ACGTTGGATGAATATATGTGTGCTTATTTG -G ACGTTGGATGTTTGTTACTATGGTAGATACCACAC -G ACGTTGGATGTTTGTTACTGTGGTGGATACTAC -G ACGTTGGATGTTTGTTACTGTTGTGGATACAAC -G ACGTTGGATGTTTGTTACCGTTGTTGATACTAC -G ACGTTGGATGAATATATGTGTGCTTATTTG -G ACGTTGGATGTTTGTTACTAAGGTAGATACCACTC -g ACGTTGGATGGAAAAATAAACTGCAAATCATATTC -g ACGTTGGATGGAAAAATAAACTGTAAATCATATTC -g ACGTTGGATGGAAAAATAAATTGTAAATCATACTC -g ACGTTGGATGAGATTAGGGAAAGTATTAGA -g ACGTTGGATGGAAAAATAAATTGTAAATCAAATTC -g ACGTTGGATGGAAAAATAAACTGTAAATCATATTCCT -G ACGTTGGATGGAAAAATAAACTGCAAATCATATTC -G ACGTTGGATGAGATTAGGGAAAGTATTAGA -G ACGTTGGATGGAAAAATAAATTGTAAATCATACTC -G ACGTTGGATGGAAAAATAAACTGTAAATCATATTCCT -G ACGTTGGATGGAAAAATAAACTGTAAATCATATTC -G ACGTTGGATGGAAAAATAAATTGTAAATCAAATTC --minimum-length=1 -o /data/projects/mdc-971/reprocess_June_2019_data/analysis/30.primer_trimmed/180367_S27_cutadapt.1.fq.gz -p /data/projects/mdc-971/reprocess_June_2019_data/analysis/30.primer_trimmed/180367_S27_cutadapt.2.fq.gz /data/projects/mdc-971/reprocess_June_2019_data/analysis/20.adapter_trimmed/180367_S27_R1_001.bbduked.trimmed.fastq.gz /data/projects/mdc-971/reprocess_June_2019_data/analysis/20.adapter_trimmed/180367_S27_R2_001.bbduked.trimmed.fastq.gz
Processing reads on 1 core in paired-end mode ...
Finished in 51.86 s (381 us/read; 0.16 M reads/minute).

=== Summary ===

Total read pairs processed:            136,240
  Read 1 with adapter:                 115,566 (84.8%)
  Read 2 with adapter:                  91,601 (67.2%)
Pairs that were too short:                   0 (0.0%)
Pairs written (passing filters):       136,240 (100.0%)

Total basepairs processed:    39,779,108 bp
  Read 1:    19,343,127 bp
  Read 2:    20,435,981 bp
Total written (filtered):     32,736,121 bp (82.3%)
  Read 1:    15,367,289 bp
  Read 2:    17,368,832 bp

=== First read: Adapter 1 ===

Sequence: ACGTTGGATGTTTGTTACTATGGTAGATACCACAC; Type: regular 5'; Length: 35; Trimmed: 10122 times.

No. of allowed errors:
0-9 bp: 0; 10-19 bp: 1; 20-29 bp: 2; 30-35 bp: 3

Overview of removed sequences
length	count	expect	max.err	error counts
3	1	2128.8	0	1
4	1	532.2	0	1
18	1	0.0	1	0 1
21	1	0.0	2	0 0 1
22	3	0.0	2	2 0 1
23	2	0.0	2	0 2
24	2	0.0	2	0 1 1
26	12	0.0	2	5 2 5
27	13	0.0	2	3 4 6
28	42	0.0	2	12 10 15 5
29	81	0.0	2	23 23 27 8
30	181	0.0	3	32 81 39 29
31	101	0.0	3	15 42 30 14
32	229	0.0	3	17 71 68 73
33	701	0.0	3	22 86 320 273
34	1691	0.0	3	18 656 554 463
35	6088	0.0	3	1732 2340 1251 765
36	571	0.0	3	2 184 231 154
37	241	0.0	3	0 0 125 116
38	156	0.0	3	0 0 0 156
39	1	0.0	3	0 1
42	1	0.0	3	0 0 1
52	1	0.0	3	0 0 0 1
67	1	0.0	3	0 0 0 1


=== First read: Adapter 2 ===

Sequence: ACGTTGGATGTTTGTTACTAAGGTAGATACCACTC; Type: regular 5'; Length: 35; Trimmed: 8857 times.

No. of allowed errors:
0-9 bp: 0; 10-19 bp: 1; 20-29 bp: 2; 30-35 bp: 3

Overview of removed sequences
length	count	expect	max.err	error counts
14	2	0.0	1	2
18	1	0.0	1	0 1
19	2	0.0	1	1 1
22	1	0.0	2	1
23	3	0.0	2	2 1
24	3	0.0	2	2 0 1
25	2	0.0	2	1 1
26	18	0.0	2	6 8 4
27	32	0.0	2	20 9 3
28	32	0.0	2	20 8 2 2
29	91	0.0	2	40 28 19 4
30	436	0.0	3	253 119 42 22
31	327	0.0	3	139 105 56 27
32	581	0.0	3	232 186 109 54
33	504	0.0	3	130 152 130 92
34	1315	0.0	3	123 600 341 251
35	5004	0.0	3	2311 1397 822 474
36	337	0.0	3	6 130 125 76
37	90	0.0	3	0 1 48 41
38	67	0.0	3	0 0 0 67
39	2	0.0	3	1 1
42	1	0.0	3	0 0 0 1
43	2	0.0	3	0 1 1
44	2	0.0	3	1 0 1
48	1	0.0	3	1
65	1	0.0	3	0 0 1


=== First read: Adapter 3 ===

Sequence: ACGTTGGATGTTTGTTACTGTGGTGGATACTAC; Type: regular 5'; Length: 33; Trimmed: 17635 times.

No. of allowed errors:
0-9 bp: 0; 10-19 bp: 1; 20-29 bp: 2; 30-33 bp: 3

Overview of removed sequences
length	count	expect	max.err	error counts
3	3	2128.8	0	3
9	2	0.5	0	2
14	5	0.0	1	5
16	3	0.0	1	2 1
17	1	0.0	1	0 1
18	2	0.0	1	1 1
19	9	0.0	1	3 6
20	15	0.0	2	9 6
21	10	0.0	2	9 1
22	9	0.0	2	3 5 1
23	4	0.0	2	2 0 2
24	75	0.0	2	42 21 12
25	216	0.0	2	108 79 29
26	293	0.0	2	156 101 36
27	588	0.0	2	381 153 53 1
28	1251	0.0	2	764 342 138 7
29	792	0.0	2	334 278 145 35
30	2152	0.0	3	838 665 328 321
31	1649	0.0	3	316 430 520 383
32	2225	0.0	3	163 808 729 525
33	6800	0.0	3	2624 2226 1184 766
34	1212	0.0	3	1 488 487 236
35	248	0.0	3	3 1 122 122
36	51	0.0	3	3 0 2 46
37	6	0.0	3	6
38	2	0.0	3	0 1 1
39	1	0.0	3	1
40	1	0.0	3	1
41	3	0.0	3	1 1 1
42	2	0.0	3	0 1 1
44	2	0.0	3	0 2
45	1	0.0	3	0 1
50	1	0.0	3	1
62	1	0.0	3	0 0 1


=== First read: Adapter 4 ===

Sequence: ACGTTGGATGTTTGTTACTGTTGTGGATACAAC; Type: regular 5'; Length: 33; Trimmed: 5318 times.

No. of allowed errors:
0-9 bp: 0; 10-19 bp: 1; 20-29 bp: 2; 30-33 bp: 3

Overview of removed sequences
length	count	expect	max.err	error counts
3	16	2128.8	0	16
21	1	0.0	2	0 0 1
24	5	0.0	2	3 2
25	17	0.0	2	8 7 2
26	23	0.0	2	13 6 4
27	43	0.0	2	23 15 5
28	109	0.0	2	69 27 12 1
29	82	0.0	2	34 25 23
30	146	0.0	3	49 47 25 25
31	234	0.0	3	50 41 81 62
32	587	0.0	3	46 227 159 155
33	3509	0.0	3	1636 909 650 314
34	279	0.0	3	2 112 102 63
35	197	0.0	3	0 0 109 88
36	69	0.0	3	1 0 0 68
44	1	0.0	3	0 0 1


=== First read: Adapter 5 ===

Sequence: ACGTTGGATGTTTGTTACCGTTGTTGATACTAC; Type: regular 5'; Length: 33; Trimmed: 9231 times.

No. of allowed errors:
0-9 bp: 0; 10-19 bp: 1; 20-29 bp: 2; 30-33 bp: 3

Overview of removed sequences
length	count	expect	max.err	error counts
14	1	0.0	1	1
17	1	0.0	1	1
18	2	0.0	1	1 1
19	4	0.0	1	2 1 1
20	5	0.0	2	4 1
21	4	0.0	2	2 1 1
24	19	0.0	2	11 6 2
25	52	0.0	2	34 12 6
26	60	0.0	2	28 19 13
27	182	0.0	2	110 60 12
28	419	0.0	2	241 123 54 1
29	341	0.0	2	114 132 79 16
30	1048	0.0	3	325 298 150 275
31	1028	0.0	3	158 229 347 294
32	1634	0.0	3	84 424 684 442
33	3538	0.0	3	1650 1042 559 287
34	673	0.0	3	0 174 325 174
35	194	0.0	3	1 1 32 160
36	12	0.0	3	1 0 0 11
37	4	0.0	3	3 0 0 1
38	2	0.0	3	0 1 1
40	1	0.0	3	1
41	3	0.0	3	0 3
42	1	0.0	3	0 0 0 1
44	1	0.0	3	1
45	1	0.0	3	0 1
47	1	0.0	3	0 0 1


=== First read: Adapter 6 ===

Sequence: ACGTTGGATGAATATATGTGTGCTTATTTG; Type: regular 5'; Length: 30; Trimmed: 99 times.

No. of allowed errors:
0-9 bp: 0; 10-19 bp: 1; 20-29 bp: 2; 30 bp: 3

Overview of removed sequences
length	count	expect	max.err	error counts
3	87	2128.8	0	87
4	9	532.2	0	9
5	1	133.0	0	1
30	2	0.0	3	2


=== First read: Adapter 7 ===

Sequence: ACGTTGGATGGAAAAATAAACTGCAAATCATATTC; Type: regular 5'; Length: 35; Trimmed: 19672 times.

No. of allowed errors:
0-9 bp: 0; 10-19 bp: 1; 20-29 bp: 2; 30-35 bp: 3

Overview of removed sequences
length	count	expect	max.err	error counts
21	1	0.0	2	1
22	1	0.0	2	0 1
26	1	0.0	2	0 1
28	2	0.0	2	1 1
29	10	0.0	2	5 5
30	36	0.0	3	16 15 4 1
31	31	0.0	3	12 9 4 6
32	331	0.0	3	9 5 3 314
33	424	0.0	3	10 8 245 161
34	3712	0.0	3	32 2779 611 290
35	10766	0.0	3	7489 1854 737 686
36	3850	0.0	3	0 2646 668 536
37	366	0.0	3	0 0 134 232
38	139	0.0	3	0 0 0 139
48	1	0.0	3	1
53	1	0.0	3	0 1


=== First read: Adapter 8 ===

Sequence: ACGTTGGATGGAAAAATAAACTGTAAATCATATTC; Type: regular 5'; Length: 35; Trimmed: 5304 times.

No. of allowed errors:
0-9 bp: 0; 10-19 bp: 1; 20-29 bp: 2; 30-35 bp: 3

Overview of removed sequences
length	count	expect	max.err	error counts
18	1	0.0	1	1
24	1	0.0	2	1
30	1	0.0	3	0 1
31	5	0.0	3	1 0 2 2
32	611	0.0	3	0 1 1 609
33	209	0.0	3	1 2 99 107
34	1227	0.0	3	1 787 202 237
35	2209	0.0	3	776 613 419 401
36	766	0.0	3	0 231 249 286
37	215	0.0	3	0 0 41 174
38	58	0.0	3	0 0 0 58
61	1	0.0	3	0 0 1


=== First read: Adapter 9 ===

Sequence: ACGTTGGATGGAAAAATAAATTGTAAATCATACTC; Type: regular 5'; Length: 35; Trimmed: 6613 times.

No. of allowed errors:
0-9 bp: 0; 10-19 bp: 1; 20-29 bp: 2; 30-35 bp: 3

Overview of removed sequences
length	count	expect	max.err	error counts
29	1	0.0	2	0 0 1
30	2	0.0	3	2
31	5	0.0	3	4 0 0 1
32	40	0.0	3	2 0 0 38
33	229	0.0	3	5 5 154 65
34	516	0.0	3	88 279 98 51
35	5544	0.0	3	3434 881 313 916
36	142	0.0	3	1 80 40 21
37	61	0.0	3	0 0 20 41
38	68	0.0	3	0 0 0 68
39	1	0.0	3	1
40	1	0.0	3	0 1
44	1	0.0	3	1
52	1	0.0	3	0 0 1
73	1	0.0	3	0 0 1


=== First read: Adapter 10 ===

Sequence: ACGTTGGATGAGATTAGGGAAAGTATTAGA; Type: regular 5'; Length: 30; Trimmed: 30 times.

No. of allowed errors:
0-9 bp: 0; 10-19 bp: 1; 20-29 bp: 2; 30 bp: 3

Overview of removed sequences
length	count	expect	max.err	error counts
3	27	2128.8	0	27
4	2	532.2	0	2
5	1	133.0	0	1


=== First read: Adapter 11 ===

Sequence: ACGTTGGATGGAAAAATAAATTGTAAATCAAATTC; Type: regular 5'; Length: 35; Trimmed: 2850 times.

No. of allowed errors:
0-9 bp: 0; 10-19 bp: 1; 20-29 bp: 2; 30-35 bp: 3

Overview of removed sequences
length	count	expect	max.err	error counts
30	2	0.0	3	2
31	3	0.0	3	2 1
32	6	0.0	3	0 0 0 6
33	5	0.0	3	0 2 1 2
34	125	0.0	3	12 55 38 20
35	2598	0.0	3	1731 514 246 107
36	54	0.0	3	1 15 19 19
37	29	0.0	3	1 0 15 13
38	28	0.0	3	0 0 0 28


=== First read: Adapter 12 ===

Sequence: ACGTTGGATGGAAAAATAAACTGTAAATCATATTCCT; Type: regular 5'; Length: 37; Trimmed: 29835 times.

No. of allowed errors:
0-9 bp: 0; 10-19 bp: 1; 20-29 bp: 2; 30-37 bp: 3

Overview of removed sequences
length	count	expect	max.err	error counts
3	17	2128.8	0	17
5	1	133.0	0	1
19	2	0.0	1	2
20	2	0.0	2	1 0 1
21	2	0.0	2	0 2
24	1	0.0	2	1
28	1	0.0	2	0 1
30	2	0.0	3	0 0 2
31	22	0.0	3	2 11 6 3
32	27	0.0	3	4 9 8 6
33	33	0.0	3	3 12 14 4
34	91	0.0	3	6 8 3 74
35	1771	0.0	3	5 30 1422 314
36	6124	0.0	3	20 3849 1535 720
37	15850	0.0	3	5428 7127 2296 999
38	2878	0.0	3	2 616 1515 745
39	2354	0.0	3	0 0 471 1883
40	654	0.0	3	0 0 0 654
41	1	0.0	3	0 1
42	1	0.0	3	1
52	1	0.0	3	0 0 1


=== Second read: Adapter 13 ===

Sequence: ACGTTGGATGTTTGTTACTATGGTAGATACCACAC; Type: regular 5'; Length: 35; Trimmed: 12937 times.

No. of allowed errors:
0-9 bp: 0; 10-19 bp: 1; 20-29 bp: 2; 30-35 bp: 3

Overview of removed sequences
length	count	expect	max.err	error counts
3	6	2128.8	0	6
4	9	532.2	0	9
13	1	0.0	1	0 1
18	1	0.0	1	1
20	1	0.0	2	1
21	1	0.0	2	0 1
23	3	0.0	2	0 2 1
24	1	0.0	2	1
26	3	0.0	2	0 1 2
27	2	0.0	2	1 0 1
28	19	0.0	2	2 6 5 6
29	25	0.0	2	4 2 12 7
30	84	0.0	3	6 30 27 21
31	110	0.0	3	7 35 37 31
32	172	0.0	3	4 39 45 84
33	1118	0.0	3	5 61 464 588
34	1340	0.0	3	10 472 463 395
35	8816	0.0	3	1912 3354 2096 1454
36	724	0.0	3	2 171 302 249
37	369	0.0	3	0 0 159 210
38	107	0.0	3	0 0 0 107
39	1	0.0	3	1
40	1	0.0	3	0 0 0 1
43	6	0.0	3	0 1 2 3
44	3	0.0	3	0 0 2 1
46	4	0.0	3	0 2 1 1
47	1	0.0	3	0 1
48	2	0.0	3	0 2
49	3	0.0	3	0 1 1 1
50	1	0.0	3	0 0 1
51	1	0.0	3	1
53	2	0.0	3	0 0 2


=== Second read: Adapter 14 ===

Sequence: ACGTTGGATGTTTGTTACTGTGGTGGATACTAC; Type: regular 5'; Length: 33; Trimmed: 23343 times.

No. of allowed errors:
0-9 bp: 0; 10-19 bp: 1; 20-29 bp: 2; 30-33 bp: 3

Overview of removed sequences
length	count	expect	max.err	error counts
3	5	2128.8	0	5
5	2	133.0	0	2
14	4	0.0	1	3 1
15	1	0.0	1	1
17	1	0.0	1	1
18	3	0.0	1	0 3
19	3	0.0	1	0 3
20	4	0.0	2	2 1 1
21	1	0.0	2	0 0 1
22	4	0.0	2	0 4
23	3	0.0	2	0 2 1
24	19	0.0	2	7 5 7
25	26	0.0	2	7 11 8
26	70	0.0	2	22 26 22
27	80	0.0	2	28 32 20
28	233	0.0	2	89 87 56 1
29	319	0.0	2	81 114 110 14
30	2106	0.0	3	126 185 172 1623
31	2397	0.0	3	180 224 712 1281
32	3888	0.0	3	106 1176 1362 1244
33	10902	0.0	3	4175 3529 1963 1235
34	2486	0.0	3	3 929 974 580
35	427	0.0	3	2 3 186 236
36	99	0.0	3	0 0 0 99
37	5	0.0	3	1 3 1
38	3	0.0	3	0 1 0 2
39	14	0.0	3	1 0 3 10
40	12	0.0	3	1 4 4 3
41	45	0.0	3	13 12 12 8
42	24	0.0	3	6 9 7 2
43	18	0.0	3	5 5 2 6
44	34	0.0	3	12 6 10 6
45	25	0.0	3	6 6 8 5
46	9	0.0	3	1 3 2 3
47	8	0.0	3	2 0 1 5
48	4	0.0	3	0 1 1 2
49	13	0.0	3	2 3 4 4
50	9	0.0	3	4 2 1 2
51	7	0.0	3	4 0 2 1
52	9	0.0	3	4 0 3 2
53	9	0.0	3	2 2 3 2
54	5	0.0	3	2 0 1 2
55	1	0.0	3	0 1
56	4	0.0	3	2 0 0 2
57	2	0.0	3	1 1


=== Second read: Adapter 15 ===

Sequence: ACGTTGGATGTTTGTTACTGTTGTGGATACAAC; Type: regular 5'; Length: 33; Trimmed: 10825 times.

No. of allowed errors:
0-9 bp: 0; 10-19 bp: 1; 20-29 bp: 2; 30-33 bp: 3

Overview of removed sequences
length	count	expect	max.err	error counts
3	382	2128.8	0	382
4	1	532.2	0	1
5	2	133.0	0	2
9	1	0.5	0	0 1
21	1	0.0	2	1
24	2	0.0	2	0 1 1
25	4	0.0	2	1 3
26	5	0.0	2	3 1 1
27	8	0.0	2	4 0 4
28	29	0.0	2	8 12 9
29	37	0.0	2	10 12 13 2
30	101	0.0	3	29 23 9 40
31	396	0.0	3	28 24 121 223
32	1915	0.0	3	17 587 544 767
33	6687	0.0	3	1921 1624 2075 1067
34	592	0.0	3	0 165 220 207
35	381	0.0	3	0 0 180 201
36	149	0.0	3	0 0 0 149
38	2	0.0	3	0 0 2
40	3	0.0	3	0 0 1 2
41	24	0.0	3	5 8 6 5
42	22	0.0	3	9 1 8 4
43	4	0.0	3	1 1 2
44	7	0.0	3	3 2 1 1
45	7	0.0	3	1 3 3
46	2	0.0	3	1 0 0 1
47	2	0.0	3	1 0 1
48	2	0.0	3	1 0 1
49	8	0.0	3	2 2 3 1
50	7	0.0	3	2 3 1 1
51	9	0.0	3	1 3 4 1
52	11	0.0	3	3 4 1 3
53	8	0.0	3	2 2 2 2
54	3	0.0	3	1 0 0 2
55	2	0.0	3	0 2
56	4	0.0	3	0 2 0 2
57	2	0.0	3	1 1
58	1	0.0	3	1
62	1	0.0	3	0 0 1
64	1	0.0	3	0 1


=== Second read: Adapter 16 ===

Sequence: ACGTTGGATGTTTGTTACCGTTGTTGATACTAC; Type: regular 5'; Length: 33; Trimmed: 13724 times.

No. of allowed errors:
0-9 bp: 0; 10-19 bp: 1; 20-29 bp: 2; 30-33 bp: 3

Overview of removed sequences
length	count	expect	max.err	error counts
15	1	0.0	1	1
18	1	0.0	1	0 1
23	1	0.0	2	1
24	1	0.0	2	0 0 1
25	4	0.0	2	0 2 2
26	22	0.0	2	5 9 8
27	36	0.0	2	16 8 12
28	106	0.0	2	38 40 28
29	172	0.0	2	46 67 51 8
30	1443	0.0	3	62 103 77 1201
31	1130	0.0	3	105 105 375 545
32	3149	0.0	3	33 741 1382 993
33	5835	0.0	3	2658 1635 959 583
34	1435	0.0	3	2 311 680 442
35	274	0.0	3	0 0 65 209
36	45	0.0	3	0 2 0 43
37	1	0.0	3	0 0 0 1
38	2	0.0	3	0 1 0 1
40	4	0.0	3	0 0 1 3
41	11	0.0	3	2 2 3 4
42	9	0.0	3	3 3 2 1
43	7	0.0	3	1 1 5
44	3	0.0	3	2 1
45	8	0.0	3	1 5 1 1
46	2	0.0	3	0 1 0 1
47	2	0.0	3	1 1
48	2	0.0	3	0 0 1 1
49	4	0.0	3	1 2 1
50	4	0.0	3	2 1 0 1
51	3	0.0	3	2 0 1
53	1	0.0	3	0 1
54	3	0.0	3	1 0 0 2
56	2	0.0	3	1 0 1
57	1	0.0	3	1


=== Second read: Adapter 17 ===

Sequence: ACGTTGGATGAATATATGTGTGCTTATTTG; Type: regular 5'; Length: 30; Trimmed: 328 times.

No. of allowed errors:
0-9 bp: 0; 10-19 bp: 1; 20-29 bp: 2; 30 bp: 3

Overview of removed sequences
length	count	expect	max.err	error counts
3	308	2128.8	0	308
4	12	532.2	0	12
5	3	133.0	0	3
6	3	33.3	0	3
29	1	0.0	2	0 0 0 1
30	1	0.0	3	1


=== Second read: Adapter 18 ===

Sequence: ACGTTGGATGTTTGTTACTAAGGTAGATACCACTC; Type: regular 5'; Length: 35; Trimmed: 9519 times.

No. of allowed errors:
0-9 bp: 0; 10-19 bp: 1; 20-29 bp: 2; 30-35 bp: 3

Overview of removed sequences
length	count	expect	max.err	error counts
3	3	2128.8	0	3
4	3	532.2	0	3
14	1	0.0	1	1
24	1	0.0	2	1
26	5	0.0	2	2 2 1
27	6	0.0	2	2 3 1
28	5	0.0	2	2 2 1
29	26	0.0	2	10 11 4 1
30	97	0.0	3	29 31 18 19
31	169	0.0	3	38 57 46 28
32	185	0.0	3	39 50 47 49
33	434	0.0	3	83 72 135 144
34	1093	0.0	3	43 439 325 286
35	6673	0.0	3	2705 1817 1255 896
36	560	0.0	3	4 189 197 170
37	146	0.0	3	0 1 69 76
38	68	0.0	3	0 0 0 68
40	1	0.0	3	1
43	8	0.0	3	3 1 4
44	6	0.0	3	1 3 2
45	2	0.0	3	0 0 1 1
46	12	0.0	3	3 6 0 3
47	4	0.0	3	1 1 2
48	4	0.0	3	1 2 1
49	1	0.0	3	0 0 1
52	1	0.0	3	0 1
53	1	0.0	3	0 0 1
55	1	0.0	3	0 1
60	2	0.0	3	2
68	1	0.0	3	0 0 1


=== Second read: Adapter 19 ===

Sequence: ACGTTGGATGGAAAAATAAACTGCAAATCATATTC; Type: regular 5'; Length: 35; Trimmed: 5064 times.

No. of allowed errors:
0-9 bp: 0; 10-19 bp: 1; 20-29 bp: 2; 30-35 bp: 3

Overview of removed sequences
length	count	expect	max.err	error counts
3	45	2128.8	0	45
4	1	532.2	0	1
5	1	133.0	0	1
18	2	0.0	1	2
22	1	0.0	2	0 1
26	2	0.0	2	1 1
29	5	0.0	2	1 3 1
30	4	0.0	3	1 2 1
31	6	0.0	3	1 4 1
32	113	0.0	3	2 6 1 104
33	161	0.0	3	1 3 79 78
34	873	0.0	3	4 437 236 196
35	2575	0.0	3	1182 625 383 385
36	1088	0.0	3	0 502 284 302
37	102	0.0	3	0 0 33 69
38	77	0.0	3	0 1 0 76
44	4	0.0	3	1 1 1 1
46	1	0.0	3	0 1
54	2	0.0	3	0 0 2
57	1	0.0	3	1


=== Second read: Adapter 20 ===

Sequence: ACGTTGGATGAGATTAGGGAAAGTATTAGA; Type: regular 5'; Length: 30; Trimmed: 21 times.

No. of allowed errors:
0-9 bp: 0; 10-19 bp: 1; 20-29 bp: 2; 30 bp: 3

Overview of removed sequences
length	count	expect	max.err	error counts
3	18	2128.8	0	18
4	1	532.2	0	1
5	1	133.0	0	1
30	1	0.0	3	0 1


=== Second read: Adapter 21 ===

Sequence: ACGTTGGATGGAAAAATAAATTGTAAATCATACTC; Type: regular 5'; Length: 35; Trimmed: 2398 times.

No. of allowed errors:
0-9 bp: 0; 10-19 bp: 1; 20-29 bp: 2; 30-35 bp: 3

Overview of removed sequences
length	count	expect	max.err	error counts
11	1	0.0	1	1
19	2	0.0	1	1 1
27	1	0.0	2	1
29	1	0.0	2	0 1
30	3	0.0	3	2 0 0 1
31	6	0.0	3	0 2 3 1
32	34	0.0	3	1 1 0 32
33	129	0.0	3	8 0 34 87
34	260	0.0	3	7 106 71 76
35	1761	0.0	3	718 418 252 373
36	137	0.0	3	0 31 56 50
37	29	0.0	3	0 0 7 22
38	19	0.0	3	0 0 0 19
41	1	0.0	3	1
43	1	0.0	3	0 0 0 1
44	2	0.0	3	2
45	2	0.0	3	1 1
46	1	0.0	3	1
47	1	0.0	3	0 0 0 1
49	1	0.0	3	0 0 0 1
50	1	0.0	3	1
51	2	0.0	3	0 1 0 1
53	1	0.0	3	1
55	1	0.0	3	0 1
56	1	0.0	3	0 1


=== Second read: Adapter 22 ===

Sequence: ACGTTGGATGGAAAAATAAACTGTAAATCATATTCCT; Type: regular 5'; Length: 37; Trimmed: 9940 times.

No. of allowed errors:
0-9 bp: 0; 10-19 bp: 1; 20-29 bp: 2; 30-37 bp: 3

Overview of removed sequences
length	count	expect	max.err	error counts
3	127	2128.8	0	127
4	147	532.2	0	147
7	1	8.3	0	1
17	1	0.0	1	1
19	2	0.0	1	0 2
20	3	0.0	2	0 2 1
21	3	0.0	2	1 1 1
22	1	0.0	2	1
23	2	0.0	2	0 2
25	2	0.0	2	0 1 1
26	1	0.0	2	0 1
27	1	0.0	2	1
29	2	0.0	2	0 1 1
31	2	0.0	3	0 1 0 1
32	8	0.0	3	2 2 2 2
33	11	0.0	3	0 3 7 1
34	46	0.0	3	0 5 2 39
35	699	0.0	3	3 9 468 219
36	1744	0.0	3	5 787 551 401
37	5448	0.0	3	1307 2175 1214 752
38	915	0.0	3	0 149 405 361
39	598	0.0	3	0 0 122 476
40	152	0.0	3	0 0 0 152
44	2	0.0	3	0 0 2
45	4	0.0	3	0 2 1 1
47	1	0.0	3	0 0 1
49	1	0.0	3	0 1
50	4	0.0	3	1 1 2
51	4	0.0	3	0 1 3
52	2	0.0	3	1 0 1
53	1	0.0	3	1
54	1	0.0	3	0 1
55	3	0.0	3	0 1 1 1
56	1	0.0	3	0 1


=== Second read: Adapter 23 ===

Sequence: ACGTTGGATGGAAAAATAAACTGTAAATCATATTC; Type: regular 5'; Length: 35; Trimmed: 2475 times.

No. of allowed errors:
0-9 bp: 0; 10-19 bp: 1; 20-29 bp: 2; 30-35 bp: 3

Overview of removed sequences
length	count	expect	max.err	error counts
12	1	0.0	1	0 1
15	1	0.0	1	0 1
17	2	0.0	1	0 2
18	1	0.0	1	0 1
21	1	0.0	2	0 0 1
27	1	0.0	2	0 0 0 1
29	1	0.0	2	0 0 0 1
30	4	0.0	3	1 1 0 2
31	3	0.0	3	0 1 2
32	240	0.0	3	1 0 1 238
33	134	0.0	3	0 0 68 66
34	475	0.0	3	0 163 101 211
35	1030	0.0	3	217 254 191 368
36	509	0.0	3	0 107 184 218
37	53	0.0	3	0 0 5 48
38	19	0.0	3	0 0 0 19


=== Second read: Adapter 24 ===

Sequence: ACGTTGGATGGAAAAATAAATTGTAAATCAAATTC; Type: regular 5'; Length: 35; Trimmed: 1027 times.

No. of allowed errors:
0-9 bp: 0; 10-19 bp: 1; 20-29 bp: 2; 30-35 bp: 3

Overview of removed sequences
length	count	expect	max.err	error counts
6	4	33.3	0	4
14	3	0.0	1	3
18	1	0.0	1	1
19	1	0.0	1	1
21	1	0.0	2	0 1
29	1	0.0	2	0 0 1
30	1	0.0	3	1
31	4	0.0	3	2 0 1 1
32	8	0.0	3	0 0 0 8
33	16	0.0	3	0 1 11 4
34	84	0.0	3	2 33 30 19
35	833	0.0	3	427 215 116 75
36	30	0.0	3	0 4 15 11
37	22	0.0	3	0 0 9 13
38	18	0.0	3	0 0 0 18
