This is cutadapt 2.6 with Python 3.7.3
Command line parameters: -g ACGTTGGATGTTTGTTACTATGGTAGATACCACAC -g ACGTTGGATGTTTGTTACTAAGGTAGATACCACTC -g ACGTTGGATGTTTGTTACTGTGGTGGATACTAC -g ACGTTGGATGTTTGTTACTGTTGTGGATACAAC -g ACGTTGGATGTTTGTTACCGTTGTTGATACTAC -g ACGTTGGATGAATATATGTGTGCTTATTTG -G ACGTTGGATGTTTGTTACTATGGTAGATACCACAC -G ACGTTGGATGTTTGTTACTGTGGTGGATACTAC -G ACGTTGGATGTTTGTTACTGTTGTGGATACAAC -G ACGTTGGATGTTTGTTACCGTTGTTGATACTAC -G ACGTTGGATGAATATATGTGTGCTTATTTG -G ACGTTGGATGTTTGTTACTAAGGTAGATACCACTC -g ACGTTGGATGGAAAAATAAACTGCAAATCATATTC -g ACGTTGGATGGAAAAATAAACTGTAAATCATATTC -g ACGTTGGATGGAAAAATAAATTGTAAATCATACTC -g ACGTTGGATGAGATTAGGGAAAGTATTAGA -g ACGTTGGATGGAAAAATAAATTGTAAATCAAATTC -g ACGTTGGATGGAAAAATAAACTGTAAATCATATTCCT -G ACGTTGGATGGAAAAATAAACTGCAAATCATATTC -G ACGTTGGATGAGATTAGGGAAAGTATTAGA -G ACGTTGGATGGAAAAATAAATTGTAAATCATACTC -G ACGTTGGATGGAAAAATAAACTGTAAATCATATTCCT -G ACGTTGGATGGAAAAATAAACTGTAAATCATATTC -G ACGTTGGATGGAAAAATAAATTGTAAATCAAATTC --minimum-length=1 -o /data/projects/mdc-971/reprocess_June_2019_data/analysis/30.primer_trimmed/180350_S12_cutadapt.1.fq.gz -p /data/projects/mdc-971/reprocess_June_2019_data/analysis/30.primer_trimmed/180350_S12_cutadapt.2.fq.gz /data/projects/mdc-971/reprocess_June_2019_data/analysis/20.adapter_trimmed/180350_S12_R1_001.bbduked.trimmed.fastq.gz /data/projects/mdc-971/reprocess_June_2019_data/analysis/20.adapter_trimmed/180350_S12_R2_001.bbduked.trimmed.fastq.gz
Processing reads on 1 core in paired-end mode ...
Finished in 1.46 s (403 us/read; 0.15 M reads/minute).

=== Summary ===

Total read pairs processed:              3,621
  Read 1 with adapter:                   3,096 (85.5%)
  Read 2 with adapter:                   2,341 (64.7%)
Pairs that were too short:                   0 (0.0%)
Pairs written (passing filters):         3,621 (100.0%)

Total basepairs processed:     1,081,740 bp
  Read 1:       538,592 bp
  Read 2:       543,148 bp
Total written (filtered):        893,945 bp (82.6%)
  Read 1:       430,564 bp
  Read 2:       463,381 bp

=== First read: Adapter 1 ===

Sequence: ACGTTGGATGTTTGTTACTATGGTAGATACCACAC; Type: regular 5'; Length: 35; Trimmed: 315 times.

No. of allowed errors:
0-9 bp: 0; 10-19 bp: 1; 20-29 bp: 2; 30-35 bp: 3

Overview of removed sequences
length	count	expect	max.err	error counts
29	1	0.0	2	1
30	4	0.0	3	0 2 2
31	2	0.0	3	0 2
32	5	0.0	3	0 0 2 3
33	23	0.0	3	0 3 8 12
34	44	0.0	3	0 13 16 15
35	217	0.0	3	55 80 42 40
36	11	0.0	3	0 4 4 3
37	7	0.0	3	0 0 3 4
38	1	0.0	3	0 0 0 1


=== First read: Adapter 2 ===

Sequence: ACGTTGGATGTTTGTTACTAAGGTAGATACCACTC; Type: regular 5'; Length: 35; Trimmed: 242 times.

No. of allowed errors:
0-9 bp: 0; 10-19 bp: 1; 20-29 bp: 2; 30-35 bp: 3

Overview of removed sequences
length	count	expect	max.err	error counts
29	1	0.0	2	1
30	4	0.0	3	4
31	3	0.0	3	2 0 0 1
32	1	0.0	3	1
33	20	0.0	3	8 4 6 2
34	23	0.0	3	1 13 4 5
35	185	0.0	3	91 43 32 19
36	2	0.0	3	0 1 1
37	2	0.0	3	0 0 2
38	1	0.0	3	0 0 0 1


=== First read: Adapter 3 ===

Sequence: ACGTTGGATGTTTGTTACTGTGGTGGATACTAC; Type: regular 5'; Length: 33; Trimmed: 320 times.

No. of allowed errors:
0-9 bp: 0; 10-19 bp: 1; 20-29 bp: 2; 30-33 bp: 3

Overview of removed sequences
length	count	expect	max.err	error counts
24	1	0.0	2	1
25	1	0.0	2	1
26	2	0.0	2	2
27	2	0.0	2	0 2
28	7	0.0	2	4 3
29	9	0.0	2	5 2 1 1
30	21	0.0	3	1 6 4 10
31	24	0.0	3	3 6 9 6
32	30	0.0	3	1 14 12 3
33	188	0.0	3	62 54 37 35
34	29	0.0	3	0 10 9 10
35	5	0.0	3	0 0 1 4
37	1	0.0	3	0 1


=== First read: Adapter 4 ===

Sequence: ACGTTGGATGTTTGTTACTGTTGTGGATACAAC; Type: regular 5'; Length: 33; Trimmed: 174 times.

No. of allowed errors:
0-9 bp: 0; 10-19 bp: 1; 20-29 bp: 2; 30-33 bp: 3

Overview of removed sequences
length	count	expect	max.err	error counts
23	1	0.0	2	0 0 1
26	1	0.0	2	1
27	1	0.0	2	1
28	2	0.0	2	1 0 0 1
29	1	0.0	2	0 1
30	2	0.0	3	0 1 1
31	2	0.0	3	0 0 0 2
32	16	0.0	3	3 5 3 5
33	128	0.0	3	51 34 24 19
34	7	0.0	3	0 3 1 3
35	7	0.0	3	0 0 6 1
36	5	0.0	3	0 0 0 5
53	1	0.0	3	1


=== First read: Adapter 5 ===

Sequence: ACGTTGGATGTTTGTTACCGTTGTTGATACTAC; Type: regular 5'; Length: 33; Trimmed: 240 times.

No. of allowed errors:
0-9 bp: 0; 10-19 bp: 1; 20-29 bp: 2; 30-33 bp: 3

Overview of removed sequences
length	count	expect	max.err	error counts
19	1	0.0	1	1
26	1	0.0	2	0 1
27	1	0.0	2	0 0 1
28	2	0.0	2	2
29	2	0.0	2	0 1 1
30	10	0.0	3	2 4 2 2
31	19	0.0	3	1 4 6 8
32	33	0.0	3	2 10 11 10
33	149	0.0	3	78 41 18 12
34	15	0.0	3	0 6 5 4
35	6	0.0	3	0 0 4 2
36	1	0.0	3	0 0 0 1


=== First read: Adapter 6 ===

Sequence: ACGTTGGATGAATATATGTGTGCTTATTTG; Type: regular 5'; Length: 30; Trimmed: 5 times.

No. of allowed errors:
0-9 bp: 0; 10-19 bp: 1; 20-29 bp: 2; 30 bp: 3

Overview of removed sequences
length	count	expect	max.err	error counts
3	5	56.6	0	5


=== First read: Adapter 7 ===

Sequence: ACGTTGGATGGAAAAATAAACTGCAAATCATATTC; Type: regular 5'; Length: 35; Trimmed: 315 times.

No. of allowed errors:
0-9 bp: 0; 10-19 bp: 1; 20-29 bp: 2; 30-35 bp: 3

Overview of removed sequences
length	count	expect	max.err	error counts
31	1	0.0	3	0 1
32	6	0.0	3	0 0 0 6
33	10	0.0	3	0 0 6 4
34	49	0.0	3	0 34 10 5
35	195	0.0	3	120 30 15 30
36	47	0.0	3	0 35 6 6
37	4	0.0	3	0 0 0 4
38	3	0.0	3	0 0 0 3


=== First read: Adapter 8 ===

Sequence: ACGTTGGATGGAAAAATAAACTGTAAATCATATTC; Type: regular 5'; Length: 35; Trimmed: 84 times.

No. of allowed errors:
0-9 bp: 0; 10-19 bp: 1; 20-29 bp: 2; 30-35 bp: 3

Overview of removed sequences
length	count	expect	max.err	error counts
30	1	0.0	3	0 0 1
32	9	0.0	3	0 0 0 9
33	3	0.0	3	0 0 3
34	11	0.0	3	0 9 2
35	46	0.0	3	8 12 10 16
36	10	0.0	3	0 2 4 4
37	3	0.0	3	0 0 0 3
38	1	0.0	3	0 0 0 1


=== First read: Adapter 9 ===

Sequence: ACGTTGGATGGAAAAATAAATTGTAAATCATACTC; Type: regular 5'; Length: 35; Trimmed: 360 times.

No. of allowed errors:
0-9 bp: 0; 10-19 bp: 1; 20-29 bp: 2; 30-35 bp: 3

Overview of removed sequences
length	count	expect	max.err	error counts
30	1	0.0	3	1
32	1	0.0	3	0 0 0 1
33	2	0.0	3	1 0 0 1
34	34	0.0	3	18 6 5 5
35	307	0.0	3	196 64 20 27
36	6	0.0	3	0 4 2
37	3	0.0	3	0 0 1 2
38	6	0.0	3	0 0 0 6


=== First read: Adapter 10 ===

Sequence: ACGTTGGATGAGATTAGGGAAAGTATTAGA; Type: regular 5'; Length: 30; Trimmed: 1 times.

No. of allowed errors:
0-9 bp: 0; 10-19 bp: 1; 20-29 bp: 2; 30 bp: 3

Overview of removed sequences
length	count	expect	max.err	error counts
3	1	56.6	0	1


=== First read: Adapter 11 ===

Sequence: ACGTTGGATGGAAAAATAAATTGTAAATCAAATTC; Type: regular 5'; Length: 35; Trimmed: 48 times.

No. of allowed errors:
0-9 bp: 0; 10-19 bp: 1; 20-29 bp: 2; 30-35 bp: 3

Overview of removed sequences
length	count	expect	max.err	error counts
35	39	0.0	3	20 8 8 3
37	1	0.0	3	0 0 0 1
38	8	0.0	3	0 0 0 8


=== First read: Adapter 12 ===

Sequence: ACGTTGGATGGAAAAATAAACTGTAAATCATATTCCT; Type: regular 5'; Length: 37; Trimmed: 992 times.

No. of allowed errors:
0-9 bp: 0; 10-19 bp: 1; 20-29 bp: 2; 30-37 bp: 3

Overview of removed sequences
length	count	expect	max.err	error counts
32	5	0.0	3	1 2 1 1
34	7	0.0	3	0 0 3 4
35	19	0.0	3	0 1 13 5
36	177	0.0	3	1 105 36 35
37	662	0.0	3	214 215 137 96
38	64	0.0	3	0 18 36 10
39	45	0.0	3	0 0 13 32
40	13	0.0	3	0 0 0 13


=== Second read: Adapter 13 ===

Sequence: ACGTTGGATGTTTGTTACTATGGTAGATACCACAC; Type: regular 5'; Length: 35; Trimmed: 342 times.

No. of allowed errors:
0-9 bp: 0; 10-19 bp: 1; 20-29 bp: 2; 30-35 bp: 3

Overview of removed sequences
length	count	expect	max.err	error counts
4	1	14.1	0	1
26	1	0.0	2	1
29	1	0.0	2	0 0 1
31	1	0.0	3	0 0 1
32	2	0.0	3	0 1 0 1
33	24	0.0	3	0 1 13 10
34	27	0.0	3	0 9 7 11
35	264	0.0	3	48 76 74 66
36	15	0.0	3	0 3 8 4
37	4	0.0	3	0 0 0 4
38	2	0.0	3	0 0 0 2


=== Second read: Adapter 14 ===

Sequence: ACGTTGGATGTTTGTTACTGTGGTGGATACTAC; Type: regular 5'; Length: 33; Trimmed: 331 times.

No. of allowed errors:
0-9 bp: 0; 10-19 bp: 1; 20-29 bp: 2; 30-33 bp: 3

Overview of removed sequences
length	count	expect	max.err	error counts
3	2	56.6	0	2
25	1	0.0	2	0 0 1
27	2	0.0	2	2
28	1	0.0	2	0 1
30	16	0.0	3	0 1 1 14
31	32	0.0	3	0 0 13 19
32	58	0.0	3	1 19 19 19
33	189	0.0	3	72 51 36 30
34	23	0.0	3	0 6 6 11
35	3	0.0	3	0 0 0 3
36	3	0.0	3	0 0 0 3
41	1	0.0	3	1


=== Second read: Adapter 15 ===

Sequence: ACGTTGGATGTTTGTTACTGTTGTGGATACAAC; Type: regular 5'; Length: 33; Trimmed: 226 times.

No. of allowed errors:
0-9 bp: 0; 10-19 bp: 1; 20-29 bp: 2; 30-33 bp: 3

Overview of removed sequences
length	count	expect	max.err	error counts
3	16	56.6	0	16
25	1	0.0	2	1
28	1	0.0	2	1
30	1	0.0	3	0 0 1
31	9	0.0	3	0 0 1 8
32	34	0.0	3	0 13 8 13
33	140	0.0	3	48 32 41 19
34	14	0.0	3	0 3 4 7
35	7	0.0	3	0 0 5 2
36	2	0.0	3	0 0 0 2
40	1	0.0	3	0 0 1


=== Second read: Adapter 16 ===

Sequence: ACGTTGGATGTTTGTTACCGTTGTTGATACTAC; Type: regular 5'; Length: 33; Trimmed: 227 times.

No. of allowed errors:
0-9 bp: 0; 10-19 bp: 1; 20-29 bp: 2; 30-33 bp: 3

Overview of removed sequences
length	count	expect	max.err	error counts
27	1	0.0	2	0 0 1
28	1	0.0	2	0 0 1
29	2	0.0	2	1 1
30	11	0.0	3	0 0 1 10
31	15	0.0	3	1 0 8 6
32	59	0.0	3	0 13 27 19
33	111	0.0	3	53 33 15 10
34	18	0.0	3	0 7 4 7
35	4	0.0	3	0 0 2 2
36	2	0.0	3	0 0 0 2
43	1	0.0	3	0 0 1
45	1	0.0	3	1
46	1	0.0	3	0 0 0 1


=== Second read: Adapter 17 ===

Sequence: ACGTTGGATGAATATATGTGTGCTTATTTG; Type: regular 5'; Length: 30; Trimmed: 9 times.

No. of allowed errors:
0-9 bp: 0; 10-19 bp: 1; 20-29 bp: 2; 30 bp: 3

Overview of removed sequences
length	count	expect	max.err	error counts
3	9	56.6	0	9


=== Second read: Adapter 18 ===

Sequence: ACGTTGGATGTTTGTTACTAAGGTAGATACCACTC; Type: regular 5'; Length: 35; Trimmed: 267 times.

No. of allowed errors:
0-9 bp: 0; 10-19 bp: 1; 20-29 bp: 2; 30-35 bp: 3

Overview of removed sequences
length	count	expect	max.err	error counts
31	3	0.0	3	1 1 0 1
32	2	0.0	3	0 0 1 1
33	12	0.0	3	2 0 3 7
34	30	0.0	3	1 11 9 9
35	212	0.0	3	91 48 43 30
36	6	0.0	3	0 3 2 1
37	2	0.0	3	0 0 1 1


=== Second read: Adapter 19 ===

Sequence: ACGTTGGATGGAAAAATAAACTGCAAATCATATTC; Type: regular 5'; Length: 35; Trimmed: 158 times.

No. of allowed errors:
0-9 bp: 0; 10-19 bp: 1; 20-29 bp: 2; 30-35 bp: 3

Overview of removed sequences
length	count	expect	max.err	error counts
31	1	0.0	3	1
32	4	0.0	3	0 0 0 4
33	4	0.0	3	0 0 1 3
34	19	0.0	3	0 8 6 5
35	106	0.0	3	34 20 17 35
36	19	0.0	3	0 10 4 5
37	3	0.0	3	0 0 0 3
38	2	0.0	3	0 0 0 2


=== Second read: Adapter 20 ===

Sequence: ACGTTGGATGAGATTAGGGAAAGTATTAGA; Type: regular 5'; Length: 30; Trimmed: 2 times.

No. of allowed errors:
0-9 bp: 0; 10-19 bp: 1; 20-29 bp: 2; 30 bp: 3

Overview of removed sequences
length	count	expect	max.err	error counts
3	1	56.6	0	1
4	1	14.1	0	1


=== Second read: Adapter 21 ===

Sequence: ACGTTGGATGGAAAAATAAATTGTAAATCATACTC; Type: regular 5'; Length: 35; Trimmed: 178 times.

No. of allowed errors:
0-9 bp: 0; 10-19 bp: 1; 20-29 bp: 2; 30-35 bp: 3

Overview of removed sequences
length	count	expect	max.err	error counts
31	1	0.0	3	0 0 1
33	4	0.0	3	0 0 2 2
34	9	0.0	3	0 3 3 3
35	156	0.0	3	62 42 27 25
36	3	0.0	3	0 1 2
38	4	0.0	3	0 0 0 4
46	1	0.0	3	0 1


=== Second read: Adapter 22 ===

Sequence: ACGTTGGATGGAAAAATAAACTGTAAATCATATTCCT; Type: regular 5'; Length: 37; Trimmed: 516 times.

No. of allowed errors:
0-9 bp: 0; 10-19 bp: 1; 20-29 bp: 2; 30-37 bp: 3

Overview of removed sequences
length	count	expect	max.err	error counts
3	4	56.6	0	4
4	5	14.1	0	5
34	2	0.0	3	0 0 0 2
35	14	0.0	3	0 0 8 6
36	68	0.0	3	1 30 20 17
37	368	0.0	3	74 119 91 84
38	23	0.0	3	0 5 13 5
39	30	0.0	3	0 0 10 20
40	1	0.0	3	0 0 0 1
48	1	0.0	3	0 0 0 1


=== Second read: Adapter 23 ===

Sequence: ACGTTGGATGGAAAAATAAACTGTAAATCATATTC; Type: regular 5'; Length: 35; Trimmed: 46 times.

No. of allowed errors:
0-9 bp: 0; 10-19 bp: 1; 20-29 bp: 2; 30-35 bp: 3

Overview of removed sequences
length	count	expect	max.err	error counts
32	2	0.0	3	0 0 0 2
33	7	0.0	3	0 0 5 2
34	16	0.0	3	0 3 2 11
35	16	0.0	3	0 4 3 9
36	5	0.0	3	0 1 2 2


=== Second read: Adapter 24 ===

Sequence: ACGTTGGATGGAAAAATAAATTGTAAATCAAATTC; Type: regular 5'; Length: 35; Trimmed: 39 times.

No. of allowed errors:
0-9 bp: 0; 10-19 bp: 1; 20-29 bp: 2; 30-35 bp: 3

Overview of removed sequences
length	count	expect	max.err	error counts
34	1	0.0	3	0 0 0 1
35	32	0.0	3	13 14 3 2
38	6	0.0	3	0 0 0 6
