This is cutadapt 2.6 with Python 3.7.3
Command line parameters: -g ACGTTGGATGTTTGTTACTATGGTAGATACCACAC -g ACGTTGGATGTTTGTTACTAAGGTAGATACCACTC -g ACGTTGGATGTTTGTTACTGTGGTGGATACTAC -g ACGTTGGATGTTTGTTACTGTTGTGGATACAAC -g ACGTTGGATGTTTGTTACCGTTGTTGATACTAC -g ACGTTGGATGAATATATGTGTGCTTATTTG -G ACGTTGGATGTTTGTTACTATGGTAGATACCACAC -G ACGTTGGATGTTTGTTACTGTGGTGGATACTAC -G ACGTTGGATGTTTGTTACTGTTGTGGATACAAC -G ACGTTGGATGTTTGTTACCGTTGTTGATACTAC -G ACGTTGGATGAATATATGTGTGCTTATTTG -G ACGTTGGATGTTTGTTACTAAGGTAGATACCACTC -g ACGTTGGATGGAAAAATAAACTGCAAATCATATTC -g ACGTTGGATGGAAAAATAAACTGTAAATCATATTC -g ACGTTGGATGGAAAAATAAATTGTAAATCATACTC -g ACGTTGGATGAGATTAGGGAAAGTATTAGA -g ACGTTGGATGGAAAAATAAATTGTAAATCAAATTC -g ACGTTGGATGGAAAAATAAACTGTAAATCATATTCCT -G ACGTTGGATGGAAAAATAAACTGCAAATCATATTC -G ACGTTGGATGAGATTAGGGAAAGTATTAGA -G ACGTTGGATGGAAAAATAAATTGTAAATCATACTC -G ACGTTGGATGGAAAAATAAACTGTAAATCATATTCCT -G ACGTTGGATGGAAAAATAAACTGTAAATCATATTC -G ACGTTGGATGGAAAAATAAATTGTAAATCAAATTC --minimum-length=1 -o /data/projects/mdc-971/reprocess_June_2019_data/analysis/30.primer_trimmed/180342_S6_cutadapt.1.fq.gz -p /data/projects/mdc-971/reprocess_June_2019_data/analysis/30.primer_trimmed/180342_S6_cutadapt.2.fq.gz /data/projects/mdc-971/reprocess_June_2019_data/analysis/20.adapter_trimmed/180342_S6_R1_001.bbduked.trimmed.fastq.gz /data/projects/mdc-971/reprocess_June_2019_data/analysis/20.adapter_trimmed/180342_S6_R2_001.bbduked.trimmed.fastq.gz
Processing reads on 1 core in paired-end mode ...
Finished in 78.16 s (383 us/read; 0.16 M reads/minute).

=== Summary ===

Total read pairs processed:            203,928
  Read 1 with adapter:                 180,129 (88.3%)
  Read 2 with adapter:                 134,001 (65.7%)
Pairs that were too short:                   0 (0.0%)
Pairs written (passing filters):       203,928 (100.0%)

Total basepairs processed:    59,569,759 bp
  Read 1:    28,980,594 bp
  Read 2:    30,589,165 bp
Total written (filtered):     48,771,853 bp (81.9%)
  Read 1:    22,716,517 bp
  Read 2:    26,055,336 bp

=== First read: Adapter 1 ===

Sequence: ACGTTGGATGTTTGTTACTATGGTAGATACCACAC; Type: regular 5'; Length: 35; Trimmed: 14608 times.

No. of allowed errors:
0-9 bp: 0; 10-19 bp: 1; 20-29 bp: 2; 30-35 bp: 3

Overview of removed sequences
length	count	expect	max.err	error counts
3	3	3186.4	0	3
4	1	796.6	0	1
13	1	0.0	1	0 1
19	1	0.0	1	0 1
20	1	0.0	2	1
21	1	0.0	2	1
22	7	0.0	2	1 3 3
23	3	0.0	2	2 1
24	2	0.0	2	1 0 1
25	2	0.0	2	0 1 1
26	24	0.0	2	8 7 9
27	46	0.0	2	21 13 11 1
28	59	0.0	2	20 20 14 5
29	96	0.0	2	30 39 18 9
30	162	0.0	3	60 51 28 23
31	102	0.0	3	25 29 28 20
32	199	0.0	3	18 46 34 101
33	880	0.0	3	34 66 445 335
34	2524	0.0	3	59 1202 765 498
35	8849	0.0	3	3298 3276 1409 866
36	971	0.0	3	4 375 353 239
37	404	0.0	3	0 1 219 184
38	270	0.0	3	0 0 1 269


=== First read: Adapter 2 ===

Sequence: ACGTTGGATGTTTGTTACTAAGGTAGATACCACTC; Type: regular 5'; Length: 35; Trimmed: 6914 times.

No. of allowed errors:
0-9 bp: 0; 10-19 bp: 1; 20-29 bp: 2; 30-35 bp: 3

Overview of removed sequences
length	count	expect	max.err	error counts
3	1	3186.4	0	1
15	1	0.0	1	1
21	3	0.0	2	1 1 1
22	2	0.0	2	1 0 1
23	1	0.0	2	1
24	1	0.0	2	1
26	11	0.0	2	5 5 1
27	22	0.0	2	7 10 5
28	19	0.0	2	10 6 3
29	48	0.0	2	29 15 4
30	97	0.0	3	50 29 12 6
31	86	0.0	3	32 36 13 5
32	109	0.0	3	38 37 14 20
33	300	0.0	3	43 37 84 136
34	1100	0.0	3	90 631 232 147
35	4394	0.0	3	2723 977 445 249
36	394	0.0	3	2 141 162 89
37	189	0.0	3	0 0 105 84
38	136	0.0	3	0 0 0 136


=== First read: Adapter 3 ===

Sequence: ACGTTGGATGTTTGTTACTGTGGTGGATACTAC; Type: regular 5'; Length: 33; Trimmed: 20769 times.

No. of allowed errors:
0-9 bp: 0; 10-19 bp: 1; 20-29 bp: 2; 30-33 bp: 3

Overview of removed sequences
length	count	expect	max.err	error counts
3	5	3186.4	0	5
4	1	796.6	0	1
5	1	199.1	0	1
13	1	0.0	1	1
14	5	0.0	1	4 1
15	3	0.0	1	2 1
16	4	0.0	1	2 2
17	1	0.0	1	0 1
18	5	0.0	1	1 4
19	7	0.0	1	1 5 1
20	20	0.0	2	17 3
21	15	0.0	2	9 6
22	6	0.0	2	5 1
23	8	0.0	2	0 4 4
24	90	0.0	2	43 32 15
25	176	0.0	2	90 65 21
26	299	0.0	2	144 102 53
27	467	0.0	2	259 157 51
28	603	0.0	2	334 191 72 6
29	434	0.0	2	115 180 104 35
30	1044	0.0	3	238 269 155 382
31	1438	0.0	3	199 250 536 453
32	2723	0.0	3	254 1045 798 626
33	10352	0.0	3	4693 3024 1585 1050
34	2403	0.0	3	1 1069 865 468
35	558	0.0	3	2 3 318 235
36	78	0.0	3	1 1 0 76
37	3	0.0	3	3
38	1	0.0	3	0 1
39	1	0.0	3	0 0 0 1
40	2	0.0	3	0 0 2
41	3	0.0	3	3
43	1	0.0	3	0 0 1
44	5	0.0	3	2 0 1 2
45	1	0.0	3	0 1
47	1	0.0	3	1
49	1	0.0	3	1
52	1	0.0	3	0 1
55	1	0.0	3	0 1
60	1	0.0	3	0 1


=== First read: Adapter 4 ===

Sequence: ACGTTGGATGTTTGTTACTGTTGTGGATACAAC; Type: regular 5'; Length: 33; Trimmed: 10784 times.

No. of allowed errors:
0-9 bp: 0; 10-19 bp: 1; 20-29 bp: 2; 30-33 bp: 3

Overview of removed sequences
length	count	expect	max.err	error counts
3	18	3186.4	0	18
14	1	0.0	1	1
21	1	0.0	2	1
23	2	0.0	2	0 2
24	16	0.0	2	7 7 2
25	48	0.0	2	18 22 8
26	46	0.0	2	17 18 11
27	80	0.0	2	41 31 8
28	206	0.0	2	119 60 24 3
29	124	0.0	2	53 42 21 8
30	258	0.0	3	99 81 50 28
31	489	0.0	3	88 111 175 115
32	1233	0.0	3	108 518 298 309
33	7264	0.0	3	3544 1842 1246 632
34	516	0.0	3	2 225 180 109
35	330	0.0	3	1 2 198 129
36	148	0.0	3	1 0 0 147
40	2	0.0	3	0 1 1
45	1	0.0	3	0 0 1
53	1	0.0	3	0 1


=== First read: Adapter 5 ===

Sequence: ACGTTGGATGTTTGTTACCGTTGTTGATACTAC; Type: regular 5'; Length: 33; Trimmed: 11584 times.

No. of allowed errors:
0-9 bp: 0; 10-19 bp: 1; 20-29 bp: 2; 30-33 bp: 3

Overview of removed sequences
length	count	expect	max.err	error counts
11	2	0.0	1	1 1
18	1	0.0	1	0 1
19	1	0.0	1	0 1
20	8	0.0	2	5 3
21	3	0.0	2	2 1
22	2	0.0	2	1 0 1
23	6	0.0	2	1 2 3
24	19	0.0	2	8 4 7
25	54	0.0	2	25 10 19
26	85	0.0	2	31 29 25
27	196	0.0	2	122 47 27
28	348	0.0	2	167 108 65 8
29	230	0.0	2	64 86 60 20
30	872	0.0	3	154 164 84 470
31	1029	0.0	3	113 143 384 389
32	2537	0.0	3	113 560 1192 672
33	4682	0.0	3	2401 1261 635 385
34	1107	0.0	3	0 357 523 227
35	369	0.0	3	0 1 89 279
36	30	0.0	3	1 0 0 29
41	1	0.0	3	0 1
49	2	0.0	3	0 1 0 1


=== First read: Adapter 6 ===

Sequence: ACGTTGGATGAATATATGTGTGCTTATTTG; Type: regular 5'; Length: 30; Trimmed: 87 times.

No. of allowed errors:
0-9 bp: 0; 10-19 bp: 1; 20-29 bp: 2; 30 bp: 3

Overview of removed sequences
length	count	expect	max.err	error counts
3	63	3186.4	0	63
4	7	796.6	0	7
5	3	199.1	0	3
28	2	0.0	2	0 0 2
30	12	0.0	3	11 0 0 1


=== First read: Adapter 7 ===

Sequence: ACGTTGGATGGAAAAATAAACTGCAAATCATATTC; Type: regular 5'; Length: 35; Trimmed: 36852 times.

No. of allowed errors:
0-9 bp: 0; 10-19 bp: 1; 20-29 bp: 2; 30-35 bp: 3

Overview of removed sequences
length	count	expect	max.err	error counts
3	1	3186.4	0	1
17	1	0.0	1	1
18	1	0.0	1	1
19	1	0.0	1	1
22	2	0.0	2	0 1 1
23	1	0.0	2	1
25	3	0.0	2	1 1 1
26	3	0.0	2	1 1 1
27	3	0.0	2	3
28	4	0.0	2	2 0 1 1
29	23	0.0	2	10 7 3 3
30	124	0.0	3	62 35 19 8
31	93	0.0	3	39 26 15 13
32	566	0.0	3	40 19 19 488
33	837	0.0	3	27 40 438 332
34	5963	0.0	3	88 4216 1068 591
35	22163	0.0	3	15819 3649 1522 1173
36	6271	0.0	3	1 4280 1086 904
37	527	0.0	3	0 0 181 346
38	263	0.0	3	0 0 0 263
43	1	0.0	3	0 0 0 1
56	1	0.0	3	0 0 0 1


=== First read: Adapter 8 ===

Sequence: ACGTTGGATGGAAAAATAAACTGTAAATCATATTC; Type: regular 5'; Length: 35; Trimmed: 10102 times.

No. of allowed errors:
0-9 bp: 0; 10-19 bp: 1; 20-29 bp: 2; 30-35 bp: 3

Overview of removed sequences
length	count	expect	max.err	error counts
18	1	0.0	1	0 1
21	1	0.0	2	1
23	1	0.0	2	1
26	2	0.0	2	1 0 1
28	1	0.0	2	0 0 0 1
29	4	0.0	2	0 1 3
30	11	0.0	3	2 3 3 3
31	5	0.0	3	1 1 0 3
32	817	0.0	3	4 3 2 808
33	441	0.0	3	8 13 256 164
34	1899	0.0	3	20 1209 281 389
35	5417	0.0	3	2642 1259 757 759
36	1092	0.0	3	0 328 377 387
37	323	0.0	3	0 0 50 273
38	87	0.0	3	0 0 0 87


=== First read: Adapter 9 ===

Sequence: ACGTTGGATGGAAAAATAAATTGTAAATCATACTC; Type: regular 5'; Length: 35; Trimmed: 11580 times.

No. of allowed errors:
0-9 bp: 0; 10-19 bp: 1; 20-29 bp: 2; 30-35 bp: 3

Overview of removed sequences
length	count	expect	max.err	error counts
27	1	0.0	2	0 1
29	1	0.0	2	1
30	5	0.0	3	2 2 1
31	17	0.0	3	13 3 1
32	75	0.0	3	1 2 0 72
33	290	0.0	3	6 11 174 99
34	790	0.0	3	194 380 159 57
35	9994	0.0	3	6408 1671 596 1319
36	223	0.0	3	0 90 83 50
37	79	0.0	3	3 1 27 48
38	102	0.0	3	0 1 0 101
40	1	0.0	3	0 1
45	2	0.0	3	2


=== First read: Adapter 10 ===

Sequence: ACGTTGGATGAGATTAGGGAAAGTATTAGA; Type: regular 5'; Length: 30; Trimmed: 126 times.

No. of allowed errors:
0-9 bp: 0; 10-19 bp: 1; 20-29 bp: 2; 30 bp: 3

Overview of removed sequences
length	count	expect	max.err	error counts
3	121	3186.4	0	121
4	1	796.6	0	1
6	1	49.8	0	1
30	1	0.0	3	1
31	2	0.0	3	0 1 0 1


=== First read: Adapter 11 ===

Sequence: ACGTTGGATGGAAAAATAAATTGTAAATCAAATTC; Type: regular 5'; Length: 35; Trimmed: 5467 times.

No. of allowed errors:
0-9 bp: 0; 10-19 bp: 1; 20-29 bp: 2; 30-35 bp: 3

Overview of removed sequences
length	count	expect	max.err	error counts
6	1	49.8	0	1
29	1	0.0	2	0 1
30	3	0.0	3	1 2
31	2	0.0	3	1 0 0 1
32	13	0.0	3	0 0 0 13
33	49	0.0	3	3 6 24 16
34	217	0.0	3	13 84 80 40
35	4998	0.0	3	3371 966 442 219
36	97	0.0	3	1 25 34 37
37	41	0.0	3	0 0 21 20
38	45	0.0	3	0 0 0 45


=== First read: Adapter 12 ===

Sequence: ACGTTGGATGGAAAAATAAACTGTAAATCATATTCCT; Type: regular 5'; Length: 37; Trimmed: 51256 times.

No. of allowed errors:
0-9 bp: 0; 10-19 bp: 1; 20-29 bp: 2; 30-37 bp: 3

Overview of removed sequences
length	count	expect	max.err	error counts
3	8	3186.4	0	8
4	3	796.6	0	3
15	1	0.0	1	0 1
16	1	0.0	1	1
19	3	0.0	1	1 2
20	2	0.0	2	0 1 1
21	2	0.0	2	1 0 1
22	1	0.0	2	0 0 1
26	1	0.0	2	0 1
27	1	0.0	2	0 1
28	2	0.0	2	0 1 1
29	1	0.0	2	0 1
30	5	0.0	3	0 3 2
31	27	0.0	3	1 15 6 5
32	67	0.0	3	10 35 12 10
33	47	0.0	3	10 26 6 5
34	157	0.0	3	11 16 19 111
35	2860	0.0	3	7 66 2236 551
36	12379	0.0	3	54 8321 2714 1290
37	24571	0.0	3	8021 11452 3530 1568
38	5374	0.0	3	2 1093 3026 1253
39	4931	0.0	3	0 1 1092 3838
40	809	0.0	3	0 2 0 807
49	1	0.0	3	1
50	1	0.0	3	0 0 0 1
58	1	0.0	3	1


=== Second read: Adapter 13 ===

Sequence: ACGTTGGATGTTTGTTACTATGGTAGATACCACAC; Type: regular 5'; Length: 35; Trimmed: 16484 times.

No. of allowed errors:
0-9 bp: 0; 10-19 bp: 1; 20-29 bp: 2; 30-35 bp: 3

Overview of removed sequences
length	count	expect	max.err	error counts
3	12	3186.4	0	12
4	7	796.6	0	7
9	1	0.8	0	1
10	1	0.2	1	0 1
12	1	0.0	1	0 1
13	1	0.0	1	1
14	2	0.0	1	2
19	3	0.0	1	2 0 1
20	4	0.0	2	1 1 2
21	6	0.0	2	1 2 3
22	7	0.0	2	1 2 4
23	4	0.0	2	0 0 4
24	1	0.0	2	0 0 1
26	5	0.0	2	1 1 3
27	4	0.0	2	0 1 3
28	17	0.0	2	3 10 3 1
29	31	0.0	2	5 14 7 5
30	39	0.0	3	9 7 15 8
31	44	0.0	3	5 6 18 15
32	131	0.0	3	3 12 10 106
33	1434	0.0	3	10 16 596 812
34	2186	0.0	3	7 705 738 736
35	10618	0.0	3	2532 3597 2543 1946
36	1089	0.0	3	0 287 417 385
37	577	0.0	3	0 0 225 352
38	226	0.0	3	0 0 1 225
41	1	0.0	3	0 0 1
42	3	0.0	3	1 1 0 1
43	7	0.0	3	1 2 3 1
44	2	0.0	3	1 0 0 1
45	2	0.0	3	0 1 0 1
46	5	0.0	3	1 3 1
47	1	0.0	3	0 0 0 1
48	1	0.0	3	0 0 1
50	1	0.0	3	1
51	1	0.0	3	0 1
54	2	0.0	3	1 0 1
55	1	0.0	3	0 1
56	3	0.0	3	0 0 1 2
58	2	0.0	3	1 1
64	1	0.0	3	0 0 0 1


=== Second read: Adapter 14 ===

Sequence: ACGTTGGATGTTTGTTACTGTGGTGGATACTAC; Type: regular 5'; Length: 33; Trimmed: 29860 times.

No. of allowed errors:
0-9 bp: 0; 10-19 bp: 1; 20-29 bp: 2; 30-33 bp: 3

Overview of removed sequences
length	count	expect	max.err	error counts
3	13	3186.4	0	13
5	1	199.1	0	1
13	1	0.0	1	1
14	1	0.0	1	1
16	5	0.0	1	3 2
18	5	0.0	1	0 4 1
19	3	0.0	1	2 0 1
20	10	0.0	2	3 5 2
21	4	0.0	2	0 1 3
22	4	0.0	2	0 2 2
23	3	0.0	2	1 1 1
24	15	0.0	2	6 4 5
25	27	0.0	2	5 12 10
26	56	0.0	2	13 27 16
27	63	0.0	2	18 21 23 1
28	85	0.0	2	20 36 27 2
29	110	0.0	2	25 31 37 17
30	2045	0.0	3	23 54 55 1913
31	2737	0.0	3	50 49 967 1671
32	5429	0.0	3	29 1531 1953 1916
33	13393	0.0	3	4770 4280 2618 1725
34	4579	0.0	3	1 1654 1750 1174
35	665	0.0	3	0 0 254 411
36	140	0.0	3	0 0 1 139
37	5	0.0	3	0 1 0 4
38	9	0.0	3	0 1 2 6
39	24	0.0	3	1 0 4 19
40	27	0.0	3	7 3 9 8
41	70	0.0	3	15 25 17 13
42	49	0.0	3	15 11 9 14
43	33	0.0	3	6 9 6 12
44	37	0.0	3	10 14 6 7
45	29	0.0	3	5 10 4 10
46	18	0.0	3	6 4 2 6
47	19	0.0	3	0 4 5 10
48	19	0.0	3	5 2 3 9
49	25	0.0	3	12 4 5 4
50	30	0.0	3	7 6 6 11
51	25	0.0	3	4 13 4 4
52	17	0.0	3	5 5 6 1
53	15	0.0	3	4 4 4 3
54	5	0.0	3	1 1 2 1
55	5	0.0	3	2 1 2
56	2	0.0	3	1 0 1
57	1	0.0	3	0 0 0 1
60	1	0.0	3	0 0 1
63	1	0.0	3	0 1


=== Second read: Adapter 15 ===

Sequence: ACGTTGGATGTTTGTTACTGTTGTGGATACAAC; Type: regular 5'; Length: 33; Trimmed: 18717 times.

No. of allowed errors:
0-9 bp: 0; 10-19 bp: 1; 20-29 bp: 2; 30-33 bp: 3

Overview of removed sequences
length	count	expect	max.err	error counts
3	531	3186.4	0	531
4	3	796.6	0	3
5	9	199.1	0	9
11	1	0.0	1	1
14	1	0.0	1	0 1
17	2	0.0	1	1 1
19	2	0.0	1	0 2
22	1	0.0	2	0 1
24	1	0.0	2	0 0 1
25	4	0.0	2	0 2 2
26	14	0.0	2	5 4 5
27	20	0.0	2	6 6 8
28	32	0.0	2	13 12 7
29	38	0.0	2	10 17 9 2
30	115	0.0	3	16 12 23 64
31	867	0.0	3	29 34 292 512
32	3609	0.0	3	17 1212 1147 1233
33	11226	0.0	3	3249 2814 3383 1780
34	1112	0.0	3	0 276 384 452
35	507	0.0	3	0 0 237 270
36	256	0.0	3	0 0 0 256
37	1	0.0	3	0 1
39	3	0.0	3	0 1 1 1
40	19	0.0	3	5 4 5 5
41	74	0.0	3	12 22 25 15
42	42	0.0	3	13 10 10 9
43	13	0.0	3	1 4 5 3
44	36	0.0	3	5 16 5 10
45	25	0.0	3	9 8 5 3
46	8	0.0	3	4 1 1 2
47	8	0.0	3	4 2 1 1
48	13	0.0	3	2 5 3 3
49	14	0.0	3	2 2 6 4
50	13	0.0	3	4 6 2 1
51	22	0.0	3	3 9 6 4
52	21	0.0	3	1 6 9 5
53	21	0.0	3	5 7 4 5
54	8	0.0	3	4 2 2
55	11	0.0	3	5 1 3 2
56	1	0.0	3	0 1
57	8	0.0	3	2 5 1
58	1	0.0	3	1
62	1	0.0	3	1
64	1	0.0	3	1
65	2	0.0	3	1 1


=== Second read: Adapter 16 ===

Sequence: ACGTTGGATGTTTGTTACCGTTGTTGATACTAC; Type: regular 5'; Length: 33; Trimmed: 16241 times.

No. of allowed errors:
0-9 bp: 0; 10-19 bp: 1; 20-29 bp: 2; 30-33 bp: 3

Overview of removed sequences
length	count	expect	max.err	error counts
11	1	0.0	1	1
16	1	0.0	1	1
17	2	0.0	1	1 1
18	1	0.0	1	0 1
19	3	0.0	1	0 2 1
20	3	0.0	2	1 0 2
21	1	0.0	2	0 1
23	3	0.0	2	0 2 1
24	5	0.0	2	1 2 2
25	16	0.0	2	1 8 7
26	23	0.0	2	9 9 5
27	29	0.0	2	10 13 6
28	92	0.0	2	25 33 32 2
29	101	0.0	2	23 33 39 6
30	1540	0.0	3	24 39 49 1428
31	1322	0.0	3	34 53 516 719
32	3918	0.0	3	12 842 1671 1393
33	6274	0.0	3	2542 1813 1144 775
34	2240	0.0	3	0 442 1079 719
35	515	0.0	3	0 0 140 375
36	49	0.0	3	0 0 0 49
37	2	0.0	3	0 1 0 1
38	2	0.0	3	0 0 0 2
39	7	0.0	3	0 0 5 2
40	17	0.0	3	1 2 8 6
41	15	0.0	3	2 3 5 5
42	8	0.0	3	1 1 6
43	5	0.0	3	1 1 1 2
44	9	0.0	3	1 4 3 1
45	5	0.0	3	2 1 0 2
46	2	0.0	3	1 0 0 1
47	1	0.0	3	0 0 0 1
48	4	0.0	3	1 0 2 1
49	4	0.0	3	1 0 3
50	2	0.0	3	2
51	3	0.0	3	1 1 1
52	3	0.0	3	0 0 2 1
53	2	0.0	3	0 1 1
54	4	0.0	3	0 0 2 2
55	4	0.0	3	1 2 0 1
56	1	0.0	3	0 0 1
58	1	0.0	3	0 1
61	1	0.0	3	0 0 1


=== Second read: Adapter 17 ===

Sequence: ACGTTGGATGAATATATGTGTGCTTATTTG; Type: regular 5'; Length: 30; Trimmed: 180 times.

No. of allowed errors:
0-9 bp: 0; 10-19 bp: 1; 20-29 bp: 2; 30 bp: 3

Overview of removed sequences
length	count	expect	max.err	error counts
3	162	3186.4	0	162
4	5	796.6	0	5
5	1	199.1	0	1
6	2	49.8	0	2
29	1	0.0	2	0 0 0 1
30	9	0.0	3	1 4 4


=== Second read: Adapter 18 ===

Sequence: ACGTTGGATGTTTGTTACTAAGGTAGATACCACTC; Type: regular 5'; Length: 35; Trimmed: 8082 times.

No. of allowed errors:
0-9 bp: 0; 10-19 bp: 1; 20-29 bp: 2; 30-35 bp: 3

Overview of removed sequences
length	count	expect	max.err	error counts
3	3	3186.4	0	3
4	5	796.6	0	5
11	1	0.0	1	0 1
12	1	0.0	1	0 1
18	4	0.0	1	4
19	2	0.0	1	0 2
20	1	0.0	2	1
21	1	0.0	2	0 0 1
22	5	0.0	2	1 1 3
23	1	0.0	2	1
24	1	0.0	2	0 1
26	5	0.0	2	1 2 2
27	1	0.0	2	0 0 1
28	6	0.0	2	3 1 2
29	16	0.0	2	9 4 3
30	28	0.0	3	8 6 6 8
31	38	0.0	3	13 8 10 7
32	67	0.0	3	4 8 9 46
33	903	0.0	3	19 11 166 707
34	1093	0.0	3	16 439 343 295
35	5042	0.0	3	1884 1427 1045 686
36	518	0.0	3	0 138 188 192
37	216	0.0	3	0 0 90 126
38	97	0.0	3	0 0 0 97
42	2	0.0	3	0 0 1 1
43	8	0.0	3	1 2 2 3
45	1	0.0	3	1
46	1	0.0	3	1
48	1	0.0	3	1
49	1	0.0	3	0 0 0 1
50	1	0.0	3	1
51	2	0.0	3	1 1
53	2	0.0	3	1 0 1
54	1	0.0	3	1
55	5	0.0	3	1 2 2
57	1	0.0	3	0 1
60	1	0.0	3	0 1


=== Second read: Adapter 19 ===

Sequence: ACGTTGGATGGAAAAATAAACTGCAAATCATATTC; Type: regular 5'; Length: 35; Trimmed: 12659 times.

No. of allowed errors:
0-9 bp: 0; 10-19 bp: 1; 20-29 bp: 2; 30-35 bp: 3

Overview of removed sequences
length	count	expect	max.err	error counts
3	22	3186.4	0	22
4	7	796.6	0	7
11	2	0.0	1	0 2
12	1	0.0	1	0 1
13	1	0.0	1	1
17	3	0.0	1	2 1
18	5	0.0	1	3 2
19	5	0.0	1	2 3
20	4	0.0	2	1 3
22	1	0.0	2	0 0 1
25	3	0.0	2	1 1 1
26	2	0.0	2	1 1
28	1	0.0	2	0 0 1
29	3	0.0	2	0 1 1 1
30	20	0.0	3	5 6 4 5
31	30	0.0	3	7 7 8 8
32	236	0.0	3	3 5 3 225
33	452	0.0	3	4 11 223 214
34	2040	0.0	3	9 868 661 502
35	7258	0.0	3	3234 1920 1168 936
36	2196	0.0	3	1 851 640 704
37	236	0.0	3	0 0 74 162
38	105	0.0	3	0 0 0 105
41	1	0.0	3	0 1
43	4	0.0	3	2 2
44	3	0.0	3	1 0 1 1
45	2	0.0	3	0 2
46	1	0.0	3	1
48	4	0.0	3	0 0 2 2
49	6	0.0	3	1 2 2 1
50	1	0.0	3	0 0 1
52	1	0.0	3	0 0 1
53	1	0.0	3	0 0 0 1
55	1	0.0	3	0 0 1
62	1	0.0	3	0 1


=== Second read: Adapter 20 ===

Sequence: ACGTTGGATGAGATTAGGGAAAGTATTAGA; Type: regular 5'; Length: 30; Trimmed: 30 times.

No. of allowed errors:
0-9 bp: 0; 10-19 bp: 1; 20-29 bp: 2; 30 bp: 3

Overview of removed sequences
length	count	expect	max.err	error counts
3	26	3186.4	0	26
4	2	796.6	0	2
29	1	0.0	2	0 1
31	1	0.0	3	0 0 0 1


=== Second read: Adapter 21 ===

Sequence: ACGTTGGATGGAAAAATAAATTGTAAATCATACTC; Type: regular 5'; Length: 35; Trimmed: 4890 times.

No. of allowed errors:
0-9 bp: 0; 10-19 bp: 1; 20-29 bp: 2; 30-35 bp: 3

Overview of removed sequences
length	count	expect	max.err	error counts
5	1	199.1	0	1
11	1	0.0	1	0 1
12	1	0.0	1	1
13	1	0.0	1	0 1
14	1	0.0	1	0 1
17	1	0.0	1	0 1
18	5	0.0	1	4 1
19	2	0.0	1	0 2
20	2	0.0	2	2
21	11	0.0	2	5 2 4
22	2	0.0	2	1 1
24	1	0.0	2	0 1
25	1	0.0	2	0 0 1
26	5	0.0	2	1 3 1
27	1	0.0	2	1
28	1	0.0	2	0 0 0 1
29	1	0.0	2	0 1
30	10	0.0	3	5 2 1 2
31	9	0.0	3	3 1 1 4
32	64	0.0	3	0 0 1 63
33	226	0.0	3	3 3 63 157
34	465	0.0	3	9 181 124 151
35	3639	0.0	3	1453 863 495 828
36	300	0.0	3	0 36 138 126
37	63	0.0	3	0 0 15 48
38	40	0.0	3	0 0 0 40
41	2	0.0	3	0 0 0 2
42	2	0.0	3	0 1 0 1
43	5	0.0	3	3 2
44	5	0.0	3	2 2 1
45	3	0.0	3	1 1 0 1
46	4	0.0	3	0 1 2 1
47	3	0.0	3	2 0 1
48	2	0.0	3	1 0 0 1
49	3	0.0	3	0 0 1 2
53	1	0.0	3	0 0 1
54	3	0.0	3	0 1 1 1
55	2	0.0	3	0 2
58	1	0.0	3	0 0 1


=== Second read: Adapter 22 ===

Sequence: ACGTTGGATGGAAAAATAAACTGTAAATCATATTCCT; Type: regular 5'; Length: 37; Trimmed: 17960 times.

No. of allowed errors:
0-9 bp: 0; 10-19 bp: 1; 20-29 bp: 2; 30-37 bp: 3

Overview of removed sequences
length	count	expect	max.err	error counts
3	91	3186.4	0	91
4	270	796.6	0	270
5	1	199.1	0	1
13	1	0.0	1	0 1
15	2	0.0	1	0 2
16	2	0.0	1	0 2
18	1	0.0	1	0 0 1
19	7	0.0	1	1 3 3
20	18	0.0	2	8 5 5
21	16	0.0	2	5 7 4
22	5	0.0	2	1 2 2
23	3	0.0	2	1 0 2
24	1	0.0	2	0 1
25	2	0.0	2	0 0 2
26	1	0.0	2	0 0 1
27	2	0.0	2	0 1 1
29	3	0.0	2	2 0 0 1
30	3	0.0	3	0 0 0 3
31	11	0.0	3	0 4 5 2
32	22	0.0	3	4 8 6 4
33	30	0.0	3	3 5 13 9
34	73	0.0	3	0 6 8 59
35	1243	0.0	3	1 6 730 506
36	3343	0.0	3	6 1422 1096 819
37	9665	0.0	3	1851 3873 2447 1494
38	1638	0.0	3	0 226 778 634
39	1178	0.0	3	0 1 248 929
40	240	0.0	3	0 0 0 240
42	1	0.0	3	0 0 1
44	6	0.0	3	0 2 3 1
45	19	0.0	3	2 6 5 6
46	9	0.0	3	0 4 0 5
47	5	0.0	3	0 2 2 1
48	3	0.0	3	0 0 1 2
49	8	0.0	3	0 4 1 3
50	3	0.0	3	0 2 1
51	6	0.0	3	0 4 2
52	8	0.0	3	0 6 2
53	3	0.0	3	0 1 1 1
54	2	0.0	3	0 1 1
55	4	0.0	3	1 1 1 1
56	3	0.0	3	1 1 1
57	3	0.0	3	0 0 0 3
58	2	0.0	3	0 1 1
59	2	0.0	3	0 0 0 2
61	1	0.0	3	0 1


=== Second read: Adapter 23 ===

Sequence: ACGTTGGATGGAAAAATAAACTGTAAATCATATTC; Type: regular 5'; Length: 35; Trimmed: 6734 times.

No. of allowed errors:
0-9 bp: 0; 10-19 bp: 1; 20-29 bp: 2; 30-35 bp: 3

Overview of removed sequences
length	count	expect	max.err	error counts
13	1	0.0	1	0 1
14	1	0.0	1	0 1
15	1	0.0	1	1
17	1	0.0	1	0 1
18	4	0.0	1	1 3
19	1	0.0	1	1
21	2	0.0	2	0 0 2
22	1	0.0	2	0 1
25	3	0.0	2	0 2 1
26	1	0.0	2	1
27	1	0.0	2	0 1
28	2	0.0	2	0 2
29	2	0.0	2	0 0 1 1
30	22	0.0	3	3 6 5 8
31	15	0.0	3	4 3 0 8
32	414	0.0	3	0 2 1 411
33	382	0.0	3	2 3 171 206
34	1071	0.0	3	3 288 238 542
35	3531	0.0	3	1109 887 659 876
36	1038	0.0	3	2 267 304 465
37	170	0.0	3	0 0 16 154
38	55	0.0	3	0 0 0 55
42	1	0.0	3	0 0 0 1
43	1	0.0	3	0 1
44	4	0.0	3	0 1 2 1
45	1	0.0	3	0 0 0 1
47	2	0.0	3	0 0 0 2
48	1	0.0	3	0 0 0 1
49	1	0.0	3	0 0 1
50	1	0.0	3	0 0 0 1
51	1	0.0	3	0 1
54	1	0.0	3	0 0 1
55	1	0.0	3	0 0 0 1


=== Second read: Adapter 24 ===

Sequence: ACGTTGGATGGAAAAATAAATTGTAAATCAAATTC; Type: regular 5'; Length: 35; Trimmed: 2164 times.

No. of allowed errors:
0-9 bp: 0; 10-19 bp: 1; 20-29 bp: 2; 30-35 bp: 3

Overview of removed sequences
length	count	expect	max.err	error counts
6	3	49.8	0	3
14	2	0.0	1	2
16	1	0.0	1	1
18	3	0.0	1	3
20	1	0.0	2	1
21	1	0.0	2	0 1
22	2	0.0	2	2
23	2	0.0	2	1 0 1
27	1	0.0	2	1
28	1	0.0	2	1
29	3	0.0	2	1 1 1
30	5	0.0	3	1 3 0 1
31	6	0.0	3	2 2 2
32	27	0.0	3	1 0 0 26
33	55	0.0	3	1 1 41 12
34	165	0.0	3	2 58 61 44
35	1757	0.0	3	818 481 279 179
36	64	0.0	3	0 17 26 21
37	39	0.0	3	0 0 13 26
38	17	0.0	3	0 0 0 17
42	2	0.0	3	0 2
43	1	0.0	3	0 0 0 1
46	2	0.0	3	1 0 1
47	1	0.0	3	0 1
50	2	0.0	3	0 2
53	1	0.0	3	0 0 1
