This is cutadapt 2.6 with Python 3.7.3
Command line parameters: -g ACGTTGGATGTTTGTTACTATGGTAGATACCACAC -g ACGTTGGATGTTTGTTACTAAGGTAGATACCACTC -g ACGTTGGATGTTTGTTACTGTGGTGGATACTAC -g ACGTTGGATGTTTGTTACTGTTGTGGATACAAC -g ACGTTGGATGTTTGTTACCGTTGTTGATACTAC -g ACGTTGGATGAATATATGTGTGCTTATTTG -G ACGTTGGATGTTTGTTACTATGGTAGATACCACAC -G ACGTTGGATGTTTGTTACTGTGGTGGATACTAC -G ACGTTGGATGTTTGTTACTGTTGTGGATACAAC -G ACGTTGGATGTTTGTTACCGTTGTTGATACTAC -G ACGTTGGATGAATATATGTGTGCTTATTTG -G ACGTTGGATGTTTGTTACTAAGGTAGATACCACTC -g ACGTTGGATGGAAAAATAAACTGCAAATCATATTC -g ACGTTGGATGGAAAAATAAACTGTAAATCATATTC -g ACGTTGGATGGAAAAATAAATTGTAAATCATACTC -g ACGTTGGATGAGATTAGGGAAAGTATTAGA -g ACGTTGGATGGAAAAATAAATTGTAAATCAAATTC -g ACGTTGGATGGAAAAATAAACTGTAAATCATATTCCT -G ACGTTGGATGGAAAAATAAACTGCAAATCATATTC -G ACGTTGGATGAGATTAGGGAAAGTATTAGA -G ACGTTGGATGGAAAAATAAATTGTAAATCATACTC -G ACGTTGGATGGAAAAATAAACTGTAAATCATATTCCT -G ACGTTGGATGGAAAAATAAACTGTAAATCATATTC -G ACGTTGGATGGAAAAATAAATTGTAAATCAAATTC --minimum-length=1 -o /data/projects/mdc-971/reprocess_June_2019_data/analysis/30.primer_trimmed/180396_S41_cutadapt.1.fq.gz -p /data/projects/mdc-971/reprocess_June_2019_data/analysis/30.primer_trimmed/180396_S41_cutadapt.2.fq.gz /data/projects/mdc-971/reprocess_June_2019_data/analysis/20.adapter_trimmed/180396_S41_R1_001.bbduked.trimmed.fastq.gz /data/projects/mdc-971/reprocess_June_2019_data/analysis/20.adapter_trimmed/180396_S41_R2_001.bbduked.trimmed.fastq.gz
Processing reads on 1 core in paired-end mode ...
Finished in 160.63 s (380 us/read; 0.16 M reads/minute).

=== Summary ===

Total read pairs processed:            423,229
  Read 1 with adapter:                 386,903 (91.4%)
  Read 2 with adapter:                 331,244 (78.3%)
Pairs that were too short:                   0 (0.0%)
Pairs written (passing filters):       423,229 (100.0%)

Total basepairs processed:   126,304,540 bp
  Read 1:    62,820,265 bp
  Read 2:    63,484,275 bp
Total written (filtered):    101,872,611 bp (80.7%)
  Read 1:    49,580,242 bp
  Read 2:    52,292,369 bp

=== First read: Adapter 1 ===

Sequence: ACGTTGGATGTTTGTTACTATGGTAGATACCACAC; Type: regular 5'; Length: 35; Trimmed: 8193 times.

No. of allowed errors:
0-9 bp: 0; 10-19 bp: 1; 20-29 bp: 2; 30-35 bp: 3

Overview of removed sequences
length	count	expect	max.err	error counts
3	4	6613.0	0	4
4	2	1653.2	0	2
20	2	0.0	2	1 1
21	2	0.0	2	0 1 1
22	4	0.0	2	2 2
23	2	0.0	2	1 1
24	1	0.0	2	0 0 1
26	6	0.0	2	1 3 2
27	14	0.0	2	5 5 3 1
28	13	0.0	2	4 5 3 1
29	48	0.0	2	21 12 12 3
30	83	0.0	3	29 26 18 10
31	55	0.0	3	9 23 14 9
32	97	0.0	3	11 21 23 42
33	453	0.0	3	15 35 218 185
34	1128	0.0	3	23 453 361 291
35	5605	0.0	3	1459 2594 884 668
36	430	0.0	3	0 107 194 129
37	144	0.0	3	0 0 75 69
38	99	0.0	3	0 0 0 99
49	1	0.0	3	1


=== First read: Adapter 2 ===

Sequence: ACGTTGGATGTTTGTTACTAAGGTAGATACCACTC; Type: regular 5'; Length: 35; Trimmed: 5660 times.

No. of allowed errors:
0-9 bp: 0; 10-19 bp: 1; 20-29 bp: 2; 30-35 bp: 3

Overview of removed sequences
length	count	expect	max.err	error counts
18	1	0.0	1	0 1
21	1	0.0	2	0 1
26	4	0.0	2	1 2 1
27	6	0.0	2	1 3 2
28	3	0.0	2	0 2 1
29	17	0.0	2	8 6 2 1
30	40	0.0	3	22 12 3 3
31	41	0.0	3	18 13 5 5
32	54	0.0	3	14 21 11 8
33	108	0.0	3	26 21 34 27
34	731	0.0	3	99 395 145 92
35	4420	0.0	3	2975 860 379 206
36	124	0.0	3	2 44 52 26
37	58	0.0	3	0 0 34 24
38	49	0.0	3	0 0 0 49
39	2	0.0	3	1 1
40	1	0.0	3	0 0 1


=== First read: Adapter 3 ===

Sequence: ACGTTGGATGTTTGTTACTGTGGTGGATACTAC; Type: regular 5'; Length: 33; Trimmed: 47897 times.

No. of allowed errors:
0-9 bp: 0; 10-19 bp: 1; 20-29 bp: 2; 30-33 bp: 3

Overview of removed sequences
length	count	expect	max.err	error counts
4	1	1653.2	0	1
14	3	0.0	1	2 1
16	3	0.0	1	1 2
17	1	0.0	1	0 1
18	1	0.0	1	1
19	9	0.0	1	8 1
20	11	0.0	2	5 5 1
21	7	0.0	2	5 2
22	4	0.0	2	0 2 2
23	9	0.0	2	4 3 2
24	67	0.0	2	33 23 11
25	181	0.0	2	89 66 26
26	210	0.0	2	87 80 43
27	450	0.0	2	271 139 39 1
28	1045	0.0	2	636 308 95 6
29	790	0.0	2	401 248 116 25
30	1886	0.0	3	847 566 220 253
31	2667	0.0	3	1240 652 458 317
32	5591	0.0	3	1387 2184 1283 737
33	33103	0.0	3	15247 10434 4725 2697
34	1501	0.0	3	6 623 542 330
35	271	0.0	3	8 1 169 93
36	44	0.0	3	2 4 2 36
37	14	0.0	3	10 3 1
38	6	0.0	3	4 1 1
39	4	0.0	3	2 2
40	1	0.0	3	0 1
41	6	0.0	3	4 1 1
42	4	0.0	3	2 1 0 1
44	1	0.0	3	1
46	3	0.0	3	0 2 1
48	1	0.0	3	1
54	1	0.0	3	0 1
60	1	0.0	3	0 0 0 1


=== First read: Adapter 4 ===

Sequence: ACGTTGGATGTTTGTTACTGTTGTGGATACAAC; Type: regular 5'; Length: 33; Trimmed: 11143 times.

No. of allowed errors:
0-9 bp: 0; 10-19 bp: 1; 20-29 bp: 2; 30-33 bp: 3

Overview of removed sequences
length	count	expect	max.err	error counts
3	30	6613.0	0	30
17	1	0.0	1	0 1
21	1	0.0	2	0 0 1
23	2	0.0	2	0 1 1
24	8	0.0	2	5 1 2
25	24	0.0	2	15 8 1
26	36	0.0	2	20 15 1
27	25	0.0	2	13 11 1
28	108	0.0	2	70 27 9 2
29	82	0.0	2	36 30 15 1
30	171	0.0	3	65 42 30 34
31	319	0.0	3	98 54 84 83
32	944	0.0	3	123 368 226 227
33	8606	0.0	3	3428 2079 2016 1083
34	462	0.0	3	1 186 152 123
35	220	0.0	3	0 1 129 90
36	98	0.0	3	0 1 0 97
42	1	0.0	3	0 0 1
46	1	0.0	3	0 0 1
48	1	0.0	3	0 1
51	1	0.0	3	1
52	1	0.0	3	1
64	1	0.0	3	0 0 0 1


=== First read: Adapter 5 ===

Sequence: ACGTTGGATGTTTGTTACCGTTGTTGATACTAC; Type: regular 5'; Length: 33; Trimmed: 87534 times.

No. of allowed errors:
0-9 bp: 0; 10-19 bp: 1; 20-29 bp: 2; 30-33 bp: 3

Overview of removed sequences
length	count	expect	max.err	error counts
14	2	0.0	1	2
15	1	0.0	1	1
16	1	0.0	1	0 1
18	1	0.0	1	1
19	5	0.0	1	3 1 1
20	12	0.0	2	11 1
21	2	0.0	2	1 1
22	2	0.0	2	0 2
23	1	0.0	2	0 1
24	31	0.0	2	20 6 5
25	113	0.0	2	65 33 15
26	164	0.0	2	90 52 22
27	549	0.0	2	373 127 48 1
28	1545	0.0	2	1014 406 123 2
29	1364	0.0	2	636 460 232 36
30	3157	0.0	3	1284 1141 426 306
31	4960	0.0	3	2314 1569 713 364
32	10730	0.0	3	2467 4373 2510 1380
33	62695	0.0	3	34948 17545 6912 3290
34	1886	0.0	3	22 758 670 436
35	245	0.0	3	4 5 67 169
36	31	0.0	3	6 2 1 22
37	11	0.0	3	8 2 1
38	1	0.0	3	0 0 0 1
41	4	0.0	3	2 1 0 1
42	3	0.0	3	2 0 1
43	2	0.0	3	2
44	4	0.0	3	1 3
45	1	0.0	3	1
46	2	0.0	3	0 2
47	1	0.0	3	0 1
49	1	0.0	3	0 0 0 1
51	2	0.0	3	1 0 0 1
52	1	0.0	3	1
53	1	0.0	3	0 0 1
58	1	0.0	3	1
62	1	0.0	3	0 0 1
66	1	0.0	3	0 0 0 1


=== First read: Adapter 6 ===

Sequence: ACGTTGGATGAATATATGTGTGCTTATTTG; Type: regular 5'; Length: 30; Trimmed: 70 times.

No. of allowed errors:
0-9 bp: 0; 10-19 bp: 1; 20-29 bp: 2; 30 bp: 3

Overview of removed sequences
length	count	expect	max.err	error counts
3	52	6613.0	0	52
4	9	1653.2	0	9
5	2	413.3	0	2
29	1	0.0	2	0 0 1
30	6	0.0	3	3 3


=== First read: Adapter 7 ===

Sequence: ACGTTGGATGGAAAAATAAACTGCAAATCATATTC; Type: regular 5'; Length: 35; Trimmed: 22390 times.

No. of allowed errors:
0-9 bp: 0; 10-19 bp: 1; 20-29 bp: 2; 30-35 bp: 3

Overview of removed sequences
length	count	expect	max.err	error counts
23	1	0.0	2	1
25	1	0.0	2	1
27	5	0.0	2	2 2 1
28	3	0.0	2	1 1 1
29	9	0.0	2	3 3 1 2
30	64	0.0	3	35 20 7 2
31	53	0.0	3	23 20 5 5
32	265	0.0	3	26 24 10 205
33	417	0.0	3	26 29 212 150
34	2896	0.0	3	70 2057 506 263
35	14863	0.0	3	9423 2064 931 2445
36	2820	0.0	3	0 1841 535 444
37	281	0.0	3	0 0 106 175
38	712	0.0	3	0 0 0 712


=== First read: Adapter 8 ===

Sequence: ACGTTGGATGGAAAAATAAACTGTAAATCATATTC; Type: regular 5'; Length: 35; Trimmed: 5264 times.

No. of allowed errors:
0-9 bp: 0; 10-19 bp: 1; 20-29 bp: 2; 30-35 bp: 3

Overview of removed sequences
length	count	expect	max.err	error counts
24	1	0.0	2	0 1
29	1	0.0	2	0 0 1
30	5	0.0	3	0 1 0 4
31	4	0.0	3	0 1 0 3
32	489	0.0	3	0 0 2 487
33	175	0.0	3	1 2 82 90
34	1061	0.0	3	5 631 146 279
35	2665	0.0	3	587 457 361 1260
36	628	0.0	3	0 157 232 239
37	166	0.0	3	0 0 44 122
38	68	0.0	3	0 0 0 68
39	1	0.0	3	0 0 0 1


=== First read: Adapter 9 ===

Sequence: ACGTTGGATGGAAAAATAAATTGTAAATCATACTC; Type: regular 5'; Length: 35; Trimmed: 149507 times.

No. of allowed errors:
0-9 bp: 0; 10-19 bp: 1; 20-29 bp: 2; 30-35 bp: 3

Overview of removed sequences
length	count	expect	max.err	error counts
5	1	413.3	0	1
17	1	0.0	1	0 1
25	1	0.0	2	1
26	4	0.0	2	3 0 1
27	3	0.0	2	1 1 1
28	2	0.0	2	1 1
29	15	0.0	2	9 2 4
30	190	0.0	3	121 50 14 5
31	522	0.0	3	375 104 29 14
32	413	0.0	3	226 84 26 77
33	1497	0.0	3	515 283 428 271
34	12548	0.0	3	6443 3832 1561 712
35	127092	0.0	3	87266 24795 9860 5171
36	342	0.0	3	34 168 76 64
37	378	0.0	3	60 15 27 276
38	6319	0.0	3	24 7 2 6286
39	25	0.0	3	20 3 1 1
40	9	0.0	3	6 1 0 2
41	6	0.0	3	4 0 1 1
42	19	0.0	3	10 4 5
43	18	0.0	3	13 3 2
44	20	0.0	3	12 5 3
45	13	0.0	3	9 1 2 1
46	18	0.0	3	11 3 4
47	10	0.0	3	7 1 0 2
48	4	0.0	3	3 0 1
49	5	0.0	3	4 1
50	6	0.0	3	5 1
51	7	0.0	3	3 2 0 2
52	3	0.0	3	0 0 0 3
53	5	0.0	3	5
54	1	0.0	3	1
55	3	0.0	3	2 1
56	2	0.0	3	1 0 1
57	1	0.0	3	0 0 1
58	1	0.0	3	1
60	1	0.0	3	0 0 1
61	1	0.0	3	0 0 1
65	1	0.0	3	0 0 1


=== First read: Adapter 10 ===

Sequence: ACGTTGGATGAGATTAGGGAAAGTATTAGA; Type: regular 5'; Length: 30; Trimmed: 24 times.

No. of allowed errors:
0-9 bp: 0; 10-19 bp: 1; 20-29 bp: 2; 30 bp: 3

Overview of removed sequences
length	count	expect	max.err	error counts
3	20	6613.0	0	20
29	1	0.0	2	0 1
30	2	0.0	3	2
33	1	0.0	3	0 0 0 1


=== First read: Adapter 11 ===

Sequence: ACGTTGGATGGAAAAATAAATTGTAAATCAAATTC; Type: regular 5'; Length: 35; Trimmed: 2924 times.

No. of allowed errors:
0-9 bp: 0; 10-19 bp: 1; 20-29 bp: 2; 30-35 bp: 3

Overview of removed sequences
length	count	expect	max.err	error counts
24	1	0.0	2	0 1
28	1	0.0	2	0 0 1
31	4	0.0	3	2 0 1 1
32	13	0.0	3	0 0 2 11
33	25	0.0	3	0 1 13 11
34	87	0.0	3	5 31 34 17
35	1732	0.0	3	1076 374 183 99
36	34	0.0	3	0 10 6 18
37	82	0.0	3	0 0 13 69
38	944	0.0	3	0 0 0 944
51	1	0.0	3	0 0 0 1


=== First read: Adapter 12 ===

Sequence: ACGTTGGATGGAAAAATAAACTGTAAATCATATTCCT; Type: regular 5'; Length: 37; Trimmed: 46297 times.

No. of allowed errors:
0-9 bp: 0; 10-19 bp: 1; 20-29 bp: 2; 30-37 bp: 3

Overview of removed sequences
length	count	expect	max.err	error counts
3	21	6613.0	0	21
4	2	1653.2	0	2
18	1	0.0	1	1
19	1	0.0	1	1
20	1	0.0	2	1
22	1	0.0	2	1
23	1	0.0	2	1
28	3	0.0	2	0 1 2
30	5	0.0	3	0 2 1 2
31	31	0.0	3	0 15 14 2
32	103	0.0	3	24 41 31 7
33	79	0.0	3	9 44 13 13
34	176	0.0	3	8 49 30 89
35	1751	0.0	3	20 128 1215 388
36	19225	0.0	3	98 9359 4404 5364
37	20711	0.0	3	7962 7891 2697 2161
38	1874	0.0	3	2 432 982 458
39	2015	0.0	3	1 0 412 1602
40	292	0.0	3	1 1 0 290
45	1	0.0	3	0 0 1
48	1	0.0	3	0 1
53	1	0.0	3	0 0 0 1
63	1	0.0	3	0 0 0 1


=== Second read: Adapter 13 ===

Sequence: ACGTTGGATGTTTGTTACTATGGTAGATACCACAC; Type: regular 5'; Length: 35; Trimmed: 8804 times.

No. of allowed errors:
0-9 bp: 0; 10-19 bp: 1; 20-29 bp: 2; 30-35 bp: 3

Overview of removed sequences
length	count	expect	max.err	error counts
3	11	6613.0	0	11
4	24	1653.2	0	24
10	1	0.4	1	1
14	1	0.0	1	1
20	2	0.0	2	0 2
21	1	0.0	2	0 1
22	3	0.0	2	1 1 1
23	1	0.0	2	0 1
25	2	0.0	2	0 1 1
26	3	0.0	2	1 2
28	2	0.0	2	0 1 1
29	15	0.0	2	6 3 4 2
30	22	0.0	3	5 8 5 4
31	28	0.0	3	5 6 10 7
32	48	0.0	3	5 8 8 27
33	691	0.0	3	6 11 315 359
34	947	0.0	3	4 285 302 356
35	6127	0.0	3	1240 2323 1519 1045
36	526	0.0	3	1 104 229 192
37	236	0.0	3	0 1 90 145
38	96	0.0	3	0 0 0 96
43	2	0.0	3	0 0 2
44	1	0.0	3	0 0 1
45	1	0.0	3	0 1
46	1	0.0	3	1
47	1	0.0	3	0 0 0 1
49	2	0.0	3	0 0 0 2
51	3	0.0	3	0 1 1 1
55	1	0.0	3	0 0 1
56	1	0.0	3	0 0 0 1
57	1	0.0	3	0 0 1
58	1	0.0	3	0 0 0 1
59	1	0.0	3	0 0 1
68	1	0.0	3	0 0 1


=== Second read: Adapter 14 ===

Sequence: ACGTTGGATGTTTGTTACTGTGGTGGATACTAC; Type: regular 5'; Length: 33; Trimmed: 59090 times.

No. of allowed errors:
0-9 bp: 0; 10-19 bp: 1; 20-29 bp: 2; 30-33 bp: 3

Overview of removed sequences
length	count	expect	max.err	error counts
3	27	6613.0	0	27
4	1	1653.2	0	1
5	2	413.3	0	2
12	3	0.0	1	2 1
15	1	0.0	1	0 1
16	3	0.0	1	1 2
17	4	0.0	1	4
18	3	0.0	1	0 2 1
19	3	0.0	1	2 1
20	11	0.0	2	4 2 5
21	5	0.0	2	3 1 1
22	3	0.0	2	0 0 3
23	2	0.0	2	1 1
24	16	0.0	2	7 5 4
25	22	0.0	2	4 8 10
26	51	0.0	2	18 23 10
27	88	0.0	2	40 27 21
28	170	0.0	2	60 66 44
29	288	0.0	2	82 93 102 11
30	1626	0.0	3	110 149 166 1201
31	2069	0.0	3	398 281 552 838
32	8860	0.0	3	281 2814 3077 2688
33	42936	0.0	3	16829 14045 7807 4255
34	2225	0.0	3	6 759 816 644
35	299	0.0	3	0 2 128 169
36	102	0.0	3	2 1 1 98
37	6	0.0	3	0 3 1 2
38	4	0.0	3	2 1 0 1
39	4	0.0	3	2 1 0 1
40	10	0.0	3	1 3 3 3
41	54	0.0	3	9 13 13 19
42	22	0.0	3	6 6 3 7
43	12	0.0	3	0 4 5 3
44	28	0.0	3	10 8 5 5
45	26	0.0	3	9 8 6 3
46	12	0.0	3	5 3 2 2
47	10	0.0	3	1 2 3 4
48	8	0.0	3	0 2 1 5
49	17	0.0	3	7 2 3 5
50	9	0.0	3	2 4 1 2
51	14	0.0	3	4 3 4 3
52	4	0.0	3	1 3
53	17	0.0	3	7 3 4 3
54	4	0.0	3	0 2 0 2
55	4	0.0	3	3 0 0 1
57	1	0.0	3	1
58	1	0.0	3	0 0 0 1
63	1	0.0	3	1
65	1	0.0	3	0 1
87	1	0.0	3	1


=== Second read: Adapter 15 ===

Sequence: ACGTTGGATGTTTGTTACTGTTGTGGATACAAC; Type: regular 5'; Length: 33; Trimmed: 15785 times.

No. of allowed errors:
0-9 bp: 0; 10-19 bp: 1; 20-29 bp: 2; 30-33 bp: 3

Overview of removed sequences
length	count	expect	max.err	error counts
3	707	6613.0	0	707
4	5	1653.2	0	5
5	7	413.3	0	7
20	1	0.0	2	0 0 1
24	3	0.0	2	0 0 3
25	1	0.0	2	0 1
26	5	0.0	2	1 0 4
27	6	0.0	2	3 2 1
28	22	0.0	2	4 9 8 1
29	35	0.0	2	10 10 15
30	166	0.0	3	16 22 17 111
31	528	0.0	3	37 22 187 282
32	2282	0.0	3	42 791 711 738
33	10527	0.0	3	3022 2551 3120 1834
34	800	0.0	3	0 236 279 285
35	359	0.0	3	0 0 173 186
36	201	0.0	3	0 0 0 201
37	1	0.0	3	0 0 0 1
39	2	0.0	3	0 1 0 1
40	7	0.0	3	1 3 0 3
41	22	0.0	3	5 7 6 4
42	9	0.0	3	4 4 1
43	6	0.0	3	2 1 1 2
44	9	0.0	3	5 3 0 1
45	11	0.0	3	4 3 4
46	1	0.0	3	0 0 1
47	2	0.0	3	1 0 1
48	7	0.0	3	1 3 0 3
49	10	0.0	3	4 2 3 1
50	8	0.0	3	3 0 4 1
51	7	0.0	3	0 2 4 1
52	10	0.0	3	4 0 3 3
53	7	0.0	3	1 1 0 5
54	3	0.0	3	1 0 2
55	3	0.0	3	1 2
56	2	0.0	3	1 0 1
60	1	0.0	3	0 0 1
61	1	0.0	3	0 1
62	1	0.0	3	0 0 1


=== Second read: Adapter 16 ===

Sequence: ACGTTGGATGTTTGTTACCGTTGTTGATACTAC; Type: regular 5'; Length: 33; Trimmed: 98875 times.

No. of allowed errors:
0-9 bp: 0; 10-19 bp: 1; 20-29 bp: 2; 30-33 bp: 3

Overview of removed sequences
length	count	expect	max.err	error counts
14	2	0.0	1	2
17	1	0.0	1	1
18	1	0.0	1	0 1
19	2	0.0	1	2
20	7	0.0	2	2 3 2
22	2	0.0	2	1 0 1
24	10	0.0	2	3 2 5
25	13	0.0	2	3 5 5
26	49	0.0	2	22 16 11
27	105	0.0	2	44 36 24 1
28	399	0.0	2	179 131 87 2
29	620	0.0	2	198 241 169 12
30	2020	0.0	3	264 384 275 1097
31	2869	0.0	3	879 604 701 685
32	15485	0.0	3	683 5239 5410 4153
33	72837	0.0	3	33663 21961 11301 5912
34	3747	0.0	3	14 1097 1559 1077
35	364	0.0	3	7 3 80 274
36	102	0.0	3	3 2 1 96
37	7	0.0	3	5 1 1
38	6	0.0	3	3 0 1 2
39	8	0.0	3	1 3 0 4
40	14	0.0	3	4 2 2 6
41	49	0.0	3	19 15 10 5
42	41	0.0	3	14 13 10 4
43	11	0.0	3	0 4 5 2
44	16	0.0	3	7 4 1 4
45	19	0.0	3	8 4 5 2
46	8	0.0	3	2 2 2 2
47	5	0.0	3	0 2 2 1
48	10	0.0	3	1 4 2 3
49	11	0.0	3	4 3 2 2
50	7	0.0	3	3 1 1 2
51	10	0.0	3	3 2 4 1
52	2	0.0	3	0 0 1 1
53	4	0.0	3	2 1 1
54	1	0.0	3	1
55	5	0.0	3	0 3 2
56	3	0.0	3	1 1 0 1
60	1	0.0	3	0 0 1
64	1	0.0	3	0 0 1
65	1	0.0	3	1


=== Second read: Adapter 17 ===

Sequence: ACGTTGGATGAATATATGTGTGCTTATTTG; Type: regular 5'; Length: 30; Trimmed: 316 times.

No. of allowed errors:
0-9 bp: 0; 10-19 bp: 1; 20-29 bp: 2; 30 bp: 3

Overview of removed sequences
length	count	expect	max.err	error counts
3	295	6613.0	0	295
4	10	1653.2	0	10
5	5	413.3	0	5
6	5	103.3	0	5
30	1	0.0	3	1


=== Second read: Adapter 18 ===

Sequence: ACGTTGGATGTTTGTTACTAAGGTAGATACCACTC; Type: regular 5'; Length: 35; Trimmed: 5222 times.

No. of allowed errors:
0-9 bp: 0; 10-19 bp: 1; 20-29 bp: 2; 30-35 bp: 3

Overview of removed sequences
length	count	expect	max.err	error counts
3	7	6613.0	0	7
4	3	1653.2	0	3
19	2	0.0	1	0 2
27	1	0.0	2	1
28	2	0.0	2	0 2
29	6	0.0	2	2 2 2
30	14	0.0	3	3 5 2 4
31	13	0.0	3	4 5 2 2
32	30	0.0	3	2 7 3 18
33	153	0.0	3	11 14 50 78
34	667	0.0	3	18 270 211 168
35	4026	0.0	3	1747 1081 720 478
36	167	0.0	3	2 57 57 51
37	87	0.0	3	0 0 40 47
38	30	0.0	3	0 0 0 30
43	2	0.0	3	0 0 2
44	1	0.0	3	0 1
45	1	0.0	3	0 0 1
49	2	0.0	3	0 0 2
50	1	0.0	3	1
52	1	0.0	3	0 0 1
54	2	0.0	3	0 2
55	1	0.0	3	0 0 1
57	2	0.0	3	1 1
60	1	0.0	3	0 0 1


=== Second read: Adapter 19 ===

Sequence: ACGTTGGATGGAAAAATAAACTGCAAATCATATTC; Type: regular 5'; Length: 35; Trimmed: 10044 times.

No. of allowed errors:
0-9 bp: 0; 10-19 bp: 1; 20-29 bp: 2; 30-35 bp: 3

Overview of removed sequences
length	count	expect	max.err	error counts
3	43	6613.0	0	43
4	3	1653.2	0	3
12	1	0.0	1	0 1
17	1	0.0	1	0 1
19	1	0.0	1	1
21	1	0.0	2	0 1
25	2	0.0	2	1 0 1
26	1	0.0	2	0 0 1
29	4	0.0	2	0 2 0 2
30	13	0.0	3	5 2 3 3
31	11	0.0	3	1 5 3 2
32	95	0.0	3	7 8 6 74
33	191	0.0	3	8 8 83 92
34	848	0.0	3	23 374 237 214
35	7068	0.0	3	3199 1547 1042 1280
36	1191	0.0	3	0 536 321 334
37	108	0.0	3	0 0 37 71
38	451	0.0	3	0 0 0 451
40	1	0.0	3	0 0 0 1
43	2	0.0	3	1 0 0 1
44	1	0.0	3	0 1
45	2	0.0	3	0 0 1 1
48	1	0.0	3	0 0 1
49	1	0.0	3	0 0 1
51	1	0.0	3	1
52	1	0.0	3	0 0 0 1
53	1	0.0	3	0 0 0 1


=== Second read: Adapter 20 ===

Sequence: ACGTTGGATGAGATTAGGGAAAGTATTAGA; Type: regular 5'; Length: 30; Trimmed: 59 times.

No. of allowed errors:
0-9 bp: 0; 10-19 bp: 1; 20-29 bp: 2; 30 bp: 3

Overview of removed sequences
length	count	expect	max.err	error counts
3	53	6613.0	0	53
4	4	1653.2	0	4
29	1	0.0	2	0 0 1
30	1	0.0	3	0 1


=== Second read: Adapter 21 ===

Sequence: ACGTTGGATGGAAAAATAAATTGTAAATCATACTC; Type: regular 5'; Length: 35; Trimmed: 102997 times.

No. of allowed errors:
0-9 bp: 0; 10-19 bp: 1; 20-29 bp: 2; 30-35 bp: 3

Overview of removed sequences
length	count	expect	max.err	error counts
5	4	413.3	0	4
6	1	103.3	0	1
18	3	0.0	1	2 1
19	1	0.0	1	1
20	1	0.0	2	1
21	2	0.0	2	1 1
22	1	0.0	2	1
24	1	0.0	2	0 1
27	1	0.0	2	1
29	5	0.0	2	1 2 2
30	30	0.0	3	15 6 6 3
31	129	0.0	3	48 38 25 18
32	144	0.0	3	33 27 13 71
33	687	0.0	3	155 121 165 246
34	4306	0.0	3	999 1478 1004 825
35	94253	0.0	3	48097 24267 13497 8392
36	328	0.0	3	12 92 120 104
37	119	0.0	3	20 13 13 73
38	2386	0.0	3	5 6 2 2373
39	9	0.0	3	4 3 1 1
40	9	0.0	3	3 4 1 1
41	8	0.0	3	5 2 0 1
42	30	0.0	3	11 11 2 6
43	106	0.0	3	43 31 24 8
44	66	0.0	3	22 21 19 4
45	26	0.0	3	12 7 3 4
46	55	0.0	3	22 17 9 7
47	66	0.0	3	33 16 10 7
48	27	0.0	3	14 6 4 3
49	26	0.0	3	14 5 5 2
50	32	0.0	3	21 4 4 3
51	24	0.0	3	13 6 2 3
52	18	0.0	3	8 6 4
53	32	0.0	3	22 7 3
54	20	0.0	3	10 4 4 2
55	12	0.0	3	1 10 1
56	8	0.0	3	6 0 2
57	10	0.0	3	3 2 3 2
59	1	0.0	3	0 0 0 1
60	4	0.0	3	1 2 0 1
61	2	0.0	3	2
62	2	0.0	3	2
63	1	0.0	3	0 1
65	1	0.0	3	1


=== Second read: Adapter 22 ===

Sequence: ACGTTGGATGGAAAAATAAACTGTAAATCATATTCCT; Type: regular 5'; Length: 37; Trimmed: 25756 times.

No. of allowed errors:
0-9 bp: 0; 10-19 bp: 1; 20-29 bp: 2; 30-37 bp: 3

Overview of removed sequences
length	count	expect	max.err	error counts
3	307	6613.0	0	307
4	416	1653.2	0	416
5	2	413.3	0	2
18	2	0.0	1	0 1 1
19	2	0.0	1	0 2
20	6	0.0	2	4 0 2
21	2	0.0	2	1 0 1
22	1	0.0	2	0 1
23	1	0.0	2	0 1
24	2	0.0	2	0 0 2
25	2	0.0	2	0 0 2
29	2	0.0	2	1 0 1
30	1	0.0	3	0 1
31	4	0.0	3	0 1 3
32	28	0.0	3	2 8 13 5
33	22	0.0	3	3 8 8 3
34	108	0.0	3	2 20 20 66
35	768	0.0	3	10 36 417 305
36	11070	0.0	3	17 4172 3789 3092
37	11551	0.0	3	3395 4077 2366 1713
38	612	0.0	3	0 121 266 225
39	706	0.0	3	0 0 166 540
40	100	0.0	3	0 0 0 100
43	1	0.0	3	0 0 1
44	5	0.0	3	0 2 3
45	3	0.0	3	0 2 0 1
46	3	0.0	3	0 0 3
47	1	0.0	3	0 0 0 1
48	4	0.0	3	0 0 2 2
49	5	0.0	3	0 2 2 1
51	4	0.0	3	0 1 2 1
52	3	0.0	3	0 1 2
53	3	0.0	3	0 2 0 1
54	4	0.0	3	1 1 0 2
55	3	0.0	3	0 2 1
56	1	0.0	3	0 1
57	1	0.0	3	0 0 0 1


=== Second read: Adapter 23 ===

Sequence: ACGTTGGATGGAAAAATAAACTGTAAATCATATTC; Type: regular 5'; Length: 35; Trimmed: 2706 times.

No. of allowed errors:
0-9 bp: 0; 10-19 bp: 1; 20-29 bp: 2; 30-35 bp: 3

Overview of removed sequences
length	count	expect	max.err	error counts
17	1	0.0	1	0 1
18	3	0.0	1	1 2
21	1	0.0	2	0 0 1
24	1	0.0	2	0 0 1
27	1	0.0	2	0 0 0 1
30	4	0.0	3	1 0 1 2
31	8	0.0	3	0 0 0 8
32	154	0.0	3	0 0 2 152
33	145	0.0	3	0 1 68 76
34	371	0.0	3	1 96 78 196
35	1427	0.0	3	216 286 189 736
36	510	0.0	3	0 115 128 267
37	47	0.0	3	0 0 4 43
38	31	0.0	3	0 0 0 31
46	1	0.0	3	0 0 0 1
48	1	0.0	3	0 0 0 1


=== Second read: Adapter 24 ===

Sequence: ACGTTGGATGGAAAAATAAATTGTAAATCAAATTC; Type: regular 5'; Length: 35; Trimmed: 1590 times.

No. of allowed errors:
0-9 bp: 0; 10-19 bp: 1; 20-29 bp: 2; 30-35 bp: 3

Overview of removed sequences
length	count	expect	max.err	error counts
6	7	103.3	0	7
14	1	0.0	1	1
19	1	0.0	1	0 1
20	1	0.0	2	1
23	1	0.0	2	0 1
26	1	0.0	2	0 1
29	1	0.0	2	0 0 0 1
31	5	0.0	3	3 0 2
32	7	0.0	3	0 0 0 7
33	18	0.0	3	0 0 9 9
34	82	0.0	3	3 26 24 29
35	909	0.0	3	407 230 163 109
36	24	0.0	3	0 8 6 10
37	37	0.0	3	0 0 5 32
38	490	0.0	3	0 0 0 490
44	2	0.0	3	0 2
49	1	0.0	3	1
50	1	0.0	3	0 0 0 1
69	1	0.0	3	0 0 0 1
