This is cutadapt 2.6 with Python 3.7.3
Command line parameters: -g ACGTTGGATGTTTGTTACTATGGTAGATACCACAC -g ACGTTGGATGTTTGTTACTAAGGTAGATACCACTC -g ACGTTGGATGTTTGTTACTGTGGTGGATACTAC -g ACGTTGGATGTTTGTTACTGTTGTGGATACAAC -g ACGTTGGATGTTTGTTACCGTTGTTGATACTAC -g ACGTTGGATGAATATATGTGTGCTTATTTG -G ACGTTGGATGTTTGTTACTATGGTAGATACCACAC -G ACGTTGGATGTTTGTTACTGTGGTGGATACTAC -G ACGTTGGATGTTTGTTACTGTTGTGGATACAAC -G ACGTTGGATGTTTGTTACCGTTGTTGATACTAC -G ACGTTGGATGAATATATGTGTGCTTATTTG -G ACGTTGGATGTTTGTTACTAAGGTAGATACCACTC -g ACGTTGGATGGAAAAATAAACTGCAAATCATATTC -g ACGTTGGATGGAAAAATAAACTGTAAATCATATTC -g ACGTTGGATGGAAAAATAAATTGTAAATCATACTC -g ACGTTGGATGAGATTAGGGAAAGTATTAGA -g ACGTTGGATGGAAAAATAAATTGTAAATCAAATTC -g ACGTTGGATGGAAAAATAAACTGTAAATCATATTCCT -G ACGTTGGATGGAAAAATAAACTGCAAATCATATTC -G ACGTTGGATGAGATTAGGGAAAGTATTAGA -G ACGTTGGATGGAAAAATAAATTGTAAATCATACTC -G ACGTTGGATGGAAAAATAAACTGTAAATCATATTCCT -G ACGTTGGATGGAAAAATAAACTGTAAATCATATTC -G ACGTTGGATGGAAAAATAAATTGTAAATCAAATTC --minimum-length=1 -o /data/projects/mdc-971/reprocess_June_2019_data/analysis/30.primer_trimmed/180358_S20_cutadapt.1.fq.gz -p /data/projects/mdc-971/reprocess_June_2019_data/analysis/30.primer_trimmed/180358_S20_cutadapt.2.fq.gz /data/projects/mdc-971/reprocess_June_2019_data/analysis/20.adapter_trimmed/180358_S20_R1_001.bbduked.trimmed.fastq.gz /data/projects/mdc-971/reprocess_June_2019_data/analysis/20.adapter_trimmed/180358_S20_R2_001.bbduked.trimmed.fastq.gz
Processing reads on 1 core in paired-end mode ...
Finished in 44.83 s (390 us/read; 0.15 M reads/minute).

=== Summary ===

Total read pairs processed:            114,900
  Read 1 with adapter:                 102,255 (89.0%)
  Read 2 with adapter:                  81,995 (71.4%)
Pairs that were too short:                   0 (0.0%)
Pairs written (passing filters):       114,900 (100.0%)

Total basepairs processed:    34,190,518 bp
  Read 1:    16,955,542 bp
  Read 2:    17,234,976 bp
Total written (filtered):     27,843,593 bp (81.4%)
  Read 1:    13,407,616 bp
  Read 2:    14,435,977 bp

=== First read: Adapter 1 ===

Sequence: ACGTTGGATGTTTGTTACTATGGTAGATACCACAC; Type: regular 5'; Length: 35; Trimmed: 10990 times.

No. of allowed errors:
0-9 bp: 0; 10-19 bp: 1; 20-29 bp: 2; 30-35 bp: 3

Overview of removed sequences
length	count	expect	max.err	error counts
3	2	1795.3	0	2
10	1	0.1	1	1
14	1	0.0	1	1
18	2	0.0	1	1 1
19	1	0.0	1	0 0 1
20	1	0.0	2	1
22	4	0.0	2	0 2 2
23	4	0.0	2	3 1
25	2	0.0	2	0 1 1
26	24	0.0	2	8 8 8
27	36	0.0	2	18 13 5
28	46	0.0	2	20 14 9 3
29	128	0.0	2	56 49 19 4
30	191	0.0	3	85 60 25 21
31	124	0.0	3	23 47 33 21
32	261	0.0	3	44 68 60 89
33	651	0.0	3	44 78 314 215
34	1933	0.0	3	86 913 560 374
35	6742	0.0	3	2422 2513 1170 637
36	489	0.0	3	6 189 165 129
37	197	0.0	3	0 1 94 102
38	144	0.0	3	0 0 0 144
39	1	0.0	3	0 0 0 1
44	1	0.0	3	1
46	1	0.0	3	1
47	1	0.0	3	0 0 1
49	1	0.0	3	0 0 1
50	1	0.0	3	1


=== First read: Adapter 2 ===

Sequence: ACGTTGGATGTTTGTTACTAAGGTAGATACCACTC; Type: regular 5'; Length: 35; Trimmed: 4592 times.

No. of allowed errors:
0-9 bp: 0; 10-19 bp: 1; 20-29 bp: 2; 30-35 bp: 3

Overview of removed sequences
length	count	expect	max.err	error counts
10	1	0.1	1	0 1
20	1	0.0	2	0 1
22	2	0.0	2	1 0 1
23	1	0.0	2	0 1
24	2	0.0	2	1 1
25	2	0.0	2	0 1 1
26	5	0.0	2	3 2
27	7	0.0	2	5 1 1
28	13	0.0	2	8 5
29	35	0.0	2	14 12 8 1
30	70	0.0	3	42 20 6 2
31	56	0.0	3	28 18 8 2
32	102	0.0	3	40 30 14 18
33	180	0.0	3	50 42 49 39
34	784	0.0	3	140 393 155 96
35	3021	0.0	3	1858 645 340 178
36	155	0.0	3	1 67 60 27
37	110	0.0	3	0 0 33 77
38	44	0.0	3	0 0 0 44
42	1	0.0	3	0 0 1


=== First read: Adapter 3 ===

Sequence: ACGTTGGATGTTTGTTACTGTGGTGGATACTAC; Type: regular 5'; Length: 33; Trimmed: 14719 times.

No. of allowed errors:
0-9 bp: 0; 10-19 bp: 1; 20-29 bp: 2; 30-33 bp: 3

Overview of removed sequences
length	count	expect	max.err	error counts
11	1	0.0	1	1
13	1	0.0	1	0 1
14	5	0.0	1	4 1
15	1	0.0	1	1
16	2	0.0	1	2
17	1	0.0	1	0 1
18	2	0.0	1	1 1
19	10	0.0	1	7 2 1
20	9	0.0	2	7 2
21	6	0.0	2	4 2
22	6	0.0	2	1 4 1
23	6	0.0	2	0 4 2
24	69	0.0	2	37 25 7
25	148	0.0	2	76 49 23
26	200	0.0	2	83 77 40
27	399	0.0	2	241 119 38 1
28	586	0.0	2	335 179 62 10
29	390	0.0	2	150 136 83 21
30	845	0.0	3	292 256 117 180
31	1038	0.0	3	331 229 259 219
32	1927	0.0	3	323 732 511 361
33	7870	0.0	3	3664 2295 1147 764
34	910	0.0	3	3 378 363 166
35	232	0.0	3	1 0 136 95
36	50	0.0	3	1 0 1 48
38	1	0.0	3	1
40	1	0.0	3	1
41	2	0.0	3	0 2
42	1	0.0	3	1


=== First read: Adapter 4 ===

Sequence: ACGTTGGATGTTTGTTACTGTTGTGGATACAAC; Type: regular 5'; Length: 33; Trimmed: 4906 times.

No. of allowed errors:
0-9 bp: 0; 10-19 bp: 1; 20-29 bp: 2; 30-33 bp: 3

Overview of removed sequences
length	count	expect	max.err	error counts
3	11	1795.3	0	11
17	2	0.0	1	2
19	1	0.0	1	1
20	2	0.0	2	0 1 1
21	2	0.0	2	2
24	6	0.0	2	2 4
25	31	0.0	2	14 13 4
26	29	0.0	2	14 12 3
27	50	0.0	2	32 14 4
28	108	0.0	2	76 20 12
29	71	0.0	2	33 21 15 2
30	140	0.0	3	49 40 25 26
31	192	0.0	3	38 39 70 45
32	560	0.0	3	79 229 128 124
33	3184	0.0	3	1535 800 556 293
34	223	0.0	3	0 83 89 51
35	228	0.0	3	0 0 144 84
36	62	0.0	3	0 0 0 62
37	3	0.0	3	1 0 0 2
60	1	0.0	3	1


=== First read: Adapter 5 ===

Sequence: ACGTTGGATGTTTGTTACCGTTGTTGATACTAC; Type: regular 5'; Length: 33; Trimmed: 7104 times.

No. of allowed errors:
0-9 bp: 0; 10-19 bp: 1; 20-29 bp: 2; 30-33 bp: 3

Overview of removed sequences
length	count	expect	max.err	error counts
12	1	0.0	1	1
18	1	0.0	1	1
19	3	0.0	1	2 0 1
20	6	0.0	2	5 1
21	2	0.0	2	1 1
24	15	0.0	2	10 4 1
25	33	0.0	2	19 8 6
26	41	0.0	2	18 11 12
27	124	0.0	2	81 27 15 1
28	188	0.0	2	102 61 23 2
29	132	0.0	2	42 42 36 12
30	442	0.0	3	88 108 51 195
31	568	0.0	3	103 101 191 173
32	1263	0.0	3	107 412 481 263
33	3594	0.0	3	1964 955 428 247
34	511	0.0	3	2 92 259 158
35	142	0.0	3	1 0 43 98
36	33	0.0	3	0 0 0 33
39	1	0.0	3	1
43	2	0.0	3	0 1 1
44	2	0.0	3	2


=== First read: Adapter 6 ===

Sequence: ACGTTGGATGAATATATGTGTGCTTATTTG; Type: regular 5'; Length: 30; Trimmed: 53 times.

No. of allowed errors:
0-9 bp: 0; 10-19 bp: 1; 20-29 bp: 2; 30 bp: 3

Overview of removed sequences
length	count	expect	max.err	error counts
3	42	1795.3	0	42
4	5	448.8	0	5
30	6	0.0	3	4 2


=== First read: Adapter 7 ===

Sequence: ACGTTGGATGGAAAAATAAACTGCAAATCATATTC; Type: regular 5'; Length: 35; Trimmed: 14344 times.

No. of allowed errors:
0-9 bp: 0; 10-19 bp: 1; 20-29 bp: 2; 30-35 bp: 3

Overview of removed sequences
length	count	expect	max.err	error counts
18	1	0.0	1	1
25	2	0.0	2	0 2
26	2	0.0	2	0 2
27	3	0.0	2	2 1
28	3	0.0	2	0 0 1 2
29	12	0.0	2	1 6 2 3
30	59	0.0	3	26 21 7 5
31	51	0.0	3	25 14 2 10
32	202	0.0	3	16 13 7 166
33	323	0.0	3	8 16 160 139
34	2280	0.0	3	47 1644 395 194
35	8411	0.0	3	5854 1417 592 548
36	2584	0.0	3	1 1658 458 467
37	221	0.0	3	0 0 78 143
38	190	0.0	3	0 1 0 189


=== First read: Adapter 8 ===

Sequence: ACGTTGGATGGAAAAATAAACTGTAAATCATATTC; Type: regular 5'; Length: 35; Trimmed: 3559 times.

No. of allowed errors:
0-9 bp: 0; 10-19 bp: 1; 20-29 bp: 2; 30-35 bp: 3

Overview of removed sequences
length	count	expect	max.err	error counts
21	2	0.0	2	2
22	1	0.0	2	0 0 1
24	1	0.0	2	0 0 1
26	2	0.0	2	1 0 1
27	1	0.0	2	0 1
29	3	0.0	2	0 1 1 1
30	8	0.0	3	2 4 2
31	5	0.0	3	1 1 1 2
32	283	0.0	3	0 2 2 279
33	147	0.0	3	2 4 79 62
34	704	0.0	3	6 470 114 114
35	1656	0.0	3	633 395 293 335
36	559	0.0	3	0 172 164 223
37	146	0.0	3	1 0 23 122
38	41	0.0	3	0 0 0 41


=== First read: Adapter 9 ===

Sequence: ACGTTGGATGGAAAAATAAATTGTAAATCATACTC; Type: regular 5'; Length: 35; Trimmed: 8567 times.

No. of allowed errors:
0-9 bp: 0; 10-19 bp: 1; 20-29 bp: 2; 30-35 bp: 3

Overview of removed sequences
length	count	expect	max.err	error counts
26	1	0.0	2	0 1
27	1	0.0	2	1
28	1	0.0	2	1
29	3	0.0	2	1 2
30	20	0.0	3	10 6 3 1
31	32	0.0	3	18 10 3 1
32	30	0.0	3	8 6 1 15
33	165	0.0	3	32 18 76 39
34	827	0.0	3	365 296 112 54
35	7129	0.0	3	4635 1291 566 637
36	118	0.0	3	2 57 37 22
37	41	0.0	3	3 0 8 30
38	188	0.0	3	1 1 0 186
39	3	0.0	3	2 1
40	1	0.0	3	1
42	1	0.0	3	1
44	1	0.0	3	0 1
45	1	0.0	3	1
46	1	0.0	3	0 0 0 1
50	1	0.0	3	1
51	1	0.0	3	0 1
56	1	0.0	3	1


=== First read: Adapter 10 ===

Sequence: ACGTTGGATGAGATTAGGGAAAGTATTAGA; Type: regular 5'; Length: 30; Trimmed: 30 times.

No. of allowed errors:
0-9 bp: 0; 10-19 bp: 1; 20-29 bp: 2; 30 bp: 3

Overview of removed sequences
length	count	expect	max.err	error counts
3	30	1795.3	0	30


=== First read: Adapter 11 ===

Sequence: ACGTTGGATGGAAAAATAAATTGTAAATCAAATTC; Type: regular 5'; Length: 35; Trimmed: 2868 times.

No. of allowed errors:
0-9 bp: 0; 10-19 bp: 1; 20-29 bp: 2; 30-35 bp: 3

Overview of removed sequences
length	count	expect	max.err	error counts
29	1	0.0	2	1
30	3	0.0	3	2 0 0 1
31	2	0.0	3	1 0 1
32	6	0.0	3	2 0 0 4
33	37	0.0	3	5 3 16 13
34	95	0.0	3	11 49 23 12
35	2572	0.0	3	1832 467 179 94
36	59	0.0	3	0 21 17 21
37	17	0.0	3	0 0 5 12
38	76	0.0	3	0 0 0 76


=== First read: Adapter 12 ===

Sequence: ACGTTGGATGGAAAAATAAACTGTAAATCATATTCCT; Type: regular 5'; Length: 37; Trimmed: 30523 times.

No. of allowed errors:
0-9 bp: 0; 10-19 bp: 1; 20-29 bp: 2; 30-37 bp: 3

Overview of removed sequences
length	count	expect	max.err	error counts
3	3	1795.3	0	3
4	2	448.8	0	2
14	2	0.0	1	1 1
18	1	0.0	1	0 1
19	2	0.0	1	0 2
20	5	0.0	2	3 2
21	2	0.0	2	0 1 1
22	1	0.0	2	0 1
29	5	0.0	2	3 1 1
30	7	0.0	3	1 3 2 1
31	25	0.0	3	6 8 6 5
32	111	0.0	3	17 51 30 13
33	77	0.0	3	18 34 15 10
34	145	0.0	3	35 39 25 46
35	1368	0.0	3	36 66 960 306
36	5322	0.0	3	98 3271 1275 678
37	18121	0.0	3	7307 7412 2367 1035
38	2850	0.0	3	4 691 1472 683
39	2101	0.0	3	1 0 488 1612
40	369	0.0	3	0 2 0 367
41	1	0.0	3	0 0 0 1
51	2	0.0	3	0 0 0 2
64	1	0.0	3	0 0 0 1


=== Second read: Adapter 13 ===

Sequence: ACGTTGGATGTTTGTTACTATGGTAGATACCACAC; Type: regular 5'; Length: 35; Trimmed: 11642 times.

No. of allowed errors:
0-9 bp: 0; 10-19 bp: 1; 20-29 bp: 2; 30-35 bp: 3

Overview of removed sequences
length	count	expect	max.err	error counts
3	6	1795.3	0	6
4	5	448.8	0	5
9	3	0.4	0	2 1
10	1	0.1	1	1
11	1	0.0	1	1
14	1	0.0	1	1
15	1	0.0	1	0 1
18	1	0.0	1	0 1
19	4	0.0	1	2 1 1
20	1	0.0	2	0 0 1
21	3	0.0	2	0 2 1
22	4	0.0	2	0 3 1
23	2	0.0	2	0 2
24	3	0.0	2	0 1 2
25	1	0.0	2	0 0 1
26	4	0.0	2	1 2 1
27	5	0.0	2	1 3 1
28	20	0.0	2	5 9 3 3
29	18	0.0	2	3 6 5 4
30	40	0.0	3	8 13 9 10
31	55	0.0	3	13 16 16 10
32	100	0.0	3	7 16 19 58
33	739	0.0	3	20 34 312 373
34	1317	0.0	3	11 466 441 399
35	8267	0.0	3	2043 2901 1940 1383
36	578	0.0	3	1 177 209 191
37	304	0.0	3	0 0 141 163
38	136	0.0	3	0 0 0 136
39	1	0.0	3	0 1
41	1	0.0	3	0 0 0 1
43	1	0.0	3	0 0 1
44	1	0.0	3	0 1
45	1	0.0	3	0 0 0 1
46	4	0.0	3	1 1 2
47	1	0.0	3	0 0 1
48	2	0.0	3	0 1 0 1
50	2	0.0	3	0 0 1 1
51	2	0.0	3	0 0 1 1
52	1	0.0	3	1
53	1	0.0	3	1
55	2	0.0	3	0 2
57	1	0.0	3	0 0 0 1
58	1	0.0	3	1


=== Second read: Adapter 14 ===

Sequence: ACGTTGGATGTTTGTTACTGTGGTGGATACTAC; Type: regular 5'; Length: 33; Trimmed: 17264 times.

No. of allowed errors:
0-9 bp: 0; 10-19 bp: 1; 20-29 bp: 2; 30-33 bp: 3

Overview of removed sequences
length	count	expect	max.err	error counts
3	9	1795.3	0	9
5	1	112.2	0	1
9	2	0.4	0	2
10	1	0.1	1	1
11	1	0.0	1	1
12	1	0.0	1	1
14	2	0.0	1	1 1
17	2	0.0	1	0 2
18	2	0.0	1	0 2
19	1	0.0	1	0 1
20	10	0.0	2	4 4 2
21	7	0.0	2	0 4 3
22	2	0.0	2	0 0 2
24	6	0.0	2	1 3 2
25	23	0.0	2	6 10 7
26	33	0.0	2	9 12 12
27	37	0.0	2	12 13 12
28	91	0.0	2	37 24 29 1
29	94	0.0	2	19 29 36 10
30	993	0.0	3	29 45 45 874
31	1277	0.0	3	85 64 457 671
32	2900	0.0	3	65 869 1054 912
33	9772	0.0	3	3677 3199 1810 1086
34	1441	0.0	3	0 520 559 362
35	276	0.0	3	0 1 129 146
36	89	0.0	3	1 0 0 88
37	1	0.0	3	0 0 0 1
38	4	0.0	3	0 0 1 3
39	1	0.0	3	0 0 1
40	5	0.0	3	0 1 2 2
41	32	0.0	3	9 9 9 5
42	15	0.0	3	5 4 4 2
43	7	0.0	3	0 3 1 3
44	19	0.0	3	5 9 3 2
45	14	0.0	3	4 7 0 3
46	7	0.0	3	1 1 2 3
47	6	0.0	3	0 2 3 1
48	7	0.0	3	1 0 3 3
49	11	0.0	3	5 4 0 2
50	12	0.0	3	3 2 4 3
51	12	0.0	3	2 3 4 3
52	8	0.0	3	1 1 4 2
53	14	0.0	3	5 6 1 2
54	7	0.0	3	0 2 1 4
55	5	0.0	3	2 0 2 1
56	1	0.0	3	0 0 0 1
57	1	0.0	3	0 1
58	1	0.0	3	0 1
59	1	0.0	3	0 0 0 1


=== Second read: Adapter 15 ===

Sequence: ACGTTGGATGTTTGTTACTGTTGTGGATACAAC; Type: regular 5'; Length: 33; Trimmed: 8026 times.

No. of allowed errors:
0-9 bp: 0; 10-19 bp: 1; 20-29 bp: 2; 30-33 bp: 3

Overview of removed sequences
length	count	expect	max.err	error counts
3	239	1795.3	0	239
5	2	112.2	0	2
17	1	0.0	1	1
19	1	0.0	1	0 0 1
23	1	0.0	2	1
24	2	0.0	2	1 0 1
25	4	0.0	2	0 3 1
26	8	0.0	2	3 3 2
27	11	0.0	2	3 4 4
28	18	0.0	2	7 4 6 1
29	23	0.0	2	6 8 8 1
30	40	0.0	3	5 10 5 20
31	347	0.0	3	13 17 125 192
32	1399	0.0	3	9 522 446 422
33	4907	0.0	3	1603 1293 1295 716
34	465	0.0	3	0 128 171 166
35	335	0.0	3	0 0 173 162
36	114	0.0	3	0 0 0 114
40	2	0.0	3	0 0 2
41	29	0.0	3	5 15 6 3
42	14	0.0	3	3 3 3 5
43	2	0.0	3	0 0 2
44	7	0.0	3	1 2 3 1
45	3	0.0	3	1 1 1
46	5	0.0	3	1 0 3 1
47	2	0.0	3	1 0 1
48	3	0.0	3	1 0 2
49	10	0.0	3	5 2 3
50	2	0.0	3	1 0 0 1
51	4	0.0	3	2 0 1 1
52	9	0.0	3	5 2 1 1
53	9	0.0	3	4 1 2 2
54	2	0.0	3	0 0 1 1
55	2	0.0	3	0 1 1
56	1	0.0	3	0 1
57	2	0.0	3	1 0 1
60	1	0.0	3	1


=== Second read: Adapter 16 ===

Sequence: ACGTTGGATGTTTGTTACCGTTGTTGATACTAC; Type: regular 5'; Length: 33; Trimmed: 9365 times.

No. of allowed errors:
0-9 bp: 0; 10-19 bp: 1; 20-29 bp: 2; 30-33 bp: 3

Overview of removed sequences
length	count	expect	max.err	error counts
11	1	0.0	1	0 1
17	1	0.0	1	0 1
19	1	0.0	1	1
20	1	0.0	2	1
21	1	0.0	2	1
24	6	0.0	2	3 1 2
25	5	0.0	2	0 2 3
26	9	0.0	2	4 1 4
27	19	0.0	2	10 3 5 1
28	38	0.0	2	17 9 11 1
29	58	0.0	2	16 19 19 4
30	782	0.0	3	15 29 17 721
31	716	0.0	3	30 30 336 320
32	1989	0.0	3	23 550 803 613
33	4316	0.0	3	1962 1201 672 481
34	1096	0.0	3	0 138 520 438
35	213	0.0	3	0 1 68 144
36	64	0.0	3	0 0 0 64
38	1	0.0	3	0 0 0 1
40	3	0.0	3	1 1 1
41	8	0.0	3	2 5 1
42	7	0.0	3	4 0 3
43	2	0.0	3	0 0 1 1
44	10	0.0	3	3 4 2 1
45	5	0.0	3	1 1 2 1
46	4	0.0	3	1 0 2 1
47	2	0.0	3	0 1 0 1
48	1	0.0	3	0 0 1
49	1	0.0	3	0 0 1
50	1	0.0	3	0 0 0 1
51	1	0.0	3	0 0 0 1
53	1	0.0	3	0 1
57	1	0.0	3	0 0 1
65	1	0.0	3	0 0 1


=== Second read: Adapter 17 ===

Sequence: ACGTTGGATGAATATATGTGTGCTTATTTG; Type: regular 5'; Length: 30; Trimmed: 105 times.

No. of allowed errors:
0-9 bp: 0; 10-19 bp: 1; 20-29 bp: 2; 30 bp: 3

Overview of removed sequences
length	count	expect	max.err	error counts
3	92	1795.3	0	92
4	5	448.8	0	5
5	3	112.2	0	3
30	4	0.0	3	3 0 1
31	1	0.0	3	0 0 0 1


=== Second read: Adapter 18 ===

Sequence: ACGTTGGATGTTTGTTACTAAGGTAGATACCACTC; Type: regular 5'; Length: 35; Trimmed: 4662 times.

No. of allowed errors:
0-9 bp: 0; 10-19 bp: 1; 20-29 bp: 2; 30-35 bp: 3

Overview of removed sequences
length	count	expect	max.err	error counts
3	5	1795.3	0	5
4	1	448.8	0	1
5	1	112.2	0	1
10	1	0.1	1	0 1
11	1	0.0	1	1
12	1	0.0	1	1
20	1	0.0	2	0 0 1
27	2	0.0	2	1 0 1
28	5	0.0	2	3 0 2
29	10	0.0	2	1 6 2 1
30	15	0.0	3	4 4 6 1
31	20	0.0	3	5 4 5 6
32	31	0.0	3	11 9 2 9
33	246	0.0	3	18 13 71 144
34	586	0.0	3	16 241 176 153
35	3334	0.0	3	1349 972 652 361
36	200	0.0	3	0 59 78 63
37	142	0.0	3	0 0 38 104
38	54	0.0	3	0 0 0 54
46	1	0.0	3	0 1
48	1	0.0	3	0 1
51	1	0.0	3	1
54	2	0.0	3	0 1 1
58	1	0.0	3	0 0 0 1


=== Second read: Adapter 19 ===

Sequence: ACGTTGGATGGAAAAATAAACTGCAAATCATATTC; Type: regular 5'; Length: 35; Trimmed: 5608 times.

No. of allowed errors:
0-9 bp: 0; 10-19 bp: 1; 20-29 bp: 2; 30-35 bp: 3

Overview of removed sequences
length	count	expect	max.err	error counts
3	10	1795.3	0	10
4	2	448.8	0	2
11	1	0.0	1	1
12	1	0.0	1	1
17	1	0.0	1	1
18	4	0.0	1	2 2
19	2	0.0	1	0 2
21	1	0.0	2	1
22	1	0.0	2	0 1
26	4	0.0	2	1 0 3
27	1	0.0	2	0 0 1
29	5	0.0	2	2 1 1 1
30	10	0.0	3	3 4 1 2
31	12	0.0	3	3 4 0 5
32	69	0.0	3	1 2 2 64
33	164	0.0	3	6 4 74 80
34	800	0.0	3	3 380 240 177
35	3186	0.0	3	1417 766 413 590
36	1137	0.0	3	0 461 292 384
37	84	0.0	3	0 0 30 54
38	103	0.0	3	0 0 0 103
47	2	0.0	3	1 0 0 1
48	1	0.0	3	0 0 1
50	1	0.0	3	0 1
51	2	0.0	3	0 1 0 1
53	1	0.0	3	0 1
54	1	0.0	3	0 0 0 1
55	1	0.0	3	0 0 1
57	1	0.0	3	0 0 0 1


=== Second read: Adapter 20 ===

Sequence: ACGTTGGATGAGATTAGGGAAAGTATTAGA; Type: regular 5'; Length: 30; Trimmed: 18 times.

No. of allowed errors:
0-9 bp: 0; 10-19 bp: 1; 20-29 bp: 2; 30 bp: 3

Overview of removed sequences
length	count	expect	max.err	error counts
3	15	1795.3	0	15
4	2	448.8	0	2
30	1	0.0	3	0 0 1


=== Second read: Adapter 21 ===

Sequence: ACGTTGGATGGAAAAATAAATTGTAAATCATACTC; Type: regular 5'; Length: 35; Trimmed: 5694 times.

No. of allowed errors:
0-9 bp: 0; 10-19 bp: 1; 20-29 bp: 2; 30-35 bp: 3

Overview of removed sequences
length	count	expect	max.err	error counts
6	1	28.1	0	1
18	3	0.0	1	3
19	3	0.0	1	2 1
20	1	0.0	2	1
21	2	0.0	2	0 2
22	1	0.0	2	0 1
24	1	0.0	2	1
28	2	0.0	2	0 0 1 1
30	8	0.0	3	6 1 1
31	17	0.0	3	8 4 2 3
32	21	0.0	3	4 0 2 15
33	135	0.0	3	11 5 42 77
34	385	0.0	3	56 136 100 93
35	4873	0.0	3	2283 1210 733 647
36	124	0.0	3	0 23 59 42
37	22	0.0	3	0 0 5 17
38	73	0.0	3	1 0 0 72
41	1	0.0	3	0 0 0 1
42	2	0.0	3	1 1
43	5	0.0	3	4 0 0 1
44	3	0.0	3	1 0 2
46	1	0.0	3	0 0 0 1
47	4	0.0	3	1 0 1 2
49	1	0.0	3	0 0 1
50	1	0.0	3	0 0 1
53	2	0.0	3	1 0 0 1
54	1	0.0	3	1
55	1	0.0	3	0 0 1


=== Second read: Adapter 22 ===

Sequence: ACGTTGGATGGAAAAATAAACTGTAAATCATATTCCT; Type: regular 5'; Length: 37; Trimmed: 15301 times.

No. of allowed errors:
0-9 bp: 0; 10-19 bp: 1; 20-29 bp: 2; 30-37 bp: 3

Overview of removed sequences
length	count	expect	max.err	error counts
3	57	1795.3	0	57
4	102	448.8	0	102
12	1	0.0	1	0 1
16	1	0.0	1	0 1
17	1	0.0	1	1
19	8	0.0	1	1 5 2
20	9	0.0	2	3 4 2
21	3	0.0	2	0 2 1
23	2	0.0	2	0 2
24	4	0.0	2	0 2 2
25	1	0.0	2	0 1
26	1	0.0	2	0 1
30	7	0.0	3	1 1 2 3
31	10	0.0	3	0 3 3 4
32	28	0.0	3	7 9 12
33	38	0.0	3	7 16 7 8
34	49	0.0	3	3 10 9 27
35	591	0.0	3	19 16 337 219
36	2033	0.0	3	28 963 557 485
37	10345	0.0	3	2963 3897 2189 1296
38	1106	0.0	3	3 225 471 407
39	761	0.0	3	0 1 153 607
40	116	0.0	3	0 0 0 116
42	1	0.0	3	0 1
43	1	0.0	3	0 0 0 1
44	1	0.0	3	0 0 1
45	5	0.0	3	0 1 3 1
46	3	0.0	3	0 2 0 1
47	1	0.0	3	0 0 1
49	2	0.0	3	0 1 0 1
50	3	0.0	3	0 2 0 1
51	1	0.0	3	0 0 1
52	1	0.0	3	0 1
53	2	0.0	3	0 0 2
54	2	0.0	3	1 1
55	1	0.0	3	0 0 1
56	1	0.0	3	0 0 0 1
57	1	0.0	3	0 0 0 1
59	1	0.0	3	0 0 1


=== Second read: Adapter 23 ===

Sequence: ACGTTGGATGGAAAAATAAACTGTAAATCATATTC; Type: regular 5'; Length: 35; Trimmed: 2391 times.

No. of allowed errors:
0-9 bp: 0; 10-19 bp: 1; 20-29 bp: 2; 30-35 bp: 3

Overview of removed sequences
length	count	expect	max.err	error counts
12	2	0.0	1	0 2
13	1	0.0	1	0 1
15	2	0.0	1	1 1
16	1	0.0	1	0 1
18	3	0.0	1	1 2
19	3	0.0	1	0 3
21	2	0.0	2	0 0 2
22	1	0.0	2	0 0 1
28	1	0.0	2	0 1
29	1	0.0	2	0 0 0 1
30	6	0.0	3	2 0 1 3
31	8	0.0	3	1 1 2 4
32	122	0.0	3	0 0 0 122
33	104	0.0	3	0 1 46 57
34	391	0.0	3	0 122 94 175
35	1132	0.0	3	259 287 199 387
36	537	0.0	3	0 92 155 290
37	43	0.0	3	0 0 10 33
38	28	0.0	3	0 0 0 28
43	1	0.0	3	0 0 0 1
49	1	0.0	3	0 0 0 1
53	1	0.0	3	0 0 0 1


=== Second read: Adapter 24 ===

Sequence: ACGTTGGATGGAAAAATAAATTGTAAATCAAATTC; Type: regular 5'; Length: 35; Trimmed: 1919 times.

No. of allowed errors:
0-9 bp: 0; 10-19 bp: 1; 20-29 bp: 2; 30-35 bp: 3

Overview of removed sequences
length	count	expect	max.err	error counts
6	1	28.1	0	1
11	1	0.0	1	0 1
18	1	0.0	1	1
25	1	0.0	2	1
30	4	0.0	3	4
31	2	0.0	3	0 0 2
32	3	0.0	3	0 0 0 3
33	27	0.0	3	0 1 18 8
34	94	0.0	3	6 40 30 18
35	1694	0.0	3	857 467 238 132
36	39	0.0	3	0 12 12 15
37	10	0.0	3	1 0 2 7
38	39	0.0	3	0 0 0 39
43	1	0.0	3	0 1
51	1	0.0	3	0 1
52	1	0.0	3	0 0 0 1
