This is cutadapt 2.6 with Python 3.7.3
Command line parameters: -g ACGTTGGATGTTTGTTACTATGGTAGATACCACAC -g ACGTTGGATGTTTGTTACTAAGGTAGATACCACTC -g ACGTTGGATGTTTGTTACTGTGGTGGATACTAC -g ACGTTGGATGTTTGTTACTGTTGTGGATACAAC -g ACGTTGGATGTTTGTTACCGTTGTTGATACTAC -g ACGTTGGATGAATATATGTGTGCTTATTTG -G ACGTTGGATGTTTGTTACTATGGTAGATACCACAC -G ACGTTGGATGTTTGTTACTGTGGTGGATACTAC -G ACGTTGGATGTTTGTTACTGTTGTGGATACAAC -G ACGTTGGATGTTTGTTACCGTTGTTGATACTAC -G ACGTTGGATGAATATATGTGTGCTTATTTG -G ACGTTGGATGTTTGTTACTAAGGTAGATACCACTC -g ACGTTGGATGGAAAAATAAACTGCAAATCATATTC -g ACGTTGGATGGAAAAATAAACTGTAAATCATATTC -g ACGTTGGATGGAAAAATAAATTGTAAATCATACTC -g ACGTTGGATGAGATTAGGGAAAGTATTAGA -g ACGTTGGATGGAAAAATAAATTGTAAATCAAATTC -g ACGTTGGATGGAAAAATAAACTGTAAATCATATTCCT -G ACGTTGGATGGAAAAATAAACTGCAAATCATATTC -G ACGTTGGATGAGATTAGGGAAAGTATTAGA -G ACGTTGGATGGAAAAATAAATTGTAAATCATACTC -G ACGTTGGATGGAAAAATAAACTGTAAATCATATTCCT -G ACGTTGGATGGAAAAATAAACTGTAAATCATATTC -G ACGTTGGATGGAAAAATAAATTGTAAATCAAATTC --minimum-length=1 -o /data/projects/mdc-971/reprocess_June_2019_data/analysis/30.primer_trimmed/180369_S29_cutadapt.1.fq.gz -p /data/projects/mdc-971/reprocess_June_2019_data/analysis/30.primer_trimmed/180369_S29_cutadapt.2.fq.gz /data/projects/mdc-971/reprocess_June_2019_data/analysis/20.adapter_trimmed/180369_S29_R1_001.bbduked.trimmed.fastq.gz /data/projects/mdc-971/reprocess_June_2019_data/analysis/20.adapter_trimmed/180369_S29_R2_001.bbduked.trimmed.fastq.gz
Processing reads on 1 core in paired-end mode ...
Finished in 2.55 s (397 us/read; 0.15 M reads/minute).

=== Summary ===

Total read pairs processed:              6,435
  Read 1 with adapter:                   5,561 (86.4%)
  Read 2 with adapter:                   4,264 (66.3%)
Pairs that were too short:                   0 (0.0%)
Pairs written (passing filters):         6,435 (100.0%)

Total basepairs processed:     1,917,264 bp
  Read 1:       952,018 bp
  Read 2:       965,246 bp
Total written (filtered):      1,577,610 bp (82.3%)
  Read 1:       757,607 bp
  Read 2:       820,003 bp

=== First read: Adapter 1 ===

Sequence: ACGTTGGATGTTTGTTACTATGGTAGATACCACAC; Type: regular 5'; Length: 35; Trimmed: 316 times.

No. of allowed errors:
0-9 bp: 0; 10-19 bp: 1; 20-29 bp: 2; 30-35 bp: 3

Overview of removed sequences
length	count	expect	max.err	error counts
26	1	0.0	2	0 0 1
27	1	0.0	2	1
28	1	0.0	2	1
29	3	0.0	2	0 0 2 1
32	4	0.0	3	0 1 1 2
33	16	0.0	3	0 0 8 8
34	31	0.0	3	0 11 9 11
35	231	0.0	3	43 74 36 78
36	13	0.0	3	0 5 5 3
37	9	0.0	3	0 0 5 4
38	6	0.0	3	0 0 0 6


=== First read: Adapter 2 ===

Sequence: ACGTTGGATGTTTGTTACTAAGGTAGATACCACTC; Type: regular 5'; Length: 35; Trimmed: 162 times.

No. of allowed errors:
0-9 bp: 0; 10-19 bp: 1; 20-29 bp: 2; 30-35 bp: 3

Overview of removed sequences
length	count	expect	max.err	error counts
26	1	0.0	2	1
28	2	0.0	2	0 1 1
29	3	0.0	2	1 1 1
30	2	0.0	3	0 0 2
31	1	0.0	3	0 0 1
32	2	0.0	3	2
33	4	0.0	3	1 1 1 1
34	19	0.0	3	4 7 4 4
35	120	0.0	3	64 28 14 14
36	3	0.0	3	0 1 1 1
37	4	0.0	3	0 0 1 3
38	1	0.0	3	0 0 0 1


=== First read: Adapter 3 ===

Sequence: ACGTTGGATGTTTGTTACTGTGGTGGATACTAC; Type: regular 5'; Length: 33; Trimmed: 676 times.

No. of allowed errors:
0-9 bp: 0; 10-19 bp: 1; 20-29 bp: 2; 30-33 bp: 3

Overview of removed sequences
length	count	expect	max.err	error counts
18	1	0.0	1	0 1
24	2	0.0	2	2
25	5	0.0	2	4 0 1
26	1	0.0	2	1
27	12	0.0	2	4 7 1
28	21	0.0	2	11 6 4
29	8	0.0	2	2 3 3
30	25	0.0	3	13 7 1 4
31	41	0.0	3	12 13 11 5
32	71	0.0	3	8 27 16 20
33	415	0.0	3	162 136 57 60
34	70	0.0	3	0 30 31 9
35	4	0.0	3	0 0 2 2


=== First read: Adapter 4 ===

Sequence: ACGTTGGATGTTTGTTACTGTTGTGGATACAAC; Type: regular 5'; Length: 33; Trimmed: 540 times.

No. of allowed errors:
0-9 bp: 0; 10-19 bp: 1; 20-29 bp: 2; 30-33 bp: 3

Overview of removed sequences
length	count	expect	max.err	error counts
25	1	0.0	2	1
26	3	0.0	2	2 1
27	2	0.0	2	2
28	2	0.0	2	0 1 1
29	6	0.0	2	4 1 1
30	9	0.0	3	2 4 0 3
31	18	0.0	3	7 4 3 4
32	56	0.0	3	12 26 8 10
33	421	0.0	3	211 100 66 44
34	14	0.0	3	0 7 2 5
35	7	0.0	3	0 0 6 1
36	1	0.0	3	0 0 0 1


=== First read: Adapter 5 ===

Sequence: ACGTTGGATGTTTGTTACCGTTGTTGATACTAC; Type: regular 5'; Length: 33; Trimmed: 483 times.

No. of allowed errors:
0-9 bp: 0; 10-19 bp: 1; 20-29 bp: 2; 30-33 bp: 3

Overview of removed sequences
length	count	expect	max.err	error counts
24	2	0.0	2	0 1 1
25	1	0.0	2	0 1
26	2	0.0	2	1 1
27	4	0.0	2	4
28	3	0.0	2	2 0 1
29	8	0.0	2	5 3
30	13	0.0	3	6 3 1 3
31	23	0.0	3	2 5 10 6
32	69	0.0	3	8 25 26 10
33	334	0.0	3	155 92 50 37
34	22	0.0	3	0 13 5 4
35	1	0.0	3	0 0 0 1
36	1	0.0	3	1


=== First read: Adapter 6 ===

Sequence: ACGTTGGATGAATATATGTGTGCTTATTTG; Type: regular 5'; Length: 30; Trimmed: 3 times.

No. of allowed errors:
0-9 bp: 0; 10-19 bp: 1; 20-29 bp: 2; 30 bp: 3

Overview of removed sequences
length	count	expect	max.err	error counts
3	3	100.5	0	3


=== First read: Adapter 7 ===

Sequence: ACGTTGGATGGAAAAATAAACTGCAAATCATATTC; Type: regular 5'; Length: 35; Trimmed: 529 times.

No. of allowed errors:
0-9 bp: 0; 10-19 bp: 1; 20-29 bp: 2; 30-35 bp: 3

Overview of removed sequences
length	count	expect	max.err	error counts
30	4	0.0	3	0 1 3
31	2	0.0	3	0 2
32	5	0.0	3	1 2 0 2
33	10	0.0	3	1 0 3 6
34	75	0.0	3	3 45 15 12
35	347	0.0	3	156 76 44 71
36	65	0.0	3	0 40 15 10
37	8	0.0	3	0 0 2 6
38	13	0.0	3	0 0 0 13


=== First read: Adapter 8 ===

Sequence: ACGTTGGATGGAAAAATAAACTGTAAATCATATTC; Type: regular 5'; Length: 35; Trimmed: 136 times.

No. of allowed errors:
0-9 bp: 0; 10-19 bp: 1; 20-29 bp: 2; 30-35 bp: 3

Overview of removed sequences
length	count	expect	max.err	error counts
32	12	0.0	3	0 0 0 12
33	7	0.0	3	0 0 3 4
34	16	0.0	3	0 9 1 6
35	86	0.0	3	16 18 17 35
36	10	0.0	3	0 1 4 5
37	2	0.0	3	0 0 1 1
38	3	0.0	3	0 0 0 3


=== First read: Adapter 9 ===

Sequence: ACGTTGGATGGAAAAATAAATTGTAAATCATACTC; Type: regular 5'; Length: 35; Trimmed: 505 times.

No. of allowed errors:
0-9 bp: 0; 10-19 bp: 1; 20-29 bp: 2; 30-35 bp: 3

Overview of removed sequences
length	count	expect	max.err	error counts
32	2	0.0	3	0 1 0 1
33	5	0.0	3	0 1 4
34	35	0.0	3	11 14 7 3
35	442	0.0	3	278 97 39 28
38	19	0.0	3	0 0 0 19
39	1	0.0	3	1
66	1	0.0	3	0 0 1


=== First read: Adapter 10 ===

Sequence: ACGTTGGATGAGATTAGGGAAAGTATTAGA; Type: regular 5'; Length: 30; Trimmed: 1 times.

No. of allowed errors:
0-9 bp: 0; 10-19 bp: 1; 20-29 bp: 2; 30 bp: 3

Overview of removed sequences
length	count	expect	max.err	error counts
3	1	100.5	0	1


=== First read: Adapter 11 ===

Sequence: ACGTTGGATGGAAAAATAAATTGTAAATCAAATTC; Type: regular 5'; Length: 35; Trimmed: 229 times.

No. of allowed errors:
0-9 bp: 0; 10-19 bp: 1; 20-29 bp: 2; 30-35 bp: 3

Overview of removed sequences
length	count	expect	max.err	error counts
34	7	0.0	3	3 2 2
35	213	0.0	3	131 40 26 16
36	3	0.0	3	0 1 0 2
38	6	0.0	3	0 0 0 6


=== First read: Adapter 12 ===

Sequence: ACGTTGGATGGAAAAATAAACTGTAAATCATATTCCT; Type: regular 5'; Length: 37; Trimmed: 1981 times.

No. of allowed errors:
0-9 bp: 0; 10-19 bp: 1; 20-29 bp: 2; 30-37 bp: 3

Overview of removed sequences
length	count	expect	max.err	error counts
31	3	0.0	3	0 2 1
32	3	0.0	3	1 1 1
33	1	0.0	3	1
34	6	0.0	3	0 0 3 3
35	33	0.0	3	1 2 22 8
36	399	0.0	3	1 176 111 111
37	1081	0.0	3	335 411 213 122
38	69	0.0	3	1 14 32 22
39	379	0.0	3	0 0 152 227
40	7	0.0	3	0 0 0 7


=== Second read: Adapter 13 ===

Sequence: ACGTTGGATGTTTGTTACTATGGTAGATACCACAC; Type: regular 5'; Length: 35; Trimmed: 223 times.

No. of allowed errors:
0-9 bp: 0; 10-19 bp: 1; 20-29 bp: 2; 30-35 bp: 3

Overview of removed sequences
length	count	expect	max.err	error counts
31	2	0.0	3	1 1
32	1	0.0	3	0 0 0 1
33	20	0.0	3	1 0 10 9
34	24	0.0	3	0 2 4 18
35	156	0.0	3	18 37 42 59
36	8	0.0	3	0 0 2 6
37	10	0.0	3	0 0 3 7
38	2	0.0	3	0 0 0 2


=== Second read: Adapter 14 ===

Sequence: ACGTTGGATGTTTGTTACTGTGGTGGATACTAC; Type: regular 5'; Length: 33; Trimmed: 923 times.

No. of allowed errors:
0-9 bp: 0; 10-19 bp: 1; 20-29 bp: 2; 30-33 bp: 3

Overview of removed sequences
length	count	expect	max.err	error counts
3	1	100.5	0	1
25	2	0.0	2	0 1 1
26	2	0.0	2	0 2
28	4	0.0	2	1 2 1
29	6	0.0	2	3 2 1
30	36	0.0	3	2 3 0 31
31	35	0.0	3	6 5 5 19
32	170	0.0	3	3 51 58 58
33	564	0.0	3	202 182 110 70
34	95	0.0	3	0 35 41 19
35	1	0.0	3	0 0 0 1
42	1	0.0	3	1
44	1	0.0	3	0 1
45	1	0.0	3	0 1
48	1	0.0	3	0 0 0 1
51	2	0.0	3	1 0 0 1
57	1	0.0	3	0 1


=== Second read: Adapter 15 ===

Sequence: ACGTTGGATGTTTGTTACTGTTGTGGATACAAC; Type: regular 5'; Length: 33; Trimmed: 642 times.

No. of allowed errors:
0-9 bp: 0; 10-19 bp: 1; 20-29 bp: 2; 30-33 bp: 3

Overview of removed sequences
length	count	expect	max.err	error counts
3	19	100.5	0	19
27	1	0.0	2	0 1
28	2	0.0	2	2
29	4	0.0	2	1 0 3
30	5	0.0	3	1 1 1 2
31	18	0.0	3	4 3 6 5
32	111	0.0	3	2 47 32 30
33	433	0.0	3	177 102 97 57
34	24	0.0	3	1 9 9 5
35	17	0.0	3	0 0 11 6
36	4	0.0	3	0 0 0 4
42	2	0.0	3	1 0 1
48	1	0.0	3	1
55	1	0.0	3	0 0 0 1


=== Second read: Adapter 16 ===

Sequence: ACGTTGGATGTTTGTTACCGTTGTTGATACTAC; Type: regular 5'; Length: 33; Trimmed: 557 times.

No. of allowed errors:
0-9 bp: 0; 10-19 bp: 1; 20-29 bp: 2; 30-33 bp: 3

Overview of removed sequences
length	count	expect	max.err	error counts
26	1	0.0	2	0 0 1
27	1	0.0	2	1
28	1	0.0	2	0 0 1
29	1	0.0	2	0 1
30	24	0.0	3	2 1 1 20
31	24	0.0	3	1 2 8 13
32	93	0.0	3	4 20 35 34
33	358	0.0	3	133 110 85 30
34	44	0.0	3	0 17 13 14
35	8	0.0	3	0 0 2 6
52	1	0.0	3	0 0 1
54	1	0.0	3	0 0 0 1


=== Second read: Adapter 17 ===

Sequence: ACGTTGGATGAATATATGTGTGCTTATTTG; Type: regular 5'; Length: 30; Trimmed: 9 times.

No. of allowed errors:
0-9 bp: 0; 10-19 bp: 1; 20-29 bp: 2; 30 bp: 3

Overview of removed sequences
length	count	expect	max.err	error counts
3	8	100.5	0	8
5	1	6.3	0	1


=== Second read: Adapter 18 ===

Sequence: ACGTTGGATGTTTGTTACTAAGGTAGATACCACTC; Type: regular 5'; Length: 35; Trimmed: 156 times.

No. of allowed errors:
0-9 bp: 0; 10-19 bp: 1; 20-29 bp: 2; 30-35 bp: 3

Overview of removed sequences
length	count	expect	max.err	error counts
4	1	25.1	0	1
29	1	0.0	2	0 1
30	2	0.0	3	2
32	1	0.0	3	0 0 1
33	5	0.0	3	0 0 1 4
34	16	0.0	3	0 2 3 11
35	121	0.0	3	51 29 25 16
36	4	0.0	3	0 1 0 3
37	5	0.0	3	0 0 1 4


=== Second read: Adapter 19 ===

Sequence: ACGTTGGATGGAAAAATAAACTGCAAATCATATTC; Type: regular 5'; Length: 35; Trimmed: 255 times.

No. of allowed errors:
0-9 bp: 0; 10-19 bp: 1; 20-29 bp: 2; 30-35 bp: 3

Overview of removed sequences
length	count	expect	max.err	error counts
33	5	0.0	3	0 1 1 3
34	33	0.0	3	0 13 8 12
35	188	0.0	3	56 54 27 51
36	17	0.0	3	0 4 9 4
37	6	0.0	3	0 0 2 4
38	6	0.0	3	0 0 0 6


=== Second read: Adapter 20 ===

Sequence: ACGTTGGATGAGATTAGGGAAAGTATTAGA; Type: regular 5'; Length: 30; Trimmed: 3 times.

No. of allowed errors:
0-9 bp: 0; 10-19 bp: 1; 20-29 bp: 2; 30 bp: 3

Overview of removed sequences
length	count	expect	max.err	error counts
3	3	100.5	0	3


=== Second read: Adapter 21 ===

Sequence: ACGTTGGATGGAAAAATAAATTGTAAATCATACTC; Type: regular 5'; Length: 35; Trimmed: 318 times.

No. of allowed errors:
0-9 bp: 0; 10-19 bp: 1; 20-29 bp: 2; 30-35 bp: 3

Overview of removed sequences
length	count	expect	max.err	error counts
32	1	0.0	3	0 0 0 1
33	6	0.0	3	1 0 3 2
34	16	0.0	3	3 5 1 7
35	284	0.0	3	126 77 46 35
36	2	0.0	3	0 1 0 1
37	1	0.0	3	0 0 1
38	6	0.0	3	0 0 0 6
39	1	0.0	3	0 0 1
52	1	0.0	3	1


=== Second read: Adapter 22 ===

Sequence: ACGTTGGATGGAAAAATAAACTGTAAATCATATTCCT; Type: regular 5'; Length: 37; Trimmed: 975 times.

No. of allowed errors:
0-9 bp: 0; 10-19 bp: 1; 20-29 bp: 2; 30-37 bp: 3

Overview of removed sequences
length	count	expect	max.err	error counts
3	6	100.5	0	6
4	7	25.1	0	7
32	1	0.0	3	0 1
34	1	0.0	3	0 0 0 1
35	18	0.0	3	0 0 11 7
36	180	0.0	3	1 61 52 66
37	525	0.0	3	147 192 114 72
38	18	0.0	3	0 3 10 5
39	215	0.0	3	0 0 77 138
40	2	0.0	3	0 0 0 2
51	1	0.0	3	0 0 1
62	1	0.0	3	0 1


=== Second read: Adapter 23 ===

Sequence: ACGTTGGATGGAAAAATAAACTGTAAATCATATTC; Type: regular 5'; Length: 35; Trimmed: 74 times.

No. of allowed errors:
0-9 bp: 0; 10-19 bp: 1; 20-29 bp: 2; 30-35 bp: 3

Overview of removed sequences
length	count	expect	max.err	error counts
32	10	0.0	3	0 0 0 10
33	1	0.0	3	0 0 0 1
34	9	0.0	3	0 2 0 7
35	45	0.0	3	5 6 3 31
36	7	0.0	3	0 3 3 1
37	1	0.0	3	0 0 0 1
38	1	0.0	3	0 0 0 1


=== Second read: Adapter 24 ===

Sequence: ACGTTGGATGGAAAAATAAATTGTAAATCAAATTC; Type: regular 5'; Length: 35; Trimmed: 129 times.

No. of allowed errors:
0-9 bp: 0; 10-19 bp: 1; 20-29 bp: 2; 30-35 bp: 3

Overview of removed sequences
length	count	expect	max.err	error counts
6	1	1.6	0	1
30	1	0.0	3	1
33	2	0.0	3	0 0 1 1
34	3	0.0	3	0 2 0 1
35	117	0.0	3	56 35 19 7
36	1	0.0	3	0 1
37	1	0.0	3	0 0 0 1
38	2	0.0	3	0 0 0 2
50	1	0.0	3	1
