This is cutadapt 2.6 with Python 3.7.3
Command line parameters: -g ACGTTGGATGTTTGTTACTATGGTAGATACCACAC -g ACGTTGGATGTTTGTTACTAAGGTAGATACCACTC -g ACGTTGGATGTTTGTTACTGTGGTGGATACTAC -g ACGTTGGATGTTTGTTACTGTTGTGGATACAAC -g ACGTTGGATGTTTGTTACCGTTGTTGATACTAC -g ACGTTGGATGAATATATGTGTGCTTATTTG -G ACGTTGGATGTTTGTTACTATGGTAGATACCACAC -G ACGTTGGATGTTTGTTACTGTGGTGGATACTAC -G ACGTTGGATGTTTGTTACTGTTGTGGATACAAC -G ACGTTGGATGTTTGTTACCGTTGTTGATACTAC -G ACGTTGGATGAATATATGTGTGCTTATTTG -G ACGTTGGATGTTTGTTACTAAGGTAGATACCACTC -g ACGTTGGATGGAAAAATAAACTGCAAATCATATTC -g ACGTTGGATGGAAAAATAAACTGTAAATCATATTC -g ACGTTGGATGGAAAAATAAATTGTAAATCATACTC -g ACGTTGGATGAGATTAGGGAAAGTATTAGA -g ACGTTGGATGGAAAAATAAATTGTAAATCAAATTC -g ACGTTGGATGGAAAAATAAACTGTAAATCATATTCCT -G ACGTTGGATGGAAAAATAAACTGCAAATCATATTC -G ACGTTGGATGAGATTAGGGAAAGTATTAGA -G ACGTTGGATGGAAAAATAAATTGTAAATCATACTC -G ACGTTGGATGGAAAAATAAACTGTAAATCATATTCCT -G ACGTTGGATGGAAAAATAAACTGTAAATCATATTC -G ACGTTGGATGGAAAAATAAATTGTAAATCAAATTC --minimum-length=1 -o /data/projects/mdc-971/reprocess_June_2019_data/analysis/30.primer_trimmed/180354_S16_cutadapt.1.fq.gz -p /data/projects/mdc-971/reprocess_June_2019_data/analysis/30.primer_trimmed/180354_S16_cutadapt.2.fq.gz /data/projects/mdc-971/reprocess_June_2019_data/analysis/20.adapter_trimmed/180354_S16_R1_001.bbduked.trimmed.fastq.gz /data/projects/mdc-971/reprocess_June_2019_data/analysis/20.adapter_trimmed/180354_S16_R2_001.bbduked.trimmed.fastq.gz
Processing reads on 1 core in paired-end mode ...
Finished in 28.27 s (384 us/read; 0.16 M reads/minute).

=== Summary ===

Total read pairs processed:             73,525
  Read 1 with adapter:                  65,460 (89.0%)
  Read 2 with adapter:                  50,731 (69.0%)
Pairs that were too short:                   0 (0.0%)
Pairs written (passing filters):        73,525 (100.0%)

Total basepairs processed:    21,543,584 bp
  Read 1:    10,514,849 bp
  Read 2:    11,028,735 bp
Total written (filtered):     17,560,877 bp (81.5%)
  Read 1:     8,244,654 bp
  Read 2:     9,316,223 bp

=== First read: Adapter 1 ===

Sequence: ACGTTGGATGTTTGTTACTATGGTAGATACCACAC; Type: regular 5'; Length: 35; Trimmed: 4884 times.

No. of allowed errors:
0-9 bp: 0; 10-19 bp: 1; 20-29 bp: 2; 30-35 bp: 3

Overview of removed sequences
length	count	expect	max.err	error counts
3	3	1148.8	0	3
14	1	0.0	1	1
19	1	0.0	1	1
20	1	0.0	2	0 0 1
21	2	0.0	2	1 0 1
22	3	0.0	2	1 2
23	3	0.0	2	2 0 1
24	1	0.0	2	0 0 1
25	1	0.0	2	0 0 1
26	11	0.0	2	5 2 4
27	16	0.0	2	5 8 3
28	23	0.0	2	6 8 3 6
29	53	0.0	2	21 21 8 3
30	107	0.0	3	46 38 14 9
31	45	0.0	3	9 19 12 5
32	109	0.0	3	15 30 26 38
33	266	0.0	3	21 23 126 96
34	875	0.0	3	16 451 232 176
35	2741	0.0	3	1108 921 416 296
36	306	0.0	3	1 134 83 88
37	189	0.0	3	0 0 97 92
38	126	0.0	3	0 0 1 125
39	1	0.0	3	0 1


=== First read: Adapter 2 ===

Sequence: ACGTTGGATGTTTGTTACTAAGGTAGATACCACTC; Type: regular 5'; Length: 35; Trimmed: 1887 times.

No. of allowed errors:
0-9 bp: 0; 10-19 bp: 1; 20-29 bp: 2; 30-35 bp: 3

Overview of removed sequences
length	count	expect	max.err	error counts
19	1	0.0	1	1
23	3	0.0	2	1 2
26	7	0.0	2	3 2 2
27	16	0.0	2	4 7 5
28	9	0.0	2	4 3 2
29	22	0.0	2	14 5 0 3
30	58	0.0	3	37 16 4 1
31	40	0.0	3	13 17 7 3
32	53	0.0	3	13 23 7 10
33	70	0.0	3	12 17 21 20
34	345	0.0	3	19 189 86 51
35	1082	0.0	3	566 300 142 74
36	114	0.0	3	0 39 48 27
37	43	0.0	3	0 0 23 20
38	24	0.0	3	0 0 0 24


=== First read: Adapter 3 ===

Sequence: ACGTTGGATGTTTGTTACTGTGGTGGATACTAC; Type: regular 5'; Length: 33; Trimmed: 9645 times.

No. of allowed errors:
0-9 bp: 0; 10-19 bp: 1; 20-29 bp: 2; 30-33 bp: 3

Overview of removed sequences
length	count	expect	max.err	error counts
3	2	1148.8	0	2
14	1	0.0	1	0 1
16	2	0.0	1	2
17	1	0.0	1	1
18	5	0.0	1	3 2
19	5	0.0	1	3 2
20	14	0.0	2	11 3
21	8	0.0	2	7 1
22	3	0.0	2	2 1
23	6	0.0	2	5 1
24	62	0.0	2	32 22 8
25	185	0.0	2	99 69 17
26	189	0.0	2	87 69 33
27	336	0.0	2	221 87 27 1
28	420	0.0	2	249 124 45 2
29	248	0.0	2	97 87 55 9
30	668	0.0	3	251 184 81 152
31	594	0.0	3	155 134 164 141
32	1160	0.0	3	193 442 292 233
33	4943	0.0	3	2387 1431 707 418
34	604	0.0	3	1 228 242 133
35	160	0.0	3	0 0 86 74
36	26	0.0	3	0 0 0 26
37	1	0.0	3	0 0 1
44	1	0.0	3	1
59	1	0.0	3	0 0 1


=== First read: Adapter 4 ===

Sequence: ACGTTGGATGTTTGTTACTGTTGTGGATACAAC; Type: regular 5'; Length: 33; Trimmed: 3871 times.

No. of allowed errors:
0-9 bp: 0; 10-19 bp: 1; 20-29 bp: 2; 30-33 bp: 3

Overview of removed sequences
length	count	expect	max.err	error counts
3	2	1148.8	0	2
10	1	0.1	1	0 1
20	1	0.0	2	1
21	1	0.0	2	1
24	8	0.0	2	2 3 3
25	19	0.0	2	6 10 3
26	24	0.0	2	13 7 4
27	43	0.0	2	19 14 10
28	128	0.0	2	75 38 14 1
29	96	0.0	2	35 34 22 5
30	160	0.0	3	67 44 32 17
31	223	0.0	3	51 51 67 54
32	449	0.0	3	41 192 127 89
33	2392	0.0	3	1153 632 395 212
34	189	0.0	3	3 85 52 49
35	77	0.0	3	0 0 52 25
36	55	0.0	3	0 0 0 55
48	1	0.0	3	1
55	1	0.0	3	0 0 1
64	1	0.0	3	0 0 1


=== First read: Adapter 5 ===

Sequence: ACGTTGGATGTTTGTTACCGTTGTTGATACTAC; Type: regular 5'; Length: 33; Trimmed: 4095 times.

No. of allowed errors:
0-9 bp: 0; 10-19 bp: 1; 20-29 bp: 2; 30-33 bp: 3

Overview of removed sequences
length	count	expect	max.err	error counts
14	1	0.0	1	1
19	3	0.0	1	1 0 2
20	3	0.0	2	2 1
22	1	0.0	2	0 1
24	14	0.0	2	5 6 3
25	22	0.0	2	13 5 4
26	28	0.0	2	11 11 6
27	87	0.0	2	59 19 8 1
28	168	0.0	2	78 57 33
29	159	0.0	2	45 60 44 10
30	418	0.0	3	102 112 54 150
31	416	0.0	3	67 96 145 108
32	684	0.0	3	33 194 286 171
33	1650	0.0	3	851 439 240 120
34	312	0.0	3	0 71 173 68
35	110	0.0	3	0 0 23 87
36	14	0.0	3	0 0 0 14
37	1	0.0	3	1
38	1	0.0	3	1
40	1	0.0	3	0 0 1
42	1	0.0	3	0 1
59	1	0.0	3	0 0 1


=== First read: Adapter 6 ===

Sequence: ACGTTGGATGAATATATGTGTGCTTATTTG; Type: regular 5'; Length: 30; Trimmed: 30 times.

No. of allowed errors:
0-9 bp: 0; 10-19 bp: 1; 20-29 bp: 2; 30 bp: 3

Overview of removed sequences
length	count	expect	max.err	error counts
3	24	1148.8	0	24
4	2	287.2	0	2
30	4	0.0	3	3 1


=== First read: Adapter 7 ===

Sequence: ACGTTGGATGGAAAAATAAACTGCAAATCATATTC; Type: regular 5'; Length: 35; Trimmed: 12531 times.

No. of allowed errors:
0-9 bp: 0; 10-19 bp: 1; 20-29 bp: 2; 30-35 bp: 3

Overview of removed sequences
length	count	expect	max.err	error counts
25	1	0.0	2	1
27	2	0.0	2	2
28	3	0.0	2	1 0 1 1
29	8	0.0	2	2 2 4
30	34	0.0	3	11 11 10 2
31	19	0.0	3	7 7 1 4
32	166	0.0	3	5 9 5 147
33	274	0.0	3	5 10 150 109
34	2102	0.0	3	31 1570 351 150
35	7378	0.0	3	5268 1229 483 398
36	2195	0.0	3	0 1458 392 345
37	220	0.0	3	0 0 80 140
38	129	0.0	3	0 0 0 129


=== First read: Adapter 8 ===

Sequence: ACGTTGGATGGAAAAATAAACTGTAAATCATATTC; Type: regular 5'; Length: 35; Trimmed: 3274 times.

No. of allowed errors:
0-9 bp: 0; 10-19 bp: 1; 20-29 bp: 2; 30-35 bp: 3

Overview of removed sequences
length	count	expect	max.err	error counts
22	1	0.0	2	1
26	1	0.0	2	0 1
30	2	0.0	3	0 1 1
31	2	0.0	3	1 0 0 1
32	275	0.0	3	0 4 0 271
33	138	0.0	3	4 5 70 59
34	691	0.0	3	7 476 101 107
35	1595	0.0	3	728 373 243 251
36	425	0.0	3	1 119 137 168
37	120	0.0	3	0 0 23 97
38	24	0.0	3	0 0 0 24


=== First read: Adapter 9 ===

Sequence: ACGTTGGATGGAAAAATAAATTGTAAATCATACTC; Type: regular 5'; Length: 35; Trimmed: 3269 times.

No. of allowed errors:
0-9 bp: 0; 10-19 bp: 1; 20-29 bp: 2; 30-35 bp: 3

Overview of removed sequences
length	count	expect	max.err	error counts
24	1	0.0	2	1
29	1	0.0	2	0 1
31	2	0.0	3	2
32	13	0.0	3	0 0 0 13
33	82	0.0	3	0 2 62 18
34	232	0.0	3	64 105 45 18
35	2835	0.0	3	1848 431 135 421
36	56	0.0	3	0 27 13 16
37	26	0.0	3	0 0 10 16
38	20	0.0	3	0 0 0 20
53	1	0.0	3	1


=== First read: Adapter 10 ===

Sequence: ACGTTGGATGAGATTAGGGAAAGTATTAGA; Type: regular 5'; Length: 30; Trimmed: 8 times.

No. of allowed errors:
0-9 bp: 0; 10-19 bp: 1; 20-29 bp: 2; 30 bp: 3

Overview of removed sequences
length	count	expect	max.err	error counts
3	7	1148.8	0	7
30	1	0.0	3	1


=== First read: Adapter 11 ===

Sequence: ACGTTGGATGGAAAAATAAATTGTAAATCAAATTC; Type: regular 5'; Length: 35; Trimmed: 1375 times.

No. of allowed errors:
0-9 bp: 0; 10-19 bp: 1; 20-29 bp: 2; 30-35 bp: 3

Overview of removed sequences
length	count	expect	max.err	error counts
30	1	0.0	3	0 0 1
31	1	0.0	3	0 1
32	4	0.0	3	0 0 0 4
33	16	0.0	3	0 0 12 4
34	69	0.0	3	5 35 18 11
35	1245	0.0	3	847 248 106 44
36	21	0.0	3	0 6 8 7
37	9	0.0	3	0 0 5 4
38	9	0.0	3	0 0 0 9


=== First read: Adapter 12 ===

Sequence: ACGTTGGATGGAAAAATAAACTGTAAATCATATTCCT; Type: regular 5'; Length: 37; Trimmed: 20591 times.

No. of allowed errors:
0-9 bp: 0; 10-19 bp: 1; 20-29 bp: 2; 30-37 bp: 3

Overview of removed sequences
length	count	expect	max.err	error counts
3	2	1148.8	0	2
18	1	0.0	1	1
22	1	0.0	2	0 1
24	1	0.0	2	1
25	1	0.0	2	0 1
29	2	0.0	2	1 0 1
31	11	0.0	3	0 3 5 3
32	37	0.0	3	5 15 14 3
33	28	0.0	3	5 15 4 4
34	67	0.0	3	7 16 11 33
35	1067	0.0	3	12 24 838 193
36	4009	0.0	3	49 2616 942 402
37	11235	0.0	3	4391 4841 1358 645
38	2255	0.0	3	4 510 1273 468
39	1581	0.0	3	1 1 252 1327
40	290	0.0	3	0 0 0 290
44	1	0.0	3	0 0 1
48	1	0.0	3	0 0 0 1
65	1	0.0	3	0 0 0 1


=== Second read: Adapter 13 ===

Sequence: ACGTTGGATGTTTGTTACTATGGTAGATACCACAC; Type: regular 5'; Length: 35; Trimmed: 6433 times.

No. of allowed errors:
0-9 bp: 0; 10-19 bp: 1; 20-29 bp: 2; 30-35 bp: 3

Overview of removed sequences
length	count	expect	max.err	error counts
3	3	1148.8	0	3
4	4	287.2	0	4
18	1	0.0	1	0 1
19	1	0.0	1	1
20	2	0.0	2	1 0 1
21	1	0.0	2	0 0 1
22	1	0.0	2	0 1
25	1	0.0	2	0 1
26	1	0.0	2	1
27	3	0.0	2	1 0 2
28	14	0.0	2	4 7 3
29	15	0.0	2	6 1 6 2
30	26	0.0	3	6 4 12 4
31	23	0.0	3	2 7 7 7
32	52	0.0	3	3 7 5 37
33	414	0.0	3	8 6 192 208
34	780	0.0	3	6 289 251 234
35	4280	0.0	3	1230 1401 956 693
36	333	0.0	3	0 116 113 104
37	375	0.0	3	0 0 163 212
38	90	0.0	3	0 0 0 90
41	1	0.0	3	0 0 1
42	1	0.0	3	0 0 1
43	1	0.0	3	0 1
44	1	0.0	3	0 1
45	1	0.0	3	0 0 1
47	1	0.0	3	1
50	1	0.0	3	0 1
51	1	0.0	3	0 1
52	2	0.0	3	1 1
53	1	0.0	3	0 0 1
55	1	0.0	3	0 0 0 1
58	1	0.0	3	0 0 0 1


=== Second read: Adapter 14 ===

Sequence: ACGTTGGATGTTTGTTACTGTGGTGGATACTAC; Type: regular 5'; Length: 33; Trimmed: 13342 times.

No. of allowed errors:
0-9 bp: 0; 10-19 bp: 1; 20-29 bp: 2; 30-33 bp: 3

Overview of removed sequences
length	count	expect	max.err	error counts
3	5	1148.8	0	5
4	1	287.2	0	1
5	2	71.8	0	2
9	1	0.3	0	1
10	1	0.1	1	0 1
16	2	0.0	1	0 2
17	2	0.0	1	1 1
18	1	0.0	1	0 1
19	1	0.0	1	1
20	4	0.0	2	2 2
21	2	0.0	2	1 1
22	2	0.0	2	0 1 1
23	2	0.0	2	0 0 2
24	9	0.0	2	3 3 3
25	16	0.0	2	3 4 9
26	33	0.0	2	9 16 8
27	44	0.0	2	19 17 8
28	46	0.0	2	15 19 12
29	58	0.0	2	20 15 18 5
30	913	0.0	3	28 30 40 815
31	1131	0.0	3	55 61 387 628
32	2174	0.0	3	36 712 744 682
33	7266	0.0	3	2885 2348 1255 778
34	1203	0.0	3	0 412 482 309
35	226	0.0	3	0 0 104 122
36	61	0.0	3	0 0 0 61
37	1	0.0	3	0 0 1
38	2	0.0	3	0 0 1 1
39	1	0.0	3	0 0 0 1
40	10	0.0	3	2 1 4 3
41	24	0.0	3	8 7 4 5
42	14	0.0	3	2 7 1 4
43	4	0.0	3	1 1 2
44	12	0.0	3	4 4 2 2
45	11	0.0	3	5 1 2 3
46	3	0.0	3	1 1 0 1
47	6	0.0	3	1 0 1 4
48	5	0.0	3	2 1 2
49	6	0.0	3	1 2 2 1
50	11	0.0	3	3 1 5 2
51	10	0.0	3	4 3 2 1
52	4	0.0	3	1 0 3
53	6	0.0	3	3 2 1
54	3	0.0	3	0 1 1 1
55	1	0.0	3	0 0 0 1
57	2	0.0	3	1 1


=== Second read: Adapter 15 ===

Sequence: ACGTTGGATGTTTGTTACTGTTGTGGATACAAC; Type: regular 5'; Length: 33; Trimmed: 6585 times.

No. of allowed errors:
0-9 bp: 0; 10-19 bp: 1; 20-29 bp: 2; 30-33 bp: 3

Overview of removed sequences
length	count	expect	max.err	error counts
3	159	1148.8	0	159
4	2	287.2	0	2
24	1	0.0	2	1
25	3	0.0	2	1 1 1
26	5	0.0	2	3 2
27	9	0.0	2	5 4
28	21	0.0	2	11 5 5
29	33	0.0	2	11 11 9 2
30	51	0.0	3	8 14 11 18
31	241	0.0	3	13 19 88 121
32	1187	0.0	3	10 396 363 418
33	4089	0.0	3	1305 1062 1113 609
34	397	0.0	3	1 91 162 143
35	209	0.0	3	0 0 98 111
36	100	0.0	3	0 0 0 100
38	1	0.0	3	0 0 1
40	2	0.0	3	0 0 1 1
41	22	0.0	3	4 9 5 4
42	7	0.0	3	1 2 3 1
43	2	0.0	3	0 2
45	4	0.0	3	1 2 1
46	2	0.0	3	0 0 2
47	2	0.0	3	1 0 0 1
48	3	0.0	3	1 0 2
49	6	0.0	3	1 2 2 1
50	2	0.0	3	1 0 1
51	4	0.0	3	0 2 1 1
52	6	0.0	3	1 0 4 1
53	5	0.0	3	2 2 1
54	3	0.0	3	0 0 0 3
56	2	0.0	3	2
57	4	0.0	3	1 1 1 1
65	1	0.0	3	1


=== Second read: Adapter 16 ===

Sequence: ACGTTGGATGTTTGTTACCGTTGTTGATACTAC; Type: regular 5'; Length: 33; Trimmed: 7297 times.

No. of allowed errors:
0-9 bp: 0; 10-19 bp: 1; 20-29 bp: 2; 30-33 bp: 3

Overview of removed sequences
length	count	expect	max.err	error counts
14	1	0.0	1	0 1
18	1	0.0	1	1
22	1	0.0	2	0 1
24	1	0.0	2	1
25	5	0.0	2	3 1 1
26	7	0.0	2	3 2 2
27	14	0.0	2	6 6 2
28	47	0.0	2	20 8 19
29	77	0.0	2	20 17 38 2
30	799	0.0	3	19 34 35 711
31	722	0.0	3	32 42 251 397
32	1664	0.0	3	16 410 733 505
33	2832	0.0	3	1266 783 479 304
34	886	0.0	3	0 116 479 291
35	160	0.0	3	0 0 37 123
36	31	0.0	3	0 0 0 31
39	2	0.0	3	0 0 1 1
40	2	0.0	3	0 1 1
41	10	0.0	3	2 5 1 2
42	11	0.0	3	2 3 3 3
43	3	0.0	3	2 0 1
44	4	0.0	3	0 1 3
45	2	0.0	3	1 1
46	3	0.0	3	0 3
48	1	0.0	3	0 0 0 1
49	3	0.0	3	0 0 2 1
50	2	0.0	3	0 2
51	1	0.0	3	0 1
52	1	0.0	3	0 0 0 1
54	2	0.0	3	0 0 1 1
55	2	0.0	3	0 0 1 1


=== Second read: Adapter 17 ===

Sequence: ACGTTGGATGAATATATGTGTGCTTATTTG; Type: regular 5'; Length: 30; Trimmed: 99 times.

No. of allowed errors:
0-9 bp: 0; 10-19 bp: 1; 20-29 bp: 2; 30 bp: 3

Overview of removed sequences
length	count	expect	max.err	error counts
3	93	1148.8	0	93
4	2	287.2	0	2
6	1	18.0	0	1
30	3	0.0	3	3


=== Second read: Adapter 18 ===

Sequence: ACGTTGGATGTTTGTTACTAAGGTAGATACCACTC; Type: regular 5'; Length: 35; Trimmed: 2497 times.

No. of allowed errors:
0-9 bp: 0; 10-19 bp: 1; 20-29 bp: 2; 30-35 bp: 3

Overview of removed sequences
length	count	expect	max.err	error counts
3	1	1148.8	0	1
6	1	18.0	0	1
11	1	0.0	1	1
17	1	0.0	1	1
28	1	0.0	2	1
29	3	0.0	2	2 1
30	11	0.0	3	2 4 3 2
31	12	0.0	3	2 6 2 2
32	23	0.0	3	2 3 2 16
33	121	0.0	3	10 4 49 58
34	384	0.0	3	7 184 97 96
35	1647	0.0	3	655 434 310 248
36	164	0.0	3	0 38 63 63
37	68	0.0	3	0 0 32 36
38	37	0.0	3	0 0 0 37
43	4	0.0	3	1 2 0 1
44	4	0.0	3	2 0 1 1
45	2	0.0	3	0 0 2
46	3	0.0	3	0 2 1
47	1	0.0	3	0 0 0 1
48	3	0.0	3	0 2 0 1
49	1	0.0	3	0 1
50	2	0.0	3	1 0 0 1
51	1	0.0	3	0 0 1
60	1	0.0	3	0 1


=== Second read: Adapter 19 ===

Sequence: ACGTTGGATGGAAAAATAAACTGCAAATCATATTC; Type: regular 5'; Length: 35; Trimmed: 3504 times.

No. of allowed errors:
0-9 bp: 0; 10-19 bp: 1; 20-29 bp: 2; 30-35 bp: 3

Overview of removed sequences
length	count	expect	max.err	error counts
3	14	1148.8	0	14
4	1	287.2	0	1
11	1	0.0	1	1
21	1	0.0	2	0 0 1
22	1	0.0	2	1
25	1	0.0	2	1
28	1	0.0	2	0 1
29	1	0.0	2	0 1
30	6	0.0	3	2 1 0 3
31	7	0.0	3	2 0 2 3
32	69	0.0	3	1 3 1 64
33	123	0.0	3	0 2 53 68
34	575	0.0	3	3 263 179 130
35	1847	0.0	3	830 434 288 295
36	724	0.0	3	1 299 173 251
37	69	0.0	3	0 0 28 41
38	55	0.0	3	0 0 0 55
43	2	0.0	3	0 0 0 2
44	1	0.0	3	0 0 0 1
45	1	0.0	3	0 0 1
48	1	0.0	3	0 0 1
53	1	0.0	3	0 0 0 1
70	2	0.0	3	0 2


=== Second read: Adapter 20 ===

Sequence: ACGTTGGATGAGATTAGGGAAAGTATTAGA; Type: regular 5'; Length: 30; Trimmed: 8 times.

No. of allowed errors:
0-9 bp: 0; 10-19 bp: 1; 20-29 bp: 2; 30 bp: 3

Overview of removed sequences
length	count	expect	max.err	error counts
3	8	1148.8	0	8


=== Second read: Adapter 21 ===

Sequence: ACGTTGGATGGAAAAATAAATTGTAAATCATACTC; Type: regular 5'; Length: 35; Trimmed: 1000 times.

No. of allowed errors:
0-9 bp: 0; 10-19 bp: 1; 20-29 bp: 2; 30-35 bp: 3

Overview of removed sequences
length	count	expect	max.err	error counts
11	1	0.0	1	1
13	1	0.0	1	0 1
19	2	0.0	1	1 1
25	1	0.0	2	0 0 1
26	1	0.0	2	1
28	1	0.0	2	1
30	6	0.0	3	5 0 1
31	4	0.0	3	1 3
32	14	0.0	3	1 0 1 12
33	46	0.0	3	1 0 12 33
34	99	0.0	3	4 31 24 40
35	740	0.0	3	322 174 106 138
36	58	0.0	3	0 13 27 18
37	14	0.0	3	0 0 1 13
38	6	0.0	3	0 0 0 6
43	1	0.0	3	0 1
44	1	0.0	3	0 0 1
46	1	0.0	3	0 0 1
47	1	0.0	3	0 1
48	1	0.0	3	0 1
52	1	0.0	3	1


=== Second read: Adapter 22 ===

Sequence: ACGTTGGATGGAAAAATAAACTGTAAATCATATTCCT; Type: regular 5'; Length: 37; Trimmed: 7826 times.

No. of allowed errors:
0-9 bp: 0; 10-19 bp: 1; 20-29 bp: 2; 30-37 bp: 3

Overview of removed sequences
length	count	expect	max.err	error counts
3	30	1148.8	0	30
4	69	287.2	0	69
14	1	0.0	1	0 1
15	1	0.0	1	0 1
18	2	0.0	1	0 1 1
19	2	0.0	1	0 1 1
20	2	0.0	2	0 2
21	4	0.0	2	1 1 2
22	2	0.0	2	1 0 1
24	3	0.0	2	1 2
25	1	0.0	2	0 0 1
32	14	0.0	3	5 5 3 1
33	8	0.0	3	0 2 5 1
34	22	0.0	3	3 6 2 11
35	443	0.0	3	2 7 283 151
36	1177	0.0	3	6 580 364 227
37	4846	0.0	3	1317 1896 994 639
38	732	0.0	3	0 144 335 253
39	378	0.0	3	0 0 66 312
40	79	0.0	3	0 0 0 79
44	1	0.0	3	0 1
45	3	0.0	3	0 0 3
46	1	0.0	3	0 0 0 1
47	1	0.0	3	0 0 0 1
48	2	0.0	3	1 0 1
50	1	0.0	3	0 0 0 1
51	1	0.0	3	0 0 1


=== Second read: Adapter 23 ===

Sequence: ACGTTGGATGGAAAAATAAACTGTAAATCATATTC; Type: regular 5'; Length: 35; Trimmed: 1677 times.

No. of allowed errors:
0-9 bp: 0; 10-19 bp: 1; 20-29 bp: 2; 30-35 bp: 3

Overview of removed sequences
length	count	expect	max.err	error counts
16	1	0.0	1	0 1
17	1	0.0	1	0 1
19	1	0.0	1	0 1
21	1	0.0	2	0 1
30	3	0.0	3	1 1 0 1
31	2	0.0	3	0 0 0 2
32	113	0.0	3	0 0 1 112
33	54	0.0	3	0 1 26 27
34	290	0.0	3	1 105 63 121
35	830	0.0	3	185 252 134 259
36	327	0.0	3	0 78 90 159
37	28	0.0	3	0 0 6 22
38	24	0.0	3	0 0 0 24
45	1	0.0	3	0 0 0 1
48	1	0.0	3	0 1


=== Second read: Adapter 24 ===

Sequence: ACGTTGGATGGAAAAATAAATTGTAAATCAAATTC; Type: regular 5'; Length: 35; Trimmed: 463 times.

No. of allowed errors:
0-9 bp: 0; 10-19 bp: 1; 20-29 bp: 2; 30-35 bp: 3

Overview of removed sequences
length	count	expect	max.err	error counts
5	1	71.8	0	1
6	1	18.0	0	1
18	1	0.0	1	1
26	1	0.0	2	0 1
30	1	0.0	3	1
31	2	0.0	3	0 2
32	6	0.0	3	0 0 3 3
33	4	0.0	3	0 0 4
34	31	0.0	3	1 12 8 10
35	396	0.0	3	203 99 48 46
36	10	0.0	3	0 3 5 2
37	5	0.0	3	0 0 1 4
38	4	0.0	3	0 0 0 4
