This is cutadapt 2.6 with Python 3.7.3
Command line parameters: -g ACGTTGGATGTTTGTTACTATGGTAGATACCACAC -g ACGTTGGATGTTTGTTACTAAGGTAGATACCACTC -g ACGTTGGATGTTTGTTACTGTGGTGGATACTAC -g ACGTTGGATGTTTGTTACTGTTGTGGATACAAC -g ACGTTGGATGTTTGTTACCGTTGTTGATACTAC -g ACGTTGGATGAATATATGTGTGCTTATTTG -G ACGTTGGATGTTTGTTACTATGGTAGATACCACAC -G ACGTTGGATGTTTGTTACTGTGGTGGATACTAC -G ACGTTGGATGTTTGTTACTGTTGTGGATACAAC -G ACGTTGGATGTTTGTTACCGTTGTTGATACTAC -G ACGTTGGATGAATATATGTGTGCTTATTTG -G ACGTTGGATGTTTGTTACTAAGGTAGATACCACTC -g ACGTTGGATGGAAAAATAAACTGCAAATCATATTC -g ACGTTGGATGGAAAAATAAACTGTAAATCATATTC -g ACGTTGGATGGAAAAATAAATTGTAAATCATACTC -g ACGTTGGATGAGATTAGGGAAAGTATTAGA -g ACGTTGGATGGAAAAATAAATTGTAAATCAAATTC -g ACGTTGGATGGAAAAATAAACTGTAAATCATATTCCT -G ACGTTGGATGGAAAAATAAACTGCAAATCATATTC -G ACGTTGGATGAGATTAGGGAAAGTATTAGA -G ACGTTGGATGGAAAAATAAATTGTAAATCATACTC -G ACGTTGGATGGAAAAATAAACTGTAAATCATATTCCT -G ACGTTGGATGGAAAAATAAACTGTAAATCATATTC -G ACGTTGGATGGAAAAATAAATTGTAAATCAAATTC --minimum-length=1 -o /data/projects/mdc-971/reprocess_June_2019_data/analysis/30.primer_trimmed/180356_S18_cutadapt.1.fq.gz -p /data/projects/mdc-971/reprocess_June_2019_data/analysis/30.primer_trimmed/180356_S18_cutadapt.2.fq.gz /data/projects/mdc-971/reprocess_June_2019_data/analysis/20.adapter_trimmed/180356_S18_R1_001.bbduked.trimmed.fastq.gz /data/projects/mdc-971/reprocess_June_2019_data/analysis/20.adapter_trimmed/180356_S18_R2_001.bbduked.trimmed.fastq.gz
Processing reads on 1 core in paired-end mode ...
Finished in 55.47 s (384 us/read; 0.16 M reads/minute).

=== Summary ===

Total read pairs processed:            144,292
  Read 1 with adapter:                 128,928 (89.4%)
  Read 2 with adapter:                  90,801 (62.9%)
Pairs that were too short:                   0 (0.0%)
Pairs written (passing filters):       144,292 (100.0%)

Total basepairs processed:    42,165,110 bp
  Read 1:    20,521,341 bp
  Read 2:    21,643,769 bp
Total written (filtered):     34,627,752 bp (82.1%)
  Read 1:    16,039,771 bp
  Read 2:    18,587,981 bp

=== First read: Adapter 1 ===

Sequence: ACGTTGGATGTTTGTTACTATGGTAGATACCACAC; Type: regular 5'; Length: 35; Trimmed: 11007 times.

No. of allowed errors:
0-9 bp: 0; 10-19 bp: 1; 20-29 bp: 2; 30-35 bp: 3

Overview of removed sequences
length	count	expect	max.err	error counts
3	2	2254.6	0	2
4	1	563.6	0	1
13	1	0.0	1	1
14	1	0.0	1	0 1
18	2	0.0	1	2
19	2	0.0	1	1 1
20	1	0.0	2	0 1
21	3	0.0	2	0 2 1
22	6	0.0	2	2 2 2
23	4	0.0	2	1 3
24	1	0.0	2	1
25	7	0.0	2	0 2 5
26	9	0.0	2	4 2 3
27	49	0.0	2	19 21 9
28	59	0.0	2	26 17 10 6
29	135	0.0	2	44 56 25 10
30	258	0.0	3	110 87 36 25
31	159	0.0	3	42 56 37 24
32	262	0.0	3	30 74 59 99
33	684	0.0	3	44 70 325 245
34	1872	0.0	3	51 913 535 373
35	6270	0.0	3	2473 2165 1009 623
36	683	0.0	3	1 254 220 208
37	351	0.0	3	0 1 178 172
38	184	0.0	3	0 0 0 184
66	1	0.0	3	0 0 0 1


=== First read: Adapter 2 ===

Sequence: ACGTTGGATGTTTGTTACTAAGGTAGATACCACTC; Type: regular 5'; Length: 35; Trimmed: 3647 times.

No. of allowed errors:
0-9 bp: 0; 10-19 bp: 1; 20-29 bp: 2; 30-35 bp: 3

Overview of removed sequences
length	count	expect	max.err	error counts
14	1	0.0	1	1
22	1	0.0	2	0 0 1
23	2	0.0	2	1 1
24	1	0.0	2	1
26	5	0.0	2	3 2
27	17	0.0	2	6 9 2
28	11	0.0	2	10 0 1
29	43	0.0	2	14 17 11 1
30	96	0.0	3	51 28 10 7
31	69	0.0	3	28 27 4 10
32	88	0.0	3	25 25 18 20
33	168	0.0	3	30 33 65 40
34	750	0.0	3	51 436 167 96
35	2029	0.0	3	1173 462 242 152
36	195	0.0	3	0 72 83 40
37	90	0.0	3	1 0 52 37
38	79	0.0	3	0 0 0 79
43	1	0.0	3	0 0 0 1
49	1	0.0	3	0 0 0 1


=== First read: Adapter 3 ===

Sequence: ACGTTGGATGTTTGTTACTGTGGTGGATACTAC; Type: regular 5'; Length: 33; Trimmed: 14836 times.

No. of allowed errors:
0-9 bp: 0; 10-19 bp: 1; 20-29 bp: 2; 30-33 bp: 3

Overview of removed sequences
length	count	expect	max.err	error counts
3	3	2254.6	0	3
4	1	563.6	0	1
8	1	2.2	0	1
14	2	0.0	1	2
16	3	0.0	1	2 1
17	5	0.0	1	2 3
18	6	0.0	1	2 4
19	9	0.0	1	5 3 1
20	15	0.0	2	11 3 1
21	13	0.0	2	8 3 2
22	13	0.0	2	5 7 1
23	8	0.0	2	4 3 1
24	98	0.0	2	50 37 11
25	201	0.0	2	101 72 28
26	263	0.0	2	127 100 36
27	609	0.0	2	352 195 62
28	763	0.0	2	452 219 91 1
29	492	0.0	2	183 170 108 31
30	1159	0.0	3	372 301 173 313
31	982	0.0	3	176 214 309 283
32	1754	0.0	3	165 696 495 398
33	6918	0.0	3	3178 2115 951 674
34	993	0.0	3	1 410 366 216
35	437	0.0	3	0 0 260 177
36	79	0.0	3	0 0 1 78
37	1	0.0	3	0 0 1
39	1	0.0	3	0 0 1
40	2	0.0	3	0 0 1 1
41	1	0.0	3	0 0 1
44	1	0.0	3	0 0 1
49	1	0.0	3	1
53	1	0.0	3	1
60	1	0.0	3	0 0 1


=== First read: Adapter 4 ===

Sequence: ACGTTGGATGTTTGTTACTGTTGTGGATACAAC; Type: regular 5'; Length: 33; Trimmed: 6789 times.

No. of allowed errors:
0-9 bp: 0; 10-19 bp: 1; 20-29 bp: 2; 30-33 bp: 3

Overview of removed sequences
length	count	expect	max.err	error counts
3	17	2254.6	0	17
17	1	0.0	1	1
19	2	0.0	1	0 1 1
20	1	0.0	2	1
21	1	0.0	2	1
23	2	0.0	2	0 2
24	8	0.0	2	4 3 1
25	51	0.0	2	22 20 9
26	42	0.0	2	24 15 3
27	90	0.0	2	57 29 4
28	232	0.0	2	147 60 25
29	165	0.0	2	62 66 33 4
30	311	0.0	3	115 105 57 34
31	325	0.0	3	88 80 86 71
32	762	0.0	3	74 286 208 194
33	4104	0.0	3	1954 1055 721 374
34	326	0.0	3	4 137 96 89
35	216	0.0	3	0 0 126 90
36	133	0.0	3	0 0 0 133


=== First read: Adapter 5 ===

Sequence: ACGTTGGATGTTTGTTACCGTTGTTGATACTAC; Type: regular 5'; Length: 33; Trimmed: 8270 times.

No. of allowed errors:
0-9 bp: 0; 10-19 bp: 1; 20-29 bp: 2; 30-33 bp: 3

Overview of removed sequences
length	count	expect	max.err	error counts
19	4	0.0	1	2 2
20	7	0.0	2	6 1
21	1	0.0	2	0 0 1
24	17	0.0	2	11 4 2
25	45	0.0	2	23 16 6
26	64	0.0	2	30 24 10
27	167	0.0	2	114 43 10
28	408	0.0	2	226 113 65 4
29	257	0.0	2	68 108 65 16
30	895	0.0	3	211 219 131 334
31	816	0.0	3	129 172 310 205
32	1342	0.0	3	78 334 583 347
33	3463	0.0	3	1816 944 462 241
34	610	0.0	3	0 165 293 152
35	135	0.0	3	0 1 42 92
36	36	0.0	3	0 0 0 36
40	1	0.0	3	0 0 1
42	1	0.0	3	1
44	1	0.0	3	0 1


=== First read: Adapter 6 ===

Sequence: ACGTTGGATGAATATATGTGTGCTTATTTG; Type: regular 5'; Length: 30; Trimmed: 55 times.

No. of allowed errors:
0-9 bp: 0; 10-19 bp: 1; 20-29 bp: 2; 30 bp: 3

Overview of removed sequences
length	count	expect	max.err	error counts
3	35	2254.6	0	35
4	7	563.6	0	7
29	2	0.0	2	0 2
30	10	0.0	3	5 4 1
32	1	0.0	3	0 0 1


=== First read: Adapter 7 ===

Sequence: ACGTTGGATGGAAAAATAAACTGCAAATCATATTC; Type: regular 5'; Length: 35; Trimmed: 27311 times.

No. of allowed errors:
0-9 bp: 0; 10-19 bp: 1; 20-29 bp: 2; 30-35 bp: 3

Overview of removed sequences
length	count	expect	max.err	error counts
4	1	563.6	0	1
16	1	0.0	1	1
24	3	0.0	2	0 2 1
25	1	0.0	2	1
26	2	0.0	2	1 1
27	4	0.0	2	2 1 0 1
28	5	0.0	2	0 2 3
29	8	0.0	2	2 2 2 2
30	66	0.0	3	22 24 14 6
31	54	0.0	3	21 14 10 9
32	383	0.0	3	17 10 8 348
33	639	0.0	3	11 36 355 237
34	4572	0.0	3	50 3389 774 359
35	15944	0.0	3	11609 2546 1015 774
36	4858	0.0	3	0 2983 957 918
37	470	0.0	3	0 0 175 295
38	297	0.0	3	0 0 0 297
44	1	0.0	3	1
58	1	0.0	3	0 0 0 1
71	1	0.0	3	0 0 1


=== First read: Adapter 8 ===

Sequence: ACGTTGGATGGAAAAATAAACTGTAAATCATATTC; Type: regular 5'; Length: 35; Trimmed: 6980 times.

No. of allowed errors:
0-9 bp: 0; 10-19 bp: 1; 20-29 bp: 2; 30-35 bp: 3

Overview of removed sequences
length	count	expect	max.err	error counts
18	1	0.0	1	0 1
23	1	0.0	2	1
25	1	0.0	2	0 0 1
26	1	0.0	2	0 0 1
28	1	0.0	2	0 0 0 1
29	2	0.0	2	1 1
30	12	0.0	3	2 4 2 4
31	5	0.0	3	1 0 0 4
32	597	0.0	3	1 1 1 594
33	268	0.0	3	9 5 143 111
34	1414	0.0	3	12 946 211 245
35	3172	0.0	3	1419 795 482 476
36	1150	0.0	3	1 367 372 410
37	268	0.0	3	0 2 61 205
38	87	0.0	3	0 0 0 87


=== First read: Adapter 9 ===

Sequence: ACGTTGGATGGAAAAATAAATTGTAAATCATACTC; Type: regular 5'; Length: 35; Trimmed: 7522 times.

No. of allowed errors:
0-9 bp: 0; 10-19 bp: 1; 20-29 bp: 2; 30-35 bp: 3

Overview of removed sequences
length	count	expect	max.err	error counts
18	1	0.0	1	0 1
29	2	0.0	2	1 0 1
30	1	0.0	3	1
31	7	0.0	3	5 1 0 1
32	44	0.0	3	1 1 1 41
33	205	0.0	3	5 5 137 58
34	496	0.0	3	112 239 104 41
35	6434	0.0	3	4173 964 353 944
36	195	0.0	3	0 124 48 23
37	61	0.0	3	0 0 26 35
38	74	0.0	3	0 0 0 74
39	1	0.0	3	1
44	1	0.0	3	1


=== First read: Adapter 10 ===

Sequence: ACGTTGGATGAGATTAGGGAAAGTATTAGA; Type: regular 5'; Length: 30; Trimmed: 21 times.

No. of allowed errors:
0-9 bp: 0; 10-19 bp: 1; 20-29 bp: 2; 30 bp: 3

Overview of removed sequences
length	count	expect	max.err	error counts
3	20	2254.6	0	20
31	1	0.0	3	0 1


=== First read: Adapter 11 ===

Sequence: ACGTTGGATGGAAAAATAAATTGTAAATCAAATTC; Type: regular 5'; Length: 35; Trimmed: 3249 times.

No. of allowed errors:
0-9 bp: 0; 10-19 bp: 1; 20-29 bp: 2; 30-35 bp: 3

Overview of removed sequences
length	count	expect	max.err	error counts
6	1	35.2	0	1
29	1	0.0	2	0 1
31	2	0.0	3	1 0 1
32	5	0.0	3	1 0 0 4
33	21	0.0	3	2 1 11 7
34	118	0.0	3	8 62 33 15
35	2996	0.0	3	2064 581 239 112
36	42	0.0	3	0 12 10 20
37	31	0.0	3	0 0 15 16
38	32	0.0	3	0 0 0 32


=== First read: Adapter 12 ===

Sequence: ACGTTGGATGGAAAAATAAACTGTAAATCATATTCCT; Type: regular 5'; Length: 37; Trimmed: 39241 times.

No. of allowed errors:
0-9 bp: 0; 10-19 bp: 1; 20-29 bp: 2; 30-37 bp: 3

Overview of removed sequences
length	count	expect	max.err	error counts
3	7	2254.6	0	7
18	1	0.0	1	1
20	1	0.0	2	1
21	3	0.0	2	1 2
27	3	0.0	2	1 2
29	1	0.0	2	1
30	2	0.0	3	0 0 1 1
31	23	0.0	3	2 9 6 6
32	54	0.0	3	6 23 17 8
33	37	0.0	3	4 18 10 5
34	113	0.0	3	7 11 15 80
35	2304	0.0	3	9 28 1784 483
36	8304	0.0	3	54 5512 1875 863
37	19863	0.0	3	7316 8895 2566 1086
38	4714	0.0	3	2 1197 2497 1018
39	3225	0.0	3	0 0 577 2648
40	583	0.0	3	0 0 0 583
47	1	0.0	3	0 1
49	1	0.0	3	0 1
64	1	0.0	3	0 1


=== Second read: Adapter 13 ===

Sequence: ACGTTGGATGTTTGTTACTATGGTAGATACCACAC; Type: regular 5'; Length: 35; Trimmed: 14146 times.

No. of allowed errors:
0-9 bp: 0; 10-19 bp: 1; 20-29 bp: 2; 30-35 bp: 3

Overview of removed sequences
length	count	expect	max.err	error counts
3	1	2254.6	0	1
4	4	563.6	0	4
18	1	0.0	1	0 1
19	3	0.0	1	2 0 1
22	2	0.0	2	0 1 1
24	1	0.0	2	0 0 1
25	1	0.0	2	0 0 1
26	6	0.0	2	1 0 5
27	3	0.0	2	1 1 1
28	20	0.0	2	6 4 9 1
29	27	0.0	2	8 5 9 5
30	56	0.0	3	10 19 14 13
31	51	0.0	3	6 7 19 19
32	86	0.0	3	4 10 18 54
33	1108	0.0	3	15 29 427 637
34	1586	0.0	3	10 472 521 583
35	9783	0.0	3	2370 3152 2426 1835
36	736	0.0	3	1 190 255 290
37	508	0.0	3	0 1 174 333
38	144	0.0	3	0 0 0 144
41	1	0.0	3	0 0 0 1
43	1	0.0	3	1
44	1	0.0	3	0 0 0 1
45	2	0.0	3	0 1 0 1
46	5	0.0	3	1 3 1
47	2	0.0	3	0 1 0 1
48	1	0.0	3	1
52	1	0.0	3	0 0 0 1
53	1	0.0	3	1
54	1	0.0	3	0 0 0 1
56	1	0.0	3	0 1
62	1	0.0	3	1
66	1	0.0	3	0 1


=== Second read: Adapter 14 ===

Sequence: ACGTTGGATGTTTGTTACTGTGGTGGATACTAC; Type: regular 5'; Length: 33; Trimmed: 22813 times.

No. of allowed errors:
0-9 bp: 0; 10-19 bp: 1; 20-29 bp: 2; 30-33 bp: 3

Overview of removed sequences
length	count	expect	max.err	error counts
3	7	2254.6	0	7
4	1	563.6	0	1
5	2	140.9	0	2
15	1	0.0	1	1
16	2	0.0	1	0 2
18	1	0.0	1	0 1
19	3	0.0	1	3
20	7	0.0	2	1 5 1
21	1	0.0	2	1
22	2	0.0	2	1 1
23	4	0.0	2	0 2 2
24	14	0.0	2	2 2 10
25	22	0.0	2	3 9 10
26	45	0.0	2	11 18 16
27	51	0.0	2	12 19 20
28	77	0.0	2	16 39 21 1
29	94	0.0	2	24 28 34 8
30	1392	0.0	3	18 42 54 1278
31	1679	0.0	3	35 44 616 984
32	4758	0.0	3	22 1259 1695 1782
33	11609	0.0	3	4092 3709 2303 1505
34	2136	0.0	3	0 662 820 654
35	529	0.0	3	0 0 237 292
36	149	0.0	3	0 0 0 149
37	1	0.0	3	0 0 1
38	1	0.0	3	0 0 1
39	5	0.0	3	0 0 1 4
40	12	0.0	3	1 4 3 4
41	36	0.0	3	11 9 7 9
42	31	0.0	3	5 6 13 7
43	15	0.0	3	1 4 6 4
44	26	0.0	3	9 6 9 2
45	20	0.0	3	6 5 6 3
46	9	0.0	3	4 2 1 2
47	4	0.0	3	1 0 1 2
48	4	0.0	3	2 0 0 2
49	6	0.0	3	1 1 2 2
50	8	0.0	3	0 3 3 2
51	16	0.0	3	6 4 4 2
52	8	0.0	3	1 2 2 3
53	10	0.0	3	2 1 2 5
54	2	0.0	3	1 0 1
55	5	0.0	3	1 0 3 1
56	5	0.0	3	1 1 2 1
57	3	0.0	3	2 0 0 1


=== Second read: Adapter 15 ===

Sequence: ACGTTGGATGTTTGTTACTGTTGTGGATACAAC; Type: regular 5'; Length: 33; Trimmed: 11764 times.

No. of allowed errors:
0-9 bp: 0; 10-19 bp: 1; 20-29 bp: 2; 30-33 bp: 3

Overview of removed sequences
length	count	expect	max.err	error counts
3	297	2254.6	0	297
13	1	0.0	1	0 1
24	1	0.0	2	0 0 1
25	2	0.0	2	0 1 1
26	11	0.0	2	3 5 3
27	9	0.0	2	1 7 1
28	28	0.0	2	11 5 12
29	32	0.0	2	11 13 6 2
30	85	0.0	3	7 25 13 40
31	567	0.0	3	26 20 183 338
32	2471	0.0	3	12 805 824 830
33	6855	0.0	3	1822 1760 2035 1238
34	719	0.0	3	1 173 278 267
35	384	0.0	3	0 0 194 190
36	172	0.0	3	0 0 0 172
39	2	0.0	3	0 1 0 1
40	1	0.0	3	0 0 1
41	31	0.0	3	6 9 13 3
42	11	0.0	3	1 3 2 5
43	3	0.0	3	0 1 1 1
44	15	0.0	3	0 5 8 2
45	5	0.0	3	0 2 1 2
46	5	0.0	3	1 1 2 1
47	4	0.0	3	1 0 2 1
48	6	0.0	3	0 3 3
49	9	0.0	3	3 2 2 2
50	6	0.0	3	0 2 0 4
51	8	0.0	3	3 3 1 1
52	8	0.0	3	2 1 5
53	6	0.0	3	2 3 0 1
54	2	0.0	3	0 1 1
55	3	0.0	3	0 1 2
56	1	0.0	3	0 0 0 1
57	3	0.0	3	2 1
63	1	0.0	3	1


=== Second read: Adapter 16 ===

Sequence: ACGTTGGATGTTTGTTACCGTTGTTGATACTAC; Type: regular 5'; Length: 33; Trimmed: 13559 times.

No. of allowed errors:
0-9 bp: 0; 10-19 bp: 1; 20-29 bp: 2; 30-33 bp: 3

Overview of removed sequences
length	count	expect	max.err	error counts
14	1	0.0	1	1
22	1	0.0	2	0 1
24	7	0.0	2	2 4 1
25	7	0.0	2	1 2 4
26	20	0.0	2	10 5 5
27	24	0.0	2	7 13 4
28	70	0.0	2	19 26 24 1
29	107	0.0	2	25 32 42 8
30	1170	0.0	3	32 60 45 1033
31	1044	0.0	3	52 65 453 474
32	3313	0.0	3	12 758 1369 1174
33	5632	0.0	3	2117 1693 1027 795
34	1780	0.0	3	1 240 880 659
35	268	0.0	3	1 0 84 183
36	69	0.0	3	0 0 0 69
38	1	0.0	3	0 0 0 1
40	4	0.0	3	0 1 2 1
41	12	0.0	3	2 2 4 4
42	11	0.0	3	2 4 4 1
43	2	0.0	3	0 0 0 2
44	4	0.0	3	1 2 1
45	3	0.0	3	2 0 0 1
46	1	0.0	3	0 0 0 1
47	1	0.0	3	0 0 0 1
48	1	0.0	3	1
52	1	0.0	3	0 0 0 1
54	2	0.0	3	1 0 1
55	1	0.0	3	0 1
56	1	0.0	3	0 1
62	1	0.0	3	0 0 0 1


=== Second read: Adapter 17 ===

Sequence: ACGTTGGATGAATATATGTGTGCTTATTTG; Type: regular 5'; Length: 30; Trimmed: 213 times.

No. of allowed errors:
0-9 bp: 0; 10-19 bp: 1; 20-29 bp: 2; 30 bp: 3

Overview of removed sequences
length	count	expect	max.err	error counts
3	202	2254.6	0	202
4	4	563.6	0	4
29	1	0.0	2	0 0 0 1
30	6	0.0	3	2 2 2


=== Second read: Adapter 18 ===

Sequence: ACGTTGGATGTTTGTTACTAAGGTAGATACCACTC; Type: regular 5'; Length: 35; Trimmed: 4620 times.

No. of allowed errors:
0-9 bp: 0; 10-19 bp: 1; 20-29 bp: 2; 30-35 bp: 3

Overview of removed sequences
length	count	expect	max.err	error counts
3	5	2254.6	0	5
4	2	563.6	0	2
21	1	0.0	2	0 1
24	1	0.0	2	0 0 1
25	1	0.0	2	1
26	1	0.0	2	0 1
27	1	0.0	2	0 1
28	2	0.0	2	0 0 2
29	2	0.0	2	1 1
30	20	0.0	3	6 5 6 3
31	21	0.0	3	1 9 6 5
32	43	0.0	3	5 2 8 28
33	301	0.0	3	3 7 111 180
34	836	0.0	3	6 317 270 243
35	2844	0.0	3	882 838 623 501
36	324	0.0	3	0 77 119 128
37	151	0.0	3	0 0 51 100
38	55	0.0	3	0 0 0 55
42	1	0.0	3	0 0 1
43	2	0.0	3	0 0 1 1
46	1	0.0	3	0 1
47	2	0.0	3	2
51	1	0.0	3	1
53	1	0.0	3	1
54	1	0.0	3	0 0 1


=== Second read: Adapter 19 ===

Sequence: ACGTTGGATGGAAAAATAAACTGCAAATCATATTC; Type: regular 5'; Length: 35; Trimmed: 6465 times.

No. of allowed errors:
0-9 bp: 0; 10-19 bp: 1; 20-29 bp: 2; 30-35 bp: 3

Overview of removed sequences
length	count	expect	max.err	error counts
3	24	2254.6	0	24
4	1	563.6	0	1
18	1	0.0	1	0 1
19	1	0.0	1	1
26	1	0.0	2	0 0 1
29	2	0.0	2	0 1 1
30	8	0.0	3	2 2 1 3
31	5	0.0	3	1 0 2 2
32	104	0.0	3	3 2 1 98
33	220	0.0	3	5 4 93 118
34	1138	0.0	3	4 463 405 266
35	3395	0.0	3	1399 888 590 518
36	1311	0.0	3	0 447 382 482
37	128	0.0	3	0 0 41 87
38	119	0.0	3	0 0 0 119
43	2	0.0	3	0 1 0 1
44	1	0.0	3	0 0 1
45	1	0.0	3	0 0 1
47	1	0.0	3	1
49	1	0.0	3	0 0 0 1
50	1	0.0	3	0 0 0 1


=== Second read: Adapter 20 ===

Sequence: ACGTTGGATGAGATTAGGGAAAGTATTAGA; Type: regular 5'; Length: 30; Trimmed: 32 times.

No. of allowed errors:
0-9 bp: 0; 10-19 bp: 1; 20-29 bp: 2; 30 bp: 3

Overview of removed sequences
length	count	expect	max.err	error counts
3	27	2254.6	0	27
4	2	563.6	0	2
5	1	140.9	0	1
29	1	0.0	2	0 0 1
30	1	0.0	3	1


=== Second read: Adapter 21 ===

Sequence: ACGTTGGATGGAAAAATAAATTGTAAATCATACTC; Type: regular 5'; Length: 35; Trimmed: 2042 times.

No. of allowed errors:
0-9 bp: 0; 10-19 bp: 1; 20-29 bp: 2; 30-35 bp: 3

Overview of removed sequences
length	count	expect	max.err	error counts
5	3	140.9	0	3
13	1	0.0	1	1
15	1	0.0	1	0 1
21	1	0.0	2	0 1
22	2	0.0	2	0 0 2
23	1	0.0	2	1
27	2	0.0	2	0 0 1 1
29	1	0.0	2	0 1
30	3	0.0	3	2 1
31	2	0.0	3	1 0 1
32	31	0.0	3	0 0 0 31
33	123	0.0	3	3 1 36 83
34	211	0.0	3	3 71 63 74
35	1390	0.0	3	534 363 233 260
36	206	0.0	3	0 32 88 86
37	23	0.0	3	0 0 3 20
38	21	0.0	3	1 0 0 20
42	2	0.0	3	0 1 0 1
43	5	0.0	3	1 1 2 1
44	2	0.0	3	0 0 1 1
45	2	0.0	3	0 0 0 2
49	1	0.0	3	1
50	1	0.0	3	0 0 0 1
52	2	0.0	3	0 2
53	4	0.0	3	1 1 2
58	1	0.0	3	0 0 0 1


=== Second read: Adapter 22 ===

Sequence: ACGTTGGATGGAAAAATAAACTGTAAATCATATTCCT; Type: regular 5'; Length: 37; Trimmed: 10930 times.

No. of allowed errors:
0-9 bp: 0; 10-19 bp: 1; 20-29 bp: 2; 30-37 bp: 3

Overview of removed sequences
length	count	expect	max.err	error counts
3	63	2254.6	0	63
4	216	563.6	0	216
19	3	0.0	1	0 2 1
20	2	0.0	2	0 1 1
21	1	0.0	2	0 1
22	3	0.0	2	0 1 2
26	1	0.0	2	0 1
30	1	0.0	3	0 1
31	3	0.0	3	1 1 0 1
32	8	0.0	3	2 2 1 3
33	20	0.0	3	3 6 5 6
34	39	0.0	3	0 2 2 35
35	836	0.0	3	5 8 487 336
36	1920	0.0	3	1 791 664 464
37	5937	0.0	3	1319 2260 1444 914
38	1095	0.0	3	0 209 482 404
39	631	0.0	3	0 0 123 508
40	123	0.0	3	0 0 0 123
44	1	0.0	3	0 0 0 1
45	6	0.0	3	0 2 3 1
46	1	0.0	3	0 0 0 1
48	1	0.0	3	0 0 1
49	5	0.0	3	0 2 0 3
50	3	0.0	3	0 3
51	2	0.0	3	0 0 1 1
52	1	0.0	3	0 0 1
53	1	0.0	3	0 0 0 1
54	2	0.0	3	0 0 2
56	1	0.0	3	0 1
59	1	0.0	3	0 0 1
63	1	0.0	3	0 1
71	1	0.0	3	0 0 0 1
140	1	0.0	3	0 0 1


=== Second read: Adapter 23 ===

Sequence: ACGTTGGATGGAAAAATAAACTGTAAATCATATTC; Type: regular 5'; Length: 35; Trimmed: 3388 times.

No. of allowed errors:
0-9 bp: 0; 10-19 bp: 1; 20-29 bp: 2; 30-35 bp: 3

Overview of removed sequences
length	count	expect	max.err	error counts
21	1	0.0	2	0 0 1
29	2	0.0	2	0 0 0 2
30	6	0.0	3	1 1 2 2
31	4	0.0	3	0 1 0 3
32	158	0.0	3	0 0 0 158
33	165	0.0	3	1 1 67 96
34	583	0.0	3	1 161 130 291
35	1556	0.0	3	348 417 288 503
36	807	0.0	3	0 208 229 370
37	71	0.0	3	0 0 4 67
38	32	0.0	3	0 0 0 32
40	1	0.0	3	0 0 0 1
43	1	0.0	3	0 1
68	1	0.0	3	0 0 0 1


=== Second read: Adapter 24 ===

Sequence: ACGTTGGATGGAAAAATAAATTGTAAATCAAATTC; Type: regular 5'; Length: 35; Trimmed: 829 times.

No. of allowed errors:
0-9 bp: 0; 10-19 bp: 1; 20-29 bp: 2; 30-35 bp: 3

Overview of removed sequences
length	count	expect	max.err	error counts
5	2	140.9	0	2
6	2	35.2	0	2
14	1	0.0	1	1
15	1	0.0	1	1
22	1	0.0	2	1
30	4	0.0	3	1 0 1 2
31	1	0.0	3	0 1
32	5	0.0	3	0 0 1 4
33	13	0.0	3	0 1 7 5
34	58	0.0	3	0 21 23 14
35	697	0.0	3	315 195 116 71
36	21	0.0	3	0 2 7 12
37	16	0.0	3	0 0 2 14
38	5	0.0	3	0 0 0 5
40	1	0.0	3	0 0 0 1
46	1	0.0	3	1
