This is cutadapt 2.6 with Python 3.7.3
Command line parameters: -g ACGTTGGATGTTTGTTACTATGGTAGATACCACAC -g ACGTTGGATGTTTGTTACTAAGGTAGATACCACTC -g ACGTTGGATGTTTGTTACTGTGGTGGATACTAC -g ACGTTGGATGTTTGTTACTGTTGTGGATACAAC -g ACGTTGGATGTTTGTTACCGTTGTTGATACTAC -g ACGTTGGATGAATATATGTGTGCTTATTTG -G ACGTTGGATGTTTGTTACTATGGTAGATACCACAC -G ACGTTGGATGTTTGTTACTGTGGTGGATACTAC -G ACGTTGGATGTTTGTTACTGTTGTGGATACAAC -G ACGTTGGATGTTTGTTACCGTTGTTGATACTAC -G ACGTTGGATGAATATATGTGTGCTTATTTG -G ACGTTGGATGTTTGTTACTAAGGTAGATACCACTC -g ACGTTGGATGGAAAAATAAACTGCAAATCATATTC -g ACGTTGGATGGAAAAATAAACTGTAAATCATATTC -g ACGTTGGATGGAAAAATAAATTGTAAATCATACTC -g ACGTTGGATGAGATTAGGGAAAGTATTAGA -g ACGTTGGATGGAAAAATAAATTGTAAATCAAATTC -g ACGTTGGATGGAAAAATAAACTGTAAATCATATTCCT -G ACGTTGGATGGAAAAATAAACTGCAAATCATATTC -G ACGTTGGATGAGATTAGGGAAAGTATTAGA -G ACGTTGGATGGAAAAATAAATTGTAAATCATACTC -G ACGTTGGATGGAAAAATAAACTGTAAATCATATTCCT -G ACGTTGGATGGAAAAATAAACTGTAAATCATATTC -G ACGTTGGATGGAAAAATAAATTGTAAATCAAATTC --minimum-length=1 -o /data/projects/mdc-971/reprocess_June_2019_data/analysis/30.primer_trimmed/180378_S34_cutadapt.1.fq.gz -p /data/projects/mdc-971/reprocess_June_2019_data/analysis/30.primer_trimmed/180378_S34_cutadapt.2.fq.gz /data/projects/mdc-971/reprocess_June_2019_data/analysis/20.adapter_trimmed/180378_S34_R1_001.bbduked.trimmed.fastq.gz /data/projects/mdc-971/reprocess_June_2019_data/analysis/20.adapter_trimmed/180378_S34_R2_001.bbduked.trimmed.fastq.gz
Processing reads on 1 core in paired-end mode ...
Finished in 154.68 s (371 us/read; 0.16 M reads/minute).

=== Summary ===

Total read pairs processed:            416,659
  Read 1 with adapter:                 381,177 (91.5%)
  Read 2 with adapter:                 310,449 (74.5%)
Pairs that were too short:                   0 (0.0%)
Pairs written (passing filters):       416,659 (100.0%)

Total basepairs processed:   124,727,948 bp
  Read 1:    62,229,176 bp
  Read 2:    62,498,772 bp
Total written (filtered):    100,150,020 bp (80.3%)
  Read 1:    48,619,826 bp
  Read 2:    51,530,194 bp

=== First read: Adapter 1 ===

Sequence: ACGTTGGATGTTTGTTACTATGGTAGATACCACAC; Type: regular 5'; Length: 35; Trimmed: 64801 times.

No. of allowed errors:
0-9 bp: 0; 10-19 bp: 1; 20-29 bp: 2; 30-35 bp: 3

Overview of removed sequences
length	count	expect	max.err	error counts
3	7	6510.3	0	7
4	1	1627.6	0	1
18	3	0.0	1	2 1
19	1	0.0	1	0 1
22	1	0.0	2	0 1
23	2	0.0	2	1 1
24	1	0.0	2	0 1
26	8	0.0	2	2 4 2
27	22	0.0	2	7 10 5
28	37	0.0	2	12 5 14 6
29	111	0.0	2	35 29 35 12
30	327	0.0	3	68 165 56 38
31	215	0.0	3	39 94 58 24
32	599	0.0	3	68 163 145 223
33	3158	0.0	3	135 476 1458 1089
34	6168	0.0	3	186 2391 2260 1331
35	52035	0.0	3	9261 29349 8589 4836
36	1435	0.0	3	15 374 737 309
37	546	0.0	3	0 4 183 359
38	117	0.0	3	0 1 0 116
39	2	0.0	3	1 0 1
41	1	0.0	3	0 0 1
51	1	0.0	3	0 1
56	1	0.0	3	0 1
62	1	0.0	3	0 0 0 1
66	1	0.0	3	0 1


=== First read: Adapter 2 ===

Sequence: ACGTTGGATGTTTGTTACTAAGGTAGATACCACTC; Type: regular 5'; Length: 35; Trimmed: 67396 times.

No. of allowed errors:
0-9 bp: 0; 10-19 bp: 1; 20-29 bp: 2; 30-35 bp: 3

Overview of removed sequences
length	count	expect	max.err	error counts
3	1	6510.3	0	1
17	1	0.0	1	0 1
18	1	0.0	1	0 1
20	2	0.0	2	0 2
21	1	0.0	2	0 1
22	4	0.0	2	3 1
23	3	0.0	2	3
24	1	0.0	2	1
26	17	0.0	2	6 9 2
27	22	0.0	2	17 5
28	41	0.0	2	29 6 6
29	104	0.0	2	54 34 12 4
30	457	0.0	3	289 115 34 19
31	575	0.0	3	291 183 77 24
32	935	0.0	3	408 324 120 83
33	1619	0.0	3	771 424 263 161
34	5703	0.0	3	1232 2699 1102 670
35	56222	0.0	3	36056 11448 5557 3161
36	985	0.0	3	24 496 324 141
37	650	0.0	3	1 6 187 456
38	31	0.0	3	3 1 0 27
39	4	0.0	3	1 3
43	8	0.0	3	5 2 1
44	1	0.0	3	0 1
45	1	0.0	3	1
49	1	0.0	3	0 0 1
52	1	0.0	3	1
54	2	0.0	3	1 0 1
62	2	0.0	3	0 1 0 1
66	1	0.0	3	0 1


=== First read: Adapter 3 ===

Sequence: ACGTTGGATGTTTGTTACTGTGGTGGATACTAC; Type: regular 5'; Length: 33; Trimmed: 24154 times.

No. of allowed errors:
0-9 bp: 0; 10-19 bp: 1; 20-29 bp: 2; 30-33 bp: 3

Overview of removed sequences
length	count	expect	max.err	error counts
3	4	6510.3	0	4
14	1	0.0	1	1
15	1	0.0	1	1
19	2	0.0	1	0 2
20	4	0.0	2	3 1
21	5	0.0	2	5
22	1	0.0	2	0 0 1
23	1	0.0	2	1
24	13	0.0	2	7 4 2
25	42	0.0	2	21 15 6
26	68	0.0	2	38 23 7
27	141	0.0	2	92 34 15
28	342	0.0	2	227 87 27 1
29	255	0.0	2	135 77 33 10
30	704	0.0	3	283 211 79 131
31	1129	0.0	3	432 278 245 174
32	2414	0.0	3	558 936 559 361
33	18238	0.0	3	8651 5516 2413 1658
34	684	0.0	3	3 335 242 104
35	81	0.0	3	3 0 42 36
36	11	0.0	3	1 0 1 9
37	4	0.0	3	2 0 0 2
39	1	0.0	3	1
41	3	0.0	3	1 0 1 1
42	2	0.0	3	2
44	1	0.0	3	0 0 0 1
45	1	0.0	3	0 0 1
50	1	0.0	3	1


=== First read: Adapter 4 ===

Sequence: ACGTTGGATGTTTGTTACTGTTGTGGATACAAC; Type: regular 5'; Length: 33; Trimmed: 6714 times.

No. of allowed errors:
0-9 bp: 0; 10-19 bp: 1; 20-29 bp: 2; 30-33 bp: 3

Overview of removed sequences
length	count	expect	max.err	error counts
3	38	6510.3	0	38
24	2	0.0	2	0 1 1
25	6	0.0	2	1 3 2
26	5	0.0	2	4 1
27	6	0.0	2	5 1
28	18	0.0	2	7 6 5
29	24	0.0	2	10 6 6 2
30	36	0.0	3	13 7 8 8
31	135	0.0	3	17 22 50 46
32	441	0.0	3	48 189 107 97
33	5641	0.0	3	2225 1803 1018 595
34	207	0.0	3	4 103 58 42
35	135	0.0	3	0 0 96 39
36	17	0.0	3	0 0 0 17
46	1	0.0	3	1
57	1	0.0	3	0 1
63	1	0.0	3	0 0 0 1


=== First read: Adapter 5 ===

Sequence: ACGTTGGATGTTTGTTACCGTTGTTGATACTAC; Type: regular 5'; Length: 33; Trimmed: 3499 times.

No. of allowed errors:
0-9 bp: 0; 10-19 bp: 1; 20-29 bp: 2; 30-33 bp: 3

Overview of removed sequences
length	count	expect	max.err	error counts
16	1	0.0	1	0 1
21	2	0.0	2	1 1
22	1	0.0	2	1
24	3	0.0	2	2 1
25	3	0.0	2	1 2
26	11	0.0	2	3 8
27	23	0.0	2	17 4 2
28	54	0.0	2	28 17 9
29	42	0.0	2	21 11 8 2
30	194	0.0	3	36 31 18 109
31	157	0.0	3	36 41 25 55
32	384	0.0	3	63 121 119 81
33	2431	0.0	3	1257 678 328 168
34	165	0.0	3	0 89 51 25
35	24	0.0	3	0 0 12 12
36	2	0.0	3	0 0 0 2
37	1	0.0	3	1
45	1	0.0	3	1


=== First read: Adapter 6 ===

Sequence: ACGTTGGATGAATATATGTGTGCTTATTTG; Type: regular 5'; Length: 30; Trimmed: 50 times.

No. of allowed errors:
0-9 bp: 0; 10-19 bp: 1; 20-29 bp: 2; 30 bp: 3

Overview of removed sequences
length	count	expect	max.err	error counts
3	37	6510.3	0	37
4	6	1627.6	0	6
5	3	406.9	0	3
29	1	0.0	2	1
30	3	0.0	3	1 2


=== First read: Adapter 7 ===

Sequence: ACGTTGGATGGAAAAATAAACTGCAAATCATATTC; Type: regular 5'; Length: 35; Trimmed: 10021 times.

No. of allowed errors:
0-9 bp: 0; 10-19 bp: 1; 20-29 bp: 2; 30-35 bp: 3

Overview of removed sequences
length	count	expect	max.err	error counts
3	2	6510.3	0	2
4	1	1627.6	0	1
21	2	0.0	2	0 0 2
26	1	0.0	2	0 0 1
27	1	0.0	2	1
28	3	0.0	2	1 0 2
29	4	0.0	2	1 2 1
30	26	0.0	3	8 5 5 8
31	35	0.0	3	6 12 2 15
32	97	0.0	3	15 19 7 56
33	159	0.0	3	7 10 47 95
34	1234	0.0	3	14 807 227 186
35	6297	0.0	3	2996 1028 474 1799
36	1896	0.0	3	1 1083 463 349
37	90	0.0	3	0 0 32 58
38	173	0.0	3	0 0 0 173


=== First read: Adapter 8 ===

Sequence: ACGTTGGATGGAAAAATAAACTGTAAATCATATTC; Type: regular 5'; Length: 35; Trimmed: 2017 times.

No. of allowed errors:
0-9 bp: 0; 10-19 bp: 1; 20-29 bp: 2; 30-35 bp: 3

Overview of removed sequences
length	count	expect	max.err	error counts
18	1	0.0	1	1
29	2	0.0	2	0 0 0 2
30	4	0.0	3	1 1 1 1
31	2	0.0	3	0 1 0 1
32	57	0.0	3	0 1 0 56
33	59	0.0	3	1 2 26 30
34	462	0.0	3	0 297 62 103
35	1181	0.0	3	255 243 174 509
36	177	0.0	3	0 18 74 85
37	49	0.0	3	0 0 13 36
38	23	0.0	3	0 0 0 23


=== First read: Adapter 9 ===

Sequence: ACGTTGGATGGAAAAATAAATTGTAAATCATACTC; Type: regular 5'; Length: 35; Trimmed: 1367 times.

No. of allowed errors:
0-9 bp: 0; 10-19 bp: 1; 20-29 bp: 2; 30-35 bp: 3

Overview of removed sequences
length	count	expect	max.err	error counts
30	1	0.0	3	0 1
31	1	0.0	3	1
32	1	0.0	3	0 0 0 1
33	21	0.0	3	0 2 11 8
34	82	0.0	3	24 41 10 7
35	1216	0.0	3	770 221 83 142
36	14	0.0	3	0 3 4 7
37	8	0.0	3	0 0 3 5
38	23	0.0	3	0 0 0 23


=== First read: Adapter 10 ===

Sequence: ACGTTGGATGAGATTAGGGAAAGTATTAGA; Type: regular 5'; Length: 30; Trimmed: 18 times.

No. of allowed errors:
0-9 bp: 0; 10-19 bp: 1; 20-29 bp: 2; 30 bp: 3

Overview of removed sequences
length	count	expect	max.err	error counts
3	17	6510.3	0	17
4	1	1627.6	0	1


=== First read: Adapter 11 ===

Sequence: ACGTTGGATGGAAAAATAAATTGTAAATCAAATTC; Type: regular 5'; Length: 35; Trimmed: 1133 times.

No. of allowed errors:
0-9 bp: 0; 10-19 bp: 1; 20-29 bp: 2; 30-35 bp: 3

Overview of removed sequences
length	count	expect	max.err	error counts
26	1	0.0	2	1
32	1	0.0	3	0 1
33	4	0.0	3	1 1 1 1
34	22	0.0	3	4 5 5 8
35	1051	0.0	3	564 229 125 133
36	26	0.0	3	0 6 10 10
37	5	0.0	3	0 0 3 2
38	23	0.0	3	0 0 0 23


=== First read: Adapter 12 ===

Sequence: ACGTTGGATGGAAAAATAAACTGTAAATCATATTCCT; Type: regular 5'; Length: 37; Trimmed: 200007 times.

No. of allowed errors:
0-9 bp: 0; 10-19 bp: 1; 20-29 bp: 2; 30-37 bp: 3

Overview of removed sequences
length	count	expect	max.err	error counts
3	11	6510.3	0	11
4	4	1627.6	0	4
15	1	0.0	1	1
19	1	0.0	1	1
20	9	0.0	2	9
22	1	0.0	2	1
27	4	0.0	2	0 4
28	3	0.0	2	2 1
29	8	0.0	2	6 2
30	6	0.0	3	2 2 2
31	59	0.0	3	10 21 19 9
32	491	0.0	3	154 187 98 52
33	565	0.0	3	216 221 84 44
34	909	0.0	3	289 423 144 53
35	1610	0.0	3	346 383 647 234
36	10849	0.0	3	1078 5146 3225 1400
37	181431	0.0	3	88549 65628 19216 8038
38	2322	0.0	3	48 1221 705 348
39	1224	0.0	3	10 7 308 899
40	481	0.0	3	3 3 0 475
41	6	0.0	3	1 3 1 1
42	2	0.0	3	1 0 0 1
44	1	0.0	3	0 1
45	1	0.0	3	1
46	1	0.0	3	1
47	1	0.0	3	1
52	1	0.0	3	1
57	1	0.0	3	0 1
60	1	0.0	3	1
63	2	0.0	3	1 1
64	1	0.0	3	0 1


=== Second read: Adapter 13 ===

Sequence: ACGTTGGATGTTTGTTACTATGGTAGATACCACAC; Type: regular 5'; Length: 35; Trimmed: 61338 times.

No. of allowed errors:
0-9 bp: 0; 10-19 bp: 1; 20-29 bp: 2; 30-35 bp: 3

Overview of removed sequences
length	count	expect	max.err	error counts
3	20	6510.3	0	20
4	24	1627.6	0	24
6	2	101.7	0	2
10	1	0.4	1	1
19	1	0.0	1	0 1
20	1	0.0	2	0 1
26	2	0.0	2	0 1 1
27	1	0.0	2	0 1
28	9	0.0	2	0 2 6 1
29	53	0.0	2	6 12 26 9
30	100	0.0	3	9 36 26 29
31	164	0.0	3	10 54 60 40
32	314	0.0	3	9 46 64 195
33	5793	0.0	3	49 207 2530 3007
34	3262	0.0	3	58 810 1181 1213
35	49189	0.0	3	5428 21255 13194 9312
36	1537	0.0	3	5 266 777 489
37	741	0.0	3	0 2 227 512
38	74	0.0	3	1 0 2 71
39	1	0.0	3	0 0 0 1
41	2	0.0	3	0 0 1 1
43	19	0.0	3	1 6 6 6
44	3	0.0	3	0 1 1 1
45	1	0.0	3	0 1
46	3	0.0	3	0 3
47	3	0.0	3	0 2 1
49	1	0.0	3	0 0 0 1
51	3	0.0	3	0 1 2
52	1	0.0	3	1
53	2	0.0	3	0 1 0 1
54	1	0.0	3	0 1
55	7	0.0	3	1 3 2 1
58	1	0.0	3	0 0 0 1
59	1	0.0	3	0 0 1
62	1	0.0	3	0 0 1


=== Second read: Adapter 14 ===

Sequence: ACGTTGGATGTTTGTTACTGTGGTGGATACTAC; Type: regular 5'; Length: 33; Trimmed: 27336 times.

No. of allowed errors:
0-9 bp: 0; 10-19 bp: 1; 20-29 bp: 2; 30-33 bp: 3

Overview of removed sequences
length	count	expect	max.err	error counts
3	20	6510.3	0	20
5	3	406.9	0	3
17	2	0.0	1	1 1
23	1	0.0	2	1
24	7	0.0	2	4 1 2
25	8	0.0	2	3 1 4
26	16	0.0	2	6 8 2
27	25	0.0	2	14 7 4
28	41	0.0	2	20 11 8 2
29	85	0.0	2	20 37 25 3
30	684	0.0	3	29 56 43 556
31	1116	0.0	3	171 98 417 430
32	3312	0.0	3	131 1095 1111 975
33	21159	0.0	3	7872 7138 3719 2430
34	594	0.0	3	2 234 210 148
35	120	0.0	3	2 2 53 63
36	9	0.0	3	1 0 1 7
37	2	0.0	3	2
38	4	0.0	3	2 1 1
39	1	0.0	3	1
40	11	0.0	3	2 3 2 4
41	33	0.0	3	8 10 8 7
42	13	0.0	3	3 5 2 3
43	4	0.0	3	1 0 3
44	14	0.0	3	5 7 1 1
45	13	0.0	3	5 1 4 3
46	4	0.0	3	2 1 1
47	2	0.0	3	1 0 1
48	6	0.0	3	1 2 2 1
49	5	0.0	3	1 1 1 2
50	3	0.0	3	1 0 0 2
51	4	0.0	3	1 1 0 2
52	4	0.0	3	2 1 0 1
53	3	0.0	3	2 0 1
54	2	0.0	3	0 2
56	3	0.0	3	1 1 0 1
57	3	0.0	3	1 1 0 1


=== Second read: Adapter 15 ===

Sequence: ACGTTGGATGTTTGTTACTGTTGTGGATACAAC; Type: regular 5'; Length: 33; Trimmed: 7382 times.

No. of allowed errors:
0-9 bp: 0; 10-19 bp: 1; 20-29 bp: 2; 30-33 bp: 3

Overview of removed sequences
length	count	expect	max.err	error counts
3	818	6510.3	0	818
4	1	1627.6	0	1
5	2	406.9	0	2
19	1	0.0	1	0 1
20	2	0.0	2	0 2
25	1	0.0	2	0 0 1
26	2	0.0	2	0 0 2
27	5	0.0	2	3 2
28	5	0.0	2	1 1 3
29	12	0.0	2	0 3 9
30	25	0.0	3	3 6 1 15
31	393	0.0	3	14 10 166 203
32	767	0.0	3	16 312 216 223
33	4819	0.0	3	1169 1681 1110 859
34	172	0.0	3	2 54 63 53
35	255	0.0	3	0 0 155 100
36	28	0.0	3	0 0 0 28
38	1	0.0	3	0 0 1
39	1	0.0	3	0 1
40	1	0.0	3	1
41	15	0.0	3	6 3 3 3
42	7	0.0	3	0 4 3
44	6	0.0	3	2 0 3 1
45	5	0.0	3	1 2 1 1
46	1	0.0	3	0 0 0 1
47	5	0.0	3	0 2 2 1
48	3	0.0	3	1 1 1
49	4	0.0	3	1 1 2
50	3	0.0	3	1 1 0 1
51	4	0.0	3	1 1 2
52	3	0.0	3	0 2 1
53	8	0.0	3	4 4
54	3	0.0	3	1 0 2
55	2	0.0	3	1 0 0 1
56	1	0.0	3	1
60	1	0.0	3	1


=== Second read: Adapter 16 ===

Sequence: ACGTTGGATGTTTGTTACCGTTGTTGATACTAC; Type: regular 5'; Length: 33; Trimmed: 3891 times.

No. of allowed errors:
0-9 bp: 0; 10-19 bp: 1; 20-29 bp: 2; 30-33 bp: 3

Overview of removed sequences
length	count	expect	max.err	error counts
23	1	0.0	2	0 1
26	2	0.0	2	0 2
27	6	0.0	2	2 1 3
28	16	0.0	2	8 3 5
29	7	0.0	2	2 3 2
30	424	0.0	3	12 5 10 397
31	127	0.0	3	24 12 39 52
32	693	0.0	3	17 180 245 251
33	2377	0.0	3	997 707 403 270
34	176	0.0	3	1 63 62 50
35	42	0.0	3	0 0 23 19
36	4	0.0	3	0 0 0 4
40	1	0.0	3	0 1
41	4	0.0	3	0 1 1 2
42	3	0.0	3	1 0 0 2
43	2	0.0	3	2
44	3	0.0	3	0 2 0 1
49	1	0.0	3	0 0 0 1
52	1	0.0	3	0 1
55	1	0.0	3	0 0 0 1


=== Second read: Adapter 17 ===

Sequence: ACGTTGGATGAATATATGTGTGCTTATTTG; Type: regular 5'; Length: 30; Trimmed: 191 times.

No. of allowed errors:
0-9 bp: 0; 10-19 bp: 1; 20-29 bp: 2; 30 bp: 3

Overview of removed sequences
length	count	expect	max.err	error counts
3	176	6510.3	0	176
4	8	1627.6	0	8
5	3	406.9	0	3
6	4	101.7	0	4


=== Second read: Adapter 18 ===

Sequence: ACGTTGGATGTTTGTTACTAAGGTAGATACCACTC; Type: regular 5'; Length: 35; Trimmed: 64438 times.

No. of allowed errors:
0-9 bp: 0; 10-19 bp: 1; 20-29 bp: 2; 30-35 bp: 3

Overview of removed sequences
length	count	expect	max.err	error counts
3	7	6510.3	0	7
4	3	1627.6	0	3
6	3	101.7	0	3
10	1	0.4	1	1
20	1	0.0	2	1
21	1	0.0	2	0 1
24	1	0.0	2	1
25	1	0.0	2	1
26	2	0.0	2	1 1
27	10	0.0	2	4 4 2
28	13	0.0	2	6 4 3
29	27	0.0	2	9 12 4 2
30	111	0.0	3	32 37 27 15
31	207	0.0	3	42 71 57 37
32	239	0.0	3	42 82 61 54
33	1154	0.0	3	267 124 288 475
34	3808	0.0	3	227 1291 1160 1130
35	56570	0.0	3	22250 16042 10973 7305
36	1269	0.0	3	24 539 416 290
37	892	0.0	3	1 4 212 675
38	38	0.0	3	1 0 1 36
39	1	0.0	3	0 0 1
40	1	0.0	3	0 1
41	1	0.0	3	0 1
42	2	0.0	3	1 1
43	21	0.0	3	7 6 5 3
44	6	0.0	3	0 4 1 1
45	1	0.0	3	1
46	11	0.0	3	5 3 3
47	4	0.0	3	1 2 1
48	5	0.0	3	3 0 2
49	2	0.0	3	1 1
50	2	0.0	3	1 0 0 1
51	4	0.0	3	3 1
52	1	0.0	3	1
53	1	0.0	3	0 0 0 1
54	6	0.0	3	3 0 2 1
55	7	0.0	3	4 1 1 1
56	1	0.0	3	0 1
58	1	0.0	3	1
59	2	0.0	3	0 1 1


=== Second read: Adapter 19 ===

Sequence: ACGTTGGATGGAAAAATAAACTGCAAATCATATTC; Type: regular 5'; Length: 35; Trimmed: 8018 times.

No. of allowed errors:
0-9 bp: 0; 10-19 bp: 1; 20-29 bp: 2; 30-35 bp: 3

Overview of removed sequences
length	count	expect	max.err	error counts
3	19	6510.3	0	19
4	1	1627.6	0	1
18	2	0.0	1	2
21	2	0.0	2	1 1
23	1	0.0	2	0 1
26	1	0.0	2	0 1
27	1	0.0	2	0 1
29	1	0.0	2	0 1
30	7	0.0	3	1 4 0 2
31	18	0.0	3	2 2 2 12
32	26	0.0	3	1 2 0 23
33	82	0.0	3	1 1 30 50
34	516	0.0	3	3 161 125 227
35	5644	0.0	3	1222 741 530 3151
36	1515	0.0	3	0 722 436 357
37	38	0.0	3	0 0 11 27
38	135	0.0	3	0 0 0 135
44	2	0.0	3	0 1 1
45	3	0.0	3	0 2 0 1
49	3	0.0	3	1 0 0 2
50	1	0.0	3	0 1


=== Second read: Adapter 20 ===

Sequence: ACGTTGGATGAGATTAGGGAAAGTATTAGA; Type: regular 5'; Length: 30; Trimmed: 57 times.

No. of allowed errors:
0-9 bp: 0; 10-19 bp: 1; 20-29 bp: 2; 30 bp: 3

Overview of removed sequences
length	count	expect	max.err	error counts
3	54	6510.3	0	54
4	3	1627.6	0	3


=== Second read: Adapter 21 ===

Sequence: ACGTTGGATGGAAAAATAAATTGTAAATCATACTC; Type: regular 5'; Length: 35; Trimmed: 805 times.

No. of allowed errors:
0-9 bp: 0; 10-19 bp: 1; 20-29 bp: 2; 30-35 bp: 3

Overview of removed sequences
length	count	expect	max.err	error counts
5	4	406.9	0	4
12	1	0.0	1	0 1
13	1	0.0	1	1
14	1	0.0	1	1
18	1	0.0	1	0 1
19	1	0.0	1	0 1
21	1	0.0	2	1
23	1	0.0	2	1
26	1	0.0	2	1
30	3	0.0	3	0 2 0 1
31	1	0.0	3	1
32	2	0.0	3	1 1
33	16	0.0	3	1 0 3 12
34	48	0.0	3	2 14 10 22
35	686	0.0	3	264 150 100 172
36	14	0.0	3	0 5 7 2
37	1	0.0	3	0 0 0 1
38	18	0.0	3	0 0 0 18
43	2	0.0	3	1 1
46	1	0.0	3	0 1
52	1	0.0	3	0 0 1


=== Second read: Adapter 22 ===

Sequence: ACGTTGGATGGAAAAATAAACTGTAAATCATATTCCT; Type: regular 5'; Length: 37; Trimmed: 134469 times.

No. of allowed errors:
0-9 bp: 0; 10-19 bp: 1; 20-29 bp: 2; 30-37 bp: 3

Overview of removed sequences
length	count	expect	max.err	error counts
3	196	6510.3	0	196
4	482	1627.6	0	482
5	1	406.9	0	1
6	1	101.7	0	1
16	1	0.0	1	0 1
19	1	0.0	1	1
20	1	0.0	2	0 1
23	1	0.0	2	1
24	2	0.0	2	1 1
30	3	0.0	3	0 2 1
31	18	0.0	3	3 6 3 6
32	100	0.0	3	36 35 16 13
33	172	0.0	3	49 54 29 40
34	200	0.0	3	50 68 42 40
35	728	0.0	3	148 145 285 150
36	5480	0.0	3	219 2206 1881 1174
37	124670	0.0	3	45119 42869 23284 13398
38	1489	0.0	3	12 529 588 360
39	569	0.0	3	4 4 157 404
40	312	0.0	3	0 1 1 310
41	3	0.0	3	0 0 2 1
45	4	0.0	3	0 2 1 1
46	1	0.0	3	0 0 0 1
47	2	0.0	3	0 1 1
48	2	0.0	3	0 1 1
49	4	0.0	3	2 1 1
50	6	0.0	3	1 2 1 2
51	3	0.0	3	0 0 3
52	8	0.0	3	2 3 1 2
53	3	0.0	3	2 1
54	1	0.0	3	0 0 1
55	3	0.0	3	1 1 0 1
59	1	0.0	3	0 1
63	1	0.0	3	1


=== Second read: Adapter 23 ===

Sequence: ACGTTGGATGGAAAAATAAACTGTAAATCATATTC; Type: regular 5'; Length: 35; Trimmed: 1846 times.

No. of allowed errors:
0-9 bp: 0; 10-19 bp: 1; 20-29 bp: 2; 30-35 bp: 3

Overview of removed sequences
length	count	expect	max.err	error counts
21	1	0.0	2	0 0 1
30	3	0.0	3	0 0 0 3
31	2	0.0	3	0 0 1 1
32	33	0.0	3	0 1 0 32
33	33	0.0	3	0 0 11 22
34	278	0.0	3	1 62 38 177
35	1270	0.0	3	132 200 148 790
36	198	0.0	3	0 14 72 112
37	10	0.0	3	0 0 2 8
38	18	0.0	3	0 0 0 18


=== Second read: Adapter 24 ===

Sequence: ACGTTGGATGGAAAAATAAATTGTAAATCAAATTC; Type: regular 5'; Length: 35; Trimmed: 678 times.

No. of allowed errors:
0-9 bp: 0; 10-19 bp: 1; 20-29 bp: 2; 30-35 bp: 3

Overview of removed sequences
length	count	expect	max.err	error counts
6	6	101.7	0	6
18	2	0.0	1	1 1
30	2	0.0	3	1 1
32	1	0.0	3	0 0 0 1
33	3	0.0	3	0 1 0 2
34	21	0.0	3	1 6 3 11
35	629	0.0	3	255 148 103 123
36	8	0.0	3	0 0 3 5
37	1	0.0	3	0 0 0 1
38	5	0.0	3	0 0 0 5
