This is cutadapt 2.6 with Python 3.7.3
Command line parameters: -g ACGTTGGATGTTTGTTACTATGGTAGATACCACAC -g ACGTTGGATGTTTGTTACTAAGGTAGATACCACTC -g ACGTTGGATGTTTGTTACTGTGGTGGATACTAC -g ACGTTGGATGTTTGTTACTGTTGTGGATACAAC -g ACGTTGGATGTTTGTTACCGTTGTTGATACTAC -g ACGTTGGATGAATATATGTGTGCTTATTTG -G ACGTTGGATGTTTGTTACTATGGTAGATACCACAC -G ACGTTGGATGTTTGTTACTGTGGTGGATACTAC -G ACGTTGGATGTTTGTTACTGTTGTGGATACAAC -G ACGTTGGATGTTTGTTACCGTTGTTGATACTAC -G ACGTTGGATGAATATATGTGTGCTTATTTG -G ACGTTGGATGTTTGTTACTAAGGTAGATACCACTC -g ACGTTGGATGGAAAAATAAACTGCAAATCATATTC -g ACGTTGGATGGAAAAATAAACTGTAAATCATATTC -g ACGTTGGATGGAAAAATAAATTGTAAATCATACTC -g ACGTTGGATGAGATTAGGGAAAGTATTAGA -g ACGTTGGATGGAAAAATAAATTGTAAATCAAATTC -g ACGTTGGATGGAAAAATAAACTGTAAATCATATTCCT -G ACGTTGGATGGAAAAATAAACTGCAAATCATATTC -G ACGTTGGATGAGATTAGGGAAAGTATTAGA -G ACGTTGGATGGAAAAATAAATTGTAAATCATACTC -G ACGTTGGATGGAAAAATAAACTGTAAATCATATTCCT -G ACGTTGGATGGAAAAATAAACTGTAAATCATATTC -G ACGTTGGATGGAAAAATAAATTGTAAATCAAATTC --minimum-length=1 -o /data/projects/mdc-971/reprocess_June_2019_data/analysis/30.primer_trimmed/180352_S14_cutadapt.1.fq.gz -p /data/projects/mdc-971/reprocess_June_2019_data/analysis/30.primer_trimmed/180352_S14_cutadapt.2.fq.gz /data/projects/mdc-971/reprocess_June_2019_data/analysis/20.adapter_trimmed/180352_S14_R1_001.bbduked.trimmed.fastq.gz /data/projects/mdc-971/reprocess_June_2019_data/analysis/20.adapter_trimmed/180352_S14_R2_001.bbduked.trimmed.fastq.gz
Processing reads on 1 core in paired-end mode ...
Finished in 32.95 s (390 us/read; 0.15 M reads/minute).

=== Summary ===

Total read pairs processed:             84,558
  Read 1 with adapter:                  74,560 (88.2%)
  Read 2 with adapter:                  58,798 (69.5%)
Pairs that were too short:                   0 (0.0%)
Pairs written (passing filters):        84,558 (100.0%)

Total basepairs processed:    25,213,329 bp
  Read 1:    12,529,654 bp
  Read 2:    12,683,675 bp
Total written (filtered):     20,636,310 bp (81.8%)
  Read 1:     9,944,405 bp
  Read 2:    10,691,905 bp

=== First read: Adapter 1 ===

Sequence: ACGTTGGATGTTTGTTACTATGGTAGATACCACAC; Type: regular 5'; Length: 35; Trimmed: 7117 times.

No. of allowed errors:
0-9 bp: 0; 10-19 bp: 1; 20-29 bp: 2; 30-35 bp: 3

Overview of removed sequences
length	count	expect	max.err	error counts
3	1	1321.2	0	1
4	1	330.3	0	1
11	1	0.0	1	1
14	1	0.0	1	1
21	2	0.0	2	2
22	1	0.0	2	0 1
23	6	0.0	2	4 1 1
25	1	0.0	2	0 0 1
26	14	0.0	2	4 4 6
27	25	0.0	2	11 9 5
28	37	0.0	2	12 12 6 7
29	80	0.0	2	26 27 18 9
30	125	0.0	3	54 41 23 7
31	85	0.0	3	16 33 24 12
32	127	0.0	3	16 28 40 43
33	455	0.0	3	27 40 236 152
34	1228	0.0	3	44 581 340 263
35	4210	0.0	3	1601 1533 656 420
36	376	0.0	3	2 155 132 87
37	212	0.0	3	0 0 102 110
38	127	0.0	3	0 0 0 127
51	1	0.0	3	0 0 0 1
54	1	0.0	3	0 0 0 1


=== First read: Adapter 2 ===

Sequence: ACGTTGGATGTTTGTTACTAAGGTAGATACCACTC; Type: regular 5'; Length: 35; Trimmed: 2896 times.

No. of allowed errors:
0-9 bp: 0; 10-19 bp: 1; 20-29 bp: 2; 30-35 bp: 3

Overview of removed sequences
length	count	expect	max.err	error counts
3	2	1321.2	0	2
20	1	0.0	2	0 1
26	1	0.0	2	1
27	6	0.0	2	4 2
28	3	0.0	2	3
29	14	0.0	2	8 4 2
30	33	0.0	3	22 5 3 3
31	24	0.0	3	13 7 3 1
32	51	0.0	3	14 12 10 15
33	95	0.0	3	25 17 37 16
34	564	0.0	3	51 337 124 52
35	1819	0.0	3	1151 387 171 110
36	146	0.0	3	3 62 55 26
37	69	0.0	3	0 0 44 25
38	66	0.0	3	0 0 0 66
39	1	0.0	3	1
49	1	0.0	3	0 0 0 1


=== First read: Adapter 3 ===

Sequence: ACGTTGGATGTTTGTTACTGTGGTGGATACTAC; Type: regular 5'; Length: 33; Trimmed: 9098 times.

No. of allowed errors:
0-9 bp: 0; 10-19 bp: 1; 20-29 bp: 2; 30-33 bp: 3

Overview of removed sequences
length	count	expect	max.err	error counts
4	1	330.3	0	1
14	2	0.0	1	2
16	1	0.0	1	0 1
17	3	0.0	1	3
18	2	0.0	1	0 1 1
19	9	0.0	1	7 1 1
20	9	0.0	2	3 4 2
21	13	0.0	2	9 4
22	3	0.0	2	1 1 1
23	4	0.0	2	2 2
24	34	0.0	2	16 9 9
25	96	0.0	2	48 41 7
26	128	0.0	2	50 53 25
27	230	0.0	2	131 71 28
28	374	0.0	2	182 128 60 4
29	233	0.0	2	81 81 60 11
30	557	0.0	3	168 118 84 187
31	641	0.0	3	89 129 230 193
32	1198	0.0	3	129 456 355 258
33	4407	0.0	3	2095 1233 651 428
34	809	0.0	3	0 312 317 180
35	285	0.0	3	0 0 158 127
36	55	0.0	3	0 0 0 55
37	1	0.0	3	0 0 0 1
38	1	0.0	3	0 0 0 1
41	1	0.0	3	1
64	1	0.0	3	0 0 1


=== First read: Adapter 4 ===

Sequence: ACGTTGGATGTTTGTTACTGTTGTGGATACAAC; Type: regular 5'; Length: 33; Trimmed: 5045 times.

No. of allowed errors:
0-9 bp: 0; 10-19 bp: 1; 20-29 bp: 2; 30-33 bp: 3

Overview of removed sequences
length	count	expect	max.err	error counts
3	6	1321.2	0	6
20	2	0.0	2	1 1
21	1	0.0	2	0 1
23	1	0.0	2	1
24	13	0.0	2	5 6 2
25	29	0.0	2	11 10 8
26	28	0.0	2	12 11 5
27	63	0.0	2	33 23 7
28	177	0.0	2	111 49 17
29	119	0.0	2	62 39 14 4
30	209	0.0	3	94 58 43 14
31	265	0.0	3	64 77 65 59
32	581	0.0	3	68 218 146 149
33	3113	0.0	3	1475 790 567 281
34	214	0.0	3	2 91 71 50
35	158	0.0	3	0 1 99 58
36	63	0.0	3	0 0 0 63
37	1	0.0	3	1
38	1	0.0	3	1
59	1	0.0	3	0 0 0 1


=== First read: Adapter 5 ===

Sequence: ACGTTGGATGTTTGTTACCGTTGTTGATACTAC; Type: regular 5'; Length: 33; Trimmed: 5394 times.

No. of allowed errors:
0-9 bp: 0; 10-19 bp: 1; 20-29 bp: 2; 30-33 bp: 3

Overview of removed sequences
length	count	expect	max.err	error counts
14	5	0.0	1	5
16	2	0.0	1	1 1
17	2	0.0	1	2
20	3	0.0	2	3
22	1	0.0	2	0 1
24	18	0.0	2	8 8 2
25	30	0.0	2	18 6 6
26	35	0.0	2	14 14 7
27	114	0.0	2	73 27 14
28	247	0.0	2	132 77 37 1
29	192	0.0	2	58 75 47 12
30	564	0.0	3	136 158 69 201
31	572	0.0	3	60 107 205 200
32	894	0.0	3	58 187 408 241
33	2074	0.0	3	1036 580 286 172
34	379	0.0	3	0 97 196 86
35	245	0.0	3	0 0 69 176
36	13	0.0	3	0 0 0 13
37	1	0.0	3	1
38	1	0.0	3	0 1
41	1	0.0	3	1
42	1	0.0	3	0 0 1


=== First read: Adapter 6 ===

Sequence: ACGTTGGATGAATATATGTGTGCTTATTTG; Type: regular 5'; Length: 30; Trimmed: 50 times.

No. of allowed errors:
0-9 bp: 0; 10-19 bp: 1; 20-29 bp: 2; 30 bp: 3

Overview of removed sequences
length	count	expect	max.err	error counts
3	40	1321.2	0	40
4	2	330.3	0	2
5	1	82.6	0	1
29	1	0.0	2	0 0 0 1
30	6	0.0	3	4 2


=== First read: Adapter 7 ===

Sequence: ACGTTGGATGGAAAAATAAACTGCAAATCATATTC; Type: regular 5'; Length: 35; Trimmed: 14644 times.

No. of allowed errors:
0-9 bp: 0; 10-19 bp: 1; 20-29 bp: 2; 30-35 bp: 3

Overview of removed sequences
length	count	expect	max.err	error counts
3	1	1321.2	0	1
23	1	0.0	2	0 1
24	1	0.0	2	0 1
26	1	0.0	2	1
27	3	0.0	2	2 1
28	3	0.0	2	0 1 1 1
29	13	0.0	2	3 2 4 4
30	46	0.0	3	19 16 6 5
31	33	0.0	3	13 11 4 5
32	270	0.0	3	12 12 7 239
33	390	0.0	3	9 29 234 118
34	2557	0.0	3	34 1851 446 226
35	8113	0.0	3	5702 1380 596 435
36	2753	0.0	3	0 1757 517 479
37	237	0.0	3	0 0 81 156
38	222	0.0	3	0 0 0 222


=== First read: Adapter 8 ===

Sequence: ACGTTGGATGGAAAAATAAACTGTAAATCATATTC; Type: regular 5'; Length: 35; Trimmed: 3934 times.

No. of allowed errors:
0-9 bp: 0; 10-19 bp: 1; 20-29 bp: 2; 30-35 bp: 3

Overview of removed sequences
length	count	expect	max.err	error counts
18	1	0.0	1	1
27	1	0.0	2	0 1
29	3	0.0	2	1 2
30	4	0.0	3	1 1 1 1
31	6	0.0	3	0 2 1 3
32	382	0.0	3	0 1 1 380
33	185	0.0	3	3 2 96 84
34	810	0.0	3	10 518 136 146
35	1695	0.0	3	683 491 256 265
36	664	0.0	3	0 223 211 230
37	134	0.0	3	0 0 31 103
38	49	0.0	3	0 0 0 49


=== First read: Adapter 9 ===

Sequence: ACGTTGGATGGAAAAATAAATTGTAAATCATACTC; Type: regular 5'; Length: 35; Trimmed: 4093 times.

No. of allowed errors:
0-9 bp: 0; 10-19 bp: 1; 20-29 bp: 2; 30-35 bp: 3

Overview of removed sequences
length	count	expect	max.err	error counts
22	2	0.0	2	1 0 1
30	3	0.0	3	2 0 1
31	3	0.0	3	1 1 0 1
32	21	0.0	3	1 0 0 20
33	160	0.0	3	2 2 105 51
34	329	0.0	3	79 153 64 33
35	3385	0.0	3	2095 516 189 585
36	97	0.0	3	0 55 19 23
37	39	0.0	3	0 0 15 24
38	51	0.0	3	0 0 0 51
44	1	0.0	3	1
48	1	0.0	3	1
56	1	0.0	3	1


=== First read: Adapter 10 ===

Sequence: ACGTTGGATGAGATTAGGGAAAGTATTAGA; Type: regular 5'; Length: 30; Trimmed: 16 times.

No. of allowed errors:
0-9 bp: 0; 10-19 bp: 1; 20-29 bp: 2; 30 bp: 3

Overview of removed sequences
length	count	expect	max.err	error counts
3	16	1321.2	0	16


=== First read: Adapter 11 ===

Sequence: ACGTTGGATGGAAAAATAAATTGTAAATCAAATTC; Type: regular 5'; Length: 35; Trimmed: 1553 times.

No. of allowed errors:
0-9 bp: 0; 10-19 bp: 1; 20-29 bp: 2; 30-35 bp: 3

Overview of removed sequences
length	count	expect	max.err	error counts
30	3	0.0	3	1 2
31	3	0.0	3	2 0 1
32	2	0.0	3	0 0 0 2
33	21	0.0	3	2 1 12 6
34	67	0.0	3	7 34 18 8
35	1416	0.0	3	954 275 116 71
36	17	0.0	3	2 8 4 3
37	13	0.0	3	0 0 5 8
38	11	0.0	3	0 0 0 11


=== First read: Adapter 12 ===

Sequence: ACGTTGGATGGAAAAATAAACTGTAAATCATATTCCT; Type: regular 5'; Length: 37; Trimmed: 20720 times.

No. of allowed errors:
0-9 bp: 0; 10-19 bp: 1; 20-29 bp: 2; 30-37 bp: 3

Overview of removed sequences
length	count	expect	max.err	error counts
3	5	1321.2	0	5
15	1	0.0	1	0 1
16	1	0.0	1	1
19	1	0.0	1	1
20	3	0.0	2	1 2
25	1	0.0	2	1
30	1	0.0	3	0 1
31	11	0.0	3	1 4 4 2
32	33	0.0	3	3 10 13 7
33	32	0.0	3	7 8 11 6
34	98	0.0	3	5 10 9 74
35	1268	0.0	3	4 25 959 280
36	4155	0.0	3	23 2708 939 485
37	9603	0.0	3	3313 4382 1312 596
38	2228	0.0	3	2 485 1177 564
39	2993	0.0	3	1 0 731 2261
40	283	0.0	3	0 0 0 283
46	1	0.0	3	0 0 1
50	1	0.0	3	0 0 1
52	1	0.0	3	0 0 1


=== Second read: Adapter 13 ===

Sequence: ACGTTGGATGTTTGTTACTATGGTAGATACCACAC; Type: regular 5'; Length: 35; Trimmed: 8547 times.

No. of allowed errors:
0-9 bp: 0; 10-19 bp: 1; 20-29 bp: 2; 30-35 bp: 3

Overview of removed sequences
length	count	expect	max.err	error counts
3	3	1321.2	0	3
4	7	330.3	0	7
10	1	0.1	1	1
13	1	0.0	1	0 1
19	1	0.0	1	0 1
21	2	0.0	2	2
22	2	0.0	2	0 2
24	1	0.0	2	0 0 1
25	1	0.0	2	0 0 1
26	4	0.0	2	1 2 1
27	2	0.0	2	1 1
28	6	0.0	2	1 3 1 1
29	12	0.0	2	5 4 0 3
30	25	0.0	3	7 7 8 3
31	24	0.0	3	1 5 9 9
32	51	0.0	3	1 12 6 32
33	689	0.0	3	10 15 301 363
34	1012	0.0	3	4 357 344 307
35	5811	0.0	3	1563 1971 1339 938
36	488	0.0	3	0 152 174 162
37	287	0.0	3	0 0 110 177
38	110	0.0	3	0 0 0 110
39	1	0.0	3	0 1
43	4	0.0	3	0 1 2 1
50	1	0.0	3	0 1
55	1	0.0	3	0 0 1


=== Second read: Adapter 14 ===

Sequence: ACGTTGGATGTTTGTTACTGTGGTGGATACTAC; Type: regular 5'; Length: 33; Trimmed: 11830 times.

No. of allowed errors:
0-9 bp: 0; 10-19 bp: 1; 20-29 bp: 2; 30-33 bp: 3

Overview of removed sequences
length	count	expect	max.err	error counts
3	5	1321.2	0	5
20	2	0.0	2	0 1 1
22	1	0.0	2	0 0 1
24	6	0.0	2	2 3 1
25	10	0.0	2	3 3 4
26	25	0.0	2	4 14 7
27	30	0.0	2	10 9 10 1
28	36	0.0	2	11 10 15
29	57	0.0	2	11 20 21 5
30	892	0.0	3	19 17 33 823
31	1187	0.0	3	21 20 411 735
32	2102	0.0	3	22 605 779 696
33	5645	0.0	3	2146 1821 1040 638
34	1364	0.0	3	0 450 550 364
35	302	0.0	3	0 0 136 166
36	76	0.0	3	0 0 0 76
37	1	0.0	3	0 1
38	2	0.0	3	0 0 1 1
39	1	0.0	3	0 0 0 1
40	6	0.0	3	1 1 2 2
41	8	0.0	3	2 3 2 1
42	12	0.0	3	1 4 4 3
43	2	0.0	3	0 2
44	8	0.0	3	3 1 2 2
45	5	0.0	3	4 0 0 1
46	5	0.0	3	3 1 0 1
47	1	0.0	3	0 0 0 1
48	5	0.0	3	2 0 0 3
49	5	0.0	3	2 2 1
50	4	0.0	3	1 0 2 1
51	11	0.0	3	3 1 2 5
52	3	0.0	3	0 1 1 1
53	6	0.0	3	2 2 1 1
55	2	0.0	3	1 0 0 1
56	1	0.0	3	0 0 1
57	1	0.0	3	0 0 0 1
64	1	0.0	3	0 1


=== Second read: Adapter 15 ===

Sequence: ACGTTGGATGTTTGTTACTGTTGTGGATACAAC; Type: regular 5'; Length: 33; Trimmed: 7885 times.

No. of allowed errors:
0-9 bp: 0; 10-19 bp: 1; 20-29 bp: 2; 30-33 bp: 3

Overview of removed sequences
length	count	expect	max.err	error counts
3	198	1321.2	0	198
5	1	82.6	0	1
19	1	0.0	1	1
20	1	0.0	2	0 0 1
25	2	0.0	2	0 0 2
26	6	0.0	2	1 5
27	20	0.0	2	4 11 5
28	24	0.0	2	7 11 5 1
29	37	0.0	2	11 11 14 1
30	75	0.0	3	10 17 16 32
31	331	0.0	3	26 15 127 163
32	1440	0.0	3	13 501 394 532
33	4908	0.0	3	1532 1207 1456 713
34	382	0.0	3	1 109 141 131
35	272	0.0	3	2 0 131 139
36	123	0.0	3	0 0 0 123
37	1	0.0	3	0 0 0 1
40	5	0.0	3	2 0 2 1
41	13	0.0	3	4 7 2
42	6	0.0	3	2 1 3
43	1	0.0	3	0 0 1
44	4	0.0	3	1 1 1 1
45	6	0.0	3	2 2 1 1
46	1	0.0	3	0 0 1
47	2	0.0	3	1 1
48	3	0.0	3	0 1 0 2
49	3	0.0	3	1 1 1
50	3	0.0	3	1 1 0 1
51	3	0.0	3	0 2 1
52	3	0.0	3	2 0 1
53	6	0.0	3	0 3 3
54	2	0.0	3	0 0 1 1
55	1	0.0	3	1
61	1	0.0	3	0 0 0 1


=== Second read: Adapter 16 ===

Sequence: ACGTTGGATGTTTGTTACCGTTGTTGATACTAC; Type: regular 5'; Length: 33; Trimmed: 8388 times.

No. of allowed errors:
0-9 bp: 0; 10-19 bp: 1; 20-29 bp: 2; 30-33 bp: 3

Overview of removed sequences
length	count	expect	max.err	error counts
18	2	0.0	1	1 1
20	1	0.0	2	0 0 1
23	1	0.0	2	1
24	1	0.0	2	0 1
25	8	0.0	2	1 5 2
26	12	0.0	2	1 5 6
27	30	0.0	2	16 5 8 1
28	66	0.0	2	23 21 21 1
29	88	0.0	2	17 34 31 6
30	905	0.0	3	31 53 39 782
31	671	0.0	3	46 51 263 311
32	2010	0.0	3	11 459 858 682
33	3162	0.0	3	1477 848 481 356
34	1040	0.0	3	0 158 553 329
35	293	0.0	3	0 0 86 207
36	53	0.0	3	0 0 1 52
37	2	0.0	3	2
38	1	0.0	3	0 0 0 1
39	1	0.0	3	0 0 1
40	3	0.0	3	0 0 3
41	11	0.0	3	0 7 1 3
42	4	0.0	3	1 1 1 1
43	3	0.0	3	0 1 2
44	4	0.0	3	1 1 1 1
45	3	0.0	3	1 0 2
46	4	0.0	3	1 1 0 2
48	4	0.0	3	0 0 1 3
49	1	0.0	3	0 1
51	1	0.0	3	0 0 0 1
52	1	0.0	3	0 0 1
55	2	0.0	3	0 1 0 1


=== Second read: Adapter 17 ===

Sequence: ACGTTGGATGAATATATGTGTGCTTATTTG; Type: regular 5'; Length: 30; Trimmed: 88 times.

No. of allowed errors:
0-9 bp: 0; 10-19 bp: 1; 20-29 bp: 2; 30 bp: 3

Overview of removed sequences
length	count	expect	max.err	error counts
3	82	1321.2	0	82
4	4	330.3	0	4
30	2	0.0	3	0 2


=== Second read: Adapter 18 ===

Sequence: ACGTTGGATGTTTGTTACTAAGGTAGATACCACTC; Type: regular 5'; Length: 35; Trimmed: 3130 times.

No. of allowed errors:
0-9 bp: 0; 10-19 bp: 1; 20-29 bp: 2; 30-35 bp: 3

Overview of removed sequences
length	count	expect	max.err	error counts
3	2	1321.2	0	2
4	1	330.3	0	1
5	1	82.6	0	1
18	1	0.0	1	1
23	1	0.0	2	0 0 1
26	1	0.0	2	1
28	2	0.0	2	0 1 1
29	2	0.0	2	1 1
30	10	0.0	3	3 2 2 3
31	10	0.0	3	1 1 4 4
32	24	0.0	3	0 2 1 21
33	165	0.0	3	12 6 67 80
34	495	0.0	3	11 223 166 95
35	2077	0.0	3	882 550 419 226
36	174	0.0	3	0 53 66 55
37	100	0.0	3	0 0 39 61
38	60	0.0	3	0 0 0 60
42	2	0.0	3	1 1
46	2	0.0	3	0 1 1


=== Second read: Adapter 19 ===

Sequence: ACGTTGGATGGAAAAATAAACTGCAAATCATATTC; Type: regular 5'; Length: 35; Trimmed: 5482 times.

No. of allowed errors:
0-9 bp: 0; 10-19 bp: 1; 20-29 bp: 2; 30-35 bp: 3

Overview of removed sequences
length	count	expect	max.err	error counts
3	9	1321.2	0	9
4	3	330.3	0	3
10	1	0.1	1	0 1
11	1	0.0	1	1
18	2	0.0	1	1 1
19	1	0.0	1	0 1
22	1	0.0	2	1
24	1	0.0	2	0 1
29	1	0.0	2	0 1
30	7	0.0	3	2 2 1 2
31	10	0.0	3	1 4 2 3
32	101	0.0	3	0 2 3 96
33	173	0.0	3	2 2 87 82
34	873	0.0	3	2 390 292 189
35	3041	0.0	3	1349 781 499 412
36	1054	0.0	3	0 399 296 359
37	95	0.0	3	0 0 33 62
38	102	0.0	3	0 0 0 102
39	1	0.0	3	0 0 1
43	1	0.0	3	0 0 0 1
44	1	0.0	3	0 1
47	1	0.0	3	1
48	1	0.0	3	1
51	1	0.0	3	0 1


=== Second read: Adapter 20 ===

Sequence: ACGTTGGATGAGATTAGGGAAAGTATTAGA; Type: regular 5'; Length: 30; Trimmed: 10 times.

No. of allowed errors:
0-9 bp: 0; 10-19 bp: 1; 20-29 bp: 2; 30 bp: 3

Overview of removed sequences
length	count	expect	max.err	error counts
3	9	1321.2	0	9
4	1	330.3	0	1


=== Second read: Adapter 21 ===

Sequence: ACGTTGGATGGAAAAATAAATTGTAAATCATACTC; Type: regular 5'; Length: 35; Trimmed: 1786 times.

No. of allowed errors:
0-9 bp: 0; 10-19 bp: 1; 20-29 bp: 2; 30-35 bp: 3

Overview of removed sequences
length	count	expect	max.err	error counts
5	2	82.6	0	2
12	1	0.0	1	0 1
18	2	0.0	1	1 1
21	1	0.0	2	0 0 1
26	2	0.0	2	1 0 1
28	1	0.0	2	0 0 1
29	1	0.0	2	0 0 0 1
30	1	0.0	3	0 0 1
31	8	0.0	3	2 3 1 2
32	29	0.0	3	0 0 0 29
33	96	0.0	3	1 2 34 59
34	181	0.0	3	7 71 39 64
35	1232	0.0	3	548 314 164 206
36	162	0.0	3	0 25 76 61
37	37	0.0	3	1 0 8 28
38	18	0.0	3	0 0 0 18
43	4	0.0	3	1 1 2
44	2	0.0	3	1 1
47	1	0.0	3	0 0 0 1
50	1	0.0	3	0 0 1
52	2	0.0	3	0 0 0 2
56	1	0.0	3	0 1
57	1	0.0	3	1


=== Second read: Adapter 22 ===

Sequence: ACGTTGGATGGAAAAATAAACTGTAAATCATATTCCT; Type: regular 5'; Length: 37; Trimmed: 8422 times.

No. of allowed errors:
0-9 bp: 0; 10-19 bp: 1; 20-29 bp: 2; 30-37 bp: 3

Overview of removed sequences
length	count	expect	max.err	error counts
3	36	1321.2	0	36
4	85	330.3	0	85
15	2	0.0	1	0 2
16	1	0.0	1	0 1
19	5	0.0	1	0 3 2
21	1	0.0	2	0 1
28	1	0.0	2	0 0 1
31	3	0.0	3	0 0 2 1
32	4	0.0	3	0 3 1
33	6	0.0	3	2 3 1
34	58	0.0	3	1 3 1 53
35	656	0.0	3	2 5 414 235
36	1433	0.0	3	4 671 408 350
37	3926	0.0	3	896 1615 823 592
38	843	0.0	3	0 140 384 319
39	1276	0.0	3	0 0 330 946
40	78	0.0	3	0 0 0 78
44	2	0.0	3	0 1 0 1
45	2	0.0	3	0 1 0 1
47	1	0.0	3	0 1
48	1	0.0	3	0 1
49	2	0.0	3	0 1 1


=== Second read: Adapter 23 ===

Sequence: ACGTTGGATGGAAAAATAAACTGTAAATCATATTC; Type: regular 5'; Length: 35; Trimmed: 2575 times.

No. of allowed errors:
0-9 bp: 0; 10-19 bp: 1; 20-29 bp: 2; 30-35 bp: 3

Overview of removed sequences
length	count	expect	max.err	error counts
12	2	0.0	1	0 2
18	1	0.0	1	1
19	1	0.0	1	0 1
24	1	0.0	2	0 0 1
26	1	0.0	2	0 0 1
27	1	0.0	2	0 0 1
29	1	0.0	2	0 0 0 1
30	5	0.0	3	0 3 0 2
31	2	0.0	3	0 0 1 1
32	151	0.0	3	0 0 0 151
33	128	0.0	3	1 2 65 60
34	408	0.0	3	1 125 84 198
35	1167	0.0	3	265 326 251 325
36	638	0.0	3	0 136 186 316
37	48	0.0	3	0 0 6 42
38	20	0.0	3	0 0 0 20


=== Second read: Adapter 24 ===

Sequence: ACGTTGGATGGAAAAATAAATTGTAAATCAAATTC; Type: regular 5'; Length: 35; Trimmed: 655 times.

No. of allowed errors:
0-9 bp: 0; 10-19 bp: 1; 20-29 bp: 2; 30-35 bp: 3

Overview of removed sequences
length	count	expect	max.err	error counts
6	5	20.6	0	5
19	1	0.0	1	0 1
21	1	0.0	2	0 1
30	1	0.0	3	1
31	2	0.0	3	0 1 1
32	3	0.0	3	0 0 0 3
33	13	0.0	3	0 2 7 4
34	53	0.0	3	2 18 16 17
35	532	0.0	3	252 151 76 53
36	20	0.0	3	0 6 3 11
37	16	0.0	3	0 0 4 12
38	8	0.0	3	0 0 0 8
