This is cutadapt 2.6 with Python 3.7.3
Command line parameters: -g ACGTTGGATGTTTGTTACTATGGTAGATACCACAC -g ACGTTGGATGTTTGTTACTAAGGTAGATACCACTC -g ACGTTGGATGTTTGTTACTGTGGTGGATACTAC -g ACGTTGGATGTTTGTTACTGTTGTGGATACAAC -g ACGTTGGATGTTTGTTACCGTTGTTGATACTAC -g ACGTTGGATGAATATATGTGTGCTTATTTG -G ACGTTGGATGTTTGTTACTATGGTAGATACCACAC -G ACGTTGGATGTTTGTTACTGTGGTGGATACTAC -G ACGTTGGATGTTTGTTACTGTTGTGGATACAAC -G ACGTTGGATGTTTGTTACCGTTGTTGATACTAC -G ACGTTGGATGAATATATGTGTGCTTATTTG -G ACGTTGGATGTTTGTTACTAAGGTAGATACCACTC -g ACGTTGGATGGAAAAATAAACTGCAAATCATATTC -g ACGTTGGATGGAAAAATAAACTGTAAATCATATTC -g ACGTTGGATGGAAAAATAAATTGTAAATCATACTC -g ACGTTGGATGAGATTAGGGAAAGTATTAGA -g ACGTTGGATGGAAAAATAAATTGTAAATCAAATTC -g ACGTTGGATGGAAAAATAAACTGTAAATCATATTCCT -G ACGTTGGATGGAAAAATAAACTGCAAATCATATTC -G ACGTTGGATGAGATTAGGGAAAGTATTAGA -G ACGTTGGATGGAAAAATAAATTGTAAATCATACTC -G ACGTTGGATGGAAAAATAAACTGTAAATCATATTCCT -G ACGTTGGATGGAAAAATAAACTGTAAATCATATTC -G ACGTTGGATGGAAAAATAAATTGTAAATCAAATTC --minimum-length=1 -o /data/projects/mdc-971/reprocess_June_2019_data/analysis/30.primer_trimmed/180475_S83_cutadapt.1.fq.gz -p /data/projects/mdc-971/reprocess_June_2019_data/analysis/30.primer_trimmed/180475_S83_cutadapt.2.fq.gz /data/projects/mdc-971/reprocess_June_2019_data/analysis/20.adapter_trimmed/180475_S83_R1_001.bbduked.trimmed.fastq.gz /data/projects/mdc-971/reprocess_June_2019_data/analysis/20.adapter_trimmed/180475_S83_R2_001.bbduked.trimmed.fastq.gz
Processing reads on 1 core in paired-end mode ...
Finished in 100.96 s (384 us/read; 0.16 M reads/minute).

=== Summary ===

Total read pairs processed:            262,799
  Read 1 with adapter:                 236,733 (90.1%)
  Read 2 with adapter:                 198,888 (75.7%)
Pairs that were too short:                   0 (0.0%)
Pairs written (passing filters):       262,799 (100.0%)

Total basepairs processed:    77,768,028 bp
  Read 1:    38,348,241 bp
  Read 2:    39,419,787 bp
Total written (filtered):     62,753,166 bp (80.7%)
  Read 1:    30,140,399 bp
  Read 2:    32,612,767 bp

=== First read: Adapter 1 ===

Sequence: ACGTTGGATGTTTGTTACTATGGTAGATACCACAC; Type: regular 5'; Length: 35; Trimmed: 43517 times.

No. of allowed errors:
0-9 bp: 0; 10-19 bp: 1; 20-29 bp: 2; 30-35 bp: 3

Overview of removed sequences
length	count	expect	max.err	error counts
3	1	4106.2	0	1
4	4	1026.6	0	4
10	1	0.3	1	1
13	1	0.0	1	0 1
16	1	0.0	1	0 1
18	2	0.0	1	0 1 1
19	1	0.0	1	0 0 1
20	1	0.0	2	0 0 1
21	5	0.0	2	0 3 2
22	8	0.0	2	3 1 4
23	10	0.0	2	6 2 2
24	4	0.0	2	2 1 1
25	5	0.0	2	0 1 4
26	51	0.0	2	17 18 16
27	75	0.0	2	39 28 8
28	130	0.0	2	67 40 19 4
29	295	0.0	2	121 113 51 10
30	484	0.0	3	209 169 70 36
31	367	0.0	3	109 152 70 36
32	737	0.0	3	159 242 138 198
33	2580	0.0	3	318 315 1287 660
34	8050	0.0	3	340 4449 2036 1225
35	27983	0.0	3	12065 9303 4186 2429
36	1872	0.0	3	29 831 671 341
37	309	0.0	3	1 2 133 173
38	530	0.0	3	0 0 0 530
39	3	0.0	3	0 0 1 2
43	2	0.0	3	0 0 2
47	1	0.0	3	0 1
50	1	0.0	3	0 1
51	2	0.0	3	0 2
54	1	0.0	3	1


=== First read: Adapter 2 ===

Sequence: ACGTTGGATGTTTGTTACTAAGGTAGATACCACTC; Type: regular 5'; Length: 35; Trimmed: 6825 times.

No. of allowed errors:
0-9 bp: 0; 10-19 bp: 1; 20-29 bp: 2; 30-35 bp: 3

Overview of removed sequences
length	count	expect	max.err	error counts
3	1	4106.2	0	1
10	1	0.3	1	0 1
14	1	0.0	1	1
15	1	0.0	1	1
18	1	0.0	1	0 0 1
19	1	0.0	1	1
21	2	0.0	2	1 0 1
22	4	0.0	2	3 1
23	4	0.0	2	2 2
26	15	0.0	2	6 7 2
27	12	0.0	2	5 4 3
28	19	0.0	2	12 4 3
29	38	0.0	2	12 18 8
30	85	0.0	3	43 20 16 6
31	77	0.0	3	21 33 19 4
32	116	0.0	3	35 30 24 27
33	309	0.0	3	43 60 125 81
34	1752	0.0	3	60 1058 406 228
35	3826	0.0	3	2323 828 417 258
36	231	0.0	3	1 89 83 58
37	285	0.0	3	0 0 64 221
38	41	0.0	3	1 1 0 39
42	1	0.0	3	0 1
47	1	0.0	3	0 1
59	1	0.0	3	0 0 1


=== First read: Adapter 3 ===

Sequence: ACGTTGGATGTTTGTTACTGTGGTGGATACTAC; Type: regular 5'; Length: 33; Trimmed: 22120 times.

No. of allowed errors:
0-9 bp: 0; 10-19 bp: 1; 20-29 bp: 2; 30-33 bp: 3

Overview of removed sequences
length	count	expect	max.err	error counts
3	4	4106.2	0	4
14	4	0.0	1	3 1
15	1	0.0	1	0 1
16	2	0.0	1	1 1
17	6	0.0	1	6
18	6	0.0	1	4 2
19	20	0.0	1	11 6 3
20	29	0.0	2	21 4 4
21	15	0.0	2	9 5 1
22	8	0.0	2	1 4 3
23	11	0.0	2	4 5 2
24	103	0.0	2	49 39 15
25	247	0.0	2	107 94 46
26	321	0.0	2	144 122 55
27	489	0.0	2	264 163 59 3
28	636	0.0	2	304 225 101 6
29	559	0.0	2	113 254 157 35
30	1136	0.0	3	277 343 153 363
31	1625	0.0	3	178 393 577 477
32	2594	0.0	3	184 991 829 590
33	8854	0.0	3	3431 2759 1567 1097
34	5069	0.0	3	1 2416 1848 804
35	334	0.0	3	0 1 140 193
36	36	0.0	3	2 1 2 31
37	2	0.0	3	0 2
38	1	0.0	3	0 1
42	1	0.0	3	1
44	1	0.0	3	1
45	3	0.0	3	1 0 2
88	1	0.0	3	0 0 0 1
90	1	0.0	3	0 0 1
91	1	0.0	3	0 0 0 1


=== First read: Adapter 4 ===

Sequence: ACGTTGGATGTTTGTTACTGTTGTGGATACAAC; Type: regular 5'; Length: 33; Trimmed: 10766 times.

No. of allowed errors:
0-9 bp: 0; 10-19 bp: 1; 20-29 bp: 2; 30-33 bp: 3

Overview of removed sequences
length	count	expect	max.err	error counts
3	30	4106.2	0	30
10	1	0.3	1	1
13	1	0.0	1	1
16	1	0.0	1	0 1
20	2	0.0	2	2
22	1	0.0	2	1
23	2	0.0	2	2
24	4	0.0	2	2 1 1
25	111	0.0	2	45 43 23
26	78	0.0	2	51 18 9
27	75	0.0	2	49 22 4
28	129	0.0	2	68 40 21
29	87	0.0	2	34 27 22 4
30	175	0.0	3	56 64 33 22
31	332	0.0	3	52 68 111 101
32	1034	0.0	3	85 417 246 286
33	7098	0.0	3	3356 1803 1319 620
34	651	0.0	3	2 280 182 187
35	860	0.0	3	0 1 561 298
36	91	0.0	3	0 0 1 90
37	1	0.0	3	0 0 0 1
41	1	0.0	3	0 0 0 1
62	1	0.0	3	0 0 1


=== First read: Adapter 5 ===

Sequence: ACGTTGGATGTTTGTTACCGTTGTTGATACTAC; Type: regular 5'; Length: 33; Trimmed: 10864 times.

No. of allowed errors:
0-9 bp: 0; 10-19 bp: 1; 20-29 bp: 2; 30-33 bp: 3

Overview of removed sequences
length	count	expect	max.err	error counts
13	1	0.0	1	0 1
14	1	0.0	1	1
15	1	0.0	1	0 1
18	3	0.0	1	1 2
19	2	0.0	1	1 1
20	9	0.0	2	5 3 1
21	4	0.0	2	3 0 1
22	1	0.0	2	0 0 1
23	1	0.0	2	0 0 1
24	18	0.0	2	7 7 4
25	75	0.0	2	34 26 15
26	82	0.0	2	31 32 19
27	158	0.0	2	83 47 26 2
28	192	0.0	2	86 64 30 12
29	178	0.0	2	43 55 45 35
30	790	0.0	3	79 107 57 547
31	1007	0.0	3	48 99 214 646
32	2211	0.0	3	58 373 1166 614
33	3304	0.0	3	1516 831 601 356
34	1350	0.0	3	0 616 480 254
35	1451	0.0	3	0 0 96 1355
36	18	0.0	3	0 0 0 18
37	2	0.0	3	0 0 0 2
38	1	0.0	3	1
39	1	0.0	3	0 0 0 1
57	1	0.0	3	0 0 1
62	1	0.0	3	0 0 0 1
90	1	0.0	3	0 0 1


=== First read: Adapter 6 ===

Sequence: ACGTTGGATGAATATATGTGTGCTTATTTG; Type: regular 5'; Length: 30; Trimmed: 79 times.

No. of allowed errors:
0-9 bp: 0; 10-19 bp: 1; 20-29 bp: 2; 30 bp: 3

Overview of removed sequences
length	count	expect	max.err	error counts
3	65	4106.2	0	65
4	11	1026.6	0	11
5	1	256.6	0	1
30	2	0.0	3	1 1


=== First read: Adapter 7 ===

Sequence: ACGTTGGATGGAAAAATAAACTGCAAATCATATTC; Type: regular 5'; Length: 35; Trimmed: 30163 times.

No. of allowed errors:
0-9 bp: 0; 10-19 bp: 1; 20-29 bp: 2; 30-35 bp: 3

Overview of removed sequences
length	count	expect	max.err	error counts
3	1	4106.2	0	1
18	2	0.0	1	1 1
21	1	0.0	2	0 1
24	1	0.0	2	1
25	2	0.0	2	1 0 1
26	3	0.0	2	1 2
27	5	0.0	2	4 0 1
28	5	0.0	2	1 2 1 1
29	14	0.0	2	2 7 3 2
30	108	0.0	3	53 29 20 6
31	89	0.0	3	36 26 12 15
32	521	0.0	3	44 37 20 420
33	636	0.0	3	22 51 339 224
34	5374	0.0	3	53 4111 820 390
35	16530	0.0	3	10810 2981 1263 1476
36	6244	0.0	3	0 4710 910 624
37	391	0.0	3	0 0 167 224
38	235	0.0	3	0 0 0 235
44	1	0.0	3	0 1


=== First read: Adapter 8 ===

Sequence: ACGTTGGATGGAAAAATAAACTGTAAATCATATTC; Type: regular 5'; Length: 35; Trimmed: 7114 times.

No. of allowed errors:
0-9 bp: 0; 10-19 bp: 1; 20-29 bp: 2; 30-35 bp: 3

Overview of removed sequences
length	count	expect	max.err	error counts
14	1	0.0	1	0 1
18	1	0.0	1	1
20	1	0.0	2	1
25	1	0.0	2	1
27	1	0.0	2	0 0 0 1
28	1	0.0	2	0 0 1
29	1	0.0	2	0 0 1
30	9	0.0	3	2 2 2 3
31	13	0.0	3	2 4 2 5
32	830	0.0	3	2 3 2 823
33	225	0.0	3	5 14 89 117
34	1658	0.0	3	8 1059 268 323
35	3297	0.0	3	896 1065 632 704
36	790	0.0	3	0 234 263 293
37	243	0.0	3	0 0 35 208
38	41	0.0	3	0 0 0 41
54	1	0.0	3	0 0 1


=== First read: Adapter 9 ===

Sequence: ACGTTGGATGGAAAAATAAATTGTAAATCATACTC; Type: regular 5'; Length: 35; Trimmed: 60198 times.

No. of allowed errors:
0-9 bp: 0; 10-19 bp: 1; 20-29 bp: 2; 30-35 bp: 3

Overview of removed sequences
length	count	expect	max.err	error counts
20	1	0.0	2	0 0 1
21	3	0.0	2	3
23	1	0.0	2	0 1
26	2	0.0	2	2
27	2	0.0	2	2
28	4	0.0	2	4
29	10	0.0	2	4 4 2
30	68	0.0	3	46 14 5 3
31	238	0.0	3	169 42 24 3
32	265	0.0	3	120 70 11 64
33	1019	0.0	3	234 144 437 204
34	4715	0.0	3	2184 1638 616 277
35	51890	0.0	3	36018 9648 3700 2524
36	222	0.0	3	16 93 65 48
37	204	0.0	3	28 4 23 149
38	1501	0.0	3	8 0 0 1493
39	12	0.0	3	9 3
40	5	0.0	3	3 0 1 1
41	2	0.0	3	2
42	3	0.0	3	3
43	2	0.0	3	2
44	4	0.0	3	3 0 0 1
45	1	0.0	3	0 0 1
46	5	0.0	3	3 1 0 1
47	2	0.0	3	1 1
48	3	0.0	3	2 1
49	3	0.0	3	2 1
50	1	0.0	3	1
51	1	0.0	3	1
52	2	0.0	3	1 0 1
53	2	0.0	3	2
55	1	0.0	3	1
56	2	0.0	3	1 0 1
57	1	0.0	3	1
69	1	0.0	3	0 0 1


=== First read: Adapter 10 ===

Sequence: ACGTTGGATGAGATTAGGGAAAGTATTAGA; Type: regular 5'; Length: 30; Trimmed: 20 times.

No. of allowed errors:
0-9 bp: 0; 10-19 bp: 1; 20-29 bp: 2; 30 bp: 3

Overview of removed sequences
length	count	expect	max.err	error counts
3	18	4106.2	0	18
4	1	1026.6	0	1
30	1	0.0	3	1


=== First read: Adapter 11 ===

Sequence: ACGTTGGATGGAAAAATAAATTGTAAATCAAATTC; Type: regular 5'; Length: 35; Trimmed: 6024 times.

No. of allowed errors:
0-9 bp: 0; 10-19 bp: 1; 20-29 bp: 2; 30-35 bp: 3

Overview of removed sequences
length	count	expect	max.err	error counts
6	1	64.2	0	1
22	1	0.0	2	1
29	1	0.0	2	0 1
30	3	0.0	3	3
31	2	0.0	3	1 1
32	13	0.0	3	4 1 0 8
33	29	0.0	3	1 6 9 13
34	202	0.0	3	23 95 51 33
35	5311	0.0	3	3589 1050 440 232
36	98	0.0	3	1 43 30 24
37	65	0.0	3	0 0 15 50
38	297	0.0	3	0 0 0 297
47	1	0.0	3	1


=== First read: Adapter 12 ===

Sequence: ACGTTGGATGGAAAAATAAACTGTAAATCATATTCCT; Type: regular 5'; Length: 37; Trimmed: 39043 times.

No. of allowed errors:
0-9 bp: 0; 10-19 bp: 1; 20-29 bp: 2; 30-37 bp: 3

Overview of removed sequences
length	count	expect	max.err	error counts
3	9	4106.2	0	9
4	3	1026.6	0	3
13	1	0.0	1	1
17	1	0.0	1	1
19	1	0.0	1	1
20	2	0.0	2	2
21	4	0.0	2	3 1
22	1	0.0	2	0 1
23	2	0.0	2	2
25	1	0.0	2	0 1
27	1	0.0	2	0 0 1
29	2	0.0	2	0 1 0 1
30	4	0.0	3	0 3 1
31	32	0.0	3	1 15 8 8
32	53	0.0	3	4 26 12 11
33	69	0.0	3	5 28 26 10
34	192	0.0	3	11 33 31 117
35	2696	0.0	3	8 62 2000 626
36	11555	0.0	3	31 6445 2740 2339
37	17211	0.0	3	4205 8542 2919 1545
38	2775	0.0	3	1 449 1515 810
39	4010	0.0	3	0 0 458 3552
40	413	0.0	3	0 0 0 413
43	1	0.0	3	0 1
53	1	0.0	3	0 0 0 1
57	1	0.0	3	0 1
58	1	0.0	3	0 1
66	1	0.0	3	0 1


=== Second read: Adapter 13 ===

Sequence: ACGTTGGATGTTTGTTACTATGGTAGATACCACAC; Type: regular 5'; Length: 35; Trimmed: 43957 times.

No. of allowed errors:
0-9 bp: 0; 10-19 bp: 1; 20-29 bp: 2; 30-35 bp: 3

Overview of removed sequences
length	count	expect	max.err	error counts
3	4	4106.2	0	4
4	9	1026.6	0	9
13	1	0.0	1	0 1
14	1	0.0	1	0 1
19	2	0.0	1	1 1
20	2	0.0	2	0 1 1
21	3	0.0	2	1 1 1
22	9	0.0	2	1 4 4
23	2	0.0	2	1 0 1
24	4	0.0	2	1 0 3
25	3	0.0	2	1 0 2
26	14	0.0	2	3 3 8
27	18	0.0	2	8 5 5
28	39	0.0	2	13 10 15 1
29	76	0.0	2	18 25 22 11
30	181	0.0	3	45 50 43 43
31	195	0.0	3	36 55 51 53
32	278	0.0	3	26 84 67 101
33	1768	0.0	3	151 134 611 872
34	5416	0.0	3	147 1940 1718 1611
35	32949	0.0	3	10068 10507 7542 4832
36	2046	0.0	3	9 775 719 543
37	504	0.0	3	0 0 179 325
38	402	0.0	3	0 0 0 402
39	1	0.0	3	0 0 1
42	1	0.0	3	0 0 1
43	3	0.0	3	1 0 1 1
44	4	0.0	3	2 0 1 1
45	1	0.0	3	0 0 1
46	1	0.0	3	0 0 1
47	4	0.0	3	0 2 2
51	4	0.0	3	1 0 2 1
52	2	0.0	3	1 0 0 1
53	2	0.0	3	0 1 1
54	3	0.0	3	2 0 1
55	2	0.0	3	0 0 2
56	1	0.0	3	0 1
97	1	0.0	3	0 0 0 1
98	1	0.0	3	0 0 0 1


=== Second read: Adapter 14 ===

Sequence: ACGTTGGATGTTTGTTACTGTGGTGGATACTAC; Type: regular 5'; Length: 33; Trimmed: 31249 times.

No. of allowed errors:
0-9 bp: 0; 10-19 bp: 1; 20-29 bp: 2; 30-33 bp: 3

Overview of removed sequences
length	count	expect	max.err	error counts
3	12	4106.2	0	12
5	5	256.6	0	5
11	1	0.1	1	1
15	2	0.0	1	1 1
16	4	0.0	1	0 4
17	2	0.0	1	1 1
18	3	0.0	1	1 1 1
19	6	0.0	1	3 1 2
20	5	0.0	2	2 1 2
21	4	0.0	2	1 3
22	2	0.0	2	0 0 2
23	5	0.0	2	3 1 1
24	15	0.0	2	5 7 3
25	24	0.0	2	3 10 11
26	45	0.0	2	6 24 15
27	68	0.0	2	23 27 18
28	80	0.0	2	25 33 21 1
29	126	0.0	2	23 46 49 8
30	2175	0.0	3	40 75 80 1980
31	2898	0.0	3	68 82 899 1849
32	4279	0.0	3	44 1269 1543 1423
33	12149	0.0	3	4556 3784 2257 1552
34	8380	0.0	3	0 3594 3148 1638
35	473	0.0	3	0 2 179 292
36	91	0.0	3	0 1 1 89
37	3	0.0	3	0 0 0 3
38	8	0.0	3	0 1 1 6
39	16	0.0	3	0 0 4 12
40	14	0.0	3	3 3 3 5
41	56	0.0	3	11 19 12 14
42	45	0.0	3	5 14 10 16
43	28	0.0	3	0 7 9 12
44	26	0.0	3	4 10 6 6
45	28	0.0	3	5 11 7 5
46	22	0.0	3	0 3 8 11
47	15	0.0	3	4 3 2 6
48	13	0.0	3	1 4 1 7
49	19	0.0	3	7 3 6 3
50	13	0.0	3	3 1 4 5
51	25	0.0	3	6 7 3 9
52	18	0.0	3	2 4 7 5
53	9	0.0	3	3 2 2 2
54	10	0.0	3	2 4 4
55	3	0.0	3	0 1 1 1
56	2	0.0	3	1 0 1
57	3	0.0	3	1 1 0 1
58	3	0.0	3	1 1 1
59	1	0.0	3	1
63	1	0.0	3	1
64	2	0.0	3	1 1
65	1	0.0	3	0 0 1
82	1	0.0	3	0 0 0 1
88	1	0.0	3	0 1
93	1	0.0	3	0 0 1
94	1	0.0	3	0 0 1
95	7	0.0	3	6 1


=== Second read: Adapter 15 ===

Sequence: ACGTTGGATGTTTGTTACTGTTGTGGATACAAC; Type: regular 5'; Length: 33; Trimmed: 19232 times.

No. of allowed errors:
0-9 bp: 0; 10-19 bp: 1; 20-29 bp: 2; 30-33 bp: 3

Overview of removed sequences
length	count	expect	max.err	error counts
3	706	4106.2	0	706
4	2	1026.6	0	2
5	2	256.6	0	2
20	2	0.0	2	2
21	1	0.0	2	1
24	1	0.0	2	0 1
25	7	0.0	2	4 3
26	9	0.0	2	4 4 1
27	14	0.0	2	4 5 5
28	23	0.0	2	7 10 5 1
29	24	0.0	2	3 14 4 3
30	79	0.0	3	6 28 15 30
31	625	0.0	3	32 24 163 406
32	2918	0.0	3	25 888 771 1234
33	11671	0.0	3	3289 2616 3803 1963
34	1153	0.0	3	0 345 396 412
35	1431	0.0	3	0 0 832 599
36	193	0.0	3	0 0 0 193
37	1	0.0	3	0 1
39	1	0.0	3	0 0 1
40	9	0.0	3	1 2 3 3
41	86	0.0	3	23 27 24 12
42	35	0.0	3	9 9 11 6
43	9	0.0	3	2 2 3 2
44	27	0.0	3	5 8 6 8
45	19	0.0	3	5 5 7 2
46	9	0.0	3	2 3 2 2
47	11	0.0	3	6 4 0 1
48	8	0.0	3	1 1 5 1
49	27	0.0	3	12 6 6 3
50	14	0.0	3	4 6 2 2
51	16	0.0	3	1 5 6 4
52	18	0.0	3	7 3 5 3
53	23	0.0	3	5 10 2 6
54	16	0.0	3	4 5 4 3
55	5	0.0	3	2 1 1 1
56	4	0.0	3	2 1 1
57	4	0.0	3	1 1 1 1
60	3	0.0	3	1 1 1
62	3	0.0	3	1 0 2
63	2	0.0	3	0 1 1
64	2	0.0	3	1 0 1
65	2	0.0	3	1 1
67	1	0.0	3	1
90	1	0.0	3	1
94	5	0.0	3	1 2 1 1
95	10	0.0	3	7 2 1


=== Second read: Adapter 16 ===

Sequence: ACGTTGGATGTTTGTTACCGTTGTTGATACTAC; Type: regular 5'; Length: 33; Trimmed: 14851 times.

No. of allowed errors:
0-9 bp: 0; 10-19 bp: 1; 20-29 bp: 2; 30-33 bp: 3

Overview of removed sequences
length	count	expect	max.err	error counts
16	1	0.0	1	0 1
17	1	0.0	1	0 1
20	5	0.0	2	2 2 1
22	2	0.0	2	1 1
24	6	0.0	2	0 4 2
25	12	0.0	2	5 2 5
26	17	0.0	2	5 10 2
27	23	0.0	2	13 5 5
28	59	0.0	2	22 14 17 6
29	56	0.0	2	14 16 14 12
30	1790	0.0	3	20 32 32 1706
31	1184	0.0	3	24 44 232 884
32	3252	0.0	3	14 581 1556 1101
33	4530	0.0	3	1857 1227 924 522
34	2247	0.0	3	0 894 867 486
35	1533	0.0	3	0 0 144 1389
36	40	0.0	3	0 0 0 40
37	1	0.0	3	0 0 0 1
38	3	0.0	3	0 0 0 3
39	3	0.0	3	0 0 0 3
40	11	0.0	3	0 2 3 6
41	12	0.0	3	2 2 3 5
42	2	0.0	3	0 0 2
43	7	0.0	3	0 0 4 3
44	7	0.0	3	3 0 3 1
45	4	0.0	3	1 3
46	5	0.0	3	0 0 0 5
47	5	0.0	3	0 0 0 5
48	7	0.0	3	0 0 3 4
49	3	0.0	3	0 0 2 1
50	6	0.0	3	0 0 1 5
51	1	0.0	3	0 0 1
52	4	0.0	3	1 0 2 1
53	4	0.0	3	0 0 2 2
54	4	0.0	3	0 0 2 2
55	2	0.0	3	0 1 0 1
57	1	0.0	3	0 0 1
87	1	0.0	3	0 0 1


=== Second read: Adapter 17 ===

Sequence: ACGTTGGATGAATATATGTGTGCTTATTTG; Type: regular 5'; Length: 30; Trimmed: 205 times.

No. of allowed errors:
0-9 bp: 0; 10-19 bp: 1; 20-29 bp: 2; 30 bp: 3

Overview of removed sequences
length	count	expect	max.err	error counts
3	184	4106.2	0	184
4	10	1026.6	0	10
5	4	256.6	0	4
6	2	64.2	0	2
9	1	1.0	0	1
26	1	0.0	2	0 1
30	3	0.0	3	1 0 1 1


=== Second read: Adapter 18 ===

Sequence: ACGTTGGATGTTTGTTACTAAGGTAGATACCACTC; Type: regular 5'; Length: 35; Trimmed: 6995 times.

No. of allowed errors:
0-9 bp: 0; 10-19 bp: 1; 20-29 bp: 2; 30-35 bp: 3

Overview of removed sequences
length	count	expect	max.err	error counts
3	3	4106.2	0	3
4	2	1026.6	0	2
6	1	64.2	0	1
16	1	0.0	1	1
17	1	0.0	1	1
18	2	0.0	1	1 1
22	1	0.0	2	0 1
25	2	0.0	2	0 1 1
26	1	0.0	2	1
27	3	0.0	2	0 1 2
28	3	0.0	2	2 0 1
29	4	0.0	2	0 4
30	26	0.0	3	8 7 5 6
31	27	0.0	3	5 11 4 7
32	49	0.0	3	7 7 6 29
33	338	0.0	3	14 14 146 164
34	1259	0.0	3	13 483 411 352
35	4362	0.0	3	1857 1230 755 520
36	323	0.0	3	1 99 124 99
37	535	0.0	3	0 0 94 441
38	33	0.0	3	0 0 0 33
40	1	0.0	3	0 0 0 1
43	4	0.0	3	1 1 2
44	2	0.0	3	2
46	3	0.0	3	0 1 2
47	3	0.0	3	1 1 0 1
48	1	0.0	3	0 1
49	1	0.0	3	1
56	1	0.0	3	0 1
58	1	0.0	3	1
60	1	0.0	3	0 1
61	1	0.0	3	1


=== Second read: Adapter 19 ===

Sequence: ACGTTGGATGGAAAAATAAACTGCAAATCATATTC; Type: regular 5'; Length: 35; Trimmed: 11852 times.

No. of allowed errors:
0-9 bp: 0; 10-19 bp: 1; 20-29 bp: 2; 30-35 bp: 3

Overview of removed sequences
length	count	expect	max.err	error counts
3	21	4106.2	0	21
4	5	1026.6	0	5
5	1	256.6	0	1
17	1	0.0	1	0 1
24	2	0.0	2	0 0 2
25	1	0.0	2	0 0 1
26	2	0.0	2	1 0 1
27	1	0.0	2	1
29	9	0.0	2	1 5 3
30	13	0.0	3	3 5 3 2
31	37	0.0	3	13 11 6 7
32	176	0.0	3	9 9 6 152
33	285	0.0	3	7 14 127 137
34	2077	0.0	3	14 1085 574 404
35	6842	0.0	3	3357 1630 952 903
36	2039	0.0	3	0 1073 542 424
37	140	0.0	3	0 0 77 63
38	170	0.0	3	0 0 0 170
42	1	0.0	3	0 0 0 1
43	3	0.0	3	1 0 1 1
44	6	0.0	3	2 1 2 1
45	3	0.0	3	0 1 0 2
46	1	0.0	3	0 1
47	1	0.0	3	0 0 0 1
48	4	0.0	3	0 2 1 1
49	2	0.0	3	0 1 1
50	2	0.0	3	0 1 1
52	2	0.0	3	0 1 1
54	2	0.0	3	0 0 1 1
55	1	0.0	3	1
56	1	0.0	3	0 0 0 1
57	1	0.0	3	0 0 1


=== Second read: Adapter 20 ===

Sequence: ACGTTGGATGAGATTAGGGAAAGTATTAGA; Type: regular 5'; Length: 30; Trimmed: 46 times.

No. of allowed errors:
0-9 bp: 0; 10-19 bp: 1; 20-29 bp: 2; 30 bp: 3

Overview of removed sequences
length	count	expect	max.err	error counts
3	42	4106.2	0	42
4	3	1026.6	0	3
5	1	256.6	0	1


=== Second read: Adapter 21 ===

Sequence: ACGTTGGATGGAAAAATAAATTGTAAATCATACTC; Type: regular 5'; Length: 35; Trimmed: 43871 times.

No. of allowed errors:
0-9 bp: 0; 10-19 bp: 1; 20-29 bp: 2; 30-35 bp: 3

Overview of removed sequences
length	count	expect	max.err	error counts
5	1	256.6	0	1
12	1	0.0	1	1
14	2	0.0	1	1 1
17	1	0.0	1	0 1
18	3	0.0	1	2 1
19	4	0.0	1	1 3
21	4	0.0	2	1 1 2
22	3	0.0	2	1 0 2
24	1	0.0	2	0 1
26	1	0.0	2	1
27	2	0.0	2	2
28	2	0.0	2	1 0 1
29	4	0.0	2	3 0 0 1
30	19	0.0	3	8 2 4 5
31	91	0.0	3	43 21 17 10
32	102	0.0	3	22 25 12 43
33	517	0.0	3	74 55 157 231
34	2192	0.0	3	504 808 492 388
35	39786	0.0	3	21284 9831 5243 3428
36	292	0.0	3	4 64 109 115
37	92	0.0	3	13 3 14 62
38	600	0.0	3	0 3 2 595
39	5	0.0	3	2 1 2
40	5	0.0	3	3 1 1
41	4	0.0	3	2 0 1 1
42	6	0.0	3	2 3 1
43	26	0.0	3	10 5 6 5
44	15	0.0	3	8 3 4
45	4	0.0	3	3 0 1
46	9	0.0	3	5 0 2 2
47	17	0.0	3	9 3 1 4
48	7	0.0	3	3 2 0 2
49	5	0.0	3	4 0 0 1
50	11	0.0	3	5 3 2 1
51	3	0.0	3	2 0 0 1
52	5	0.0	3	3 0 1 1
53	10	0.0	3	6 2 1 1
54	6	0.0	3	2 1 1 2
55	3	0.0	3	1 1 0 1
56	3	0.0	3	0 3
57	3	0.0	3	2 1
59	1	0.0	3	0 0 0 1
61	1	0.0	3	0 0 0 1
64	1	0.0	3	0 0 1
65	1	0.0	3	0 0 1


=== Second read: Adapter 22 ===

Sequence: ACGTTGGATGGAAAAATAAACTGTAAATCATATTCCT; Type: regular 5'; Length: 37; Trimmed: 18899 times.

No. of allowed errors:
0-9 bp: 0; 10-19 bp: 1; 20-29 bp: 2; 30-37 bp: 3

Overview of removed sequences
length	count	expect	max.err	error counts
3	179	4106.2	0	179
4	194	1026.6	0	194
5	2	256.6	0	2
18	4	0.0	1	1 1 2
20	4	0.0	2	0 3 1
21	4	0.0	2	1 1 2
22	1	0.0	2	1
23	2	0.0	2	0 2
24	2	0.0	2	0 1 1
26	1	0.0	2	0 1
27	1	0.0	2	0 0 1
30	6	0.0	3	0 1 2 3
31	13	0.0	3	0 6 3 4
32	15	0.0	3	0 6 7 2
33	20	0.0	3	3 6 5 6
34	118	0.0	3	3 11 18 86
35	1498	0.0	3	3 12 952 531
36	5159	0.0	3	4 2143 1676 1336
37	8714	0.0	3	1470 3750 2234 1260
38	1027	0.0	3	1 148 498 380
39	1723	0.0	3	0 1 204 1518
40	137	0.0	3	0 0 1 136
42	1	0.0	3	0 0 0 1
43	1	0.0	3	0 1
44	3	0.0	3	0 0 3
45	9	0.0	3	1 2 2 4
46	10	0.0	3	0 4 4 2
47	2	0.0	3	0 0 1 1
48	5	0.0	3	0 2 2 1
49	9	0.0	3	0 5 1 3
50	6	0.0	3	0 2 3 1
51	6	0.0	3	0 3 0 3
52	6	0.0	3	0 3 2 1
53	1	0.0	3	0 1
54	3	0.0	3	0 0 2 1
55	3	0.0	3	0 2 1
56	2	0.0	3	0 1 1
57	4	0.0	3	0 1 2 1
58	2	0.0	3	0 1 0 1
59	1	0.0	3	0 1
67	1	0.0	3	0 0 1


=== Second read: Adapter 23 ===

Sequence: ACGTTGGATGGAAAAATAAACTGTAAATCATATTC; Type: regular 5'; Length: 35; Trimmed: 4268 times.

No. of allowed errors:
0-9 bp: 0; 10-19 bp: 1; 20-29 bp: 2; 30-35 bp: 3

Overview of removed sequences
length	count	expect	max.err	error counts
12	1	0.0	1	0 1
18	2	0.0	1	1 1
21	1	0.0	2	1
22	1	0.0	2	0 0 1
27	1	0.0	2	0 0 0 1
30	6	0.0	3	0 1 0 5
31	7	0.0	3	3 2 2
32	363	0.0	3	1 1 2 359
33	150	0.0	3	2 3 60 85
34	720	0.0	3	1 237 132 350
35	2352	0.0	3	440 799 472 641
36	592	0.0	3	0 148 185 259
37	35	0.0	3	1 0 10 24
38	22	0.0	3	0 0 0 22
43	2	0.0	3	0 0 0 2
45	1	0.0	3	0 0 0 1
47	2	0.0	3	0 1 0 1
48	3	0.0	3	0 2 0 1
49	2	0.0	3	0 1 0 1
50	2	0.0	3	0 0 0 2
52	1	0.0	3	0 0 0 1
61	1	0.0	3	0 0 0 1
69	1	0.0	3	0 0 0 1


=== Second read: Adapter 24 ===

Sequence: ACGTTGGATGGAAAAATAAATTGTAAATCAAATTC; Type: regular 5'; Length: 35; Trimmed: 3463 times.

No. of allowed errors:
0-9 bp: 0; 10-19 bp: 1; 20-29 bp: 2; 30-35 bp: 3

Overview of removed sequences
length	count	expect	max.err	error counts
6	3	64.2	0	3
14	1	0.0	1	1
18	3	0.0	1	1 2
19	1	0.0	1	0 1
29	2	0.0	2	0 0 1 1
30	3	0.0	3	1 1 0 1
31	7	0.0	3	3 1 2 1
32	9	0.0	3	0 0 1 8
33	38	0.0	3	2 5 19 12
34	216	0.0	3	9 112 49 46
35	2872	0.0	3	1478 705 433 256
36	92	0.0	3	0 40 28 24
37	57	0.0	3	0 0 19 38
38	149	0.0	3	0 0 0 149
40	1	0.0	3	0 0 0 1
44	1	0.0	3	1
45	1	0.0	3	0 1
46	2	0.0	3	1 0 0 1
48	1	0.0	3	1
49	1	0.0	3	1
50	2	0.0	3	1 0 1
52	1	0.0	3	0 0 1
