This is cutadapt 2.6 with Python 3.7.3
Command line parameters: -g ACGTTGGATGTTTGTTACTATGGTAGATACCACAC -g ACGTTGGATGTTTGTTACTAAGGTAGATACCACTC -g ACGTTGGATGTTTGTTACTGTGGTGGATACTAC -g ACGTTGGATGTTTGTTACTGTTGTGGATACAAC -g ACGTTGGATGTTTGTTACCGTTGTTGATACTAC -g ACGTTGGATGAATATATGTGTGCTTATTTG -G ACGTTGGATGTTTGTTACTATGGTAGATACCACAC -G ACGTTGGATGTTTGTTACTGTGGTGGATACTAC -G ACGTTGGATGTTTGTTACTGTTGTGGATACAAC -G ACGTTGGATGTTTGTTACCGTTGTTGATACTAC -G ACGTTGGATGAATATATGTGTGCTTATTTG -G ACGTTGGATGTTTGTTACTAAGGTAGATACCACTC -g ACGTTGGATGGAAAAATAAACTGCAAATCATATTC -g ACGTTGGATGGAAAAATAAACTGTAAATCATATTC -g ACGTTGGATGGAAAAATAAATTGTAAATCATACTC -g ACGTTGGATGAGATTAGGGAAAGTATTAGA -g ACGTTGGATGGAAAAATAAATTGTAAATCAAATTC -g ACGTTGGATGGAAAAATAAACTGTAAATCATATTCCT -G ACGTTGGATGGAAAAATAAACTGCAAATCATATTC -G ACGTTGGATGAGATTAGGGAAAGTATTAGA -G ACGTTGGATGGAAAAATAAATTGTAAATCATACTC -G ACGTTGGATGGAAAAATAAACTGTAAATCATATTCCT -G ACGTTGGATGGAAAAATAAACTGTAAATCATATTC -G ACGTTGGATGGAAAAATAAATTGTAAATCAAATTC --minimum-length=1 -o /data/projects/mdc-971/reprocess_June_2019_data/analysis/30.primer_trimmed/180480_S87_cutadapt.1.fq.gz -p /data/projects/mdc-971/reprocess_June_2019_data/analysis/30.primer_trimmed/180480_S87_cutadapt.2.fq.gz /data/projects/mdc-971/reprocess_June_2019_data/analysis/20.adapter_trimmed/180480_S87_R1_001.bbduked.trimmed.fastq.gz /data/projects/mdc-971/reprocess_June_2019_data/analysis/20.adapter_trimmed/180480_S87_R2_001.bbduked.trimmed.fastq.gz
Processing reads on 1 core in paired-end mode ...
Finished in 1.65 s (405 us/read; 0.15 M reads/minute).

=== Summary ===

Total read pairs processed:              4,077
  Read 1 with adapter:                   3,377 (82.8%)
  Read 2 with adapter:                   2,443 (59.9%)
Pairs that were too short:                   0 (0.0%)
Pairs written (passing filters):         4,077 (100.0%)

Total basepairs processed:     1,204,099 bp
  Read 1:       592,551 bp
  Read 2:       611,548 bp
Total written (filtered):      1,004,328 bp (83.4%)
  Read 1:       475,089 bp
  Read 2:       529,239 bp

=== First read: Adapter 1 ===

Sequence: ACGTTGGATGTTTGTTACTATGGTAGATACCACAC; Type: regular 5'; Length: 35; Trimmed: 251 times.

No. of allowed errors:
0-9 bp: 0; 10-19 bp: 1; 20-29 bp: 2; 30-35 bp: 3

Overview of removed sequences
length	count	expect	max.err	error counts
30	3	0.0	3	0 1 1 1
31	3	0.0	3	1 1 1
32	5	0.0	3	1 0 2 2
33	10	0.0	3	0 0 5 5
34	47	0.0	3	1 19 11 16
35	165	0.0	3	51 44 27 43
36	8	0.0	3	0 4 3 1
37	6	0.0	3	0 1 2 3
38	4	0.0	3	0 0 0 4


=== First read: Adapter 2 ===

Sequence: ACGTTGGATGTTTGTTACTAAGGTAGATACCACTC; Type: regular 5'; Length: 35; Trimmed: 80 times.

No. of allowed errors:
0-9 bp: 0; 10-19 bp: 1; 20-29 bp: 2; 30-35 bp: 3

Overview of removed sequences
length	count	expect	max.err	error counts
28	1	0.0	2	1
32	4	0.0	3	2 0 1 1
33	6	0.0	3	2 1 1 2
34	15	0.0	3	2 8 4 1
35	47	0.0	3	23 15 5 4
36	2	0.0	3	0 0 2
37	3	0.0	3	0 0 2 1
38	2	0.0	3	0 0 0 2


=== First read: Adapter 3 ===

Sequence: ACGTTGGATGTTTGTTACTGTGGTGGATACTAC; Type: regular 5'; Length: 33; Trimmed: 467 times.

No. of allowed errors:
0-9 bp: 0; 10-19 bp: 1; 20-29 bp: 2; 30-33 bp: 3

Overview of removed sequences
length	count	expect	max.err	error counts
19	1	0.0	1	1
24	3	0.0	2	2 1
25	4	0.0	2	1 2 1
26	9	0.0	2	2 5 2
27	9	0.0	2	6 2 1
28	12	0.0	2	3 7 2
29	12	0.0	2	5 5 2
30	23	0.0	3	7 8 3 5
31	36	0.0	3	12 8 6 10
32	41	0.0	3	5 11 17 8
33	271	0.0	3	89 84 48 50
34	38	0.0	3	0 15 11 12
35	6	0.0	3	0 0 4 2
36	2	0.0	3	0 0 0 2


=== First read: Adapter 4 ===

Sequence: ACGTTGGATGTTTGTTACTGTTGTGGATACAAC; Type: regular 5'; Length: 33; Trimmed: 198 times.

No. of allowed errors:
0-9 bp: 0; 10-19 bp: 1; 20-29 bp: 2; 30-33 bp: 3

Overview of removed sequences
length	count	expect	max.err	error counts
24	1	0.0	2	1
25	2	0.0	2	0 2
26	3	0.0	2	2 1
27	3	0.0	2	1 2
28	4	0.0	2	2 1 1
29	5	0.0	2	4 1
30	9	0.0	3	6 2 1
31	9	0.0	3	2 2 3 2
32	19	0.0	3	0 6 7 6
33	128	0.0	3	50 27 37 14
34	9	0.0	3	0 8 1
35	3	0.0	3	0 0 2 1
36	3	0.0	3	0 0 0 3


=== First read: Adapter 5 ===

Sequence: ACGTTGGATGTTTGTTACCGTTGTTGATACTAC; Type: regular 5'; Length: 33; Trimmed: 253 times.

No. of allowed errors:
0-9 bp: 0; 10-19 bp: 1; 20-29 bp: 2; 30-33 bp: 3

Overview of removed sequences
length	count	expect	max.err	error counts
14	1	0.0	1	0 1
24	1	0.0	2	1
25	4	0.0	2	1 2 1
26	5	0.0	2	2 0 3
27	2	0.0	2	0 1 1
28	6	0.0	2	4 0 2
29	4	0.0	2	0 2 2
30	18	0.0	3	2 5 2 9
31	20	0.0	3	1 3 7 9
32	51	0.0	3	9 13 22 7
33	92	0.0	3	39 24 17 12
34	18	0.0	3	0 5 10 3
35	30	0.0	3	0 0 1 29
36	1	0.0	3	0 0 0 1


=== First read: Adapter 6 ===

Sequence: ACGTTGGATGAATATATGTGTGCTTATTTG; Type: regular 5'; Length: 30; Trimmed: 4 times.

No. of allowed errors:
0-9 bp: 0; 10-19 bp: 1; 20-29 bp: 2; 30 bp: 3

Overview of removed sequences
length	count	expect	max.err	error counts
3	3	63.7	0	3
30	1	0.0	3	1


=== First read: Adapter 7 ===

Sequence: ACGTTGGATGGAAAAATAAACTGCAAATCATATTC; Type: regular 5'; Length: 35; Trimmed: 522 times.

No. of allowed errors:
0-9 bp: 0; 10-19 bp: 1; 20-29 bp: 2; 30-35 bp: 3

Overview of removed sequences
length	count	expect	max.err	error counts
3	1	63.7	0	1
30	3	0.0	3	2 1
31	3	0.0	3	2 1
32	8	0.0	3	1 1 0 6
33	11	0.0	3	0 0 5 6
34	68	0.0	3	5 43 12 8
35	313	0.0	3	183 57 27 46
36	103	0.0	3	0 65 16 22
37	9	0.0	3	0 0 1 8
38	3	0.0	3	0 0 0 3


=== First read: Adapter 8 ===

Sequence: ACGTTGGATGGAAAAATAAACTGTAAATCATATTC; Type: regular 5'; Length: 35; Trimmed: 147 times.

No. of allowed errors:
0-9 bp: 0; 10-19 bp: 1; 20-29 bp: 2; 30-35 bp: 3

Overview of removed sequences
length	count	expect	max.err	error counts
32	9	0.0	3	0 0 0 9
33	8	0.0	3	0 1 3 4
34	28	0.0	3	0 13 5 10
35	79	0.0	3	17 29 19 14
36	17	0.0	3	0 5 8 4
37	4	0.0	3	0 0 0 4
38	2	0.0	3	0 0 0 2


=== First read: Adapter 9 ===

Sequence: ACGTTGGATGGAAAAATAAATTGTAAATCATACTC; Type: regular 5'; Length: 35; Trimmed: 223 times.

No. of allowed errors:
0-9 bp: 0; 10-19 bp: 1; 20-29 bp: 2; 30-35 bp: 3

Overview of removed sequences
length	count	expect	max.err	error counts
33	7	0.0	3	0 0 3 4
34	17	0.0	3	2 10 3 2
35	182	0.0	3	99 39 19 25
36	5	0.0	3	0 1 2 2
37	4	0.0	3	0 0 1 3
38	8	0.0	3	0 0 0 8


=== First read: Adapter 10 ===

Sequence: ACGTTGGATGAGATTAGGGAAAGTATTAGA; Type: regular 5'; Length: 30; Trimmed: 0 times.

=== First read: Adapter 11 ===

Sequence: ACGTTGGATGGAAAAATAAATTGTAAATCAAATTC; Type: regular 5'; Length: 35; Trimmed: 124 times.

No. of allowed errors:
0-9 bp: 0; 10-19 bp: 1; 20-29 bp: 2; 30-35 bp: 3

Overview of removed sequences
length	count	expect	max.err	error counts
34	2	0.0	3	0 0 2
35	107	0.0	3	52 27 18 10
36	7	0.0	3	0 4 2 1
37	3	0.0	3	0 0 0 3
38	5	0.0	3	0 0 0 5


=== First read: Adapter 12 ===

Sequence: ACGTTGGATGGAAAAATAAACTGTAAATCATATTCCT; Type: regular 5'; Length: 37; Trimmed: 1108 times.

No. of allowed errors:
0-9 bp: 0; 10-19 bp: 1; 20-29 bp: 2; 30-37 bp: 3

Overview of removed sequences
length	count	expect	max.err	error counts
31	2	0.0	3	0 0 1 1
32	2	0.0	3	0 2
34	3	0.0	3	0 0 0 3
35	48	0.0	3	0 2 33 13
36	186	0.0	3	2 80 66 38
37	711	0.0	3	209 259 146 97
38	74	0.0	3	0 14 41 19
39	74	0.0	3	0 0 11 63
40	8	0.0	3	0 0 0 8


=== Second read: Adapter 13 ===

Sequence: ACGTTGGATGTTTGTTACTATGGTAGATACCACAC; Type: regular 5'; Length: 35; Trimmed: 244 times.

No. of allowed errors:
0-9 bp: 0; 10-19 bp: 1; 20-29 bp: 2; 30-35 bp: 3

Overview of removed sequences
length	count	expect	max.err	error counts
30	1	0.0	3	0 0 1
31	1	0.0	3	0 0 1
33	23	0.0	3	1 1 4 17
34	31	0.0	3	0 11 5 15
35	166	0.0	3	39 40 42 45
36	13	0.0	3	0 5 5 3
37	8	0.0	3	0 0 3 5
38	1	0.0	3	0 0 0 1


=== Second read: Adapter 14 ===

Sequence: ACGTTGGATGTTTGTTACTGTGGTGGATACTAC; Type: regular 5'; Length: 33; Trimmed: 585 times.

No. of allowed errors:
0-9 bp: 0; 10-19 bp: 1; 20-29 bp: 2; 30-33 bp: 3

Overview of removed sequences
length	count	expect	max.err	error counts
20	1	0.0	2	0 0 1
23	1	0.0	2	0 0 1
24	1	0.0	2	1
25	1	0.0	2	0 0 1
26	3	0.0	2	2 1
28	1	0.0	2	1
29	1	0.0	2	0 0 1
30	39	0.0	3	1 3 1 34
31	46	0.0	3	3 1 8 34
32	102	0.0	3	1 28 44 29
33	326	0.0	3	103 104 60 59
34	52	0.0	3	0 20 19 13
35	4	0.0	3	0 0 2 2
36	3	0.0	3	0 0 0 3
41	1	0.0	3	0 0 1
44	2	0.0	3	2
47	1	0.0	3	0 0 1


=== Second read: Adapter 15 ===

Sequence: ACGTTGGATGTTTGTTACTGTTGTGGATACAAC; Type: regular 5'; Length: 33; Trimmed: 326 times.

No. of allowed errors:
0-9 bp: 0; 10-19 bp: 1; 20-29 bp: 2; 30-33 bp: 3

Overview of removed sequences
length	count	expect	max.err	error counts
3	14	63.7	0	14
26	1	0.0	2	1
29	1	0.0	2	0 1
30	2	0.0	3	0 2
31	20	0.0	3	0 0 9 11
32	47	0.0	3	0 14 17 16
33	203	0.0	3	54 38 74 37
34	20	0.0	3	0 4 8 8
35	10	0.0	3	0 0 3 7
36	7	0.0	3	0 0 0 7
41	1	0.0	3	0 0 1


=== Second read: Adapter 16 ===

Sequence: ACGTTGGATGTTTGTTACCGTTGTTGATACTAC; Type: regular 5'; Length: 33; Trimmed: 330 times.

No. of allowed errors:
0-9 bp: 0; 10-19 bp: 1; 20-29 bp: 2; 30-33 bp: 3

Overview of removed sequences
length	count	expect	max.err	error counts
27	2	0.0	2	0 0 2
28	3	0.0	2	1 1 1
29	4	0.0	2	0 2 1 1
30	26	0.0	3	1 0 1 24
31	25	0.0	3	1 3 5 16
32	60	0.0	3	0 15 24 21
33	139	0.0	3	58 37 28 16
34	29	0.0	3	0 8 6 15
35	41	0.0	3	0 0 5 36
36	1	0.0	3	0 0 0 1


=== Second read: Adapter 17 ===

Sequence: ACGTTGGATGAATATATGTGTGCTTATTTG; Type: regular 5'; Length: 30; Trimmed: 8 times.

No. of allowed errors:
0-9 bp: 0; 10-19 bp: 1; 20-29 bp: 2; 30 bp: 3

Overview of removed sequences
length	count	expect	max.err	error counts
3	7	63.7	0	7
4	1	15.9	0	1


=== Second read: Adapter 18 ===

Sequence: ACGTTGGATGTTTGTTACTAAGGTAGATACCACTC; Type: regular 5'; Length: 35; Trimmed: 89 times.

No. of allowed errors:
0-9 bp: 0; 10-19 bp: 1; 20-29 bp: 2; 30-35 bp: 3

Overview of removed sequences
length	count	expect	max.err	error counts
31	1	0.0	3	0 1
32	1	0.0	3	0 0 0 1
33	8	0.0	3	0 2 0 6
34	15	0.0	3	0 4 7 4
35	53	0.0	3	23 16 4 10
36	5	0.0	3	0 0 3 2
37	2	0.0	3	0 0 0 2
38	4	0.0	3	0 0 0 4


=== Second read: Adapter 19 ===

Sequence: ACGTTGGATGGAAAAATAAACTGCAAATCATATTC; Type: regular 5'; Length: 35; Trimmed: 176 times.

No. of allowed errors:
0-9 bp: 0; 10-19 bp: 1; 20-29 bp: 2; 30-35 bp: 3

Overview of removed sequences
length	count	expect	max.err	error counts
6	1	1.0	0	1
29	1	0.0	2	0 0 0 1
32	2	0.0	3	0 0 0 2
33	4	0.0	3	0 0 0 4
34	24	0.0	3	0 12 6 6
35	104	0.0	3	44 25 17 18
36	34	0.0	3	0 16 12 6
37	3	0.0	3	0 0 0 3
38	3	0.0	3	0 0 0 3


=== Second read: Adapter 20 ===

Sequence: ACGTTGGATGAGATTAGGGAAAGTATTAGA; Type: regular 5'; Length: 30; Trimmed: 2 times.

No. of allowed errors:
0-9 bp: 0; 10-19 bp: 1; 20-29 bp: 2; 30 bp: 3

Overview of removed sequences
length	count	expect	max.err	error counts
3	2	63.7	0	2


=== Second read: Adapter 21 ===

Sequence: ACGTTGGATGGAAAAATAAATTGTAAATCATACTC; Type: regular 5'; Length: 35; Trimmed: 102 times.

No. of allowed errors:
0-9 bp: 0; 10-19 bp: 1; 20-29 bp: 2; 30-35 bp: 3

Overview of removed sequences
length	count	expect	max.err	error counts
21	1	0.0	2	0 0 1
33	3	0.0	3	0 0 2 1
34	14	0.0	3	1 2 6 5
35	80	0.0	3	27 16 18 19
36	2	0.0	3	0 0 1 1
38	1	0.0	3	0 0 0 1
47	1	0.0	3	0 0 1


=== Second read: Adapter 22 ===

Sequence: ACGTTGGATGGAAAAATAAACTGTAAATCATATTCCT; Type: regular 5'; Length: 37; Trimmed: 464 times.

No. of allowed errors:
0-9 bp: 0; 10-19 bp: 1; 20-29 bp: 2; 30-37 bp: 3

Overview of removed sequences
length	count	expect	max.err	error counts
3	5	63.7	0	5
4	5	15.9	0	5
20	2	0.0	2	0 1 1
32	1	0.0	3	0 0 0 1
34	3	0.0	3	0 1 1 1
35	17	0.0	3	0 0 12 5
36	58	0.0	3	1 25 15 17
37	317	0.0	3	69 115 72 61
38	23	0.0	3	0 5 10 8
39	28	0.0	3	0 0 0 28
40	4	0.0	3	0 0 0 4
53	1	0.0	3	0 0 1


=== Second read: Adapter 23 ===

Sequence: ACGTTGGATGGAAAAATAAACTGTAAATCATATTC; Type: regular 5'; Length: 35; Trimmed: 71 times.

No. of allowed errors:
0-9 bp: 0; 10-19 bp: 1; 20-29 bp: 2; 30-35 bp: 3

Overview of removed sequences
length	count	expect	max.err	error counts
32	3	0.0	3	0 0 0 3
33	1	0.0	3	0 0 0 1
34	11	0.0	3	0 2 3 6
35	41	0.0	3	2 18 6 15
36	14	0.0	3	0 1 5 8
37	1	0.0	3	0 0 0 1


=== Second read: Adapter 24 ===

Sequence: ACGTTGGATGGAAAAATAAATTGTAAATCAAATTC; Type: regular 5'; Length: 35; Trimmed: 46 times.

No. of allowed errors:
0-9 bp: 0; 10-19 bp: 1; 20-29 bp: 2; 30-35 bp: 3

Overview of removed sequences
length	count	expect	max.err	error counts
33	1	0.0	3	0 0 0 1
34	1	0.0	3	0 0 0 1
35	41	0.0	3	17 9 8 7
36	1	0.0	3	0 0 0 1
37	1	0.0	3	0 0 0 1
38	1	0.0	3	0 0 0 1
