This is cutadapt 2.6 with Python 3.7.3
Command line parameters: -g ACGTTGGATGTTTGTTACTATGGTAGATACCACAC -g ACGTTGGATGTTTGTTACTAAGGTAGATACCACTC -g ACGTTGGATGTTTGTTACTGTGGTGGATACTAC -g ACGTTGGATGTTTGTTACTGTTGTGGATACAAC -g ACGTTGGATGTTTGTTACCGTTGTTGATACTAC -g ACGTTGGATGAATATATGTGTGCTTATTTG -G ACGTTGGATGTTTGTTACTATGGTAGATACCACAC -G ACGTTGGATGTTTGTTACTGTGGTGGATACTAC -G ACGTTGGATGTTTGTTACTGTTGTGGATACAAC -G ACGTTGGATGTTTGTTACCGTTGTTGATACTAC -G ACGTTGGATGAATATATGTGTGCTTATTTG -G ACGTTGGATGTTTGTTACTAAGGTAGATACCACTC -g ACGTTGGATGGAAAAATAAACTGCAAATCATATTC -g ACGTTGGATGGAAAAATAAACTGTAAATCATATTC -g ACGTTGGATGGAAAAATAAATTGTAAATCATACTC -g ACGTTGGATGAGATTAGGGAAAGTATTAGA -g ACGTTGGATGGAAAAATAAATTGTAAATCAAATTC -g ACGTTGGATGGAAAAATAAACTGTAAATCATATTCCT -G ACGTTGGATGGAAAAATAAACTGCAAATCATATTC -G ACGTTGGATGAGATTAGGGAAAGTATTAGA -G ACGTTGGATGGAAAAATAAATTGTAAATCATACTC -G ACGTTGGATGGAAAAATAAACTGTAAATCATATTCCT -G ACGTTGGATGGAAAAATAAACTGTAAATCATATTC -G ACGTTGGATGGAAAAATAAATTGTAAATCAAATTC --minimum-length=1 -o /data/projects/mdc-971/reprocess_June_2019_data/analysis/30.primer_trimmed/180440_S61_cutadapt.1.fq.gz -p /data/projects/mdc-971/reprocess_June_2019_data/analysis/30.primer_trimmed/180440_S61_cutadapt.2.fq.gz /data/projects/mdc-971/reprocess_June_2019_data/analysis/20.adapter_trimmed/180440_S61_R1_001.bbduked.trimmed.fastq.gz /data/projects/mdc-971/reprocess_June_2019_data/analysis/20.adapter_trimmed/180440_S61_R2_001.bbduked.trimmed.fastq.gz
Processing reads on 1 core in paired-end mode ...
Finished in 2.08 s (401 us/read; 0.15 M reads/minute).

=== Summary ===

Total read pairs processed:              5,189
  Read 1 with adapter:                   4,353 (83.9%)
  Read 2 with adapter:                   3,237 (62.4%)
Pairs that were too short:                   0 (0.0%)
Pairs written (passing filters):         5,189 (100.0%)

Total basepairs processed:     1,549,799 bp
  Read 1:       771,453 bp
  Read 2:       778,346 bp
Total written (filtered):      1,288,327 bp (83.1%)
  Read 1:       619,674 bp
  Read 2:       668,653 bp

=== First read: Adapter 1 ===

Sequence: ACGTTGGATGTTTGTTACTATGGTAGATACCACAC; Type: regular 5'; Length: 35; Trimmed: 359 times.

No. of allowed errors:
0-9 bp: 0; 10-19 bp: 1; 20-29 bp: 2; 30-35 bp: 3

Overview of removed sequences
length	count	expect	max.err	error counts
29	2	0.0	2	1 0 0 1
30	2	0.0	3	1 0 1
31	1	0.0	3	0 0 0 1
32	3	0.0	3	1 0 0 2
33	17	0.0	3	0 0 10 7
34	42	0.0	3	0 14 12 16
35	245	0.0	3	62 85 43 55
36	30	0.0	3	0 11 9 10
37	7	0.0	3	0 0 5 2
38	10	0.0	3	0 0 0 10


=== First read: Adapter 2 ===

Sequence: ACGTTGGATGTTTGTTACTAAGGTAGATACCACTC; Type: regular 5'; Length: 35; Trimmed: 128 times.

No. of allowed errors:
0-9 bp: 0; 10-19 bp: 1; 20-29 bp: 2; 30-35 bp: 3

Overview of removed sequences
length	count	expect	max.err	error counts
28	2	0.0	2	0 2
30	2	0.0	3	1 1
31	1	0.0	3	1
32	2	0.0	3	0 0 1 1
33	5	0.0	3	0 1 2 2
34	20	0.0	3	2 9 3 6
35	87	0.0	3	45 16 12 14
36	2	0.0	3	0 0 1 1
37	3	0.0	3	0 0 1 2
38	4	0.0	3	0 0 0 4


=== First read: Adapter 3 ===

Sequence: ACGTTGGATGTTTGTTACTGTGGTGGATACTAC; Type: regular 5'; Length: 33; Trimmed: 560 times.

No. of allowed errors:
0-9 bp: 0; 10-19 bp: 1; 20-29 bp: 2; 30-33 bp: 3

Overview of removed sequences
length	count	expect	max.err	error counts
24	2	0.0	2	1 0 1
25	6	0.0	2	3 2 1
26	13	0.0	2	6 4 3
27	14	0.0	2	12 0 2
28	8	0.0	2	5 0 3
29	11	0.0	2	2 5 3 1
30	17	0.0	3	3 6 3 5
31	40	0.0	3	9 5 15 11
32	65	0.0	3	8 27 15 15
33	295	0.0	3	100 83 51 61
34	86	0.0	3	0 52 26 8
35	1	0.0	3	0 0 0 1
36	2	0.0	3	0 0 0 2


=== First read: Adapter 4 ===

Sequence: ACGTTGGATGTTTGTTACTGTTGTGGATACAAC; Type: regular 5'; Length: 33; Trimmed: 192 times.

No. of allowed errors:
0-9 bp: 0; 10-19 bp: 1; 20-29 bp: 2; 30-33 bp: 3

Overview of removed sequences
length	count	expect	max.err	error counts
25	2	0.0	2	0 2
26	1	0.0	2	0 1
28	2	0.0	2	2
29	3	0.0	2	2 1
30	2	0.0	3	1 1
31	4	0.0	3	0 1 0 3
32	25	0.0	3	1 8 4 12
33	117	0.0	3	48 27 23 19
34	9	0.0	3	0 3 5 1
35	25	0.0	3	0 0 23 2
36	2	0.0	3	0 0 0 2


=== First read: Adapter 5 ===

Sequence: ACGTTGGATGTTTGTTACCGTTGTTGATACTAC; Type: regular 5'; Length: 33; Trimmed: 429 times.

No. of allowed errors:
0-9 bp: 0; 10-19 bp: 1; 20-29 bp: 2; 30-33 bp: 3

Overview of removed sequences
length	count	expect	max.err	error counts
21	1	0.0	2	1
24	1	0.0	2	1
25	3	0.0	2	1 2
26	4	0.0	2	2 1 1
27	9	0.0	2	5 2 2
28	5	0.0	2	3 2
29	9	0.0	2	4 2 1 2
30	30	0.0	3	5 6 3 16
31	31	0.0	3	9 7 5 10
32	70	0.0	3	13 22 19 16
33	243	0.0	3	115 70 38 20
34	19	0.0	3	0 9 8 2
35	4	0.0	3	0 0 1 3


=== First read: Adapter 6 ===

Sequence: ACGTTGGATGAATATATGTGTGCTTATTTG; Type: regular 5'; Length: 30; Trimmed: 1 times.

No. of allowed errors:
0-9 bp: 0; 10-19 bp: 1; 20-29 bp: 2; 30 bp: 3

Overview of removed sequences
length	count	expect	max.err	error counts
3	1	81.1	0	1


=== First read: Adapter 7 ===

Sequence: ACGTTGGATGGAAAAATAAACTGCAAATCATATTC; Type: regular 5'; Length: 35; Trimmed: 475 times.

No. of allowed errors:
0-9 bp: 0; 10-19 bp: 1; 20-29 bp: 2; 30-35 bp: 3

Overview of removed sequences
length	count	expect	max.err	error counts
25	1	0.0	2	1
30	2	0.0	3	2
31	1	0.0	3	0 1
32	9	0.0	3	0 1 0 8
33	16	0.0	3	0 0 7 9
34	73	0.0	3	1 43 20 9
35	259	0.0	3	130 53 29 47
36	102	0.0	3	0 74 13 15
37	9	0.0	3	0 0 1 8
38	3	0.0	3	0 0 0 3


=== First read: Adapter 8 ===

Sequence: ACGTTGGATGGAAAAATAAACTGTAAATCATATTC; Type: regular 5'; Length: 35; Trimmed: 141 times.

No. of allowed errors:
0-9 bp: 0; 10-19 bp: 1; 20-29 bp: 2; 30-35 bp: 3

Overview of removed sequences
length	count	expect	max.err	error counts
31	1	0.0	3	0 0 0 1
32	22	0.0	3	0 0 0 22
33	4	0.0	3	0 0 4
34	22	0.0	3	0 12 1 9
35	77	0.0	3	8 18 27 24
36	10	0.0	3	0 4 2 4
37	4	0.0	3	0 0 2 2
38	1	0.0	3	0 0 0 1


=== First read: Adapter 9 ===

Sequence: ACGTTGGATGGAAAAATAAATTGTAAATCATACTC; Type: regular 5'; Length: 35; Trimmed: 303 times.

No. of allowed errors:
0-9 bp: 0; 10-19 bp: 1; 20-29 bp: 2; 30-35 bp: 3

Overview of removed sequences
length	count	expect	max.err	error counts
33	6	0.0	3	0 0 5 1
34	15	0.0	3	3 3 7 2
35	264	0.0	3	160 56 22 26
36	3	0.0	3	0 0 2 1
37	4	0.0	3	0 0 1 3
38	11	0.0	3	0 0 0 11


=== First read: Adapter 10 ===

Sequence: ACGTTGGATGAGATTAGGGAAAGTATTAGA; Type: regular 5'; Length: 30; Trimmed: 2 times.

No. of allowed errors:
0-9 bp: 0; 10-19 bp: 1; 20-29 bp: 2; 30 bp: 3

Overview of removed sequences
length	count	expect	max.err	error counts
3	2	81.1	0	2


=== First read: Adapter 11 ===

Sequence: ACGTTGGATGGAAAAATAAATTGTAAATCAAATTC; Type: regular 5'; Length: 35; Trimmed: 271 times.

No. of allowed errors:
0-9 bp: 0; 10-19 bp: 1; 20-29 bp: 2; 30-35 bp: 3

Overview of removed sequences
length	count	expect	max.err	error counts
34	7	0.0	3	2 2 2 1
35	251	0.0	3	133 57 36 25
36	6	0.0	3	0 2 3 1
38	7	0.0	3	0 0 0 7


=== First read: Adapter 12 ===

Sequence: ACGTTGGATGGAAAAATAAACTGTAAATCATATTCCT; Type: regular 5'; Length: 37; Trimmed: 1492 times.

No. of allowed errors:
0-9 bp: 0; 10-19 bp: 1; 20-29 bp: 2; 30-37 bp: 3

Overview of removed sequences
length	count	expect	max.err	error counts
25	1	0.0	2	0 1
30	1	0.0	3	0 0 1
32	1	0.0	3	1
33	2	0.0	3	0 2
34	3	0.0	3	0 2 0 1
35	39	0.0	3	1 8 20 10
36	273	0.0	3	2 125 81 65
37	1004	0.0	3	340 389 181 94
38	74	0.0	3	0 22 23 29
39	87	0.0	3	0 0 13 74
40	7	0.0	3	0 0 0 7


=== Second read: Adapter 13 ===

Sequence: ACGTTGGATGTTTGTTACTATGGTAGATACCACAC; Type: regular 5'; Length: 35; Trimmed: 309 times.

No. of allowed errors:
0-9 bp: 0; 10-19 bp: 1; 20-29 bp: 2; 30-35 bp: 3

Overview of removed sequences
length	count	expect	max.err	error counts
28	1	0.0	2	0 1
30	1	0.0	3	1
32	1	0.0	3	0 1
33	27	0.0	3	0 1 11 15
34	26	0.0	3	0 1 9 16
35	218	0.0	3	31 67 57 63
36	22	0.0	3	0 4 9 9
37	4	0.0	3	0 0 3 1
38	9	0.0	3	0 0 0 9


=== Second read: Adapter 14 ===

Sequence: ACGTTGGATGTTTGTTACTGTGGTGGATACTAC; Type: regular 5'; Length: 33; Trimmed: 726 times.

No. of allowed errors:
0-9 bp: 0; 10-19 bp: 1; 20-29 bp: 2; 30-33 bp: 3

Overview of removed sequences
length	count	expect	max.err	error counts
3	1	81.1	0	1
24	1	0.0	2	0 1
25	1	0.0	2	1
26	1	0.0	2	0 0 1
27	3	0.0	2	1 1 1
28	3	0.0	2	2 0 1
29	1	0.0	2	1
30	28	0.0	3	0 0 1 27
31	61	0.0	3	3 2 15 41
32	115	0.0	3	2 31 40 42
33	337	0.0	3	118 95 71 53
34	150	0.0	3	0 65 49 36
35	18	0.0	3	0 0 5 13
36	2	0.0	3	0 0 0 2
42	1	0.0	3	0 0 0 1
45	2	0.0	3	0 1 0 1
49	1	0.0	3	0 0 1


=== Second read: Adapter 15 ===

Sequence: ACGTTGGATGTTTGTTACTGTTGTGGATACAAC; Type: regular 5'; Length: 33; Trimmed: 330 times.

No. of allowed errors:
0-9 bp: 0; 10-19 bp: 1; 20-29 bp: 2; 30-33 bp: 3

Overview of removed sequences
length	count	expect	max.err	error counts
3	18	81.1	0	18
26	1	0.0	2	0 0 1
27	1	0.0	2	0 0 1
29	2	0.0	2	0 0 2
30	3	0.0	3	0 1 0 2
31	5	0.0	3	0 0 2 3
32	53	0.0	3	0 11 20 22
33	193	0.0	3	52 42 55 44
34	19	0.0	3	0 7 9 3
35	26	0.0	3	0 0 15 11
36	5	0.0	3	0 0 0 5
42	2	0.0	3	1 1
44	1	0.0	3	0 0 1
64	1	0.0	3	1


=== Second read: Adapter 16 ===

Sequence: ACGTTGGATGTTTGTTACCGTTGTTGATACTAC; Type: regular 5'; Length: 33; Trimmed: 507 times.

No. of allowed errors:
0-9 bp: 0; 10-19 bp: 1; 20-29 bp: 2; 30-33 bp: 3

Overview of removed sequences
length	count	expect	max.err	error counts
25	1	0.0	2	0 1
27	1	0.0	2	1
28	3	0.0	2	2 1
29	2	0.0	2	0 1 1
30	24	0.0	3	4 0 2 18
31	18	0.0	3	3 4 6 5
32	88	0.0	3	2 24 30 32
33	318	0.0	3	138 89 57 34
34	32	0.0	3	0 12 16 4
35	18	0.0	3	0 0 9 9
41	1	0.0	3	1
47	1	0.0	3	0 0 0 1


=== Second read: Adapter 17 ===

Sequence: ACGTTGGATGAATATATGTGTGCTTATTTG; Type: regular 5'; Length: 30; Trimmed: 11 times.

No. of allowed errors:
0-9 bp: 0; 10-19 bp: 1; 20-29 bp: 2; 30 bp: 3

Overview of removed sequences
length	count	expect	max.err	error counts
3	10	81.1	0	10
4	1	20.3	0	1


=== Second read: Adapter 18 ===

Sequence: ACGTTGGATGTTTGTTACTAAGGTAGATACCACTC; Type: regular 5'; Length: 35; Trimmed: 129 times.

No. of allowed errors:
0-9 bp: 0; 10-19 bp: 1; 20-29 bp: 2; 30-35 bp: 3

Overview of removed sequences
length	count	expect	max.err	error counts
32	2	0.0	3	0 1 0 1
33	2	0.0	3	0 0 0 2
34	17	0.0	3	0 1 5 11
35	97	0.0	3	39 25 23 10
36	6	0.0	3	0 1 3 2
37	5	0.0	3	0 0 3 2


=== Second read: Adapter 19 ===

Sequence: ACGTTGGATGGAAAAATAAACTGCAAATCATATTC; Type: regular 5'; Length: 35; Trimmed: 183 times.

No. of allowed errors:
0-9 bp: 0; 10-19 bp: 1; 20-29 bp: 2; 30-35 bp: 3

Overview of removed sequences
length	count	expect	max.err	error counts
27	1	0.0	2	0 1
31	1	0.0	3	0 0 0 1
32	5	0.0	3	0 0 0 5
33	6	0.0	3	0 0 3 3
34	37	0.0	3	0 21 7 9
35	109	0.0	3	35 25 21 28
36	21	0.0	3	0 6 7 8
37	2	0.0	3	0 0 2
38	1	0.0	3	0 0 0 1


=== Second read: Adapter 20 ===

Sequence: ACGTTGGATGAGATTAGGGAAAGTATTAGA; Type: regular 5'; Length: 30; Trimmed: 3 times.

No. of allowed errors:
0-9 bp: 0; 10-19 bp: 1; 20-29 bp: 2; 30 bp: 3

Overview of removed sequences
length	count	expect	max.err	error counts
3	2	81.1	0	2
4	1	20.3	0	1


=== Second read: Adapter 21 ===

Sequence: ACGTTGGATGGAAAAATAAATTGTAAATCATACTC; Type: regular 5'; Length: 35; Trimmed: 124 times.

No. of allowed errors:
0-9 bp: 0; 10-19 bp: 1; 20-29 bp: 2; 30-35 bp: 3

Overview of removed sequences
length	count	expect	max.err	error counts
31	2	0.0	3	0 1 1
32	1	0.0	3	0 0 0 1
33	5	0.0	3	0 0 0 5
34	7	0.0	3	1 0 2 4
35	102	0.0	3	40 29 16 17
36	1	0.0	3	0 0 1
37	2	0.0	3	0 0 0 2
38	3	0.0	3	0 0 0 3
54	1	0.0	3	0 0 0 1


=== Second read: Adapter 22 ===

Sequence: ACGTTGGATGGAAAAATAAACTGTAAATCATATTCCT; Type: regular 5'; Length: 37; Trimmed: 723 times.

No. of allowed errors:
0-9 bp: 0; 10-19 bp: 1; 20-29 bp: 2; 30-37 bp: 3

Overview of removed sequences
length	count	expect	max.err	error counts
3	13	81.1	0	13
4	3	20.3	0	3
32	1	0.0	3	0 0 1
34	1	0.0	3	0 0 0 1
35	29	0.0	3	0 1 20 8
36	73	0.0	3	1 27 24 21
37	544	0.0	3	148 202 111 83
38	26	0.0	3	0 4 16 6
39	27	0.0	3	0 0 7 20
40	4	0.0	3	0 0 0 4
44	1	0.0	3	0 1
52	1	0.0	3	0 1


=== Second read: Adapter 23 ===

Sequence: ACGTTGGATGGAAAAATAAACTGTAAATCATATTC; Type: regular 5'; Length: 35; Trimmed: 66 times.

No. of allowed errors:
0-9 bp: 0; 10-19 bp: 1; 20-29 bp: 2; 30-35 bp: 3

Overview of removed sequences
length	count	expect	max.err	error counts
32	8	0.0	3	0 0 0 8
33	4	0.0	3	0 0 3 1
34	15	0.0	3	0 6 2 7
35	32	0.0	3	5 6 7 14
36	5	0.0	3	0 2 2 1
37	1	0.0	3	0 0 0 1
38	1	0.0	3	0 0 0 1


=== Second read: Adapter 24 ===

Sequence: ACGTTGGATGGAAAAATAAATTGTAAATCAAATTC; Type: regular 5'; Length: 35; Trimmed: 126 times.

No. of allowed errors:
0-9 bp: 0; 10-19 bp: 1; 20-29 bp: 2; 30-35 bp: 3

Overview of removed sequences
length	count	expect	max.err	error counts
32	1	0.0	3	0 0 0 1
34	2	0.0	3	0 0 1 1
35	109	0.0	3	34 34 24 17
36	8	0.0	3	0 0 3 5
37	1	0.0	3	0 0 0 1
38	5	0.0	3	0 0 0 5
