This is cutadapt 2.6 with Python 3.7.3
Command line parameters: -g ACGTTGGATGTTTGTTACTATGGTAGATACCACAC -g ACGTTGGATGTTTGTTACTAAGGTAGATACCACTC -g ACGTTGGATGTTTGTTACTGTGGTGGATACTAC -g ACGTTGGATGTTTGTTACTGTTGTGGATACAAC -g ACGTTGGATGTTTGTTACCGTTGTTGATACTAC -g ACGTTGGATGAATATATGTGTGCTTATTTG -G ACGTTGGATGTTTGTTACTATGGTAGATACCACAC -G ACGTTGGATGTTTGTTACTGTGGTGGATACTAC -G ACGTTGGATGTTTGTTACTGTTGTGGATACAAC -G ACGTTGGATGTTTGTTACCGTTGTTGATACTAC -G ACGTTGGATGAATATATGTGTGCTTATTTG -G ACGTTGGATGTTTGTTACTAAGGTAGATACCACTC -g ACGTTGGATGGAAAAATAAACTGCAAATCATATTC -g ACGTTGGATGGAAAAATAAACTGTAAATCATATTC -g ACGTTGGATGGAAAAATAAATTGTAAATCATACTC -g ACGTTGGATGAGATTAGGGAAAGTATTAGA -g ACGTTGGATGGAAAAATAAATTGTAAATCAAATTC -g ACGTTGGATGGAAAAATAAACTGTAAATCATATTCCT -G ACGTTGGATGGAAAAATAAACTGCAAATCATATTC -G ACGTTGGATGAGATTAGGGAAAGTATTAGA -G ACGTTGGATGGAAAAATAAATTGTAAATCATACTC -G ACGTTGGATGGAAAAATAAACTGTAAATCATATTCCT -G ACGTTGGATGGAAAAATAAACTGTAAATCATATTC -G ACGTTGGATGGAAAAATAAATTGTAAATCAAATTC --minimum-length=1 -o /data/projects/mdc-971/reprocess_June_2019_data/analysis/30.primer_trimmed/180446_S68_cutadapt.1.fq.gz -p /data/projects/mdc-971/reprocess_June_2019_data/analysis/30.primer_trimmed/180446_S68_cutadapt.2.fq.gz /data/projects/mdc-971/reprocess_June_2019_data/analysis/20.adapter_trimmed/180446_S68_R1_001.bbduked.trimmed.fastq.gz /data/projects/mdc-971/reprocess_June_2019_data/analysis/20.adapter_trimmed/180446_S68_R2_001.bbduked.trimmed.fastq.gz
Processing reads on 1 core in paired-end mode ...
Finished in 116.74 s (380 us/read; 0.16 M reads/minute).

=== Summary ===

Total read pairs processed:            306,938
  Read 1 with adapter:                 280,990 (91.5%)
  Read 2 with adapter:                 235,845 (76.8%)
Pairs that were too short:                   0 (0.0%)
Pairs written (passing filters):       306,938 (100.0%)

Total basepairs processed:    91,699,112 bp
  Read 1:    45,658,464 bp
  Read 2:    46,040,648 bp
Total written (filtered):     74,148,318 bp (80.9%)
  Read 1:    36,060,979 bp
  Read 2:    38,087,339 bp

=== First read: Adapter 1 ===

Sequence: ACGTTGGATGTTTGTTACTATGGTAGATACCACAC; Type: regular 5'; Length: 35; Trimmed: 6314 times.

No. of allowed errors:
0-9 bp: 0; 10-19 bp: 1; 20-29 bp: 2; 30-35 bp: 3

Overview of removed sequences
length	count	expect	max.err	error counts
3	2	4795.9	0	2
4	3	1199.0	0	3
14	2	0.0	1	2
19	1	0.0	1	0 1
20	1	0.0	2	0 1
22	1	0.0	2	0 0 1
23	2	0.0	2	2
24	2	0.0	2	0 1 1
25	2	0.0	2	0 0 2
26	5	0.0	2	2 1 2
27	5	0.0	2	5
28	16	0.0	2	11 2 1 2
29	17	0.0	2	8 6 1 2
30	46	0.0	3	14 11 11 10
31	27	0.0	3	4 8 11 4
32	55	0.0	3	5 11 7 32
33	307	0.0	3	8 15 146 138
34	970	0.0	3	8 373 315 274
35	3455	0.0	3	1084 1325 639 407
36	657	0.0	3	1 281 244 131
37	176	0.0	3	0 0 100 76
38	560	0.0	3	0 0 0 560
39	1	0.0	3	0 0 0 1
43	1	0.0	3	0 0 1


=== First read: Adapter 2 ===

Sequence: ACGTTGGATGTTTGTTACTAAGGTAGATACCACTC; Type: regular 5'; Length: 35; Trimmed: 4504 times.

No. of allowed errors:
0-9 bp: 0; 10-19 bp: 1; 20-29 bp: 2; 30-35 bp: 3

Overview of removed sequences
length	count	expect	max.err	error counts
5	1	299.7	0	1
10	1	0.3	1	0 1
14	1	0.0	1	1
20	1	0.0	2	0 1
22	1	0.0	2	1
23	1	0.0	2	1
25	1	0.0	2	1
26	7	0.0	2	4 2 1
27	9	0.0	2	3 5 1
28	7	0.0	2	5 2
29	16	0.0	2	7 7 2
30	56	0.0	3	35 15 4 2
31	48	0.0	3	18 19 8 3
32	90	0.0	3	26 32 19 13
33	174	0.0	3	28 32 60 54
34	669	0.0	3	52 373 157 87
35	3122	0.0	3	1943 687 309 183
36	162	0.0	3	1 76 58 27
37	112	0.0	3	0 0 58 54
38	25	0.0	3	0 0 0 25


=== First read: Adapter 3 ===

Sequence: ACGTTGGATGTTTGTTACTGTGGTGGATACTAC; Type: regular 5'; Length: 33; Trimmed: 38079 times.

No. of allowed errors:
0-9 bp: 0; 10-19 bp: 1; 20-29 bp: 2; 30-33 bp: 3

Overview of removed sequences
length	count	expect	max.err	error counts
4	1	1199.0	0	1
12	1	0.0	1	1
14	1	0.0	1	1
15	1	0.0	1	0 1
16	1	0.0	1	0 1
17	1	0.0	1	1
18	4	0.0	1	3 1
19	14	0.0	1	7 6 1
20	15	0.0	2	12 2 1
21	14	0.0	2	10 1 3
22	15	0.0	2	4 8 3
23	12	0.0	2	4 4 4
24	87	0.0	2	40 36 11
25	233	0.0	2	123 75 35
26	335	0.0	2	164 110 61
27	554	0.0	2	343 161 48 2
28	1024	0.0	2	562 337 119 6
29	845	0.0	2	340 324 158 23
30	1905	0.0	3	784 639 221 261
31	2487	0.0	3	930 700 518 339
32	4448	0.0	3	819 1807 1160 662
33	21324	0.0	3	9288 6787 3274 1975
34	4590	0.0	3	7 2202 1672 709
35	92	0.0	3	5 5 30 52
36	45	0.0	3	4 0 0 41
37	8	0.0	3	4 2 2
38	3	0.0	3	2 1
39	1	0.0	3	0 1
41	3	0.0	3	1 2
42	4	0.0	3	2 2
44	2	0.0	3	0 2
49	1	0.0	3	0 0 1
50	2	0.0	3	1 0 1
51	2	0.0	3	1 1
56	1	0.0	3	1
58	1	0.0	3	0 0 1
63	1	0.0	3	0 0 0 1
81	1	0.0	3	0 1


=== First read: Adapter 4 ===

Sequence: ACGTTGGATGTTTGTTACTGTTGTGGATACAAC; Type: regular 5'; Length: 33; Trimmed: 7699 times.

No. of allowed errors:
0-9 bp: 0; 10-19 bp: 1; 20-29 bp: 2; 30-33 bp: 3

Overview of removed sequences
length	count	expect	max.err	error counts
3	19	4795.9	0	19
16	1	0.0	1	0 1
19	1	0.0	1	0 0 1
21	2	0.0	2	1 1
22	1	0.0	2	0 1
23	1	0.0	2	0 1
24	12	0.0	2	6 6
25	67	0.0	2	27 32 8
26	41	0.0	2	21 17 3
27	44	0.0	2	21 16 7
28	43	0.0	2	29 11 3
29	58	0.0	2	21 23 13 1
30	101	0.0	3	34 40 17 10
31	225	0.0	3	47 54 68 56
32	726	0.0	3	81 288 184 173
33	5816	0.0	3	2678 1358 1140 640
34	418	0.0	3	1 219 105 93
35	69	0.0	3	0 0 25 44
36	47	0.0	3	0 0 0 47
37	1	0.0	3	1
39	1	0.0	3	0 1
46	1	0.0	3	0 0 1
55	1	0.0	3	1
58	1	0.0	3	1
60	1	0.0	3	0 0 0 1
63	1	0.0	3	1


=== First read: Adapter 5 ===

Sequence: ACGTTGGATGTTTGTTACCGTTGTTGATACTAC; Type: regular 5'; Length: 33; Trimmed: 59174 times.

No. of allowed errors:
0-9 bp: 0; 10-19 bp: 1; 20-29 bp: 2; 30-33 bp: 3

Overview of removed sequences
length	count	expect	max.err	error counts
14	3	0.0	1	2 1
17	2	0.0	1	2
18	1	0.0	1	1
19	4	0.0	1	2 2
20	7	0.0	2	5 2
21	1	0.0	2	0 0 1
23	2	0.0	2	2
24	48	0.0	2	26 19 3
25	152	0.0	2	96 42 14
26	211	0.0	2	124 57 30
27	523	0.0	2	358 134 30 1
28	1249	0.0	2	782 329 132 6
29	1034	0.0	2	470 348 198 18
30	3147	0.0	3	1312 1036 354 445
31	3792	0.0	3	1720 1199 595 278
32	8539	0.0	3	1448 3406 2468 1217
33	38501	0.0	3	21630 10389 4303 2179
34	1831	0.0	3	12 914 555 350
35	75	0.0	3	5 1 34 35
36	19	0.0	3	1 1 0 17
37	6	0.0	3	5 1
38	2	0.0	3	1 0 0 1
39	4	0.0	3	2 1 0 1
40	3	0.0	3	0 2 1
41	5	0.0	3	3 2
42	3	0.0	3	1 0 1 1
43	2	0.0	3	2
44	2	0.0	3	1 0 0 1
45	1	0.0	3	0 1
47	1	0.0	3	1
49	1	0.0	3	0 0 0 1
53	1	0.0	3	0 0 1
54	1	0.0	3	0 1
60	1	0.0	3	0 1


=== First read: Adapter 6 ===

Sequence: ACGTTGGATGAATATATGTGTGCTTATTTG; Type: regular 5'; Length: 30; Trimmed: 69 times.

No. of allowed errors:
0-9 bp: 0; 10-19 bp: 1; 20-29 bp: 2; 30 bp: 3

Overview of removed sequences
length	count	expect	max.err	error counts
3	52	4795.9	0	52
4	14	1199.0	0	14
5	1	299.7	0	1
30	1	0.0	3	0 1
31	1	0.0	3	0 0 0 1


=== First read: Adapter 7 ===

Sequence: ACGTTGGATGGAAAAATAAACTGCAAATCATATTC; Type: regular 5'; Length: 35; Trimmed: 18437 times.

No. of allowed errors:
0-9 bp: 0; 10-19 bp: 1; 20-29 bp: 2; 30-35 bp: 3

Overview of removed sequences
length	count	expect	max.err	error counts
17	1	0.0	1	1
18	1	0.0	1	1
20	1	0.0	2	0 0 1
22	1	0.0	2	0 0 1
25	1	0.0	2	0 1
26	1	0.0	2	1
27	1	0.0	2	0 1
28	2	0.0	2	0 1 1
29	9	0.0	2	1 5 2 1
30	63	0.0	3	27 20 11 5
31	70	0.0	3	21 17 19 13
32	292	0.0	3	36 20 20 216
33	393	0.0	3	16 24 211 142
34	3480	0.0	3	32 2681 509 258
35	9545	0.0	3	5563 1547 742 1693
36	3951	0.0	3	0 3104 572 275
37	188	0.0	3	0 0 98 90
38	433	0.0	3	0 0 0 433
39	1	0.0	3	0 0 1
40	1	0.0	3	0 0 1
47	1	0.0	3	1
65	1	0.0	3	0 1


=== First read: Adapter 8 ===

Sequence: ACGTTGGATGGAAAAATAAACTGTAAATCATATTC; Type: regular 5'; Length: 35; Trimmed: 3527 times.

No. of allowed errors:
0-9 bp: 0; 10-19 bp: 1; 20-29 bp: 2; 30-35 bp: 3

Overview of removed sequences
length	count	expect	max.err	error counts
29	2	0.0	2	0 0 1 1
30	7	0.0	3	3 0 0 4
31	2	0.0	3	0 1 0 1
32	376	0.0	3	0 0 0 376
33	106	0.0	3	0 3 44 59
34	986	0.0	3	0 620 111 255
35	1649	0.0	3	243 391 272 743
36	253	0.0	3	0 37 120 96
37	111	0.0	3	0 0 28 83
38	35	0.0	3	0 0 0 35


=== First read: Adapter 9 ===

Sequence: ACGTTGGATGGAAAAATAAATTGTAAATCATACTC; Type: regular 5'; Length: 35; Trimmed: 109932 times.

No. of allowed errors:
0-9 bp: 0; 10-19 bp: 1; 20-29 bp: 2; 30-35 bp: 3

Overview of removed sequences
length	count	expect	max.err	error counts
20	1	0.0	2	1
22	1	0.0	2	1
27	10	0.0	2	7 3
28	5	0.0	2	5
29	9	0.0	2	7 2
30	129	0.0	3	75 34 9 11
31	403	0.0	3	283 79 35 6
32	418	0.0	3	235 98 32 53
33	1217	0.0	3	390 256 349 222
34	8814	0.0	3	4309 2858 1121 526
35	93457	0.0	3	65098 17757 7030 3572
36	255	0.0	3	23 118 56 58
37	274	0.0	3	44 9 22 199
38	4813	0.0	3	16 4 2 4791
39	27	0.0	3	21 3 3
40	7	0.0	3	6 0 1
41	4	0.0	3	3 1
42	6	0.0	3	3 2 1
43	18	0.0	3	9 7 2
44	6	0.0	3	3 2 1
45	6	0.0	3	3 1 1 1
46	13	0.0	3	8 4 1
47	9	0.0	3	5 2 2
48	3	0.0	3	2 1
49	1	0.0	3	1
50	2	0.0	3	1 0 0 1
51	7	0.0	3	5 2
52	3	0.0	3	1 0 1 1
53	3	0.0	3	1 2
54	3	0.0	3	2 0 0 1
55	2	0.0	3	1 0 1
56	4	0.0	3	2 1 0 1
61	1	0.0	3	1
62	1	0.0	3	0 0 0 1


=== First read: Adapter 10 ===

Sequence: ACGTTGGATGAGATTAGGGAAAGTATTAGA; Type: regular 5'; Length: 30; Trimmed: 27 times.

No. of allowed errors:
0-9 bp: 0; 10-19 bp: 1; 20-29 bp: 2; 30 bp: 3

Overview of removed sequences
length	count	expect	max.err	error counts
3	26	4795.9	0	26
5	1	299.7	0	1


=== First read: Adapter 11 ===

Sequence: ACGTTGGATGGAAAAATAAATTGTAAATCAAATTC; Type: regular 5'; Length: 35; Trimmed: 5111 times.

No. of allowed errors:
0-9 bp: 0; 10-19 bp: 1; 20-29 bp: 2; 30-35 bp: 3

Overview of removed sequences
length	count	expect	max.err	error counts
30	3	0.0	3	1 0 1 1
31	4	0.0	3	2 1 0 1
32	13	0.0	3	2 2 0 9
33	12	0.0	3	3 1 4 4
34	134	0.0	3	20 57 26 31
35	4034	0.0	3	2814 750 312 158
36	50	0.0	3	0 21 14 15
37	76	0.0	3	0 0 16 60
38	782	0.0	3	0 0 0 782
39	1	0.0	3	0 0 0 1
46	1	0.0	3	1
54	1	0.0	3	1


=== First read: Adapter 12 ===

Sequence: ACGTTGGATGGAAAAATAAACTGTAAATCATATTCCT; Type: regular 5'; Length: 37; Trimmed: 28117 times.

No. of allowed errors:
0-9 bp: 0; 10-19 bp: 1; 20-29 bp: 2; 30-37 bp: 3

Overview of removed sequences
length	count	expect	max.err	error counts
3	11	4795.9	0	11
4	1	1199.0	0	1
20	1	0.0	2	0 1
25	1	0.0	2	1
27	3	0.0	2	1 2
28	1	0.0	2	1
29	1	0.0	2	0 1
30	4	0.0	3	1 1 1 1
31	16	0.0	3	1 7 5 3
32	47	0.0	3	3 24 11 9
33	34	0.0	3	1 17 8 8
34	151	0.0	3	8 18 30 95
35	1843	0.0	3	2 44 1409 388
36	11700	0.0	3	14 5187 2705 3794
37	10306	0.0	3	2042 4965 1812 1487
38	1218	0.0	3	0 180 671 367
39	2644	0.0	3	0 1 835 1808
40	131	0.0	3	0 0 3 128
43	1	0.0	3	0 0 1
54	1	0.0	3	0 1
55	1	0.0	3	0 0 1
62	1	0.0	3	0 1


=== Second read: Adapter 13 ===

Sequence: ACGTTGGATGTTTGTTACTATGGTAGATACCACAC; Type: regular 5'; Length: 35; Trimmed: 5267 times.

No. of allowed errors:
0-9 bp: 0; 10-19 bp: 1; 20-29 bp: 2; 30-35 bp: 3

Overview of removed sequences
length	count	expect	max.err	error counts
3	10	4795.9	0	10
4	15	1199.0	0	15
10	1	0.3	1	1
25	1	0.0	2	0 1
26	2	0.0	2	0 2
27	2	0.0	2	0 1 0 1
28	3	0.0	2	0 1 2
29	8	0.0	2	3 0 2 3
30	15	0.0	3	1 2 6 6
31	23	0.0	3	2 9 6 6
32	49	0.0	3	0 5 9 35
33	423	0.0	3	1 6 183 233
34	531	0.0	3	3 120 164 244
35	3132	0.0	3	591 1053 852 636
36	476	0.0	3	0 131 179 166
37	177	0.0	3	0 0 87 90
38	388	0.0	3	0 0 0 388
39	1	0.0	3	0 0 1
43	1	0.0	3	0 0 1
45	1	0.0	3	0 0 0 1
47	1	0.0	3	0 1
52	1	0.0	3	1
53	1	0.0	3	0 0 0 1
55	3	0.0	3	0 2 1
57	1	0.0	3	0 1
60	1	0.0	3	0 0 1


=== Second read: Adapter 14 ===

Sequence: ACGTTGGATGTTTGTTACTGTGGTGGATACTAC; Type: regular 5'; Length: 33; Trimmed: 47544 times.

No. of allowed errors:
0-9 bp: 0; 10-19 bp: 1; 20-29 bp: 2; 30-33 bp: 3

Overview of removed sequences
length	count	expect	max.err	error counts
3	12	4795.9	0	12
5	3	299.7	0	3
16	1	0.0	1	0 1
17	1	0.0	1	0 1
19	2	0.0	1	2
20	7	0.0	2	3 4
21	2	0.0	2	0 0 2
22	6	0.0	2	1 2 3
23	5	0.0	2	2 3
24	25	0.0	2	12 6 7
25	46	0.0	2	6 21 19
26	97	0.0	2	40 33 24
27	143	0.0	2	71 50 21 1
28	233	0.0	2	106 67 57 3
29	352	0.0	2	87 139 115 11
30	1769	0.0	3	129 209 163 1268
31	2729	0.0	3	420 306 687 1316
32	7345	0.0	3	216 2335 2658 2136
33	28158	0.0	3	10880 9269 5078 2931
34	6157	0.0	3	2 2639 2261 1255
35	92	0.0	3	6 4 28 54
36	66	0.0	3	1 2 2 61
37	6	0.0	3	1 2 0 3
38	8	0.0	3	0 1 2 5
39	13	0.0	3	0 2 3 8
40	10	0.0	3	1 3 2 4
41	46	0.0	3	8 19 9 10
42	35	0.0	3	11 7 8 9
43	14	0.0	3	2 2 2 8
44	20	0.0	3	4 8 2 6
45	10	0.0	3	2 2 3 3
46	16	0.0	3	1 5 4 6
47	8	0.0	3	2 1 3 2
48	16	0.0	3	1 0 11 4
49	23	0.0	3	7 5 5 6
50	15	0.0	3	0 5 4 6
51	14	0.0	3	2 4 4 4
52	13	0.0	3	2 3 5 3
53	9	0.0	3	5 2 2
54	5	0.0	3	1 1 2 1
55	6	0.0	3	1 2 1 2
56	3	0.0	3	0 0 1 2
57	1	0.0	3	0 1
58	1	0.0	3	0 1
63	1	0.0	3	0 1


=== Second read: Adapter 15 ===

Sequence: ACGTTGGATGTTTGTTACTGTTGTGGATACAAC; Type: regular 5'; Length: 33; Trimmed: 13187 times.

No. of allowed errors:
0-9 bp: 0; 10-19 bp: 1; 20-29 bp: 2; 30-33 bp: 3

Overview of removed sequences
length	count	expect	max.err	error counts
3	532	4795.9	0	532
4	1	1199.0	0	1
5	3	299.7	0	3
24	2	0.0	2	0 0 2
25	3	0.0	2	0 2 1
26	5	0.0	2	1 3 1
27	8	0.0	2	2 3 3
28	19	0.0	2	7 3 9
29	28	0.0	2	10 9 9
30	82	0.0	3	21 16 15 30
31	413	0.0	3	32 21 112 248
32	2056	0.0	3	34 701 590 731
33	8772	0.0	3	2305 2037 2899 1531
34	837	0.0	3	0 277 276 284
35	109	0.0	3	0 0 32 77
36	132	0.0	3	0 0 0 132
40	12	0.0	3	1 2 5 4
41	34	0.0	3	6 13 7 8
42	24	0.0	3	8 5 6 5
43	9	0.0	3	1 1 3 4
44	10	0.0	3	5 2 3
45	6	0.0	3	1 1 2 2
46	6	0.0	3	2 1 2 1
47	7	0.0	3	0 0 3 4
48	7	0.0	3	1 1 1 4
49	9	0.0	3	3 4 1 1
50	5	0.0	3	2 2 0 1
51	11	0.0	3	3 3 2 3
52	10	0.0	3	4 4 1 1
53	15	0.0	3	5 4 4 2
54	3	0.0	3	0 1 1 1
55	3	0.0	3	2 1
56	4	0.0	3	2 1 0 1
57	3	0.0	3	0 0 3
60	2	0.0	3	0 1 1
64	3	0.0	3	0 2 0 1
65	1	0.0	3	1
66	1	0.0	3	0 1


=== Second read: Adapter 16 ===

Sequence: ACGTTGGATGTTTGTTACCGTTGTTGATACTAC; Type: regular 5'; Length: 33; Trimmed: 62719 times.

No. of allowed errors:
0-9 bp: 0; 10-19 bp: 1; 20-29 bp: 2; 30-33 bp: 3

Overview of removed sequences
length	count	expect	max.err	error counts
12	1	0.0	1	0 1
14	1	0.0	1	1
16	1	0.0	1	0 1
19	3	0.0	1	2 1
21	2	0.0	2	0 1 1
23	1	0.0	2	0 1
24	17	0.0	2	12 2 3
25	24	0.0	2	9 9 6
26	65	0.0	2	24 30 11
27	151	0.0	2	77 45 29
28	455	0.0	2	195 141 116 3
29	600	0.0	2	193 212 178 17
30	2060	0.0	3	254 352 270 1184
31	2155	0.0	3	742 533 453 427
32	10946	0.0	3	493 3664 3895 2894
33	43135	0.0	3	20388 12472 6633 3642
34	2797	0.0	3	4 1061 995 737
35	134	0.0	3	3 3 69 59
36	46	0.0	3	1 2 0 43
37	4	0.0	3	1 1 2
38	3	0.0	3	0 1 1 1
39	3	0.0	3	0 2 0 1
40	14	0.0	3	2 1 7 4
41	33	0.0	3	10 7 8 8
42	13	0.0	3	6 3 2 2
43	3	0.0	3	0 0 2 1
44	9	0.0	3	4 2 1 2
45	3	0.0	3	0 2 0 1
46	2	0.0	3	1 0 0 1
47	3	0.0	3	0 0 1 2
48	1	0.0	3	0 1
49	11	0.0	3	3 4 1 3
50	3	0.0	3	2 1
51	5	0.0	3	1 2 1 1
52	1	0.0	3	0 0 0 1
53	1	0.0	3	0 0 1
54	3	0.0	3	1 0 0 2
55	5	0.0	3	2 1 1 1
56	1	0.0	3	0 0 1
59	1	0.0	3	0 0 1
61	1	0.0	3	0 0 0 1
80	1	0.0	3	0 0 1
85	1	0.0	3	0 1


=== Second read: Adapter 17 ===

Sequence: ACGTTGGATGAATATATGTGTGCTTATTTG; Type: regular 5'; Length: 30; Trimmed: 296 times.

No. of allowed errors:
0-9 bp: 0; 10-19 bp: 1; 20-29 bp: 2; 30 bp: 3

Overview of removed sequences
length	count	expect	max.err	error counts
3	272	4795.9	0	272
4	13	1199.0	0	13
5	5	299.7	0	5
6	5	74.9	0	5
8	1	4.7	0	1


=== Second read: Adapter 18 ===

Sequence: ACGTTGGATGTTTGTTACTAAGGTAGATACCACTC; Type: regular 5'; Length: 35; Trimmed: 4460 times.

No. of allowed errors:
0-9 bp: 0; 10-19 bp: 1; 20-29 bp: 2; 30-35 bp: 3

Overview of removed sequences
length	count	expect	max.err	error counts
3	5	4795.9	0	5
4	3	1199.0	0	3
15	1	0.0	1	1
24	1	0.0	2	1
25	1	0.0	2	1
26	2	0.0	2	1 0 1
28	6	0.0	2	2 1 3
29	4	0.0	2	1 1 1 1
30	8	0.0	3	1 1 4 2
31	27	0.0	3	10 6 5 6
32	25	0.0	3	4 7 3 11
33	232	0.0	3	12 6 63 151
34	449	0.0	3	18 161 133 137
35	3345	0.0	3	1474 923 556 392
36	200	0.0	3	1 84 72 43
37	117	0.0	3	0 0 57 60
38	21	0.0	3	0 0 0 21
41	1	0.0	3	0 0 0 1
42	1	0.0	3	0 0 1
43	6	0.0	3	3 0 1 2
44	2	0.0	3	1 0 1
45	1	0.0	3	0 1
55	1	0.0	3	0 0 1
57	1	0.0	3	0 0 0 1


=== Second read: Adapter 19 ===

Sequence: ACGTTGGATGGAAAAATAAACTGCAAATCATATTC; Type: regular 5'; Length: 35; Trimmed: 7403 times.

No. of allowed errors:
0-9 bp: 0; 10-19 bp: 1; 20-29 bp: 2; 30-35 bp: 3

Overview of removed sequences
length	count	expect	max.err	error counts
3	24	4795.9	0	24
4	1	1199.0	0	1
11	1	0.1	1	1
16	1	0.0	1	0 1
17	1	0.0	1	1
19	2	0.0	1	2
21	1	0.0	2	1
27	1	0.0	2	0 0 1
28	1	0.0	2	0 0 1
29	4	0.0	2	0 1 1 2
30	15	0.0	3	4 6 3 2
31	25	0.0	3	3 6 7 9
32	84	0.0	3	3 5 7 69
33	168	0.0	3	7 13 76 72
34	1528	0.0	3	10 833 385 300
35	4060	0.0	3	1615 923 681 841
36	1085	0.0	3	0 600 275 210
37	87	0.0	3	0 0 49 38
38	298	0.0	3	0 1 0 297
39	1	0.0	3	1
42	1	0.0	3	0 1
43	2	0.0	3	1 1
44	2	0.0	3	0 0 2
46	2	0.0	3	0 1 0 1
47	1	0.0	3	1
48	2	0.0	3	2
50	2	0.0	3	1 1
51	1	0.0	3	0 1
55	1	0.0	3	0 1
56	1	0.0	3	0 1


=== Second read: Adapter 20 ===

Sequence: ACGTTGGATGAGATTAGGGAAAGTATTAGA; Type: regular 5'; Length: 30; Trimmed: 34 times.

No. of allowed errors:
0-9 bp: 0; 10-19 bp: 1; 20-29 bp: 2; 30 bp: 3

Overview of removed sequences
length	count	expect	max.err	error counts
3	32	4795.9	0	32
4	2	1199.0	0	2


=== Second read: Adapter 21 ===

Sequence: ACGTTGGATGGAAAAATAAATTGTAAATCATACTC; Type: regular 5'; Length: 35; Trimmed: 75304 times.

No. of allowed errors:
0-9 bp: 0; 10-19 bp: 1; 20-29 bp: 2; 30-35 bp: 3

Overview of removed sequences
length	count	expect	max.err	error counts
5	1	299.7	0	1
14	1	0.0	1	0 1
19	1	0.0	1	1
21	1	0.0	2	1
27	1	0.0	2	1
28	1	0.0	2	1
29	3	0.0	2	1 1 0 1
30	23	0.0	3	11 3 6 3
31	147	0.0	3	56 47 27 17
32	156	0.0	3	42 36 22 56
33	718	0.0	3	167 112 201 238
34	3402	0.0	3	724 1221 806 651
35	68541	0.0	3	35152 17238 9783 6368
36	191	0.0	3	17 65 54 55
37	81	0.0	3	18 6 16 41
38	1753	0.0	3	5 3 4 1741
39	12	0.0	3	4 2 3 3
40	8	0.0	3	4 3 1
41	8	0.0	3	5 2 1
42	17	0.0	3	7 6 2 2
43	46	0.0	3	21 12 8 5
44	41	0.0	3	23 5 5 8
45	19	0.0	3	7 6 6
46	22	0.0	3	9 4 4 5
47	15	0.0	3	8 4 3
48	8	0.0	3	2 3 2 1
49	10	0.0	3	2 3 3 2
50	13	0.0	3	4 3 2 4
51	13	0.0	3	7 3 1 2
52	10	0.0	3	7 0 1 2
53	9	0.0	3	5 1 0 3
54	14	0.0	3	7 3 3 1
55	3	0.0	3	0 0 3
56	6	0.0	3	3 1 1 1
57	4	0.0	3	2 2
58	1	0.0	3	1
60	1	0.0	3	1
61	1	0.0	3	1
65	1	0.0	3	0 1
67	1	0.0	3	1


=== Second read: Adapter 22 ===

Sequence: ACGTTGGATGGAAAAATAAACTGTAAATCATATTCCT; Type: regular 5'; Length: 37; Trimmed: 14874 times.

No. of allowed errors:
0-9 bp: 0; 10-19 bp: 1; 20-29 bp: 2; 30-37 bp: 3

Overview of removed sequences
length	count	expect	max.err	error counts
3	249	4795.9	0	249
4	271	1199.0	0	271
5	1	299.7	0	1
13	1	0.0	1	0 1
16	1	0.0	1	0 1
18	1	0.0	1	0 0 1
20	2	0.0	2	0 0 2
21	2	0.0	2	1 1
22	1	0.0	2	0 0 1
29	1	0.0	2	0 1
30	1	0.0	3	0 0 0 1
31	9	0.0	3	0 2 4 3
32	17	0.0	3	1 5 7 4
33	14	0.0	3	0 1 9 4
34	130	0.0	3	2 7 16 105
35	1148	0.0	3	1 18 663 466
36	5692	0.0	3	2 1693 2170 1827
37	5217	0.0	3	832 2041 1303 1041
38	518	0.0	3	0 86 257 175
39	1499	0.0	3	0 0 426 1073
40	59	0.0	3	0 0 0 59
44	5	0.0	3	0 0 1 4
45	10	0.0	3	1 1 4 4
46	4	0.0	3	0 0 4
47	3	0.0	3	0 0 2 1
48	1	0.0	3	0 1
49	4	0.0	3	0 3 0 1
50	1	0.0	3	1
51	3	0.0	3	0 3
52	2	0.0	3	0 0 0 2
53	1	0.0	3	0 0 0 1
54	1	0.0	3	0 0 0 1
55	3	0.0	3	0 1 2
57	2	0.0	3	0 1 1


=== Second read: Adapter 23 ===

Sequence: ACGTTGGATGGAAAAATAAACTGTAAATCATATTC; Type: regular 5'; Length: 35; Trimmed: 1761 times.

No. of allowed errors:
0-9 bp: 0; 10-19 bp: 1; 20-29 bp: 2; 30-35 bp: 3

Overview of removed sequences
length	count	expect	max.err	error counts
17	1	0.0	1	0 1
18	1	0.0	1	1
22	2	0.0	2	0 2
29	1	0.0	2	1
30	2	0.0	3	0 0 0 2
31	8	0.0	3	0 1 1 6
32	234	0.0	3	0 0 0 234
33	42	0.0	3	0 0 16 26
34	432	0.0	3	0 132 67 233
35	814	0.0	3	108 149 136 421
36	183	0.0	3	0 9 92 82
37	26	0.0	3	0 0 9 17
38	11	0.0	3	0 0 0 11
41	1	0.0	3	0 0 0 1
43	1	0.0	3	0 0 1
47	1	0.0	3	0 1
52	1	0.0	3	0 0 0 1


=== Second read: Adapter 24 ===

Sequence: ACGTTGGATGGAAAAATAAATTGTAAATCAAATTC; Type: regular 5'; Length: 35; Trimmed: 2996 times.

No. of allowed errors:
0-9 bp: 0; 10-19 bp: 1; 20-29 bp: 2; 30-35 bp: 3

Overview of removed sequences
length	count	expect	max.err	error counts
6	4	74.9	0	4
20	1	0.0	2	1
22	2	0.0	2	0 1 1
28	1	0.0	2	0 0 0 1
30	2	0.0	3	1 0 0 1
31	4	0.0	3	1 2 1
32	5	0.0	3	0 1 0 4
33	17	0.0	3	1 0 8 8
34	134	0.0	3	6 73 26 29
35	2308	0.0	3	1211 533 365 199
36	45	0.0	3	0 23 13 9
37	55	0.0	3	0 0 21 34
38	412	0.0	3	0 0 0 412
46	1	0.0	3	0 0 0 1
49	1	0.0	3	1
50	1	0.0	3	0 1
51	1	0.0	3	1
52	2	0.0	3	2
