This is cutadapt 2.6 with Python 3.7.3
Command line parameters: -g ACGTTGGATGTTTGTTACTATGGTAGATACCACAC -g ACGTTGGATGTTTGTTACTAAGGTAGATACCACTC -g ACGTTGGATGTTTGTTACTGTGGTGGATACTAC -g ACGTTGGATGTTTGTTACTGTTGTGGATACAAC -g ACGTTGGATGTTTGTTACCGTTGTTGATACTAC -g ACGTTGGATGAATATATGTGTGCTTATTTG -G ACGTTGGATGTTTGTTACTATGGTAGATACCACAC -G ACGTTGGATGTTTGTTACTGTGGTGGATACTAC -G ACGTTGGATGTTTGTTACTGTTGTGGATACAAC -G ACGTTGGATGTTTGTTACCGTTGTTGATACTAC -G ACGTTGGATGAATATATGTGTGCTTATTTG -G ACGTTGGATGTTTGTTACTAAGGTAGATACCACTC -g ACGTTGGATGGAAAAATAAACTGCAAATCATATTC -g ACGTTGGATGGAAAAATAAACTGTAAATCATATTC -g ACGTTGGATGGAAAAATAAATTGTAAATCATACTC -g ACGTTGGATGAGATTAGGGAAAGTATTAGA -g ACGTTGGATGGAAAAATAAATTGTAAATCAAATTC -g ACGTTGGATGGAAAAATAAACTGTAAATCATATTCCT -G ACGTTGGATGGAAAAATAAACTGCAAATCATATTC -G ACGTTGGATGAGATTAGGGAAAGTATTAGA -G ACGTTGGATGGAAAAATAAATTGTAAATCATACTC -G ACGTTGGATGGAAAAATAAACTGTAAATCATATTCCT -G ACGTTGGATGGAAAAATAAACTGTAAATCATATTC -G ACGTTGGATGGAAAAATAAATTGTAAATCAAATTC --minimum-length=1 -o /data/projects/mdc-971/reprocess_June_2019_data/analysis/30.primer_trimmed/180467_S79_cutadapt.1.fq.gz -p /data/projects/mdc-971/reprocess_June_2019_data/analysis/30.primer_trimmed/180467_S79_cutadapt.2.fq.gz /data/projects/mdc-971/reprocess_June_2019_data/analysis/20.adapter_trimmed/180467_S79_R1_001.bbduked.trimmed.fastq.gz /data/projects/mdc-971/reprocess_June_2019_data/analysis/20.adapter_trimmed/180467_S79_R2_001.bbduked.trimmed.fastq.gz
Processing reads on 1 core in paired-end mode ...
Finished in 270.16 s (379 us/read; 0.16 M reads/minute).

=== Summary ===

Total read pairs processed:            712,261
  Read 1 with adapter:                 629,629 (88.4%)
  Read 2 with adapter:                 502,010 (70.5%)
Pairs that were too short:                   0 (0.0%)
Pairs written (passing filters):       712,261 (100.0%)

Total basepairs processed:   208,374,215 bp
  Read 1:   101,535,173 bp
  Read 2:   106,839,042 bp
Total written (filtered):    169,462,758 bp (81.3%)
  Read 1:    79,734,072 bp
  Read 2:    89,728,686 bp

=== First read: Adapter 1 ===

Sequence: ACGTTGGATGTTTGTTACTATGGTAGATACCACAC; Type: regular 5'; Length: 35; Trimmed: 43249 times.

No. of allowed errors:
0-9 bp: 0; 10-19 bp: 1; 20-29 bp: 2; 30-35 bp: 3

Overview of removed sequences
length	count	expect	max.err	error counts
3	8	11129.1	0	8
4	4	2782.3	0	4
12	1	0.0	1	0 1
13	1	0.0	1	0 1
14	2	0.0	1	0 2
18	1	0.0	1	0 1
19	1	0.0	1	0 0 1
20	3	0.0	2	1 1 1
21	3	0.0	2	1 1 1
22	7	0.0	2	3 3 1
23	6	0.0	2	4 2
24	1	0.0	2	0 0 1
25	8	0.0	2	1 3 4
26	30	0.0	2	10 4 16
27	56	0.0	2	21 18 17
28	96	0.0	2	34 22 20 20
29	179	0.0	2	59 74 30 16
30	255	0.0	3	98 62 49 46
31	174	0.0	3	30 56 53 35
32	539	0.0	3	41 68 112 318
33	2221	0.0	3	36 104 1065 1016
34	7880	0.0	3	71 3858 2399 1552
35	20485	0.0	3	7662 6552 4005 2266
36	4619	0.0	3	2 2130 1545 942
37	2095	0.0	3	0 2 1379 714
38	4561	0.0	3	0 0 1 4560
39	7	0.0	3	0 0 0 7
40	1	0.0	3	0 0 0 1
44	1	0.0	3	0 0 0 1
50	1	0.0	3	0 0 1
51	1	0.0	3	0 1
53	1	0.0	3	0 1
67	1	0.0	3	0 0 0 1


=== First read: Adapter 2 ===

Sequence: ACGTTGGATGTTTGTTACTAAGGTAGATACCACTC; Type: regular 5'; Length: 35; Trimmed: 29121 times.

No. of allowed errors:
0-9 bp: 0; 10-19 bp: 1; 20-29 bp: 2; 30-35 bp: 3

Overview of removed sequences
length	count	expect	max.err	error counts
3	6	11129.1	0	6
4	2	2782.3	0	2
15	2	0.0	1	2
18	1	0.0	1	0 1
20	3	0.0	2	2 1
21	2	0.0	2	1 0 1
22	8	0.0	2	2 4 2
23	3	0.0	2	2 0 1
25	4	0.0	2	0 3 1
26	48	0.0	2	17 27 4
27	66	0.0	2	32 26 8
28	90	0.0	2	33 36 20 1
29	141	0.0	2	56 54 30 1
30	348	0.0	3	190 99 34 25
31	298	0.0	3	106 105 49 38
32	476	0.0	3	163 166 81 66
33	905	0.0	3	159 188 332 226
34	5974	0.0	3	224 3633 1330 787
35	17928	0.0	3	11045 3821 1947 1115
36	1254	0.0	3	7 577 389 281
37	1378	0.0	3	0 0 913 465
38	165	0.0	3	1 0 0 164
39	4	0.0	3	1 1 0 2
42	2	0.0	3	1 0 0 1
43	1	0.0	3	0 0 1
44	1	0.0	3	1
45	2	0.0	3	0 1 1
46	2	0.0	3	1 1
48	1	0.0	3	0 1
51	1	0.0	3	0 0 1
55	2	0.0	3	2
57	1	0.0	3	0 0 0 1
60	1	0.0	3	0 0 1
64	1	0.0	3	0 0 0 1


=== First read: Adapter 3 ===

Sequence: ACGTTGGATGTTTGTTACTGTGGTGGATACTAC; Type: regular 5'; Length: 33; Trimmed: 89532 times.

No. of allowed errors:
0-9 bp: 0; 10-19 bp: 1; 20-29 bp: 2; 30-33 bp: 3

Overview of removed sequences
length	count	expect	max.err	error counts
3	4	11129.1	0	4
4	2	2782.3	0	2
12	1	0.0	1	1
14	5	0.0	1	3 2
15	3	0.0	1	2 1
16	8	0.0	1	6 2
17	3	0.0	1	0 3
18	4	0.0	1	2 2
19	13	0.0	1	6 4 3
20	37	0.0	2	25 10 2
21	32	0.0	2	19 11 2
22	36	0.0	2	10 22 4
23	26	0.0	2	11 7 8
24	189	0.0	2	81 77 31
25	713	0.0	2	313 272 128
26	1038	0.0	2	393 406 239
27	1185	0.0	2	520 483 177 5
28	1539	0.0	2	421 747 350 21
29	2195	0.0	2	198 1249 665 83
30	3711	0.0	3	428 1073 651 1559
31	6768	0.0	3	385 1852 2507 2024
32	10424	0.0	3	368 4144 3603 2309
33	28287	0.0	3	9798 8990 5952 3547
34	32362	0.0	3	3 16094 11370 4895
35	721	0.0	3	7 9 293 412
36	129	0.0	3	1 10 8 110
37	11	0.0	3	4 4 2 1
38	19	0.0	3	0 9 8 2
39	9	0.0	3	0 5 1 3
40	5	0.0	3	0 4 1
41	1	0.0	3	1
42	6	0.0	3	0 1 4 1
43	12	0.0	3	0 8 1 3
44	6	0.0	3	2 0 2 2
45	7	0.0	3	0 3 3 1
46	1	0.0	3	0 0 0 1
47	2	0.0	3	0 1 0 1
48	2	0.0	3	0 0 1 1
49	2	0.0	3	1 1
50	3	0.0	3	0 2 0 1
51	1	0.0	3	0 0 1
52	2	0.0	3	0 0 2
53	2	0.0	3	1 1
57	1	0.0	3	0 1
58	1	0.0	3	0 1
62	1	0.0	3	1
64	3	0.0	3	3


=== First read: Adapter 4 ===

Sequence: ACGTTGGATGTTTGTTACTGTTGTGGATACAAC; Type: regular 5'; Length: 33; Trimmed: 39737 times.

No. of allowed errors:
0-9 bp: 0; 10-19 bp: 1; 20-29 bp: 2; 30-33 bp: 3

Overview of removed sequences
length	count	expect	max.err	error counts
3	56	11129.1	0	56
13	1	0.0	1	1
14	2	0.0	1	1 1
15	1	0.0	1	1
16	1	0.0	1	0 1
18	1	0.0	1	0 1
19	1	0.0	1	0 1
20	3	0.0	2	1 2
21	4	0.0	2	1 1 2
22	3	0.0	2	1 1 1
23	4	0.0	2	3 1
24	58	0.0	2	29 22 7
25	333	0.0	2	139 141 53
26	273	0.0	2	168 85 20
27	196	0.0	2	97 77 22
28	344	0.0	2	169 116 55 4
29	234	0.0	2	88 80 56 10
30	449	0.0	3	140 155 87 67
31	990	0.0	3	131 189 317 353
32	4140	0.0	3	252 1879 908 1101
33	29414	0.0	3	14579 7233 5302 2300
34	2461	0.0	3	8 1199 704 550
35	519	0.0	3	0 0 177 342
36	225	0.0	3	0 0 0 225
39	1	0.0	3	1
42	1	0.0	3	0 0 0 1
43	1	0.0	3	0 0 0 1
44	1	0.0	3	1
47	1	0.0	3	0 1
49	2	0.0	3	0 2
51	4	0.0	3	2 1 1
52	1	0.0	3	0 1
53	2	0.0	3	1 0 1
55	2	0.0	3	0 0 0 2
58	1	0.0	3	0 0 1
59	1	0.0	3	0 0 0 1
60	2	0.0	3	2
62	1	0.0	3	0 1
64	1	0.0	3	1
65	1	0.0	3	0 0 0 1
123	1	0.0	3	1


=== First read: Adapter 5 ===

Sequence: ACGTTGGATGTTTGTTACCGTTGTTGATACTAC; Type: regular 5'; Length: 33; Trimmed: 42837 times.

No. of allowed errors:
0-9 bp: 0; 10-19 bp: 1; 20-29 bp: 2; 30-33 bp: 3

Overview of removed sequences
length	count	expect	max.err	error counts
13	1	0.0	1	0 1
14	3	0.0	1	3
15	2	0.0	1	0 2
17	1	0.0	1	1
18	7	0.0	1	2 5
19	6	0.0	1	3 2 1
20	13	0.0	2	10 3
21	7	0.0	2	2 5
22	5	0.0	2	1 4
23	5	0.0	2	0 4 1
24	97	0.0	2	43 39 15
25	263	0.0	2	143 82 38
26	323	0.0	2	150 107 66
27	519	0.0	2	265 181 70 3
28	684	0.0	2	290 231 148 15
29	715	0.0	2	131 317 197 70
30	3535	0.0	3	330 375 239 2591
31	2530	0.0	3	174 444 784 1128
32	12918	0.0	3	159 2308 6979 3472
33	11438	0.0	3	5594 3057 1742 1045
34	8702	0.0	3	1 4802 2745 1154
35	999	0.0	3	0 2 194 803
36	43	0.0	3	0 0 2 41
37	2	0.0	3	1 0 1
38	2	0.0	3	0 0 2
39	1	0.0	3	0 0 0 1
40	2	0.0	3	1 1
41	1	0.0	3	0 0 1
42	4	0.0	3	2 1 0 1
43	1	0.0	3	0 0 1
44	2	0.0	3	0 0 1 1
46	1	0.0	3	0 0 1
48	1	0.0	3	1
50	1	0.0	3	0 1
51	1	0.0	3	1
52	2	0.0	3	0 1 1


=== First read: Adapter 6 ===

Sequence: ACGTTGGATGAATATATGTGTGCTTATTTG; Type: regular 5'; Length: 30; Trimmed: 404 times.

No. of allowed errors:
0-9 bp: 0; 10-19 bp: 1; 20-29 bp: 2; 30 bp: 3

Overview of removed sequences
length	count	expect	max.err	error counts
3	338	11129.1	0	338
4	37	2782.3	0	37
5	3	695.6	0	3
6	1	173.9	0	1
11	1	0.2	1	0 1
29	3	0.0	2	1 0 1 1
30	21	0.0	3	17 1 2 1


=== First read: Adapter 7 ===

Sequence: ACGTTGGATGGAAAAATAAACTGCAAATCATATTC; Type: regular 5'; Length: 35; Trimmed: 113534 times.

No. of allowed errors:
0-9 bp: 0; 10-19 bp: 1; 20-29 bp: 2; 30-35 bp: 3

Overview of removed sequences
length	count	expect	max.err	error counts
3	2	11129.1	0	2
17	1	0.0	1	1
18	5	0.0	1	3 2
20	1	0.0	2	1
21	1	0.0	2	1
22	1	0.0	2	1
23	1	0.0	2	0 1
24	4	0.0	2	0 3 1
25	3	0.0	2	3
26	10	0.0	2	8 2
27	14	0.0	2	9 2 2 1
28	11	0.0	2	3 0 7 1
29	93	0.0	2	15 37 31 10
30	425	0.0	3	203 126 63 33
31	423	0.0	3	158 135 91 39
32	1715	0.0	3	252 171 85 1207
33	2167	0.0	3	132 204 1112 719
34	21219	0.0	3	218 16308 3348 1345
35	60670	0.0	3	42264 10816 4208 3382
36	25312	0.0	3	1 20093 3547 1671
37	1162	0.0	3	1 0 549 612
38	290	0.0	3	0 0 0 290
43	1	0.0	3	0 0 0 1
56	2	0.0	3	2
64	1	0.0	3	0 1


=== First read: Adapter 8 ===

Sequence: ACGTTGGATGGAAAAATAAACTGTAAATCATATTC; Type: regular 5'; Length: 35; Trimmed: 18695 times.

No. of allowed errors:
0-9 bp: 0; 10-19 bp: 1; 20-29 bp: 2; 30-35 bp: 3

Overview of removed sequences
length	count	expect	max.err	error counts
20	1	0.0	2	0 1
24	1	0.0	2	0 0 1
25	1	0.0	2	1
26	1	0.0	2	0 0 1
27	2	0.0	2	0 0 1 1
28	2	0.0	2	0 2
29	4	0.0	2	0 0 3 1
30	19	0.0	3	0 6 5 8
31	21	0.0	3	4 8 1 8
32	2164	0.0	3	5 6 5 2148
33	585	0.0	3	2 23 240 320
34	5546	0.0	3	11 3784 828 923
35	8013	0.0	3	1620 2541 1782 2070
36	1567	0.0	3	0 280 671 616
37	633	0.0	3	0 0 146 487
38	131	0.0	3	0 0 1 130
45	1	0.0	3	0 1
50	2	0.0	3	1 0 0 1
62	1	0.0	3	1


=== First read: Adapter 9 ===

Sequence: ACGTTGGATGGAAAAATAAATTGTAAATCATACTC; Type: regular 5'; Length: 35; Trimmed: 77870 times.

No. of allowed errors:
0-9 bp: 0; 10-19 bp: 1; 20-29 bp: 2; 30-35 bp: 3

Overview of removed sequences
length	count	expect	max.err	error counts
19	1	0.0	1	1
25	2	0.0	2	0 1 1
27	1	0.0	2	1
29	3	0.0	2	0 2 1
30	38	0.0	3	20 12 4 2
31	88	0.0	3	63 21 3 1
32	185	0.0	3	46 17 3 119
33	1205	0.0	3	73 104 646 382
34	4569	0.0	3	1529 2060 690 290
35	70600	0.0	3	49819 12990 4080 3711
36	366	0.0	3	8 126 111 121
37	288	0.0	3	13 3 100 172
38	459	0.0	3	5 4 0 450
39	7	0.0	3	5 2
40	5	0.0	3	4 1
41	3	0.0	3	2 1
42	4	0.0	3	2 1 1
43	5	0.0	3	3 2
44	4	0.0	3	4
45	2	0.0	3	1 1
46	3	0.0	3	2 1
47	3	0.0	3	3
48	2	0.0	3	0 1 0 1
49	1	0.0	3	0 0 1
50	3	0.0	3	3
51	1	0.0	3	1
52	3	0.0	3	3
53	2	0.0	3	1 1
54	3	0.0	3	2 0 1
55	2	0.0	3	1 0 1
56	6	0.0	3	4 2
57	1	0.0	3	0 1
58	1	0.0	3	1
60	1	0.0	3	1
61	1	0.0	3	0 1
62	1	0.0	3	0 0 0 1
65	1	0.0	3	0 1


=== First read: Adapter 10 ===

Sequence: ACGTTGGATGAGATTAGGGAAAGTATTAGA; Type: regular 5'; Length: 30; Trimmed: 48 times.

No. of allowed errors:
0-9 bp: 0; 10-19 bp: 1; 20-29 bp: 2; 30 bp: 3

Overview of removed sequences
length	count	expect	max.err	error counts
3	43	11129.1	0	43
4	2	2782.3	0	2
5	1	695.6	0	1
30	2	0.0	3	2


=== First read: Adapter 11 ===

Sequence: ACGTTGGATGGAAAAATAAATTGTAAATCAAATTC; Type: regular 5'; Length: 35; Trimmed: 35215 times.

No. of allowed errors:
0-9 bp: 0; 10-19 bp: 1; 20-29 bp: 2; 30-35 bp: 3

Overview of removed sequences
length	count	expect	max.err	error counts
23	1	0.0	2	0 1
30	16	0.0	3	11 4 1
31	19	0.0	3	11 5 1 2
32	45	0.0	3	14 4 2 25
33	114	0.0	3	25 13 36 40
34	1034	0.0	3	127 521 238 148
35	33282	0.0	3	23671 6480 2194 937
36	369	0.0	3	2 176 119 72
37	166	0.0	3	3 2 72 89
38	165	0.0	3	1 0 0 164
39	1	0.0	3	0 0 0 1
44	1	0.0	3	1
48	1	0.0	3	0 1
52	1	0.0	3	0 0 0 1


=== First read: Adapter 12 ===

Sequence: ACGTTGGATGGAAAAATAAACTGTAAATCATATTCCT; Type: regular 5'; Length: 37; Trimmed: 139387 times.

No. of allowed errors:
0-9 bp: 0; 10-19 bp: 1; 20-29 bp: 2; 30-37 bp: 3

Overview of removed sequences
length	count	expect	max.err	error counts
3	23	11129.1	0	23
4	5	2782.3	0	5
19	2	0.0	1	0 2
20	3	0.0	2	1 2
21	1	0.0	2	1
22	1	0.0	2	1
25	2	0.0	2	1 0 1
26	1	0.0	2	0 0 1
27	7	0.0	2	3 0 4
28	4	0.0	2	1 2 1
29	5	0.0	2	0 2 2 1
30	21	0.0	3	0 5 9 7
31	121	0.0	3	2 64 41 14
32	223	0.0	3	19 108 66 30
33	261	0.0	3	15 129 87 30
34	554	0.0	3	17 161 135 241
35	9715	0.0	3	15 278 7306 2116
36	45511	0.0	3	59 29854 10042 5556
37	64232	0.0	3	10226 37427 12142 4437
38	7686	0.0	3	0 1051 4346 2289
39	10227	0.0	3	0 0 2504 7723
40	764	0.0	3	0 0 0 764
41	2	0.0	3	0 2
43	1	0.0	3	0 0 0 1
45	2	0.0	3	0 0 2
46	2	0.0	3	0 2
47	2	0.0	3	1 1
48	1	0.0	3	0 1
49	1	0.0	3	0 1
50	1	0.0	3	0 0 0 1
51	2	0.0	3	0 2
54	1	0.0	3	0 0 1
57	2	0.0	3	0 0 1 1
64	1	0.0	3	0 1


=== Second read: Adapter 13 ===

Sequence: ACGTTGGATGTTTGTTACTATGGTAGATACCACAC; Type: regular 5'; Length: 35; Trimmed: 33242 times.

No. of allowed errors:
0-9 bp: 0; 10-19 bp: 1; 20-29 bp: 2; 30-35 bp: 3

Overview of removed sequences
length	count	expect	max.err	error counts
3	28	11129.1	0	28
4	34	2782.3	0	34
18	1	0.0	1	0 1
19	4	0.0	1	0 2 2
21	6	0.0	2	0 5 1
22	3	0.0	2	0 2 1
23	1	0.0	2	1
24	1	0.0	2	0 0 1
25	3	0.0	2	0 0 3
26	8	0.0	2	6 0 2
27	6	0.0	2	2 3 1
28	21	0.0	2	3 4 10 4
29	40	0.0	2	4 11 14 11
30	66	0.0	3	10 14 23 19
31	78	0.0	3	5 14 32 27
32	238	0.0	3	11 19 35 173
33	2765	0.0	3	27 21 1149 1568
34	4752	0.0	3	17 1637 1653 1445
35	16491	0.0	3	3351 4889 4854 3397
36	3592	0.0	3	3 1078 1396 1115
37	2070	0.0	3	0 0 1046 1024
38	2960	0.0	3	0 0 1 2959
39	4	0.0	3	0 0 1 3
42	3	0.0	3	0 0 2 1
43	8	0.0	3	1 4 1 2
44	8	0.0	3	0 1 3 4
45	4	0.0	3	0 1 0 3
46	12	0.0	3	1 2 3 6
47	5	0.0	3	0 1 2 2
48	4	0.0	3	0 1 3
49	1	0.0	3	0 1
50	1	0.0	3	1
51	6	0.0	3	1 1 2 2
52	5	0.0	3	1 0 1 3
54	3	0.0	3	1 1 1
55	5	0.0	3	0 2 2 1
58	1	0.0	3	0 0 0 1
59	1	0.0	3	0 1
60	2	0.0	3	0 0 0 2
67	1	0.0	3	0 0 1


=== Second read: Adapter 14 ===

Sequence: ACGTTGGATGTTTGTTACTGTGGTGGATACTAC; Type: regular 5'; Length: 33; Trimmed: 122525 times.

No. of allowed errors:
0-9 bp: 0; 10-19 bp: 1; 20-29 bp: 2; 30-33 bp: 3

Overview of removed sequences
length	count	expect	max.err	error counts
3	26	11129.1	0	26
4	2	2782.3	0	2
5	6	695.6	0	6
13	1	0.0	1	0 1
14	1	0.0	1	1
15	1	0.0	1	0 1
16	5	0.0	1	1 4
17	6	0.0	1	4 2
18	1	0.0	1	0 1
19	11	0.0	1	2 6 3
20	11	0.0	2	4 2 5
21	11	0.0	2	3 2 6
22	7	0.0	2	1 1 5
23	10	0.0	2	2 3 5
24	35	0.0	2	9 18 8
25	78	0.0	2	17 37 24
26	125	0.0	2	27 50 48
27	166	0.0	2	48 62 54 2
28	252	0.0	2	46 111 82 13
29	442	0.0	2	28 180 200 34
30	6631	0.0	3	69 246 340 5976
31	11508	0.0	3	125 360 3412 7611
32	17102	0.0	3	107 5424 6157 5414
33	32648	0.0	3	10870 10408 6914 4456
34	50499	0.0	3	1 21624 18888 9986
35	894	0.0	3	0 5 365 524
36	242	0.0	3	1 1 2 238
37	12	0.0	3	0 4 5 3
38	43	0.0	3	0 2 5 36
39	80	0.0	3	1 0 25 54
40	76	0.0	3	11 14 18 33
41	238	0.0	3	60 72 58 48
42	236	0.0	3	27 75 60 74
43	119	0.0	3	5 27 50 37
44	135	0.0	3	25 43 39 28
45	141	0.0	3	20 51 35 35
46	91	0.0	3	15 32 23 21
47	71	0.0	3	3 14 22 32
48	74	0.0	3	15 17 14 28
49	100	0.0	3	22 35 13 30
50	55	0.0	3	7 15 15 18
51	82	0.0	3	15 22 15 30
52	68	0.0	3	10 23 20 15
53	52	0.0	3	10 16 15 11
54	49	0.0	3	7 12 14 16
55	29	0.0	3	6 5 9 9
56	10	0.0	3	1 3 3 3
57	10	0.0	3	1 3 2 4
58	6	0.0	3	2 1 1 2
59	2	0.0	3	0 0 1 1
60	5	0.0	3	2 0 1 2
61	3	0.0	3	1 1 1
62	1	0.0	3	0 1
63	6	0.0	3	1 4 1
64	2	0.0	3	1 1
65	2	0.0	3	1 1
66	4	0.0	3	0 2 2
94	1	0.0	3	0 1
95	1	0.0	3	1


=== Second read: Adapter 15 ===

Sequence: ACGTTGGATGTTTGTTACTGTTGTGGATACAAC; Type: regular 5'; Length: 33; Trimmed: 64164 times.

No. of allowed errors:
0-9 bp: 0; 10-19 bp: 1; 20-29 bp: 2; 30-33 bp: 3

Overview of removed sequences
length	count	expect	max.err	error counts
3	1858	11129.1	0	1858
4	4	2782.3	0	4
5	7	695.6	0	7
6	1	173.9	0	1
9	2	2.7	0	2
16	1	0.0	1	1
19	1	0.0	1	0 1
20	1	0.0	2	1
21	6	0.0	2	1 1 4
22	1	0.0	2	0 1
23	1	0.0	2	0 1
24	8	0.0	2	5 0 3
25	20	0.0	2	3 9 8
26	27	0.0	2	8 9 10
27	36	0.0	2	9 17 10
28	54	0.0	2	18 19 15 2
29	88	0.0	2	17 35 31 5
30	211	0.0	3	25 52 51 83
31	2293	0.0	3	60 56 658 1519
32	10474	0.0	3	73 3493 3013 3895
33	41718	0.0	3	10221 9284 14979 7234
34	4766	0.0	3	2 1717 1585 1462
35	710	0.0	3	0 2 175 533
36	387	0.0	3	0 0 0 387
37	1	0.0	3	0 0 0 1
38	1	0.0	3	0 0 1
39	4	0.0	3	0 1 1 2
40	51	0.0	3	14 8 16 13
41	320	0.0	3	86 108 70 56
42	171	0.0	3	46 43 45 37
43	49	0.0	3	9 13 16 11
44	112	0.0	3	27 33 31 21
45	85	0.0	3	26 25 20 14
46	48	0.0	3	8 14 13 13
47	34	0.0	3	9 9 5 11
48	41	0.0	3	8 10 9 14
49	77	0.0	3	17 27 19 14
50	59	0.0	3	15 15 18 11
51	79	0.0	3	10 30 22 17
52	96	0.0	3	31 24 24 17
53	117	0.0	3	32 34 28 23
54	32	0.0	3	6 8 11 7
55	17	0.0	3	5 2 4 6
56	23	0.0	3	6 3 8 6
57	28	0.0	3	13 7 3 5
58	2	0.0	3	1 0 0 1
60	5	0.0	3	3 1 0 1
61	9	0.0	3	3 4 2
62	2	0.0	3	0 1 1
63	7	0.0	3	2 0 4 1
64	10	0.0	3	9 1
65	4	0.0	3	2 0 2
66	2	0.0	3	0 2
85	1	0.0	3	1
93	1	0.0	3	0 1
95	1	0.0	3	0 1


=== Second read: Adapter 16 ===

Sequence: ACGTTGGATGTTTGTTACCGTTGTTGATACTAC; Type: regular 5'; Length: 33; Trimmed: 45560 times.

No. of allowed errors:
0-9 bp: 0; 10-19 bp: 1; 20-29 bp: 2; 30-33 bp: 3

Overview of removed sequences
length	count	expect	max.err	error counts
11	1	0.2	1	0 1
12	1	0.0	1	0 1
13	1	0.0	1	1
14	2	0.0	1	0 2
15	1	0.0	1	1
16	3	0.0	1	0 3
17	4	0.0	1	2 2
18	3	0.0	1	2 1
19	4	0.0	1	3 0 1
20	5	0.0	2	3 2
21	3	0.0	2	1 1 1
22	6	0.0	2	2 2 2
23	2	0.0	2	0 0 2
24	19	0.0	2	7 7 5
25	34	0.0	2	6 16 12
26	77	0.0	2	28 28 21
27	106	0.0	2	45 26 34 1
28	177	0.0	2	53 62 59 3
29	239	0.0	2	34 91 82 32
30	5612	0.0	3	56 126 124 5306
31	2798	0.0	3	91 130 605 1972
32	10437	0.0	3	47 2548 4285 3557
33	11978	0.0	3	5017 3289 2075 1597
34	12667	0.0	3	1 5985 4206 2475
35	849	0.0	3	0 1 232 616
36	82	0.0	3	0 0 0 82
37	4	0.0	3	0 1 0 3
38	13	0.0	3	0 1 1 11
39	9	0.0	3	0 0 1 8
40	45	0.0	3	3 2 19 21
41	63	0.0	3	4 4 23 32
42	50	0.0	3	8 12 18 12
43	36	0.0	3	2 2 16 16
44	24	0.0	3	3 4 10 7
45	27	0.0	3	2 8 11 6
46	21	0.0	3	2 4 7 8
47	14	0.0	3	0 2 2 10
48	21	0.0	3	1 4 7 9
49	21	0.0	3	3 0 5 13
50	22	0.0	3	1 4 5 12
51	9	0.0	3	0 0 3 6
52	9	0.0	3	1 0 1 7
53	10	0.0	3	1 0 5 4
54	19	0.0	3	0 1 7 11
55	9	0.0	3	1 1 2 5
56	9	0.0	3	0 2 1 6
57	2	0.0	3	0 0 0 2
58	2	0.0	3	0 0 0 2
59	2	0.0	3	0 0 1 1
60	1	0.0	3	0 0 0 1
61	2	0.0	3	1 0 0 1
62	1	0.0	3	0 0 0 1
64	1	0.0	3	0 0 1
65	2	0.0	3	1 1
66	1	0.0	3	0 1


=== Second read: Adapter 17 ===

Sequence: ACGTTGGATGAATATATGTGTGCTTATTTG; Type: regular 5'; Length: 30; Trimmed: 714 times.

No. of allowed errors:
0-9 bp: 0; 10-19 bp: 1; 20-29 bp: 2; 30 bp: 3

Overview of removed sequences
length	count	expect	max.err	error counts
3	659	11129.1	0	659
4	36	2782.3	0	36
5	11	695.6	0	11
6	5	173.9	0	5
29	1	0.0	2	0 1
30	2	0.0	3	0 1 0 1


=== Second read: Adapter 18 ===

Sequence: ACGTTGGATGTTTGTTACTAAGGTAGATACCACTC; Type: regular 5'; Length: 35; Trimmed: 26996 times.

No. of allowed errors:
0-9 bp: 0; 10-19 bp: 1; 20-29 bp: 2; 30-35 bp: 3

Overview of removed sequences
length	count	expect	max.err	error counts
3	8	11129.1	0	8
4	3	2782.3	0	3
6	2	173.9	0	2
13	1	0.0	1	1
16	1	0.0	1	1
19	2	0.0	1	0 1 1
20	1	0.0	2	1
21	1	0.0	2	0 0 1
22	2	0.0	2	0 0 2
24	2	0.0	2	0 1 1
25	1	0.0	2	0 0 1
26	6	0.0	2	2 2 2
27	7	0.0	2	4 2 1
28	13	0.0	2	6 3 1 3
29	28	0.0	2	13 7 8
30	77	0.0	3	19 20 22 16
31	115	0.0	3	25 36 32 22
32	188	0.0	3	19 52 45 72
33	1047	0.0	3	76 72 419 480
34	4200	0.0	3	83 1726 1233 1158
35	18035	0.0	3	7606 4886 3388 2155
36	1493	0.0	3	2 565 475 451
37	1592	0.0	3	0 0 851 741
38	89	0.0	3	0 0 0 89
39	1	0.0	3	0 1
41	4	0.0	3	0 1 0 3
42	6	0.0	3	0 1 2 3
43	9	0.0	3	3 0 5 1
44	10	0.0	3	2 4 2 2
45	6	0.0	3	0 2 2 2
46	14	0.0	3	4 4 2 4
47	4	0.0	3	1 2 1
48	3	0.0	3	0 1 1 1
49	3	0.0	3	0 1 0 2
50	2	0.0	3	0 0 1 1
51	1	0.0	3	1
52	1	0.0	3	1
53	3	0.0	3	0 2 1
54	3	0.0	3	1 1 0 1
55	5	0.0	3	2 0 2 1
56	1	0.0	3	1
57	2	0.0	3	0 1 1
58	1	0.0	3	0 0 0 1
59	1	0.0	3	0 1
60	1	0.0	3	1
62	1	0.0	3	1


=== Second read: Adapter 19 ===

Sequence: ACGTTGGATGGAAAAATAAACTGCAAATCATATTC; Type: regular 5'; Length: 35; Trimmed: 50316 times.

No. of allowed errors:
0-9 bp: 0; 10-19 bp: 1; 20-29 bp: 2; 30-35 bp: 3

Overview of removed sequences
length	count	expect	max.err	error counts
3	77	11129.1	0	77
4	3	2782.3	0	3
5	1	695.6	0	1
6	2	173.9	0	2
11	1	0.2	1	1
13	1	0.0	1	0 1
14	1	0.0	1	1
16	1	0.0	1	1
17	2	0.0	1	0 2
18	7	0.0	1	2 5
19	5	0.0	1	2 3
20	2	0.0	2	0 2
22	1	0.0	2	0 0 1
24	1	0.0	2	0 0 1
25	2	0.0	2	0 2
26	3	0.0	2	1 1 1
27	5	0.0	2	3 1 1
28	9	0.0	2	4 2 1 2
29	29	0.0	2	5 9 7 8
30	68	0.0	3	12 21 19 16
31	114	0.0	3	33 32 27 22
32	821	0.0	3	37 49 42 693
33	1043	0.0	3	42 54 479 468
34	12141	0.0	3	54 6723 3226 2138
35	27163	0.0	3	13378 6766 3902 3117
36	7804	0.0	3	0 4461 2002 1341
37	615	0.0	3	0 1 338 276
38	252	0.0	3	0 0 0 252
40	3	0.0	3	0 1 0 2
41	2	0.0	3	0 2
42	6	0.0	3	0 1 5
43	17	0.0	3	6 3 4 4
44	20	0.0	3	3 3 8 6
45	14	0.0	3	0 9 4 1
46	3	0.0	3	0 1 1 1
47	10	0.0	3	2 4 3 1
48	7	0.0	3	1 3 2 1
49	12	0.0	3	0 6 5 1
50	4	0.0	3	1 0 3
51	9	0.0	3	1 3 4 1
52	3	0.0	3	0 3
53	10	0.0	3	2 2 1 5
54	6	0.0	3	1 3 2
55	4	0.0	3	0 2 2
56	3	0.0	3	0 3
57	3	0.0	3	0 3
58	1	0.0	3	0 1
61	1	0.0	3	0 0 0 1
65	2	0.0	3	1 0 1
66	1	0.0	3	0 0 0 1
68	1	0.0	3	0 1


=== Second read: Adapter 20 ===

Sequence: ACGTTGGATGAGATTAGGGAAAGTATTAGA; Type: regular 5'; Length: 30; Trimmed: 62 times.

No. of allowed errors:
0-9 bp: 0; 10-19 bp: 1; 20-29 bp: 2; 30 bp: 3

Overview of removed sequences
length	count	expect	max.err	error counts
3	57	11129.1	0	57
4	3	2782.3	0	3
6	1	173.9	0	1
30	1	0.0	3	0 1


=== Second read: Adapter 21 ===

Sequence: ACGTTGGATGGAAAAATAAATTGTAAATCATACTC; Type: regular 5'; Length: 35; Trimmed: 45073 times.

No. of allowed errors:
0-9 bp: 0; 10-19 bp: 1; 20-29 bp: 2; 30-35 bp: 3

Overview of removed sequences
length	count	expect	max.err	error counts
5	5	695.6	0	5
12	1	0.0	1	1
14	4	0.0	1	4
15	3	0.0	1	1 2
17	1	0.0	1	0 1
18	1	0.0	1	1
19	3	0.0	1	0 3
20	4	0.0	2	3 1
21	4	0.0	2	1 2 1
22	3	0.0	2	2 1
23	1	0.0	2	0 1
25	1	0.0	2	0 1
27	2	0.0	2	0 2
28	1	0.0	2	0 0 1
29	3	0.0	2	0 0 1 2
30	34	0.0	3	17 6 9 2
31	51	0.0	3	25 12 5 9
32	170	0.0	3	6 9 4 151
33	1327	0.0	3	27 25 432 843
34	2542	0.0	3	200 1048 662 632
35	39546	0.0	3	19130 9295 5065 6056
36	542	0.0	3	4 119 154 265
37	253	0.0	3	6 5 59 183
38	159	0.0	3	1 1 1 156
39	2	0.0	3	1 1
40	2	0.0	3	1 1
41	6	0.0	3	1 2 2 1
42	16	0.0	3	5 3 5 3
43	70	0.0	3	24 18 11 17
44	50	0.0	3	16 13 10 11
45	13	0.0	3	4 5 1 3
46	37	0.0	3	15 15 4 3
47	47	0.0	3	23 8 5 11
48	16	0.0	3	8 3 2 3
49	22	0.0	3	9 5 5 3
50	19	0.0	3	6 7 0 6
51	17	0.0	3	9 4 2 2
52	17	0.0	3	7 2 1 7
53	25	0.0	3	10 3 4 8
54	20	0.0	3	8 4 2 6
55	12	0.0	3	4 4 3 1
56	5	0.0	3	2 1 0 2
57	8	0.0	3	5 1 0 2
58	2	0.0	3	1 0 0 1
60	2	0.0	3	0 0 1 1
61	2	0.0	3	1 0 1
63	1	0.0	3	0 0 0 1
66	1	0.0	3	0 1


=== Second read: Adapter 22 ===

Sequence: ACGTTGGATGGAAAAATAAACTGTAAATCATATTCCT; Type: regular 5'; Length: 37; Trimmed: 77852 times.

No. of allowed errors:
0-9 bp: 0; 10-19 bp: 1; 20-29 bp: 2; 30-37 bp: 3

Overview of removed sequences
length	count	expect	max.err	error counts
3	341	11129.1	0	341
4	635	2782.3	0	635
11	1	0.2	1	0 1
14	4	0.0	1	2 2
16	2	0.0	1	0 2
18	1	0.0	1	0 0 1
19	14	0.0	1	0 5 9
20	18	0.0	2	5 6 7
21	6	0.0	2	1 5
22	3	0.0	2	1 0 2
23	5	0.0	2	0 2 3
24	3	0.0	2	1 1 1
25	3	0.0	2	0 1 2
27	2	0.0	2	1 0 1
29	1	0.0	2	0 0 0 1
30	11	0.0	3	0 2 6 3
31	48	0.0	3	0 12 17 19
32	98	0.0	3	4 37 35 22
33	137	0.0	3	8 56 39 34
34	370	0.0	3	6 59 66 239
35	7941	0.0	3	16 92 5005 2828
36	22263	0.0	3	13 11102 6748 4400
37	36266	0.0	3	4567 16650 9718 5331
38	4121	0.0	3	0 570 2028 1523
39	4798	0.0	3	1 1 1209 3587
40	368	0.0	3	0 0 0 368
41	1	0.0	3	0 1
42	1	0.0	3	0 0 0 1
43	6	0.0	3	0 2 1 3
44	26	0.0	3	0 13 9 4
45	75	0.0	3	2 36 22 15
46	28	0.0	3	1 12 7 8
47	12	0.0	3	0 8 2 2
48	24	0.0	3	0 15 6 3
49	30	0.0	3	0 14 8 8
50	28	0.0	3	0 16 6 6
51	27	0.0	3	0 13 10 4
52	24	0.0	3	1 10 11 2
53	11	0.0	3	1 3 3 4
54	21	0.0	3	0 11 8 2
55	28	0.0	3	0 17 6 5
56	15	0.0	3	0 8 5 2
57	7	0.0	3	1 3 1 2
58	10	0.0	3	0 4 4 2
59	3	0.0	3	0 3
60	1	0.0	3	0 1
62	2	0.0	3	0 1 0 1
64	2	0.0	3	0 1 1
66	3	0.0	3	0 3
68	1	0.0	3	0 0 1
69	4	0.0	3	0 1 2 1
70	1	0.0	3	0 0 0 1
71	1	0.0	3	0 0 1


=== Second read: Adapter 23 ===

Sequence: ACGTTGGATGGAAAAATAAACTGTAAATCATATTC; Type: regular 5'; Length: 35; Trimmed: 14227 times.

No. of allowed errors:
0-9 bp: 0; 10-19 bp: 1; 20-29 bp: 2; 30-35 bp: 3

Overview of removed sequences
length	count	expect	max.err	error counts
11	1	0.2	1	0 1
13	1	0.0	1	0 1
14	2	0.0	1	0 2
15	1	0.0	1	1
17	2	0.0	1	0 2
18	6	0.0	1	3 3
19	2	0.0	1	0 2
20	1	0.0	2	0 0 1
21	3	0.0	2	0 1 2
22	2	0.0	2	2
23	2	0.0	2	1 1
24	1	0.0	2	0 1
26	2	0.0	2	0 0 2
27	1	0.0	2	0 0 1
28	1	0.0	2	0 0 0 1
29	3	0.0	2	0 0 0 3
30	11	0.0	3	0 2 2 7
31	27	0.0	3	1 4 2 20
32	2000	0.0	3	0 2 1 1997
33	489	0.0	3	1 4 163 321
34	3948	0.0	3	3 1404 774 1767
35	6119	0.0	3	630 1497 1137 2855
36	1273	0.0	3	0 128 499 646
37	192	0.0	3	0 0 76 116
38	80	0.0	3	0 0 0 80
39	1	0.0	3	0 0 0 1
40	4	0.0	3	0 0 0 4
41	1	0.0	3	0 0 0 1
42	7	0.0	3	0 6 0 1
43	8	0.0	3	0 2 2 4
44	7	0.0	3	1 1 0 5
45	2	0.0	3	0 1 1
46	2	0.0	3	0 0 0 2
47	3	0.0	3	1 0 0 2
48	5	0.0	3	0 2 0 3
49	2	0.0	3	0 1 1
50	2	0.0	3	0 0 1 1
51	3	0.0	3	0 0 1 2
52	3	0.0	3	0 1 1 1
53	3	0.0	3	0 1 1 1
55	2	0.0	3	0 0 2
60	1	0.0	3	0 0 1
66	1	0.0	3	1


=== Second read: Adapter 24 ===

Sequence: ACGTTGGATGGAAAAATAAATTGTAAATCAAATTC; Type: regular 5'; Length: 35; Trimmed: 21279 times.

No. of allowed errors:
0-9 bp: 0; 10-19 bp: 1; 20-29 bp: 2; 30-35 bp: 3

Overview of removed sequences
length	count	expect	max.err	error counts
5	1	695.6	0	1
6	13	173.9	0	13
11	1	0.2	1	0 1
13	2	0.0	1	0 2
17	1	0.0	1	1
18	2	0.0	1	2
19	1	0.0	1	1
20	2	0.0	2	0 1 1
21	8	0.0	2	7 0 1
22	1	0.0	2	0 0 1
26	1	0.0	2	0 0 1
27	1	0.0	2	1
29	2	0.0	2	0 1 0 1
30	9	0.0	3	2 2 4 1
31	25	0.0	3	13 5 6 1
32	52	0.0	3	5 5 2 40
33	97	0.0	3	11 10 32 44
34	1113	0.0	3	74 507 309 223
35	19177	0.0	3	9911 4978 2691 1597
36	359	0.0	3	2 157 107 93
37	260	0.0	3	2 0 137 121
38	73	0.0	3	1 2 0 70
39	2	0.0	3	2
41	1	0.0	3	0 0 0 1
42	5	0.0	3	2 3
43	6	0.0	3	1 2 2 1
44	8	0.0	3	2 2 2 2
45	6	0.0	3	3 2 0 1
46	5	0.0	3	2 0 3
47	10	0.0	3	4 3 2 1
48	4	0.0	3	3 1
49	3	0.0	3	2 1
50	2	0.0	3	0 1 1
51	5	0.0	3	3 1 0 1
52	4	0.0	3	1 2 1
53	8	0.0	3	4 1 1 2
54	2	0.0	3	0 1 0 1
55	3	0.0	3	1 1 1
56	2	0.0	3	1 1
58	1	0.0	3	0 0 0 1
60	1	0.0	3	0 1
