This is cutadapt 2.6 with Python 3.7.3
Command line parameters: -g ACGTTGGATGTTTGTTACTATGGTAGATACCACAC -g ACGTTGGATGTTTGTTACTAAGGTAGATACCACTC -g ACGTTGGATGTTTGTTACTGTGGTGGATACTAC -g ACGTTGGATGTTTGTTACTGTTGTGGATACAAC -g ACGTTGGATGTTTGTTACCGTTGTTGATACTAC -g ACGTTGGATGAATATATGTGTGCTTATTTG -G ACGTTGGATGTTTGTTACTATGGTAGATACCACAC -G ACGTTGGATGTTTGTTACTGTGGTGGATACTAC -G ACGTTGGATGTTTGTTACTGTTGTGGATACAAC -G ACGTTGGATGTTTGTTACCGTTGTTGATACTAC -G ACGTTGGATGAATATATGTGTGCTTATTTG -G ACGTTGGATGTTTGTTACTAAGGTAGATACCACTC -g ACGTTGGATGGAAAAATAAACTGCAAATCATATTC -g ACGTTGGATGGAAAAATAAACTGTAAATCATATTC -g ACGTTGGATGGAAAAATAAATTGTAAATCATACTC -g ACGTTGGATGAGATTAGGGAAAGTATTAGA -g ACGTTGGATGGAAAAATAAATTGTAAATCAAATTC -g ACGTTGGATGGAAAAATAAACTGTAAATCATATTCCT -G ACGTTGGATGGAAAAATAAACTGCAAATCATATTC -G ACGTTGGATGAGATTAGGGAAAGTATTAGA -G ACGTTGGATGGAAAAATAAATTGTAAATCATACTC -G ACGTTGGATGGAAAAATAAACTGTAAATCATATTCCT -G ACGTTGGATGGAAAAATAAACTGTAAATCATATTC -G ACGTTGGATGGAAAAATAAATTGTAAATCAAATTC --minimum-length=1 -o /data/projects/mdc-971/reprocess_June_2019_data/analysis/30.primer_trimmed/180470_S80_cutadapt.1.fq.gz -p /data/projects/mdc-971/reprocess_June_2019_data/analysis/30.primer_trimmed/180470_S80_cutadapt.2.fq.gz /data/projects/mdc-971/reprocess_June_2019_data/analysis/20.adapter_trimmed/180470_S80_R1_001.bbduked.trimmed.fastq.gz /data/projects/mdc-971/reprocess_June_2019_data/analysis/20.adapter_trimmed/180470_S80_R2_001.bbduked.trimmed.fastq.gz
Processing reads on 1 core in paired-end mode ...
Finished in 0.93 s (410 us/read; 0.15 M reads/minute).

=== Summary ===

Total read pairs processed:              2,263
  Read 1 with adapter:                   1,747 (77.2%)
  Read 2 with adapter:                   1,108 (49.0%)
Pairs that were too short:                   0 (0.0%)
Pairs written (passing filters):         2,263 (100.0%)

Total basepairs processed:       675,626 bp
  Read 1:       336,176 bp
  Read 2:       339,450 bp
Total written (filtered):        577,846 bp (85.5%)
  Read 1:       275,264 bp
  Read 2:       302,582 bp

=== First read: Adapter 1 ===

Sequence: ACGTTGGATGTTTGTTACTATGGTAGATACCACAC; Type: regular 5'; Length: 35; Trimmed: 119 times.

No. of allowed errors:
0-9 bp: 0; 10-19 bp: 1; 20-29 bp: 2; 30-35 bp: 3

Overview of removed sequences
length	count	expect	max.err	error counts
31	1	0.0	3	1
32	1	0.0	3	1
33	12	0.0	3	0 2 4 6
34	18	0.0	3	0 6 7 5
35	77	0.0	3	21 24 14 18
36	6	0.0	3	0 2 3 1
37	2	0.0	3	0 0 1 1
38	2	0.0	3	0 0 0 2


=== First read: Adapter 2 ===

Sequence: ACGTTGGATGTTTGTTACTAAGGTAGATACCACTC; Type: regular 5'; Length: 35; Trimmed: 57 times.

No. of allowed errors:
0-9 bp: 0; 10-19 bp: 1; 20-29 bp: 2; 30-35 bp: 3

Overview of removed sequences
length	count	expect	max.err	error counts
32	2	0.0	3	1 0 1
33	4	0.0	3	0 0 2 2
34	3	0.0	3	0 0 2 1
35	47	0.0	3	19 9 11 8
38	1	0.0	3	0 0 0 1


=== First read: Adapter 3 ===

Sequence: ACGTTGGATGTTTGTTACTGTGGTGGATACTAC; Type: regular 5'; Length: 33; Trimmed: 182 times.

No. of allowed errors:
0-9 bp: 0; 10-19 bp: 1; 20-29 bp: 2; 30-33 bp: 3

Overview of removed sequences
length	count	expect	max.err	error counts
25	2	0.0	2	2
26	2	0.0	2	1 1
27	8	0.0	2	5 3
28	7	0.0	2	4 2 1
29	2	0.0	2	1 0 1
30	8	0.0	3	3 3 0 2
31	15	0.0	3	3 1 4 7
32	10	0.0	3	0 4 1 5
33	100	0.0	3	30 36 20 14
34	27	0.0	3	0 13 8 6
36	1	0.0	3	0 0 0 1


=== First read: Adapter 4 ===

Sequence: ACGTTGGATGTTTGTTACTGTTGTGGATACAAC; Type: regular 5'; Length: 33; Trimmed: 69 times.

No. of allowed errors:
0-9 bp: 0; 10-19 bp: 1; 20-29 bp: 2; 30-33 bp: 3

Overview of removed sequences
length	count	expect	max.err	error counts
3	1	35.4	0	1
28	2	0.0	2	1 1
29	1	0.0	2	1
30	2	0.0	3	0 1 1
31	1	0.0	3	0 0 0 1
32	7	0.0	3	0 4 0 3
33	49	0.0	3	18 11 12 8
34	2	0.0	3	0 0 1 1
35	1	0.0	3	0 0 1
36	3	0.0	3	0 0 0 3


=== First read: Adapter 5 ===

Sequence: ACGTTGGATGTTTGTTACCGTTGTTGATACTAC; Type: regular 5'; Length: 33; Trimmed: 124 times.

No. of allowed errors:
0-9 bp: 0; 10-19 bp: 1; 20-29 bp: 2; 30-33 bp: 3

Overview of removed sequences
length	count	expect	max.err	error counts
26	1	0.0	2	0 1
27	1	0.0	2	1
28	3	0.0	2	1 0 1 1
29	2	0.0	2	1 1
30	6	0.0	3	0 0 0 6
31	16	0.0	3	2 1 10 3
32	25	0.0	3	2 5 10 8
33	54	0.0	3	28 13 10 3
34	11	0.0	3	0 1 6 4
35	5	0.0	3	0 0 0 5


=== First read: Adapter 6 ===

Sequence: ACGTTGGATGAATATATGTGTGCTTATTTG; Type: regular 5'; Length: 30; Trimmed: 1 times.

No. of allowed errors:
0-9 bp: 0; 10-19 bp: 1; 20-29 bp: 2; 30 bp: 3

Overview of removed sequences
length	count	expect	max.err	error counts
5	1	2.2	0	1


=== First read: Adapter 7 ===

Sequence: ACGTTGGATGGAAAAATAAACTGCAAATCATATTC; Type: regular 5'; Length: 35; Trimmed: 296 times.

No. of allowed errors:
0-9 bp: 0; 10-19 bp: 1; 20-29 bp: 2; 30-35 bp: 3

Overview of removed sequences
length	count	expect	max.err	error counts
30	2	0.0	3	1 0 0 1
32	3	0.0	3	0 0 0 3
33	5	0.0	3	0 0 2 3
34	40	0.0	3	1 27 8 4
35	185	0.0	3	78 46 21 40
36	51	0.0	3	0 30 12 9
37	7	0.0	3	0 0 3 4
38	3	0.0	3	0 0 0 3


=== First read: Adapter 8 ===

Sequence: ACGTTGGATGGAAAAATAAACTGTAAATCATATTC; Type: regular 5'; Length: 35; Trimmed: 79 times.

No. of allowed errors:
0-9 bp: 0; 10-19 bp: 1; 20-29 bp: 2; 30-35 bp: 3

Overview of removed sequences
length	count	expect	max.err	error counts
32	7	0.0	3	0 0 0 7
33	3	0.0	3	0 0 1 2
34	11	0.0	3	0 1 2 8
35	48	0.0	3	6 8 16 18
36	6	0.0	3	0 2 3 1
37	4	0.0	3	0 0 2 2


=== First read: Adapter 9 ===

Sequence: ACGTTGGATGGAAAAATAAATTGTAAATCATACTC; Type: regular 5'; Length: 35; Trimmed: 269 times.

No. of allowed errors:
0-9 bp: 0; 10-19 bp: 1; 20-29 bp: 2; 30-35 bp: 3

Overview of removed sequences
length	count	expect	max.err	error counts
31	1	0.0	3	1
32	2	0.0	3	0 2
33	9	0.0	3	1 0 3 5
34	13	0.0	3	8 3 2
35	231	0.0	3	135 52 22 22
36	1	0.0	3	0 1
37	3	0.0	3	0 0 0 3
38	9	0.0	3	0 0 0 9


=== First read: Adapter 10 ===

Sequence: ACGTTGGATGAGATTAGGGAAAGTATTAGA; Type: regular 5'; Length: 30; Trimmed: 0 times.

=== First read: Adapter 11 ===

Sequence: ACGTTGGATGGAAAAATAAATTGTAAATCAAATTC; Type: regular 5'; Length: 35; Trimmed: 70 times.

No. of allowed errors:
0-9 bp: 0; 10-19 bp: 1; 20-29 bp: 2; 30-35 bp: 3

Overview of removed sequences
length	count	expect	max.err	error counts
34	6	0.0	3	0 1 4 1
35	60	0.0	3	24 21 10 5
36	2	0.0	3	0 0 0 2
38	2	0.0	3	0 0 0 2


=== First read: Adapter 12 ===

Sequence: ACGTTGGATGGAAAAATAAACTGTAAATCATATTCCT; Type: regular 5'; Length: 37; Trimmed: 481 times.

No. of allowed errors:
0-9 bp: 0; 10-19 bp: 1; 20-29 bp: 2; 30-37 bp: 3

Overview of removed sequences
length	count	expect	max.err	error counts
32	1	0.0	3	1
35	13	0.0	3	0 0 10 3
36	147	0.0	3	1 51 47 48
37	244	0.0	3	38 99 61 46
38	29	0.0	3	0 4 9 16
39	45	0.0	3	0 0 13 32
40	2	0.0	3	0 0 0 2


=== Second read: Adapter 13 ===

Sequence: ACGTTGGATGTTTGTTACTATGGTAGATACCACAC; Type: regular 5'; Length: 35; Trimmed: 121 times.

No. of allowed errors:
0-9 bp: 0; 10-19 bp: 1; 20-29 bp: 2; 30-35 bp: 3

Overview of removed sequences
length	count	expect	max.err	error counts
32	2	0.0	3	0 0 0 2
33	7	0.0	3	0 0 2 5
34	19	0.0	3	0 2 4 13
35	85	0.0	3	11 31 16 27
36	4	0.0	3	0 1 1 2
37	2	0.0	3	0 0 1 1
38	2	0.0	3	0 0 0 2


=== Second read: Adapter 14 ===

Sequence: ACGTTGGATGTTTGTTACTGTGGTGGATACTAC; Type: regular 5'; Length: 33; Trimmed: 283 times.

No. of allowed errors:
0-9 bp: 0; 10-19 bp: 1; 20-29 bp: 2; 30-33 bp: 3

Overview of removed sequences
length	count	expect	max.err	error counts
27	1	0.0	2	0 0 1
29	4	0.0	2	0 1 3
30	17	0.0	3	1 1 0 15
31	17	0.0	3	0 1 5 11
32	57	0.0	3	0 10 24 23
33	133	0.0	3	34 50 23 26
34	45	0.0	3	0 10 20 15
35	4	0.0	3	0 0 2 2
36	3	0.0	3	0 0 0 3
40	1	0.0	3	0 0 0 1
52	1	0.0	3	0 0 0 1


=== Second read: Adapter 15 ===

Sequence: ACGTTGGATGTTTGTTACTGTTGTGGATACAAC; Type: regular 5'; Length: 33; Trimmed: 168 times.

No. of allowed errors:
0-9 bp: 0; 10-19 bp: 1; 20-29 bp: 2; 30-33 bp: 3

Overview of removed sequences
length	count	expect	max.err	error counts
3	10	35.4	0	10
28	1	0.0	2	0 0 1
30	1	0.0	3	0 0 1
31	9	0.0	3	0 0 3 6
32	32	0.0	3	0 9 9 14
33	95	0.0	3	24 19 41 11
34	9	0.0	3	0 5 1 3
35	7	0.0	3	0 0 3 4
36	3	0.0	3	0 0 0 3
55	1	0.0	3	1


=== Second read: Adapter 16 ===

Sequence: ACGTTGGATGTTTGTTACCGTTGTTGATACTAC; Type: regular 5'; Length: 33; Trimmed: 150 times.

No. of allowed errors:
0-9 bp: 0; 10-19 bp: 1; 20-29 bp: 2; 30-33 bp: 3

Overview of removed sequences
length	count	expect	max.err	error counts
20	1	0.0	2	0 0 1
25	2	0.0	2	0 2
30	5	0.0	3	0 0 0 5
31	10	0.0	3	1 0 5 4
32	38	0.0	3	0 1 18 19
33	71	0.0	3	24 25 12 10
34	17	0.0	3	0 7 9 1
35	6	0.0	3	0 0 1 5


=== Second read: Adapter 17 ===

Sequence: ACGTTGGATGAATATATGTGTGCTTATTTG; Type: regular 5'; Length: 30; Trimmed: 1 times.

No. of allowed errors:
0-9 bp: 0; 10-19 bp: 1; 20-29 bp: 2; 30 bp: 3

Overview of removed sequences
length	count	expect	max.err	error counts
6	1	0.6	0	1


=== Second read: Adapter 18 ===

Sequence: ACGTTGGATGTTTGTTACTAAGGTAGATACCACTC; Type: regular 5'; Length: 35; Trimmed: 56 times.

No. of allowed errors:
0-9 bp: 0; 10-19 bp: 1; 20-29 bp: 2; 30-35 bp: 3

Overview of removed sequences
length	count	expect	max.err	error counts
3	1	35.4	0	1
28	1	0.0	2	0 0 1
31	1	0.0	3	0 0 0 1
32	1	0.0	3	0 0 0 1
33	1	0.0	3	0 0 1
34	10	0.0	3	0 1 3 6
35	37	0.0	3	10 8 8 11
36	1	0.0	3	0 0 0 1
37	3	0.0	3	0 0 1 2


=== Second read: Adapter 19 ===

Sequence: ACGTTGGATGGAAAAATAAACTGCAAATCATATTC; Type: regular 5'; Length: 35; Trimmed: 67 times.

No. of allowed errors:
0-9 bp: 0; 10-19 bp: 1; 20-29 bp: 2; 30-35 bp: 3

Overview of removed sequences
length	count	expect	max.err	error counts
3	1	35.4	0	1
33	1	0.0	3	0 0 0 1
34	12	0.0	3	0 4 2 6
35	44	0.0	3	16 4 10 14
36	7	0.0	3	0 3 2 2
37	2	0.0	3	0 0 2


=== Second read: Adapter 20 ===

Sequence: ACGTTGGATGAGATTAGGGAAAGTATTAGA; Type: regular 5'; Length: 30; Trimmed: 0 times.

=== Second read: Adapter 21 ===

Sequence: ACGTTGGATGGAAAAATAAATTGTAAATCATACTC; Type: regular 5'; Length: 35; Trimmed: 106 times.

No. of allowed errors:
0-9 bp: 0; 10-19 bp: 1; 20-29 bp: 2; 30-35 bp: 3

Overview of removed sequences
length	count	expect	max.err	error counts
33	3	0.0	3	0 0 1 2
34	7	0.0	3	1 1 2 3
35	91	0.0	3	43 26 12 10
36	1	0.0	3	0 0 0 1
37	1	0.0	3	0 0 1
38	3	0.0	3	0 0 0 3


=== Second read: Adapter 22 ===

Sequence: ACGTTGGATGGAAAAATAAACTGTAAATCATATTCCT; Type: regular 5'; Length: 37; Trimmed: 116 times.

No. of allowed errors:
0-9 bp: 0; 10-19 bp: 1; 20-29 bp: 2; 30-37 bp: 3

Overview of removed sequences
length	count	expect	max.err	error counts
3	3	35.4	0	3
4	6	8.8	0	6
33	1	0.0	3	0 0 1
35	8	0.0	3	1 0 4 3
36	25	0.0	3	0 10 7 8
37	60	0.0	3	12 21 16 11
38	5	0.0	3	0 1 2 2
39	7	0.0	3	0 0 2 5
40	1	0.0	3	0 0 0 1


=== Second read: Adapter 23 ===

Sequence: ACGTTGGATGGAAAAATAAACTGTAAATCATATTC; Type: regular 5'; Length: 35; Trimmed: 15 times.

No. of allowed errors:
0-9 bp: 0; 10-19 bp: 1; 20-29 bp: 2; 30-35 bp: 3

Overview of removed sequences
length	count	expect	max.err	error counts
32	1	0.0	3	0 0 0 1
33	1	0.0	3	0 0 1
34	1	0.0	3	0 0 0 1
35	6	0.0	3	1 2 1 2
36	6	0.0	3	0 0 3 3


=== Second read: Adapter 24 ===

Sequence: ACGTTGGATGGAAAAATAAATTGTAAATCAAATTC; Type: regular 5'; Length: 35; Trimmed: 25 times.

No. of allowed errors:
0-9 bp: 0; 10-19 bp: 1; 20-29 bp: 2; 30-35 bp: 3

Overview of removed sequences
length	count	expect	max.err	error counts
6	1	0.6	0	1
35	22	0.0	3	8 7 3 4
36	1	0.0	3	0 0 1
38	1	0.0	3	0 0 0 1
