This is cutadapt 2.6 with Python 3.7.3
Command line parameters: -g ACGTTGGATGTTTGTTACTATGGTAGATACCACAC -g ACGTTGGATGTTTGTTACTAAGGTAGATACCACTC -g ACGTTGGATGTTTGTTACTGTGGTGGATACTAC -g ACGTTGGATGTTTGTTACTGTTGTGGATACAAC -g ACGTTGGATGTTTGTTACCGTTGTTGATACTAC -g ACGTTGGATGAATATATGTGTGCTTATTTG -G ACGTTGGATGTTTGTTACTATGGTAGATACCACAC -G ACGTTGGATGTTTGTTACTGTGGTGGATACTAC -G ACGTTGGATGTTTGTTACTGTTGTGGATACAAC -G ACGTTGGATGTTTGTTACCGTTGTTGATACTAC -G ACGTTGGATGAATATATGTGTGCTTATTTG -G ACGTTGGATGTTTGTTACTAAGGTAGATACCACTC -g ACGTTGGATGGAAAAATAAACTGCAAATCATATTC -g ACGTTGGATGGAAAAATAAACTGTAAATCATATTC -g ACGTTGGATGGAAAAATAAATTGTAAATCATACTC -g ACGTTGGATGAGATTAGGGAAAGTATTAGA -g ACGTTGGATGGAAAAATAAATTGTAAATCAAATTC -g ACGTTGGATGGAAAAATAAACTGTAAATCATATTCCT -G ACGTTGGATGGAAAAATAAACTGCAAATCATATTC -G ACGTTGGATGAGATTAGGGAAAGTATTAGA -G ACGTTGGATGGAAAAATAAATTGTAAATCATACTC -G ACGTTGGATGGAAAAATAAACTGTAAATCATATTCCT -G ACGTTGGATGGAAAAATAAACTGTAAATCATATTC -G ACGTTGGATGGAAAAATAAATTGTAAATCAAATTC --minimum-length=1 -o /data/projects/mdc-971/reprocess_June_2019_data/analysis/30.primer_trimmed/180476_S84_cutadapt.1.fq.gz -p /data/projects/mdc-971/reprocess_June_2019_data/analysis/30.primer_trimmed/180476_S84_cutadapt.2.fq.gz /data/projects/mdc-971/reprocess_June_2019_data/analysis/20.adapter_trimmed/180476_S84_R1_001.bbduked.trimmed.fastq.gz /data/projects/mdc-971/reprocess_June_2019_data/analysis/20.adapter_trimmed/180476_S84_R2_001.bbduked.trimmed.fastq.gz
Processing reads on 1 core in paired-end mode ...
Finished in 84.60 s (391 us/read; 0.15 M reads/minute).

=== Summary ===

Total read pairs processed:            216,530
  Read 1 with adapter:                 189,958 (87.7%)
  Read 2 with adapter:                 157,445 (72.7%)
Pairs that were too short:                   0 (0.0%)
Pairs written (passing filters):       216,530 (100.0%)

Total basepairs processed:    64,472,413 bp
  Read 1:    31,992,963 bp
  Read 2:    32,479,450 bp
Total written (filtered):     52,583,554 bp (81.6%)
  Read 1:    25,456,555 bp
  Read 2:    27,126,999 bp

=== First read: Adapter 1 ===

Sequence: ACGTTGGATGTTTGTTACTATGGTAGATACCACAC; Type: regular 5'; Length: 35; Trimmed: 20593 times.

No. of allowed errors:
0-9 bp: 0; 10-19 bp: 1; 20-29 bp: 2; 30-35 bp: 3

Overview of removed sequences
length	count	expect	max.err	error counts
3	2	3383.3	0	2
4	2	845.8	0	2
11	1	0.1	1	1
18	1	0.0	1	1
19	1	0.0	1	1
20	2	0.0	2	0 1 1
22	5	0.0	2	2 3
23	9	0.0	2	5 1 3
24	2	0.0	2	1 0 1
25	5	0.0	2	0 4 1
26	33	0.0	2	15 11 7
27	73	0.0	2	33 25 15
28	100	0.0	2	51 27 19 3
29	176	0.0	2	69 56 37 14
30	302	0.0	3	111 99 51 41
31	207	0.0	3	39 70 67 31
32	403	0.0	3	84 111 74 134
33	1186	0.0	3	99 133 541 413
34	3652	0.0	3	93 1784 1082 693
35	12328	0.0	3	5255 3998 1974 1101
36	1288	0.0	3	4 583 412 289
37	376	0.0	3	0 1 230 145
38	430	0.0	3	0 0 1 429
39	3	0.0	3	1 0 0 2
51	1	0.0	3	0 1
54	2	0.0	3	1 0 0 1
55	2	0.0	3	0 0 1 1
132	1	0.0	3	0 1


=== First read: Adapter 2 ===

Sequence: ACGTTGGATGTTTGTTACTAAGGTAGATACCACTC; Type: regular 5'; Length: 35; Trimmed: 7702 times.

No. of allowed errors:
0-9 bp: 0; 10-19 bp: 1; 20-29 bp: 2; 30-35 bp: 3

Overview of removed sequences
length	count	expect	max.err	error counts
4	1	845.8	0	1
14	1	0.0	1	0 1
15	1	0.0	1	1
17	2	0.0	1	1 1
18	2	0.0	1	1 1
19	3	0.0	1	2 1
20	1	0.0	2	0 1
21	4	0.0	2	1 3
23	2	0.0	2	1 1
24	1	0.0	2	0 0 1
25	1	0.0	2	0 1
26	16	0.0	2	7 6 3
27	32	0.0	2	14 12 5 1
28	31	0.0	2	20 4 7
29	90	0.0	2	38 29 18 5
30	263	0.0	3	135 71 34 23
31	190	0.0	3	66 70 39 15
32	296	0.0	3	102 105 55 34
33	444	0.0	3	42 91 161 150
34	1287	0.0	3	53 675 334 225
35	4394	0.0	3	2228 1144 685 337
36	308	0.0	3	2 130 88 88
37	222	0.0	3	1 2 130 89
38	107	0.0	3	0 0 0 107
49	1	0.0	3	0 1
61	2	0.0	3	0 1 1


=== First read: Adapter 3 ===

Sequence: ACGTTGGATGTTTGTTACTGTGGTGGATACTAC; Type: regular 5'; Length: 33; Trimmed: 29579 times.

No. of allowed errors:
0-9 bp: 0; 10-19 bp: 1; 20-29 bp: 2; 30-33 bp: 3

Overview of removed sequences
length	count	expect	max.err	error counts
3	1	3383.3	0	1
13	3	0.0	1	1 2
14	13	0.0	1	9 4
15	3	0.0	1	2 1
16	9	0.0	1	7 2
17	3	0.0	1	3
18	10	0.0	1	8 2
19	17	0.0	1	10 6 1
20	56	0.0	2	40 8 8
21	40	0.0	2	32 6 2
22	26	0.0	2	9 12 5
23	28	0.0	2	7 16 5
24	219	0.0	2	111 79 29
25	513	0.0	2	242 198 73
26	692	0.0	2	299 262 131
27	1246	0.0	2	757 371 117 1
28	1787	0.0	2	1016 532 216 23
29	1286	0.0	2	409 497 303 77
30	2702	0.0	3	893 812 434 563
31	2253	0.0	3	328 556 689 680
32	2916	0.0	3	196 1062 968 690
33	9695	0.0	3	3877 3014 1777 1027
34	5514	0.0	3	2 2756 1914 842
35	433	0.0	3	3 2 120 308
36	91	0.0	3	0 2 2 87
37	2	0.0	3	1 1
38	3	0.0	3	1 2
39	2	0.0	3	0 1 0 1
41	2	0.0	3	1 0 0 1
42	4	0.0	3	0 2 2
43	2	0.0	3	0 1 1
46	1	0.0	3	1
47	1	0.0	3	0 0 0 1
48	1	0.0	3	0 1
50	2	0.0	3	0 1 1
54	2	0.0	3	1 1
60	1	0.0	3	0 0 0 1


=== First read: Adapter 4 ===

Sequence: ACGTTGGATGTTTGTTACTGTTGTGGATACAAC; Type: regular 5'; Length: 33; Trimmed: 12123 times.

No. of allowed errors:
0-9 bp: 0; 10-19 bp: 1; 20-29 bp: 2; 30-33 bp: 3

Overview of removed sequences
length	count	expect	max.err	error counts
3	20	3383.3	0	20
13	1	0.0	1	1
18	1	0.0	1	0 1
20	4	0.0	2	4
21	2	0.0	2	2
22	1	0.0	2	0 0 1
24	20	0.0	2	6 8 6
25	95	0.0	2	33 39 23
26	77	0.0	2	51 13 13
27	89	0.0	2	52 27 10
28	139	0.0	2	90 36 13
29	113	0.0	2	35 52 26
30	193	0.0	3	77 57 23 36
31	371	0.0	3	53 78 125 115
32	1187	0.0	3	100 533 256 298
33	8933	0.0	3	4543 2123 1552 715
34	627	0.0	3	5 296 199 127
35	163	0.0	3	0 1 76 86
36	83	0.0	3	0 0 0 83
37	2	0.0	3	1 1
39	1	0.0	3	0 0 1
42	1	0.0	3	0 0 1


=== First read: Adapter 5 ===

Sequence: ACGTTGGATGTTTGTTACCGTTGTTGATACTAC; Type: regular 5'; Length: 33; Trimmed: 14380 times.

No. of allowed errors:
0-9 bp: 0; 10-19 bp: 1; 20-29 bp: 2; 30-33 bp: 3

Overview of removed sequences
length	count	expect	max.err	error counts
14	1	0.0	1	0 1
15	1	0.0	1	1
19	5	0.0	1	1 3 1
20	1	0.0	2	1
21	1	0.0	2	0 1
23	5	0.0	2	0 0 5
24	34	0.0	2	17 10 7
25	73	0.0	2	36 20 17
26	143	0.0	2	53 39 51
27	258	0.0	2	163 67 27 1
28	415	0.0	2	198 111 75 31
29	292	0.0	2	73 104 76 39
30	1146	0.0	3	215 193 123 615
31	958	0.0	3	114 174 306 364
32	3056	0.0	3	98 613 1563 782
33	5052	0.0	3	2570 1382 714 386
34	2618	0.0	3	0 725 1345 548
35	291	0.0	3	0 0 79 212
36	29	0.0	3	0 0 0 29
45	1	0.0	3	1


=== First read: Adapter 6 ===

Sequence: ACGTTGGATGAATATATGTGTGCTTATTTG; Type: regular 5'; Length: 30; Trimmed: 131 times.

No. of allowed errors:
0-9 bp: 0; 10-19 bp: 1; 20-29 bp: 2; 30 bp: 3

Overview of removed sequences
length	count	expect	max.err	error counts
3	110	3383.3	0	110
4	11	845.8	0	11
5	2	211.5	0	2
30	7	0.0	3	3 1 2 1
31	1	0.0	3	0 0 0 1


=== First read: Adapter 7 ===

Sequence: ACGTTGGATGGAAAAATAAACTGCAAATCATATTC; Type: regular 5'; Length: 35; Trimmed: 28785 times.

No. of allowed errors:
0-9 bp: 0; 10-19 bp: 1; 20-29 bp: 2; 30-35 bp: 3

Overview of removed sequences
length	count	expect	max.err	error counts
17	1	0.0	1	0 1
18	1	0.0	1	1
22	2	0.0	2	0 1 1
24	1	0.0	2	0 1
26	2	0.0	2	1 1
27	4	0.0	2	3 1
28	2	0.0	2	0 0 1 1
29	21	0.0	2	3 10 7 1
30	91	0.0	3	33 29 16 13
31	72	0.0	3	25 24 12 11
32	496	0.0	3	33 28 13 422
33	512	0.0	3	19 31 295 167
34	5766	0.0	3	47 4442 882 395
35	15580	0.0	3	10628 2733 1061 1158
36	5741	0.0	3	0 4462 785 494
37	356	0.0	3	0 0 139 217
38	137	0.0	3	1 0 0 136


=== First read: Adapter 8 ===

Sequence: ACGTTGGATGGAAAAATAAACTGTAAATCATATTC; Type: regular 5'; Length: 35; Trimmed: 6324 times.

No. of allowed errors:
0-9 bp: 0; 10-19 bp: 1; 20-29 bp: 2; 30-35 bp: 3

Overview of removed sequences
length	count	expect	max.err	error counts
17	1	0.0	1	1
21	1	0.0	2	1
23	1	0.0	2	0 0 1
24	1	0.0	2	0 0 1
27	1	0.0	2	0 0 0 1
28	1	0.0	2	0 0 1
29	4	0.0	2	0 0 3 1
30	9	0.0	3	1 4 1 3
31	7	0.0	3	0 1 1 5
32	906	0.0	3	0 1 2 903
33	175	0.0	3	1 3 83 88
34	1771	0.0	3	2 1222 249 298
35	2658	0.0	3	627 682 514 835
36	532	0.0	3	0 114 193 225
37	218	0.0	3	0 1 45 172
38	36	0.0	3	0 0 0 36
46	1	0.0	3	0 0 0 1
47	1	0.0	3	0 0 0 1


=== First read: Adapter 9 ===

Sequence: ACGTTGGATGGAAAAATAAATTGTAAATCATACTC; Type: regular 5'; Length: 35; Trimmed: 15414 times.

No. of allowed errors:
0-9 bp: 0; 10-19 bp: 1; 20-29 bp: 2; 30-35 bp: 3

Overview of removed sequences
length	count	expect	max.err	error counts
19	1	0.0	1	0 1
29	3	0.0	2	3
30	5	0.0	3	3 2
31	14	0.0	3	8 5 1
32	59	0.0	3	7 4 0 48
33	333	0.0	3	17 16 211 89
34	1033	0.0	3	291 507 167 68
35	13695	0.0	3	9202 2396 737 1360
36	97	0.0	3	1 40 25 31
37	74	0.0	3	1 0 25 48
38	90	0.0	3	1 0 0 89
42	1	0.0	3	1
43	1	0.0	3	0 0 1
45	2	0.0	3	0 1 1
46	1	0.0	3	1
47	1	0.0	3	1
52	1	0.0	3	0 0 1
53	2	0.0	3	1 1
56	1	0.0	3	0 1


=== First read: Adapter 10 ===

Sequence: ACGTTGGATGAGATTAGGGAAAGTATTAGA; Type: regular 5'; Length: 30; Trimmed: 22 times.

No. of allowed errors:
0-9 bp: 0; 10-19 bp: 1; 20-29 bp: 2; 30 bp: 3

Overview of removed sequences
length	count	expect	max.err	error counts
3	20	3383.3	0	20
4	1	845.8	0	1
30	1	0.0	3	1


=== First read: Adapter 11 ===

Sequence: ACGTTGGATGGAAAAATAAATTGTAAATCAAATTC; Type: regular 5'; Length: 35; Trimmed: 5691 times.

No. of allowed errors:
0-9 bp: 0; 10-19 bp: 1; 20-29 bp: 2; 30-35 bp: 3

Overview of removed sequences
length	count	expect	max.err	error counts
30	1	0.0	3	0 0 1
31	4	0.0	3	3 1
32	9	0.0	3	0 2 0 7
33	20	0.0	3	2 5 6 7
34	177	0.0	3	29 91 27 30
35	5345	0.0	3	3754 1019 386 186
36	77	0.0	3	1 38 24 14
37	30	0.0	3	0 0 16 14
38	28	0.0	3	0 0 0 28


=== First read: Adapter 12 ===

Sequence: ACGTTGGATGGAAAAATAAACTGTAAATCATATTCCT; Type: regular 5'; Length: 37; Trimmed: 49214 times.

No. of allowed errors:
0-9 bp: 0; 10-19 bp: 1; 20-29 bp: 2; 30-37 bp: 3

Overview of removed sequences
length	count	expect	max.err	error counts
3	18	3383.3	0	18
4	2	845.8	0	2
17	1	0.0	1	1
19	2	0.0	1	1 0 1
20	1	0.0	2	1
27	4	0.0	2	0 3 1
28	3	0.0	2	0 1 2
29	7	0.0	2	3 3 1
30	8	0.0	3	2 1 5
31	35	0.0	3	2 20 10 3
32	126	0.0	3	31 54 25 16
33	134	0.0	3	31 56 33 14
34	212	0.0	3	27 65 47 73
35	2907	0.0	3	32 86 2240 549
36	12113	0.0	3	96 8099 2644 1274
37	27293	0.0	3	9881 12644 3476 1292
38	2847	0.0	3	3 543 1539 762
39	2945	0.0	3	0 0 608 2337
40	553	0.0	3	0 0 0 553
41	1	0.0	3	0 0 1
45	1	0.0	3	0 1
48	1	0.0	3	0 0 1


=== Second read: Adapter 13 ===

Sequence: ACGTTGGATGTTTGTTACTATGGTAGATACCACAC; Type: regular 5'; Length: 35; Trimmed: 22140 times.

No. of allowed errors:
0-9 bp: 0; 10-19 bp: 1; 20-29 bp: 2; 30-35 bp: 3

Overview of removed sequences
length	count	expect	max.err	error counts
3	7	3383.3	0	7
4	9	845.8	0	9
5	1	211.5	0	1
10	1	0.2	1	1
11	2	0.1	1	0 2
18	2	0.0	1	1 1
19	1	0.0	1	0 0 1
20	2	0.0	2	1 1
21	6	0.0	2	1 2 3
22	6	0.0	2	4 1 1
23	1	0.0	2	1
24	3	0.0	2	0 2 1
26	5	0.0	2	3 0 2
27	12	0.0	2	3 3 6
28	22	0.0	2	6 6 8 2
29	51	0.0	2	11 16 20 4
30	71	0.0	3	11 23 22 15
31	128	0.0	3	15 32 48 33
32	240	0.0	3	18 38 43 141
33	1137	0.0	3	31 50 442 614
34	2683	0.0	3	30 984 885 784
35	15430	0.0	3	4717 5175 3407 2131
36	1442	0.0	3	3 503 540 396
37	522	0.0	3	0 1 270 251
38	316	0.0	3	0 0 0 316
42	2	0.0	3	0 1 1
43	5	0.0	3	0 3 1 1
44	4	0.0	3	0 2 0 2
45	3	0.0	3	0 1 1 1
46	2	0.0	3	0 0 1 1
47	2	0.0	3	0 0 2
49	1	0.0	3	0 0 0 1
50	1	0.0	3	0 1
51	6	0.0	3	3 1 2
52	1	0.0	3	0 0 0 1
53	1	0.0	3	0 1
54	1	0.0	3	0 1
55	6	0.0	3	0 3 3
57	1	0.0	3	0 0 0 1
58	1	0.0	3	0 1
61	1	0.0	3	1
65	1	0.0	3	0 0 0 1
68	1	0.0	3	0 0 1


=== Second read: Adapter 14 ===

Sequence: ACGTTGGATGTTTGTTACTGTGGTGGATACTAC; Type: regular 5'; Length: 33; Trimmed: 33306 times.

No. of allowed errors:
0-9 bp: 0; 10-19 bp: 1; 20-29 bp: 2; 30-33 bp: 3

Overview of removed sequences
length	count	expect	max.err	error counts
3	15	3383.3	0	15
5	2	211.5	0	2
9	1	0.8	0	1
12	1	0.0	1	1
14	4	0.0	1	3 1
15	3	0.0	1	1 2
16	5	0.0	1	1 4
17	4	0.0	1	4
18	7	0.0	1	3 3 1
19	10	0.0	1	5 5
20	8	0.0	2	1 4 3
21	12	0.0	2	6 3 3
22	5	0.0	2	2 0 3
23	12	0.0	2	3 4 5
24	51	0.0	2	21 16 14
25	60	0.0	2	12 28 20
26	149	0.0	2	48 56 45
27	162	0.0	2	65 58 39
28	274	0.0	2	90 90 85 9
29	380	0.0	2	91 116 154 19
30	3092	0.0	3	158 245 192 2497
31	3286	0.0	3	161 176 916 2033
32	4527	0.0	3	70 1367 1603 1487
33	11850	0.0	3	4462 3769 2233 1386
34	8255	0.0	3	0 3624 3089 1542
35	534	0.0	3	1 4 130 399
36	124	0.0	3	0 0 0 124
37	4	0.0	3	0 1 1 2
38	9	0.0	3	0 0 1 8
39	25	0.0	3	2 3 4 16
40	19	0.0	3	5 1 6 7
41	47	0.0	3	11 12 14 10
42	71	0.0	3	12 22 17 20
43	25	0.0	3	2 6 11 6
44	36	0.0	3	7 14 8 7
45	35	0.0	3	10 11 7 7
46	26	0.0	3	3 9 4 10
47	18	0.0	3	1 2 4 11
48	24	0.0	3	2 3 6 13
49	28	0.0	3	6 3 5 14
50	25	0.0	3	4 13 5 3
51	24	0.0	3	6 9 3 6
52	13	0.0	3	2 2 3 6
53	11	0.0	3	2 5 1 3
54	16	0.0	3	2 3 2 9
55	4	0.0	3	1 1 0 2
56	6	0.0	3	1 0 2 3
57	4	0.0	3	3 1
58	2	0.0	3	0 0 2
66	1	0.0	3	1


=== Second read: Adapter 15 ===

Sequence: ACGTTGGATGTTTGTTACTGTTGTGGATACAAC; Type: regular 5'; Length: 33; Trimmed: 18104 times.

No. of allowed errors:
0-9 bp: 0; 10-19 bp: 1; 20-29 bp: 2; 30-33 bp: 3

Overview of removed sequences
length	count	expect	max.err	error counts
3	644	3383.3	0	644
4	1	845.8	0	1
5	7	211.5	0	7
16	1	0.0	1	0 1
18	1	0.0	1	1
19	1	0.0	1	0 1
21	1	0.0	2	0 0 1
24	6	0.0	2	1 4 1
25	9	0.0	2	3 2 4
26	9	0.0	2	3 5 1
27	15	0.0	2	6 6 3
28	27	0.0	2	8 8 10 1
29	37	0.0	2	13 15 8 1
30	137	0.0	3	22 34 21 60
31	570	0.0	3	28 20 197 325
32	2872	0.0	3	31 945 813 1083
33	11741	0.0	3	3660 2726 3599 1756
34	1120	0.0	3	2 354 357 407
35	336	0.0	3	1 0 134 201
36	209	0.0	3	0 0 1 208
38	1	0.0	3	0 0 0 1
39	3	0.0	3	0 0 3
40	12	0.0	3	0 1 6 5
41	76	0.0	3	22 23 20 11
42	30	0.0	3	7 12 6 5
43	6	0.0	3	1 0 3 2
44	25	0.0	3	6 9 6 4
45	24	0.0	3	6 7 6 5
46	19	0.0	3	6 6 4 3
47	5	0.0	3	0 3 0 2
48	14	0.0	3	7 2 3 2
49	21	0.0	3	5 4 10 2
50	9	0.0	3	3 3 2 1
51	22	0.0	3	7 9 3 3
52	35	0.0	3	11 8 10 6
53	22	0.0	3	10 6 3 3
54	11	0.0	3	1 6 2 2
55	6	0.0	3	3 2 1
56	4	0.0	3	0 2 2
57	6	0.0	3	2 0 1 3
58	1	0.0	3	1
59	1	0.0	3	0 1
60	1	0.0	3	1
62	1	0.0	3	0 0 0 1
63	1	0.0	3	0 1
64	1	0.0	3	1
65	2	0.0	3	2
67	1	0.0	3	1


=== Second read: Adapter 16 ===

Sequence: ACGTTGGATGTTTGTTACCGTTGTTGATACTAC; Type: regular 5'; Length: 33; Trimmed: 18711 times.

No. of allowed errors:
0-9 bp: 0; 10-19 bp: 1; 20-29 bp: 2; 30-33 bp: 3

Overview of removed sequences
length	count	expect	max.err	error counts
12	1	0.0	1	1
14	1	0.0	1	0 1
16	2	0.0	1	1 1
17	2	0.0	1	2
18	2	0.0	1	0 2
19	4	0.0	1	3 1
20	2	0.0	2	1 1
21	2	0.0	2	0 1 1
22	6	0.0	2	2 0 4
23	3	0.0	2	0 2 1
24	7	0.0	2	4 2 1
25	15	0.0	2	8 1 6
26	43	0.0	2	16 13 14
27	59	0.0	2	29 15 15
28	87	0.0	2	31 26 20 10
29	119	0.0	2	30 34 44 11
30	2117	0.0	3	56 59 60 1942
31	1017	0.0	3	61 47 397 512
32	4264	0.0	3	41 972 1876 1375
33	6915	0.0	3	3206 1977 1078 654
34	3569	0.0	3	0 1037 1588 944
35	279	0.0	3	0 0 67 212
36	59	0.0	3	1 0 1 57
38	3	0.0	3	0 0 0 3
39	5	0.0	3	0 1 2 2
40	8	0.0	3	1 0 4 3
41	12	0.0	3	2 2 4 4
42	10	0.0	3	0 4 3 3
43	10	0.0	3	0 0 7 3
44	20	0.0	3	4 4 6 6
45	6	0.0	3	1 2 2 1
46	8	0.0	3	3 1 2 2
47	7	0.0	3	0 0 1 6
48	5	0.0	3	0 1 2 2
49	9	0.0	3	2 1 2 4
50	9	0.0	3	0 3 1 5
51	4	0.0	3	0 1 1 2
52	4	0.0	3	0 0 2 2
53	4	0.0	3	1 0 0 3
54	3	0.0	3	0 0 0 3
55	3	0.0	3	1 1 1
56	2	0.0	3	1 0 0 1
58	1	0.0	3	0 1
59	1	0.0	3	0 0 1
66	1	0.0	3	0 1
69	1	0.0	3	0 0 1


=== Second read: Adapter 17 ===

Sequence: ACGTTGGATGAATATATGTGTGCTTATTTG; Type: regular 5'; Length: 30; Trimmed: 287 times.

No. of allowed errors:
0-9 bp: 0; 10-19 bp: 1; 20-29 bp: 2; 30 bp: 3

Overview of removed sequences
length	count	expect	max.err	error counts
3	269	3383.3	0	269
4	15	845.8	0	15
6	1	52.9	0	1
30	2	0.0	3	1 0 0 1


=== Second read: Adapter 18 ===

Sequence: ACGTTGGATGTTTGTTACTAAGGTAGATACCACTC; Type: regular 5'; Length: 35; Trimmed: 9910 times.

No. of allowed errors:
0-9 bp: 0; 10-19 bp: 1; 20-29 bp: 2; 30-35 bp: 3

Overview of removed sequences
length	count	expect	max.err	error counts
3	4	3383.3	0	4
4	5	845.8	0	5
15	1	0.0	1	1
21	1	0.0	2	0 1
22	5	0.0	2	3 1 1
25	1	0.0	2	0 0 1
26	5	0.0	2	3 2
27	10	0.0	2	1 5 4
28	7	0.0	2	5 2
29	14	0.0	2	4 5 3 2
30	66	0.0	3	19 20 17 10
31	88	0.0	3	26 24 21 17
32	126	0.0	3	20 32 30 44
33	966	0.0	3	29 34 229 674
34	1169	0.0	3	32 438 357 342
35	6516	0.0	3	2746 1744 1225 801
36	450	0.0	3	2 169 147 132
37	347	0.0	3	0 0 188 159
38	100	0.0	3	0 0 0 100
41	2	0.0	3	0 1 1
42	2	0.0	3	1 1
43	6	0.0	3	1 2 1 2
45	4	0.0	3	3 0 0 1
46	5	0.0	3	3 1 1
47	2	0.0	3	1 1
48	1	0.0	3	0 0 1
49	2	0.0	3	0 0 1 1
50	1	0.0	3	0 0 1
51	1	0.0	3	1
52	1	0.0	3	0 0 1
53	1	0.0	3	0 0 0 1
55	1	0.0	3	1


=== Second read: Adapter 19 ===

Sequence: ACGTTGGATGGAAAAATAAACTGCAAATCATATTC; Type: regular 5'; Length: 35; Trimmed: 11264 times.

No. of allowed errors:
0-9 bp: 0; 10-19 bp: 1; 20-29 bp: 2; 30-35 bp: 3

Overview of removed sequences
length	count	expect	max.err	error counts
3	37	3383.3	0	37
4	2	845.8	0	2
6	2	52.9	0	2
18	2	0.0	1	1 1
19	5	0.0	1	3 2
21	1	0.0	2	1
23	1	0.0	2	0 1
26	1	0.0	2	0 0 1
27	1	0.0	2	1
28	3	0.0	2	1 1 1
29	3	0.0	2	1 1 1
30	13	0.0	3	3 5 2 3
31	27	0.0	3	8 5 7 7
32	170	0.0	3	5 8 7 150
33	192	0.0	3	5 7 90 90
34	2030	0.0	3	5 1114 533 378
35	6247	0.0	3	2998 1438 800 1011
36	2283	0.0	3	1 1262 570 450
37	166	0.0	3	0 0 89 77
38	58	0.0	3	0 0 0 58
43	1	0.0	3	0 0 1
44	1	0.0	3	0 0 1
45	2	0.0	3	0 1 1
47	1	0.0	3	0 1
48	2	0.0	3	0 0 1 1
49	1	0.0	3	0 1
50	5	0.0	3	1 2 1 1
51	4	0.0	3	1 1 1 1
53	1	0.0	3	0 0 0 1
54	1	0.0	3	0 0 0 1
55	1	0.0	3	1


=== Second read: Adapter 20 ===

Sequence: ACGTTGGATGAGATTAGGGAAAGTATTAGA; Type: regular 5'; Length: 30; Trimmed: 27 times.

No. of allowed errors:
0-9 bp: 0; 10-19 bp: 1; 20-29 bp: 2; 30 bp: 3

Overview of removed sequences
length	count	expect	max.err	error counts
3	23	3383.3	0	23
4	1	845.8	0	1
5	1	211.5	0	1
28	1	0.0	2	0 0 1
30	1	0.0	3	1


=== Second read: Adapter 21 ===

Sequence: ACGTTGGATGGAAAAATAAATTGTAAATCATACTC; Type: regular 5'; Length: 35; Trimmed: 8367 times.

No. of allowed errors:
0-9 bp: 0; 10-19 bp: 1; 20-29 bp: 2; 30-35 bp: 3

Overview of removed sequences
length	count	expect	max.err	error counts
14	1	0.0	1	1
17	2	0.0	1	2
19	3	0.0	1	1 2
21	2	0.0	2	0 1 1
22	2	0.0	2	1 0 1
23	1	0.0	2	0 0 1
25	1	0.0	2	0 1
26	1	0.0	2	1
29	1	0.0	2	0 1
30	10	0.0	3	5 3 1 1
31	15	0.0	3	5 4 3 3
32	27	0.0	3	0 1 3 23
33	250	0.0	3	11 5 74 160
34	551	0.0	3	35 220 135 161
35	7246	0.0	3	3561 1671 897 1117
36	123	0.0	3	0 23 47 53
37	44	0.0	3	0 0 11 33
38	31	0.0	3	0 0 0 31
39	1	0.0	3	0 1
40	1	0.0	3	0 1
42	1	0.0	3	0 0 0 1
43	11	0.0	3	4 1 2 4
44	4	0.0	3	1 0 1 2
45	2	0.0	3	1 0 0 1
46	8	0.0	3	6 1 1
47	7	0.0	3	3 3 1
48	3	0.0	3	1 2
49	3	0.0	3	1 1 0 1
50	2	0.0	3	2
51	4	0.0	3	1 1 0 2
52	4	0.0	3	1 1 1 1
53	1	0.0	3	0 0 0 1
54	2	0.0	3	1 0 1
57	1	0.0	3	0 0 0 1
67	1	0.0	3	0 0 0 1


=== Second read: Adapter 22 ===

Sequence: ACGTTGGATGGAAAAATAAACTGTAAATCATATTCCT; Type: regular 5'; Length: 37; Trimmed: 27510 times.

No. of allowed errors:
0-9 bp: 0; 10-19 bp: 1; 20-29 bp: 2; 30-37 bp: 3

Overview of removed sequences
length	count	expect	max.err	error counts
3	111	3383.3	0	111
4	188	845.8	0	188
5	1	211.5	0	1
13	1	0.0	1	0 1
16	1	0.0	1	0 1
19	1	0.0	1	0 1
20	5	0.0	2	3 1 1
21	4	0.0	2	2 0 2
22	1	0.0	2	0 0 1
23	4	0.0	2	1 0 3
24	1	0.0	2	0 1
27	1	0.0	2	0 1
28	1	0.0	2	0 1
29	2	0.0	2	1 1
30	2	0.0	3	0 1 0 1
31	6	0.0	3	1 0 1 4
32	24	0.0	3	4 6 9 5
33	25	0.0	3	1 10 8 6
34	97	0.0	3	7 19 22 49
35	1560	0.0	3	12 26 968 554
36	5301	0.0	3	19 2703 1593 986
37	17152	0.0	3	4389 7054 3694 2015
38	1416	0.0	3	2 231 681 502
39	1272	0.0	3	0 0 276 996
40	237	0.0	3	0 0 0 237
43	1	0.0	3	0 0 1
44	6	0.0	3	0 4 1 1
45	17	0.0	3	1 7 6 3
46	8	0.0	3	0 5 3
47	8	0.0	3	0 6 1 1
48	7	0.0	3	0 5 1 1
49	8	0.0	3	0 5 2 1
50	8	0.0	3	0 5 0 3
51	2	0.0	3	0 2
52	6	0.0	3	1 2 3
53	4	0.0	3	0 3 0 1
54	4	0.0	3	1 1 2
55	8	0.0	3	1 2 2 3
56	1	0.0	3	0 0 0 1
57	3	0.0	3	0 1 1 1
58	3	0.0	3	1 1 1
60	1	0.0	3	0 1
61	1	0.0	3	0 1


=== Second read: Adapter 23 ===

Sequence: ACGTTGGATGGAAAAATAAACTGTAAATCATATTC; Type: regular 5'; Length: 35; Trimmed: 4222 times.

No. of allowed errors:
0-9 bp: 0; 10-19 bp: 1; 20-29 bp: 2; 30-35 bp: 3

Overview of removed sequences
length	count	expect	max.err	error counts
12	2	0.0	1	0 2
13	2	0.0	1	0 2
14	2	0.0	1	0 2
17	1	0.0	1	0 1
18	4	0.0	1	3 1
19	1	0.0	1	0 1
21	1	0.0	2	0 1
22	1	0.0	2	0 0 1
23	1	0.0	2	0 1
26	1	0.0	2	0 0 1
30	5	0.0	3	0 1 2 2
31	4	0.0	3	0 2 1 1
32	513	0.0	3	0 1 1 511
33	101	0.0	3	0 2 39 60
34	947	0.0	3	2 319 176 450
35	2072	0.0	3	293 472 347 960
36	473	0.0	3	0 78 171 224
37	63	0.0	3	0 0 19 44
38	21	0.0	3	0 0 0 21
42	1	0.0	3	0 0 0 1
43	2	0.0	3	0 0 2
44	1	0.0	3	1
48	1	0.0	3	0 0 0 1
54	1	0.0	3	0 1
62	1	0.0	3	0 1


=== Second read: Adapter 24 ===

Sequence: ACGTTGGATGGAAAAATAAATTGTAAATCAAATTC; Type: regular 5'; Length: 35; Trimmed: 3597 times.

No. of allowed errors:
0-9 bp: 0; 10-19 bp: 1; 20-29 bp: 2; 30-35 bp: 3

Overview of removed sequences
length	count	expect	max.err	error counts
6	11	52.9	0	11
14	1	0.0	1	1
21	1	0.0	2	0 1
22	1	0.0	2	0 0 1
24	1	0.0	2	0 1
28	1	0.0	2	0 0 1
29	1	0.0	2	0 0 1
30	6	0.0	3	3 1 1 1
31	3	0.0	3	0 2 1
32	7	0.0	3	0 2 0 5
33	25	0.0	3	3 1 9 12
34	173	0.0	3	11 87 49 26
35	3205	0.0	3	1778 744 425 258
36	87	0.0	3	0 36 31 20
37	47	0.0	3	0 0 26 21
38	12	0.0	3	0 0 1 11
43	4	0.0	3	1 2 0 1
44	2	0.0	3	1 1
45	1	0.0	3	0 1
46	1	0.0	3	0 0 1
47	1	0.0	3	0 1
50	2	0.0	3	1 1
51	2	0.0	3	1 1
54	1	0.0	3	0 0 0 1
57	1	0.0	3	1
