This is cutadapt 2.6 with Python 3.7.3
Command line parameters: -g ACGTTGGATGTTTGTTACTATGGTAGATACCACAC -g ACGTTGGATGTTTGTTACTAAGGTAGATACCACTC -g ACGTTGGATGTTTGTTACTGTGGTGGATACTAC -g ACGTTGGATGTTTGTTACTGTTGTGGATACAAC -g ACGTTGGATGTTTGTTACCGTTGTTGATACTAC -g ACGTTGGATGAATATATGTGTGCTTATTTG -G ACGTTGGATGTTTGTTACTATGGTAGATACCACAC -G ACGTTGGATGTTTGTTACTGTGGTGGATACTAC -G ACGTTGGATGTTTGTTACTGTTGTGGATACAAC -G ACGTTGGATGTTTGTTACCGTTGTTGATACTAC -G ACGTTGGATGAATATATGTGTGCTTATTTG -G ACGTTGGATGTTTGTTACTAAGGTAGATACCACTC -g ACGTTGGATGGAAAAATAAACTGCAAATCATATTC -g ACGTTGGATGGAAAAATAAACTGTAAATCATATTC -g ACGTTGGATGGAAAAATAAATTGTAAATCATACTC -g ACGTTGGATGAGATTAGGGAAAGTATTAGA -g ACGTTGGATGGAAAAATAAATTGTAAATCAAATTC -g ACGTTGGATGGAAAAATAAACTGTAAATCATATTCCT -G ACGTTGGATGGAAAAATAAACTGCAAATCATATTC -G ACGTTGGATGAGATTAGGGAAAGTATTAGA -G ACGTTGGATGGAAAAATAAATTGTAAATCATACTC -G ACGTTGGATGGAAAAATAAACTGTAAATCATATTCCT -G ACGTTGGATGGAAAAATAAACTGTAAATCATATTC -G ACGTTGGATGGAAAAATAAATTGTAAATCAAATTC --minimum-length=1 -o /data/projects/mdc-971/reprocess_June_2019_data/analysis/30.primer_trimmed/180487_S89_cutadapt.1.fq.gz -p /data/projects/mdc-971/reprocess_June_2019_data/analysis/30.primer_trimmed/180487_S89_cutadapt.2.fq.gz /data/projects/mdc-971/reprocess_June_2019_data/analysis/20.adapter_trimmed/180487_S89_R1_001.bbduked.trimmed.fastq.gz /data/projects/mdc-971/reprocess_June_2019_data/analysis/20.adapter_trimmed/180487_S89_R2_001.bbduked.trimmed.fastq.gz
Processing reads on 1 core in paired-end mode ...
Finished in 3.33 s (392 us/read; 0.15 M reads/minute).

=== Summary ===

Total read pairs processed:              8,478
  Read 1 with adapter:                   7,428 (87.6%)
  Read 2 with adapter:                   5,864 (69.2%)
Pairs that were too short:                   0 (0.0%)
Pairs written (passing filters):         8,478 (100.0%)

Total basepairs processed:     2,515,083 bp
  Read 1:     1,243,386 bp
  Read 2:     1,271,697 bp
Total written (filtered):      2,054,591 bp (81.7%)
  Read 1:       983,790 bp
  Read 2:     1,070,801 bp

=== First read: Adapter 1 ===

Sequence: ACGTTGGATGTTTGTTACTATGGTAGATACCACAC; Type: regular 5'; Length: 35; Trimmed: 700 times.

No. of allowed errors:
0-9 bp: 0; 10-19 bp: 1; 20-29 bp: 2; 30-35 bp: 3

Overview of removed sequences
length	count	expect	max.err	error counts
26	1	0.0	2	0 1
28	1	0.0	2	0 0 0 1
29	3	0.0	2	0 2 1
30	10	0.0	3	4 2 3 1
31	7	0.0	3	1 3 2 1
32	10	0.0	3	0 1 3 6
33	36	0.0	3	2 3 15 16
34	75	0.0	3	1 23 27 24
35	518	0.0	3	92 284 85 57
36	20	0.0	3	0 4 10 6
37	7	0.0	3	0 0 5 2
38	12	0.0	3	0 0 0 12


=== First read: Adapter 2 ===

Sequence: ACGTTGGATGTTTGTTACTAAGGTAGATACCACTC; Type: regular 5'; Length: 35; Trimmed: 665 times.

No. of allowed errors:
0-9 bp: 0; 10-19 bp: 1; 20-29 bp: 2; 30-35 bp: 3

Overview of removed sequences
length	count	expect	max.err	error counts
27	2	0.0	2	2
28	1	0.0	2	0 1
29	2	0.0	2	1 1
30	13	0.0	3	8 5
31	8	0.0	3	5 1 2
32	13	0.0	3	4 5 2 2
33	21	0.0	3	10 6 3 2
34	63	0.0	3	18 30 12 3
35	525	0.0	3	335 105 49 36
36	10	0.0	3	0 5 4 1
37	3	0.0	3	0 0 1 2
38	3	0.0	3	0 0 0 3
55	1	0.0	3	0 0 1


=== First read: Adapter 3 ===

Sequence: ACGTTGGATGTTTGTTACTGTGGTGGATACTAC; Type: regular 5'; Length: 33; Trimmed: 652 times.

No. of allowed errors:
0-9 bp: 0; 10-19 bp: 1; 20-29 bp: 2; 30-33 bp: 3

Overview of removed sequences
length	count	expect	max.err	error counts
16	1	0.0	1	1
21	1	0.0	2	0 1
24	1	0.0	2	0 1
25	6	0.0	2	2 3 1
26	9	0.0	2	4 4 1
27	15	0.0	2	8 5 2
28	14	0.0	2	8 3 3
29	9	0.0	2	2 5 1 1
30	25	0.0	3	4 4 6 11
31	34	0.0	3	7 7 13 7
32	75	0.0	3	7 31 25 12
33	350	0.0	3	145 110 53 42
34	101	0.0	3	0 51 44 6
35	11	0.0	3	0 0 6 5


=== First read: Adapter 4 ===

Sequence: ACGTTGGATGTTTGTTACTGTTGTGGATACAAC; Type: regular 5'; Length: 33; Trimmed: 300 times.

No. of allowed errors:
0-9 bp: 0; 10-19 bp: 1; 20-29 bp: 2; 30-33 bp: 3

Overview of removed sequences
length	count	expect	max.err	error counts
25	3	0.0	2	1 0 2
26	1	0.0	2	1
27	3	0.0	2	2 1
28	1	0.0	2	0 1
29	3	0.0	2	0 0 3
30	4	0.0	3	1 0 0 3
31	9	0.0	3	0 4 3 2
32	12	0.0	3	4 4 1 3
33	228	0.0	3	95 69 36 28
34	19	0.0	3	0 7 5 7
35	10	0.0	3	0 0 6 4
36	7	0.0	3	0 0 0 7


=== First read: Adapter 5 ===

Sequence: ACGTTGGATGTTTGTTACCGTTGTTGATACTAC; Type: regular 5'; Length: 33; Trimmed: 498 times.

No. of allowed errors:
0-9 bp: 0; 10-19 bp: 1; 20-29 bp: 2; 30-33 bp: 3

Overview of removed sequences
length	count	expect	max.err	error counts
24	1	0.0	2	1
25	6	0.0	2	1 4 1
26	2	0.0	2	1 1
27	6	0.0	2	2 4
28	11	0.0	2	7 4
29	5	0.0	2	2 1 1 1
30	29	0.0	3	8 7 3 11
31	32	0.0	3	11 6 7 8
32	74	0.0	3	5 21 26 22
33	283	0.0	3	139 79 46 19
34	40	0.0	3	0 20 13 7
35	6	0.0	3	0 0 2 4
36	2	0.0	3	0 0 0 2
41	1	0.0	3	0 0 0 1


=== First read: Adapter 6 ===

Sequence: ACGTTGGATGAATATATGTGTGCTTATTTG; Type: regular 5'; Length: 30; Trimmed: 2 times.

No. of allowed errors:
0-9 bp: 0; 10-19 bp: 1; 20-29 bp: 2; 30 bp: 3

Overview of removed sequences
length	count	expect	max.err	error counts
3	2	132.5	0	2


=== First read: Adapter 7 ===

Sequence: ACGTTGGATGGAAAAATAAACTGCAAATCATATTC; Type: regular 5'; Length: 35; Trimmed: 923 times.

No. of allowed errors:
0-9 bp: 0; 10-19 bp: 1; 20-29 bp: 2; 30-35 bp: 3

Overview of removed sequences
length	count	expect	max.err	error counts
28	1	0.0	2	0 0 1
30	6	0.0	3	1 3 0 2
31	6	0.0	3	2 2 1 1
32	12	0.0	3	1 2 0 9
33	32	0.0	3	1 2 10 19
34	160	0.0	3	3 104 37 16
35	575	0.0	3	352 96 49 78
36	115	0.0	3	0 81 23 11
37	9	0.0	3	0 0 5 4
38	7	0.0	3	0 0 0 7


=== First read: Adapter 8 ===

Sequence: ACGTTGGATGGAAAAATAAACTGTAAATCATATTC; Type: regular 5'; Length: 35; Trimmed: 220 times.

No. of allowed errors:
0-9 bp: 0; 10-19 bp: 1; 20-29 bp: 2; 30-35 bp: 3

Overview of removed sequences
length	count	expect	max.err	error counts
32	27	0.0	3	0 1 0 26
33	7	0.0	3	0 1 2 4
34	55	0.0	3	0 35 3 17
35	102	0.0	3	11 24 30 37
36	18	0.0	3	0 6 6 6
37	8	0.0	3	0 0 2 6
38	3	0.0	3	0 0 0 3


=== First read: Adapter 9 ===

Sequence: ACGTTGGATGGAAAAATAAATTGTAAATCATACTC; Type: regular 5'; Length: 35; Trimmed: 491 times.

No. of allowed errors:
0-9 bp: 0; 10-19 bp: 1; 20-29 bp: 2; 30-35 bp: 3

Overview of removed sequences
length	count	expect	max.err	error counts
31	3	0.0	3	2 1
32	1	0.0	3	0 0 0 1
33	10	0.0	3	0 0 7 3
34	31	0.0	3	11 13 7
35	434	0.0	3	282 80 37 35
36	3	0.0	3	0 2 0 1
37	1	0.0	3	0 0 0 1
38	8	0.0	3	0 0 0 8


=== First read: Adapter 10 ===

Sequence: ACGTTGGATGAGATTAGGGAAAGTATTAGA; Type: regular 5'; Length: 30; Trimmed: 0 times.

=== First read: Adapter 11 ===

Sequence: ACGTTGGATGGAAAAATAAATTGTAAATCAAATTC; Type: regular 5'; Length: 35; Trimmed: 649 times.

No. of allowed errors:
0-9 bp: 0; 10-19 bp: 1; 20-29 bp: 2; 30-35 bp: 3

Overview of removed sequences
length	count	expect	max.err	error counts
30	1	0.0	3	0 0 1
33	4	0.0	3	2 0 2
34	13	0.0	3	3 4 3 3
35	593	0.0	3	406 108 50 29
36	14	0.0	3	0 4 6 4
38	24	0.0	3	0 0 0 24


=== First read: Adapter 12 ===

Sequence: ACGTTGGATGGAAAAATAAACTGTAAATCATATTCCT; Type: regular 5'; Length: 37; Trimmed: 2328 times.

No. of allowed errors:
0-9 bp: 0; 10-19 bp: 1; 20-29 bp: 2; 30-37 bp: 3

Overview of removed sequences
length	count	expect	max.err	error counts
18	1	0.0	1	1
28	1	0.0	2	0 0 1
30	1	0.0	3	0 0 1
31	3	0.0	3	0 1 2
32	6	0.0	3	2 2 1 1
33	5	0.0	3	1 3 0 1
34	7	0.0	3	1 4 0 2
35	68	0.0	3	2 7 41 18
36	569	0.0	3	8 295 155 111
37	1494	0.0	3	589 561 229 115
38	76	0.0	3	0 18 37 21
39	84	0.0	3	0 0 15 69
40	13	0.0	3	0 0 0 13


=== Second read: Adapter 13 ===

Sequence: ACGTTGGATGTTTGTTACTATGGTAGATACCACAC; Type: regular 5'; Length: 35; Trimmed: 650 times.

No. of allowed errors:
0-9 bp: 0; 10-19 bp: 1; 20-29 bp: 2; 30-35 bp: 3

Overview of removed sequences
length	count	expect	max.err	error counts
26	1	0.0	2	0 0 1
31	3	0.0	3	1 2
32	3	0.0	3	0 0 1 2
33	55	0.0	3	0 4 26 25
34	53	0.0	3	0 12 18 23
35	475	0.0	3	51 193 145 86
36	33	0.0	3	0 4 17 12
37	14	0.0	3	0 0 3 11
38	13	0.0	3	0 0 0 13


=== Second read: Adapter 14 ===

Sequence: ACGTTGGATGTTTGTTACTGTGGTGGATACTAC; Type: regular 5'; Length: 33; Trimmed: 999 times.

No. of allowed errors:
0-9 bp: 0; 10-19 bp: 1; 20-29 bp: 2; 30-33 bp: 3

Overview of removed sequences
length	count	expect	max.err	error counts
26	3	0.0	2	1 1 1
28	2	0.0	2	0 1 1
29	2	0.0	2	1 1
30	53	0.0	3	0 1 1 51
31	91	0.0	3	4 1 26 60
32	185	0.0	3	4 53 68 60
33	465	0.0	3	162 168 84 51
34	168	0.0	3	0 71 57 40
35	14	0.0	3	0 0 4 10
36	4	0.0	3	0 0 0 4
40	2	0.0	3	0 1 0 1
41	1	0.0	3	0 1
42	2	0.0	3	1 0 1
44	1	0.0	3	1
45	1	0.0	3	0 1
46	2	0.0	3	0 0 1 1
47	1	0.0	3	0 0 0 1
52	2	0.0	3	0 0 1 1


=== Second read: Adapter 15 ===

Sequence: ACGTTGGATGTTTGTTACTGTTGTGGATACAAC; Type: regular 5'; Length: 33; Trimmed: 549 times.

No. of allowed errors:
0-9 bp: 0; 10-19 bp: 1; 20-29 bp: 2; 30-33 bp: 3

Overview of removed sequences
length	count	expect	max.err	error counts
3	13	132.5	0	13
28	1	0.0	2	0 0 1
30	3	0.0	3	0 1 0 2
31	22	0.0	3	1 1 7 13
32	112	0.0	3	0 35 44 33
33	332	0.0	3	86 88 92 66
34	35	0.0	3	0 11 12 12
35	14	0.0	3	0 0 6 8
36	7	0.0	3	0 0 0 7
41	4	0.0	3	0 2 2
44	1	0.0	3	0 0 0 1
45	1	0.0	3	0 0 0 1
49	1	0.0	3	0 0 0 1
53	2	0.0	3	0 0 2
57	1	0.0	3	1


=== Second read: Adapter 16 ===

Sequence: ACGTTGGATGTTTGTTACCGTTGTTGATACTAC; Type: regular 5'; Length: 33; Trimmed: 678 times.

No. of allowed errors:
0-9 bp: 0; 10-19 bp: 1; 20-29 bp: 2; 30-33 bp: 3

Overview of removed sequences
length	count	expect	max.err	error counts
27	1	0.0	2	0 0 1
28	4	0.0	2	1 2 1
29	2	0.0	2	1 1
30	58	0.0	3	2 2 2 52
31	21	0.0	3	2 4 0 15
32	161	0.0	3	0 43 65 53
33	355	0.0	3	134 114 75 32
34	67	0.0	3	0 23 20 24
35	7	0.0	3	0 0 2 5
42	1	0.0	3	1
46	1	0.0	3	0 0 1


=== Second read: Adapter 17 ===

Sequence: ACGTTGGATGAATATATGTGTGCTTATTTG; Type: regular 5'; Length: 30; Trimmed: 6 times.

No. of allowed errors:
0-9 bp: 0; 10-19 bp: 1; 20-29 bp: 2; 30 bp: 3

Overview of removed sequences
length	count	expect	max.err	error counts
3	4	132.5	0	4
5	1	8.3	0	1
30	1	0.0	3	0 1


=== Second read: Adapter 18 ===

Sequence: ACGTTGGATGTTTGTTACTAAGGTAGATACCACTC; Type: regular 5'; Length: 35; Trimmed: 672 times.

No. of allowed errors:
0-9 bp: 0; 10-19 bp: 1; 20-29 bp: 2; 30-35 bp: 3

Overview of removed sequences
length	count	expect	max.err	error counts
4	1	33.1	0	1
30	2	0.0	3	1 1
31	1	0.0	3	0 1
32	2	0.0	3	0 1 0 1
33	14	0.0	3	3 3 3 5
34	65	0.0	3	4 20 21 20
35	553	0.0	3	192 163 127 71
36	22	0.0	3	0 7 6 9
37	9	0.0	3	0 0 6 3
38	2	0.0	3	0 0 0 2
45	1	0.0	3	0 0 0 1


=== Second read: Adapter 19 ===

Sequence: ACGTTGGATGGAAAAATAAACTGCAAATCATATTC; Type: regular 5'; Length: 35; Trimmed: 326 times.

No. of allowed errors:
0-9 bp: 0; 10-19 bp: 1; 20-29 bp: 2; 30-35 bp: 3

Overview of removed sequences
length	count	expect	max.err	error counts
30	3	0.0	3	2 1
31	1	0.0	3	0 1
32	3	0.0	3	0 0 1 2
33	8	0.0	3	0 1 3 4
34	48	0.0	3	0 30 10 8
35	214	0.0	3	103 47 27 37
36	41	0.0	3	0 19 9 13
37	7	0.0	3	0 0 3 4
38	1	0.0	3	0 0 0 1


=== Second read: Adapter 20 ===

Sequence: ACGTTGGATGAGATTAGGGAAAGTATTAGA; Type: regular 5'; Length: 30; Trimmed: 2 times.

No. of allowed errors:
0-9 bp: 0; 10-19 bp: 1; 20-29 bp: 2; 30 bp: 3

Overview of removed sequences
length	count	expect	max.err	error counts
3	2	132.5	0	2


=== Second read: Adapter 21 ===

Sequence: ACGTTGGATGGAAAAATAAATTGTAAATCATACTC; Type: regular 5'; Length: 35; Trimmed: 267 times.

No. of allowed errors:
0-9 bp: 0; 10-19 bp: 1; 20-29 bp: 2; 30-35 bp: 3

Overview of removed sequences
length	count	expect	max.err	error counts
31	1	0.0	3	1
32	1	0.0	3	0 0 0 1
33	8	0.0	3	0 0 2 6
34	21	0.0	3	2 8 2 9
35	227	0.0	3	97 51 42 37
36	3	0.0	3	0 0 2 1
38	4	0.0	3	0 0 0 4
46	2	0.0	3	0 0 1 1


=== Second read: Adapter 22 ===

Sequence: ACGTTGGATGGAAAAATAAACTGTAAATCATATTCCT; Type: regular 5'; Length: 37; Trimmed: 1217 times.

No. of allowed errors:
0-9 bp: 0; 10-19 bp: 1; 20-29 bp: 2; 30-37 bp: 3

Overview of removed sequences
length	count	expect	max.err	error counts
3	13	132.5	0	13
4	10	33.1	0	10
32	1	0.0	3	0 1
33	2	0.0	3	0 0 0 2
34	2	0.0	3	0 0 1 1
35	41	0.0	3	0 1 24 16
36	225	0.0	3	3 117 60 45
37	878	0.0	3	252 318 185 123
38	25	0.0	3	0 5 14 6
39	17	0.0	3	0 0 4 13
40	2	0.0	3	0 0 0 2
53	1	0.0	3	0 1


=== Second read: Adapter 23 ===

Sequence: ACGTTGGATGGAAAAATAAACTGTAAATCATATTC; Type: regular 5'; Length: 35; Trimmed: 90 times.

No. of allowed errors:
0-9 bp: 0; 10-19 bp: 1; 20-29 bp: 2; 30-35 bp: 3

Overview of removed sequences
length	count	expect	max.err	error counts
32	9	0.0	3	0 0 0 9
33	3	0.0	3	0 0 2 1
34	17	0.0	3	0 6 2 9
35	45	0.0	3	4 9 7 25
36	11	0.0	3	0 2 4 5
37	2	0.0	3	0 0 0 2
38	3	0.0	3	0 0 0 3


=== Second read: Adapter 24 ===

Sequence: ACGTTGGATGGAAAAATAAATTGTAAATCAAATTC; Type: regular 5'; Length: 35; Trimmed: 408 times.

No. of allowed errors:
0-9 bp: 0; 10-19 bp: 1; 20-29 bp: 2; 30-35 bp: 3

Overview of removed sequences
length	count	expect	max.err	error counts
34	6	0.0	3	1 2 1 2
35	384	0.0	3	198 89 66 31
36	8	0.0	3	0 4 1 3
37	1	0.0	3	0 0 1
38	9	0.0	3	0 0 0 9
