This is cutadapt 2.6 with Python 3.7.3
Command line parameters: -g ACGTTGGATGTTTGTTACTATGGTAGATACCACAC -g ACGTTGGATGTTTGTTACTAAGGTAGATACCACTC -g ACGTTGGATGTTTGTTACTGTGGTGGATACTAC -g ACGTTGGATGTTTGTTACTGTTGTGGATACAAC -g ACGTTGGATGTTTGTTACCGTTGTTGATACTAC -g ACGTTGGATGAATATATGTGTGCTTATTTG -G ACGTTGGATGTTTGTTACTATGGTAGATACCACAC -G ACGTTGGATGTTTGTTACTGTGGTGGATACTAC -G ACGTTGGATGTTTGTTACTGTTGTGGATACAAC -G ACGTTGGATGTTTGTTACCGTTGTTGATACTAC -G ACGTTGGATGAATATATGTGTGCTTATTTG -G ACGTTGGATGTTTGTTACTAAGGTAGATACCACTC -g ACGTTGGATGGAAAAATAAACTGCAAATCATATTC -g ACGTTGGATGGAAAAATAAACTGTAAATCATATTC -g ACGTTGGATGGAAAAATAAATTGTAAATCATACTC -g ACGTTGGATGAGATTAGGGAAAGTATTAGA -g ACGTTGGATGGAAAAATAAATTGTAAATCAAATTC -g ACGTTGGATGGAAAAATAAACTGTAAATCATATTCCT -G ACGTTGGATGGAAAAATAAACTGCAAATCATATTC -G ACGTTGGATGAGATTAGGGAAAGTATTAGA -G ACGTTGGATGGAAAAATAAATTGTAAATCATACTC -G ACGTTGGATGGAAAAATAAACTGTAAATCATATTCCT -G ACGTTGGATGGAAAAATAAACTGTAAATCATATTC -G ACGTTGGATGGAAAAATAAATTGTAAATCAAATTC --minimum-length=1 -o /data/projects/mdc-971/reprocess_June_2019_data/analysis/30.primer_trimmed/180405_S47_cutadapt.1.fq.gz -p /data/projects/mdc-971/reprocess_June_2019_data/analysis/30.primer_trimmed/180405_S47_cutadapt.2.fq.gz /data/projects/mdc-971/reprocess_June_2019_data/analysis/20.adapter_trimmed/180405_S47_R1_001.bbduked.trimmed.fastq.gz /data/projects/mdc-971/reprocess_June_2019_data/analysis/20.adapter_trimmed/180405_S47_R2_001.bbduked.trimmed.fastq.gz
Processing reads on 1 core in paired-end mode ...
Finished in 188.38 s (384 us/read; 0.16 M reads/minute).

=== Summary ===

Total read pairs processed:            490,553
  Read 1 with adapter:                 428,142 (87.3%)
  Read 2 with adapter:                 338,752 (69.1%)
Pairs that were too short:                   0 (0.0%)
Pairs written (passing filters):       490,553 (100.0%)

Total basepairs processed:   143,640,551 bp
  Read 1:    70,057,692 bp
  Read 2:    73,582,859 bp
Total written (filtered):    117,452,659 bp (81.8%)
  Read 1:    55,228,477 bp
  Read 2:    62,224,182 bp

=== First read: Adapter 1 ===

Sequence: ACGTTGGATGTTTGTTACTATGGTAGATACCACAC; Type: regular 5'; Length: 35; Trimmed: 29061 times.

No. of allowed errors:
0-9 bp: 0; 10-19 bp: 1; 20-29 bp: 2; 30-35 bp: 3

Overview of removed sequences
length	count	expect	max.err	error counts
3	6	7664.9	0	6
4	2	1916.2	0	2
14	1	0.0	1	1
16	1	0.0	1	1
18	4	0.0	1	2 2
19	3	0.0	1	2 1
20	1	0.0	2	1
21	3	0.0	2	0 2 1
22	8	0.0	2	3 5
23	8	0.0	2	4 2 2
24	7	0.0	2	3 1 3
25	3	0.0	2	0 2 1
26	56	0.0	2	24 19 13
27	104	0.0	2	44 37 21 2
28	131	0.0	2	51 43 26 11
29	277	0.0	2	117 87 51 22
30	531	0.0	3	216 163 93 59
31	369	0.0	3	75 102 124 68
32	667	0.0	3	101 142 152 272
33	1739	0.0	3	70 145 817 707
34	5302	0.0	3	77 2295 1658 1272
35	13830	0.0	3	5235 4304 2516 1775
36	3646	0.0	3	7 1026 1555 1058
37	1140	0.0	3	0 1 582 557
38	1217	0.0	3	0 0 0 1217
39	5	0.0	3	0 0 1 4


=== First read: Adapter 2 ===

Sequence: ACGTTGGATGTTTGTTACTAAGGTAGATACCACTC; Type: regular 5'; Length: 35; Trimmed: 13275 times.

No. of allowed errors:
0-9 bp: 0; 10-19 bp: 1; 20-29 bp: 2; 30-35 bp: 3

Overview of removed sequences
length	count	expect	max.err	error counts
4	1	1916.2	0	1
18	1	0.0	1	0 1
19	1	0.0	1	1
21	1	0.0	2	1
22	1	0.0	2	1
23	4	0.0	2	2 2
25	3	0.0	2	0 1 2
26	31	0.0	2	5 19 7
27	50	0.0	2	21 22 7
28	73	0.0	2	20 34 17 2
29	177	0.0	2	30 97 37 13
30	238	0.0	3	92 76 47 23
31	242	0.0	3	49 97 60 36
32	317	0.0	3	56 102 87 72
33	737	0.0	3	48 113 331 245
34	3740	0.0	3	88 2041 1009 602
35	6127	0.0	3	3583 1323 752 469
36	587	0.0	3	1 187 235 164
37	802	0.0	3	0 0 486 316
38	139	0.0	3	0 0 0 139
43	1	0.0	3	1
47	1	0.0	3	0 1
52	1	0.0	3	0 0 0 1


=== First read: Adapter 3 ===

Sequence: ACGTTGGATGTTTGTTACTGTGGTGGATACTAC; Type: regular 5'; Length: 33; Trimmed: 45730 times.

No. of allowed errors:
0-9 bp: 0; 10-19 bp: 1; 20-29 bp: 2; 30-33 bp: 3

Overview of removed sequences
length	count	expect	max.err	error counts
3	2	7664.9	0	2
4	2	1916.2	0	2
8	1	7.5	0	1
12	1	0.0	1	0 1
14	5	0.0	1	2 3
15	4	0.0	1	3 1
16	3	0.0	1	1 2
17	5	0.0	1	4 1
18	10	0.0	1	2 8
19	23	0.0	1	13 8 2
20	48	0.0	2	32 14 2
21	32	0.0	2	17 11 4
22	23	0.0	2	6 10 7
23	22	0.0	2	7 7 8
24	217	0.0	2	94 87 36
25	558	0.0	2	256 221 81
26	856	0.0	2	334 357 165
27	1255	0.0	2	662 444 147 2
28	1537	0.0	2	690 552 279 16
29	1330	0.0	2	234 653 371 72
30	2489	0.0	3	470 666 397 956
31	3364	0.0	3	284 840 1263 977
32	6168	0.0	3	252 2323 2117 1476
33	16021	0.0	3	5967 4915 3101 2038
34	11166	0.0	3	1 5372 4015 1778
35	423	0.0	3	1 3 155 264
36	120	0.0	3	1 1 3 115
37	8	0.0	3	4 2 1 1
38	3	0.0	3	0 0 2 1
39	3	0.0	3	1 0 2
40	2	0.0	3	0 1 0 1
41	5	0.0	3	0 1 3 1
42	5	0.0	3	1 0 2 2
43	4	0.0	3	1 1 2
44	3	0.0	3	1 1 0 1
45	1	0.0	3	0 0 0 1
46	4	0.0	3	0 2 2
47	1	0.0	3	0 0 0 1
48	3	0.0	3	0 1 1 1
51	1	0.0	3	0 1
53	2	0.0	3	0 0 1 1


=== First read: Adapter 4 ===

Sequence: ACGTTGGATGTTTGTTACTGTTGTGGATACAAC; Type: regular 5'; Length: 33; Trimmed: 20787 times.

No. of allowed errors:
0-9 bp: 0; 10-19 bp: 1; 20-29 bp: 2; 30-33 bp: 3

Overview of removed sequences
length	count	expect	max.err	error counts
3	39	7664.9	0	39
4	1	1916.2	0	1
16	3	0.0	1	1 2
17	1	0.0	1	1
18	1	0.0	1	0 1
20	3	0.0	2	1 2
21	4	0.0	2	2 1 1
22	1	0.0	2	1
24	42	0.0	2	15 14 13
25	259	0.0	2	104 97 58
26	205	0.0	2	107 80 18
27	197	0.0	2	93 86 18
28	317	0.0	2	183 103 30 1
29	209	0.0	2	80 76 41 12
30	321	0.0	3	110 108 60 43
31	644	0.0	3	100 135 213 196
32	2246	0.0	3	158 917 504 667
33	14412	0.0	3	6857 3641 2697 1217
34	1279	0.0	3	2 515 433 329
35	390	0.0	3	0 2 152 236
36	199	0.0	3	1 0 0 198
37	1	0.0	3	0 0 1
38	1	0.0	3	0 0 1
39	1	0.0	3	0 0 0 1
40	1	0.0	3	0 0 0 1
41	1	0.0	3	0 1
42	1	0.0	3	1
44	2	0.0	3	1 0 0 1
50	2	0.0	3	2
52	1	0.0	3	1
54	1	0.0	3	0 0 0 1
58	1	0.0	3	0 0 0 1
64	1	0.0	3	1


=== First read: Adapter 5 ===

Sequence: ACGTTGGATGTTTGTTACCGTTGTTGATACTAC; Type: regular 5'; Length: 33; Trimmed: 32898 times.

No. of allowed errors:
0-9 bp: 0; 10-19 bp: 1; 20-29 bp: 2; 30-33 bp: 3

Overview of removed sequences
length	count	expect	max.err	error counts
10	1	0.5	1	0 1
11	1	0.1	1	1
12	1	0.0	1	1
14	1	0.0	1	1
15	1	0.0	1	1
16	1	0.0	1	1
17	4	0.0	1	0 4
18	2	0.0	1	0 2
19	6	0.0	1	3 3
20	34	0.0	2	23 9 2
21	11	0.0	2	6 5
22	7	0.0	2	3 1 3
23	7	0.0	2	3 2 2
24	149	0.0	2	94 35 20
25	344	0.0	2	208 97 39
26	520	0.0	2	236 201 83
27	1197	0.0	2	788 308 97 4
28	1710	0.0	2	941 525 234 10
29	1171	0.0	2	336 465 293 77
30	3787	0.0	3	906 881 436 1564
31	2829	0.0	3	461 712 732 924
32	8063	0.0	3	261 1532 3987 2283
33	9758	0.0	3	4524 2935 1494 805
34	2346	0.0	3	1 1034 785 526
35	446	0.0	3	1 3 111 331
36	482	0.0	3	0 0 0 482
37	1	0.0	3	0 1
39	3	0.0	3	0 0 1 2
40	2	0.0	3	1 0 0 1
41	4	0.0	3	1 1 0 2
42	1	0.0	3	0 0 1
44	2	0.0	3	0 1 1
45	2	0.0	3	1 1
46	1	0.0	3	0 1
47	1	0.0	3	0 0 0 1
63	1	0.0	3	0 0 1
65	1	0.0	3	0 1


=== First read: Adapter 6 ===

Sequence: ACGTTGGATGAATATATGTGTGCTTATTTG; Type: regular 5'; Length: 30; Trimmed: 208 times.

No. of allowed errors:
0-9 bp: 0; 10-19 bp: 1; 20-29 bp: 2; 30 bp: 3

Overview of removed sequences
length	count	expect	max.err	error counts
3	168	7664.9	0	168
4	25	1916.2	0	25
5	2	479.1	0	2
29	1	0.0	2	0 0 1
30	11	0.0	3	6 2 3
31	1	0.0	3	0 0 1


=== First read: Adapter 7 ===

Sequence: ACGTTGGATGGAAAAATAAACTGCAAATCATATTC; Type: regular 5'; Length: 35; Trimmed: 93939 times.

No. of allowed errors:
0-9 bp: 0; 10-19 bp: 1; 20-29 bp: 2; 30-35 bp: 3

Overview of removed sequences
length	count	expect	max.err	error counts
21	2	0.0	2	0 0 2
23	1	0.0	2	0 0 1
24	1	0.0	2	0 0 1
25	4	0.0	2	2 1 1
26	8	0.0	2	5 1 2
27	6	0.0	2	5 1
28	9	0.0	2	5 1 3
29	56	0.0	2	9 26 16 5
30	283	0.0	3	106 90 57 30
31	193	0.0	3	76 54 40 23
32	1652	0.0	3	68 65 29 1490
33	1875	0.0	3	37 98 1008 732
34	19448	0.0	3	117 14898 2917 1516
35	47346	0.0	3	32269 8693 3542 2842
36	21110	0.0	3	0 16484 3095 1531
37	1528	0.0	3	0 0 663 865
38	413	0.0	3	0 0 0 413
41	2	0.0	3	0 1 1
42	1	0.0	3	0 1
44	1	0.0	3	0 1


=== First read: Adapter 8 ===

Sequence: ACGTTGGATGGAAAAATAAACTGTAAATCATATTC; Type: regular 5'; Length: 35; Trimmed: 18662 times.

No. of allowed errors:
0-9 bp: 0; 10-19 bp: 1; 20-29 bp: 2; 30-35 bp: 3

Overview of removed sequences
length	count	expect	max.err	error counts
23	1	0.0	2	0 0 1
26	5	0.0	2	2 0 3
28	1	0.0	2	0 0 1
29	6	0.0	2	0 1 2 3
30	8	0.0	3	1 3 3 1
31	20	0.0	3	1 4 4 11
32	2855	0.0	3	0 2 4 2849
33	738	0.0	3	2 17 359 360
34	5596	0.0	3	5 3822 796 973
35	6954	0.0	3	1375 2277 1761 1541
36	1491	0.0	3	0 303 593 595
37	879	0.0	3	0 0 169 710
38	106	0.0	3	0 0 1 105
44	1	0.0	3	0 0 0 1
47	1	0.0	3	0 0 0 1


=== First read: Adapter 9 ===

Sequence: ACGTTGGATGGAAAAATAAATTGTAAATCATACTC; Type: regular 5'; Length: 35; Trimmed: 45432 times.

No. of allowed errors:
0-9 bp: 0; 10-19 bp: 1; 20-29 bp: 2; 30-35 bp: 3

Overview of removed sequences
length	count	expect	max.err	error counts
27	1	0.0	2	0 0 1
29	2	0.0	2	1 0 1
30	25	0.0	3	18 4 2 1
31	46	0.0	3	28 11 3 4
32	188	0.0	3	13 8 5 162
33	1402	0.0	3	31 47 828 496
34	3111	0.0	3	809 1547 518 237
35	39596	0.0	3	26006 7386 2309 3895
36	421	0.0	3	4 173 113 131
37	262	0.0	3	2 0 92 168
38	354	0.0	3	1 0 1 352
39	2	0.0	3	2
42	5	0.0	3	1 1 2 1
43	2	0.0	3	0 1 0 1
44	1	0.0	3	1
46	4	0.0	3	2 0 1 1
47	3	0.0	3	2 0 0 1
50	2	0.0	3	1 1
51	1	0.0	3	1
52	1	0.0	3	0 0 1
54	1	0.0	3	0 0 1
56	1	0.0	3	1
57	1	0.0	3	0 0 1


=== First read: Adapter 10 ===

Sequence: ACGTTGGATGAGATTAGGGAAAGTATTAGA; Type: regular 5'; Length: 30; Trimmed: 59 times.

No. of allowed errors:
0-9 bp: 0; 10-19 bp: 1; 20-29 bp: 2; 30 bp: 3

Overview of removed sequences
length	count	expect	max.err	error counts
3	51	7664.9	0	51
4	1	1916.2	0	1
5	1	479.1	0	1
26	1	0.0	2	0 0 1
29	2	0.0	2	1 0 1
30	1	0.0	3	1
31	2	0.0	3	0 2


=== First read: Adapter 11 ===

Sequence: ACGTTGGATGGAAAAATAAATTGTAAATCAAATTC; Type: regular 5'; Length: 35; Trimmed: 20942 times.

No. of allowed errors:
0-9 bp: 0; 10-19 bp: 1; 20-29 bp: 2; 30-35 bp: 3

Overview of removed sequences
length	count	expect	max.err	error counts
5	2	479.1	0	2
17	1	0.0	1	1
22	2	0.0	2	0 2
27	1	0.0	2	0 1
29	4	0.0	2	1 3
30	13	0.0	3	8 5
31	12	0.0	3	6 3 1 2
32	34	0.0	3	7 0 3 24
33	87	0.0	3	10 14 32 31
34	717	0.0	3	66 323 196 132
35	19452	0.0	3	13253 3992 1521 686
36	303	0.0	3	2 130 87 84
37	143	0.0	3	0 0 64 79
38	169	0.0	3	0 0 0 169
49	1	0.0	3	0 0 1
51	1	0.0	3	0 0 0 1


=== First read: Adapter 12 ===

Sequence: ACGTTGGATGGAAAAATAAACTGTAAATCATATTCCT; Type: regular 5'; Length: 37; Trimmed: 107149 times.

No. of allowed errors:
0-9 bp: 0; 10-19 bp: 1; 20-29 bp: 2; 30-37 bp: 3

Overview of removed sequences
length	count	expect	max.err	error counts
3	34	7664.9	0	34
4	5	1916.2	0	5
18	1	0.0	1	0 1
19	3	0.0	1	1 1 1
20	2	0.0	2	0 1 1
27	4	0.0	2	0 2 2
28	2	0.0	2	0 2
29	3	0.0	2	0 2 1
30	18	0.0	3	0 7 6 5
31	71	0.0	3	1 32 25 13
32	102	0.0	3	8 46 34 14
33	101	0.0	3	13 33 31 24
34	455	0.0	3	7 54 44 350
35	8487	0.0	3	9 105 6581 1792
36	31705	0.0	3	40 20278 7491 3896
37	44837	0.0	3	9165 23936 8228 3508
38	11201	0.0	3	1 1560 6595 3045
39	8539	0.0	3	0 0 1615 6924
40	1569	0.0	3	0 0 0 1569
41	1	0.0	3	0 0 0 1
47	3	0.0	3	2 0 0 1
51	1	0.0	3	0 1
53	1	0.0	3	0 1
55	1	0.0	3	0 0 1
56	1	0.0	3	0 1
57	1	0.0	3	0 0 1
67	1	0.0	3	0 0 1


=== Second read: Adapter 13 ===

Sequence: ACGTTGGATGTTTGTTACTATGGTAGATACCACAC; Type: regular 5'; Length: 35; Trimmed: 30338 times.

No. of allowed errors:
0-9 bp: 0; 10-19 bp: 1; 20-29 bp: 2; 30-35 bp: 3

Overview of removed sequences
length	count	expect	max.err	error counts
3	16	7664.9	0	16
4	25	1916.2	0	25
5	1	479.1	0	1
11	1	0.1	1	1
18	1	0.0	1	0 1
19	5	0.0	1	3 2
20	3	0.0	2	1 2
21	3	0.0	2	2 1
22	4	0.0	2	3 1
23	2	0.0	2	1 1
24	4	0.0	2	1 2 1
25	4	0.0	2	0 1 3
26	9	0.0	2	3 1 5
27	11	0.0	2	2 2 6 1
28	35	0.0	2	11 11 10 3
29	42	0.0	2	10 12 14 6
30	98	0.0	3	17 29 31 21
31	149	0.0	3	17 33 55 44
32	365	0.0	3	19 23 55 268
33	2098	0.0	3	28 44 802 1224
34	3981	0.0	3	26 1292 1372 1291
35	17064	0.0	3	4397 5488 4081 3098
36	3778	0.0	3	2 751 1742 1283
37	1645	0.0	3	0 0 696 949
38	961	0.0	3	0 0 0 961
42	2	0.0	3	0 0 1 1
43	2	0.0	3	1 0 1
44	2	0.0	3	0 1 0 1
45	4	0.0	3	0 0 1 3
46	3	0.0	3	0 0 1 2
47	2	0.0	3	0 0 0 2
48	4	0.0	3	0 0 1 3
50	2	0.0	3	0 0 1 1
51	3	0.0	3	0 0 3
52	1	0.0	3	0 0 1
53	1	0.0	3	0 0 0 1
54	1	0.0	3	1
55	3	0.0	3	0 2 1
57	1	0.0	3	0 0 1
60	1	0.0	3	0 1
66	1	0.0	3	0 1


=== Second read: Adapter 14 ===

Sequence: ACGTTGGATGTTTGTTACTGTGGTGGATACTAC; Type: regular 5'; Length: 33; Trimmed: 94401 times.

No. of allowed errors:
0-9 bp: 0; 10-19 bp: 1; 20-29 bp: 2; 30-33 bp: 3

Overview of removed sequences
length	count	expect	max.err	error counts
3	24	7664.9	0	24
5	2	479.1	0	2
6	1	119.8	0	1
9	2	1.9	0	1 1
10	1	0.5	1	1
14	4	0.0	1	2 2
15	1	0.0	1	0 1
16	4	0.0	1	1 3
17	10	0.0	1	3 7
18	4	0.0	1	1 3
19	5	0.0	1	2 2 1
20	10	0.0	2	2 4 4
21	12	0.0	2	4 4 4
22	6	0.0	2	0 2 4
23	11	0.0	2	2 6 3
24	30	0.0	2	13 5 12
25	105	0.0	2	24 39 42
26	141	0.0	2	53 60 28
27	142	0.0	2	50 54 38
28	217	0.0	2	65 84 55 13
29	272	0.0	2	54 91 104 23
30	7438	0.0	3	74 161 190 7013
31	9743	0.0	3	105 154 3122 6362
32	14914	0.0	3	80 4542 5581 4711
33	33178	0.0	3	12020 10832 6235 4091
34	25950	0.0	3	1 11235 9607 5107
35	899	0.0	3	0 4 353 542
36	318	0.0	3	0 0 0 318
37	12	0.0	3	0 4 2 6
38	30	0.0	3	0 2 2 26
39	39	0.0	3	1 2 10 26
40	48	0.0	3	4 8 21 15
41	126	0.0	3	23 51 23 29
42	130	0.0	3	18 41 39 32
43	53	0.0	3	6 12 19 16
44	78	0.0	3	21 19 18 20
45	71	0.0	3	12 26 17 16
46	38	0.0	3	5 7 7 19
47	26	0.0	3	0 7 9 10
48	47	0.0	3	6 11 11 19
49	53	0.0	3	9 19 10 15
50	43	0.0	3	5 10 11 17
51	38	0.0	3	5 10 14 9
52	29	0.0	3	10 10 3 6
53	31	0.0	3	6 13 5 7
54	27	0.0	3	5 10 6 6
55	6	0.0	3	0 2 1 3
56	8	0.0	3	1 3 2 2
57	6	0.0	3	2 1 2 1
58	8	0.0	3	1 1 1 5
59	3	0.0	3	0 2 0 1
60	1	0.0	3	0 0 0 1
63	1	0.0	3	0 0 1
64	1	0.0	3	1
65	2	0.0	3	1 0 0 1
68	1	0.0	3	1
69	1	0.0	3	0 0 1


=== Second read: Adapter 15 ===

Sequence: ACGTTGGATGTTTGTTACTGTTGTGGATACAAC; Type: regular 5'; Length: 33; Trimmed: 55968 times.

No. of allowed errors:
0-9 bp: 0; 10-19 bp: 1; 20-29 bp: 2; 30-33 bp: 3

Overview of removed sequences
length	count	expect	max.err	error counts
3	1447	7664.9	0	1447
5	4	479.1	0	4
14	1	0.0	1	1
20	1	0.0	2	1
21	2	0.0	2	0 1 1
22	2	0.0	2	0 1 1
23	1	0.0	2	0 1
24	6	0.0	2	4 1 1
25	13	0.0	2	3 7 3
26	29	0.0	2	11 9 9
27	22	0.0	2	6 10 6
28	46	0.0	2	15 13 17 1
29	61	0.0	2	18 14 28 1
30	159	0.0	3	21 33 22 83
31	1681	0.0	3	38 50 486 1107
32	9463	0.0	3	38 2883 2705 3837
33	37277	0.0	3	9236 8671 13127 6243
34	3475	0.0	3	3 991 1198 1283
35	840	0.0	3	0 0 326 514
36	604	0.0	3	1 0 0 603
39	3	0.0	3	0 1 1 1
40	34	0.0	3	1 16 5 12
41	156	0.0	3	42 44 49 21
42	91	0.0	3	27 22 29 13
43	23	0.0	3	3 9 5 6
44	73	0.0	3	22 16 22 13
45	53	0.0	3	14 14 18 7
46	30	0.0	3	10 5 7 8
47	12	0.0	3	3 2 3 4
48	32	0.0	3	6 11 9 6
49	43	0.0	3	11 17 10 5
50	29	0.0	3	5 14 5 5
51	47	0.0	3	10 14 16 7
52	60	0.0	3	22 14 14 10
53	69	0.0	3	21 17 16 15
54	17	0.0	3	7 3 5 2
55	14	0.0	3	7 3 2 2
56	8	0.0	3	1 1 2 4
57	20	0.0	3	4 5 6 5
58	3	0.0	3	0 1 1 1
60	1	0.0	3	0 1
62	1	0.0	3	0 1
63	2	0.0	3	1 1
64	6	0.0	3	4 2
65	7	0.0	3	7


=== Second read: Adapter 16 ===

Sequence: ACGTTGGATGTTTGTTACCGTTGTTGATACTAC; Type: regular 5'; Length: 33; Trimmed: 50239 times.

No. of allowed errors:
0-9 bp: 0; 10-19 bp: 1; 20-29 bp: 2; 30-33 bp: 3

Overview of removed sequences
length	count	expect	max.err	error counts
11	1	0.1	1	1
14	3	0.0	1	1 2
16	2	0.0	1	1 1
17	2	0.0	1	2
18	5	0.0	1	1 4
19	7	0.0	1	3 4
20	7	0.0	2	5 1 1
21	7	0.0	2	3 2 2
22	6	0.0	2	0 5 1
23	7	0.0	2	0 1 6
24	33	0.0	2	6 13 14
25	71	0.0	2	30 21 20
26	186	0.0	2	85 73 28
27	228	0.0	2	107 68 52 1
28	412	0.0	2	157 156 93 6
29	547	0.0	2	148 203 161 35
30	6926	0.0	3	187 284 240 6215
31	2667	0.0	3	267 270 850 1280
32	12760	0.0	3	155 2681 5626 4298
33	19583	0.0	3	8817 5559 3236 1971
34	5399	0.0	3	0 2056 1888 1455
35	628	0.0	3	3 2 163 460
36	514	0.0	3	0 0 0 514
37	4	0.0	3	2 0 0 2
38	13	0.0	3	0 3 1 9
39	4	0.0	3	0 1 0 3
40	25	0.0	3	1 2 12 10
41	47	0.0	3	7 9 18 13
42	23	0.0	3	2 11 2 8
43	19	0.0	3	1 3 8 7
44	20	0.0	3	3 5 5 7
45	10	0.0	3	3 1 3 3
46	6	0.0	3	1 2 1 2
47	14	0.0	3	2 1 3 8
48	5	0.0	3	0 0 4 1
49	7	0.0	3	1 1 1 4
50	8	0.0	3	1 1 3 3
51	8	0.0	3	1 0 4 3
52	6	0.0	3	1 0 0 5
53	6	0.0	3	0 0 2 4
54	5	0.0	3	0 1 2 2
55	2	0.0	3	0 0 1 1
56	1	0.0	3	0 0 0 1
57	1	0.0	3	0 0 0 1
62	1	0.0	3	0 1
64	1	0.0	3	0 1
66	1	0.0	3	0 0 0 1
94	1	0.0	3	0 0 0 1


=== Second read: Adapter 17 ===

Sequence: ACGTTGGATGAATATATGTGTGCTTATTTG; Type: regular 5'; Length: 30; Trimmed: 554 times.

No. of allowed errors:
0-9 bp: 0; 10-19 bp: 1; 20-29 bp: 2; 30 bp: 3

Overview of removed sequences
length	count	expect	max.err	error counts
3	519	7664.9	0	519
4	20	1916.2	0	20
5	6	479.1	0	6
6	2	119.8	0	2
10	1	0.5	1	0 1
28	1	0.0	2	0 0 0 1
30	4	0.0	3	1 2 1
31	1	0.0	3	0 0 0 1


=== Second read: Adapter 18 ===

Sequence: ACGTTGGATGTTTGTTACTAAGGTAGATACCACTC; Type: regular 5'; Length: 35; Trimmed: 15393 times.

No. of allowed errors:
0-9 bp: 0; 10-19 bp: 1; 20-29 bp: 2; 30-35 bp: 3

Overview of removed sequences
length	count	expect	max.err	error counts
3	4	7664.9	0	4
4	10	1916.2	0	10
6	1	119.8	0	1
21	1	0.0	2	0 0 1
25	3	0.0	2	0 2 1
26	6	0.0	2	3 1 2
27	7	0.0	2	0 4 3
28	16	0.0	2	4 5 7
29	34	0.0	2	6 9 14 5
30	71	0.0	3	12 18 22 19
31	74	0.0	3	11 16 26 21
32	151	0.0	3	5 37 37 72
33	964	0.0	3	24 45 428 467
34	3793	0.0	3	27 1616 1150 1000
35	8116	0.0	3	3451 2192 1485 988
36	791	0.0	3	1 229 272 289
37	1114	0.0	3	0 1 548 565
38	192	0.0	3	0 0 1 191
41	2	0.0	3	0 0 2
42	4	0.0	3	2 0 2
43	7	0.0	3	3 2 1 1
44	5	0.0	3	1 2 1 1
45	3	0.0	3	0 1 2
46	8	0.0	3	1 2 2 3
47	4	0.0	3	1 0 0 3
48	1	0.0	3	1
50	2	0.0	3	0 0 1 1
51	1	0.0	3	0 0 1
54	4	0.0	3	1 2 1
55	3	0.0	3	0 1 1 1
57	1	0.0	3	0 0 0 1


=== Second read: Adapter 19 ===

Sequence: ACGTTGGATGGAAAAATAAACTGCAAATCATATTC; Type: regular 5'; Length: 35; Trimmed: 22714 times.

No. of allowed errors:
0-9 bp: 0; 10-19 bp: 1; 20-29 bp: 2; 30-35 bp: 3

Overview of removed sequences
length	count	expect	max.err	error counts
3	65	7664.9	0	65
4	4	1916.2	0	4
5	1	479.1	0	1
6	2	119.8	0	2
11	2	0.1	1	0 2
17	1	0.0	1	1
18	4	0.0	1	1 3
19	4	0.0	1	2 1 1
20	1	0.0	2	1
21	2	0.0	2	0 0 2
22	1	0.0	2	1
24	1	0.0	2	0 0 1
25	1	0.0	2	1
26	1	0.0	2	1
27	1	0.0	2	1
28	3	0.0	2	1 2
29	9	0.0	2	2 3 3 1
30	31	0.0	3	12 8 5 6
31	37	0.0	3	8 12 10 7
32	609	0.0	3	8 21 11 569
33	590	0.0	3	7 17 303 263
34	5637	0.0	3	14 2876 1446 1301
35	11019	0.0	3	5281 2697 1708 1333
36	3914	0.0	3	1 2080 1007 826
37	555	0.0	3	0 0 259 296
38	152	0.0	3	0 0 0 152
41	1	0.0	3	0 1
42	2	0.0	3	0 1 1
43	7	0.0	3	3 1 2 1
44	10	0.0	3	0 3 5 2
45	4	0.0	3	0 2 1 1
46	7	0.0	3	1 1 1 4
47	8	0.0	3	2 1 2 3
48	7	0.0	3	0 1 2 4
49	2	0.0	3	0 2
50	5	0.0	3	1 1 2 1
51	3	0.0	3	0 1 1 1
52	2	0.0	3	1 1
53	1	0.0	3	0 0 1
54	4	0.0	3	0 3 0 1
56	1	0.0	3	0 0 0 1
58	1	0.0	3	0 1
63	1	0.0	3	0 1
67	1	0.0	3	0 0 1


=== Second read: Adapter 20 ===

Sequence: ACGTTGGATGAGATTAGGGAAAGTATTAGA; Type: regular 5'; Length: 30; Trimmed: 60 times.

No. of allowed errors:
0-9 bp: 0; 10-19 bp: 1; 20-29 bp: 2; 30 bp: 3

Overview of removed sequences
length	count	expect	max.err	error counts
3	55	7664.9	0	55
4	3	1916.2	0	3
5	1	479.1	0	1
7	1	29.9	0	1


=== Second read: Adapter 21 ===

Sequence: ACGTTGGATGGAAAAATAAATTGTAAATCATACTC; Type: regular 5'; Length: 35; Trimmed: 17506 times.

No. of allowed errors:
0-9 bp: 0; 10-19 bp: 1; 20-29 bp: 2; 30-35 bp: 3

Overview of removed sequences
length	count	expect	max.err	error counts
5	2	479.1	0	2
17	1	0.0	1	1
18	2	0.0	1	2
19	4	0.0	1	1 1 2
20	2	0.0	2	0 0 2
21	2	0.0	2	1 0 1
22	3	0.0	2	0 2 1
23	1	0.0	2	0 1
25	2	0.0	2	0 2
26	2	0.0	2	0 0 2
27	4	0.0	2	1 1 2
29	1	0.0	2	0 0 1
30	21	0.0	3	6 6 5 4
31	28	0.0	3	11 4 8 5
32	99	0.0	3	2 5 3 89
33	735	0.0	3	21 6 208 500
34	1291	0.0	3	57 571 324 339
35	14632	0.0	3	6639 3344 2020 2629
36	304	0.0	3	2 75 91 136
37	161	0.0	3	0 0 50 111
38	82	0.0	3	2 1 0 79
39	2	0.0	3	1 0 1
42	3	0.0	3	1 2
43	22	0.0	3	7 5 4 6
44	13	0.0	3	3 3 2 5
45	9	0.0	3	3 1 1 4
46	12	0.0	3	7 1 2 2
47	11	0.0	3	5 2 2 2
48	4	0.0	3	1 1 0 2
49	6	0.0	3	0 3 1 2
50	6	0.0	3	2 2 0 2
51	8	0.0	3	4 0 1 3
52	10	0.0	3	5 1 1 3
53	7	0.0	3	1 0 4 2
54	7	0.0	3	3 1 1 2
55	4	0.0	3	1 2 0 1
56	2	0.0	3	0 0 1 1
60	1	0.0	3	0 1


=== Second read: Adapter 22 ===

Sequence: ACGTTGGATGGAAAAATAAACTGTAAATCATATTCCT; Type: regular 5'; Length: 37; Trimmed: 35115 times.

No. of allowed errors:
0-9 bp: 0; 10-19 bp: 1; 20-29 bp: 2; 30-37 bp: 3

Overview of removed sequences
length	count	expect	max.err	error counts
3	288	7664.9	0	288
4	431	1916.2	0	431
5	2	479.1	0	2
17	1	0.0	1	0 1
18	2	0.0	1	0 1 1
19	13	0.0	1	1 6 6
20	9	0.0	2	4 5
21	4	0.0	2	1 1 2
22	2	0.0	2	0 1 1
24	1	0.0	2	0 0 1
25	1	0.0	2	0 1
26	1	0.0	2	0 0 1
27	1	0.0	2	0 0 1
28	1	0.0	2	0 0 1
29	5	0.0	2	0 1 3 1
30	9	0.0	3	0 3 3 3
31	18	0.0	3	0 5 6 7
32	40	0.0	3	5 17 9 9
33	35	0.0	3	3 9 15 8
34	222	0.0	3	0 16 21 185
35	3408	0.0	3	3 22 2170 1213
36	8942	0.0	3	9 4225 2803 1905
37	15446	0.0	3	2037 6615 4298 2496
38	3182	0.0	3	0 384 1633 1165
39	2382	0.0	3	0 1 488 1893
40	465	0.0	3	0 0 1 464
43	6	0.0	3	0 1 4 1
44	15	0.0	3	0 4 2 9
45	31	0.0	3	0 18 9 4
46	18	0.0	3	0 7 4 7
47	8	0.0	3	0 5 3
48	18	0.0	3	0 4 6 8
49	21	0.0	3	3 7 5 6
50	14	0.0	3	2 7 2 3
51	14	0.0	3	0 5 4 5
52	12	0.0	3	0 4 5 3
53	5	0.0	3	0 2 2 1
54	7	0.0	3	0 3 2 2
55	14	0.0	3	0 5 6 3
56	5	0.0	3	0 3 2
57	2	0.0	3	0 2
58	3	0.0	3	1 1 1
59	2	0.0	3	0 1 0 1
60	1	0.0	3	0 0 0 1
61	1	0.0	3	0 1
62	2	0.0	3	0 1 1
64	2	0.0	3	0 2
68	1	0.0	3	0 0 1
70	1	0.0	3	0 1
73	1	0.0	3	0 1


=== Second read: Adapter 23 ===

Sequence: ACGTTGGATGGAAAAATAAACTGTAAATCATATTC; Type: regular 5'; Length: 35; Trimmed: 8023 times.

No. of allowed errors:
0-9 bp: 0; 10-19 bp: 1; 20-29 bp: 2; 30-35 bp: 3

Overview of removed sequences
length	count	expect	max.err	error counts
14	2	0.0	1	1 1
16	1	0.0	1	0 1
17	2	0.0	1	0 2
18	4	0.0	1	2 2
19	4	0.0	1	3 1
21	1	0.0	2	0 0 1
25	1	0.0	2	0 0 1
28	1	0.0	2	0 1
29	3	0.0	2	0 0 0 3
30	12	0.0	3	0 4 2 6
31	11	0.0	3	0 1 2 8
32	1287	0.0	3	0 1 4 1282
33	319	0.0	3	0 4 136 179
34	2172	0.0	3	2 673 374 1123
35	3189	0.0	3	336 826 681 1346
36	724	0.0	3	0 85 204 435
37	232	0.0	3	0 0 44 188
38	37	0.0	3	0 0 0 37
41	1	0.0	3	0 0 1
42	4	0.0	3	0 0 0 4
43	1	0.0	3	0 0 1
44	5	0.0	3	0 1 0 4
45	1	0.0	3	0 0 0 1
46	4	0.0	3	0 1 0 3
47	1	0.0	3	0 0 1
48	1	0.0	3	0 0 0 1
49	2	0.0	3	0 1 0 1
52	1	0.0	3	0 0 0 1


=== Second read: Adapter 24 ===

Sequence: ACGTTGGATGGAAAAATAAATTGTAAATCAAATTC; Type: regular 5'; Length: 35; Trimmed: 8441 times.

No. of allowed errors:
0-9 bp: 0; 10-19 bp: 1; 20-29 bp: 2; 30-35 bp: 3

Overview of removed sequences
length	count	expect	max.err	error counts
5	2	479.1	0	2
6	14	119.8	0	14
14	1	0.0	1	0 1
18	1	0.0	1	1
20	1	0.0	2	1
21	1	0.0	2	1
22	1	0.0	2	1
23	1	0.0	2	0 0 1
25	1	0.0	2	0 1
26	1	0.0	2	0 0 1
27	1	0.0	2	0 1
29	2	0.0	2	0 0 2
30	17	0.0	3	9 4 3 1
31	23	0.0	3	9 6 3 5
32	20	0.0	3	1 1 0 18
33	63	0.0	3	5 3 24 31
34	541	0.0	3	17 242 166 116
35	7366	0.0	3	3749 1857 1102 658
36	195	0.0	3	1 88 54 52
37	118	0.0	3	0 1 65 52
38	42	0.0	3	0 0 1 41
40	1	0.0	3	1
41	2	0.0	3	2
42	4	0.0	3	1 2 0 1
43	5	0.0	3	4 0 1
44	2	0.0	3	2
45	2	0.0	3	1 0 1
46	1	0.0	3	1
47	2	0.0	3	1 0 0 1
48	4	0.0	3	2 0 1 1
49	1	0.0	3	1
50	2	0.0	3	0 1 0 1
53	1	0.0	3	1
56	1	0.0	3	0 0 1
67	1	0.0	3	0 1
