This is cutadapt 2.6 with Python 3.7.3
Command line parameters: -g ACGTTGGATGTTTGTTACTATGGTAGATACCACAC -g ACGTTGGATGTTTGTTACTAAGGTAGATACCACTC -g ACGTTGGATGTTTGTTACTGTGGTGGATACTAC -g ACGTTGGATGTTTGTTACTGTTGTGGATACAAC -g ACGTTGGATGTTTGTTACCGTTGTTGATACTAC -g ACGTTGGATGAATATATGTGTGCTTATTTG -G ACGTTGGATGTTTGTTACTATGGTAGATACCACAC -G ACGTTGGATGTTTGTTACTGTGGTGGATACTAC -G ACGTTGGATGTTTGTTACTGTTGTGGATACAAC -G ACGTTGGATGTTTGTTACCGTTGTTGATACTAC -G ACGTTGGATGAATATATGTGTGCTTATTTG -G ACGTTGGATGTTTGTTACTAAGGTAGATACCACTC -g ACGTTGGATGGAAAAATAAACTGCAAATCATATTC -g ACGTTGGATGGAAAAATAAACTGTAAATCATATTC -g ACGTTGGATGGAAAAATAAATTGTAAATCATACTC -g ACGTTGGATGAGATTAGGGAAAGTATTAGA -g ACGTTGGATGGAAAAATAAATTGTAAATCAAATTC -g ACGTTGGATGGAAAAATAAACTGTAAATCATATTCCT -G ACGTTGGATGGAAAAATAAACTGCAAATCATATTC -G ACGTTGGATGAGATTAGGGAAAGTATTAGA -G ACGTTGGATGGAAAAATAAATTGTAAATCATACTC -G ACGTTGGATGGAAAAATAAACTGTAAATCATATTCCT -G ACGTTGGATGGAAAAATAAACTGTAAATCATATTC -G ACGTTGGATGGAAAAATAAATTGTAAATCAAATTC --minimum-length=1 -o /data/projects/mdc-971/reprocess_June_2019_data/analysis/30.primer_trimmed/180429_S55_cutadapt.1.fq.gz -p /data/projects/mdc-971/reprocess_June_2019_data/analysis/30.primer_trimmed/180429_S55_cutadapt.2.fq.gz /data/projects/mdc-971/reprocess_June_2019_data/analysis/20.adapter_trimmed/180429_S55_R1_001.bbduked.trimmed.fastq.gz /data/projects/mdc-971/reprocess_June_2019_data/analysis/20.adapter_trimmed/180429_S55_R2_001.bbduked.trimmed.fastq.gz
Processing reads on 1 core in paired-end mode ...
Finished in 121.43 s (384 us/read; 0.16 M reads/minute).

=== Summary ===

Total read pairs processed:            315,972
  Read 1 with adapter:                 280,863 (88.9%)
  Read 2 with adapter:                 215,077 (68.1%)
Pairs that were too short:                   0 (0.0%)
Pairs written (passing filters):       315,972 (100.0%)

Total basepairs processed:    93,058,052 bp
  Read 1:    45,662,323 bp
  Read 2:    47,395,729 bp
Total written (filtered):     76,000,824 bp (81.7%)
  Read 1:    35,919,348 bp
  Read 2:    40,081,476 bp

=== First read: Adapter 1 ===

Sequence: ACGTTGGATGTTTGTTACTATGGTAGATACCACAC; Type: regular 5'; Length: 35; Trimmed: 27777 times.

No. of allowed errors:
0-9 bp: 0; 10-19 bp: 1; 20-29 bp: 2; 30-35 bp: 3

Overview of removed sequences
length	count	expect	max.err	error counts
3	1	4937.1	0	1
4	3	1234.3	0	3
14	2	0.0	1	1 1
16	1	0.0	1	1
18	1	0.0	1	0 1
19	3	0.0	1	1 1 1
21	4	0.0	2	3 1
22	4	0.0	2	2 0 2
23	8	0.0	2	4 3 1
24	4	0.0	2	0 2 2
25	9	0.0	2	1 5 3
26	31	0.0	2	9 14 8
27	47	0.0	2	10 29 8
28	94	0.0	2	18 40 22 14
29	189	0.0	2	33 97 45 14
30	310	0.0	3	90 104 65 51
31	224	0.0	3	27 97 66 34
32	555	0.0	3	23 179 135 218
33	3068	0.0	3	35 208 1788 1037
34	10936	0.0	3	41 7059 2406 1430
35	8756	0.0	3	2551 3039 1900 1266
36	2234	0.0	3	2 430 1209 593
37	513	0.0	3	0 0 256 257
38	778	0.0	3	0 0 0 778
39	1	0.0	3	0 0 0 1
54	1	0.0	3	0 1


=== First read: Adapter 2 ===

Sequence: ACGTTGGATGTTTGTTACTAAGGTAGATACCACTC; Type: regular 5'; Length: 35; Trimmed: 16187 times.

No. of allowed errors:
0-9 bp: 0; 10-19 bp: 1; 20-29 bp: 2; 30-35 bp: 3

Overview of removed sequences
length	count	expect	max.err	error counts
3	1	4937.1	0	1
10	1	0.3	1	1
13	1	0.0	1	0 1
14	3	0.0	1	3
15	2	0.0	1	1 1
18	1	0.0	1	1
20	1	0.0	2	1
21	5	0.0	2	1 0 4
22	6	0.0	2	4 1 1
23	6	0.0	2	4 1 1
24	3	0.0	2	0 2 1
25	2	0.0	2	0 1 1
26	21	0.0	2	8 7 6
27	47	0.0	2	26 15 6
28	52	0.0	2	25 19 8
29	117	0.0	2	37 46 27 7
30	268	0.0	3	132 87 37 12
31	273	0.0	3	85 82 63 43
32	404	0.0	3	115 122 92 75
33	610	0.0	3	77 129 244 160
34	2879	0.0	3	107 1618 702 452
35	6424	0.0	3	3419 1528 914 563
36	4411	0.0	3	1 149 3333 928
37	487	0.0	3	0 0 178 309
38	157	0.0	3	0 0 1 156
41	1	0.0	3	0 0 1
42	1	0.0	3	0 0 1
43	1	0.0	3	1
46	1	0.0	3	1
51	1	0.0	3	0 1


=== First read: Adapter 3 ===

Sequence: ACGTTGGATGTTTGTTACTGTGGTGGATACTAC; Type: regular 5'; Length: 33; Trimmed: 37091 times.

No. of allowed errors:
0-9 bp: 0; 10-19 bp: 1; 20-29 bp: 2; 30-33 bp: 3

Overview of removed sequences
length	count	expect	max.err	error counts
3	4	4937.1	0	4
14	16	0.0	1	13 3
15	7	0.0	1	4 3
16	6	0.0	1	4 2
17	6	0.0	1	3 3
18	12	0.0	1	5 7
19	25	0.0	1	19 5 1
20	51	0.0	2	38 10 3
21	41	0.0	2	31 8 2
22	30	0.0	2	12 13 5
23	36	0.0	2	13 14 9
24	283	0.0	2	155 93 35
25	619	0.0	2	289 227 103
26	832	0.0	2	409 274 149
27	1505	0.0	2	880 470 155
28	2048	0.0	2	1127 647 266 8
29	1324	0.0	2	394 568 295 67
30	2729	0.0	3	827 847 488 567
31	2910	0.0	3	376 719 992 823
32	4216	0.0	3	347 1549 1352 968
33	14823	0.0	3	4712 5497 2723 1891
34	5111	0.0	3	1 2390 1855 865
35	343	0.0	3	2 2 144 195
36	75	0.0	3	0 3 1 71
37	5	0.0	3	1 4
38	3	0.0	3	1 1 1
40	4	0.0	3	1 1 1 1
41	1	0.0	3	1
42	6	0.0	3	2 1 3
43	3	0.0	3	0 2 1
44	2	0.0	3	1 0 1
45	3	0.0	3	0 3
46	2	0.0	3	2
47	1	0.0	3	0 1
49	2	0.0	3	1 0 1
50	1	0.0	3	1
51	1	0.0	3	1
52	1	0.0	3	0 1
53	2	0.0	3	1 0 0 1
54	1	0.0	3	0 0 1
59	1	0.0	3	0 0 1


=== First read: Adapter 4 ===

Sequence: ACGTTGGATGTTTGTTACTGTTGTGGATACAAC; Type: regular 5'; Length: 33; Trimmed: 16811 times.

No. of allowed errors:
0-9 bp: 0; 10-19 bp: 1; 20-29 bp: 2; 30-33 bp: 3

Overview of removed sequences
length	count	expect	max.err	error counts
3	15	4937.1	0	15
14	1	0.0	1	0 1
20	4	0.0	2	2 1 1
21	2	0.0	2	1 1
22	2	0.0	2	0 1 1
24	30	0.0	2	12 12 6
25	122	0.0	2	51 51 20
26	105	0.0	2	55 41 9
27	157	0.0	2	83 59 15
28	286	0.0	2	166 94 24 2
29	240	0.0	2	85 92 49 14
30	388	0.0	3	137 132 72 47
31	695	0.0	3	93 183 232 187
32	1880	0.0	3	160 771 467 482
33	11539	0.0	3	4380 3738 2193 1228
34	843	0.0	3	4 360 286 193
35	373	0.0	3	1 0 187 185
36	121	0.0	3	0 0 0 121
37	2	0.0	3	1 0 1
40	1	0.0	3	1
41	1	0.0	3	1
43	1	0.0	3	1
45	1	0.0	3	0 0 0 1
48	1	0.0	3	0 1
50	1	0.0	3	0 0 1


=== First read: Adapter 5 ===

Sequence: ACGTTGGATGTTTGTTACCGTTGTTGATACTAC; Type: regular 5'; Length: 33; Trimmed: 15525 times.

No. of allowed errors:
0-9 bp: 0; 10-19 bp: 1; 20-29 bp: 2; 30-33 bp: 3

Overview of removed sequences
length	count	expect	max.err	error counts
11	1	0.1	1	1
14	1	0.0	1	0 1
17	1	0.0	1	1
18	1	0.0	1	1
19	4	0.0	1	4
20	6	0.0	2	3 2 1
21	4	0.0	2	3 1
23	3	0.0	2	1 2
24	40	0.0	2	25 10 5
25	71	0.0	2	32 26 13
26	114	0.0	2	41 36 37
27	228	0.0	2	128 63 36 1
28	348	0.0	2	166 91 65 26
29	333	0.0	2	73 92 103 65
30	1168	0.0	3	152 157 116 743
31	1730	0.0	3	105 151 662 812
32	3560	0.0	3	125 669 1845 921
33	5160	0.0	3	2606 1399 722 433
34	1820	0.0	3	0 852 658 310
35	875	0.0	3	0 1 121 753
36	51	0.0	3	0 0 1 50
37	1	0.0	3	0 0 0 1
39	1	0.0	3	0 0 1
41	2	0.0	3	0 0 1 1
48	1	0.0	3	0 0 1
61	1	0.0	3	0 1


=== First read: Adapter 6 ===

Sequence: ACGTTGGATGAATATATGTGTGCTTATTTG; Type: regular 5'; Length: 30; Trimmed: 151 times.

No. of allowed errors:
0-9 bp: 0; 10-19 bp: 1; 20-29 bp: 2; 30 bp: 3

Overview of removed sequences
length	count	expect	max.err	error counts
3	126	4937.1	0	126
4	12	1234.3	0	12
5	1	308.6	0	1
29	2	0.0	2	1 1
30	9	0.0	3	7 1 0 1
31	1	0.0	3	0 0 1


=== First read: Adapter 7 ===

Sequence: ACGTTGGATGGAAAAATAAACTGCAAATCATATTC; Type: regular 5'; Length: 35; Trimmed: 51030 times.

No. of allowed errors:
0-9 bp: 0; 10-19 bp: 1; 20-29 bp: 2; 30-35 bp: 3

Overview of removed sequences
length	count	expect	max.err	error counts
4	1	1234.3	0	1
18	1	0.0	1	1
23	1	0.0	2	0 0 1
25	1	0.0	2	1
26	8	0.0	2	5 2 1
27	8	0.0	2	3 4 1
28	7	0.0	2	5 1 1
29	42	0.0	2	7 18 13 4
30	293	0.0	3	139 85 46 23
31	221	0.0	3	112 55 28 26
32	743	0.0	3	136 81 33 493
33	999	0.0	3	77 93 507 322
34	7571	0.0	3	144 5594 1245 588
35	32784	0.0	3	23052 5803 2142 1787
36	7613	0.0	3	1 5879 1082 651
37	528	0.0	3	1 0 260 267
38	206	0.0	3	0 0 0 206
43	2	0.0	3	1 0 0 1
59	1	0.0	3	0 0 0 1


=== First read: Adapter 8 ===

Sequence: ACGTTGGATGGAAAAATAAACTGTAAATCATATTC; Type: regular 5'; Length: 35; Trimmed: 11132 times.

No. of allowed errors:
0-9 bp: 0; 10-19 bp: 1; 20-29 bp: 2; 30-35 bp: 3

Overview of removed sequences
length	count	expect	max.err	error counts
23	1	0.0	2	0 0 1
24	1	0.0	2	0 0 1
27	1	0.0	2	0 1
29	5	0.0	2	0 4 1
30	35	0.0	3	3 18 11 3
31	28	0.0	3	2 13 7 6
32	1015	0.0	3	2 16 6 991
33	406	0.0	3	0 37 147 222
34	2436	0.0	3	5 1624 390 417
35	5973	0.0	3	1127 2548 1260 1038
36	860	0.0	3	0 215 319 326
37	306	0.0	3	0 1 59 246
38	65	0.0	3	0 0 0 65


=== First read: Adapter 9 ===

Sequence: ACGTTGGATGGAAAAATAAATTGTAAATCATACTC; Type: regular 5'; Length: 35; Trimmed: 19979 times.

No. of allowed errors:
0-9 bp: 0; 10-19 bp: 1; 20-29 bp: 2; 30-35 bp: 3

Overview of removed sequences
length	count	expect	max.err	error counts
17	1	0.0	1	0 1
27	1	0.0	2	1
28	1	0.0	2	1
29	1	0.0	2	0 1
30	10	0.0	3	2 6 1 1
31	22	0.0	3	16 3 1 2
32	85	0.0	3	9 5 0 71
33	575	0.0	3	11 13 346 205
34	1351	0.0	3	378 638 243 92
35	17402	0.0	3	11816 3036 998 1552
36	197	0.0	3	3 80 58 56
37	108	0.0	3	2 0 40 66
38	209	0.0	3	0 0 0 209
39	1	0.0	3	1
42	3	0.0	3	1 1 1
43	2	0.0	3	0 2
44	2	0.0	3	1 1
47	1	0.0	3	1
48	1	0.0	3	1
49	1	0.0	3	1
50	1	0.0	3	1
51	1	0.0	3	0 0 0 1
53	1	0.0	3	0 1
55	1	0.0	3	0 0 1
57	1	0.0	3	0 0 1


=== First read: Adapter 10 ===

Sequence: ACGTTGGATGAGATTAGGGAAAGTATTAGA; Type: regular 5'; Length: 30; Trimmed: 32 times.

No. of allowed errors:
0-9 bp: 0; 10-19 bp: 1; 20-29 bp: 2; 30 bp: 3

Overview of removed sequences
length	count	expect	max.err	error counts
3	31	4937.1	0	31
31	1	0.0	3	0 0 1


=== First read: Adapter 11 ===

Sequence: ACGTTGGATGGAAAAATAAATTGTAAATCAAATTC; Type: regular 5'; Length: 35; Trimmed: 7769 times.

No. of allowed errors:
0-9 bp: 0; 10-19 bp: 1; 20-29 bp: 2; 30-35 bp: 3

Overview of removed sequences
length	count	expect	max.err	error counts
30	3	0.0	3	2 1
31	6	0.0	3	3 2 0 1
32	13	0.0	3	1 1 1 10
33	38	0.0	3	7 4 12 15
34	276	0.0	3	32 134 61 49
35	7087	0.0	3	4954 1334 547 252
36	147	0.0	3	1 63 40 43
37	65	0.0	3	0 0 37 28
38	133	0.0	3	1 0 0 132
54	1	0.0	3	0 1


=== First read: Adapter 12 ===

Sequence: ACGTTGGATGGAAAAATAAACTGTAAATCATATTCCT; Type: regular 5'; Length: 37; Trimmed: 77379 times.

No. of allowed errors:
0-9 bp: 0; 10-19 bp: 1; 20-29 bp: 2; 30-37 bp: 3

Overview of removed sequences
length	count	expect	max.err	error counts
3	17	4937.1	0	17
4	2	1234.3	0	2
19	1	0.0	1	0 1
21	2	0.0	2	1 0 1
27	2	0.0	2	0 1 1
28	4	0.0	2	1 2 1
29	2	0.0	2	0 0 2
30	3	0.0	3	0 0 1 2
31	49	0.0	3	2 21 22 4
32	186	0.0	3	44 84 39 19
33	190	0.0	3	66 65 32 27
34	368	0.0	3	43 83 60 182
35	3617	0.0	3	60 109 2723 725
36	13127	0.0	3	160 8016 3118 1833
37	40392	0.0	3	13770 17937 6001 2684
38	4660	0.0	3	5 772 2613 1270
39	13845	0.0	3	1 2 1560 12282
40	907	0.0	3	0 1 4 902
45	2	0.0	3	0 1 1
50	1	0.0	3	0 0 0 1
55	1	0.0	3	0 1
65	1	0.0	3	0 0 0 1


=== Second read: Adapter 13 ===

Sequence: ACGTTGGATGTTTGTTACTATGGTAGATACCACAC; Type: regular 5'; Length: 35; Trimmed: 28774 times.

No. of allowed errors:
0-9 bp: 0; 10-19 bp: 1; 20-29 bp: 2; 30-35 bp: 3

Overview of removed sequences
length	count	expect	max.err	error counts
3	11	4937.1	0	11
4	17	1234.3	0	17
12	1	0.0	1	0 1
18	1	0.0	1	1
19	10	0.0	1	2 6 2
20	3	0.0	2	1 1 1
21	3	0.0	2	0 1 2
22	2	0.0	2	1 1
23	5	0.0	2	1 2 2
24	1	0.0	2	0 1
26	15	0.0	2	1 10 4
27	18	0.0	2	5 4 8 1
28	32	0.0	2	3 11 12 6
29	67	0.0	2	6 27 22 12
30	80	0.0	3	5 30 16 29
31	103	0.0	3	9 19 41 34
32	310	0.0	3	6 62 65 177
33	3676	0.0	3	10 90 1643 1933
34	11863	0.0	3	14 5647 3580 2622
35	9447	0.0	3	1727 3046 2629 2045
36	2028	0.0	3	0 276 962 790
37	566	0.0	3	0 0 242 324
38	473	0.0	3	0 0 0 473
40	1	0.0	3	0 0 1
42	3	0.0	3	0 0 1 2
43	5	0.0	3	0 0 4 1
44	4	0.0	3	0 0 2 2
45	4	0.0	3	1 1 0 2
47	3	0.0	3	0 0 1 2
49	1	0.0	3	0 0 0 1
50	4	0.0	3	1 2 1
51	3	0.0	3	1 1 0 1
53	5	0.0	3	0 2 0 3
54	1	0.0	3	0 1
55	4	0.0	3	2 1 0 1
59	1	0.0	3	0 0 1
60	3	0.0	3	0 0 1 2


=== Second read: Adapter 14 ===

Sequence: ACGTTGGATGTTTGTTACTGTGGTGGATACTAC; Type: regular 5'; Length: 33; Trimmed: 44812 times.

No. of allowed errors:
0-9 bp: 0; 10-19 bp: 1; 20-29 bp: 2; 30-33 bp: 3

Overview of removed sequences
length	count	expect	max.err	error counts
3	15	4937.1	0	15
5	4	308.6	0	4
13	1	0.0	1	0 1
14	6	0.0	1	3 3
15	5	0.0	1	4 1
16	8	0.0	1	2 6
17	4	0.0	1	3 1
18	7	0.0	1	1 6
19	16	0.0	1	7 7 2
20	23	0.0	2	10 9 4
21	9	0.0	2	3 4 2
22	4	0.0	2	2 1 1
23	8	0.0	2	2 1 5
24	44	0.0	2	11 19 14
25	96	0.0	2	25 38 33
26	225	0.0	2	64 103 58
27	215	0.0	2	66 81 68
28	326	0.0	2	104 130 89 3
29	347	0.0	2	73 125 128 21
30	3025	0.0	3	65 201 179 2580
31	4557	0.0	3	150 242 1482 2683
32	6636	0.0	3	73 1794 2513 2256
33	19364	0.0	3	5584 6841 4119 2820
34	8687	0.0	3	2 3484 3242 1959
35	525	0.0	3	0 1 189 335
36	111	0.0	3	0 0 0 111
37	4	0.0	3	1 0 1 2
38	10	0.0	3	0 0 1 9
39	21	0.0	3	1 1 5 14
40	24	0.0	3	3 7 6 8
41	85	0.0	3	17 22 19 27
42	65	0.0	3	14 23 12 16
43	31	0.0	3	4 7 10 10
44	45	0.0	3	10 17 14 4
45	41	0.0	3	8 14 12 7
46	29	0.0	3	4 8 5 12
47	11	0.0	3	0 2 4 5
48	17	0.0	3	2 6 3 6
49	28	0.0	3	5 4 7 12
50	24	0.0	3	6 4 2 12
51	30	0.0	3	3 8 8 11
52	21	0.0	3	3 4 9 5
53	27	0.0	3	6 7 9 5
54	9	0.0	3	3 1 2 3
55	6	0.0	3	0 2 3 1
56	5	0.0	3	2 1 0 2
57	3	0.0	3	0 1 1 1
58	1	0.0	3	0 0 1
59	1	0.0	3	0 1
62	2	0.0	3	2
63	2	0.0	3	0 1 0 1
64	1	0.0	3	1
87	1	0.0	3	0 0 1


=== Second read: Adapter 15 ===

Sequence: ACGTTGGATGTTTGTTACTGTTGTGGATACAAC; Type: regular 5'; Length: 33; Trimmed: 26588 times.

No. of allowed errors:
0-9 bp: 0; 10-19 bp: 1; 20-29 bp: 2; 30-33 bp: 3

Overview of removed sequences
length	count	expect	max.err	error counts
3	623	4937.1	0	623
4	2	1234.3	0	2
5	4	308.6	0	4
16	2	0.0	1	0 2
17	3	0.0	1	2 1
18	1	0.0	1	0 0 1
20	2	0.0	2	0 1 1
22	2	0.0	2	0 0 2
24	9	0.0	2	3 3 3
25	11	0.0	2	1 4 6
26	24	0.0	2	9 10 5
27	21	0.0	2	3 11 7
28	67	0.0	2	24 26 15 2
29	85	0.0	2	15 37 30 3
30	179	0.0	3	19 32 38 90
31	1370	0.0	3	67 75 478 750
32	4222	0.0	3	43 1348 1280 1551
33	17163	0.0	3	3896 4773 5583 2911
34	1480	0.0	3	5 399 555 521
35	605	0.0	3	2 0 281 322
36	298	0.0	3	0 0 0 298
39	1	0.0	3	0 0 1
40	17	0.0	3	5 2 5 5
41	85	0.0	3	25 23 17 20
42	34	0.0	3	10 13 5 6
43	11	0.0	3	1 2 5 3
44	39	0.0	3	6 8 11 14
45	25	0.0	3	4 6 7 8
46	19	0.0	3	8 3 5 3
47	6	0.0	3	1 1 3 1
48	15	0.0	3	3 1 6 5
49	22	0.0	3	6 3 5 8
50	18	0.0	3	7 3 6 2
51	27	0.0	3	7 7 3 10
52	20	0.0	3	4 6 5 5
53	27	0.0	3	5 8 7 7
54	8	0.0	3	0 1 5 2
55	10	0.0	3	4 3 2 1
56	6	0.0	3	2 0 3 1
57	7	0.0	3	3 1 1 2
58	6	0.0	3	1 2 2 1
59	1	0.0	3	0 1
61	1	0.0	3	0 0 0 1
62	1	0.0	3	0 0 1
63	1	0.0	3	1
64	6	0.0	3	4 1 0 1
65	2	0.0	3	0 0 1 1


=== Second read: Adapter 16 ===

Sequence: ACGTTGGATGTTTGTTACCGTTGTTGATACTAC; Type: regular 5'; Length: 33; Trimmed: 19888 times.

No. of allowed errors:
0-9 bp: 0; 10-19 bp: 1; 20-29 bp: 2; 30-33 bp: 3

Overview of removed sequences
length	count	expect	max.err	error counts
15	1	0.0	1	0 1
16	1	0.0	1	0 1
17	2	0.0	1	1 1
18	2	0.0	1	0 2
19	4	0.0	1	2 1 1
20	5	0.0	2	1 1 3
21	4	0.0	2	2 2
22	4	0.0	2	0 2 2
23	2	0.0	2	0 1 1
24	16	0.0	2	6 7 3
25	26	0.0	2	11 6 9
26	40	0.0	2	16 12 12
27	46	0.0	2	18 12 16
28	76	0.0	2	16 30 18 12
29	130	0.0	2	14 35 48 33
30	2038	0.0	3	23 33 47 1935
31	2242	0.0	3	41 45 984 1172
32	4595	0.0	3	26 904 2053 1612
33	6859	0.0	3	2886 2014 1182 777
34	2670	0.0	3	0 1068 979 623
35	860	0.0	3	0 1 147 712
36	97	0.0	3	0 0 0 97
37	1	0.0	3	0 0 0 1
38	7	0.0	3	0 0 0 7
39	12	0.0	3	0 0 4 8
40	16	0.0	3	0 1 5 10
41	13	0.0	3	3 2 3 5
42	15	0.0	3	1 0 6 8
43	20	0.0	3	1 3 6 10
44	15	0.0	3	6 1 3 5
45	6	0.0	3	0 1 3 2
46	6	0.0	3	1 1 2 2
47	3	0.0	3	0 0 0 3
48	11	0.0	3	0 0 5 6
49	7	0.0	3	1 0 2 4
50	8	0.0	3	1 1 3 3
51	5	0.0	3	1 1 2 1
52	5	0.0	3	0 0 3 2
53	2	0.0	3	0 0 1 1
54	8	0.0	3	0 2 1 5
55	2	0.0	3	1 0 1
56	1	0.0	3	0 0 1
57	2	0.0	3	0 0 1 1
60	2	0.0	3	0 0 2
61	1	0.0	3	0 0 1


=== Second read: Adapter 17 ===

Sequence: ACGTTGGATGAATATATGTGTGCTTATTTG; Type: regular 5'; Length: 30; Trimmed: 456 times.

No. of allowed errors:
0-9 bp: 0; 10-19 bp: 1; 20-29 bp: 2; 30 bp: 3

Overview of removed sequences
length	count	expect	max.err	error counts
3	424	4937.1	0	424
4	18	1234.3	0	18
5	5	308.6	0	5
6	2	77.1	0	2
29	1	0.0	2	0 0 1
30	5	0.0	3	4 0 0 1
32	1	0.0	3	0 0 1


=== Second read: Adapter 18 ===

Sequence: ACGTTGGATGTTTGTTACTAAGGTAGATACCACTC; Type: regular 5'; Length: 35; Trimmed: 17167 times.

No. of allowed errors:
0-9 bp: 0; 10-19 bp: 1; 20-29 bp: 2; 30-35 bp: 3

Overview of removed sequences
length	count	expect	max.err	error counts
3	7	4937.1	0	7
4	5	1234.3	0	5
6	1	77.1	0	1
14	1	0.0	1	1
18	1	0.0	1	0 1
19	2	0.0	1	0 2
21	3	0.0	2	1 1 1
25	1	0.0	2	0 1
26	8	0.0	2	2 3 3
27	8	0.0	2	1 4 3
28	17	0.0	2	4 5 7 1
29	32	0.0	2	9 15 5 3
30	77	0.0	3	23 19 17 18
31	110	0.0	3	25 25 30 30
32	137	0.0	3	17 35 38 47
33	1239	0.0	3	40 52 486 661
34	2550	0.0	3	30 987 825 708
35	7718	0.0	3	2801 2085 1645 1187
36	4414	0.0	3	2 154 2680 1578
37	628	0.0	3	0 0 197 431
38	168	0.0	3	0 0 1 167
39	1	0.0	3	0 1
40	1	0.0	3	0 0 1
42	1	0.0	3	0 0 1
43	5	0.0	3	3 0 2
44	4	0.0	3	2 1 1
45	2	0.0	3	0 0 2
46	5	0.0	3	1 2 1 1
47	5	0.0	3	0 3 0 2
50	1	0.0	3	0 0 0 1
51	1	0.0	3	1
52	2	0.0	3	1 1
53	3	0.0	3	0 1 0 2
54	2	0.0	3	2
55	6	0.0	3	1 2 1 2
60	1	0.0	3	0 1


=== Second read: Adapter 19 ===

Sequence: ACGTTGGATGGAAAAATAAACTGCAAATCATATTC; Type: regular 5'; Length: 35; Trimmed: 21012 times.

No. of allowed errors:
0-9 bp: 0; 10-19 bp: 1; 20-29 bp: 2; 30-35 bp: 3

Overview of removed sequences
length	count	expect	max.err	error counts
3	55	4937.1	0	55
4	1	1234.3	0	1
6	1	77.1	0	1
10	1	0.3	1	0 1
11	1	0.1	1	0 1
15	1	0.0	1	1
18	3	0.0	1	2 1
19	3	0.0	1	1 2
20	1	0.0	2	0 1
21	1	0.0	2	1
22	2	0.0	2	0 2
25	5	0.0	2	0 1 4
26	3	0.0	2	0 2 1
28	3	0.0	2	1 0 2
29	8	0.0	2	0 4 2 2
30	42	0.0	3	16 9 7 10
31	61	0.0	3	23 16 16 6
32	247	0.0	3	20 26 10 191
33	392	0.0	3	24 28 158 182
34	2807	0.0	3	29 1365 834 579
35	14693	0.0	3	6828 3762 2229 1874
36	2342	0.0	3	0 1213 638 491
37	201	0.0	3	0 0 80 121
38	105	0.0	3	0 0 0 105
42	1	0.0	3	0 0 0 1
43	5	0.0	3	2 2 0 1
44	4	0.0	3	0 1 1 2
45	1	0.0	3	0 0 1
46	3	0.0	3	0 3
47	2	0.0	3	0 2
48	3	0.0	3	0 2 1
49	2	0.0	3	0 1 1
50	4	0.0	3	1 1 0 2
51	3	0.0	3	0 2 0 1
52	1	0.0	3	0 0 0 1
53	1	0.0	3	0 1
54	2	0.0	3	1 1
56	1	0.0	3	1


=== Second read: Adapter 20 ===

Sequence: ACGTTGGATGAGATTAGGGAAAGTATTAGA; Type: regular 5'; Length: 30; Trimmed: 49 times.

No. of allowed errors:
0-9 bp: 0; 10-19 bp: 1; 20-29 bp: 2; 30 bp: 3

Overview of removed sequences
length	count	expect	max.err	error counts
3	46	4937.1	0	46
4	2	1234.3	0	2
29	1	0.0	2	0 0 1


=== Second read: Adapter 21 ===

Sequence: ACGTTGGATGGAAAAATAAATTGTAAATCATACTC; Type: regular 5'; Length: 35; Trimmed: 9556 times.

No. of allowed errors:
0-9 bp: 0; 10-19 bp: 1; 20-29 bp: 2; 30-35 bp: 3

Overview of removed sequences
length	count	expect	max.err	error counts
5	1	308.6	0	1
17	1	0.0	1	1
18	3	0.0	1	3
19	10	0.0	1	4 5 1
20	1	0.0	2	0 1
21	2	0.0	2	1 1
22	1	0.0	2	0 1
25	2	0.0	2	0 1 1
27	2	0.0	2	1 0 1
28	1	0.0	2	1
29	3	0.0	2	0 2 1
30	12	0.0	3	5 1 4 2
31	12	0.0	3	3 5 2 2
32	64	0.0	3	2 0 1 61
33	392	0.0	3	7 2 146 237
34	682	0.0	3	40 274 176 192
35	7961	0.0	3	3546 1924 1106 1385
36	212	0.0	3	0 43 81 88
37	76	0.0	3	0 0 11 65
38	58	0.0	3	0 0 0 58
39	1	0.0	3	0 0 1
42	2	0.0	3	1 1
43	9	0.0	3	2 1 3 3
44	8	0.0	3	1 4 2 1
46	2	0.0	3	0 1 0 1
47	9	0.0	3	1 1 4 3
48	3	0.0	3	2 1
49	5	0.0	3	2 0 1 2
50	4	0.0	3	0 1 1 2
51	1	0.0	3	0 0 0 1
52	5	0.0	3	1 1 0 3
53	2	0.0	3	0 1 0 1
54	3	0.0	3	0 0 0 3
55	2	0.0	3	0 2
57	1	0.0	3	0 0 0 1
59	1	0.0	3	0 0 1
80	2	0.0	3	0 0 0 2


=== Second read: Adapter 22 ===

Sequence: ACGTTGGATGGAAAAATAAACTGTAAATCATATTCCT; Type: regular 5'; Length: 37; Trimmed: 34923 times.

No. of allowed errors:
0-9 bp: 0; 10-19 bp: 1; 20-29 bp: 2; 30-37 bp: 3

Overview of removed sequences
length	count	expect	max.err	error counts
3	188	4937.1	0	188
4	395	1234.3	0	395
5	1	308.6	0	1
8	1	4.8	0	1
13	1	0.0	1	0 1
17	1	0.0	1	0 1
18	3	0.0	1	0 0 3
19	5	0.0	1	0 2 3
20	8	0.0	2	3 2 3
21	6	0.0	2	1 2 3
22	4	0.0	2	1 1 2
23	4	0.0	2	1 0 3
24	4	0.0	2	0 1 3
25	1	0.0	2	0 1
26	1	0.0	2	0 0 1
28	2	0.0	2	1 0 1
29	3	0.0	2	0 1 2
30	8	0.0	3	1 3 4
31	15	0.0	3	2 3 2 8
32	43	0.0	3	9 17 9 8
33	65	0.0	3	14 19 16 16
34	141	0.0	3	8 21 22 90
35	1778	0.0	3	26 44 1063 645
36	4593	0.0	3	36 2032 1446 1079
37	19731	0.0	3	4716 7569 4627 2819
38	1768	0.0	3	2 231 854 681
39	5775	0.0	3	0 0 568 5207
40	279	0.0	3	0 0 0 279
42	1	0.0	3	0 1
43	1	0.0	3	0 0 1
44	4	0.0	3	0 0 3 1
45	20	0.0	3	1 7 6 6
46	5	0.0	3	0 3 2
47	5	0.0	3	0 2 3
48	11	0.0	3	2 3 2 4
49	9	0.0	3	0 2 6 1
50	8	0.0	3	0 4 3 1
51	7	0.0	3	0 2 4 1
52	3	0.0	3	0 2 1
53	3	0.0	3	0 1 0 2
54	5	0.0	3	0 4 0 1
55	6	0.0	3	0 5 1
56	3	0.0	3	0 2 1
57	3	0.0	3	0 0 0 3
58	3	0.0	3	2 0 1
59	1	0.0	3	0 0 1
69	1	0.0	3	0 0 0 1


=== Second read: Adapter 23 ===

Sequence: ACGTTGGATGGAAAAATAAACTGTAAATCATATTC; Type: regular 5'; Length: 35; Trimmed: 7713 times.

No. of allowed errors:
0-9 bp: 0; 10-19 bp: 1; 20-29 bp: 2; 30-35 bp: 3

Overview of removed sequences
length	count	expect	max.err	error counts
18	2	0.0	1	2
19	1	0.0	1	0 1
20	2	0.0	2	0 1 1
22	2	0.0	2	1 0 1
23	1	0.0	2	0 1
25	2	0.0	2	0 0 2
26	1	0.0	2	0 1
28	2	0.0	2	0 0 0 2
29	3	0.0	2	0 2 1
30	16	0.0	3	1 6 3 6
31	21	0.0	3	1 6 5 9
32	412	0.0	3	1 15 7 389
33	234	0.0	3	0 16 81 137
34	1175	0.0	3	0 434 246 495
35	5176	0.0	3	410 2220 1242 1304
36	540	0.0	3	0 107 154 279
37	77	0.0	3	0 0 20 57
38	32	0.0	3	0 0 0 32
42	3	0.0	3	0 0 1 2
43	1	0.0	3	0 0 1
44	3	0.0	3	0 1 2
45	1	0.0	3	0 0 0 1
47	1	0.0	3	0 0 1
48	1	0.0	3	0 0 0 1
49	1	0.0	3	1
50	1	0.0	3	0 0 0 1
51	1	0.0	3	0 0 0 1
60	1	0.0	3	0 1


=== Second read: Adapter 24 ===

Sequence: ACGTTGGATGGAAAAATAAATTGTAAATCAAATTC; Type: regular 5'; Length: 35; Trimmed: 4139 times.

No. of allowed errors:
0-9 bp: 0; 10-19 bp: 1; 20-29 bp: 2; 30-35 bp: 3

Overview of removed sequences
length	count	expect	max.err	error counts
5	2	308.6	0	2
6	2	77.1	0	2
14	2	0.0	1	0 2
20	1	0.0	2	0 1
24	1	0.0	2	1
30	8	0.0	3	5 1 1 1
31	4	0.0	3	0 2 1 1
32	13	0.0	3	1 1 2 9
33	46	0.0	3	1 4 23 18
34	250	0.0	3	13 113 78 46
35	3549	0.0	3	1813 899 516 321
36	119	0.0	3	0 51 34 34
37	83	0.0	3	1 0 49 33
38	50	0.0	3	0 1 0 49
42	1	0.0	3	0 1
43	3	0.0	3	1 1 1
46	1	0.0	3	0 1
47	1	0.0	3	1
52	2	0.0	3	1 1
57	1	0.0	3	0 0 0 1
