This is cutadapt 2.6 with Python 3.7.3
Command line parameters: -g ACGTTGGATGTTTGTTACTATGGTAGATACCACAC -g ACGTTGGATGTTTGTTACTAAGGTAGATACCACTC -g ACGTTGGATGTTTGTTACTGTGGTGGATACTAC -g ACGTTGGATGTTTGTTACTGTTGTGGATACAAC -g ACGTTGGATGTTTGTTACCGTTGTTGATACTAC -g ACGTTGGATGAATATATGTGTGCTTATTTG -G ACGTTGGATGTTTGTTACTATGGTAGATACCACAC -G ACGTTGGATGTTTGTTACTGTGGTGGATACTAC -G ACGTTGGATGTTTGTTACTGTTGTGGATACAAC -G ACGTTGGATGTTTGTTACCGTTGTTGATACTAC -G ACGTTGGATGAATATATGTGTGCTTATTTG -G ACGTTGGATGTTTGTTACTAAGGTAGATACCACTC -g ACGTTGGATGGAAAAATAAACTGCAAATCATATTC -g ACGTTGGATGGAAAAATAAACTGTAAATCATATTC -g ACGTTGGATGGAAAAATAAATTGTAAATCATACTC -g ACGTTGGATGAGATTAGGGAAAGTATTAGA -g ACGTTGGATGGAAAAATAAATTGTAAATCAAATTC -g ACGTTGGATGGAAAAATAAACTGTAAATCATATTCCT -G ACGTTGGATGGAAAAATAAACTGCAAATCATATTC -G ACGTTGGATGAGATTAGGGAAAGTATTAGA -G ACGTTGGATGGAAAAATAAATTGTAAATCATACTC -G ACGTTGGATGGAAAAATAAACTGTAAATCATATTCCT -G ACGTTGGATGGAAAAATAAACTGTAAATCATATTC -G ACGTTGGATGGAAAAATAAATTGTAAATCAAATTC --minimum-length=1 -o /data/projects/mdc-971/reprocess_June_2019_data/analysis/30.primer_trimmed/180449_S69_cutadapt.1.fq.gz -p /data/projects/mdc-971/reprocess_June_2019_data/analysis/30.primer_trimmed/180449_S69_cutadapt.2.fq.gz /data/projects/mdc-971/reprocess_June_2019_data/analysis/20.adapter_trimmed/180449_S69_R1_001.bbduked.trimmed.fastq.gz /data/projects/mdc-971/reprocess_June_2019_data/analysis/20.adapter_trimmed/180449_S69_R2_001.bbduked.trimmed.fastq.gz
Processing reads on 1 core in paired-end mode ...
Finished in 92.30 s (373 us/read; 0.16 M reads/minute).

=== Summary ===

Total read pairs processed:            247,565
  Read 1 with adapter:                 229,098 (92.5%)
  Read 2 with adapter:                 202,144 (81.7%)
Pairs that were too short:                   0 (0.0%)
Pairs written (passing filters):       247,565 (100.0%)

Total basepairs processed:    73,712,914 bp
  Read 1:    36,578,198 bp
  Read 2:    37,134,716 bp
Total written (filtered):     58,778,788 bp (79.7%)
  Read 1:    28,606,519 bp
  Read 2:    30,172,269 bp

=== First read: Adapter 1 ===

Sequence: ACGTTGGATGTTTGTTACTATGGTAGATACCACAC; Type: regular 5'; Length: 35; Trimmed: 6981 times.

No. of allowed errors:
0-9 bp: 0; 10-19 bp: 1; 20-29 bp: 2; 30-35 bp: 3

Overview of removed sequences
length	count	expect	max.err	error counts
3	4	3868.2	0	4
18	1	0.0	1	0 1
19	2	0.0	1	2
21	3	0.0	2	2 0 1
22	3	0.0	2	2 1
23	4	0.0	2	1 3
24	1	0.0	2	0 1
25	3	0.0	2	0 1 2
26	9	0.0	2	3 4 2
27	26	0.0	2	13 6 6 1
28	29	0.0	2	15 5 6 3
29	52	0.0	2	24 17 11
30	90	0.0	3	41 23 17 9
31	71	0.0	3	10 28 19 14
32	112	0.0	3	24 29 27 32
33	285	0.0	3	20 30 139 96
34	951	0.0	3	12 436 298 205
35	4473	0.0	3	1124 995 817 1537
36	587	0.0	3	3 240 202 142
37	132	0.0	3	1 0 82 49
38	142	0.0	3	0 0 0 142
46	1	0.0	3	0 0 1


=== First read: Adapter 2 ===

Sequence: ACGTTGGATGTTTGTTACTAAGGTAGATACCACTC; Type: regular 5'; Length: 35; Trimmed: 1832 times.

No. of allowed errors:
0-9 bp: 0; 10-19 bp: 1; 20-29 bp: 2; 30-35 bp: 3

Overview of removed sequences
length	count	expect	max.err	error counts
3	2	3868.2	0	2
14	1	0.0	1	1
15	1	0.0	1	1
18	1	0.0	1	0 1
26	1	0.0	2	0 1
27	4	0.0	2	3 0 1
28	6	0.0	2	2 2 2
29	16	0.0	2	5 6 3 2
30	32	0.0	3	18 6 6 2
31	24	0.0	3	10 5 5 4
32	32	0.0	3	4 11 8 9
33	93	0.0	3	5 12 20 56
34	264	0.0	3	22 159 50 33
35	1106	0.0	3	710 210 113 73
36	75	0.0	3	0 33 18 24
37	158	0.0	3	0 0 73 85
38	15	0.0	3	0 0 0 15
50	1	0.0	3	0 0 1


=== First read: Adapter 3 ===

Sequence: ACGTTGGATGTTTGTTACTGTGGTGGATACTAC; Type: regular 5'; Length: 33; Trimmed: 34378 times.

No. of allowed errors:
0-9 bp: 0; 10-19 bp: 1; 20-29 bp: 2; 30-33 bp: 3

Overview of removed sequences
length	count	expect	max.err	error counts
3	1	3868.2	0	1
4	2	967.1	0	2
13	1	0.0	1	1
14	3	0.0	1	1 2
15	1	0.0	1	1
16	4	0.0	1	4
17	2	0.0	1	0 2
18	3	0.0	1	2 1
19	8	0.0	1	4 3 1
20	9	0.0	2	5 4
21	8	0.0	2	6 1 1
22	7	0.0	2	1 3 3
23	4	0.0	2	1 2 1
24	84	0.0	2	49 26 9
25	193	0.0	2	93 70 30
26	233	0.0	2	130 66 37
27	543	0.0	2	337 155 49 2
28	962	0.0	2	580 270 107 5
29	749	0.0	2	355 243 132 19
30	1629	0.0	3	764 511 173 181
31	2201	0.0	3	959 567 401 274
32	4334	0.0	3	907 1890 922 615
33	20888	0.0	3	11663 5535 1993 1697
34	2153	0.0	3	5 1046 780 322
35	307	0.0	3	7 0 156 144
36	26	0.0	3	7 2 2 15
37	10	0.0	3	7 3
38	1	0.0	3	1
39	1	0.0	3	0 1
40	1	0.0	3	0 1
41	3	0.0	3	2 1
42	1	0.0	3	0 1
45	1	0.0	3	0 0 1
48	2	0.0	3	1 0 1
50	1	0.0	3	0 0 0 1
53	1	0.0	3	0 0 0 1
55	1	0.0	3	0 1


=== First read: Adapter 4 ===

Sequence: ACGTTGGATGTTTGTTACTGTTGTGGATACAAC; Type: regular 5'; Length: 33; Trimmed: 10362 times.

No. of allowed errors:
0-9 bp: 0; 10-19 bp: 1; 20-29 bp: 2; 30-33 bp: 3

Overview of removed sequences
length	count	expect	max.err	error counts
3	17	3868.2	0	17
4	1	967.1	0	1
16	1	0.0	1	1
21	1	0.0	2	0 0 1
24	7	0.0	2	2 4 1
25	40	0.0	2	15 19 6
26	24	0.0	2	16 5 3
27	34	0.0	2	21 11 2
28	92	0.0	2	58 26 8
29	91	0.0	2	40 33 17 1
30	142	0.0	3	57 32 28 25
31	261	0.0	3	79 48 88 46
32	770	0.0	3	120 320 169 161
33	5511	0.0	3	2914 1243 867 487
34	450	0.0	3	0 155 155 140
35	2834	0.0	3	0 0 2159 675
36	83	0.0	3	0 0 4 79
53	1	0.0	3	0 1
55	1	0.0	3	0 0 0 1
61	1	0.0	3	0 0 0 1


=== First read: Adapter 5 ===

Sequence: ACGTTGGATGTTTGTTACCGTTGTTGATACTAC; Type: regular 5'; Length: 33; Trimmed: 46321 times.

No. of allowed errors:
0-9 bp: 0; 10-19 bp: 1; 20-29 bp: 2; 30-33 bp: 3

Overview of removed sequences
length	count	expect	max.err	error counts
14	2	0.0	1	1 1
15	1	0.0	1	1
17	1	0.0	1	1
18	2	0.0	1	1 1
19	9	0.0	1	7 0 2
20	9	0.0	2	7 2
21	7	0.0	2	4 3
22	4	0.0	2	3 0 1
23	5	0.0	2	0 0 5
24	56	0.0	2	30 16 10
25	156	0.0	2	74 43 39
26	262	0.0	2	133 58 71
27	563	0.0	2	374 138 47 4
28	1139	0.0	2	669 265 158 47
29	874	0.0	2	398 277 156 43
30	2146	0.0	3	909 732 265 240
31	2760	0.0	3	1159 797 488 316
32	6181	0.0	3	1246 2659 1442 834
33	30835	0.0	3	17985 8141 3216 1493
34	747	0.0	3	11 369 221 146
35	477	0.0	3	5 2 214 256
36	71	0.0	3	6 4 1 60
37	5	0.0	3	2 2 1
40	1	0.0	3	0 0 0 1
41	4	0.0	3	2 1 1
42	1	0.0	3	1
44	1	0.0	3	0 1
50	1	0.0	3	1
63	1	0.0	3	0 1


=== First read: Adapter 6 ===

Sequence: ACGTTGGATGAATATATGTGTGCTTATTTG; Type: regular 5'; Length: 30; Trimmed: 73 times.

No. of allowed errors:
0-9 bp: 0; 10-19 bp: 1; 20-29 bp: 2; 30 bp: 3

Overview of removed sequences
length	count	expect	max.err	error counts
3	60	3868.2	0	60
4	9	967.1	0	9
5	2	241.8	0	2
30	2	0.0	3	2


=== First read: Adapter 7 ===

Sequence: ACGTTGGATGGAAAAATAAACTGCAAATCATATTC; Type: regular 5'; Length: 35; Trimmed: 11438 times.

No. of allowed errors:
0-9 bp: 0; 10-19 bp: 1; 20-29 bp: 2; 30-35 bp: 3

Overview of removed sequences
length	count	expect	max.err	error counts
4	1	967.1	0	1
24	1	0.0	2	0 0 1
26	1	0.0	2	1
27	2	0.0	2	1 0 1
29	5	0.0	2	1 1 2 1
30	48	0.0	3	18 19 9 2
31	41	0.0	3	14 11 5 11
32	187	0.0	3	18 7 5 157
33	215	0.0	3	12 15 105 83
34	1922	0.0	3	19 1438 277 188
35	6286	0.0	3	3921 962 446 957
36	2520	0.0	3	1 1847 410 262
37	122	0.0	3	0 0 60 62
38	86	0.0	3	0 0 0 86
42	1	0.0	3	0 1


=== First read: Adapter 8 ===

Sequence: ACGTTGGATGGAAAAATAAACTGTAAATCATATTC; Type: regular 5'; Length: 35; Trimmed: 2676 times.

No. of allowed errors:
0-9 bp: 0; 10-19 bp: 1; 20-29 bp: 2; 30-35 bp: 3

Overview of removed sequences
length	count	expect	max.err	error counts
25	1	0.0	2	0 1
29	1	0.0	2	0 0 1
30	5	0.0	3	1 2 1 1
31	12	0.0	3	3 5 1 3
32	286	0.0	3	0 2 0 284
33	69	0.0	3	1 2 25 41
34	619	0.0	3	3 418 71 127
35	1407	0.0	3	579 292 195 341
36	184	0.0	3	0 35 73 76
37	76	0.0	3	0 0 17 59
38	15	0.0	3	0 0 0 15
67	1	0.0	3	0 0 0 1


=== First read: Adapter 9 ===

Sequence: ACGTTGGATGGAAAAATAAATTGTAAATCATACTC; Type: regular 5'; Length: 35; Trimmed: 6030 times.

No. of allowed errors:
0-9 bp: 0; 10-19 bp: 1; 20-29 bp: 2; 30-35 bp: 3

Overview of removed sequences
length	count	expect	max.err	error counts
18	1	0.0	1	1
22	1	0.0	2	1
27	1	0.0	2	1
29	1	0.0	2	1
30	1	0.0	3	1
31	4	0.0	3	3 0 1
32	13	0.0	3	2 0 0 11
33	163	0.0	3	6 5 106 46
34	386	0.0	3	130 170 61 25
35	5297	0.0	3	3672 858 293 474
36	54	0.0	3	0 24 14 16
37	24	0.0	3	1 0 9 14
38	77	0.0	3	1 0 0 76
39	1	0.0	3	1
42	1	0.0	3	1
46	1	0.0	3	1
47	1	0.0	3	0 1
50	2	0.0	3	0 0 1 1
55	1	0.0	3	0 0 1


=== First read: Adapter 10 ===

Sequence: ACGTTGGATGAGATTAGGGAAAGTATTAGA; Type: regular 5'; Length: 30; Trimmed: 11 times.

No. of allowed errors:
0-9 bp: 0; 10-19 bp: 1; 20-29 bp: 2; 30 bp: 3

Overview of removed sequences
length	count	expect	max.err	error counts
3	11	3868.2	0	11


=== First read: Adapter 11 ===

Sequence: ACGTTGGATGGAAAAATAAATTGTAAATCAAATTC; Type: regular 5'; Length: 35; Trimmed: 3461 times.

No. of allowed errors:
0-9 bp: 0; 10-19 bp: 1; 20-29 bp: 2; 30-35 bp: 3

Overview of removed sequences
length	count	expect	max.err	error counts
30	2	0.0	3	2
31	3	0.0	3	2 1
32	5	0.0	3	2 1 0 2
33	17	0.0	3	4 3 5 5
34	111	0.0	3	18 64 20 9
35	3178	0.0	3	2315 524 206 133
36	58	0.0	3	0 27 18 13
37	19	0.0	3	0 0 5 14
38	68	0.0	3	0 0 0 68


=== First read: Adapter 12 ===

Sequence: ACGTTGGATGGAAAAATAAACTGTAAATCATATTCCT; Type: regular 5'; Length: 37; Trimmed: 105535 times.

No. of allowed errors:
0-9 bp: 0; 10-19 bp: 1; 20-29 bp: 2; 30-37 bp: 3

Overview of removed sequences
length	count	expect	max.err	error counts
3	12	3868.2	0	12
14	1	0.0	1	1
15	1	0.0	1	1
16	1	0.0	1	1
19	1	0.0	1	0 1
20	4	0.0	2	3 1
21	2	0.0	2	1 1
23	2	0.0	2	2
25	3	0.0	2	2 0 1
28	2	0.0	2	1 0 1
29	12	0.0	2	2 6 2 2
30	12	0.0	3	2 3 6 1
31	50	0.0	3	14 15 17 4
32	335	0.0	3	101 135 67 32
33	381	0.0	3	135 155 58 33
34	586	0.0	3	185 243 96 62
35	1456	0.0	3	188 249 809 210
36	7806	0.0	3	565 4112 2132 997
37	90813	0.0	3	45519 32680 9010 3604
38	2983	0.0	3	26 1327 1249 381
39	898	0.0	3	2 3 165 728
40	166	0.0	3	0 1 1 164
42	1	0.0	3	0 0 0 1
44	1	0.0	3	1
45	1	0.0	3	0 0 0 1
48	1	0.0	3	1
49	1	0.0	3	0 0 0 1
51	1	0.0	3	0 1
54	1	0.0	3	1
56	1	0.0	3	0 1


=== Second read: Adapter 13 ===

Sequence: ACGTTGGATGTTTGTTACTATGGTAGATACCACAC; Type: regular 5'; Length: 35; Trimmed: 6339 times.

No. of allowed errors:
0-9 bp: 0; 10-19 bp: 1; 20-29 bp: 2; 30-35 bp: 3

Overview of removed sequences
length	count	expect	max.err	error counts
3	7	3868.2	0	7
4	10	967.1	0	10
9	1	0.9	0	1
12	1	0.0	1	0 1
16	2	0.0	1	2
19	1	0.0	1	1
20	1	0.0	2	0 1
24	2	0.0	2	0 1 1
27	5	0.0	2	2 1 2
28	3	0.0	2	1 2
29	9	0.0	2	1 4 3 1
30	17	0.0	3	1 5 6 5
31	30	0.0	3	8 4 10 8
32	48	0.0	3	3 7 9 29
33	249	0.0	3	12 16 87 134
34	587	0.0	3	10 172 208 197
35	4343	0.0	3	944 1053 1041 1305
36	686	0.0	3	0 210 275 201
37	209	0.0	3	0 1 99 109
38	121	0.0	3	0 0 0 121
40	1	0.0	3	0 1
43	1	0.0	3	0 1
45	1	0.0	3	0 1
47	1	0.0	3	0 0 1
50	1	0.0	3	0 0 0 1
52	1	0.0	3	0 0 1
63	1	0.0	3	0 1


=== Second read: Adapter 14 ===

Sequence: ACGTTGGATGTTTGTTACTGTGGTGGATACTAC; Type: regular 5'; Length: 33; Trimmed: 39356 times.

No. of allowed errors:
0-9 bp: 0; 10-19 bp: 1; 20-29 bp: 2; 30-33 bp: 3

Overview of removed sequences
length	count	expect	max.err	error counts
3	6	3868.2	0	6
4	1	967.1	0	1
5	4	241.8	0	4
6	1	60.4	0	1
13	2	0.0	1	0 2
14	2	0.0	1	2
15	1	0.0	1	1
16	1	0.0	1	0 1
17	3	0.0	1	1 2
18	2	0.0	1	0 2
19	4	0.0	1	2 2
20	6	0.0	2	4 1 1
21	4	0.0	2	1 1 2
22	5	0.0	2	2 2 1
23	2	0.0	2	1 1
24	25	0.0	2	15 8 2
25	45	0.0	2	11 18 16
26	79	0.0	2	30 22 27
27	106	0.0	2	63 29 14
28	220	0.0	2	89 64 62 5
29	303	0.0	2	90 107 99 7
30	1190	0.0	3	127 172 107 784
31	1846	0.0	3	409 206 433 798
32	4501	0.0	3	304 1432 1233 1532
33	25906	0.0	3	12887 7206 3333 2480
34	3378	0.0	3	2 1488 1247 641
35	1447	0.0	3	1 1 682 763
36	40	0.0	3	0 0 1 39
37	6	0.0	3	0 3 1 2
38	4	0.0	3	0 0 0 4
39	5	0.0	3	1 0 4
40	8	0.0	3	0 6 0 2
41	33	0.0	3	10 9 10 4
42	21	0.0	3	2 11 1 7
43	11	0.0	3	2 4 4 1
44	19	0.0	3	4 6 3 6
45	13	0.0	3	3 4 3 3
46	10	0.0	3	1 2 4 3
47	7	0.0	3	0 2 2 3
48	13	0.0	3	1 4 2 6
49	17	0.0	3	8 2 4 3
50	8	0.0	3	2 4 1 1
51	14	0.0	3	6 3 1 4
52	12	0.0	3	2 5 2 3
53	12	0.0	3	2 7 2 1
54	3	0.0	3	1 1 0 1
55	4	0.0	3	1 2 0 1
56	1	0.0	3	0 0 1
57	2	0.0	3	0 0 1 1
61	2	0.0	3	1 1
65	1	0.0	3	1


=== Second read: Adapter 15 ===

Sequence: ACGTTGGATGTTTGTTACTGTTGTGGATACAAC; Type: regular 5'; Length: 33; Trimmed: 14458 times.

No. of allowed errors:
0-9 bp: 0; 10-19 bp: 1; 20-29 bp: 2; 30-33 bp: 3

Overview of removed sequences
length	count	expect	max.err	error counts
3	445	3868.2	0	445
4	1	967.1	0	1
5	1	241.8	0	1
6	1	60.4	0	1
24	5	0.0	2	1 2 2
25	3	0.0	2	1 0 2
26	7	0.0	2	3 1 3
27	12	0.0	2	5 5 2
28	28	0.0	2	14 7 7
29	39	0.0	2	12 10 17
30	91	0.0	3	11 16 31 33
31	351	0.0	3	37 34 136 144
32	1310	0.0	3	38 441 338 493
33	6939	0.0	3	2585 1641 1792 921
34	580	0.0	3	1 143 177 259
35	4412	0.0	3	0 1 2965 1446
36	102	0.0	3	0 0 0 102
37	2	0.0	3	0 0 1 1
39	1	0.0	3	0 0 0 1
40	2	0.0	3	0 1 0 1
41	23	0.0	3	7 6 6 4
42	12	0.0	3	3 5 2 2
43	4	0.0	3	0 0 2 2
44	5	0.0	3	4 1
45	13	0.0	3	5 4 4
46	3	0.0	3	1 1 1
47	6	0.0	3	2 2 2
48	6	0.0	3	1 1 3 1
49	6	0.0	3	6
50	7	0.0	3	4 1 1 1
51	7	0.0	3	0 2 4 1
52	8	0.0	3	2 0 3 3
53	11	0.0	3	1 4 5 1
54	3	0.0	3	0 1 2
55	2	0.0	3	0 2
56	2	0.0	3	1 0 0 1
57	1	0.0	3	0 0 1
58	3	0.0	3	0 2 1
60	1	0.0	3	0 0 0 1
62	2	0.0	3	0 2
63	1	0.0	3	1


=== Second read: Adapter 16 ===

Sequence: ACGTTGGATGTTTGTTACCGTTGTTGATACTAC; Type: regular 5'; Length: 33; Trimmed: 51722 times.

No. of allowed errors:
0-9 bp: 0; 10-19 bp: 1; 20-29 bp: 2; 30-33 bp: 3

Overview of removed sequences
length	count	expect	max.err	error counts
14	1	0.0	1	0 1
15	1	0.0	1	1
16	1	0.0	1	1
17	1	0.0	1	0 1
19	3	0.0	1	2 1
20	5	0.0	2	2 2 1
21	2	0.0	2	0 2
22	2	0.0	2	0 0 2
23	3	0.0	2	1 0 2
24	19	0.0	2	8 4 7
25	25	0.0	2	8 10 7
26	103	0.0	2	43 24 36
27	148	0.0	2	78 43 26 1
28	374	0.0	2	164 107 83 20
29	531	0.0	2	144 200 163 24
30	1450	0.0	3	165 253 203 829
31	1993	0.0	3	590 377 532 494
32	6206	0.0	3	442 1974 1853 1937
33	37443	0.0	3	19001 10356 5275 2811
34	1151	0.0	3	3 427 399 322
35	2099	0.0	3	2 3 1060 1034
36	70	0.0	3	1 0 0 69
37	3	0.0	3	2 0 1
39	4	0.0	3	2 0 1 1
40	5	0.0	3	0 1 2 2
41	13	0.0	3	3 5 1 4
42	15	0.0	3	7 1 7
43	6	0.0	3	0 2 2 2
44	8	0.0	3	5 2 1
45	9	0.0	3	4 1 1 3
46	3	0.0	3	0 1 0 2
47	1	0.0	3	0 0 0 1
48	7	0.0	3	1 2 1 3
49	3	0.0	3	1 2
50	5	0.0	3	2 0 1 2
51	2	0.0	3	0 1 1
52	1	0.0	3	0 0 1
53	1	0.0	3	0 1
54	3	0.0	3	1 0 1 1
55	1	0.0	3	0 1
57	1	0.0	3	0 0 0 1


=== Second read: Adapter 17 ===

Sequence: ACGTTGGATGAATATATGTGTGCTTATTTG; Type: regular 5'; Length: 30; Trimmed: 206 times.

No. of allowed errors:
0-9 bp: 0; 10-19 bp: 1; 20-29 bp: 2; 30 bp: 3

Overview of removed sequences
length	count	expect	max.err	error counts
3	197	3868.2	0	197
4	5	967.1	0	5
5	3	241.8	0	3
30	1	0.0	3	1


=== Second read: Adapter 18 ===

Sequence: ACGTTGGATGTTTGTTACTAAGGTAGATACCACTC; Type: regular 5'; Length: 35; Trimmed: 2025 times.

No. of allowed errors:
0-9 bp: 0; 10-19 bp: 1; 20-29 bp: 2; 30-35 bp: 3

Overview of removed sequences
length	count	expect	max.err	error counts
3	2	3868.2	0	2
4	5	967.1	0	5
5	1	241.8	0	1
19	1	0.0	1	1
22	1	0.0	2	1
25	1	0.0	2	0 0 1
26	1	0.0	2	1
29	3	0.0	2	1 1 1
30	4	0.0	3	0 1 1 2
31	14	0.0	3	2 2 6 4
32	12	0.0	3	1 4 2 5
33	380	0.0	3	4 3 48 325
34	219	0.0	3	5 83 55 76
35	1069	0.0	3	491 251 201 126
36	97	0.0	3	0 32 25 40
37	180	0.0	3	0 0 91 89
38	29	0.0	3	0 0 0 29
40	1	0.0	3	0 0 0 1
44	1	0.0	3	0 1
47	1	0.0	3	0 0 0 1
55	2	0.0	3	0 1 0 1
60	1	0.0	3	0 1


=== Second read: Adapter 19 ===

Sequence: ACGTTGGATGGAAAAATAAACTGCAAATCATATTC; Type: regular 5'; Length: 35; Trimmed: 6090 times.

No. of allowed errors:
0-9 bp: 0; 10-19 bp: 1; 20-29 bp: 2; 30-35 bp: 3

Overview of removed sequences
length	count	expect	max.err	error counts
3	38	3868.2	0	38
4	1	967.1	0	1
11	1	0.1	1	0 1
18	3	0.0	1	3
19	1	0.0	1	1
21	1	0.0	2	0 0 1
22	1	0.0	2	0 1
24	1	0.0	2	0 0 1
27	1	0.0	2	0 0 0 1
28	1	0.0	2	0 1
29	2	0.0	2	0 2
30	11	0.0	3	1 5 2 3
31	17	0.0	3	0 7 2 8
32	61	0.0	3	0 1 3 57
33	87	0.0	3	4 3 38 42
34	771	0.0	3	3 390 199 179
35	3813	0.0	3	1320 620 372 1501
36	1142	0.0	3	0 634 289 219
37	69	0.0	3	0 0 35 34
38	60	0.0	3	0 0 0 60
39	1	0.0	3	0 1
44	2	0.0	3	0 1 1
45	1	0.0	3	0 1
50	1	0.0	3	0 1
53	1	0.0	3	0 1
59	1	0.0	3	0 0 1
66	1	0.0	3	0 1


=== Second read: Adapter 20 ===

Sequence: ACGTTGGATGAGATTAGGGAAAGTATTAGA; Type: regular 5'; Length: 30; Trimmed: 34 times.

No. of allowed errors:
0-9 bp: 0; 10-19 bp: 1; 20-29 bp: 2; 30 bp: 3

Overview of removed sequences
length	count	expect	max.err	error counts
3	33	3868.2	0	33
4	1	967.1	0	1


=== Second read: Adapter 21 ===

Sequence: ACGTTGGATGGAAAAATAAATTGTAAATCATACTC; Type: regular 5'; Length: 35; Trimmed: 3083 times.

No. of allowed errors:
0-9 bp: 0; 10-19 bp: 1; 20-29 bp: 2; 30-35 bp: 3

Overview of removed sequences
length	count	expect	max.err	error counts
18	1	0.0	1	1
19	2	0.0	1	1 1
20	1	0.0	2	1
21	2	0.0	2	0 2
23	1	0.0	2	0 0 1
25	2	0.0	2	2
27	1	0.0	2	0 0 1
28	1	0.0	2	0 0 0 1
30	1	0.0	3	0 0 1
31	12	0.0	3	4 4 1 3
32	7	0.0	3	0 0 0 7
33	93	0.0	3	3 1 33 56
34	153	0.0	3	9 55 40 49
35	2686	0.0	3	1351 597 329 409
36	59	0.0	3	0 12 20 27
37	16	0.0	3	0 0 2 14
38	23	0.0	3	0 0 0 23
41	1	0.0	3	0 0 0 1
42	2	0.0	3	1 0 0 1
44	3	0.0	3	0 1 0 2
45	1	0.0	3	0 0 1
46	1	0.0	3	0 0 1
47	3	0.0	3	1 2
48	1	0.0	3	1
49	1	0.0	3	1
50	2	0.0	3	1 1
51	1	0.0	3	0 1
52	1	0.0	3	0 1
53	2	0.0	3	1 0 1
54	1	0.0	3	1
56	2	0.0	3	1 0 0 1


=== Second read: Adapter 22 ===

Sequence: ACGTTGGATGGAAAAATAAACTGTAAATCATATTCCT; Type: regular 5'; Length: 37; Trimmed: 75039 times.

No. of allowed errors:
0-9 bp: 0; 10-19 bp: 1; 20-29 bp: 2; 30-37 bp: 3

Overview of removed sequences
length	count	expect	max.err	error counts
3	143	3868.2	0	143
4	156	967.1	0	156
12	1	0.0	1	0 1
13	2	0.0	1	0 2
18	2	0.0	1	0 0 2
19	2	0.0	1	0 2
20	6	0.0	2	1 3 2
21	1	0.0	2	1
22	1	0.0	2	0 0 1
24	1	0.0	2	1
25	1	0.0	2	0 0 1
29	1	0.0	2	0 1
30	3	0.0	3	0 2 1
31	6	0.0	3	2 1 2 1
32	48	0.0	3	20 17 7 4
33	125	0.0	3	29 34 39 23
34	167	0.0	3	38 44 41 44
35	905	0.0	3	141 115 440 209
36	3809	0.0	3	153 1599 1286 771
37	67919	0.0	3	25926 23769 11780 6444
38	1239	0.0	3	8 426 517 288
39	404	0.0	3	1 2 77 324
40	54	0.0	3	0 0 1 53
41	2	0.0	3	1 1
42	1	0.0	3	0 1
45	6	0.0	3	0 1 5
46	6	0.0	3	0 3 2 1
47	3	0.0	3	0 0 2 1
48	1	0.0	3	1
49	3	0.0	3	1 0 1 1
50	2	0.0	3	0 0 1 1
51	6	0.0	3	4 0 1 1
52	4	0.0	3	0 2 2
53	2	0.0	3	1 0 0 1
54	3	0.0	3	1 0 1 1
55	2	0.0	3	1 0 1
58	1	0.0	3	0 0 1
62	1	0.0	3	0 0 1


=== Second read: Adapter 23 ===

Sequence: ACGTTGGATGGAAAAATAAACTGTAAATCATATTC; Type: regular 5'; Length: 35; Trimmed: 1538 times.

No. of allowed errors:
0-9 bp: 0; 10-19 bp: 1; 20-29 bp: 2; 30-35 bp: 3

Overview of removed sequences
length	count	expect	max.err	error counts
13	1	0.0	1	1
21	1	0.0	2	0 0 1
30	3	0.0	3	0 0 1 2
31	6	0.0	3	0 0 0 6
32	137	0.0	3	0 0 0 137
33	43	0.0	3	0 1 21 21
34	276	0.0	3	0 81 51 144
35	915	0.0	3	186 194 132 403
36	123	0.0	3	0 13 45 65
37	22	0.0	3	0 0 5 17
38	10	0.0	3	0 0 0 10
47	1	0.0	3	0 0 0 1


=== Second read: Adapter 24 ===

Sequence: ACGTTGGATGGAAAAATAAATTGTAAATCAAATTC; Type: regular 5'; Length: 35; Trimmed: 2254 times.

No. of allowed errors:
0-9 bp: 0; 10-19 bp: 1; 20-29 bp: 2; 30-35 bp: 3

Overview of removed sequences
length	count	expect	max.err	error counts
14	3	0.0	1	2 1
18	1	0.0	1	1
19	1	0.0	1	0 1
20	1	0.0	2	1
21	1	0.0	2	1
30	5	0.0	3	2 0 2 1
31	2	0.0	3	1 1
32	1	0.0	3	0 0 1
33	16	0.0	3	2 4 5 5
34	83	0.0	3	5 38 23 17
35	2030	0.0	3	1136 477 259 158
36	64	0.0	3	0 27 12 25
37	14	0.0	3	0 0 8 6
38	30	0.0	3	0 0 0 30
44	1	0.0	3	1
46	1	0.0	3	1
