This is cutadapt 2.6 with Python 3.7.3
Command line parameters: -g ACGTTGGATGTTTGTTACTATGGTAGATACCACAC -g ACGTTGGATGTTTGTTACTAAGGTAGATACCACTC -g ACGTTGGATGTTTGTTACTGTGGTGGATACTAC -g ACGTTGGATGTTTGTTACTGTTGTGGATACAAC -g ACGTTGGATGTTTGTTACCGTTGTTGATACTAC -g ACGTTGGATGAATATATGTGTGCTTATTTG -G ACGTTGGATGTTTGTTACTATGGTAGATACCACAC -G ACGTTGGATGTTTGTTACTGTGGTGGATACTAC -G ACGTTGGATGTTTGTTACTGTTGTGGATACAAC -G ACGTTGGATGTTTGTTACCGTTGTTGATACTAC -G ACGTTGGATGAATATATGTGTGCTTATTTG -G ACGTTGGATGTTTGTTACTAAGGTAGATACCACTC -g ACGTTGGATGGAAAAATAAACTGCAAATCATATTC -g ACGTTGGATGGAAAAATAAACTGTAAATCATATTC -g ACGTTGGATGGAAAAATAAATTGTAAATCATACTC -g ACGTTGGATGAGATTAGGGAAAGTATTAGA -g ACGTTGGATGGAAAAATAAATTGTAAATCAAATTC -g ACGTTGGATGGAAAAATAAACTGTAAATCATATTCCT -G ACGTTGGATGGAAAAATAAACTGCAAATCATATTC -G ACGTTGGATGAGATTAGGGAAAGTATTAGA -G ACGTTGGATGGAAAAATAAATTGTAAATCATACTC -G ACGTTGGATGGAAAAATAAACTGTAAATCATATTCCT -G ACGTTGGATGGAAAAATAAACTGTAAATCATATTC -G ACGTTGGATGGAAAAATAAATTGTAAATCAAATTC --minimum-length=1 -o /data/projects/mdc-971/reprocess_June_2019_data/analysis/30.primer_trimmed/180445_S67_cutadapt.1.fq.gz -p /data/projects/mdc-971/reprocess_June_2019_data/analysis/30.primer_trimmed/180445_S67_cutadapt.2.fq.gz /data/projects/mdc-971/reprocess_June_2019_data/analysis/20.adapter_trimmed/180445_S67_R1_001.bbduked.trimmed.fastq.gz /data/projects/mdc-971/reprocess_June_2019_data/analysis/20.adapter_trimmed/180445_S67_R2_001.bbduked.trimmed.fastq.gz
Processing reads on 1 core in paired-end mode ...
Finished in 91.57 s (374 us/read; 0.16 M reads/minute).

=== Summary ===

Total read pairs processed:            244,893
  Read 1 with adapter:                 227,939 (93.1%)
  Read 2 with adapter:                 200,572 (81.9%)
Pairs that were too short:                   0 (0.0%)
Pairs written (passing filters):       244,893 (100.0%)

Total basepairs processed:    73,310,057 bp
  Read 1:    36,576,159 bp
  Read 2:    36,733,898 bp
Total written (filtered):     58,588,647 bp (79.9%)
  Read 1:    28,724,830 bp
  Read 2:    29,863,817 bp

=== First read: Adapter 1 ===

Sequence: ACGTTGGATGTTTGTTACTATGGTAGATACCACAC; Type: regular 5'; Length: 35; Trimmed: 2123 times.

No. of allowed errors:
0-9 bp: 0; 10-19 bp: 1; 20-29 bp: 2; 30-35 bp: 3

Overview of removed sequences
length	count	expect	max.err	error counts
3	3	3826.5	0	3
4	1	956.6	0	1
26	1	0.0	2	0 1
27	2	0.0	2	1 1
28	6	0.0	2	3 1 1 1
29	5	0.0	2	1 2 2
30	9	0.0	3	4 4 0 1
31	9	0.0	3	2 6 1
32	15	0.0	3	1 2 4 8
33	118	0.0	3	3 4 40 71
34	375	0.0	3	10 188 102 75
35	1262	0.0	3	601 338 154 169
36	218	0.0	3	0 47 111 60
37	46	0.0	3	0 0 23 23
38	53	0.0	3	0 0 0 53


=== First read: Adapter 2 ===

Sequence: ACGTTGGATGTTTGTTACTAAGGTAGATACCACTC; Type: regular 5'; Length: 35; Trimmed: 599 times.

No. of allowed errors:
0-9 bp: 0; 10-19 bp: 1; 20-29 bp: 2; 30-35 bp: 3

Overview of removed sequences
length	count	expect	max.err	error counts
14	1	0.0	1	1
22	1	0.0	2	0 0 1
27	1	0.0	2	0 0 1
28	6	0.0	2	5 0 1
29	2	0.0	2	0 1 1
30	7	0.0	3	2 3 2
31	6	0.0	3	1 5
32	9	0.0	3	5 0 2 2
33	20	0.0	3	1 4 7 8
34	188	0.0	3	6 118 28 36
35	304	0.0	3	143 76 42 43
36	25	0.0	3	0 7 11 7
37	24	0.0	3	0 0 16 8
38	4	0.0	3	0 0 0 4
61	1	0.0	3	0 0 1


=== First read: Adapter 3 ===

Sequence: ACGTTGGATGTTTGTTACTGTGGTGGATACTAC; Type: regular 5'; Length: 33; Trimmed: 84102 times.

No. of allowed errors:
0-9 bp: 0; 10-19 bp: 1; 20-29 bp: 2; 30-33 bp: 3

Overview of removed sequences
length	count	expect	max.err	error counts
3	3	3826.5	0	3
12	1	0.0	1	0 1
14	1	0.0	1	1
16	2	0.0	1	1 1
17	1	0.0	1	0 1
19	6	0.0	1	1 3 2
20	9	0.0	2	7 2
21	13	0.0	2	13
22	3	0.0	2	3
23	2	0.0	2	1 0 1
24	61	0.0	2	29 23 9
25	222	0.0	2	129 79 14
26	243	0.0	2	145 77 21
27	604	0.0	2	428 134 42
28	1566	0.0	2	1007 442 114 3
29	1196	0.0	2	623 398 161 14
30	3154	0.0	3	1615 1079 336 124
31	3952	0.0	3	1969 1149 565 269
32	9382	0.0	3	2019 4144 2021 1198
33	62712	0.0	3	30092 19914 8227 4479
34	821	0.0	3	20 376 306 119
35	42	0.0	3	7 7 11 17
36	59	0.0	3	6 6 2 45
37	12	0.0	3	8 2 2
38	2	0.0	3	1 1
39	4	0.0	3	2 1 1
40	6	0.0	3	2 3 0 1
41	7	0.0	3	5 1 1
42	3	0.0	3	1 2
43	1	0.0	3	0 1
44	2	0.0	3	1 1
45	2	0.0	3	0 2
46	1	0.0	3	0 1
48	4	0.0	3	2 2
49	1	0.0	3	1
56	1	0.0	3	1
64	1	0.0	3	0 1


=== First read: Adapter 4 ===

Sequence: ACGTTGGATGTTTGTTACTGTTGTGGATACAAC; Type: regular 5'; Length: 33; Trimmed: 5499 times.

No. of allowed errors:
0-9 bp: 0; 10-19 bp: 1; 20-29 bp: 2; 30-33 bp: 3

Overview of removed sequences
length	count	expect	max.err	error counts
3	20	3826.5	0	20
20	1	0.0	2	1
24	3	0.0	2	2 1
25	10	0.0	2	5 2 3
26	10	0.0	2	5 4 1
27	6	0.0	2	4 2
28	30	0.0	2	18 7 4 1
29	35	0.0	2	16 10 9
30	59	0.0	3	24 19 12 4
31	122	0.0	3	40 33 30 19
32	455	0.0	3	86 191 104 74
33	4380	0.0	3	2401 975 681 323
34	241	0.0	3	3 63 100 75
35	57	0.0	3	0 0 22 35
36	69	0.0	3	0 0 0 69
49	1	0.0	3	1


=== First read: Adapter 5 ===

Sequence: ACGTTGGATGTTTGTTACCGTTGTTGATACTAC; Type: regular 5'; Length: 33; Trimmed: 12524 times.

No. of allowed errors:
0-9 bp: 0; 10-19 bp: 1; 20-29 bp: 2; 30-33 bp: 3

Overview of removed sequences
length	count	expect	max.err	error counts
15	1	0.0	1	1
19	1	0.0	1	1
20	3	0.0	2	1 1 1
24	7	0.0	2	4 3
25	17	0.0	2	9 5 3
26	19	0.0	2	10 7 2
27	41	0.0	2	27 13 1
28	108	0.0	2	60 31 17
29	100	0.0	2	54 27 13 6
30	303	0.0	3	127 93 30 53
31	453	0.0	3	202 136 65 50
32	1439	0.0	3	259 540 419 221
33	9760	0.0	3	5744 2586 967 463
34	222	0.0	3	6 112 75 29
35	32	0.0	3	1 0 15 16
36	13	0.0	3	1 0 0 12
37	1	0.0	3	0 1
44	1	0.0	3	1
48	1	0.0	3	0 0 0 1
60	1	0.0	3	0 0 1
63	1	0.0	3	0 1


=== First read: Adapter 6 ===

Sequence: ACGTTGGATGAATATATGTGTGCTTATTTG; Type: regular 5'; Length: 30; Trimmed: 27 times.

No. of allowed errors:
0-9 bp: 0; 10-19 bp: 1; 20-29 bp: 2; 30 bp: 3

Overview of removed sequences
length	count	expect	max.err	error counts
3	22	3826.5	0	22
4	5	956.6	0	5


=== First read: Adapter 7 ===

Sequence: ACGTTGGATGGAAAAATAAACTGCAAATCATATTC; Type: regular 5'; Length: 35; Trimmed: 4711 times.

No. of allowed errors:
0-9 bp: 0; 10-19 bp: 1; 20-29 bp: 2; 30-35 bp: 3

Overview of removed sequences
length	count	expect	max.err	error counts
3	2	3826.5	0	2
18	1	0.0	1	1
21	1	0.0	2	0 0 1
25	1	0.0	2	0 0 1
26	1	0.0	2	1
29	5	0.0	2	1 2 2
30	19	0.0	3	6 5 3 5
31	23	0.0	3	7 4 4 8
32	50	0.0	3	5 5 1 39
33	102	0.0	3	5 11 56 30
34	788	0.0	3	6 591 111 80
35	2563	0.0	3	1481 409 201 472
36	1060	0.0	3	1 760 203 96
37	45	0.0	3	0 0 21 24
38	48	0.0	3	0 0 0 48
46	1	0.0	3	0 0 1
47	1	0.0	3	0 0 0 1


=== First read: Adapter 8 ===

Sequence: ACGTTGGATGGAAAAATAAACTGTAAATCATATTC; Type: regular 5'; Length: 35; Trimmed: 924 times.

No. of allowed errors:
0-9 bp: 0; 10-19 bp: 1; 20-29 bp: 2; 30-35 bp: 3

Overview of removed sequences
length	count	expect	max.err	error counts
30	1	0.0	3	0 0 0 1
31	2	0.0	3	0 0 0 2
32	78	0.0	3	0 0 0 78
33	26	0.0	3	1 3 10 12
34	295	0.0	3	2 199 42 52
35	428	0.0	3	91 105 53 179
36	54	0.0	3	0 6 23 25
37	30	0.0	3	0 0 11 19
38	9	0.0	3	0 0 0 9
45	1	0.0	3	0 0 0 1


=== First read: Adapter 9 ===

Sequence: ACGTTGGATGGAAAAATAAATTGTAAATCATACTC; Type: regular 5'; Length: 35; Trimmed: 2288 times.

No. of allowed errors:
0-9 bp: 0; 10-19 bp: 1; 20-29 bp: 2; 30-35 bp: 3

Overview of removed sequences
length	count	expect	max.err	error counts
30	1	0.0	3	0 1
31	3	0.0	3	3
32	6	0.0	3	0 0 1 5
33	31	0.0	3	3 4 17 7
34	158	0.0	3	47 71 20 20
35	1744	0.0	3	1123 321 136 164
36	15	0.0	3	0 4 3 8
37	10	0.0	3	0 0 2 8
38	318	0.0	3	0 0 0 318
43	1	0.0	3	0 1
53	1	0.0	3	1


=== First read: Adapter 10 ===

Sequence: ACGTTGGATGAGATTAGGGAAAGTATTAGA; Type: regular 5'; Length: 30; Trimmed: 17 times.

No. of allowed errors:
0-9 bp: 0; 10-19 bp: 1; 20-29 bp: 2; 30 bp: 3

Overview of removed sequences
length	count	expect	max.err	error counts
3	15	3826.5	0	15
4	1	956.6	0	1
30	1	0.0	3	1


=== First read: Adapter 11 ===

Sequence: ACGTTGGATGGAAAAATAAATTGTAAATCAAATTC; Type: regular 5'; Length: 35; Trimmed: 49102 times.

No. of allowed errors:
0-9 bp: 0; 10-19 bp: 1; 20-29 bp: 2; 30-35 bp: 3

Overview of removed sequences
length	count	expect	max.err	error counts
26	1	0.0	2	0 1
27	1	0.0	2	1
29	2	0.0	2	2
30	41	0.0	3	30 7 2 2
31	38	0.0	3	28 6 2 2
32	54	0.0	3	38 7 3 6
33	147	0.0	3	83 42 14 8
34	952	0.0	3	290 435 149 78
35	45302	0.0	3	34905 6646 2474 1277
36	1059	0.0	3	3 476 324 256
37	37	0.0	3	13 4 8 12
38	1457	0.0	3	1 1 1 1454
39	2	0.0	3	2
41	1	0.0	3	0 1
43	1	0.0	3	1
44	2	0.0	3	1 1
45	1	0.0	3	1
47	1	0.0	3	1
48	1	0.0	3	0 0 1
51	1	0.0	3	0 1
67	1	0.0	3	0 0 1


=== First read: Adapter 12 ===

Sequence: ACGTTGGATGGAAAAATAAACTGTAAATCATATTCCT; Type: regular 5'; Length: 37; Trimmed: 66023 times.

No. of allowed errors:
0-9 bp: 0; 10-19 bp: 1; 20-29 bp: 2; 30-37 bp: 3

Overview of removed sequences
length	count	expect	max.err	error counts
3	3	3826.5	0	3
4	1	956.6	0	1
20	2	0.0	2	1 1
22	2	0.0	2	2
23	2	0.0	2	1 1
27	1	0.0	2	0 0 1
28	1	0.0	2	0 0 1
29	2	0.0	2	0 2
30	3	0.0	3	1 1 0 1
31	18	0.0	3	8 8 2
32	121	0.0	3	26 44 36 15
33	143	0.0	3	43 65 21 14
34	200	0.0	3	64 86 29 21
35	513	0.0	3	89 98 234 92
36	3559	0.0	3	237 1727 1061 534
37	59875	0.0	3	27484 21062 8200 3129
38	856	0.0	3	21 359 310 166
39	575	0.0	3	4 1 173 397
40	137	0.0	3	0 0 0 137
41	2	0.0	3	1 1
48	1	0.0	3	0 0 1
49	1	0.0	3	0 1
51	1	0.0	3	1
53	1	0.0	3	1
57	1	0.0	3	1
64	2	0.0	3	0 1 1


=== Second read: Adapter 13 ===

Sequence: ACGTTGGATGTTTGTTACTATGGTAGATACCACAC; Type: regular 5'; Length: 35; Trimmed: 1361 times.

No. of allowed errors:
0-9 bp: 0; 10-19 bp: 1; 20-29 bp: 2; 30-35 bp: 3

Overview of removed sequences
length	count	expect	max.err	error counts
3	4	3826.5	0	4
4	9	956.6	0	9
28	1	0.0	2	1
29	1	0.0	2	1
30	4	0.0	3	0 1 2 1
31	2	0.0	3	1 1
32	10	0.0	3	0 0 4 6
33	187	0.0	3	1 0 58 128
34	261	0.0	3	1 68 106 86
35	575	0.0	3	136 158 124 157
36	212	0.0	3	0 27 86 99
37	54	0.0	3	0 0 20 34
38	35	0.0	3	0 0 0 35
42	2	0.0	3	0 0 2
44	1	0.0	3	0 0 0 1
52	1	0.0	3	0 1
53	1	0.0	3	0 0 1
58	1	0.0	3	0 1


=== Second read: Adapter 14 ===

Sequence: ACGTTGGATGTTTGTTACTGTGGTGGATACTAC; Type: regular 5'; Length: 33; Trimmed: 84114 times.

No. of allowed errors:
0-9 bp: 0; 10-19 bp: 1; 20-29 bp: 2; 30-33 bp: 3

Overview of removed sequences
length	count	expect	max.err	error counts
3	7	3826.5	0	7
5	2	239.2	0	2
17	1	0.0	1	1
18	1	0.0	1	0 1
19	3	0.0	1	1 2
20	1	0.0	2	1
22	1	0.0	2	0 1
23	1	0.0	2	0 1
24	16	0.0	2	7 5 4
25	11	0.0	2	2 5 4
26	45	0.0	2	17 21 7
27	82	0.0	2	43 26 13
28	303	0.0	2	128 103 70 2
29	477	0.0	2	133 189 148 7
30	1017	0.0	3	189 282 226 320
31	2428	0.0	3	810 590 528 500
32	10225	0.0	3	424 3551 3541 2709
33	67867	0.0	3	28781 22110 11229 5747
34	1068	0.0	3	9 453 388 218
35	70	0.0	3	6 8 23 33
36	92	0.0	3	3 3 0 86
37	15	0.0	3	4 7 3 1
38	5	0.0	3	0 3 2
39	8	0.0	3	2 3 1 2
40	19	0.0	3	2 9 5 3
41	98	0.0	3	26 42 19 11
42	48	0.0	3	14 27 4 3
43	16	0.0	3	1 8 6 1
44	32	0.0	3	11 12 7 2
45	25	0.0	3	14 4 3 4
46	13	0.0	3	3 4 2 4
47	8	0.0	3	2 0 3 3
48	11	0.0	3	3 0 4 4
49	30	0.0	3	14 9 5 2
50	10	0.0	3	1 5 3 1
51	17	0.0	3	5 3 5 4
52	11	0.0	3	4 1 4 2
53	11	0.0	3	7 1 3
54	4	0.0	3	1 0 2 1
55	6	0.0	3	2 3 1
56	5	0.0	3	4 0 0 1
57	1	0.0	3	0 1
63	1	0.0	3	0 1
65	1	0.0	3	0 1
68	1	0.0	3	0 0 0 1


=== Second read: Adapter 15 ===

Sequence: ACGTTGGATGTTTGTTACTGTTGTGGATACAAC; Type: regular 5'; Length: 33; Trimmed: 6448 times.

No. of allowed errors:
0-9 bp: 0; 10-19 bp: 1; 20-29 bp: 2; 30-33 bp: 3

Overview of removed sequences
length	count	expect	max.err	error counts
3	367	3826.5	0	367
5	2	239.2	0	2
21	1	0.0	2	1
25	1	0.0	2	0 0 1
26	2	0.0	2	2
27	6	0.0	2	1 3 2
28	12	0.0	2	7 3 2
29	22	0.0	2	8 11 3
30	39	0.0	3	11 6 9 13
31	165	0.0	3	37 19 47 62
32	911	0.0	3	34 344 286 247
33	4281	0.0	3	1859 1084 873 465
34	325	0.0	3	0 65 115 145
35	69	0.0	3	0 0 33 36
36	198	0.0	3	0 3 1 194
37	1	0.0	3	0 1
40	2	0.0	3	1 0 1
41	9	0.0	3	2 4 3
42	3	0.0	3	2 0 1
43	1	0.0	3	0 1
44	4	0.0	3	2 1 0 1
45	3	0.0	3	2 1
47	1	0.0	3	0 0 1
48	4	0.0	3	3 1
49	1	0.0	3	0 1
50	3	0.0	3	0 1 2
51	3	0.0	3	1 1 1
52	2	0.0	3	0 0 1 1
53	4	0.0	3	0 1 2 1
54	1	0.0	3	0 1
55	1	0.0	3	0 0 1
56	3	0.0	3	0 1 2
59	1	0.0	3	0 1


=== Second read: Adapter 16 ===

Sequence: ACGTTGGATGTTTGTTACCGTTGTTGATACTAC; Type: regular 5'; Length: 33; Trimmed: 11118 times.

No. of allowed errors:
0-9 bp: 0; 10-19 bp: 1; 20-29 bp: 2; 30-33 bp: 3

Overview of removed sequences
length	count	expect	max.err	error counts
19	2	0.0	1	1 1
20	1	0.0	2	0 1
22	1	0.0	2	0 1
23	2	0.0	2	0 1 1
24	2	0.0	2	1 1
25	1	0.0	2	0 1
26	8	0.0	2	3 1 4
27	6	0.0	2	2 1 3
28	32	0.0	2	8 13 11
29	47	0.0	2	15 11 21
30	240	0.0	3	23 25 16 176
31	302	0.0	3	90 57 69 86
32	1517	0.0	3	34 481 555 447
33	8610	0.0	3	4112 2515 1284 699
34	270	0.0	3	1 107 91 71
35	28	0.0	3	0 0 8 20
36	18	0.0	3	0 0 0 18
39	1	0.0	3	0 0 1
40	1	0.0	3	0 0 1
41	6	0.0	3	2 1 2 1
42	2	0.0	3	1 1
44	4	0.0	3	2 1 1
45	2	0.0	3	0 1 1
46	2	0.0	3	0 1 1
48	1	0.0	3	0 0 1
49	2	0.0	3	1 0 1
50	2	0.0	3	1 0 0 1
51	1	0.0	3	0 0 0 1
53	2	0.0	3	1 1
54	4	0.0	3	1 1 2
58	1	0.0	3	0 1


=== Second read: Adapter 17 ===

Sequence: ACGTTGGATGAATATATGTGTGCTTATTTG; Type: regular 5'; Length: 30; Trimmed: 146 times.

No. of allowed errors:
0-9 bp: 0; 10-19 bp: 1; 20-29 bp: 2; 30 bp: 3

Overview of removed sequences
length	count	expect	max.err	error counts
3	135	3826.5	0	135
4	3	956.6	0	3
5	2	239.2	0	2
6	6	59.8	0	6


=== Second read: Adapter 18 ===

Sequence: ACGTTGGATGTTTGTTACTAAGGTAGATACCACTC; Type: regular 5'; Length: 35; Trimmed: 588 times.

No. of allowed errors:
0-9 bp: 0; 10-19 bp: 1; 20-29 bp: 2; 30-35 bp: 3

Overview of removed sequences
length	count	expect	max.err	error counts
3	3	3826.5	0	3
4	1	956.6	0	1
27	1	0.0	2	0 0 1
29	2	0.0	2	2
30	1	0.0	3	1
31	3	0.0	3	0 0 1 2
32	5	0.0	3	0 1 0 4
33	33	0.0	3	3 5 11 14
34	213	0.0	3	2 83 56 72
35	231	0.0	3	73 65 47 46
36	43	0.0	3	0 9 12 22
37	40	0.0	3	0 0 12 28
38	11	0.0	3	0 0 0 11
47	1	0.0	3	0 0 1


=== Second read: Adapter 19 ===

Sequence: ACGTTGGATGGAAAAATAAACTGCAAATCATATTC; Type: regular 5'; Length: 35; Trimmed: 3158 times.

No. of allowed errors:
0-9 bp: 0; 10-19 bp: 1; 20-29 bp: 2; 30-35 bp: 3

Overview of removed sequences
length	count	expect	max.err	error counts
3	19	3826.5	0	19
18	1	0.0	1	0 1
19	2	0.0	1	0 2
24	1	0.0	2	0 1
29	4	0.0	2	0 2 2
30	2	0.0	3	0 0 1 1
31	8	0.0	3	0 5 1 2
32	37	0.0	3	0 2 0 35
33	45	0.0	3	4 0 21 20
34	387	0.0	3	4 189 96 98
35	2061	0.0	3	566 316 232 947
36	538	0.0	3	0 251 148 139
37	19	0.0	3	0 0 8 11
38	34	0.0	3	0 0 0 34


=== Second read: Adapter 20 ===

Sequence: ACGTTGGATGAGATTAGGGAAAGTATTAGA; Type: regular 5'; Length: 30; Trimmed: 25 times.

No. of allowed errors:
0-9 bp: 0; 10-19 bp: 1; 20-29 bp: 2; 30 bp: 3

Overview of removed sequences
length	count	expect	max.err	error counts
3	25	3826.5	0	25


=== Second read: Adapter 21 ===

Sequence: ACGTTGGATGGAAAAATAAATTGTAAATCATACTC; Type: regular 5'; Length: 35; Trimmed: 1527 times.

No. of allowed errors:
0-9 bp: 0; 10-19 bp: 1; 20-29 bp: 2; 30-35 bp: 3

Overview of removed sequences
length	count	expect	max.err	error counts
5	1	239.2	0	1
19	3	0.0	1	2 1
30	3	0.0	3	0 3
31	6	0.0	3	2 2 1 1
32	7	0.0	3	0 0 0 7
33	43	0.0	3	2 0 8 33
34	77	0.0	3	6 30 18 23
35	1186	0.0	3	521 241 175 249
36	10	0.0	3	0 2 3 5
37	9	0.0	3	0 0 3 6
38	175	0.0	3	0 0 0 175
42	1	0.0	3	0 1
43	1	0.0	3	0 0 1
44	2	0.0	3	1 0 0 1
46	1	0.0	3	0 0 1
48	1	0.0	3	0 0 1
53	1	0.0	3	1


=== Second read: Adapter 22 ===

Sequence: ACGTTGGATGGAAAAATAAACTGTAAATCATATTCCT; Type: regular 5'; Length: 37; Trimmed: 50531 times.

No. of allowed errors:
0-9 bp: 0; 10-19 bp: 1; 20-29 bp: 2; 30-37 bp: 3

Overview of removed sequences
length	count	expect	max.err	error counts
3	134	3826.5	0	134
4	183	956.6	0	183
6	1	59.8	0	1
19	1	0.0	1	0 1
20	2	0.0	2	0 1 1
26	1	0.0	2	0 0 1
30	1	0.0	3	0 0 1
31	4	0.0	3	1 1 1 1
32	13	0.0	3	6 3 3 1
33	31	0.0	3	3 12 13 3
34	49	0.0	3	9 12 14 14
35	274	0.0	3	41 45 124 64
36	1823	0.0	3	59 636 722 406
37	47175	0.0	3	13990 17913 10049 5223
38	537	0.0	3	5 177 226 129
39	220	0.0	3	1 1 64 154
40	63	0.0	3	0 1 0 62
42	1	0.0	3	0 1
43	2	0.0	3	0 0 2
45	5	0.0	3	1 1 3
47	2	0.0	3	1 0 1
49	3	0.0	3	2 0 1
50	1	0.0	3	0 1
52	1	0.0	3	0 1
55	1	0.0	3	1
57	2	0.0	3	0 1 0 1
71	1	0.0	3	0 0 1


=== Second read: Adapter 23 ===

Sequence: ACGTTGGATGGAAAAATAAACTGTAAATCATATTC; Type: regular 5'; Length: 35; Trimmed: 793 times.

No. of allowed errors:
0-9 bp: 0; 10-19 bp: 1; 20-29 bp: 2; 30-35 bp: 3

Overview of removed sequences
length	count	expect	max.err	error counts
12	1	0.0	1	0 1
26	1	0.0	2	0 0 1
30	2	0.0	3	1 0 0 1
31	4	0.0	3	1 0 0 3
32	48	0.0	3	0 0 0 48
33	21	0.0	3	0 0 6 15
34	221	0.0	3	0 90 50 81
35	429	0.0	3	59 58 49 263
36	50	0.0	3	0 1 32 17
37	8	0.0	3	0 0 2 6
38	7	0.0	3	0 0 0 7
52	1	0.0	3	0 1


=== Second read: Adapter 24 ===

Sequence: ACGTTGGATGGAAAAATAAATTGTAAATCAAATTC; Type: regular 5'; Length: 35; Trimmed: 40763 times.

No. of allowed errors:
0-9 bp: 0; 10-19 bp: 1; 20-29 bp: 2; 30-35 bp: 3

Overview of removed sequences
length	count	expect	max.err	error counts
6	2	59.8	0	2
20	1	0.0	2	0 0 1
28	1	0.0	2	0 0 1
29	1	0.0	2	1
30	7	0.0	3	4 3
31	17	0.0	3	9 6 2
32	18	0.0	3	8 2 4 4
33	103	0.0	3	47 26 14 16
34	711	0.0	3	67 322 192 130
35	38359	0.0	3	22592 8483 4476 2808
36	916	0.0	3	8 385 303 220
37	16	0.0	3	6 0 5 5
38	584	0.0	3	0 0 0 584
39	1	0.0	3	0 1
40	1	0.0	3	1
41	1	0.0	3	1
42	4	0.0	3	1 2 1
43	6	0.0	3	1 1 3 1
44	4	0.0	3	2 1 0 1
45	1	0.0	3	0 1
46	1	0.0	3	1
48	1	0.0	3	0 0 1
49	2	0.0	3	1 1
50	1	0.0	3	1
51	2	0.0	3	1 0 0 1
57	2	0.0	3	0 1 0 1
