This is cutadapt 2.6 with Python 3.7.3
Command line parameters: -g ACGTTGGATGTTTGTTACTATGGTAGATACCACAC -g ACGTTGGATGTTTGTTACTAAGGTAGATACCACTC -g ACGTTGGATGTTTGTTACTGTGGTGGATACTAC -g ACGTTGGATGTTTGTTACTGTTGTGGATACAAC -g ACGTTGGATGTTTGTTACCGTTGTTGATACTAC -g ACGTTGGATGAATATATGTGTGCTTATTTG -G ACGTTGGATGTTTGTTACTATGGTAGATACCACAC -G ACGTTGGATGTTTGTTACTGTGGTGGATACTAC -G ACGTTGGATGTTTGTTACTGTTGTGGATACAAC -G ACGTTGGATGTTTGTTACCGTTGTTGATACTAC -G ACGTTGGATGAATATATGTGTGCTTATTTG -G ACGTTGGATGTTTGTTACTAAGGTAGATACCACTC -g ACGTTGGATGGAAAAATAAACTGCAAATCATATTC -g ACGTTGGATGGAAAAATAAACTGTAAATCATATTC -g ACGTTGGATGGAAAAATAAATTGTAAATCATACTC -g ACGTTGGATGAGATTAGGGAAAGTATTAGA -g ACGTTGGATGGAAAAATAAATTGTAAATCAAATTC -g ACGTTGGATGGAAAAATAAACTGTAAATCATATTCCT -G ACGTTGGATGGAAAAATAAACTGCAAATCATATTC -G ACGTTGGATGAGATTAGGGAAAGTATTAGA -G ACGTTGGATGGAAAAATAAATTGTAAATCATACTC -G ACGTTGGATGGAAAAATAAACTGTAAATCATATTCCT -G ACGTTGGATGGAAAAATAAACTGTAAATCATATTC -G ACGTTGGATGGAAAAATAAATTGTAAATCAAATTC --minimum-length=1 -o /data/projects/mdc-971/reprocess_June_2019_data/analysis/30.primer_trimmed/180437_S58_cutadapt.1.fq.gz -p /data/projects/mdc-971/reprocess_June_2019_data/analysis/30.primer_trimmed/180437_S58_cutadapt.2.fq.gz /data/projects/mdc-971/reprocess_June_2019_data/analysis/20.adapter_trimmed/180437_S58_R1_001.bbduked.trimmed.fastq.gz /data/projects/mdc-971/reprocess_June_2019_data/analysis/20.adapter_trimmed/180437_S58_R2_001.bbduked.trimmed.fastq.gz
Processing reads on 1 core in paired-end mode ...
Finished in 189.64 s (380 us/read; 0.16 M reads/minute).

=== Summary ===

Total read pairs processed:            498,655
  Read 1 with adapter:                 429,230 (86.1%)
  Read 2 with adapter:                 324,160 (65.0%)
Pairs that were too short:                   0 (0.0%)
Pairs written (passing filters):       498,655 (100.0%)

Total basepairs processed:   146,755,295 bp
  Read 1:    71,957,137 bp
  Read 2:    74,798,158 bp
Total written (filtered):    121,190,659 bp (82.6%)
  Read 1:    57,285,317 bp
  Read 2:    63,905,342 bp

=== First read: Adapter 1 ===

Sequence: ACGTTGGATGTTTGTTACTATGGTAGATACCACAC; Type: regular 5'; Length: 35; Trimmed: 42105 times.

No. of allowed errors:
0-9 bp: 0; 10-19 bp: 1; 20-29 bp: 2; 30-35 bp: 3

Overview of removed sequences
length	count	expect	max.err	error counts
3	7	7791.5	0	7
4	5	1947.9	0	5
13	1	0.0	1	0 1
14	2	0.0	1	1 1
18	1	0.0	1	1
19	1	0.0	1	1
20	4	0.0	2	1 2 1
21	2	0.0	2	0 1 1
22	5	0.0	2	2 1 2
23	12	0.0	2	9 2 1
24	2	0.0	2	1 0 1
25	3	0.0	2	1 2
26	45	0.0	2	11 18 16
27	119	0.0	2	51 40 28
28	218	0.0	2	83 48 60 27
29	348	0.0	2	106 133 83 26
30	876	0.0	3	406 241 147 82
31	634	0.0	3	180 202 153 99
32	1194	0.0	3	212 299 240 443
33	2991	0.0	3	171 295 1422 1103
34	8603	0.0	3	163 3826 2660 1954
35	21842	0.0	3	7790 7167 4185 2700
36	3098	0.0	3	8 1318 1035 737
37	947	0.0	3	1 5 532 409
38	1129	0.0	3	0 0 0 1129
39	7	0.0	3	0 1 3 3
43	2	0.0	3	0 2
46	2	0.0	3	1 0 1
47	1	0.0	3	0 1
49	1	0.0	3	0 0 1
52	1	0.0	3	0 1
55	1	0.0	3	0 1
61	1	0.0	3	0 1


=== First read: Adapter 2 ===

Sequence: ACGTTGGATGTTTGTTACTAAGGTAGATACCACTC; Type: regular 5'; Length: 35; Trimmed: 11795 times.

No. of allowed errors:
0-9 bp: 0; 10-19 bp: 1; 20-29 bp: 2; 30-35 bp: 3

Overview of removed sequences
length	count	expect	max.err	error counts
3	3	7791.5	0	3
4	3	1947.9	0	3
12	1	0.0	1	0 1
13	1	0.0	1	0 1
14	3	0.0	1	3
15	1	0.0	1	1
18	1	0.0	1	0 1
19	1	0.0	1	1
21	2	0.0	2	0 1 1
22	3	0.0	2	1 1 1
23	1	0.0	2	1
25	2	0.0	2	0 2
26	24	0.0	2	10 10 4
27	33	0.0	2	13 17 3
28	62	0.0	2	25 21 13 3
29	149	0.0	2	34 72 33 10
30	210	0.0	3	94 59 37 20
31	192	0.0	3	54 72 48 18
32	298	0.0	3	73 104 55 66
33	1039	0.0	3	59 88 250 642
34	2894	0.0	3	88 1535 736 535
35	5592	0.0	3	3225 1232 696 439
36	497	0.0	3	1 166 201 129
37	717	0.0	3	0 0 415 302
38	63	0.0	3	0 0 0 63
39	2	0.0	3	2
42	1	0.0	3	0 0 0 1


=== First read: Adapter 3 ===

Sequence: ACGTTGGATGTTTGTTACTGTGGTGGATACTAC; Type: regular 5'; Length: 33; Trimmed: 51109 times.

No. of allowed errors:
0-9 bp: 0; 10-19 bp: 1; 20-29 bp: 2; 30-33 bp: 3

Overview of removed sequences
length	count	expect	max.err	error counts
3	4	7791.5	0	4
4	1	1947.9	0	1
14	4	0.0	1	4
15	3	0.0	1	1 2
16	2	0.0	1	1 1
17	5	0.0	1	3 2
18	5	0.0	1	3 2
19	13	0.0	1	8 2 3
20	29	0.0	2	20 7 2
21	23	0.0	2	11 11 1
22	22	0.0	2	4 11 7
23	15	0.0	2	6 5 4
24	142	0.0	2	63 52 27
25	452	0.0	2	213 169 70
26	721	0.0	2	317 267 137
27	998	0.0	2	506 368 123 1
28	1578	0.0	2	688 612 258 20
29	1479	0.0	2	322 732 377 48
30	2688	0.0	3	692 828 454 714
31	4019	0.0	3	639 1009 1316 1055
32	6464	0.0	3	491 2463 2051 1459
33	19346	0.0	3	6955 6066 3705 2620
34	12642	0.0	3	4 6133 4592 1913
35	344	0.0	3	2 2 156 184
36	61	0.0	3	2 1 2 56
37	6	0.0	3	1 4 1
38	7	0.0	3	0 5 2
39	3	0.0	3	0 0 0 3
40	5	0.0	3	1 2 2
41	1	0.0	3	0 0 1
42	3	0.0	3	0 2 1
43	4	0.0	3	0 3 0 1
44	3	0.0	3	2 0 1
45	3	0.0	3	0 2 1
46	2	0.0	3	0 2
48	2	0.0	3	0 1 1
49	2	0.0	3	0 2
51	2	0.0	3	0 1 0 1
52	1	0.0	3	0 0 1
53	1	0.0	3	1
54	2	0.0	3	0 1 0 1
56	1	0.0	3	0 0 1
110	1	0.0	3	0 0 0 1


=== First read: Adapter 4 ===

Sequence: ACGTTGGATGTTTGTTACTGTTGTGGATACAAC; Type: regular 5'; Length: 33; Trimmed: 21155 times.

No. of allowed errors:
0-9 bp: 0; 10-19 bp: 1; 20-29 bp: 2; 30-33 bp: 3

Overview of removed sequences
length	count	expect	max.err	error counts
3	48	7791.5	0	48
15	1	0.0	1	1
16	3	0.0	1	1 2
18	2	0.0	1	2
19	2	0.0	1	1 1
20	8	0.0	2	4 1 3
21	6	0.0	2	4 1 1
22	1	0.0	2	0 0 1
23	2	0.0	2	0 2
24	32	0.0	2	13 12 7
25	222	0.0	2	82 100 40
26	156	0.0	2	87 46 23
27	147	0.0	2	74 54 19
28	291	0.0	2	156 95 39 1
29	189	0.0	2	80 66 37 6
30	360	0.0	3	128 111 64 57
31	736	0.0	3	105 120 270 241
32	2240	0.0	3	184 979 497 580
33	14795	0.0	3	7064 3609 2752 1370
34	1303	0.0	3	3 591 376 333
35	455	0.0	3	0 2 242 211
36	143	0.0	3	0 0 1 142
41	1	0.0	3	1
42	1	0.0	3	0 1
49	2	0.0	3	0 0 2
52	2	0.0	3	2
54	1	0.0	3	1
57	1	0.0	3	1
59	1	0.0	3	0 1
61	1	0.0	3	0 0 1
63	2	0.0	3	1 1
65	1	0.0	3	1


=== First read: Adapter 5 ===

Sequence: ACGTTGGATGTTTGTTACCGTTGTTGATACTAC; Type: regular 5'; Length: 33; Trimmed: 65257 times.

No. of allowed errors:
0-9 bp: 0; 10-19 bp: 1; 20-29 bp: 2; 30-33 bp: 3

Overview of removed sequences
length	count	expect	max.err	error counts
10	1	0.5	1	0 1
11	1	0.1	1	1
14	6	0.0	1	5 1
15	1	0.0	1	1
16	2	0.0	1	1 1
17	2	0.0	1	1 1
18	5	0.0	1	3 2
19	5	0.0	1	3 2
20	22	0.0	2	16 3 3
21	21	0.0	2	16 4 1
22	7	0.0	2	4 2 1
23	13	0.0	2	3 5 5
24	176	0.0	2	107 54 15
25	504	0.0	2	292 154 58
26	787	0.0	2	394 283 110
27	1885	0.0	2	1249 481 153 2
28	3342	0.0	2	1969 995 366 12
29	2580	0.0	2	896 1040 561 83
30	6498	0.0	3	2258 2111 877 1252
31	6281	0.0	3	2090 1928 1301 962
32	12132	0.0	3	1149 3336 4882 2765
33	26896	0.0	3	11437 8707 4421 2331
34	3626	0.0	3	7 1648 1267 704
35	292	0.0	3	8 3 90 191
36	146	0.0	3	2 1 2 141
37	6	0.0	3	4 1 1
38	1	0.0	3	0 1
39	1	0.0	3	0 0 1
40	2	0.0	3	0 1 1
41	4	0.0	3	1 1 2
42	3	0.0	3	1 2
43	2	0.0	3	1 0 0 1
44	3	0.0	3	0 2 0 1
45	1	0.0	3	1
49	2	0.0	3	2
51	1	0.0	3	0 0 0 1


=== First read: Adapter 6 ===

Sequence: ACGTTGGATGAATATATGTGTGCTTATTTG; Type: regular 5'; Length: 30; Trimmed: 261 times.

No. of allowed errors:
0-9 bp: 0; 10-19 bp: 1; 20-29 bp: 2; 30 bp: 3

Overview of removed sequences
length	count	expect	max.err	error counts
3	222	7791.5	0	222
4	22	1947.9	0	22
5	7	487.0	0	7
29	1	0.0	2	0 1
30	8	0.0	3	4 3 1
31	1	0.0	3	0 1


=== First read: Adapter 7 ===

Sequence: ACGTTGGATGGAAAAATAAACTGCAAATCATATTC; Type: regular 5'; Length: 35; Trimmed: 78361 times.

No. of allowed errors:
0-9 bp: 0; 10-19 bp: 1; 20-29 bp: 2; 30-35 bp: 3

Overview of removed sequences
length	count	expect	max.err	error counts
3	1	7791.5	0	1
4	1	1947.9	0	1
22	1	0.0	2	1
23	2	0.0	2	1 1
24	3	0.0	2	1 1 1
25	1	0.0	2	0 0 1
26	5	0.0	2	2 1 2
27	9	0.0	2	5 3 0 1
28	18	0.0	2	5 7 4 2
29	66	0.0	2	14 27 16 9
30	394	0.0	3	189 112 67 26
31	400	0.0	3	180 121 57 42
32	1407	0.0	3	276 162 66 903
33	1746	0.0	3	171 205 839 531
34	12486	0.0	3	220 9275 2061 930
35	47359	0.0	3	29165 10536 4269 3389
36	13359	0.0	3	2 10688 1883 786
37	815	0.0	3	2 2 437 374
38	282	0.0	3	0 0 1 281
39	1	0.0	3	0 0 0 1
47	1	0.0	3	0 0 1
51	1	0.0	3	1
55	1	0.0	3	0 1
56	1	0.0	3	0 0 1
66	1	0.0	3	0 1


=== First read: Adapter 8 ===

Sequence: ACGTTGGATGGAAAAATAAACTGTAAATCATATTC; Type: regular 5'; Length: 35; Trimmed: 30332 times.

No. of allowed errors:
0-9 bp: 0; 10-19 bp: 1; 20-29 bp: 2; 30-35 bp: 3

Overview of removed sequences
length	count	expect	max.err	error counts
18	2	0.0	1	1 1
25	2	0.0	2	2
27	2	0.0	2	0 1 0 1
28	1	0.0	2	0 0 0 1
29	6	0.0	2	1 3 0 2
30	93	0.0	3	52 27 9 5
31	108	0.0	3	60 38 3 7
32	1883	0.0	3	80 39 20 1744
33	764	0.0	3	121 90 300 253
34	4175	0.0	3	171 2598 729 677
35	21863	0.0	3	11251 5664 2828 2120
36	878	0.0	3	8 175 378 317
37	477	0.0	3	1 0 112 364
38	73	0.0	3	0 0 0 73
39	2	0.0	3	2
56	1	0.0	3	0 0 1
61	1	0.0	3	0 0 1
66	1	0.0	3	1


=== First read: Adapter 9 ===

Sequence: ACGTTGGATGGAAAAATAAATTGTAAATCATACTC; Type: regular 5'; Length: 35; Trimmed: 40249 times.

No. of allowed errors:
0-9 bp: 0; 10-19 bp: 1; 20-29 bp: 2; 30-35 bp: 3

Overview of removed sequences
length	count	expect	max.err	error counts
27	2	0.0	2	1 1
28	2	0.0	2	2
29	2	0.0	2	2
30	22	0.0	3	11 7 1 3
31	46	0.0	3	29 11 5 1
32	143	0.0	3	13 11 4 115
33	899	0.0	3	25 47 538 289
34	2517	0.0	3	848 1109 392 168
35	35799	0.0	3	24508 6531 2087 2673
36	304	0.0	3	6 112 95 91
37	177	0.0	3	3 3 61 110
38	305	0.0	3	5 1 0 299
39	5	0.0	3	4 1
40	1	0.0	3	0 1
41	1	0.0	3	1
42	2	0.0	3	1 1
43	2	0.0	3	0 0 1 1
44	4	0.0	3	3 1
45	1	0.0	3	1
47	1	0.0	3	0 0 0 1
48	4	0.0	3	3 1
49	1	0.0	3	1
50	2	0.0	3	1 1
51	2	0.0	3	2
52	1	0.0	3	0 1
53	1	0.0	3	1
56	1	0.0	3	1
57	1	0.0	3	1
63	1	0.0	3	0 1


=== First read: Adapter 10 ===

Sequence: ACGTTGGATGAGATTAGGGAAAGTATTAGA; Type: regular 5'; Length: 30; Trimmed: 77 times.

No. of allowed errors:
0-9 bp: 0; 10-19 bp: 1; 20-29 bp: 2; 30 bp: 3

Overview of removed sequences
length	count	expect	max.err	error counts
3	68	7791.5	0	68
4	2	1947.9	0	2
29	5	0.0	2	0 0 2 3
30	1	0.0	3	0 1
31	1	0.0	3	0 0 1


=== First read: Adapter 11 ===

Sequence: ACGTTGGATGGAAAAATAAATTGTAAATCAAATTC; Type: regular 5'; Length: 35; Trimmed: 15835 times.

No. of allowed errors:
0-9 bp: 0; 10-19 bp: 1; 20-29 bp: 2; 30-35 bp: 3

Overview of removed sequences
length	count	expect	max.err	error counts
26	1	0.0	2	1
30	6	0.0	3	3 3
31	12	0.0	3	8 3 1
32	10	0.0	3	1 2 0 7
33	84	0.0	3	8 12 41 23
34	473	0.0	3	55 240 110 68
35	14767	0.0	3	10173 2896 1168 530
36	233	0.0	3	0 98 64 71
37	105	0.0	3	1 0 49 55
38	141	0.0	3	0 0 0 141
50	1	0.0	3	0 1
51	1	0.0	3	0 1
55	1	0.0	3	0 0 0 1


=== First read: Adapter 12 ===

Sequence: ACGTTGGATGGAAAAATAAACTGTAAATCATATTCCT; Type: regular 5'; Length: 37; Trimmed: 72694 times.

No. of allowed errors:
0-9 bp: 0; 10-19 bp: 1; 20-29 bp: 2; 30-37 bp: 3

Overview of removed sequences
length	count	expect	max.err	error counts
3	43	7791.5	0	43
4	8	1947.9	0	8
9	1	1.9	0	1
19	2	0.0	1	1 1
21	2	0.0	2	2
22	1	0.0	2	1
25	1	0.0	2	0 1
26	1	0.0	2	0 1
27	1	0.0	2	0 0 1
28	2	0.0	2	1 1
29	4	0.0	2	0 3 1
30	11	0.0	3	0 6 2 3
31	51	0.0	3	1 30 17 3
32	85	0.0	3	6 40 23 16
33	92	0.0	3	4 43 31 14
34	247	0.0	3	5 44 38 160
35	5343	0.0	3	9 94 4119 1121
36	22398	0.0	3	41 13427 5631 3299
37	33273	0.0	3	5914 18484 6224 2651
38	5637	0.0	3	1 554 3298 1784
39	4846	0.0	3	0 0 811 4035
40	636	0.0	3	0 0 0 636
41	2	0.0	3	0 1 0 1
42	1	0.0	3	0 1
50	2	0.0	3	0 0 1 1
54	1	0.0	3	0 1
57	1	0.0	3	0 0 1
64	1	0.0	3	0 1
80	1	0.0	3	0 1


=== Second read: Adapter 13 ===

Sequence: ACGTTGGATGTTTGTTACTATGGTAGATACCACAC; Type: regular 5'; Length: 35; Trimmed: 32723 times.

No. of allowed errors:
0-9 bp: 0; 10-19 bp: 1; 20-29 bp: 2; 30-35 bp: 3

Overview of removed sequences
length	count	expect	max.err	error counts
3	16	7791.5	0	16
4	30	1947.9	0	30
19	2	0.0	1	1 1
20	2	0.0	2	0 1 1
21	1	0.0	2	0 0 1
22	2	0.0	2	0 1 1
23	3	0.0	2	0 2 1
24	2	0.0	2	0 0 2
25	8	0.0	2	0 2 6
26	8	0.0	2	6 0 2
27	17	0.0	2	8 4 5
28	56	0.0	2	19 11 16 10
29	92	0.0	2	28 23 24 17
30	229	0.0	3	43 68 58 60
31	325	0.0	3	59 86 96 84
32	510	0.0	3	44 90 92 284
33	2446	0.0	3	88 125 1017 1216
34	4756	0.0	3	57 1521 1654 1524
35	19178	0.0	3	5019 5924 4711 3524
36	2887	0.0	3	5 884 1065 933
37	1320	0.0	3	0 1 598 721
38	772	0.0	3	0 0 0 772
40	3	0.0	3	0 0 1 2
41	3	0.0	3	0 0 2 1
42	1	0.0	3	0 0 0 1
43	11	0.0	3	2 5 3 1
44	6	0.0	3	0 2 2 2
45	2	0.0	3	1 0 1
46	9	0.0	3	1 5 1 2
47	6	0.0	3	3 0 2 1
48	2	0.0	3	0 0 1 1
49	1	0.0	3	0 0 0 1
50	3	0.0	3	1 1 0 1
51	5	0.0	3	0 1 4
52	3	0.0	3	0 2 1
53	1	0.0	3	0 1
54	3	0.0	3	1 2
60	1	0.0	3	1
61	1	0.0	3	0 0 1


=== Second read: Adapter 14 ===

Sequence: ACGTTGGATGTTTGTTACTGTGGTGGATACTAC; Type: regular 5'; Length: 33; Trimmed: 72762 times.

No. of allowed errors:
0-9 bp: 0; 10-19 bp: 1; 20-29 bp: 2; 30-33 bp: 3

Overview of removed sequences
length	count	expect	max.err	error counts
3	39	7791.5	0	39
4	1	1947.9	0	1
5	5	487.0	0	5
6	1	121.7	0	1
11	1	0.1	1	1
13	1	0.0	1	0 1
14	1	0.0	1	1
15	1	0.0	1	1
16	2	0.0	1	0 2
17	6	0.0	1	4 2
18	9	0.0	1	7 2
19	6	0.0	1	0 5 1
20	12	0.0	2	3 6 3
21	6	0.0	2	1 3 2
22	5	0.0	2	1 3 1
23	4	0.0	2	0 3 1
24	33	0.0	2	13 9 11
25	71	0.0	2	16 29 26
26	117	0.0	2	31 51 35
27	131	0.0	2	40 47 42 2
28	254	0.0	2	66 112 72 4
29	364	0.0	2	58 157 129 20
30	4579	0.0	3	88 205 249 4037
31	6875	0.0	3	167 224 2243 4241
32	11245	0.0	3	114 3349 4149 3633
33	24710	0.0	3	8161 8003 5164 3382
34	22636	0.0	3	1 9686 8420 4529
35	470	0.0	3	2 2 174 292
36	142	0.0	3	0 5 3 134
37	10	0.0	3	1 2 1 6
38	17	0.0	3	0 2 0 15
39	38	0.0	3	1 0 11 26
40	53	0.0	3	6 11 13 23
41	142	0.0	3	37 48 31 26
42	128	0.0	3	25 30 37 36
43	63	0.0	3	7 8 19 29
44	62	0.0	3	13 13 21 15
45	74	0.0	3	11 31 18 14
46	50	0.0	3	2 15 15 18
47	33	0.0	3	5 6 8 14
48	43	0.0	3	7 8 12 16
49	69	0.0	3	12 18 20 19
50	35	0.0	3	2 8 7 18
51	42	0.0	3	4 17 11 10
52	51	0.0	3	8 15 13 15
53	41	0.0	3	10 15 8 8
54	29	0.0	3	5 6 6 12
55	12	0.0	3	1 0 8 3
56	4	0.0	3	0 3 0 1
57	4	0.0	3	1 2 1
58	2	0.0	3	0 0 0 2
59	1	0.0	3	0 1
60	2	0.0	3	0 1 0 1
61	4	0.0	3	0 1 0 3
62	4	0.0	3	0 1 1 2
63	2	0.0	3	0 1 0 1
65	11	0.0	3	7 2 2
66	2	0.0	3	0 0 1 1
93	1	0.0	3	0 1
111	2	0.0	3	0 0 0 2
112	1	0.0	3	0 0 0 1
113	2	0.0	3	0 0 1 1
114	1	0.0	3	0 0 1


=== Second read: Adapter 15 ===

Sequence: ACGTTGGATGTTTGTTACTGTTGTGGATACAAC; Type: regular 5'; Length: 33; Trimmed: 39696 times.

No. of allowed errors:
0-9 bp: 0; 10-19 bp: 1; 20-29 bp: 2; 30-33 bp: 3

Overview of removed sequences
length	count	expect	max.err	error counts
3	1060	7791.5	0	1060
4	1	1947.9	0	1
5	7	487.0	0	7
10	1	0.5	1	0 1
19	3	0.0	1	0 1 2
20	1	0.0	2	0 1
21	2	0.0	2	1 1
23	2	0.0	2	0 1 1
24	6	0.0	2	3 2 1
25	9	0.0	2	2 3 4
26	14	0.0	2	5 6 3
27	37	0.0	2	16 9 12
28	52	0.0	2	16 22 13 1
29	84	0.0	2	26 29 26 3
30	198	0.0	3	29 40 39 90
31	1732	0.0	3	58 50 613 1011
32	6755	0.0	3	62 2302 1929 2462
33	25341	0.0	3	6347 5700 8899 4395
34	2596	0.0	3	0 818 856 922
35	595	0.0	3	0 0 235 360
36	298	0.0	3	0 0 0 298
38	2	0.0	3	0 2
39	12	0.0	3	1 2 5 4
40	28	0.0	3	2 11 8 7
41	178	0.0	3	48 53 50 27
42	89	0.0	3	19 24 18 28
43	22	0.0	3	5 3 7 7
44	79	0.0	3	21 21 21 16
45	48	0.0	3	9 16 11 12
46	30	0.0	3	7 7 12 4
47	16	0.0	3	3 5 1 7
48	33	0.0	3	9 7 5 12
49	62	0.0	3	17 18 13 14
50	30	0.0	3	8 8 8 6
51	57	0.0	3	8 12 21 16
52	54	0.0	3	9 21 16 8
53	52	0.0	3	19 10 13 10
54	18	0.0	3	4 7 5 2
55	16	0.0	3	4 3 7 2
56	14	0.0	3	5 2 1 6
57	12	0.0	3	4 4 2 2
58	5	0.0	3	2 2 1
59	4	0.0	3	2 2
60	3	0.0	3	0 2 0 1
61	3	0.0	3	1 1 1
62	2	0.0	3	1 0 1
63	5	0.0	3	1 2 1 1
64	9	0.0	3	5 1 3
65	10	0.0	3	8 1 0 1
66	2	0.0	3	0 0 2
95	1	0.0	3	1
97	1	0.0	3	1
114	5	0.0	3	1 1 2 1


=== Second read: Adapter 16 ===

Sequence: ACGTTGGATGTTTGTTACCGTTGTTGATACTAC; Type: regular 5'; Length: 33; Trimmed: 60068 times.

No. of allowed errors:
0-9 bp: 0; 10-19 bp: 1; 20-29 bp: 2; 30-33 bp: 3

Overview of removed sequences
length	count	expect	max.err	error counts
11	1	0.1	1	1
14	2	0.0	1	0 2
16	3	0.0	1	1 2
17	2	0.0	1	0 2
18	4	0.0	1	1 3
19	3	0.0	1	2 1
20	10	0.0	2	5 3 2
21	6	0.0	2	2 3 1
22	3	0.0	2	1 1 1
23	2	0.0	2	0 1 1
24	47	0.0	2	18 19 10
25	96	0.0	2	31 35 30
26	243	0.0	2	100 86 57
27	457	0.0	2	220 134 102 1
28	1018	0.0	2	391 395 225 7
29	1152	0.0	2	301 424 382 45
30	5536	0.0	3	463 756 569 3748
31	3476	0.0	3	728 649 916 1183
32	12830	0.0	3	394 3226 5104 4106
33	28994	0.0	3	11421 8931 5319 3323
34	5284	0.0	3	7 2137 1887 1253
35	451	0.0	3	4 2 114 331
36	157	0.0	3	2 1 1 153
37	6	0.0	3	1 2 1 2
38	9	0.0	3	1 1 1 6
39	9	0.0	3	2 2 2 3
40	28	0.0	3	0 2 9 17
41	44	0.0	3	7 7 15 15
42	20	0.0	3	3 7 6 4
43	16	0.0	3	1 2 9 4
44	37	0.0	3	6 10 9 12
45	22	0.0	3	3 6 8 5
46	10	0.0	3	2 1 3 4
47	8	0.0	3	0 2 3 3
48	20	0.0	3	1 3 10 6
49	9	0.0	3	0 1 3 5
50	10	0.0	3	2 1 5 2
51	9	0.0	3	0 3 4 2
52	10	0.0	3	0 3 1 6
53	2	0.0	3	1 0 0 1
54	7	0.0	3	0 0 2 5
55	6	0.0	3	0 3 2 1
56	1	0.0	3	0 0 1
57	1	0.0	3	0 0 0 1
58	1	0.0	3	1
60	2	0.0	3	1 0 1
64	1	0.0	3	0 0 0 1
65	1	0.0	3	1
111	1	0.0	3	0 0 0 1
113	1	0.0	3	0 0 1


=== Second read: Adapter 17 ===

Sequence: ACGTTGGATGAATATATGTGTGCTTATTTG; Type: regular 5'; Length: 30; Trimmed: 864 times.

No. of allowed errors:
0-9 bp: 0; 10-19 bp: 1; 20-29 bp: 2; 30 bp: 3

Overview of removed sequences
length	count	expect	max.err	error counts
3	815	7791.5	0	815
4	33	1947.9	0	33
5	8	487.0	0	8
6	5	121.7	0	5
11	1	0.1	1	0 1
30	2	0.0	3	1 1


=== Second read: Adapter 18 ===

Sequence: ACGTTGGATGTTTGTTACTAAGGTAGATACCACTC; Type: regular 5'; Length: 35; Trimmed: 11388 times.

No. of allowed errors:
0-9 bp: 0; 10-19 bp: 1; 20-29 bp: 2; 30-35 bp: 3

Overview of removed sequences
length	count	expect	max.err	error counts
3	7	7791.5	0	7
4	6	1947.9	0	6
5	2	487.0	0	2
15	1	0.0	1	1
18	1	0.0	1	0 1
19	1	0.0	1	1
22	1	0.0	2	1
23	1	0.0	2	0 0 1
24	1	0.0	2	0 1
25	1	0.0	2	0 0 1
26	3	0.0	2	1 2
27	4	0.0	2	0 2 2
28	11	0.0	2	2 5 4
29	26	0.0	2	3 10 7 6
30	56	0.0	3	8 16 17 15
31	73	0.0	3	14 17 21 21
32	117	0.0	3	12 18 33 54
33	1766	0.0	3	36 43 273 1414
34	2107	0.0	3	25 830 613 639
35	5615	0.0	3	2073 1534 1198 810
36	527	0.0	3	1 165 189 172
37	944	0.0	3	0 0 456 488
38	83	0.0	3	0 0 1 82
40	1	0.0	3	0 1
41	1	0.0	3	0 0 0 1
42	5	0.0	3	0 1 2 2
43	8	0.0	3	1 3 2 2
44	2	0.0	3	0 1 1
45	1	0.0	3	0 0 0 1
46	3	0.0	3	0 1 1 1
47	1	0.0	3	0 0 0 1
48	2	0.0	3	1 0 0 1
49	1	0.0	3	0 0 0 1
50	1	0.0	3	0 0 0 1
54	2	0.0	3	0 0 2
56	1	0.0	3	0 0 1
58	2	0.0	3	1 1
60	1	0.0	3	0 0 1
61	1	0.0	3	0 0 0 1
66	1	0.0	3	0 0 0 1


=== Second read: Adapter 19 ===

Sequence: ACGTTGGATGGAAAAATAAACTGCAAATCATATTC; Type: regular 5'; Length: 35; Trimmed: 31264 times.

No. of allowed errors:
0-9 bp: 0; 10-19 bp: 1; 20-29 bp: 2; 30-35 bp: 3

Overview of removed sequences
length	count	expect	max.err	error counts
3	73	7791.5	0	73
4	5	1947.9	0	5
5	1	487.0	0	1
17	1	0.0	1	0 1
18	1	0.0	1	1
19	2	0.0	1	1 0 1
22	2	0.0	2	2
23	1	0.0	2	1
24	1	0.0	2	0 0 1
25	1	0.0	2	0 1
26	2	0.0	2	1 0 1
27	2	0.0	2	0 1 1
28	3	0.0	2	0 1 2
29	12	0.0	2	4 5 2 1
30	64	0.0	3	28 14 14 8
31	96	0.0	3	25 29 18 24
32	533	0.0	3	38 32 11 452
33	632	0.0	3	41 55 267 269
34	4676	0.0	3	28 2447 1301 900
35	20854	0.0	3	8783 5885 3545 2641
36	3763	0.0	3	3 2086 1011 663
37	357	0.0	3	0 1 196 160
38	114	0.0	3	0 0 0 114
42	5	0.0	3	0 0 2 3
43	7	0.0	3	1 3 2 1
44	5	0.0	3	1 1 2 1
45	7	0.0	3	0 3 0 4
46	3	0.0	3	1 1 0 1
47	5	0.0	3	2 2 1
48	13	0.0	3	2 8 2 1
49	3	0.0	3	0 3
50	2	0.0	3	0 1 0 1
51	4	0.0	3	1 1 2
52	3	0.0	3	2 0 1
53	3	0.0	3	1 1 1
54	2	0.0	3	0 2
56	2	0.0	3	1 0 1
57	1	0.0	3	0 1
62	1	0.0	3	0 1
65	1	0.0	3	1
67	1	0.0	3	1


=== Second read: Adapter 20 ===

Sequence: ACGTTGGATGAGATTAGGGAAAGTATTAGA; Type: regular 5'; Length: 30; Trimmed: 85 times.

No. of allowed errors:
0-9 bp: 0; 10-19 bp: 1; 20-29 bp: 2; 30 bp: 3

Overview of removed sequences
length	count	expect	max.err	error counts
3	77	7791.5	0	77
4	6	1947.9	0	6
30	1	0.0	3	1
31	1	0.0	3	0 0 0 1


=== Second read: Adapter 21 ===

Sequence: ACGTTGGATGGAAAAATAAATTGTAAATCATACTC; Type: regular 5'; Length: 35; Trimmed: 18365 times.

No. of allowed errors:
0-9 bp: 0; 10-19 bp: 1; 20-29 bp: 2; 30-35 bp: 3

Overview of removed sequences
length	count	expect	max.err	error counts
5	2	487.0	0	2
19	2	0.0	1	2
20	3	0.0	2	3
21	1	0.0	2	1
26	2	0.0	2	0 1 1
28	1	0.0	2	0 0 0 1
29	1	0.0	2	0 0 0 1
30	13	0.0	3	0 10 1 2
31	29	0.0	3	12 7 7 3
32	97	0.0	3	3 3 3 88
33	659	0.0	3	13 8 225 413
34	1100	0.0	3	73 440 293 294
35	15883	0.0	3	7390 3704 2120 2669
36	197	0.0	3	0 40 68 89
37	104	0.0	3	2 2 24 76
38	86	0.0	3	1 1 0 84
39	2	0.0	3	2
40	1	0.0	3	1
41	2	0.0	3	0 1 1
42	6	0.0	3	2 0 1 3
43	31	0.0	3	11 7 3 10
44	23	0.0	3	8 6 1 8
45	3	0.0	3	1 0 0 2
46	19	0.0	3	10 1 1 7
47	20	0.0	3	11 3 2 4
48	5	0.0	3	2 0 1 2
49	13	0.0	3	7 1 4 1
50	13	0.0	3	7 1 2 3
51	7	0.0	3	0 0 0 7
52	7	0.0	3	3 1 2 1
53	11	0.0	3	5 1 2 3
54	7	0.0	3	5 2
55	2	0.0	3	0 0 0 2
56	5	0.0	3	1 1 1 2
60	2	0.0	3	0 0 0 2
62	1	0.0	3	0 0 0 1
65	2	0.0	3	0 0 0 2
66	1	0.0	3	0 1
67	2	0.0	3	0 0 1 1


=== Second read: Adapter 22 ===

Sequence: ACGTTGGATGGAAAAATAAACTGTAAATCATATTCCT; Type: regular 5'; Length: 37; Trimmed: 30671 times.

No. of allowed errors:
0-9 bp: 0; 10-19 bp: 1; 20-29 bp: 2; 30-37 bp: 3

Overview of removed sequences
length	count	expect	max.err	error counts
3	404	7791.5	0	404
4	535	1947.9	0	535
5	2	487.0	0	2
18	1	0.0	1	0 0 1
20	8	0.0	2	3 3 2
21	2	0.0	2	0 1 1
22	1	0.0	2	0 1
23	2	0.0	2	0 0 2
24	1	0.0	2	0 0 1
27	2	0.0	2	1 1
28	1	0.0	2	0 0 1
29	1	0.0	2	0 1
30	7	0.0	3	0 0 5 2
31	18	0.0	3	0 3 5 10
32	19	0.0	3	1 6 5 7
33	41	0.0	3	5 12 10 14
34	152	0.0	3	1 22 18 111
35	3040	0.0	3	4 32 1906 1098
36	8224	0.0	3	8 3633 2673 1910
37	14210	0.0	3	1598 6302 4077 2233
38	2169	0.0	3	0 199 1090 880
39	1459	0.0	3	0 0 272 1187
40	173	0.0	3	0 0 0 173
43	1	0.0	3	0 0 0 1
44	11	0.0	3	0 4 5 2
45	29	0.0	3	2 12 9 6
46	24	0.0	3	1 12 6 5
47	11	0.0	3	0 2 5 4
48	16	0.0	3	0 9 5 2
49	21	0.0	3	1 9 8 3
50	10	0.0	3	1 4 4 1
51	14	0.0	3	0 9 4 1
52	17	0.0	3	0 7 5 5
53	13	0.0	3	0 8 2 3
54	6	0.0	3	0 0 3 3
55	8	0.0	3	2 4 2
56	4	0.0	3	0 1 3
57	4	0.0	3	0 2 1 1
58	3	0.0	3	1 0 1 1
59	2	0.0	3	0 1 0 1
60	1	0.0	3	0 0 1
62	1	0.0	3	0 0 1
63	1	0.0	3	0 1
66	1	0.0	3	0 1
68	1	0.0	3	0 0 0 1


=== Second read: Adapter 23 ===

Sequence: ACGTTGGATGGAAAAATAAACTGTAAATCATATTC; Type: regular 5'; Length: 35; Trimmed: 18367 times.

No. of allowed errors:
0-9 bp: 0; 10-19 bp: 1; 20-29 bp: 2; 30-35 bp: 3

Overview of removed sequences
length	count	expect	max.err	error counts
13	1	0.0	1	1
15	1	0.0	1	0 1
18	2	0.0	1	1 1
19	2	0.0	1	0 2
21	2	0.0	2	0 1 1
24	1	0.0	2	1
26	2	0.0	2	1 0 1
27	2	0.0	2	0 0 2
28	2	0.0	2	0 0 0 2
29	1	0.0	2	0 0 1
30	28	0.0	3	13 5 4 6
31	52	0.0	3	16 8 11 17
32	1104	0.0	3	21 20 17 1046
33	442	0.0	3	50 45 145 202
34	1944	0.0	3	35 686 399 824
35	14066	0.0	3	5187 4127 2466 2286
36	547	0.0	3	2 63 208 274
37	103	0.0	3	0 0 27 76
38	35	0.0	3	1 0 0 34
39	1	0.0	3	0 0 0 1
40	2	0.0	3	0 1 0 1
41	2	0.0	3	0 0 0 2
42	3	0.0	3	0 0 0 3
43	4	0.0	3	0 1 2 1
44	1	0.0	3	0 0 0 1
45	2	0.0	3	0 1 0 1
46	2	0.0	3	0 1 1
47	2	0.0	3	0 1 0 1
48	2	0.0	3	0 1 1
49	3	0.0	3	1 1 1
50	3	0.0	3	0 0 1 2
51	2	0.0	3	0 0 0 2
53	1	0.0	3	0 1


=== Second read: Adapter 24 ===

Sequence: ACGTTGGATGGAAAAATAAATTGTAAATCAAATTC; Type: regular 5'; Length: 35; Trimmed: 7907 times.

No. of allowed errors:
0-9 bp: 0; 10-19 bp: 1; 20-29 bp: 2; 30-35 bp: 3

Overview of removed sequences
length	count	expect	max.err	error counts
5	1	487.0	0	1
6	6	121.7	0	6
16	1	0.0	1	0 1
17	2	0.0	1	0 2
18	1	0.0	1	1
19	1	0.0	1	1
21	1	0.0	2	0 1
25	1	0.0	2	1
26	1	0.0	2	0 0 1
27	2	0.0	2	1 0 0 1
30	7	0.0	3	4 1 0 2
31	10	0.0	3	5 4 1
32	31	0.0	3	1 1 3 26
33	99	0.0	3	4 2 57 36
34	394	0.0	3	20 176 109 89
35	7016	0.0	3	3577 1860 982 597
36	152	0.0	3	0 71 33 48
37	118	0.0	3	3 0 62 53
38	40	0.0	3	0 1 0 39
40	1	0.0	3	0 1
42	1	0.0	3	0 1
43	4	0.0	3	2 2
44	3	0.0	3	1 2
46	2	0.0	3	0 1 1
47	2	0.0	3	1 0 1
48	1	0.0	3	1
49	1	0.0	3	0 0 1
50	1	0.0	3	0 0 1
52	2	0.0	3	1 0 1
53	1	0.0	3	1
54	2	0.0	3	0 1 0 1
56	1	0.0	3	1
60	1	0.0	3	1
