This is cutadapt 2.6 with Python 3.7.3
Command line parameters: -g ACGTTGGATGTTTGTTACTATGGTAGATACCACAC -g ACGTTGGATGTTTGTTACTAAGGTAGATACCACTC -g ACGTTGGATGTTTGTTACTGTGGTGGATACTAC -g ACGTTGGATGTTTGTTACTGTTGTGGATACAAC -g ACGTTGGATGTTTGTTACCGTTGTTGATACTAC -g ACGTTGGATGAATATATGTGTGCTTATTTG -G ACGTTGGATGTTTGTTACTATGGTAGATACCACAC -G ACGTTGGATGTTTGTTACTGTGGTGGATACTAC -G ACGTTGGATGTTTGTTACTGTTGTGGATACAAC -G ACGTTGGATGTTTGTTACCGTTGTTGATACTAC -G ACGTTGGATGAATATATGTGTGCTTATTTG -G ACGTTGGATGTTTGTTACTAAGGTAGATACCACTC -g ACGTTGGATGGAAAAATAAACTGCAAATCATATTC -g ACGTTGGATGGAAAAATAAACTGTAAATCATATTC -g ACGTTGGATGGAAAAATAAATTGTAAATCATACTC -g ACGTTGGATGAGATTAGGGAAAGTATTAGA -g ACGTTGGATGGAAAAATAAATTGTAAATCAAATTC -g ACGTTGGATGGAAAAATAAACTGTAAATCATATTCCT -G ACGTTGGATGGAAAAATAAACTGCAAATCATATTC -G ACGTTGGATGAGATTAGGGAAAGTATTAGA -G ACGTTGGATGGAAAAATAAATTGTAAATCATACTC -G ACGTTGGATGGAAAAATAAACTGTAAATCATATTCCT -G ACGTTGGATGGAAAAATAAACTGTAAATCATATTC -G ACGTTGGATGGAAAAATAAATTGTAAATCAAATTC --minimum-length=1 -o /data/projects/mdc-971/reprocess_June_2019_data/analysis/30.primer_trimmed/180491_S91_cutadapt.1.fq.gz -p /data/projects/mdc-971/reprocess_June_2019_data/analysis/30.primer_trimmed/180491_S91_cutadapt.2.fq.gz /data/projects/mdc-971/reprocess_June_2019_data/analysis/20.adapter_trimmed/180491_S91_R1_001.bbduked.trimmed.fastq.gz /data/projects/mdc-971/reprocess_June_2019_data/analysis/20.adapter_trimmed/180491_S91_R2_001.bbduked.trimmed.fastq.gz
Processing reads on 1 core in paired-end mode ...
Finished in 181.74 s (382 us/read; 0.16 M reads/minute).

=== Summary ===

Total read pairs processed:            476,147
  Read 1 with adapter:                 436,372 (91.6%)
  Read 2 with adapter:                 354,187 (74.4%)
Pairs that were too short:                   0 (0.0%)
Pairs written (passing filters):       476,147 (100.0%)

Total basepairs processed:   142,151,167 bp
  Read 1:    70,729,215 bp
  Read 2:    71,421,952 bp
Total written (filtered):    114,800,356 bp (80.8%)
  Read 1:    55,553,137 bp
  Read 2:    59,247,219 bp

=== First read: Adapter 1 ===

Sequence: ACGTTGGATGTTTGTTACTATGGTAGATACCACAC; Type: regular 5'; Length: 35; Trimmed: 64644 times.

No. of allowed errors:
0-9 bp: 0; 10-19 bp: 1; 20-29 bp: 2; 30-35 bp: 3

Overview of removed sequences
length	count	expect	max.err	error counts
3	5	7439.8	0	5
4	2	1859.9	0	2
13	1	0.0	1	0 1
14	1	0.0	1	0 1
16	2	0.0	1	1 1
19	1	0.0	1	1
20	1	0.0	2	1
21	1	0.0	2	0 1
22	3	0.0	2	2 1
23	3	0.0	2	3
25	1	0.0	2	0 0 1
26	18	0.0	2	6 7 5
27	33	0.0	2	19 10 4
28	24	0.0	2	14 6 2 2
29	98	0.0	2	44 30 17 7
30	288	0.0	3	138 81 52 17
31	260	0.0	3	100 86 41 33
32	521	0.0	3	147 141 92 141
33	2190	0.0	3	324 329 1016 521
34	8573	0.0	3	495 4944 1892 1242
35	50758	0.0	3	22997 15727 7099 4935
36	1550	0.0	3	38 773 516 223
37	260	0.0	3	2 1 107 150
38	40	0.0	3	0 1 0 39
39	2	0.0	3	2
41	1	0.0	3	0 1
43	1	0.0	3	0 1
47	1	0.0	3	0 1
49	1	0.0	3	0 0 1
55	1	0.0	3	1
59	1	0.0	3	0 0 1
62	1	0.0	3	0 0 1
63	1	0.0	3	0 1


=== First read: Adapter 2 ===

Sequence: ACGTTGGATGTTTGTTACTAAGGTAGATACCACTC; Type: regular 5'; Length: 35; Trimmed: 3566 times.

No. of allowed errors:
0-9 bp: 0; 10-19 bp: 1; 20-29 bp: 2; 30-35 bp: 3

Overview of removed sequences
length	count	expect	max.err	error counts
3	1	7439.8	0	1
26	1	0.0	2	1
27	1	0.0	2	0 1
28	4	0.0	2	1 2 1
29	7	0.0	2	2 3 2
30	8	0.0	3	5 1 2
31	10	0.0	3	4 2 3 1
32	31	0.0	3	11 8 2 10
33	156	0.0	3	11 29 72 44
34	1574	0.0	3	29 1004 335 206
35	1291	0.0	3	795 255 150 91
36	68	0.0	3	1 13 18 36
37	405	0.0	3	0 0 35 370
38	8	0.0	3	0 0 0 8
65	1	0.0	3	0 0 1


=== First read: Adapter 3 ===

Sequence: ACGTTGGATGTTTGTTACTGTGGTGGATACTAC; Type: regular 5'; Length: 33; Trimmed: 86699 times.

No. of allowed errors:
0-9 bp: 0; 10-19 bp: 1; 20-29 bp: 2; 30-33 bp: 3

Overview of removed sequences
length	count	expect	max.err	error counts
3	2	7439.8	0	2
4	1	1859.9	0	1
14	1	0.0	1	0 1
15	1	0.0	1	1
16	2	0.0	1	1 1
17	1	0.0	1	1
18	1	0.0	1	0 1
19	3	0.0	1	1 1 1
20	7	0.0	2	5 1 1
21	10	0.0	2	9 1
22	4	0.0	2	2 1 1
23	4	0.0	2	3 1
24	49	0.0	2	28 17 4
25	154	0.0	2	81 54 19
26	229	0.0	2	122 81 26
27	469	0.0	2	328 112 28 1
28	1434	0.0	2	935 366 131 2
29	1303	0.0	2	665 437 180 21
30	3198	0.0	3	1619 1020 351 208
31	3736	0.0	3	1843 1059 519 315
32	8718	0.0	3	2275 3629 1821 993
33	65641	0.0	3	31830 20209 8204 5398
34	1371	0.0	3	21 513 500 337
35	306	0.0	3	9 7 130 160
36	19	0.0	3	8 1 0 10
37	9	0.0	3	7 2
38	2	0.0	3	1 0 1
39	2	0.0	3	1 0 1
40	1	0.0	3	1
41	5	0.0	3	4 0 0 1
42	2	0.0	3	1 1
44	2	0.0	3	0 0 2
46	1	0.0	3	0 0 1
48	1	0.0	3	1
49	5	0.0	3	1 4
51	2	0.0	3	1 0 1
53	1	0.0	3	0 1
58	1	0.0	3	0 0 1
60	1	0.0	3	0 1


=== First read: Adapter 4 ===

Sequence: ACGTTGGATGTTTGTTACTGTTGTGGATACAAC; Type: regular 5'; Length: 33; Trimmed: 19351 times.

No. of allowed errors:
0-9 bp: 0; 10-19 bp: 1; 20-29 bp: 2; 30-33 bp: 3

Overview of removed sequences
length	count	expect	max.err	error counts
3	18	7439.8	0	18
17	1	0.0	1	0 1
24	2	0.0	2	0 1 1
25	9	0.0	2	3 2 4
26	10	0.0	2	3 2 5
27	14	0.0	2	6 7 1
28	121	0.0	2	83 31 5 2
29	100	0.0	2	49 30 18 3
30	160	0.0	3	72 48 26 14
31	364	0.0	3	122 84 94 64
32	1273	0.0	3	256 562 255 200
33	13493	0.0	3	7166 3140 1979 1208
34	656	0.0	3	8 250 217 181
35	3083	0.0	3	0 0 2443 640
36	46	0.0	3	0 0 2 44
48	1	0.0	3	0 0 0 1


=== First read: Adapter 5 ===

Sequence: ACGTTGGATGTTTGTTACCGTTGTTGATACTAC; Type: regular 5'; Length: 33; Trimmed: 16902 times.

No. of allowed errors:
0-9 bp: 0; 10-19 bp: 1; 20-29 bp: 2; 30-33 bp: 3

Overview of removed sequences
length	count	expect	max.err	error counts
14	1	0.0	1	0 1
17	1	0.0	1	1
22	1	0.0	2	0 0 1
23	1	0.0	2	0 1
24	7	0.0	2	5 2
25	17	0.0	2	11 4 2
26	18	0.0	2	9 5 4
27	55	0.0	2	36 15 4
28	156	0.0	2	109 34 13
29	146	0.0	2	60 54 29 3
30	446	0.0	3	158 139 53 96
31	582	0.0	3	255 163 86 78
32	1741	0.0	3	411 630 435 265
33	13235	0.0	3	7514 3521 1450 750
34	276	0.0	3	1 97 106 72
35	207	0.0	3	1 0 88 118
36	6	0.0	3	1 2 0 3
37	1	0.0	3	0 1
42	2	0.0	3	1 0 1
43	1	0.0	3	0 1
50	1	0.0	3	1
52	1	0.0	3	0 0 1


=== First read: Adapter 6 ===

Sequence: ACGTTGGATGAATATATGTGTGCTTATTTG; Type: regular 5'; Length: 30; Trimmed: 39 times.

No. of allowed errors:
0-9 bp: 0; 10-19 bp: 1; 20-29 bp: 2; 30 bp: 3

Overview of removed sequences
length	count	expect	max.err	error counts
3	24	7439.8	0	24
4	8	1859.9	0	8
29	1	0.0	2	1
30	6	0.0	3	6


=== First read: Adapter 7 ===

Sequence: ACGTTGGATGGAAAAATAAACTGCAAATCATATTC; Type: regular 5'; Length: 35; Trimmed: 7007 times.

No. of allowed errors:
0-9 bp: 0; 10-19 bp: 1; 20-29 bp: 2; 30-35 bp: 3

Overview of removed sequences
length	count	expect	max.err	error counts
27	1	0.0	2	0 0 1
28	1	0.0	2	1
29	5	0.0	2	2 1 2
30	20	0.0	3	3 8 1 8
31	14	0.0	3	2 2 4 6
32	94	0.0	3	6 4 1 83
33	110	0.0	3	2 4 58 46
34	1149	0.0	3	8 838 203 100
35	4125	0.0	3	2199 632 293 1001
36	1301	0.0	3	0 817 261 223
37	74	0.0	3	0 0 29 45
38	113	0.0	3	0 0 0 113


=== First read: Adapter 8 ===

Sequence: ACGTTGGATGGAAAAATAAACTGTAAATCATATTC; Type: regular 5'; Length: 35; Trimmed: 1857 times.

No. of allowed errors:
0-9 bp: 0; 10-19 bp: 1; 20-29 bp: 2; 30-35 bp: 3

Overview of removed sequences
length	count	expect	max.err	error counts
31	1	0.0	3	0 0 1
32	181	0.0	3	0 0 0 181
33	50	0.0	3	0 1 18 31
34	387	0.0	3	1 263 48 75
35	950	0.0	3	216 203 130 401
36	218	0.0	3	0 61 69 88
37	46	0.0	3	0 0 10 36
38	24	0.0	3	0 0 0 24


=== First read: Adapter 9 ===

Sequence: ACGTTGGATGGAAAAATAAATTGTAAATCATACTC; Type: regular 5'; Length: 35; Trimmed: 119318 times.

No. of allowed errors:
0-9 bp: 0; 10-19 bp: 1; 20-29 bp: 2; 30-35 bp: 3

Overview of removed sequences
length	count	expect	max.err	error counts
19	1	0.0	1	0 1
25	1	0.0	2	0 1
26	1	0.0	2	1
27	1	0.0	2	1
28	2	0.0	2	2
29	12	0.0	2	9 3
30	156	0.0	3	104 43 7 2
31	443	0.0	3	323 88 26 6
32	374	0.0	3	222 96 18 38
33	770	0.0	3	308 216 162 84
34	8874	0.0	3	4968 2630 824 452
35	105744	0.0	3	78244 16954 6499 4047
36	1364	0.0	3	22 541 432 369
37	122	0.0	3	27 9 8 78
38	1378	0.0	3	7 0 1 1370
39	10	0.0	3	9 1
40	3	0.0	3	1 2
41	2	0.0	3	0 0 2
42	4	0.0	3	1 3
43	8	0.0	3	5 3
44	6	0.0	3	5 1
45	5	0.0	3	4 1
46	6	0.0	3	5 1
47	10	0.0	3	6 3 1
48	3	0.0	3	2 1
49	4	0.0	3	3 1
51	2	0.0	3	1 0 1
52	3	0.0	3	2 0 1
53	4	0.0	3	1 0 2 1
54	1	0.0	3	1
56	2	0.0	3	1 0 0 1
57	1	0.0	3	1
60	1	0.0	3	1


=== First read: Adapter 10 ===

Sequence: ACGTTGGATGAGATTAGGGAAAGTATTAGA; Type: regular 5'; Length: 30; Trimmed: 19 times.

No. of allowed errors:
0-9 bp: 0; 10-19 bp: 1; 20-29 bp: 2; 30 bp: 3

Overview of removed sequences
length	count	expect	max.err	error counts
3	17	7439.8	0	17
4	1	1859.9	0	1
32	1	0.0	3	0 0 1


=== First read: Adapter 11 ===

Sequence: ACGTTGGATGGAAAAATAAATTGTAAATCAAATTC; Type: regular 5'; Length: 35; Trimmed: 3974 times.

No. of allowed errors:
0-9 bp: 0; 10-19 bp: 1; 20-29 bp: 2; 30-35 bp: 3

Overview of removed sequences
length	count	expect	max.err	error counts
5	1	465.0	0	1
30	2	0.0	3	2
31	1	0.0	3	0 1
32	6	0.0	3	0 0 0 6
33	16	0.0	3	0 2 4 10
34	69	0.0	3	13 25 17 14
35	2186	0.0	3	1462 382 197 145
36	53	0.0	3	0 17 16 20
37	34	0.0	3	1 0 3 30
38	1602	0.0	3	0 0 0 1602
39	1	0.0	3	0 0 0 1
40	1	0.0	3	0 0 0 1
56	2	0.0	3	1 0 0 1


=== First read: Adapter 12 ===

Sequence: ACGTTGGATGGAAAAATAAACTGTAAATCATATTCCT; Type: regular 5'; Length: 37; Trimmed: 112996 times.

No. of allowed errors:
0-9 bp: 0; 10-19 bp: 1; 20-29 bp: 2; 30-37 bp: 3

Overview of removed sequences
length	count	expect	max.err	error counts
3	9	7439.8	0	9
4	4	1859.9	0	4
16	1	0.0	1	1
17	2	0.0	1	2
19	2	0.0	1	2
22	2	0.0	2	2
24	1	0.0	2	1
25	1	0.0	2	1
27	1	0.0	2	0 1
28	1	0.0	2	1
29	5	0.0	2	3 1 1
30	6	0.0	3	2 2 1 1
31	31	0.0	3	7 17 5 2
32	207	0.0	3	76 81 41 9
33	229	0.0	3	83 79 48 19
34	415	0.0	3	144 137 82 52
35	1040	0.0	3	121 142 612 165
36	6602	0.0	3	509 2921 1959 1213
37	102128	0.0	3	42497 29725 21983 7923
38	1327	0.0	3	19 620 426 262
39	866	0.0	3	3 2 236 625
40	97	0.0	3	1 0 1 95
41	1	0.0	3	0 1
43	1	0.0	3	0 0 1
44	1	0.0	3	0 1
47	2	0.0	3	0 1 0 1
49	1	0.0	3	1
50	3	0.0	3	1 1 1
51	1	0.0	3	1
52	1	0.0	3	0 1
54	1	0.0	3	1
55	1	0.0	3	0 1
58	1	0.0	3	0 1
60	2	0.0	3	0 1 1
68	2	0.0	3	0 1 1
86	1	0.0	3	0 0 1


=== Second read: Adapter 13 ===

Sequence: ACGTTGGATGTTTGTTACTATGGTAGATACCACAC; Type: regular 5'; Length: 35; Trimmed: 55624 times.

No. of allowed errors:
0-9 bp: 0; 10-19 bp: 1; 20-29 bp: 2; 30-35 bp: 3

Overview of removed sequences
length	count	expect	max.err	error counts
3	16	7439.8	0	16
4	20	1859.9	0	20
18	1	0.0	1	0 1
23	2	0.0	2	0 1 1
24	1	0.0	2	0 0 1
26	3	0.0	2	1 2
27	2	0.0	2	0 1 1
28	7	0.0	2	3 0 4
29	18	0.0	2	4 5 6 3
30	54	0.0	3	11 15 12 16
31	93	0.0	3	22 33 21 17
32	134	0.0	3	14 34 28 58
33	1457	0.0	3	98 96 453 810
34	4861	0.0	3	88 1430 1484 1859
35	46897	0.0	3	12296 14042 11641 8918
36	1555	0.0	3	14 633 514 394
37	429	0.0	3	0 2 141 286
38	30	0.0	3	0 0 0 30
39	2	0.0	3	0 1 0 1
40	1	0.0	3	1
41	3	0.0	3	0 1 1 1
42	2	0.0	3	0 1 1
43	10	0.0	3	3 3 3 1
44	3	0.0	3	1 1 0 1
45	3	0.0	3	0 0 1 2
46	4	0.0	3	3 0 0 1
47	3	0.0	3	1 1 1
51	3	0.0	3	1 1 0 1
53	4	0.0	3	0 1 2 1
55	4	0.0	3	2 1 0 1
58	1	0.0	3	0 0 0 1
59	1	0.0	3	0 0 1


=== Second read: Adapter 14 ===

Sequence: ACGTTGGATGTTTGTTACTGTGGTGGATACTAC; Type: regular 5'; Length: 33; Trimmed: 93519 times.

No. of allowed errors:
0-9 bp: 0; 10-19 bp: 1; 20-29 bp: 2; 30-33 bp: 3

Overview of removed sequences
length	count	expect	max.err	error counts
3	17	7439.8	0	17
4	1	1859.9	0	1
5	2	465.0	0	2
6	2	116.2	0	2
14	3	0.0	1	2 1
15	1	0.0	1	0 1
17	1	0.0	1	1
18	1	0.0	1	1
19	1	0.0	1	1
21	1	0.0	2	0 0 1
22	1	0.0	2	0 0 1
24	9	0.0	2	6 1 2
25	7	0.0	2	2 2 3
26	42	0.0	2	16 15 11
27	70	0.0	2	31 25 14
28	222	0.0	2	99 76 47
29	374	0.0	2	89 137 130 18
30	1404	0.0	3	165 277 214 748
31	2309	0.0	3	594 408 524 783
32	19092	0.0	3	315 6164 6826 5787
33	66213	0.0	3	25540 21748 11805 7120
34	2334	0.0	3	4 754 872 704
35	1139	0.0	3	7 8 460 664
36	33	0.0	3	3 1 3 26
37	6	0.0	3	2 1 3
38	2	0.0	3	1 1
39	4	0.0	3	1 1 1 1
40	16	0.0	3	4 6 1 5
41	46	0.0	3	17 16 9 4
42	27	0.0	3	11 9 5 2
43	9	0.0	3	3 1 1 4
44	34	0.0	3	9 9 8 8
45	15	0.0	3	8 3 3 1
46	7	0.0	3	2 0 2 3
47	4	0.0	3	3 1
48	9	0.0	3	2 2 2 3
49	14	0.0	3	6 3 4 1
50	11	0.0	3	3 3 4 1
51	9	0.0	3	4 1 1 3
52	11	0.0	3	3 4 4
53	6	0.0	3	3 2 1
54	2	0.0	3	0 1 1
55	2	0.0	3	0 0 1 1
56	3	0.0	3	0 1 2
58	2	0.0	3	2
62	1	0.0	3	0 0 1


=== Second read: Adapter 15 ===

Sequence: ACGTTGGATGTTTGTTACTGTTGTGGATACAAC; Type: regular 5'; Length: 33; Trimmed: 19988 times.

No. of allowed errors:
0-9 bp: 0; 10-19 bp: 1; 20-29 bp: 2; 30-33 bp: 3

Overview of removed sequences
length	count	expect	max.err	error counts
3	731	7439.8	0	731
4	1	1859.9	0	1
5	3	465.0	0	3
24	1	0.0	2	0 0 1
25	3	0.0	2	0 0 3
26	3	0.0	2	1 2
27	8	0.0	2	2 4 2
28	27	0.0	2	9 3 14 1
29	55	0.0	2	18 16 20 1
30	115	0.0	3	19 26 37 33
31	857	0.0	3	68 38 244 507
32	3173	0.0	3	47 1198 1019 909
33	9945	0.0	3	3914 2671 1885 1475
34	805	0.0	3	2 217 275 311
35	4130	0.0	3	1 1 2501 1627
36	100	0.0	3	0 0 1 99
37	1	0.0	3	1
40	1	0.0	3	1
41	10	0.0	3	2 2 3 3
42	3	0.0	3	1 1 0 1
44	3	0.0	3	0 1 1 1
45	1	0.0	3	0 1
46	1	0.0	3	1
47	1	0.0	3	0 0 1
48	1	0.0	3	1
49	1	0.0	3	0 0 1
50	1	0.0	3	0 0 0 1
51	1	0.0	3	0 0 1
52	1	0.0	3	0 1
53	1	0.0	3	0 0 1
54	1	0.0	3	0 0 1
55	1	0.0	3	0 0 0 1
58	1	0.0	3	0 1
59	1	0.0	3	0 0 1


=== Second read: Adapter 16 ===

Sequence: ACGTTGGATGTTTGTTACCGTTGTTGATACTAC; Type: regular 5'; Length: 33; Trimmed: 17262 times.

No. of allowed errors:
0-9 bp: 0; 10-19 bp: 1; 20-29 bp: 2; 30-33 bp: 3

Overview of removed sequences
length	count	expect	max.err	error counts
18	1	0.0	1	0 1
21	1	0.0	2	1
22	1	0.0	2	0 1
25	3	0.0	2	0 1 2
26	5	0.0	2	1 3 1
27	14	0.0	2	10 2 2
28	36	0.0	2	20 9 6 1
29	55	0.0	2	18 20 15 2
30	425	0.0	3	20 44 30 331
31	360	0.0	3	90 55 80 135
32	2774	0.0	3	41 700 964 1069
33	12422	0.0	3	5180 3947 2142 1153
34	380	0.0	3	0 82 167 131
35	755	0.0	3	1 0 350 404
36	4	0.0	3	1 0 0 3
37	1	0.0	3	1
39	1	0.0	3	0 0 0 1
41	4	0.0	3	0 1 2 1
42	3	0.0	3	1 0 1 1
44	4	0.0	3	1 2 1
45	3	0.0	3	1 1 0 1
46	3	0.0	3	1 0 1 1
49	1	0.0	3	0 0 0 1
52	3	0.0	3	1 1 1
53	1	0.0	3	1
54	1	0.0	3	1
58	1	0.0	3	0 0 1


=== Second read: Adapter 17 ===

Sequence: ACGTTGGATGAATATATGTGTGCTTATTTG; Type: regular 5'; Length: 30; Trimmed: 243 times.

No. of allowed errors:
0-9 bp: 0; 10-19 bp: 1; 20-29 bp: 2; 30 bp: 3

Overview of removed sequences
length	count	expect	max.err	error counts
3	226	7439.8	0	226
4	6	1859.9	0	6
5	4	465.0	0	4
6	6	116.2	0	6
10	1	0.5	1	0 1


=== Second read: Adapter 18 ===

Sequence: ACGTTGGATGTTTGTTACTAAGGTAGATACCACTC; Type: regular 5'; Length: 35; Trimmed: 3294 times.

No. of allowed errors:
0-9 bp: 0; 10-19 bp: 1; 20-29 bp: 2; 30-35 bp: 3

Overview of removed sequences
length	count	expect	max.err	error counts
3	4	7439.8	0	4
4	3	1859.9	0	3
5	1	465.0	0	1
6	4	116.2	0	4
22	1	0.0	2	0 0 1
28	1	0.0	2	0 0 1
29	1	0.0	2	0 0 0 1
30	5	0.0	3	0 2 1 2
31	5	0.0	3	1 3 1
32	14	0.0	3	1 1 2 10
33	258	0.0	3	4 4 77 173
34	971	0.0	3	1 262 331 377
35	1139	0.0	3	400 340 230 169
36	44	0.0	3	1 11 9 23
37	832	0.0	3	0 0 70 762
38	6	0.0	3	0 0 0 6
39	2	0.0	3	0 0 1 1
43	1	0.0	3	0 0 0 1
48	1	0.0	3	0 0 1
54	1	0.0	3	1


=== Second read: Adapter 19 ===

Sequence: ACGTTGGATGGAAAAATAAACTGCAAATCATATTC; Type: regular 5'; Length: 35; Trimmed: 3971 times.

No. of allowed errors:
0-9 bp: 0; 10-19 bp: 1; 20-29 bp: 2; 30-35 bp: 3

Overview of removed sequences
length	count	expect	max.err	error counts
3	26	7439.8	0	26
4	2	1859.9	0	2
20	1	0.0	2	0 1
21	1	0.0	2	1
23	1	0.0	2	0 0 1
28	1	0.0	2	0 0 0 1
31	5	0.0	3	1 0 1 3
32	39	0.0	3	0 0 0 39
33	44	0.0	3	0 1 17 26
34	334	0.0	3	3 109 101 121
35	2747	0.0	3	620 396 279 1452
36	671	0.0	3	0 311 183 177
37	32	0.0	3	0 0 17 15
38	65	0.0	3	0 0 0 65
39	1	0.0	3	0 0 0 1
48	1	0.0	3	0 0 0 1


=== Second read: Adapter 20 ===

Sequence: ACGTTGGATGAGATTAGGGAAAGTATTAGA; Type: regular 5'; Length: 30; Trimmed: 58 times.

No. of allowed errors:
0-9 bp: 0; 10-19 bp: 1; 20-29 bp: 2; 30 bp: 3

Overview of removed sequences
length	count	expect	max.err	error counts
3	55	7439.8	0	55
4	1	1859.9	0	1
5	2	465.0	0	2


=== Second read: Adapter 21 ===

Sequence: ACGTTGGATGGAAAAATAAATTGTAAATCATACTC; Type: regular 5'; Length: 35; Trimmed: 88973 times.

No. of allowed errors:
0-9 bp: 0; 10-19 bp: 1; 20-29 bp: 2; 30-35 bp: 3

Overview of removed sequences
length	count	expect	max.err	error counts
6	1	116.2	0	1
21	1	0.0	2	0 0 1
22	1	0.0	2	1
26	1	0.0	2	0 1
27	1	0.0	2	0 1
28	1	0.0	2	0 1
29	3	0.0	2	1 2
30	21	0.0	3	11 4 3 3
31	102	0.0	3	43 23 22 14
32	96	0.0	3	23 23 21 29
33	720	0.0	3	116 65 256 283
34	2504	0.0	3	536 961 548 459
35	83533	0.0	3	40867 21467 12597 8602
36	1092	0.0	3	6 384 363 339
37	33	0.0	3	7 9 7 10
38	633	0.0	3	2 4 2 625
39	3	0.0	3	0 1 2
40	3	0.0	3	1 2
41	2	0.0	3	2
42	13	0.0	3	3 4 5 1
43	34	0.0	3	13 11 4 6
44	22	0.0	3	11 5 3 3
45	11	0.0	3	7 1 2 1
46	16	0.0	3	10 2 2 2
47	28	0.0	3	13 6 3 6
48	17	0.0	3	6 3 3 5
49	8	0.0	3	6 0 1 1
50	19	0.0	3	10 5 3 1
51	5	0.0	3	3 1 1
52	18	0.0	3	8 7 1 2
53	13	0.0	3	10 3
54	5	0.0	3	1 0 3 1
55	6	0.0	3	2 1 1 2
56	4	0.0	3	2 1 1
59	1	0.0	3	0 1
60	2	0.0	3	0 1 1


=== Second read: Adapter 22 ===

Sequence: ACGTTGGATGGAAAAATAAACTGTAAATCATATTCCT; Type: regular 5'; Length: 37; Trimmed: 67406 times.

No. of allowed errors:
0-9 bp: 0; 10-19 bp: 1; 20-29 bp: 2; 30-37 bp: 3

Overview of removed sequences
length	count	expect	max.err	error counts
3	232	7439.8	0	232
4	766	1859.9	0	766
20	2	0.0	2	0 1 1
21	1	0.0	2	0 0 1
28	1	0.0	2	0 1
29	1	0.0	2	1
30	1	0.0	3	0 0 0 1
31	8	0.0	3	2 2 3 1
32	50	0.0	3	13 16 13 8
33	63	0.0	3	13 24 12 14
34	296	0.0	3	8 23 17 248
35	392	0.0	3	45 58 174 115
36	3211	0.0	3	103 1128 1134 846
37	61363	0.0	3	14583 18749 17733 10298
38	543	0.0	3	8 170 217 148
39	383	0.0	3	2 5 125 251
40	33	0.0	3	0 0 3 30
41	1	0.0	3	1
43	1	0.0	3	0 0 0 1
44	2	0.0	3	2
45	8	0.0	3	2 5 1
46	7	0.0	3	2 2 2 1
47	4	0.0	3	0 2 2
48	6	0.0	3	0 2 1 3
49	10	0.0	3	3 3 3 1
50	3	0.0	3	0 2 1
51	4	0.0	3	1 1 1 1
52	6	0.0	3	0 2 3 1
54	2	0.0	3	0 1 0 1
55	3	0.0	3	2 0 1
56	1	0.0	3	1
57	1	0.0	3	0 1
58	1	0.0	3	0 0 1


=== Second read: Adapter 23 ===

Sequence: ACGTTGGATGGAAAAATAAACTGTAAATCATATTC; Type: regular 5'; Length: 35; Trimmed: 1123 times.

No. of allowed errors:
0-9 bp: 0; 10-19 bp: 1; 20-29 bp: 2; 30-35 bp: 3

Overview of removed sequences
length	count	expect	max.err	error counts
19	1	0.0	1	1
32	55	0.0	3	0 0 0 55
33	26	0.0	3	0 0 6 20
34	167	0.0	3	0 37 22 108
35	637	0.0	3	71 95 80 391
36	220	0.0	3	0 40 84 96
37	6	0.0	3	0 0 1 5
38	11	0.0	3	0 0 0 11


=== Second read: Adapter 24 ===

Sequence: ACGTTGGATGGAAAAATAAATTGTAAATCAAATTC; Type: regular 5'; Length: 35; Trimmed: 2726 times.

No. of allowed errors:
0-9 bp: 0; 10-19 bp: 1; 20-29 bp: 2; 30-35 bp: 3

Overview of removed sequences
length	count	expect	max.err	error counts
5	2	465.0	0	2
6	3	116.2	0	3
17	1	0.0	1	0 1
30	1	0.0	3	1
31	3	0.0	3	1 2
32	5	0.0	3	1 0 0 4
33	5	0.0	3	2 0 1 2
34	41	0.0	3	1 14 15 11
35	1281	0.0	3	547 302 231 201
36	56	0.0	3	0 25 12 19
37	21	0.0	3	0 0 4 17
38	1305	0.0	3	0 0 0 1305
49	1	0.0	3	0 0 0 1
55	1	0.0	3	0 0 1
