This is cutadapt 2.6 with Python 3.7.3
Command line parameters: -g ACGTTGGATGTTTGTTACTATGGTAGATACCACAC -g ACGTTGGATGTTTGTTACTAAGGTAGATACCACTC -g ACGTTGGATGTTTGTTACTGTGGTGGATACTAC -g ACGTTGGATGTTTGTTACTGTTGTGGATACAAC -g ACGTTGGATGTTTGTTACCGTTGTTGATACTAC -g ACGTTGGATGAATATATGTGTGCTTATTTG -G ACGTTGGATGTTTGTTACTATGGTAGATACCACAC -G ACGTTGGATGTTTGTTACTGTGGTGGATACTAC -G ACGTTGGATGTTTGTTACTGTTGTGGATACAAC -G ACGTTGGATGTTTGTTACCGTTGTTGATACTAC -G ACGTTGGATGAATATATGTGTGCTTATTTG -G ACGTTGGATGTTTGTTACTAAGGTAGATACCACTC -g ACGTTGGATGGAAAAATAAACTGCAAATCATATTC -g ACGTTGGATGGAAAAATAAACTGTAAATCATATTC -g ACGTTGGATGGAAAAATAAATTGTAAATCATACTC -g ACGTTGGATGAGATTAGGGAAAGTATTAGA -g ACGTTGGATGGAAAAATAAATTGTAAATCAAATTC -g ACGTTGGATGGAAAAATAAACTGTAAATCATATTCCT -G ACGTTGGATGGAAAAATAAACTGCAAATCATATTC -G ACGTTGGATGAGATTAGGGAAAGTATTAGA -G ACGTTGGATGGAAAAATAAATTGTAAATCATACTC -G ACGTTGGATGGAAAAATAAACTGTAAATCATATTCCT -G ACGTTGGATGGAAAAATAAACTGTAAATCATATTC -G ACGTTGGATGGAAAAATAAATTGTAAATCAAATTC --minimum-length=1 -o /data/projects/mdc-971/reprocess_June_2019_data/analysis/30.primer_trimmed/180431_S56_cutadapt.1.fq.gz -p /data/projects/mdc-971/reprocess_June_2019_data/analysis/30.primer_trimmed/180431_S56_cutadapt.2.fq.gz /data/projects/mdc-971/reprocess_June_2019_data/analysis/20.adapter_trimmed/180431_S56_R1_001.bbduked.trimmed.fastq.gz /data/projects/mdc-971/reprocess_June_2019_data/analysis/20.adapter_trimmed/180431_S56_R2_001.bbduked.trimmed.fastq.gz
Processing reads on 1 core in paired-end mode ...
Finished in 280.90 s (387 us/read; 0.15 M reads/minute).

=== Summary ===

Total read pairs processed:            724,986
  Read 1 with adapter:                 635,662 (87.7%)
  Read 2 with adapter:                 500,564 (69.0%)
Pairs that were too short:                   0 (0.0%)
Pairs written (passing filters):       724,986 (100.0%)

Total basepairs processed:   214,728,300 bp
  Read 1:   105,980,565 bp
  Read 2:   108,747,735 bp
Total written (filtered):    175,650,164 bp (81.8%)
  Read 1:    83,780,741 bp
  Read 2:    91,869,423 bp

=== First read: Adapter 1 ===

Sequence: ACGTTGGATGTTTGTTACTATGGTAGATACCACAC; Type: regular 5'; Length: 35; Trimmed: 45812 times.

No. of allowed errors:
0-9 bp: 0; 10-19 bp: 1; 20-29 bp: 2; 30-35 bp: 3

Overview of removed sequences
length	count	expect	max.err	error counts
3	8	11327.9	0	8
4	10	2832.0	0	10
12	1	0.0	1	0 1
14	3	0.0	1	2 1
15	1	0.0	1	0 1
16	3	0.0	1	2 1
18	2	0.0	1	0 1 1
19	6	0.0	1	2 4
20	4	0.0	2	2 1 1
21	6	0.0	2	1 4 1
22	20	0.0	2	11 7 2
23	24	0.0	2	14 7 3
24	10	0.0	2	3 3 4
25	11	0.0	2	0 4 7
26	88	0.0	2	26 35 27
27	127	0.0	2	52 48 27
28	207	0.0	2	87 56 52 12
29	423	0.0	2	175 149 75 24
30	651	0.0	3	263 223 100 65
31	386	0.0	3	98 123 113 52
32	759	0.0	3	110 172 149 328
33	2807	0.0	3	93 197 1419 1098
34	8186	0.0	3	148 3732 2507 1799
35	27064	0.0	3	10230 9629 4369 2836
36	2995	0.0	3	12 1236 1022 725
37	1140	0.0	3	0 0 557 583
38	861	0.0	3	0 0 1 860
39	1	0.0	3	0 0 0 1
41	1	0.0	3	0 0 0 1
43	1	0.0	3	1
46	1	0.0	3	1
48	1	0.0	3	0 1
55	1	0.0	3	0 0 0 1
56	1	0.0	3	0 0 1
65	1	0.0	3	0 0 0 1
66	1	0.0	3	1


=== First read: Adapter 2 ===

Sequence: ACGTTGGATGTTTGTTACTAAGGTAGATACCACTC; Type: regular 5'; Length: 35; Trimmed: 17535 times.

No. of allowed errors:
0-9 bp: 0; 10-19 bp: 1; 20-29 bp: 2; 30-35 bp: 3

Overview of removed sequences
length	count	expect	max.err	error counts
3	2	11327.9	0	2
4	1	2832.0	0	1
8	1	11.1	0	1
10	1	0.7	1	0 1
15	1	0.0	1	1
18	4	0.0	1	2 2
19	2	0.0	1	2
20	1	0.0	2	1
21	1	0.0	2	1
22	1	0.0	2	0 1
23	2	0.0	2	0 0 2
25	4	0.0	2	0 1 3
26	30	0.0	2	13 13 4
27	46	0.0	2	20 19 7
28	47	0.0	2	23 15 9
29	106	0.0	2	48 36 18 4
30	210	0.0	3	104 72 26 8
31	181	0.0	3	68 58 38 17
32	245	0.0	3	75 64 36 70
33	525	0.0	3	55 69 236 165
34	3307	0.0	3	169 1902 721 515
35	10811	0.0	3	6704 2210 1200 697
36	1007	0.0	3	4 347 393 263
37	563	0.0	3	0 1 290 272
38	426	0.0	3	0 1 0 425
39	1	0.0	3	0 0 0 1
45	3	0.0	3	0 1 0 2
50	1	0.0	3	0 0 0 1
51	1	0.0	3	0 0 0 1
55	2	0.0	3	1 1
88	1	0.0	3	0 0 1
106	1	0.0	3	0 1


=== First read: Adapter 3 ===

Sequence: ACGTTGGATGTTTGTTACTGTGGTGGATACTAC; Type: regular 5'; Length: 33; Trimmed: 66215 times.

No. of allowed errors:
0-9 bp: 0; 10-19 bp: 1; 20-29 bp: 2; 30-33 bp: 3

Overview of removed sequences
length	count	expect	max.err	error counts
3	5	11327.9	0	5
4	1	2832.0	0	1
12	1	0.0	1	1
13	1	0.0	1	0 1
14	6	0.0	1	3 3
15	1	0.0	1	0 1
16	3	0.0	1	2 1
17	6	0.0	1	4 2
18	10	0.0	1	4 4 2
19	29	0.0	1	15 10 4
20	47	0.0	2	32 12 3
21	38	0.0	2	26 8 4
22	23	0.0	2	4 11 8
23	40	0.0	2	6 24 10
24	284	0.0	2	152 106 26
25	594	0.0	2	290 204 100
26	808	0.0	2	346 297 165
27	1583	0.0	2	900 515 167 1
28	2097	0.0	2	1108 697 267 25
29	1412	0.0	2	431 543 352 86
30	3605	0.0	3	870 832 475 1428
31	5164	0.0	3	988 919 1768 1489
32	8141	0.0	3	749 2994 2508 1890
33	33154	0.0	3	14244 10001 5212 3697
34	7423	0.0	3	7 3035 2863 1518
35	1418	0.0	3	2 5 777 634
36	264	0.0	3	5 4 1 254
37	10	0.0	3	4 4 1 1
38	6	0.0	3	2 4
39	1	0.0	3	1
40	4	0.0	3	1 1 1 1
41	7	0.0	3	2 3 0 2
42	5	0.0	3	2 3
43	4	0.0	3	0 1 2 1
44	3	0.0	3	1 0 1 1
45	2	0.0	3	1 0 0 1
46	1	0.0	3	0 0 0 1
47	3	0.0	3	0 1 0 2
49	2	0.0	3	1 0 0 1
50	2	0.0	3	2
52	1	0.0	3	1
53	2	0.0	3	1 0 1
54	1	0.0	3	0 0 0 1
59	1	0.0	3	0 0 0 1
62	1	0.0	3	0 1
63	1	0.0	3	0 0 1


=== First read: Adapter 4 ===

Sequence: ACGTTGGATGTTTGTTACTGTTGTGGATACAAC; Type: regular 5'; Length: 33; Trimmed: 30607 times.

No. of allowed errors:
0-9 bp: 0; 10-19 bp: 1; 20-29 bp: 2; 30-33 bp: 3

Overview of removed sequences
length	count	expect	max.err	error counts
3	47	11327.9	0	47
18	1	0.0	1	1
19	2	0.0	1	2
20	2	0.0	2	1 1
21	1	0.0	2	1
22	2	0.0	2	0 1 1
23	2	0.0	2	1 0 1
24	43	0.0	2	20 15 8
25	214	0.0	2	84 87 43
26	184	0.0	2	105 59 20
27	279	0.0	2	159 86 33 1
28	646	0.0	2	389 186 69 2
29	447	0.0	2	190 150 87 20
30	693	0.0	3	268 221 109 95
31	1273	0.0	3	249 285 407 332
32	3663	0.0	3	243 1492 909 1019
33	19916	0.0	3	9414 4993 3669 1840
34	1673	0.0	3	6 693 554 420
35	1037	0.0	3	1 2 550 484
36	472	0.0	3	0 0 0 472
37	1	0.0	3	0 0 0 1
42	1	0.0	3	1
44	1	0.0	3	0 1
46	1	0.0	3	0 1
48	1	0.0	3	0 0 1
49	1	0.0	3	1
50	1	0.0	3	1
53	1	0.0	3	0 0 1
58	1	0.0	3	1
60	1	0.0	3	0 0 0 1


=== First read: Adapter 5 ===

Sequence: ACGTTGGATGTTTGTTACCGTTGTTGATACTAC; Type: regular 5'; Length: 33; Trimmed: 37797 times.

No. of allowed errors:
0-9 bp: 0; 10-19 bp: 1; 20-29 bp: 2; 30-33 bp: 3

Overview of removed sequences
length	count	expect	max.err	error counts
11	2	0.2	1	2
13	1	0.0	1	0 1
14	4	0.0	1	2 2
16	1	0.0	1	0 1
18	4	0.0	1	2 0 2
19	4	0.0	1	3 1
20	20	0.0	2	12 6 2
21	10	0.0	2	7 2 1
22	2	0.0	2	0 0 2
23	4	0.0	2	1 1 2
24	79	0.0	2	42 30 7
25	185	0.0	2	100 52 33
26	277	0.0	2	114 96 67
27	560	0.0	2	352 151 56 1
28	944	0.0	2	457 312 157 18
29	617	0.0	2	173 224 161 59
30	2910	0.0	3	414 486 279 1731
31	3021	0.0	3	299 414 950 1358
32	7365	0.0	3	261 1644 3505 1955
33	16868	0.0	3	9008 4407 2167 1286
34	3004	0.0	3	0 818 1405 781
35	1725	0.0	3	1 2 239 1483
36	171	0.0	3	0 1 0 170
37	3	0.0	3	2 1
39	1	0.0	3	0 0 0 1
41	2	0.0	3	0 0 2
42	3	0.0	3	0 1 1 1
43	1	0.0	3	0 0 1
45	3	0.0	3	0 3
51	1	0.0	3	0 0 0 1
52	1	0.0	3	0 0 1
53	1	0.0	3	0 0 0 1
60	3	0.0	3	0 0 2 1


=== First read: Adapter 6 ===

Sequence: ACGTTGGATGAATATATGTGTGCTTATTTG; Type: regular 5'; Length: 30; Trimmed: 268 times.

No. of allowed errors:
0-9 bp: 0; 10-19 bp: 1; 20-29 bp: 2; 30 bp: 3

Overview of removed sequences
length	count	expect	max.err	error counts
3	187	11327.9	0	187
4	21	2832.0	0	21
5	3	708.0	0	3
29	7	0.0	2	2 4 1
30	48	0.0	3	31 8 5 4
31	1	0.0	3	0 0 0 1
32	1	0.0	3	0 0 0 1


=== First read: Adapter 7 ===

Sequence: ACGTTGGATGGAAAAATAAACTGCAAATCATATTC; Type: regular 5'; Length: 35; Trimmed: 141489 times.

No. of allowed errors:
0-9 bp: 0; 10-19 bp: 1; 20-29 bp: 2; 30-35 bp: 3

Overview of removed sequences
length	count	expect	max.err	error counts
3	2	11327.9	0	2
6	1	177.0	0	1
14	1	0.0	1	0 1
17	1	0.0	1	0 1
18	2	0.0	1	2
21	2	0.0	2	1 1
22	1	0.0	2	0 0 1
23	1	0.0	2	0 0 1
24	3	0.0	2	0 2 1
25	4	0.0	2	4
26	7	0.0	2	3 2 2
27	12	0.0	2	6 3 2 1
28	16	0.0	2	6 2 5 3
29	54	0.0	2	8 24 13 9
30	390	0.0	3	172 124 65 29
31	286	0.0	3	115 86 52 33
32	2038	0.0	3	86 83 41 1828
33	3711	0.0	3	42 152 2285 1232
34	23057	0.0	3	221 17092 3838 1906
35	84384	0.0	3	59132 14300 6009 4943
36	24432	0.0	3	2 16583 4286 3561
37	2107	0.0	3	0 2 788 1317
38	972	0.0	3	0 0 0 972
44	1	0.0	3	0 1
47	1	0.0	3	0 1
49	1	0.0	3	1
52	1	0.0	3	1
61	1	0.0	3	0 1


=== First read: Adapter 8 ===

Sequence: ACGTTGGATGGAAAAATAAACTGTAAATCATATTC; Type: regular 5'; Length: 35; Trimmed: 37719 times.

No. of allowed errors:
0-9 bp: 0; 10-19 bp: 1; 20-29 bp: 2; 30-35 bp: 3

Overview of removed sequences
length	count	expect	max.err	error counts
18	4	0.0	1	3 1
23	1	0.0	2	0 0 1
25	1	0.0	2	0 1
26	1	0.0	2	0 1
27	2	0.0	2	0 1 1
29	9	0.0	2	0 4 4 1
30	42	0.0	3	5 16 11 10
31	43	0.0	3	11 11 10 11
32	3490	0.0	3	5 10 7 3468
33	1290	0.0	3	14 37 676 563
34	7241	0.0	3	43 4691 1165 1342
35	18228	0.0	3	7466 4702 3152 2908
36	5664	0.0	3	0 2057 1757 1850
37	1425	0.0	3	0 0 349 1076
38	277	0.0	3	0 0 0 277
59	1	0.0	3	0 0 0 1


=== First read: Adapter 9 ===

Sequence: ACGTTGGATGGAAAAATAAATTGTAAATCATACTC; Type: regular 5'; Length: 35; Trimmed: 47351 times.

No. of allowed errors:
0-9 bp: 0; 10-19 bp: 1; 20-29 bp: 2; 30-35 bp: 3

Overview of removed sequences
length	count	expect	max.err	error counts
19	1	0.0	1	1
26	1	0.0	2	1
27	1	0.0	2	0 1
29	7	0.0	2	3 3 0 1
30	25	0.0	3	10 11 2 2
31	50	0.0	3	30 13 3 4
32	323	0.0	3	13 9 5 296
33	1732	0.0	3	27 34 1104 567
34	3484	0.0	3	585 1963 656 280
35	39934	0.0	3	25125 6872 2426 5511
36	879	0.0	3	3 388 264 224
37	432	0.0	3	5 1 146 280
38	457	0.0	3	1 0 0 456
39	2	0.0	3	2
42	1	0.0	3	0 0 1
43	2	0.0	3	0 2
44	6	0.0	3	4 0 1 1
45	2	0.0	3	0 2
48	1	0.0	3	1
49	1	0.0	3	1
50	1	0.0	3	0 1
51	2	0.0	3	0 1 0 1
52	1	0.0	3	0 1
54	3	0.0	3	2 1
56	1	0.0	3	1
60	1	0.0	3	1
62	1	0.0	3	0 1


=== First read: Adapter 10 ===

Sequence: ACGTTGGATGAGATTAGGGAAAGTATTAGA; Type: regular 5'; Length: 30; Trimmed: 130 times.

No. of allowed errors:
0-9 bp: 0; 10-19 bp: 1; 20-29 bp: 2; 30 bp: 3

Overview of removed sequences
length	count	expect	max.err	error counts
3	119	11327.9	0	119
4	1	2832.0	0	1
6	1	177.0	0	1
28	1	0.0	2	0 0 1
29	3	0.0	2	0 1 2
30	5	0.0	3	4 0 1


=== First read: Adapter 11 ===

Sequence: ACGTTGGATGGAAAAATAAATTGTAAATCAAATTC; Type: regular 5'; Length: 35; Trimmed: 19948 times.

No. of allowed errors:
0-9 bp: 0; 10-19 bp: 1; 20-29 bp: 2; 30-35 bp: 3

Overview of removed sequences
length	count	expect	max.err	error counts
6	2	177.0	0	2
17	1	0.0	1	1
21	1	0.0	2	0 0 1
29	1	0.0	2	0 1
30	9	0.0	3	6 3
31	8	0.0	3	5 1 1 1
32	57	0.0	3	3 1 0 53
33	144	0.0	3	4 7 79 54
34	811	0.0	3	57 360 238 156
35	18067	0.0	3	12010 3615 1595 847
36	328	0.0	3	0 123 89 116
37	279	0.0	3	0 0 158 121
38	238	0.0	3	0 0 0 238
55	1	0.0	3	0 0 0 1
118	1	0.0	3	1


=== First read: Adapter 12 ===

Sequence: ACGTTGGATGGAAAAATAAACTGTAAATCATATTCCT; Type: regular 5'; Length: 37; Trimmed: 190791 times.

No. of allowed errors:
0-9 bp: 0; 10-19 bp: 1; 20-29 bp: 2; 30-37 bp: 3

Overview of removed sequences
length	count	expect	max.err	error counts
3	40	11327.9	0	40
4	3	2832.0	0	3
16	1	0.0	1	1
18	1	0.0	1	0 1
20	11	0.0	2	5 5 1
21	1	0.0	2	1
22	1	0.0	2	0 0 1
23	1	0.0	2	1
25	4	0.0	2	0 1 3
26	3	0.0	2	1 1 1
27	2	0.0	2	2
28	5	0.0	2	1 3 1
29	9	0.0	2	1 2 4 2
30	15	0.0	3	2 2 8 3
31	108	0.0	3	5 44 44 15
32	233	0.0	3	54 104 53 22
33	194	0.0	3	41 76 50 27
34	886	0.0	3	43 93 88 662
35	11223	0.0	3	63 183 8645 2332
36	37338	0.0	3	238 22871 9321 4908
37	95015	0.0	3	32242 42944 13723 6106
38	22921	0.0	3	13 3335 13899 5674
39	19548	0.0	3	0 2 3585 15961
40	3213	0.0	3	0 1 1 3211
43	1	0.0	3	0 0 1
46	1	0.0	3	0 0 0 1
47	3	0.0	3	0 1 2
48	1	0.0	3	0 0 1
52	1	0.0	3	0 0 0 1
54	1	0.0	3	0 1
55	2	0.0	3	1 0 0 1
57	1	0.0	3	1
58	1	0.0	3	0 1
63	1	0.0	3	0 0 0 1
65	1	0.0	3	0 1
68	1	0.0	3	0 0 0 1


=== Second read: Adapter 13 ===

Sequence: ACGTTGGATGTTTGTTACTATGGTAGATACCACAC; Type: regular 5'; Length: 35; Trimmed: 56794 times.

No. of allowed errors:
0-9 bp: 0; 10-19 bp: 1; 20-29 bp: 2; 30-35 bp: 3

Overview of removed sequences
length	count	expect	max.err	error counts
3	19	11327.9	0	19
4	35	2832.0	0	35
10	1	0.7	1	1
18	1	0.0	1	1
19	10	0.0	1	7 3
20	2	0.0	2	0 0 2
21	5	0.0	2	1 1 3
22	7	0.0	2	3 2 2
23	3	0.0	2	1 0 2
24	5	0.0	2	1 1 3
25	6	0.0	2	1 1 4
26	22	0.0	2	3 9 10
27	15	0.0	2	4 7 4
28	34	0.0	2	14 7 10 3
29	64	0.0	2	18 21 16 9
30	128	0.0	3	25 37 32 34
31	133	0.0	3	21 34 49 29
32	348	0.0	3	19 45 54 230
33	4077	0.0	3	39 67 1808 2163
34	6456	0.0	3	32 2164 2185 2075
35	39318	0.0	3	10728 13166 8977 6447
36	3410	0.0	3	5 1048 1218 1139
37	1873	0.0	3	0 1 761 1111
38	749	0.0	3	0 0 1 748
39	1	0.0	3	0 0 0 1
40	1	0.0	3	0 0 1
42	3	0.0	3	0 1 0 2
43	13	0.0	3	6 3 2 2
44	12	0.0	3	2 3 5 2
45	5	0.0	3	1 0 3 1
46	8	0.0	3	1 2 3 2
47	5	0.0	3	0 4 0 1
48	2	0.0	3	2
49	2	0.0	3	0 0 1 1
50	2	0.0	3	0 1 0 1
51	2	0.0	3	0 2
52	2	0.0	3	2
53	2	0.0	3	1 1
54	1	0.0	3	0 0 1
55	7	0.0	3	1 4 0 2
56	1	0.0	3	1
57	2	0.0	3	0 1 0 1
60	1	0.0	3	1
65	1	0.0	3	0 0 0 1


=== Second read: Adapter 14 ===

Sequence: ACGTTGGATGTTTGTTACTGTGGTGGATACTAC; Type: regular 5'; Length: 33; Trimmed: 129939 times.

No. of allowed errors:
0-9 bp: 0; 10-19 bp: 1; 20-29 bp: 2; 30-33 bp: 3

Overview of removed sequences
length	count	expect	max.err	error counts
3	26	11327.9	0	26
4	1	2832.0	0	1
5	4	708.0	0	4
8	1	11.1	0	1
9	3	2.8	0	3
10	1	0.7	1	0 1
12	2	0.0	1	1 1
13	4	0.0	1	1 3
15	1	0.0	1	0 1
16	1	0.0	1	0 1
17	12	0.0	1	8 4
18	4	0.0	1	0 4
19	10	0.0	1	4 3 3
20	12	0.0	2	4 2 6
21	8	0.0	2	3 2 3
22	14	0.0	2	1 8 5
23	6	0.0	2	2 1 3
24	26	0.0	2	11 6 9
25	73	0.0	2	15 29 29
26	168	0.0	2	59 64 45
27	176	0.0	2	57 61 56 2
28	308	0.0	2	86 110 102 10
29	315	0.0	2	69 102 108 36
30	9067	0.0	3	86 180 200 8601
31	11292	0.0	3	219 228 4036 6809
32	21456	0.0	3	123 6356 7858 7119
33	66298	0.0	3	25601 21459 12012 7226
34	16740	0.0	3	1 6226 6429 4084
35	2243	0.0	3	1 1 969 1272
36	630	0.0	3	1 1 2 626
37	7	0.0	3	0 3 2 2
38	13	0.0	3	0 0 2 11
39	40	0.0	3	4 3 11 22
40	45	0.0	3	14 9 11 11
41	161	0.0	3	42 54 40 25
42	119	0.0	3	25 46 27 21
43	48	0.0	3	6 7 15 20
44	87	0.0	3	29 24 13 21
45	69	0.0	3	21 20 17 11
46	46	0.0	3	13 10 8 15
47	28	0.0	3	1 9 8 10
48	42	0.0	3	7 12 7 16
49	81	0.0	3	21 17 12 31
50	42	0.0	3	8 9 10 15
51	72	0.0	3	22 26 13 11
52	26	0.0	3	7 6 7 6
53	38	0.0	3	10 16 9 3
54	26	0.0	3	7 6 5 8
55	12	0.0	3	1 6 4 1
56	14	0.0	3	3 4 2 5
57	9	0.0	3	4 1 1 3
58	6	0.0	3	1 1 0 4
60	1	0.0	3	0 1
61	1	0.0	3	0 0 1
62	1	0.0	3	0 0 1
64	3	0.0	3	2 0 0 1


=== Second read: Adapter 15 ===

Sequence: ACGTTGGATGTTTGTTACTGTTGTGGATACAAC; Type: regular 5'; Length: 33; Trimmed: 64833 times.

No. of allowed errors:
0-9 bp: 0; 10-19 bp: 1; 20-29 bp: 2; 30-33 bp: 3

Overview of removed sequences
length	count	expect	max.err	error counts
3	1619	11327.9	0	1619
4	5	2832.0	0	5
5	9	708.0	0	9
10	1	0.7	1	0 1
11	1	0.2	1	0 1
12	1	0.0	1	1
17	1	0.0	1	1
19	1	0.0	1	0 1
20	4	0.0	2	1 1 2
21	1	0.0	2	0 1
23	1	0.0	2	0 1
24	10	0.0	2	3 3 4
25	25	0.0	2	5 11 9
26	43	0.0	2	14 15 14
27	47	0.0	2	15 22 10
28	91	0.0	2	29 39 21 2
29	142	0.0	2	49 44 45 4
30	360	0.0	3	45 71 47 197
31	2595	0.0	3	87 85 826 1597
32	12295	0.0	3	81 4057 3506 4651
33	39807	0.0	3	11828 9704 12180 6095
34	3805	0.0	3	2 1072 1298 1433
35	2266	0.0	3	0 1 1035 1230
36	967	0.0	3	0 0 0 967
37	2	0.0	3	1 1
39	6	0.0	3	1 1 1 3
40	24	0.0	3	4 2 9 9
41	161	0.0	3	33 55 51 22
42	80	0.0	3	24 19 22 15
43	22	0.0	3	3 6 3 10
44	59	0.0	3	17 18 9 15
45	41	0.0	3	16 9 12 4
46	30	0.0	3	13 6 5 6
47	13	0.0	3	3 4 4 2
48	30	0.0	3	7 13 6 4
49	47	0.0	3	22 7 10 8
50	28	0.0	3	8 3 6 11
51	42	0.0	3	7 6 15 14
52	45	0.0	3	15 15 11 4
53	44	0.0	3	12 9 16 7
54	13	0.0	3	3 5 2 3
55	6	0.0	3	1 1 3 1
56	13	0.0	3	5 4 1 3
57	14	0.0	3	8 1 3 2
58	6	0.0	3	1 3 0 2
60	3	0.0	3	2 1
61	1	0.0	3	0 1
62	1	0.0	3	1
64	3	0.0	3	3
65	1	0.0	3	0 1
66	1	0.0	3	0 0 0 1


=== Second read: Adapter 16 ===

Sequence: ACGTTGGATGTTTGTTACCGTTGTTGATACTAC; Type: regular 5'; Length: 33; Trimmed: 86731 times.

No. of allowed errors:
0-9 bp: 0; 10-19 bp: 1; 20-29 bp: 2; 30-33 bp: 3

Overview of removed sequences
length	count	expect	max.err	error counts
15	1	0.0	1	1
16	3	0.0	1	0 3
18	2	0.0	1	1 1
19	5	0.0	1	1 2 2
20	7	0.0	2	2 4 1
21	2	0.0	2	1 0 1
22	1	0.0	2	1
23	5	0.0	2	3 0 2
24	19	0.0	2	5 7 7
25	26	0.0	2	6 9 11
26	69	0.0	2	22 28 19
27	69	0.0	2	27 20 20 2
28	226	0.0	2	81 75 64 6
29	264	0.0	2	57 84 102 21
30	7102	0.0	3	91 149 118 6744
31	4682	0.0	3	147 168 1422 2945
32	18293	0.0	3	67 4441 7867 5918
33	43489	0.0	3	20945 11700 6639 4205
34	8674	0.0	3	3 1518 3887 3266
35	2997	0.0	3	0 0 556 2441
36	484	0.0	3	1 1 0 482
37	3	0.0	3	2 0 1
38	2	0.0	3	0 0 0 2
39	9	0.0	3	0 0 3 6
40	19	0.0	3	0 1 9 9
41	44	0.0	3	9 12 11 12
42	40	0.0	3	12 13 11 4
43	28	0.0	3	4 3 4 17
44	29	0.0	3	8 10 8 3
45	19	0.0	3	5 5 6 3
46	9	0.0	3	3 1 0 5
47	8	0.0	3	1 1 1 5
48	15	0.0	3	3 3 5 4
49	20	0.0	3	10 3 4 3
50	10	0.0	3	2 2 5 1
51	8	0.0	3	3 1 1 3
52	9	0.0	3	1 1 2 5
53	6	0.0	3	1 2 1 2
54	11	0.0	3	2 0 6 3
55	7	0.0	3	2 2 1 2
56	3	0.0	3	0 0 1 2
57	5	0.0	3	1 0 1 3
58	2	0.0	3	0 1 0 1
59	3	0.0	3	2 0 1
61	1	0.0	3	0 0 1
89	1	0.0	3	0 1


=== Second read: Adapter 17 ===

Sequence: ACGTTGGATGAATATATGTGTGCTTATTTG; Type: regular 5'; Length: 30; Trimmed: 604 times.

No. of allowed errors:
0-9 bp: 0; 10-19 bp: 1; 20-29 bp: 2; 30 bp: 3

Overview of removed sequences
length	count	expect	max.err	error counts
3	542	11327.9	0	542
4	19	2832.0	0	19
5	8	708.0	0	8
6	5	177.0	0	5
10	1	0.7	1	0 1
28	1	0.0	2	0 1
29	2	0.0	2	0 1 1
30	24	0.0	3	10 7 5 2
31	1	0.0	3	0 0 1
32	1	0.0	3	0 0 0 1


=== Second read: Adapter 18 ===

Sequence: ACGTTGGATGTTTGTTACTAAGGTAGATACCACTC; Type: regular 5'; Length: 35; Trimmed: 21402 times.

No. of allowed errors:
0-9 bp: 0; 10-19 bp: 1; 20-29 bp: 2; 30-35 bp: 3

Overview of removed sequences
length	count	expect	max.err	error counts
3	6	11327.9	0	6
4	12	2832.0	0	12
5	2	708.0	0	2
7	1	44.2	0	1
9	1	2.8	0	0 1
18	1	0.0	1	0 1
21	2	0.0	2	1 0 1
23	1	0.0	2	0 0 1
25	1	0.0	2	0 1
26	6	0.0	2	1 4 1
27	4	0.0	2	1 3
28	12	0.0	2	4 2 4 2
29	17	0.0	2	7 5 4 1
30	41	0.0	3	9 12 12 8
31	62	0.0	3	12 21 16 13
32	163	0.0	3	10 16 17 120
33	1148	0.0	3	37 21 490 600
34	3812	0.0	3	34 1681 1147 950
35	13525	0.0	3	5604 3729 2596 1596
36	1289	0.0	3	0 323 502 464
37	868	0.0	3	0 0 388 480
38	376	0.0	3	0 0 0 376
41	1	0.0	3	0 0 1
42	3	0.0	3	0 0 1 2
43	8	0.0	3	3 3 1 1
44	6	0.0	3	0 2 2 2
45	7	0.0	3	2 3 2
46	4	0.0	3	1 0 1 2
47	4	0.0	3	0 3 1
48	3	0.0	3	1 2
49	1	0.0	3	0 0 1
51	1	0.0	3	1
52	2	0.0	3	0 1 0 1
54	5	0.0	3	1 0 2 2
55	2	0.0	3	0 1 0 1
57	1	0.0	3	0 0 1
58	1	0.0	3	0 0 1
59	1	0.0	3	0 0 0 1
60	1	0.0	3	0 0 1
62	1	0.0	3	0 0 1


=== Second read: Adapter 19 ===

Sequence: ACGTTGGATGGAAAAATAAACTGCAAATCATATTC; Type: regular 5'; Length: 35; Trimmed: 37622 times.

No. of allowed errors:
0-9 bp: 0; 10-19 bp: 1; 20-29 bp: 2; 30-35 bp: 3

Overview of removed sequences
length	count	expect	max.err	error counts
3	44	11327.9	0	44
4	3	2832.0	0	3
6	2	177.0	0	2
11	1	0.2	1	0 1
14	1	0.0	1	1
16	1	0.0	1	0 1
17	1	0.0	1	0 1
18	5	0.0	1	3 2
19	5	0.0	1	2 3
20	1	0.0	2	0 0 1
21	1	0.0	2	0 1
22	2	0.0	2	1 1
24	2	0.0	2	1 0 1
25	1	0.0	2	0 1
27	1	0.0	2	0 1
28	2	0.0	2	0 1 1
29	8	0.0	2	3 2 3
30	42	0.0	3	14 12 7 9
31	57	0.0	3	16 15 19 7
32	643	0.0	3	12 8 10 613
33	1246	0.0	3	18 15 658 555
34	6075	0.0	3	33 2945 1767 1330
35	21698	0.0	3	10288 5389 3161 2860
36	6706	0.0	3	0 2894 1889 1923
37	630	0.0	3	0 0 239 391
38	396	0.0	3	0 0 0 396
41	1	0.0	3	0 1
43	8	0.0	3	4 2 2
44	7	0.0	3	1 4 1 1
45	2	0.0	3	0 1 1
46	3	0.0	3	0 1 2
47	3	0.0	3	0 3
48	2	0.0	3	1 0 0 1
49	4	0.0	3	0 1 3
50	3	0.0	3	0 1 1 1
51	3	0.0	3	0 3
52	5	0.0	3	1 1 1 2
53	2	0.0	3	1 0 1
54	2	0.0	3	1 0 0 1
55	1	0.0	3	0 1
61	1	0.0	3	0 0 0 1
68	1	0.0	3	0 0 1


=== Second read: Adapter 20 ===

Sequence: ACGTTGGATGAGATTAGGGAAAGTATTAGA; Type: regular 5'; Length: 30; Trimmed: 89 times.

No. of allowed errors:
0-9 bp: 0; 10-19 bp: 1; 20-29 bp: 2; 30 bp: 3

Overview of removed sequences
length	count	expect	max.err	error counts
3	75	11327.9	0	75
4	7	2832.0	0	7
5	2	708.0	0	2
7	1	44.2	0	1
29	2	0.0	2	0 1 0 1
30	1	0.0	3	0 0 1
31	1	0.0	3	0 1


=== Second read: Adapter 21 ===

Sequence: ACGTTGGATGGAAAAATAAATTGTAAATCATACTC; Type: regular 5'; Length: 35; Trimmed: 15694 times.

No. of allowed errors:
0-9 bp: 0; 10-19 bp: 1; 20-29 bp: 2; 30-35 bp: 3

Overview of removed sequences
length	count	expect	max.err	error counts
5	3	708.0	0	3
6	1	177.0	0	1
13	1	0.0	1	0 1
14	1	0.0	1	1
17	1	0.0	1	1
18	1	0.0	1	1
19	4	0.0	1	1 2 1
20	3	0.0	2	1 0 2
21	2	0.0	2	0 1 1
22	2	0.0	2	1 0 1
23	2	0.0	2	1 1
25	1	0.0	2	0 1
26	1	0.0	2	0 1
28	1	0.0	2	1
29	5	0.0	2	1 1 2 1
30	31	0.0	3	16 3 10 2
31	30	0.0	3	16 7 4 3
32	158	0.0	3	6 2 10 140
33	822	0.0	3	15 10 268 529
34	1732	0.0	3	49 735 401 547
35	11558	0.0	3	4995 2692 1683 2188
36	860	0.0	3	0 124 404 332
37	211	0.0	3	0 0 57 154
38	174	0.0	3	0 0 0 174
40	3	0.0	3	0 2 0 1
41	1	0.0	3	1
42	8	0.0	3	1 3 1 3
43	8	0.0	3	3 2 2 1
44	15	0.0	3	3 4 5 3
45	4	0.0	3	1 0 1 2
46	5	0.0	3	2 1 0 2
47	12	0.0	3	6 0 1 5
48	5	0.0	3	2 1 0 2
49	3	0.0	3	1 0 1 1
50	1	0.0	3	0 0 1
51	5	0.0	3	1 0 1 3
52	1	0.0	3	0 0 1
53	8	0.0	3	3 3 2
54	4	0.0	3	1 1 0 2
55	2	0.0	3	1 1
56	2	0.0	3	0 2
57	1	0.0	3	1
59	1	0.0	3	1


=== Second read: Adapter 22 ===

Sequence: ACGTTGGATGGAAAAATAAACTGTAAATCATATTCCT; Type: regular 5'; Length: 37; Trimmed: 62375 times.

No. of allowed errors:
0-9 bp: 0; 10-19 bp: 1; 20-29 bp: 2; 30-37 bp: 3

Overview of removed sequences
length	count	expect	max.err	error counts
3	298	11327.9	0	298
4	683	2832.0	0	683
5	2	708.0	0	2
6	1	177.0	0	1
12	2	0.0	1	0 2
13	1	0.0	1	1
15	1	0.0	1	0 1
18	2	0.0	1	0 2
19	7	0.0	1	0 6 1
20	17	0.0	2	6 4 7
21	10	0.0	2	0 2 8
22	2	0.0	2	1 0 1
23	1	0.0	2	0 0 1
24	2	0.0	2	1 1
25	1	0.0	2	0 0 1
26	1	0.0	2	0 0 1
27	1	0.0	2	1
28	5	0.0	2	1 3 1
29	4	0.0	2	0 2 1 1
30	11	0.0	3	1 2 5 3
31	19	0.0	3	1 3 10 5
32	52	0.0	3	10 19 15 8
33	87	0.0	3	9 27 30 21
34	438	0.0	3	10 20 24 384
35	4031	0.0	3	17 53 2514 1447
36	11075	0.0	3	35 5055 3502 2483
37	33612	0.0	3	7724 13591 7681 4616
38	5750	0.0	3	2 737 2961 2050
39	5328	0.0	3	0 0 795 4533
40	807	0.0	3	0 0 0 807
41	2	0.0	3	0 1 0 1
43	3	0.0	3	0 1 1 1
44	13	0.0	3	0 7 5 1
45	17	0.0	3	1 5 7 4
46	10	0.0	3	0 3 3 4
47	6	0.0	3	0 4 2
48	5	0.0	3	0 3 2
49	11	0.0	3	0 4 4 3
50	12	0.0	3	2 5 4 1
51	5	0.0	3	0 2 1 2
52	10	0.0	3	1 4 4 1
53	4	0.0	3	0 2 2
54	4	0.0	3	0 2 1 1
55	6	0.0	3	0 1 4 1
56	2	0.0	3	0 2
57	5	0.0	3	1 2 1 1
58	3	0.0	3	1 1 1
62	1	0.0	3	0 1
68	1	0.0	3	0 1
69	2	0.0	3	0 2
71	2	0.0	3	0 2


=== Second read: Adapter 23 ===

Sequence: ACGTTGGATGGAAAAATAAACTGTAAATCATATTC; Type: regular 5'; Length: 35; Trimmed: 18289 times.

No. of allowed errors:
0-9 bp: 0; 10-19 bp: 1; 20-29 bp: 2; 30-35 bp: 3

Overview of removed sequences
length	count	expect	max.err	error counts
11	1	0.2	1	0 1
13	2	0.0	1	0 2
14	2	0.0	1	1 1
17	4	0.0	1	0 4
18	6	0.0	1	3 3
19	3	0.0	1	1 2
21	4	0.0	2	1 0 3
22	1	0.0	2	0 0 1
25	1	0.0	2	0 1
26	1	0.0	2	1
28	2	0.0	2	0 0 2
29	5	0.0	2	2 1 2
30	25	0.0	3	1 6 6 12
31	32	0.0	3	1 7 11 13
32	1433	0.0	3	1 5 5 1422
33	826	0.0	3	6 6 402 412
34	3011	0.0	3	4 1066 702 1239
35	8918	0.0	3	2061 2467 1828 2562
36	3542	0.0	3	0 955 1052 1535
37	343	0.0	3	0 0 51 292
38	105	0.0	3	0 0 0 105
40	1	0.0	3	0 0 0 1
42	2	0.0	3	1 1
43	2	0.0	3	0 0 0 2
44	3	0.0	3	0 1 1 1
45	3	0.0	3	0 1 2
46	2	0.0	3	0 1 1
47	2	0.0	3	0 0 0 2
48	1	0.0	3	0 1
49	2	0.0	3	0 0 1 1
51	1	0.0	3	0 1
53	1	0.0	3	0 0 0 1
54	1	0.0	3	0 0 1
56	1	0.0	3	1


=== Second read: Adapter 24 ===

Sequence: ACGTTGGATGGAAAAATAAATTGTAAATCAAATTC; Type: regular 5'; Length: 35; Trimmed: 6192 times.

No. of allowed errors:
0-9 bp: 0; 10-19 bp: 1; 20-29 bp: 2; 30-35 bp: 3

Overview of removed sequences
length	count	expect	max.err	error counts
5	4	708.0	0	4
6	16	177.0	0	16
18	2	0.0	1	1 1
21	3	0.0	2	2 0 1
22	3	0.0	2	2 1
23	1	0.0	2	0 1
25	1	0.0	2	1
27	1	0.0	2	0 0 1
29	1	0.0	2	0 1
30	22	0.0	3	9 7 4 2
31	16	0.0	3	8 3 1 4
32	28	0.0	3	1 2 2 23
33	97	0.0	3	3 1 50 43
34	395	0.0	3	8 150 115 122
35	5149	0.0	3	2534 1365 751 499
36	180	0.0	3	0 57 70 53
37	206	0.0	3	0 0 109 97
38	53	0.0	3	0 0 0 53
39	1	0.0	3	0 0 1
42	2	0.0	3	1 0 1
43	1	0.0	3	0 0 1
44	2	0.0	3	1 1
45	3	0.0	3	3
47	1	0.0	3	1
49	1	0.0	3	0 0 1
50	2	0.0	3	2
68	1	0.0	3	0 0 1
