This is cutadapt 2.6 with Python 3.7.3
Command line parameters: -g ACGTTGGATGTTTGTTACTATGGTAGATACCACAC -g ACGTTGGATGTTTGTTACTAAGGTAGATACCACTC -g ACGTTGGATGTTTGTTACTGTGGTGGATACTAC -g ACGTTGGATGTTTGTTACTGTTGTGGATACAAC -g ACGTTGGATGTTTGTTACCGTTGTTGATACTAC -g ACGTTGGATGAATATATGTGTGCTTATTTG -G ACGTTGGATGTTTGTTACTATGGTAGATACCACAC -G ACGTTGGATGTTTGTTACTGTGGTGGATACTAC -G ACGTTGGATGTTTGTTACTGTTGTGGATACAAC -G ACGTTGGATGTTTGTTACCGTTGTTGATACTAC -G ACGTTGGATGAATATATGTGTGCTTATTTG -G ACGTTGGATGTTTGTTACTAAGGTAGATACCACTC -g ACGTTGGATGGAAAAATAAACTGCAAATCATATTC -g ACGTTGGATGGAAAAATAAACTGTAAATCATATTC -g ACGTTGGATGGAAAAATAAATTGTAAATCATACTC -g ACGTTGGATGAGATTAGGGAAAGTATTAGA -g ACGTTGGATGGAAAAATAAATTGTAAATCAAATTC -g ACGTTGGATGGAAAAATAAACTGTAAATCATATTCCT -G ACGTTGGATGGAAAAATAAACTGCAAATCATATTC -G ACGTTGGATGAGATTAGGGAAAGTATTAGA -G ACGTTGGATGGAAAAATAAATTGTAAATCATACTC -G ACGTTGGATGGAAAAATAAACTGTAAATCATATTCCT -G ACGTTGGATGGAAAAATAAACTGTAAATCATATTC -G ACGTTGGATGGAAAAATAAATTGTAAATCAAATTC --minimum-length=1 -o /data/projects/mdc-971/reprocess_June_2019_data/analysis/30.primer_trimmed/180428_S54_cutadapt.1.fq.gz -p /data/projects/mdc-971/reprocess_June_2019_data/analysis/30.primer_trimmed/180428_S54_cutadapt.2.fq.gz /data/projects/mdc-971/reprocess_June_2019_data/analysis/20.adapter_trimmed/180428_S54_R1_001.bbduked.trimmed.fastq.gz /data/projects/mdc-971/reprocess_June_2019_data/analysis/20.adapter_trimmed/180428_S54_R2_001.bbduked.trimmed.fastq.gz
Processing reads on 1 core in paired-end mode ...
Finished in 161.89 s (388 us/read; 0.15 M reads/minute).

=== Summary ===

Total read pairs processed:            417,587
  Read 1 with adapter:                 367,050 (87.9%)
  Read 2 with adapter:                 251,794 (60.3%)
Pairs that were too short:                   0 (0.0%)
Pairs written (passing filters):       417,587 (100.0%)

Total basepairs processed:   122,753,798 bp
  Read 1:    60,115,841 bp
  Read 2:    62,637,957 bp
Total written (filtered):    101,522,590 bp (82.7%)
  Read 1:    47,368,906 bp
  Read 2:    54,153,684 bp

=== First read: Adapter 1 ===

Sequence: ACGTTGGATGTTTGTTACTATGGTAGATACCACAC; Type: regular 5'; Length: 35; Trimmed: 27502 times.

No. of allowed errors:
0-9 bp: 0; 10-19 bp: 1; 20-29 bp: 2; 30-35 bp: 3

Overview of removed sequences
length	count	expect	max.err	error counts
3	2	6524.8	0	2
4	2	1631.2	0	2
14	1	0.0	1	1
15	1	0.0	1	1
16	1	0.0	1	0 1
18	3	0.0	1	0 1 2
19	2	0.0	1	0 1 1
20	2	0.0	2	1 0 1
21	9	0.0	2	5 2 2
22	10	0.0	2	5 1 4
23	14	0.0	2	11 3
24	3	0.0	2	0 1 2
25	4	0.0	2	0 1 3
26	49	0.0	2	10 20 19
27	118	0.0	2	43 51 24
28	100	0.0	2	43 27 26 4
29	260	0.0	2	99 86 64 11
30	394	0.0	3	151 129 71 43
31	228	0.0	3	58 82 60 28
32	542	0.0	3	77 124 103 238
33	1726	0.0	3	73 159 873 621
34	5950	0.0	3	146 3130 1528 1146
35	15376	0.0	3	5825 4988 2671 1892
36	1577	0.0	3	10 662 513 392
37	444	0.0	3	1 0 231 212
38	677	0.0	3	0 1 1 675
40	2	0.0	3	0 1 0 1
42	1	0.0	3	0 1
43	1	0.0	3	0 1
44	1	0.0	3	0 1
49	1	0.0	3	1
75	1	0.0	3	0 1


=== First read: Adapter 2 ===

Sequence: ACGTTGGATGTTTGTTACTAAGGTAGATACCACTC; Type: regular 5'; Length: 35; Trimmed: 9389 times.

No. of allowed errors:
0-9 bp: 0; 10-19 bp: 1; 20-29 bp: 2; 30-35 bp: 3

Overview of removed sequences
length	count	expect	max.err	error counts
3	8	6524.8	0	8
14	1	0.0	1	1
15	1	0.0	1	1
16	1	0.0	1	1
17	1	0.0	1	1
19	1	0.0	1	0 1
20	1	0.0	2	1
21	4	0.0	2	2 1 1
22	4	0.0	2	0 3 1
23	2	0.0	2	2
24	3	0.0	2	1 1 1
25	4	0.0	2	0 3 1
26	19	0.0	2	7 7 5
27	38	0.0	2	14 17 7
28	29	0.0	2	9 13 6 1
29	94	0.0	2	39 32 18 5
30	252	0.0	3	128 65 39 20
31	192	0.0	3	75 57 37 23
32	257	0.0	3	92 72 53 40
33	462	0.0	3	43 71 182 166
34	1567	0.0	3	71 828 374 294
35	4786	0.0	3	2632 1066 692 396
36	1186	0.0	3	3 130 775 278
37	314	0.0	3	1 1 133 179
38	156	0.0	3	0 0 1 155
39	2	0.0	3	1 1
41	1	0.0	3	1
44	1	0.0	3	0 0 1
53	1	0.0	3	0 1
65	1	0.0	3	0 0 1


=== First read: Adapter 3 ===

Sequence: ACGTTGGATGTTTGTTACTGTGGTGGATACTAC; Type: regular 5'; Length: 33; Trimmed: 42852 times.

No. of allowed errors:
0-9 bp: 0; 10-19 bp: 1; 20-29 bp: 2; 30-33 bp: 3

Overview of removed sequences
length	count	expect	max.err	error counts
3	2	6524.8	0	2
5	1	407.8	0	1
9	1	1.6	0	1
12	1	0.0	1	1
13	2	0.0	1	0 2
14	10	0.0	1	9 1
15	7	0.0	1	2 5
16	2	0.0	1	0 2
17	5	0.0	1	3 2
18	7	0.0	1	4 3
19	16	0.0	1	10 4 2
20	43	0.0	2	24 15 4
21	30	0.0	2	16 11 3
22	15	0.0	2	4 7 4
23	28	0.0	2	6 9 13
24	203	0.0	2	82 82 39
25	587	0.0	2	284 209 94
26	666	0.0	2	324 201 141
27	1164	0.0	2	661 367 132 4
28	1592	0.0	2	810 515 213 54
29	1127	0.0	2	333 425 279 90
30	2220	0.0	3	587 557 315 761
31	3675	0.0	3	444 574 1396 1261
32	5044	0.0	3	483 1875 1515 1171
33	20385	0.0	3	8518 6337 3353 2177
34	5190	0.0	3	5 2252 1961 972
35	640	0.0	3	6 3 210 421
36	156	0.0	3	0 5 1 150
37	8	0.0	3	2 4 1 1
38	1	0.0	3	1
39	2	0.0	3	0 1 0 1
40	4	0.0	3	1 1 0 2
41	3	0.0	3	2 1
43	3	0.0	3	0 2 0 1
44	1	0.0	3	0 0 0 1
47	1	0.0	3	1
48	2	0.0	3	1 1
49	2	0.0	3	2
51	2	0.0	3	1 0 1
52	3	0.0	3	0 1 0 2
54	1	0.0	3	1


=== First read: Adapter 4 ===

Sequence: ACGTTGGATGTTTGTTACTGTTGTGGATACAAC; Type: regular 5'; Length: 33; Trimmed: 16883 times.

No. of allowed errors:
0-9 bp: 0; 10-19 bp: 1; 20-29 bp: 2; 30-33 bp: 3

Overview of removed sequences
length	count	expect	max.err	error counts
3	21	6524.8	0	21
10	1	0.4	1	1
14	2	0.0	1	0 2
16	1	0.0	1	0 1
18	1	0.0	1	0 1
19	1	0.0	1	0 0 1
20	3	0.0	2	2 1
21	3	0.0	2	1 2
22	2	0.0	2	0 1 1
23	2	0.0	2	2
24	26	0.0	2	9 14 3
25	135	0.0	2	70 44 21
26	101	0.0	2	60 23 18
27	125	0.0	2	67 40 18
28	329	0.0	2	195 98 35 1
29	185	0.0	2	74 61 42 8
30	340	0.0	3	116 119 59 46
31	617	0.0	3	111 102 217 187
32	1794	0.0	3	143 719 429 503
33	11584	0.0	3	5396 2831 2191 1166
34	930	0.0	3	6 410 287 227
35	489	0.0	3	0 3 270 216
36	183	0.0	3	0 0 0 183
38	1	0.0	3	1
39	1	0.0	3	0 0 1
41	2	0.0	3	1 1
42	2	0.0	3	1 1
45	1	0.0	3	0 1
51	1	0.0	3	0 1


=== First read: Adapter 5 ===

Sequence: ACGTTGGATGTTTGTTACCGTTGTTGATACTAC; Type: regular 5'; Length: 33; Trimmed: 28377 times.

No. of allowed errors:
0-9 bp: 0; 10-19 bp: 1; 20-29 bp: 2; 30-33 bp: 3

Overview of removed sequences
length	count	expect	max.err	error counts
11	2	0.1	1	1 1
14	2	0.0	1	2
15	1	0.0	1	0 1
19	8	0.0	1	3 4 1
20	12	0.0	2	8 3 1
21	7	0.0	2	5 1 1
22	2	0.0	2	0 1 1
23	6	0.0	2	0 2 4
24	60	0.0	2	33 14 13
25	173	0.0	2	75 43 55
26	302	0.0	2	103 75 124
27	477	0.0	2	249 135 86 7
28	679	0.0	2	286 206 94 93
29	560	0.0	2	116 148 115 181
30	1926	0.0	3	287 291 178 1170
31	3136	0.0	3	167 254 483 2232
32	5183	0.0	3	185 1114 2419 1465
33	10286	0.0	3	5211 2756 1249 1070
34	1943	0.0	3	1 633 633 676
35	3545	0.0	3	1 0 196 3348
36	62	0.0	3	1 1 0 60
37	2	0.0	3	0 1 1
44	1	0.0	3	0 0 0 1
50	1	0.0	3	0 0 1
53	1	0.0	3	0 0 0 1


=== First read: Adapter 6 ===

Sequence: ACGTTGGATGAATATATGTGTGCTTATTTG; Type: regular 5'; Length: 30; Trimmed: 189 times.

No. of allowed errors:
0-9 bp: 0; 10-19 bp: 1; 20-29 bp: 2; 30 bp: 3

Overview of removed sequences
length	count	expect	max.err	error counts
3	158	6524.8	0	158
4	21	1631.2	0	21
5	1	407.8	0	1
30	9	0.0	3	6 3


=== First read: Adapter 7 ===

Sequence: ACGTTGGATGGAAAAATAAACTGCAAATCATATTC; Type: regular 5'; Length: 35; Trimmed: 81577 times.

No. of allowed errors:
0-9 bp: 0; 10-19 bp: 1; 20-29 bp: 2; 30-35 bp: 3

Overview of removed sequences
length	count	expect	max.err	error counts
5	1	407.8	0	1
17	1	0.0	1	1
18	1	0.0	1	1
20	1	0.0	2	0 0 1
21	1	0.0	2	0 1
24	2	0.0	2	1 0 1
25	4	0.0	2	2 0 2
26	9	0.0	2	6 3
27	6	0.0	2	6
28	11	0.0	2	7 3 0 1
29	69	0.0	2	14 31 16 8
30	410	0.0	3	188 112 69 41
31	299	0.0	3	152 73 40 34
32	1374	0.0	3	152 94 39 1089
33	2324	0.0	3	88 114 1411 711
34	12000	0.0	3	211 8655 2082 1052
35	51337	0.0	3	35008 9241 3820 3268
36	12404	0.0	3	4 9216 1882 1302
37	964	0.0	3	0 0 414 550
38	358	0.0	3	1 0 0 357
61	1	0.0	3	0 1


=== First read: Adapter 8 ===

Sequence: ACGTTGGATGGAAAAATAAACTGTAAATCATATTC; Type: regular 5'; Length: 35; Trimmed: 18238 times.

No. of allowed errors:
0-9 bp: 0; 10-19 bp: 1; 20-29 bp: 2; 30-35 bp: 3

Overview of removed sequences
length	count	expect	max.err	error counts
19	1	0.0	1	0 1
20	1	0.0	2	1
24	2	0.0	2	0 1 1
25	1	0.0	2	1
27	1	0.0	2	1
28	2	0.0	2	0 0 2
29	4	0.0	2	0 1 0 3
30	36	0.0	3	5 18 5 8
31	37	0.0	3	1 16 5 15
32	1901	0.0	3	3 10 8 1880
33	790	0.0	3	3 34 426 327
34	3746	0.0	3	10 2376 641 719
35	8467	0.0	3	1514 3106 1906 1941
36	2550	0.0	3	0 1259 631 660
37	605	0.0	3	0 1 131 473
38	93	0.0	3	0 0 0 93
45	1	0.0	3	0 0 1


=== First read: Adapter 9 ===

Sequence: ACGTTGGATGGAAAAATAAATTGTAAATCATACTC; Type: regular 5'; Length: 35; Trimmed: 26459 times.

No. of allowed errors:
0-9 bp: 0; 10-19 bp: 1; 20-29 bp: 2; 30-35 bp: 3

Overview of removed sequences
length	count	expect	max.err	error counts
27	3	0.0	2	2 1
29	2	0.0	2	0 2
30	13	0.0	3	7 5 1
31	18	0.0	3	12 3 2 1
32	167	0.0	3	7 3 2 155
33	998	0.0	3	7 22 637 332
34	2038	0.0	3	419 1066 363 190
35	22472	0.0	3	14098 3966 1438 2970
36	265	0.0	3	4 82 84 95
37	187	0.0	3	0 0 59 128
38	280	0.0	3	2 1 0 277
42	2	0.0	3	2
43	2	0.0	3	2
44	3	0.0	3	1 0 0 2
45	1	0.0	3	0 0 0 1
46	2	0.0	3	2
48	3	0.0	3	1 1 0 1
49	1	0.0	3	1
56	1	0.0	3	1
65	1	0.0	3	0 0 0 1


=== First read: Adapter 10 ===

Sequence: ACGTTGGATGAGATTAGGGAAAGTATTAGA; Type: regular 5'; Length: 30; Trimmed: 82 times.

No. of allowed errors:
0-9 bp: 0; 10-19 bp: 1; 20-29 bp: 2; 30 bp: 3

Overview of removed sequences
length	count	expect	max.err	error counts
3	78	6524.8	0	78
29	2	0.0	2	0 2
31	1	0.0	3	0 0 0 1
32	1	0.0	3	0 0 1


=== First read: Adapter 11 ===

Sequence: ACGTTGGATGGAAAAATAAATTGTAAATCAAATTC; Type: regular 5'; Length: 35; Trimmed: 12632 times.

No. of allowed errors:
0-9 bp: 0; 10-19 bp: 1; 20-29 bp: 2; 30-35 bp: 3

Overview of removed sequences
length	count	expect	max.err	error counts
5	6	407.8	0	6
29	1	0.0	2	0 0 1
30	5	0.0	3	4 1
31	7	0.0	3	3 2 1 1
32	25	0.0	3	1 2 3 19
33	74	0.0	3	12 7 32 23
34	584	0.0	3	54 187 235 108
35	11400	0.0	3	7370 2283 1123 624
36	242	0.0	3	2 90 68 82
37	53	0.0	3	0 0 17 36
38	233	0.0	3	0 0 0 233
39	1	0.0	3	0 1
40	1	0.0	3	1


=== First read: Adapter 12 ===

Sequence: ACGTTGGATGGAAAAATAAACTGTAAATCATATTCCT; Type: regular 5'; Length: 37; Trimmed: 102870 times.

No. of allowed errors:
0-9 bp: 0; 10-19 bp: 1; 20-29 bp: 2; 30-37 bp: 3

Overview of removed sequences
length	count	expect	max.err	error counts
3	26	6524.8	0	26
4	3	1631.2	0	3
19	4	0.0	1	1 1 2
20	5	0.0	2	2 2 1
21	2	0.0	2	0 0 2
22	2	0.0	2	0 2
24	3	0.0	2	3
25	2	0.0	2	1 1
26	2	0.0	2	0 2
27	1	0.0	2	0 0 1
28	4	0.0	2	0 2 2
29	8	0.0	2	1 4 2 1
30	17	0.0	3	0 3 10 4
31	101	0.0	3	4 49 31 17
32	166	0.0	3	26 71 51 18
33	133	0.0	3	19 57 34 23
34	613	0.0	3	17 71 64 461
35	5660	0.0	3	23 161 4275 1201
36	32231	0.0	3	74 20409 7825 3923
37	41262	0.0	3	11988 19013 6989 3272
38	8082	0.0	3	2 1610 4318 2152
39	12361	0.0	3	1 2 1570 10788
40	2175	0.0	3	1 0 0 2174
41	1	0.0	3	0 0 0 1
44	1	0.0	3	0 1
48	1	0.0	3	0 0 1
50	1	0.0	3	0 1
53	1	0.0	3	0 0 0 1
59	1	0.0	3	0 0 0 1
64	1	0.0	3	0 1


=== Second read: Adapter 13 ===

Sequence: ACGTTGGATGTTTGTTACTATGGTAGATACCACAC; Type: regular 5'; Length: 35; Trimmed: 26784 times.

No. of allowed errors:
0-9 bp: 0; 10-19 bp: 1; 20-29 bp: 2; 30-35 bp: 3

Overview of removed sequences
length	count	expect	max.err	error counts
3	17	6524.8	0	17
4	25	1631.2	0	25
10	2	0.4	1	1 1
14	1	0.0	1	0 1
15	1	0.0	1	1
16	1	0.0	1	1
18	6	0.0	1	5 1
19	3	0.0	1	1 2
20	2	0.0	2	0 1 1
21	4	0.0	2	1 2 1
22	3	0.0	2	1 1 1
23	3	0.0	2	0 3
25	2	0.0	2	0 0 2
26	5	0.0	2	1 2 2
27	8	0.0	2	3 2 3
28	23	0.0	2	5 5 11 2
29	45	0.0	2	9 14 16 6
30	52	0.0	3	8 9 15 20
31	88	0.0	3	12 20 26 30
32	234	0.0	3	11 17 27 179
33	1975	0.0	3	16 28 728 1203
34	5035	0.0	3	16 1703 1613 1703
35	16553	0.0	3	3614 4895 4432 3612
36	1555	0.0	3	3 414 553 585
37	604	0.0	3	0 0 221 383
38	478	0.0	3	0 1 0 477
39	2	0.0	3	0 1 0 1
40	1	0.0	3	0 0 1
42	5	0.0	3	1 1 0 3
43	7	0.0	3	0 1 2 4
44	3	0.0	3	1 0 0 2
45	2	0.0	3	0 0 2
46	7	0.0	3	2 1 2 2
47	7	0.0	3	1 4 0 2
48	3	0.0	3	0 0 1 2
49	2	0.0	3	0 2
50	1	0.0	3	0 0 0 1
51	2	0.0	3	0 0 1 1
52	2	0.0	3	0 0 0 2
53	3	0.0	3	1 2
54	1	0.0	3	0 1
55	8	0.0	3	1 2 4 1
59	1	0.0	3	0 1
66	1	0.0	3	0 1
78	1	0.0	3	1


=== Second read: Adapter 14 ===

Sequence: ACGTTGGATGTTTGTTACTGTGGTGGATACTAC; Type: regular 5'; Length: 33; Trimmed: 64702 times.

No. of allowed errors:
0-9 bp: 0; 10-19 bp: 1; 20-29 bp: 2; 30-33 bp: 3

Overview of removed sequences
length	count	expect	max.err	error counts
3	26	6524.8	0	26
4	2	1631.2	0	2
5	3	407.8	0	3
6	1	101.9	0	1
13	1	0.0	1	0 1
14	2	0.0	1	1 1
16	3	0.0	1	1 2
17	6	0.0	1	3 3
18	3	0.0	1	0 3
19	8	0.0	1	5 3
20	17	0.0	2	5 7 5
21	3	0.0	2	0 1 2
22	5	0.0	2	0 3 2
23	4	0.0	2	0 0 4
24	34	0.0	2	12 11 11
25	61	0.0	2	8 28 25
26	127	0.0	2	41 39 47
27	134	0.0	2	41 55 37 1
28	165	0.0	2	58 65 37 5
29	202	0.0	2	31 69 73 29
30	3897	0.0	3	40 92 119 3646
31	6237	0.0	3	119 142 2088 3888
32	13380	0.0	3	68 3364 5050 4898
33	29072	0.0	3	9659 9382 5973 4058
34	9448	0.0	3	1 3150 3684 2613
35	861	0.0	3	1 1 247 612
36	247	0.0	3	1 3 0 243
37	7	0.0	3	1 2 2 2
38	12	0.0	3	0 0 0 12
39	27	0.0	3	1 1 3 22
40	34	0.0	3	2 8 12 12
41	121	0.0	3	30 29 30 32
42	84	0.0	3	19 26 19 20
43	30	0.0	3	3 7 10 10
44	57	0.0	3	14 18 15 10
45	51	0.0	3	11 15 8 17
46	40	0.0	3	7 9 4 20
47	28	0.0	3	1 8 6 13
48	30	0.0	3	2 2 8 18
49	48	0.0	3	14 8 5 21
50	31	0.0	3	6 4 10 11
51	46	0.0	3	8 12 13 13
52	32	0.0	3	11 5 9 7
53	28	0.0	3	7 13 6 2
54	16	0.0	3	0 7 6 3
55	10	0.0	3	1 2 4 3
56	9	0.0	3	1 4 3 1
57	4	0.0	3	1 0 3
58	3	0.0	3	0 2 0 1
60	2	0.0	3	0 0 1 1
64	1	0.0	3	1
65	2	0.0	3	1 0 1


=== Second read: Adapter 15 ===

Sequence: ACGTTGGATGTTTGTTACTGTTGTGGATACAAC; Type: regular 5'; Length: 33; Trimmed: 29933 times.

No. of allowed errors:
0-9 bp: 0; 10-19 bp: 1; 20-29 bp: 2; 30-33 bp: 3

Overview of removed sequences
length	count	expect	max.err	error counts
3	874	6524.8	0	874
4	1	1631.2	0	1
5	5	407.8	0	5
16	1	0.0	1	0 1
17	1	0.0	1	1
19	1	0.0	1	0 0 1
21	3	0.0	2	1 1 1
24	8	0.0	2	4 0 4
25	12	0.0	2	2 5 5
26	18	0.0	2	4 7 7
27	25	0.0	2	5 12 8
28	39	0.0	2	16 13 10
29	49	0.0	2	11 12 20 6
30	152	0.0	3	22 24 31 75
31	1458	0.0	3	37 27 443 951
32	6333	0.0	3	24 1962 1893 2454
33	17433	0.0	3	4382 4125 5531 3395
34	1863	0.0	3	2 494 660 707
35	838	0.0	3	0 0 354 484
36	326	0.0	3	0 0 0 326
38	1	0.0	3	0 0 1
39	1	0.0	3	0 0 1
40	13	0.0	3	2 2 1 8
41	87	0.0	3	16 21 32 18
42	51	0.0	3	10 23 7 11
43	15	0.0	3	2 5 4 4
44	43	0.0	3	8 13 11 11
45	35	0.0	3	5 13 7 10
46	13	0.0	3	4 2 4 3
47	7	0.0	3	1 2 2 2
48	22	0.0	3	3 8 7 4
49	36	0.0	3	8 10 11 7
50	26	0.0	3	5 9 5 7
51	27	0.0	3	1 9 8 9
52	34	0.0	3	11 9 7 7
53	41	0.0	3	13 10 12 6
54	12	0.0	3	2 3 5 2
55	9	0.0	3	1 2 1 5
56	7	0.0	3	0 4 2 1
57	3	0.0	3	1 1 1
58	3	0.0	3	1 1 0 1
60	1	0.0	3	0 1
64	2	0.0	3	1 1
65	4	0.0	3	2 0 2


=== Second read: Adapter 16 ===

Sequence: ACGTTGGATGTTTGTTACCGTTGTTGATACTAC; Type: regular 5'; Length: 33; Trimmed: 35808 times.

No. of allowed errors:
0-9 bp: 0; 10-19 bp: 1; 20-29 bp: 2; 30-33 bp: 3

Overview of removed sequences
length	count	expect	max.err	error counts
14	1	0.0	1	1
16	2	0.0	1	1 1
17	1	0.0	1	0 1
18	3	0.0	1	0 2 1
19	3	0.0	1	0 2 1
20	4	0.0	2	1 1 2
21	4	0.0	2	1 1 2
22	2	0.0	2	1 0 1
24	9	0.0	2	4 1 4
25	28	0.0	2	3 10 15
26	71	0.0	2	21 25 25
27	60	0.0	2	19 14 26 1
28	144	0.0	2	27 40 41 36
29	164	0.0	2	28 34 40 62
30	2869	0.0	3	35 79 74 2681
31	3365	0.0	3	70 74 512 2709
32	9100	0.0	3	28 1889 3624 3559
33	14145	0.0	3	5389 4299 2669 1788
34	2912	0.0	3	0 782 1119 1011
35	2599	0.0	3	2 2 264 2331
36	127	0.0	3	0 0 0 127
38	2	0.0	3	0 0 0 2
39	8	0.0	3	0 0 2 6
40	6	0.0	3	1 1 4
41	30	0.0	3	6 12 7 5
42	17	0.0	3	2 8 1 6
43	10	0.0	3	1 3 4 2
44	18	0.0	3	4 1 2 11
45	14	0.0	3	4 3 5 2
46	8	0.0	3	2 1 3 2
47	11	0.0	3	0 2 5 4
48	8	0.0	3	1 0 4 3
49	9	0.0	3	1 0 4 4
50	11	0.0	3	0 3 3 5
51	5	0.0	3	1 3 0 1
52	11	0.0	3	2 1 2 6
53	3	0.0	3	0 0 2 1
54	6	0.0	3	0 1 5
55	6	0.0	3	2 2 2
56	3	0.0	3	0 0 1 2
57	3	0.0	3	0 0 2 1
58	3	0.0	3	1 0 0 2
61	1	0.0	3	1
64	1	0.0	3	0 0 1
65	1	0.0	3	1


=== Second read: Adapter 17 ===

Sequence: ACGTTGGATGAATATATGTGTGCTTATTTG; Type: regular 5'; Length: 30; Trimmed: 511 times.

No. of allowed errors:
0-9 bp: 0; 10-19 bp: 1; 20-29 bp: 2; 30 bp: 3

Overview of removed sequences
length	count	expect	max.err	error counts
3	469	6524.8	0	469
4	17	1631.2	0	17
5	4	407.8	0	4
6	3	101.9	0	3
29	1	0.0	2	0 0 1
30	17	0.0	3	5 5 4 3


=== Second read: Adapter 18 ===

Sequence: ACGTTGGATGTTTGTTACTAAGGTAGATACCACTC; Type: regular 5'; Length: 35; Trimmed: 9561 times.

No. of allowed errors:
0-9 bp: 0; 10-19 bp: 1; 20-29 bp: 2; 30-35 bp: 3

Overview of removed sequences
length	count	expect	max.err	error counts
3	9	6524.8	0	9
4	7	1631.2	0	7
11	1	0.1	1	0 1
12	1	0.0	1	1
18	1	0.0	1	1
19	1	0.0	1	1
20	3	0.0	2	1 1 1
21	3	0.0	2	0 1 2
22	4	0.0	2	2 1 1
23	3	0.0	2	1 1 1
24	1	0.0	2	0 0 1
25	1	0.0	2	0 1
26	3	0.0	2	1 1 1
27	7	0.0	2	3 3 1
28	7	0.0	2	2 3 2
29	10	0.0	2	3 3 3 1
30	29	0.0	3	6 8 8 7
31	53	0.0	3	13 9 19 12
32	70	0.0	3	12 12 10 36
33	1046	0.0	3	13 26 292 715
34	1265	0.0	3	12 419 393 441
35	5232	0.0	3	1674 1437 1177 944
36	1289	0.0	3	2 69 692 526
37	349	0.0	3	0 0 115 234
38	138	0.0	3	0 0 0 138
41	1	0.0	3	0 0 0 1
42	1	0.0	3	0 0 0 1
43	4	0.0	3	1 2 1
44	5	0.0	3	1 0 0 4
45	1	0.0	3	0 0 0 1
46	5	0.0	3	1 1 2 1
47	1	0.0	3	0 1
48	3	0.0	3	1 1 0 1
50	1	0.0	3	0 0 1
51	1	0.0	3	1
52	1	0.0	3	0 0 1
53	1	0.0	3	0 1
54	2	0.0	3	1 1
55	1	0.0	3	1


=== Second read: Adapter 19 ===

Sequence: ACGTTGGATGGAAAAATAAACTGCAAATCATATTC; Type: regular 5'; Length: 35; Trimmed: 25726 times.

No. of allowed errors:
0-9 bp: 0; 10-19 bp: 1; 20-29 bp: 2; 30-35 bp: 3

Overview of removed sequences
length	count	expect	max.err	error counts
3	49	6524.8	0	49
4	1	1631.2	0	1
5	1	407.8	0	1
6	1	101.9	0	1
14	1	0.0	1	1
17	2	0.0	1	1 1
18	5	0.0	1	4 1
19	3	0.0	1	0 3
23	1	0.0	2	0 0 1
24	1	0.0	2	0 1
25	2	0.0	2	0 1 1
26	2	0.0	2	0 1 1
27	7	0.0	2	1 1 2 3
28	7	0.0	2	2 0 1 4
29	9	0.0	2	1 1 4 3
30	53	0.0	3	20 10 11 12
31	57	0.0	3	15 20 12 10
32	381	0.0	3	19 16 14 332
33	752	0.0	3	15 16 403 318
34	2979	0.0	3	21 1261 897 800
35	18105	0.0	3	7617 4857 3051 2580
36	2882	0.0	3	0 1311 855 716
37	275	0.0	3	0 0 103 172
38	112	0.0	3	0 0 0 112
42	2	0.0	3	0 0 1 1
43	7	0.0	3	3 1 2 1
44	5	0.0	3	2 1 1 1
45	3	0.0	3	0 2 1
47	6	0.0	3	1 1 1 3
48	1	0.0	3	0 1
49	5	0.0	3	0 3 2
50	3	0.0	3	0 2 1
51	2	0.0	3	0 2
53	2	0.0	3	0 2
55	1	0.0	3	0 0 1
66	1	0.0	3	0 0 0 1


=== Second read: Adapter 20 ===

Sequence: ACGTTGGATGAGATTAGGGAAAGTATTAGA; Type: regular 5'; Length: 30; Trimmed: 73 times.

No. of allowed errors:
0-9 bp: 0; 10-19 bp: 1; 20-29 bp: 2; 30 bp: 3

Overview of removed sequences
length	count	expect	max.err	error counts
3	68	6524.8	0	68
4	4	1631.2	0	4
5	1	407.8	0	1


=== Second read: Adapter 21 ===

Sequence: ACGTTGGATGGAAAAATAAATTGTAAATCATACTC; Type: regular 5'; Length: 35; Trimmed: 9135 times.

No. of allowed errors:
0-9 bp: 0; 10-19 bp: 1; 20-29 bp: 2; 30-35 bp: 3

Overview of removed sequences
length	count	expect	max.err	error counts
5	2	407.8	0	2
19	6	0.0	1	1 4 1
21	2	0.0	2	1 1
22	5	0.0	2	1 2 2
23	2	0.0	2	0 0 2
25	2	0.0	2	0 1 1
26	1	0.0	2	0 0 1
29	4	0.0	2	0 2 0 2
30	13	0.0	3	4 3 1 5
31	15	0.0	3	5 5 2 3
32	75	0.0	3	3 0 1 71
33	448	0.0	3	1 4 148 295
34	1060	0.0	3	27 394 254 385
35	6990	0.0	3	2633 1763 1125 1469
36	254	0.0	3	0 34 104 116
37	91	0.0	3	0 0 21 70
38	87	0.0	3	1 0 0 86
40	1	0.0	3	0 0 1
41	1	0.0	3	0 1
42	3	0.0	3	0 2 0 1
43	11	0.0	3	2 3 4 2
44	10	0.0	3	3 2 1 4
45	2	0.0	3	1 1
46	3	0.0	3	0 2 1
47	10	0.0	3	2 0 1 7
48	3	0.0	3	1 1 1
49	7	0.0	3	2 2 0 3
50	8	0.0	3	3 0 3 2
51	4	0.0	3	0 2 0 2
52	2	0.0	3	0 0 1 1
53	1	0.0	3	1
54	3	0.0	3	2 0 1
55	1	0.0	3	1
57	1	0.0	3	1
58	2	0.0	3	2
61	2	0.0	3	0 1 0 1
62	2	0.0	3	2
67	1	0.0	3	0 0 0 1


=== Second read: Adapter 22 ===

Sequence: ACGTTGGATGGAAAAATAAACTGTAAATCATATTCCT; Type: regular 5'; Length: 37; Trimmed: 34438 times.

No. of allowed errors:
0-9 bp: 0; 10-19 bp: 1; 20-29 bp: 2; 30-37 bp: 3

Overview of removed sequences
length	count	expect	max.err	error counts
3	249	6524.8	0	249
4	740	1631.2	0	740
5	1	407.8	0	1
6	1	101.9	0	1
14	2	0.0	1	0 2
18	2	0.0	1	0 1 1
19	5	0.0	1	0 3 2
20	10	0.0	2	2 1 7
21	6	0.0	2	1 2 3
22	3	0.0	2	0 0 3
23	5	0.0	2	1 3 1
26	1	0.0	2	0 1
27	2	0.0	2	1 1
29	1	0.0	2	0 0 1
30	3	0.0	3	0 0 3
31	18	0.0	3	0 5 9 4
32	45	0.0	3	2 15 15 13
33	52	0.0	3	6 27 10 9
34	309	0.0	3	5 17 18 269
35	1744	0.0	3	3 28 976 737
36	10483	0.0	3	11 4661 3476 2335
37	14539	0.0	3	2580 5476 3973 2510
38	2002	0.0	3	1 291 910 800
39	3688	0.0	3	0 0 402 3286
40	420	0.0	3	0 0 0 420
42	1	0.0	3	0 0 1
43	3	0.0	3	0 0 1 2
44	8	0.0	3	0 4 1 3
45	19	0.0	3	2 5 8 4
46	9	0.0	3	0 2 2 5
47	5	0.0	3	0 1 2 2
48	9	0.0	3	0 3 5 1
49	4	0.0	3	0 1 2 1
50	7	0.0	3	0 2 1 4
51	5	0.0	3	0 2 2 1
52	8	0.0	3	2 3 2 1
53	2	0.0	3	0 0 1 1
54	7	0.0	3	0 2 4 1
55	4	0.0	3	0 1 2 1
56	5	0.0	3	0 3 0 2
57	3	0.0	3	0 2 1
58	3	0.0	3	0 1 1 1
59	2	0.0	3	0 0 0 2
60	1	0.0	3	0 0 0 1
63	1	0.0	3	1
69	1	0.0	3	0 1


=== Second read: Adapter 23 ===

Sequence: ACGTTGGATGGAAAAATAAACTGTAAATCATATTC; Type: regular 5'; Length: 35; Trimmed: 9506 times.

No. of allowed errors:
0-9 bp: 0; 10-19 bp: 1; 20-29 bp: 2; 30-35 bp: 3

Overview of removed sequences
length	count	expect	max.err	error counts
17	1	0.0	1	0 1
18	2	0.0	1	0 2
19	2	0.0	1	1 1
22	1	0.0	2	0 0 1
26	1	0.0	2	1
28	1	0.0	2	0 0 0 1
29	3	0.0	2	1 0 2
30	12	0.0	3	1 3 4 4
31	21	0.0	3	1 7 1 12
32	626	0.0	3	1 5 3 617
33	377	0.0	3	1 13 164 199
34	1455	0.0	3	2 396 326 731
35	5696	0.0	3	377 1944 1278 2097
36	1123	0.0	3	0 342 355 426
37	132	0.0	3	0 0 19 113
38	32	0.0	3	0 0 0 32
40	1	0.0	3	0 0 0 1
42	2	0.0	3	0 1 0 1
43	6	0.0	3	0 1 0 5
44	4	0.0	3	0 0 0 4
47	1	0.0	3	0 0 0 1
48	1	0.0	3	0 0 0 1
49	1	0.0	3	0 0 0 1
50	1	0.0	3	0 1
51	1	0.0	3	0 1
52	1	0.0	3	0 0 0 1
53	2	0.0	3	0 0 1 1


=== Second read: Adapter 24 ===

Sequence: ACGTTGGATGGAAAAATAAATTGTAAATCAAATTC; Type: regular 5'; Length: 35; Trimmed: 5617 times.

No. of allowed errors:
0-9 bp: 0; 10-19 bp: 1; 20-29 bp: 2; 30-35 bp: 3

Overview of removed sequences
length	count	expect	max.err	error counts
5	4	407.8	0	4
6	5	101.9	0	5
11	1	0.1	1	0 1
18	1	0.0	1	0 1
22	4	0.0	2	2 2
24	1	0.0	2	1
26	1	0.0	2	0 1
30	4	0.0	3	1 1 2
31	15	0.0	3	5 2 4 4
32	19	0.0	3	2 0 1 16
33	41	0.0	3	7 2 20 12
34	388	0.0	3	6 99 179 104
35	4787	0.0	3	2021 1389 815 562
36	181	0.0	3	0 49 62 70
37	71	0.0	3	2 2 36 31
38	84	0.0	3	0 0 0 84
42	1	0.0	3	0 0 1
43	4	0.0	3	2 1 0 1
44	1	0.0	3	0 0 0 1
45	1	0.0	3	1
47	1	0.0	3	1
53	1	0.0	3	0 1
56	1	0.0	3	0 1
