This is cutadapt 2.6 with Python 3.7.3
Command line parameters: -g ACGTTGGATGTTTGTTACTATGGTAGATACCACAC -g ACGTTGGATGTTTGTTACTAAGGTAGATACCACTC -g ACGTTGGATGTTTGTTACTGTGGTGGATACTAC -g ACGTTGGATGTTTGTTACTGTTGTGGATACAAC -g ACGTTGGATGTTTGTTACCGTTGTTGATACTAC -g ACGTTGGATGAATATATGTGTGCTTATTTG -G ACGTTGGATGTTTGTTACTATGGTAGATACCACAC -G ACGTTGGATGTTTGTTACTGTGGTGGATACTAC -G ACGTTGGATGTTTGTTACTGTTGTGGATACAAC -G ACGTTGGATGTTTGTTACCGTTGTTGATACTAC -G ACGTTGGATGAATATATGTGTGCTTATTTG -G ACGTTGGATGTTTGTTACTAAGGTAGATACCACTC -g ACGTTGGATGGAAAAATAAACTGCAAATCATATTC -g ACGTTGGATGGAAAAATAAACTGTAAATCATATTC -g ACGTTGGATGGAAAAATAAATTGTAAATCATACTC -g ACGTTGGATGAGATTAGGGAAAGTATTAGA -g ACGTTGGATGGAAAAATAAATTGTAAATCAAATTC -g ACGTTGGATGGAAAAATAAACTGTAAATCATATTCCT -G ACGTTGGATGGAAAAATAAACTGCAAATCATATTC -G ACGTTGGATGAGATTAGGGAAAGTATTAGA -G ACGTTGGATGGAAAAATAAATTGTAAATCATACTC -G ACGTTGGATGGAAAAATAAACTGTAAATCATATTCCT -G ACGTTGGATGGAAAAATAAACTGTAAATCATATTC -G ACGTTGGATGGAAAAATAAATTGTAAATCAAATTC --minimum-length=1 -o /data/projects/mdc-971/reprocess_June_2019_data/analysis/30.primer_trimmed/180407_S49_cutadapt.1.fq.gz -p /data/projects/mdc-971/reprocess_June_2019_data/analysis/30.primer_trimmed/180407_S49_cutadapt.2.fq.gz /data/projects/mdc-971/reprocess_June_2019_data/analysis/20.adapter_trimmed/180407_S49_R1_001.bbduked.trimmed.fastq.gz /data/projects/mdc-971/reprocess_June_2019_data/analysis/20.adapter_trimmed/180407_S49_R2_001.bbduked.trimmed.fastq.gz
Processing reads on 1 core in paired-end mode ...
Finished in 116.45 s (392 us/read; 0.15 M reads/minute).

=== Summary ===

Total read pairs processed:            296,896
  Read 1 with adapter:                 257,014 (86.6%)
  Read 2 with adapter:                 198,663 (66.9%)
Pairs that were too short:                   0 (0.0%)
Pairs written (passing filters):       296,896 (100.0%)

Total basepairs processed:    88,192,567 bp
  Read 1:    43,658,219 bp
  Read 2:    44,534,348 bp
Total written (filtered):     72,548,681 bp (82.3%)
  Read 1:    34,735,683 bp
  Read 2:    37,812,998 bp

=== First read: Adapter 1 ===

Sequence: ACGTTGGATGTTTGTTACTATGGTAGATACCACAC; Type: regular 5'; Length: 35; Trimmed: 27030 times.

No. of allowed errors:
0-9 bp: 0; 10-19 bp: 1; 20-29 bp: 2; 30-35 bp: 3

Overview of removed sequences
length	count	expect	max.err	error counts
3	7	4639.0	0	7
4	1	1159.8	0	1
5	1	289.9	0	1
10	1	0.3	1	1
11	2	0.1	1	1 1
14	4	0.0	1	2 2
15	1	0.0	1	0 1
16	1	0.0	1	1
18	4	0.0	1	0 3 1
19	2	0.0	1	0 2
21	1	0.0	2	0 0 1
22	5	0.0	2	4 1
23	9	0.0	2	7 2
24	1	0.0	2	0 1
25	6	0.0	2	1 2 3
26	35	0.0	2	8 17 10
27	60	0.0	2	24 23 13
28	115	0.0	2	44 40 26 5
29	243	0.0	2	101 82 43 17
30	449	0.0	3	172 144 77 56
31	305	0.0	3	69 117 75 44
32	600	0.0	3	117 170 142 171
33	1539	0.0	3	133 180 681 545
34	4576	0.0	3	129 2016 1394 1037
35	15575	0.0	3	5639 5345 2722 1869
36	2426	0.0	3	11 658 1188 569
37	568	0.0	3	1 0 269 298
38	482	0.0	3	0 1 0 481
39	3	0.0	3	0 0 0 3
43	2	0.0	3	0 0 2
48	2	0.0	3	2
54	1	0.0	3	1
56	1	0.0	3	0 1
61	1	0.0	3	0 0 1
66	1	0.0	3	0 0 1


=== First read: Adapter 2 ===

Sequence: ACGTTGGATGTTTGTTACTAAGGTAGATACCACTC; Type: regular 5'; Length: 35; Trimmed: 8238 times.

No. of allowed errors:
0-9 bp: 0; 10-19 bp: 1; 20-29 bp: 2; 30-35 bp: 3

Overview of removed sequences
length	count	expect	max.err	error counts
3	1	4639.0	0	1
13	1	0.0	1	1
18	1	0.0	1	1
19	1	0.0	1	1
20	1	0.0	2	0 1
22	1	0.0	2	1
23	4	0.0	2	4
25	1	0.0	2	0 0 1
26	3	0.0	2	2 1
27	10	0.0	2	6 3 1
28	23	0.0	2	9 8 5 1
29	45	0.0	2	9 24 9 3
30	80	0.0	3	33 24 18 5
31	65	0.0	3	22 20 16 7
32	107	0.0	3	23 33 19 32
33	272	0.0	3	23 36 114 99
34	1617	0.0	3	55 909 401 252
35	4187	0.0	3	2421 914 525 327
36	1350	0.0	3	0 791 361 198
37	239	0.0	3	0 0 126 113
38	226	0.0	3	0 0 0 226
50	2	0.0	3	1 0 0 1
53	1	0.0	3	0 1


=== First read: Adapter 3 ===

Sequence: ACGTTGGATGTTTGTTACTGTGGTGGATACTAC; Type: regular 5'; Length: 33; Trimmed: 33582 times.

No. of allowed errors:
0-9 bp: 0; 10-19 bp: 1; 20-29 bp: 2; 30-33 bp: 3

Overview of removed sequences
length	count	expect	max.err	error counts
3	5	4639.0	0	5
13	1	0.0	1	1
14	4	0.0	1	2 2
15	3	0.0	1	2 1
16	4	0.0	1	0 4
17	3	0.0	1	2 1
18	7	0.0	1	3 4
19	9	0.0	1	7 2
20	31	0.0	2	23 7 1
21	22	0.0	2	14 5 3
22	15	0.0	2	5 6 4
23	14	0.0	2	2 6 6
24	151	0.0	2	81 45 25
25	419	0.0	2	208 144 67
26	517	0.0	2	276 165 76
27	1160	0.0	2	761 299 98 2
28	1658	0.0	2	938 514 201 5
29	975	0.0	2	348 364 232 31
30	2426	0.0	3	816 677 335 598
31	2305	0.0	3	446 505 728 626
32	3833	0.0	3	345 1454 1102 932
33	15612	0.0	3	6671 4602 2551 1788
34	3804	0.0	3	3 1700 1367 734
35	464	0.0	3	2 4 245 213
36	115	0.0	3	2 1 0 112
37	7	0.0	3	3 2 0 2
38	1	0.0	3	1
39	1	0.0	3	0 1
41	4	0.0	3	1 1 1 1
42	1	0.0	3	1
43	1	0.0	3	1
44	4	0.0	3	0 2 1 1
46	1	0.0	3	0 1
47	1	0.0	3	0 0 1
48	1	0.0	3	1
52	1	0.0	3	0 0 0 1
57	1	0.0	3	0 0 1
60	1	0.0	3	0 0 1


=== First read: Adapter 4 ===

Sequence: ACGTTGGATGTTTGTTACTGTTGTGGATACAAC; Type: regular 5'; Length: 33; Trimmed: 14369 times.

No. of allowed errors:
0-9 bp: 0; 10-19 bp: 1; 20-29 bp: 2; 30-33 bp: 3

Overview of removed sequences
length	count	expect	max.err	error counts
3	28	4639.0	0	28
18	2	0.0	1	0 2
19	3	0.0	1	2 0 1
20	2	0.0	2	1 1
21	3	0.0	2	1 2
22	1	0.0	2	0 1
23	1	0.0	2	0 0 1
24	23	0.0	2	12 8 3
25	89	0.0	2	32 36 21
26	101	0.0	2	55 35 11
27	126	0.0	2	74 33 19
28	264	0.0	2	160 71 31 2
29	185	0.0	2	90 60 29 6
30	287	0.0	3	110 88 53 36
31	536	0.0	3	89 109 185 153
32	1707	0.0	3	132 713 436 426
33	9553	0.0	3	4616 2363 1671 903
34	801	0.0	3	5 350 249 197
35	451	0.0	3	0 1 263 187
36	200	0.0	3	1 0 0 199
41	1	0.0	3	1
42	1	0.0	3	1
44	1	0.0	3	0 0 1
46	1	0.0	3	0 1
48	1	0.0	3	0 1
64	1	0.0	3	0 0 0 1


=== First read: Adapter 5 ===

Sequence: ACGTTGGATGTTTGTTACCGTTGTTGATACTAC; Type: regular 5'; Length: 33; Trimmed: 13490 times.

No. of allowed errors:
0-9 bp: 0; 10-19 bp: 1; 20-29 bp: 2; 30-33 bp: 3

Overview of removed sequences
length	count	expect	max.err	error counts
14	1	0.0	1	1
16	1	0.0	1	0 1
19	1	0.0	1	0 1
20	4	0.0	2	3 1
21	2	0.0	2	1 1
22	2	0.0	2	0 1 1
23	1	0.0	2	0 1
24	19	0.0	2	12 4 3
25	64	0.0	2	34 22 8
26	72	0.0	2	37 22 13
27	184	0.0	2	110 49 25
28	296	0.0	2	158 87 43 8
29	192	0.0	2	54 65 59 14
30	1045	0.0	3	170 163 86 626
31	931	0.0	3	126 140 247 418
32	2887	0.0	3	115 639 1321 812
33	6031	0.0	3	3095 1661 792 483
34	1294	0.0	3	1 391 631 271
35	424	0.0	3	1 0 144 279
36	31	0.0	3	0 0 0 31
37	3	0.0	3	3
38	1	0.0	3	1
40	1	0.0	3	0 1
44	2	0.0	3	0 1 1
51	1	0.0	3	0 0 1


=== First read: Adapter 6 ===

Sequence: ACGTTGGATGAATATATGTGTGCTTATTTG; Type: regular 5'; Length: 30; Trimmed: 102 times.

No. of allowed errors:
0-9 bp: 0; 10-19 bp: 1; 20-29 bp: 2; 30 bp: 3

Overview of removed sequences
length	count	expect	max.err	error counts
3	86	4639.0	0	86
4	7	1159.8	0	7
5	1	289.9	0	1
28	1	0.0	2	0 1
30	7	0.0	3	6 1


=== First read: Adapter 7 ===

Sequence: ACGTTGGATGGAAAAATAAACTGCAAATCATATTC; Type: regular 5'; Length: 35; Trimmed: 49698 times.

No. of allowed errors:
0-9 bp: 0; 10-19 bp: 1; 20-29 bp: 2; 30-35 bp: 3

Overview of removed sequences
length	count	expect	max.err	error counts
3	1	4639.0	0	1
23	2	0.0	2	1 0 1
24	2	0.0	2	1 1
25	4	0.0	2	2 1 1
26	3	0.0	2	2 0 1
27	4	0.0	2	3 1
28	10	0.0	2	3 0 6 1
29	38	0.0	2	9 11 12 6
30	166	0.0	3	66 59 26 15
31	169	0.0	3	69 50 26 24
32	716	0.0	3	56 43 31 586
33	2225	0.0	3	33 55 1448 689
34	8296	0.0	3	104 6025 1447 720
35	28822	0.0	3	18917 5347 2341 2217
36	7902	0.0	3	3 5402 1341 1156
37	810	0.0	3	0 0 285 525
38	526	0.0	3	0 1 0 525
39	1	0.0	3	1
60	1	0.0	3	0 0 0 1


=== First read: Adapter 8 ===

Sequence: ACGTTGGATGGAAAAATAAACTGTAAATCATATTC; Type: regular 5'; Length: 35; Trimmed: 13465 times.

No. of allowed errors:
0-9 bp: 0; 10-19 bp: 1; 20-29 bp: 2; 30-35 bp: 3

Overview of removed sequences
length	count	expect	max.err	error counts
22	1	0.0	2	0 0 1
23	1	0.0	2	0 0 1
24	3	0.0	2	1 1 1
26	1	0.0	2	0 1
27	2	0.0	2	0 2
28	1	0.0	2	0 0 1
29	2	0.0	2	0 1 0 1
30	14	0.0	3	2 1 5 6
31	17	0.0	3	4 2 2 9
32	1212	0.0	3	0 1 18 1193
33	1388	0.0	3	1 7 995 385
34	2651	0.0	3	13 1636 446 556
35	6085	0.0	3	1902 1533 1259 1391
36	1444	0.0	3	1 364 502 577
37	479	0.0	3	0 0 121 358
38	161	0.0	3	0 0 0 161
39	1	0.0	3	0 0 0 1
42	1	0.0	3	1
55	1	0.0	3	0 0 1


=== First read: Adapter 9 ===

Sequence: ACGTTGGATGGAAAAATAAATTGTAAATCATACTC; Type: regular 5'; Length: 35; Trimmed: 18370 times.

No. of allowed errors:
0-9 bp: 0; 10-19 bp: 1; 20-29 bp: 2; 30-35 bp: 3

Overview of removed sequences
length	count	expect	max.err	error counts
18	1	0.0	1	0 1
27	4	0.0	2	0 2 2
28	1	0.0	2	0 1
29	4	0.0	2	1 3
30	15	0.0	3	9 4 1 1
31	45	0.0	3	33 8 2 2
32	99	0.0	3	12 6 2 79
33	515	0.0	3	17 22 310 166
34	1454	0.0	3	359 732 241 122
35	15665	0.0	3	9868 2820 1079 1898
36	221	0.0	3	0 99 58 64
37	118	0.0	3	3 0 38 77
38	220	0.0	3	1 0 0 219
39	1	0.0	3	1
45	2	0.0	3	2
46	1	0.0	3	1
47	1	0.0	3	1
48	1	0.0	3	1
53	1	0.0	3	1
55	1	0.0	3	1


=== First read: Adapter 10 ===

Sequence: ACGTTGGATGAGATTAGGGAAAGTATTAGA; Type: regular 5'; Length: 30; Trimmed: 86 times.

No. of allowed errors:
0-9 bp: 0; 10-19 bp: 1; 20-29 bp: 2; 30 bp: 3

Overview of removed sequences
length	count	expect	max.err	error counts
3	82	4639.0	0	82
4	2	1159.8	0	2
30	2	0.0	3	1 0 1


=== First read: Adapter 11 ===

Sequence: ACGTTGGATGGAAAAATAAATTGTAAATCAAATTC; Type: regular 5'; Length: 35; Trimmed: 7494 times.

No. of allowed errors:
0-9 bp: 0; 10-19 bp: 1; 20-29 bp: 2; 30-35 bp: 3

Overview of removed sequences
length	count	expect	max.err	error counts
27	1	0.0	2	1
29	1	0.0	2	0 1
30	2	0.0	3	0 2
31	4	0.0	3	2 2
32	16	0.0	3	0 1 1 14
33	49	0.0	3	5 2 22 20
34	264	0.0	3	14 123 71 56
35	6888	0.0	3	4326 1495 696 371
36	135	0.0	3	3 47 32 53
37	58	0.0	3	0 0 28 30
38	75	0.0	3	0 0 0 75
43	1	0.0	3	1


=== First read: Adapter 12 ===

Sequence: ACGTTGGATGGAAAAATAAACTGTAAATCATATTCCT; Type: regular 5'; Length: 37; Trimmed: 71090 times.

No. of allowed errors:
0-9 bp: 0; 10-19 bp: 1; 20-29 bp: 2; 30-37 bp: 3

Overview of removed sequences
length	count	expect	max.err	error counts
3	18	4639.0	0	18
4	3	1159.8	0	3
14	1	0.0	1	0 1
20	6	0.0	2	5 1
21	1	0.0	2	1
22	1	0.0	2	0 1
23	1	0.0	2	0 1
25	2	0.0	2	0 2
27	4	0.0	2	0 4
28	1	0.0	2	0 0 1
29	2	0.0	2	0 1 1
30	12	0.0	3	0 4 4 4
31	33	0.0	3	1 11 15 6
32	109	0.0	3	10 54 31 14
33	98	0.0	3	13 42 28 15
34	238	0.0	3	12 30 56 140
35	4227	0.0	3	21 74 3225 907
36	17600	0.0	3	75 10910 4421 2194
37	32099	0.0	3	10204 14438 5078 2379
38	8612	0.0	3	4 1180 4981 2447
39	6856	0.0	3	1 0 1593 5262
40	1163	0.0	3	0 1 1 1161
43	1	0.0	3	0 0 0 1
53	1	0.0	3	0 1
66	1	0.0	3	0 1


=== Second read: Adapter 13 ===

Sequence: ACGTTGGATGTTTGTTACTATGGTAGATACCACAC; Type: regular 5'; Length: 35; Trimmed: 29564 times.

No. of allowed errors:
0-9 bp: 0; 10-19 bp: 1; 20-29 bp: 2; 30-35 bp: 3

Overview of removed sequences
length	count	expect	max.err	error counts
3	9	4639.0	0	9
4	14	1159.8	0	14
9	2	1.1	0	2
10	1	0.3	1	0 1
11	1	0.1	1	0 1
12	1	0.0	1	0 1
14	1	0.0	1	1
16	1	0.0	1	1
19	4	0.0	1	1 2 1
20	3	0.0	2	1 0 2
21	1	0.0	2	0 0 1
22	5	0.0	2	1 0 4
23	1	0.0	2	1
24	1	0.0	2	0 0 1
25	1	0.0	2	1
26	10	0.0	2	2 2 6
27	9	0.0	2	1 2 6
28	34	0.0	2	16 7 10 1
29	41	0.0	2	11 13 13 4
30	97	0.0	3	28 30 20 19
31	134	0.0	3	19 33 49 33
32	222	0.0	3	13 32 51 126
33	1787	0.0	3	69 50 691 977
34	3589	0.0	3	54 1106 1288 1141
35	19889	0.0	3	5367 6375 4586 3561
36	2440	0.0	3	5 542 1056 837
37	781	0.0	3	0 0 306 475
38	441	0.0	3	0 0 1 440
40	1	0.0	3	1
42	6	0.0	3	0 3 1 2
43	9	0.0	3	3 3 1 2
44	3	0.0	3	0 0 3
45	3	0.0	3	0 0 1 2
46	6	0.0	3	1 3 1 1
47	4	0.0	3	0 4
49	1	0.0	3	1
50	1	0.0	3	1
51	2	0.0	3	0 0 0 2
53	3	0.0	3	1 1 1
54	2	0.0	3	0 0 0 2
55	1	0.0	3	0 1
58	2	0.0	3	0 1 1


=== Second read: Adapter 14 ===

Sequence: ACGTTGGATGTTTGTTACTGTGGTGGATACTAC; Type: regular 5'; Length: 33; Trimmed: 48225 times.

No. of allowed errors:
0-9 bp: 0; 10-19 bp: 1; 20-29 bp: 2; 30-33 bp: 3

Overview of removed sequences
length	count	expect	max.err	error counts
3	19	4639.0	0	19
9	2	1.1	0	2
10	1	0.3	1	0 1
13	2	0.0	1	0 2
14	2	0.0	1	2
16	2	0.0	1	0 2
17	2	0.0	1	1 1
18	5	0.0	1	2 3
19	4	0.0	1	1 3
20	8	0.0	2	1 3 4
21	5	0.0	2	2 2 1
22	5	0.0	2	2 2 1
23	3	0.0	2	0 2 1
24	30	0.0	2	12 11 7
25	50	0.0	2	11 20 19
26	123	0.0	2	34 47 42
27	138	0.0	2	62 45 31
28	192	0.0	2	70 76 45 1
29	246	0.0	2	59 96 80 11
30	3647	0.0	3	102 161 160 3224
31	4136	0.0	3	142 169 1341 2484
32	8043	0.0	3	64 2327 2960 2692
33	23583	0.0	3	8707 7655 4322 2899
34	6551	0.0	3	0 2511 2455 1585
35	644	0.0	3	2 1 267 374
36	269	0.0	3	0 0 1 268
37	4	0.0	3	0 2 1 1
38	13	0.0	3	0 1 1 11
39	22	0.0	3	0 3 3 16
40	40	0.0	3	6 9 11 14
41	82	0.0	3	20 26 21 15
42	58	0.0	3	12 19 10 17
43	34	0.0	3	4 10 9 11
44	42	0.0	3	9 18 7 8
45	36	0.0	3	13 11 8 4
46	22	0.0	3	7 3 4 8
47	18	0.0	3	2 4 4 8
48	15	0.0	3	4 3 4 4
49	32	0.0	3	10 11 6 5
50	17	0.0	3	2 5 4 6
51	19	0.0	3	7 3 5 4
52	14	0.0	3	3 6 4 1
53	16	0.0	3	2 6 3 5
54	13	0.0	3	3 5 1 4
55	6	0.0	3	0 2 3 1
56	5	0.0	3	2 1 0 2
57	2	0.0	3	1 0 1
58	1	0.0	3	1
64	1	0.0	3	1
65	1	0.0	3	0 0 0 1


=== Second read: Adapter 15 ===

Sequence: ACGTTGGATGTTTGTTACTGTTGTGGATACAAC; Type: regular 5'; Length: 33; Trimmed: 25522 times.

No. of allowed errors:
0-9 bp: 0; 10-19 bp: 1; 20-29 bp: 2; 30-33 bp: 3

Overview of removed sequences
length	count	expect	max.err	error counts
3	699	4639.0	0	699
4	3	1159.8	0	3
5	5	289.9	0	5
18	1	0.0	1	0 1
19	1	0.0	1	0 0 1
20	2	0.0	2	0 2
21	1	0.0	2	0 0 1
22	2	0.0	2	1 0 1
24	7	0.0	2	4 2 1
25	10	0.0	2	1 2 7
26	26	0.0	2	7 10 9
27	12	0.0	2	4 4 4
28	42	0.0	2	17 8 16 1
29	54	0.0	2	14 19 19 2
30	136	0.0	3	16 37 26 57
31	1058	0.0	3	43 40 339 636
32	4715	0.0	3	33 1622 1372 1688
33	15743	0.0	3	4827 3897 4540 2479
34	1541	0.0	3	0 453 542 546
35	779	0.0	3	0 1 377 401
36	365	0.0	3	0 0 0 365
39	2	0.0	3	0 0 1 1
40	12	0.0	3	5 3 2 2
41	67	0.0	3	23 19 14 11
42	37	0.0	3	13 13 6 5
43	11	0.0	3	0 5 2 4
44	24	0.0	3	7 7 4 6
45	18	0.0	3	6 4 5 3
46	8	0.0	3	0 1 4 3
47	10	0.0	3	4 1 3 2
48	10	0.0	3	3 3 1 3
49	23	0.0	3	6 5 9 3
50	8	0.0	3	2 2 3 1
51	20	0.0	3	1 10 4 5
52	22	0.0	3	10 2 7 3
53	17	0.0	3	5 6 2 4
54	9	0.0	3	5 3 0 1
55	8	0.0	3	2 3 1 2
56	4	0.0	3	0 1 1 2
57	5	0.0	3	0 2 2 1
58	2	0.0	3	0 0 2
59	1	0.0	3	0 0 1
62	1	0.0	3	1
63	1	0.0	3	1


=== Second read: Adapter 16 ===

Sequence: ACGTTGGATGTTTGTTACCGTTGTTGATACTAC; Type: regular 5'; Length: 33; Trimmed: 22362 times.

No. of allowed errors:
0-9 bp: 0; 10-19 bp: 1; 20-29 bp: 2; 30-33 bp: 3

Overview of removed sequences
length	count	expect	max.err	error counts
16	1	0.0	1	0 1
17	1	0.0	1	0 1
20	2	0.0	2	0 2
21	1	0.0	2	1
23	1	0.0	2	0 0 1
24	4	0.0	2	0 3 1
25	11	0.0	2	1 2 8
26	27	0.0	2	8 11 8
27	21	0.0	2	7 7 7
28	55	0.0	2	18 18 15 4
29	81	0.0	2	22 29 28 2
30	2542	0.0	3	29 43 34 2436
31	1736	0.0	3	47 50 519 1120
32	5539	0.0	3	25 1179 2404 1931
33	9131	0.0	3	4067 2606 1460 998
34	2405	0.0	3	0 535 1122 748
35	629	0.0	3	1 1 191 436
36	78	0.0	3	0 0 0 78
39	4	0.0	3	0 1 1 2
40	9	0.0	3	0 1 3 5
41	13	0.0	3	6 2 2 3
42	11	0.0	3	4 4 2 1
43	7	0.0	3	1 1 4 1
44	15	0.0	3	6 3 5 1
45	7	0.0	3	1 0 3 3
46	4	0.0	3	0 2 1 1
47	3	0.0	3	1 0 0 2
48	1	0.0	3	0 0 0 1
49	5	0.0	3	0 0 3 2
50	3	0.0	3	0 1 0 2
51	5	0.0	3	1 1 2 1
53	3	0.0	3	1 0 0 2
54	1	0.0	3	0 0 1
55	4	0.0	3	2 1 1
57	1	0.0	3	0 0 0 1
59	1	0.0	3	0 0 1


=== Second read: Adapter 17 ===

Sequence: ACGTTGGATGAATATATGTGTGCTTATTTG; Type: regular 5'; Length: 30; Trimmed: 343 times.

No. of allowed errors:
0-9 bp: 0; 10-19 bp: 1; 20-29 bp: 2; 30 bp: 3

Overview of removed sequences
length	count	expect	max.err	error counts
3	321	4639.0	0	321
4	9	1159.8	0	9
5	4	289.9	0	4
6	4	72.5	0	4
30	5	0.0	3	3 2


=== Second read: Adapter 18 ===

Sequence: ACGTTGGATGTTTGTTACTAAGGTAGATACCACTC; Type: regular 5'; Length: 35; Trimmed: 8403 times.

No. of allowed errors:
0-9 bp: 0; 10-19 bp: 1; 20-29 bp: 2; 30-35 bp: 3

Overview of removed sequences
length	count	expect	max.err	error counts
3	1	4639.0	0	1
4	7	1159.8	0	7
9	3	1.1	0	3
22	3	0.0	2	0 1 2
24	1	0.0	2	1
26	1	0.0	2	0 1
27	3	0.0	2	0 3
28	4	0.0	2	1 2 1
29	9	0.0	2	5 1 2 1
30	14	0.0	3	4 2 4 4
31	26	0.0	3	5 7 5 9
32	57	0.0	3	2 7 9 39
33	486	0.0	3	9 4 200 273
34	1669	0.0	3	9 655 534 471
35	4255	0.0	3	1683 1133 859 580
36	1219	0.0	3	0 506 379 334
37	385	0.0	3	0 0 158 227
38	244	0.0	3	0 0 0 244
43	1	0.0	3	0 0 1
44	2	0.0	3	0 0 1 1
45	2	0.0	3	0 0 1 1
47	2	0.0	3	1 0 0 1
48	1	0.0	3	0 0 1
49	1	0.0	3	0 0 1
51	1	0.0	3	1
54	3	0.0	3	1 1 1
55	1	0.0	3	0 0 1
57	1	0.0	3	0 0 1
60	1	0.0	3	0 0 1


=== Second read: Adapter 19 ===

Sequence: ACGTTGGATGGAAAAATAAACTGCAAATCATATTC; Type: regular 5'; Length: 35; Trimmed: 16978 times.

No. of allowed errors:
0-9 bp: 0; 10-19 bp: 1; 20-29 bp: 2; 30-35 bp: 3

Overview of removed sequences
length	count	expect	max.err	error counts
3	25	4639.0	0	25
4	2	1159.8	0	2
18	5	0.0	1	4 1
19	4	0.0	1	2 2
20	2	0.0	2	0 1 1
21	1	0.0	2	1
22	2	0.0	2	0 1 1
23	1	0.0	2	0 0 1
24	2	0.0	2	0 1 1
25	1	0.0	2	0 0 1
27	3	0.0	2	1 1 1
28	2	0.0	2	0 0 2
29	5	0.0	2	0 2 3
30	30	0.0	3	10 9 5 6
31	34	0.0	3	5 8 10 11
32	277	0.0	3	9 10 8 250
33	1374	0.0	3	6 11 848 509
34	2700	0.0	3	13 1258 795 634
35	9303	0.0	3	4083 2318 1391 1511
36	2674	0.0	3	1 1173 711 789
37	320	0.0	3	0 0 104 216
38	192	0.0	3	0 0 0 192
39	1	0.0	3	0 0 1
42	1	0.0	3	0 0 0 1
43	3	0.0	3	1 2
44	1	0.0	3	0 1
46	2	0.0	3	0 2
47	2	0.0	3	1 0 0 1
48	1	0.0	3	0 1
49	1	0.0	3	0 1
50	3	0.0	3	0 3
52	1	0.0	3	1
54	1	0.0	3	0 0 1
57	1	0.0	3	0 0 0 1
62	1	0.0	3	0 1


=== Second read: Adapter 20 ===

Sequence: ACGTTGGATGAGATTAGGGAAAGTATTAGA; Type: regular 5'; Length: 30; Trimmed: 47 times.

No. of allowed errors:
0-9 bp: 0; 10-19 bp: 1; 20-29 bp: 2; 30 bp: 3

Overview of removed sequences
length	count	expect	max.err	error counts
3	42	4639.0	0	42
4	2	1159.8	0	2
8	1	4.5	0	1
30	2	0.0	3	0 0 2


=== Second read: Adapter 21 ===

Sequence: ACGTTGGATGGAAAAATAAATTGTAAATCATACTC; Type: regular 5'; Length: 35; Trimmed: 8546 times.

No. of allowed errors:
0-9 bp: 0; 10-19 bp: 1; 20-29 bp: 2; 30-35 bp: 3

Overview of removed sequences
length	count	expect	max.err	error counts
5	2	289.9	0	2
12	2	0.0	1	1 1
18	2	0.0	1	0 2
20	3	0.0	2	1 1 1
21	5	0.0	2	3 2
22	3	0.0	2	3
23	1	0.0	2	1
25	1	0.0	2	0 0 1
26	1	0.0	2	1
28	2	0.0	2	0 0 0 2
29	1	0.0	2	0 1
30	11	0.0	3	6 2 2 1
31	17	0.0	3	5 4 6 2
32	58	0.0	3	1 0 0 57
33	357	0.0	3	10 10 126 211
34	1041	0.0	3	36 490 250 265
35	6595	0.0	3	3019 1590 941 1045
36	259	0.0	3	0 40 113 106
37	53	0.0	3	1 0 11 41
38	83	0.0	3	0 1 0 82
39	1	0.0	3	0 1
43	7	0.0	3	1 4 1 1
44	6	0.0	3	1 4 1
45	2	0.0	3	1 1
46	6	0.0	3	0 5 0 1
47	3	0.0	3	0 3
48	2	0.0	3	1 0 1
49	1	0.0	3	1
50	5	0.0	3	2 1 0 2
51	2	0.0	3	0 1 1
53	8	0.0	3	2 3 0 3
54	1	0.0	3	1
56	1	0.0	3	1
57	2	0.0	3	2
59	1	0.0	3	1
60	1	0.0	3	0 0 0 1


=== Second read: Adapter 22 ===

Sequence: ACGTTGGATGGAAAAATAAACTGTAAATCATATTCCT; Type: regular 5'; Length: 37; Trimmed: 27868 times.

No. of allowed errors:
0-9 bp: 0; 10-19 bp: 1; 20-29 bp: 2; 30-37 bp: 3

Overview of removed sequences
length	count	expect	max.err	error counts
3	187	4639.0	0	187
4	270	1159.8	0	270
8	1	4.5	0	1
13	3	0.0	1	0 3
14	2	0.0	1	0 2
15	1	0.0	1	0 1
16	1	0.0	1	1
19	6	0.0	1	1 4 1
20	11	0.0	2	3 3 5
21	5	0.0	2	1 2 2
22	2	0.0	2	0 1 1
23	1	0.0	2	0 1
24	2	0.0	2	0 1 1
25	1	0.0	2	1
28	1	0.0	2	0 0 1
29	2	0.0	2	0 1 1
30	4	0.0	3	0 1 1 2
31	11	0.0	3	0 4 3 4
32	24	0.0	3	3 9 7 5
33	27	0.0	3	5 6 8 8
34	200	0.0	3	1 9 15 175
35	1954	0.0	3	11 22 1231 690
36	5630	0.0	3	18 2532 1836 1244
37	13925	0.0	3	2934 5613 3303 2075
38	3313	0.0	3	2 328 1696 1287
39	1869	0.0	3	0 0 446 1423
40	350	0.0	3	0 0 0 350
41	1	0.0	3	0 0 1
43	1	0.0	3	0 0 0 1
44	6	0.0	3	0 4 2
45	15	0.0	3	0 8 5 2
46	5	0.0	3	0 4 1
47	3	0.0	3	0 0 3
48	4	0.0	3	0 3 1
49	3	0.0	3	0 2 0 1
50	5	0.0	3	0 5
51	5	0.0	3	0 1 2 2
52	2	0.0	3	0 2
53	2	0.0	3	0 1 1
54	1	0.0	3	0 1
55	4	0.0	3	0 1 2 1
56	3	0.0	3	0 2 1
57	3	0.0	3	0 2 1
59	1	0.0	3	0 0 0 1
71	1	0.0	3	0 0 1


=== Second read: Adapter 23 ===

Sequence: ACGTTGGATGGAAAAATAAACTGTAAATCATATTC; Type: regular 5'; Length: 35; Trimmed: 7650 times.

No. of allowed errors:
0-9 bp: 0; 10-19 bp: 1; 20-29 bp: 2; 30-35 bp: 3

Overview of removed sequences
length	count	expect	max.err	error counts
12	1	0.0	1	1
13	1	0.0	1	1
17	3	0.0	1	1 2
18	1	0.0	1	1
19	2	0.0	1	1 1
22	1	0.0	2	0 1
26	1	0.0	2	0 0 1
28	2	0.0	2	0 0 1 1
29	2	0.0	2	0 0 0 2
30	15	0.0	3	3 4 1 7
31	17	0.0	3	1 1 7 8
32	601	0.0	3	1 0 7 593
33	1013	0.0	3	1 2 608 402
34	1203	0.0	3	4 357 329 513
35	3432	0.0	3	599 791 810 1232
36	1144	0.0	3	0 224 351 569
37	107	0.0	3	0 0 18 89
38	90	0.0	3	0 0 0 90
43	7	0.0	3	1 0 4 2
45	1	0.0	3	0 0 0 1
46	1	0.0	3	0 1
47	1	0.0	3	0 0 1
48	1	0.0	3	0 0 0 1
49	1	0.0	3	0 0 1
54	1	0.0	3	0 0 0 1
60	1	0.0	3	0 0 1


=== Second read: Adapter 24 ===

Sequence: ACGTTGGATGGAAAAATAAATTGTAAATCAAATTC; Type: regular 5'; Length: 35; Trimmed: 3155 times.

No. of allowed errors:
0-9 bp: 0; 10-19 bp: 1; 20-29 bp: 2; 30-35 bp: 3

Overview of removed sequences
length	count	expect	max.err	error counts
5	1	289.9	0	1
6	5	72.5	0	5
18	3	0.0	1	3
19	1	0.0	1	1
20	1	0.0	2	0 0 1
21	2	0.0	2	2
22	1	0.0	2	1
28	1	0.0	2	1
30	6	0.0	3	3 2 0 1
31	8	0.0	3	3 3 1 1
32	9	0.0	3	1 0 0 8
33	43	0.0	3	1 1 27 14
34	194	0.0	3	4 80 59 51
35	2748	0.0	3	1368 683 429 268
36	61	0.0	3	0 18 18 25
37	44	0.0	3	0 0 21 23
38	22	0.0	3	0 0 0 22
42	1	0.0	3	0 1
44	1	0.0	3	0 0 1
46	1	0.0	3	1
53	1	0.0	3	0 1
57	1	0.0	3	1
