This is cutadapt 2.6 with Python 3.7.3
Command line parameters: -g ACGTTGGATGTTTGTTACTATGGTAGATACCACAC -g ACGTTGGATGTTTGTTACTAAGGTAGATACCACTC -g ACGTTGGATGTTTGTTACTGTGGTGGATACTAC -g ACGTTGGATGTTTGTTACTGTTGTGGATACAAC -g ACGTTGGATGTTTGTTACCGTTGTTGATACTAC -g ACGTTGGATGAATATATGTGTGCTTATTTG -G ACGTTGGATGTTTGTTACTATGGTAGATACCACAC -G ACGTTGGATGTTTGTTACTGTGGTGGATACTAC -G ACGTTGGATGTTTGTTACTGTTGTGGATACAAC -G ACGTTGGATGTTTGTTACCGTTGTTGATACTAC -G ACGTTGGATGAATATATGTGTGCTTATTTG -G ACGTTGGATGTTTGTTACTAAGGTAGATACCACTC -g ACGTTGGATGGAAAAATAAACTGCAAATCATATTC -g ACGTTGGATGGAAAAATAAACTGTAAATCATATTC -g ACGTTGGATGGAAAAATAAATTGTAAATCATACTC -g ACGTTGGATGAGATTAGGGAAAGTATTAGA -g ACGTTGGATGGAAAAATAAATTGTAAATCAAATTC -g ACGTTGGATGGAAAAATAAACTGTAAATCATATTCCT -G ACGTTGGATGGAAAAATAAACTGCAAATCATATTC -G ACGTTGGATGAGATTAGGGAAAGTATTAGA -G ACGTTGGATGGAAAAATAAATTGTAAATCATACTC -G ACGTTGGATGGAAAAATAAACTGTAAATCATATTCCT -G ACGTTGGATGGAAAAATAAACTGTAAATCATATTC -G ACGTTGGATGGAAAAATAAATTGTAAATCAAATTC --minimum-length=1 -o /data/projects/mdc-971/reprocess_June_2019_data/analysis/30.primer_trimmed/180443_S64_cutadapt.1.fq.gz -p /data/projects/mdc-971/reprocess_June_2019_data/analysis/30.primer_trimmed/180443_S64_cutadapt.2.fq.gz /data/projects/mdc-971/reprocess_June_2019_data/analysis/20.adapter_trimmed/180443_S64_R1_001.bbduked.trimmed.fastq.gz /data/projects/mdc-971/reprocess_June_2019_data/analysis/20.adapter_trimmed/180443_S64_R2_001.bbduked.trimmed.fastq.gz
Processing reads on 1 core in paired-end mode ...
Finished in 87.67 s (386 us/read; 0.16 M reads/minute).

=== Summary ===

Total read pairs processed:            227,363
  Read 1 with adapter:                 204,898 (90.1%)
  Read 2 with adapter:                 162,090 (71.3%)
Pairs that were too short:                   0 (0.0%)
Pairs written (passing filters):       227,363 (100.0%)

Total basepairs processed:    67,235,920 bp
  Read 1:    33,131,506 bp
  Read 2:    34,104,414 bp
Total written (filtered):     54,360,615 bp (80.9%)
  Read 1:    25,880,296 bp
  Read 2:    28,480,319 bp

=== First read: Adapter 1 ===

Sequence: ACGTTGGATGTTTGTTACTATGGTAGATACCACAC; Type: regular 5'; Length: 35; Trimmed: 25291 times.

No. of allowed errors:
0-9 bp: 0; 10-19 bp: 1; 20-29 bp: 2; 30-35 bp: 3

Overview of removed sequences
length	count	expect	max.err	error counts
3	1	3552.5	0	1
4	1	888.1	0	1
15	1	0.0	1	0 1
20	1	0.0	2	1
21	3	0.0	2	1 2
22	3	0.0	2	0 1 2
23	2	0.0	2	2
24	1	0.0	2	1
26	13	0.0	2	1 5 7
27	22	0.0	2	8 11 3
28	42	0.0	2	11 13 7 11
29	84	0.0	2	20 23 27 14
30	190	0.0	3	38 89 36 27
31	132	0.0	3	25 56 31 20
32	311	0.0	3	31 98 68 114
33	1435	0.0	3	51 183 691 510
34	3038	0.0	3	54 1128 1219 637
35	18313	0.0	3	3359 10209 3156 1589
36	1090	0.0	3	3 329 509 249
37	248	0.0	3	0 0 138 110
38	354	0.0	3	0 0 1 353
39	3	0.0	3	0 2 0 1
46	1	0.0	3	0 1
50	1	0.0	3	0 1
52	1	0.0	3	0 0 0 1


=== First read: Adapter 2 ===

Sequence: ACGTTGGATGTTTGTTACTAAGGTAGATACCACTC; Type: regular 5'; Length: 35; Trimmed: 27439 times.

No. of allowed errors:
0-9 bp: 0; 10-19 bp: 1; 20-29 bp: 2; 30-35 bp: 3

Overview of removed sequences
length	count	expect	max.err	error counts
14	2	0.0	1	1 1
15	2	0.0	1	2
16	1	0.0	1	1
18	2	0.0	1	0 2
21	1	0.0	2	0 0 1
22	6	0.0	2	4 2
23	1	0.0	2	0 1
24	1	0.0	2	1
25	2	0.0	2	0 2
26	23	0.0	2	13 6 4
27	34	0.0	2	21 11 2
28	43	0.0	2	29 7 5 2
29	132	0.0	2	63 38 27 4
30	397	0.0	3	225 112 40 20
31	347	0.0	3	161 113 49 24
32	592	0.0	3	255 204 81 52
33	901	0.0	3	348 230 198 125
34	2976	0.0	3	466 1526 632 352
35	21096	0.0	3	13614 4324 2088 1070
36	609	0.0	3	11 310 195 93
37	160	0.0	3	4 1 70 85
38	99	0.0	3	0 0 0 99
39	4	0.0	3	3 1
43	2	0.0	3	1 1
44	2	0.0	3	0 1 1
45	1	0.0	3	1
46	1	0.0	3	1
54	1	0.0	3	0 0 1
61	1	0.0	3	1


=== First read: Adapter 3 ===

Sequence: ACGTTGGATGTTTGTTACTGTGGTGGATACTAC; Type: regular 5'; Length: 33; Trimmed: 17604 times.

No. of allowed errors:
0-9 bp: 0; 10-19 bp: 1; 20-29 bp: 2; 30-33 bp: 3

Overview of removed sequences
length	count	expect	max.err	error counts
3	3	3552.5	0	3
14	3	0.0	1	2 1
15	5	0.0	1	3 2
16	7	0.0	1	3 4
17	6	0.0	1	5 1
18	6	0.0	1	2 4
19	8	0.0	1	5 1 2
20	20	0.0	2	13 6 1
21	19	0.0	2	16 3
22	13	0.0	2	2 8 3
23	15	0.0	2	9 1 5
24	133	0.0	2	74 40 19
25	270	0.0	2	137 101 32
26	419	0.0	2	188 164 67
27	730	0.0	2	422 225 83
28	1105	0.0	2	621 347 126 11
29	723	0.0	2	223 277 174 49
30	1561	0.0	3	505 429 255 372
31	1485	0.0	3	166 347 552 420
32	1900	0.0	3	147 668 648 437
33	6093	0.0	3	2198 2012 1140 743
34	2807	0.0	3	1 1361 965 480
35	225	0.0	3	1 2 55 167
36	31	0.0	3	0 0 1 30
37	6	0.0	3	2 3 0 1
38	3	0.0	3	0 2 0 1
40	1	0.0	3	0 0 0 1
41	2	0.0	3	1 1
42	2	0.0	3	0 1 0 1
45	1	0.0	3	0 1
46	1	0.0	3	1
49	1	0.0	3	0 0 1


=== First read: Adapter 4 ===

Sequence: ACGTTGGATGTTTGTTACTGTTGTGGATACAAC; Type: regular 5'; Length: 33; Trimmed: 7655 times.

No. of allowed errors:
0-9 bp: 0; 10-19 bp: 1; 20-29 bp: 2; 30-33 bp: 3

Overview of removed sequences
length	count	expect	max.err	error counts
3	20	3552.5	0	20
12	1	0.0	1	1
14	2	0.0	1	0 2
16	1	0.0	1	1
19	1	0.0	1	0 1
21	2	0.0	2	1 1
23	1	0.0	2	0 0 1
24	9	0.0	2	5 3 1
25	70	0.0	2	33 25 12
26	59	0.0	2	37 18 4
27	75	0.0	2	41 32 2
28	184	0.0	2	110 49 24 1
29	127	0.0	2	56 42 25 4
30	203	0.0	3	72 68 29 34
31	340	0.0	3	47 61 123 109
32	882	0.0	3	75 357 222 228
33	4963	0.0	3	2254 1336 926 447
34	471	0.0	3	4 214 126 127
35	175	0.0	3	0 2 87 86
36	68	0.0	3	0 0 0 68
42	1	0.0	3	1


=== First read: Adapter 5 ===

Sequence: ACGTTGGATGTTTGTTACCGTTGTTGATACTAC; Type: regular 5'; Length: 33; Trimmed: 7775 times.

No. of allowed errors:
0-9 bp: 0; 10-19 bp: 1; 20-29 bp: 2; 30-33 bp: 3

Overview of removed sequences
length	count	expect	max.err	error counts
14	1	0.0	1	1
18	3	0.0	1	1 2
19	1	0.0	1	1
20	5	0.0	2	1 2 2
21	4	0.0	2	2 1 1
22	1	0.0	2	0 1
23	3	0.0	2	0 0 3
24	7	0.0	2	1 6
25	40	0.0	2	15 15 10
26	51	0.0	2	24 20 7
27	101	0.0	2	40 36 24 1
28	160	0.0	2	59 40 38 23
29	148	0.0	2	20 31 47 50
30	597	0.0	3	60 57 51 429
31	1219	0.0	3	31 63 628 497
32	1647	0.0	3	47 318 826 456
33	2528	0.0	3	1337 654 312 225
34	860	0.0	3	0 406 277 177
35	323	0.0	3	0 0 61 262
36	74	0.0	3	0 0 0 74
39	1	0.0	3	0 0 1
55	1	0.0	3	0 0 1


=== First read: Adapter 6 ===

Sequence: ACGTTGGATGAATATATGTGTGCTTATTTG; Type: regular 5'; Length: 30; Trimmed: 80 times.

No. of allowed errors:
0-9 bp: 0; 10-19 bp: 1; 20-29 bp: 2; 30 bp: 3

Overview of removed sequences
length	count	expect	max.err	error counts
3	71	3552.5	0	71
4	8	888.1	0	8
30	1	0.0	3	1


=== First read: Adapter 7 ===

Sequence: ACGTTGGATGGAAAAATAAACTGCAAATCATATTC; Type: regular 5'; Length: 35; Trimmed: 26926 times.

No. of allowed errors:
0-9 bp: 0; 10-19 bp: 1; 20-29 bp: 2; 30-35 bp: 3

Overview of removed sequences
length	count	expect	max.err	error counts
3	2	3552.5	0	2
17	2	0.0	1	1 1
22	1	0.0	2	0 1
24	1	0.0	2	1
26	3	0.0	2	1 2
27	5	0.0	2	3 1 1
28	3	0.0	2	0 2 1
29	22	0.0	2	2 10 8 2
30	199	0.0	3	33 106 43 17
31	160	0.0	3	25 66 47 22
32	520	0.0	3	22 114 43 341
33	668	0.0	3	12 123 317 216
34	5193	0.0	3	34 3746 939 474
35	15393	0.0	3	7544 4706 1759 1384
36	3945	0.0	3	0 2972 570 403
37	300	0.0	3	0 1 132 167
38	507	0.0	3	0 0 0 507
41	1	0.0	3	0 1
44	1	0.0	3	0 0 0 1


=== First read: Adapter 8 ===

Sequence: ACGTTGGATGGAAAAATAAACTGTAAATCATATTC; Type: regular 5'; Length: 35; Trimmed: 4933 times.

No. of allowed errors:
0-9 bp: 0; 10-19 bp: 1; 20-29 bp: 2; 30-35 bp: 3

Overview of removed sequences
length	count	expect	max.err	error counts
17	1	0.0	1	0 1
18	1	0.0	1	1
20	1	0.0	2	0 1
29	1	0.0	2	0 0 0 1
30	9	0.0	3	0 3 3 3
31	12	0.0	3	1 4 0 7
32	517	0.0	3	2 1 1 513
33	186	0.0	3	2 4 75 105
34	1240	0.0	3	3 733 183 321
35	2340	0.0	3	543 542 412 843
36	383	0.0	3	0 63 149 171
37	201	0.0	3	0 0 46 155
38	41	0.0	3	0 0 0 41


=== First read: Adapter 9 ===

Sequence: ACGTTGGATGGAAAAATAAATTGTAAATCATACTC; Type: regular 5'; Length: 35; Trimmed: 10256 times.

No. of allowed errors:
0-9 bp: 0; 10-19 bp: 1; 20-29 bp: 2; 30-35 bp: 3

Overview of removed sequences
length	count	expect	max.err	error counts
5	1	222.0	0	1
24	1	0.0	2	1
27	1	0.0	2	0 1
28	1	0.0	2	1
29	1	0.0	2	1
30	3	0.0	3	2 1
31	12	0.0	3	9 1 1 1
32	36	0.0	3	1 2 1 32
33	273	0.0	3	10 14 171 78
34	693	0.0	3	192 334 122 45
35	9012	0.0	3	6101 1590 519 802
36	95	0.0	3	0 27 30 38
37	39	0.0	3	1 1 14 23
38	72	0.0	3	1 0 0 71
42	2	0.0	3	1 1
44	2	0.0	3	1 0 1
45	1	0.0	3	1
47	1	0.0	3	0 1
48	1	0.0	3	1
50	3	0.0	3	2 1
51	1	0.0	3	0 1
52	1	0.0	3	0 1
53	2	0.0	3	1 1
64	1	0.0	3	0 1
67	1	0.0	3	1


=== First read: Adapter 10 ===

Sequence: ACGTTGGATGAGATTAGGGAAAGTATTAGA; Type: regular 5'; Length: 30; Trimmed: 28 times.

No. of allowed errors:
0-9 bp: 0; 10-19 bp: 1; 20-29 bp: 2; 30 bp: 3

Overview of removed sequences
length	count	expect	max.err	error counts
3	28	3552.5	0	28


=== First read: Adapter 11 ===

Sequence: ACGTTGGATGGAAAAATAAATTGTAAATCAAATTC; Type: regular 5'; Length: 35; Trimmed: 4965 times.

No. of allowed errors:
0-9 bp: 0; 10-19 bp: 1; 20-29 bp: 2; 30-35 bp: 3

Overview of removed sequences
length	count	expect	max.err	error counts
5	1	222.0	0	1
29	1	0.0	2	0 0 1
30	4	0.0	3	4
31	4	0.0	3	4
32	12	0.0	3	1 0 0 11
33	25	0.0	3	4 3 12 6
34	175	0.0	3	15 90 42 28
35	4586	0.0	3	3148 842 391 205
36	71	0.0	3	0 18 22 31
37	33	0.0	3	0 0 18 15
38	52	0.0	3	0 0 0 52
44	1	0.0	3	0 1


=== First read: Adapter 12 ===

Sequence: ACGTTGGATGGAAAAATAAACTGTAAATCATATTCCT; Type: regular 5'; Length: 37; Trimmed: 71946 times.

No. of allowed errors:
0-9 bp: 0; 10-19 bp: 1; 20-29 bp: 2; 30-37 bp: 3

Overview of removed sequences
length	count	expect	max.err	error counts
3	9	3552.5	0	9
4	5	888.1	0	5
18	1	0.0	1	0 0 1
23	1	0.0	2	0 0 1
25	1	0.0	2	0 0 1
28	1	0.0	2	0 1
29	2	0.0	2	0 2
30	1	0.0	3	0 0 1
31	17	0.0	3	1 6 6 4
32	62	0.0	3	13 24 10 15
33	79	0.0	3	9 24 22 24
34	330	0.0	3	8 36 60 226
35	2302	0.0	3	11 50 1635 606
36	7585	0.0	3	38 4410 1780 1357
37	18472	0.0	3	4594 8004 2997 2877
38	3743	0.0	3	0 569 1901 1273
39	38870	0.0	3	0 0 16265 22605
40	450	0.0	3	0 1 2 447
41	9	0.0	3	0 0 5 4
42	2	0.0	3	0 0 1 1
43	1	0.0	3	0 0 0 1
45	1	0.0	3	0 0 1
47	1	0.0	3	0 0 1
64	1	0.0	3	0 0 0 1


=== Second read: Adapter 13 ===

Sequence: ACGTTGGATGTTTGTTACTATGGTAGATACCACAC; Type: regular 5'; Length: 35; Trimmed: 24231 times.

No. of allowed errors:
0-9 bp: 0; 10-19 bp: 1; 20-29 bp: 2; 30-35 bp: 3

Overview of removed sequences
length	count	expect	max.err	error counts
3	11	3552.5	0	11
4	6	888.1	0	6
10	2	0.2	1	2
19	1	0.0	1	0 1
21	1	0.0	2	0 0 1
26	3	0.0	2	0 1 2
27	3	0.0	2	1 0 2
28	12	0.0	2	3 2 5 2
29	48	0.0	2	3 7 22 16
30	106	0.0	3	8 36 30 32
31	121	0.0	3	5 30 52 34
32	199	0.0	3	6 31 40 122
33	2354	0.0	3	27 140 1053 1134
34	1669	0.0	3	21 410 637 601
35	17856	0.0	3	2245 8216 4540 2855
36	1128	0.0	3	0 224 526 378
37	385	0.0	3	0 0 152 233
38	299	0.0	3	0 0 1 298
43	5	0.0	3	1 4
44	5	0.0	3	0 2 2 1
45	1	0.0	3	0 1
46	1	0.0	3	0 1
47	3	0.0	3	0 2 0 1
50	1	0.0	3	0 0 0 1
51	1	0.0	3	0 0 0 1
54	3	0.0	3	0 2 0 1
55	2	0.0	3	0 0 2
57	1	0.0	3	1
58	2	0.0	3	0 0 1 1
60	1	0.0	3	1
66	1	0.0	3	0 0 1


=== Second read: Adapter 14 ===

Sequence: ACGTTGGATGTTTGTTACTGTGGTGGATACTAC; Type: regular 5'; Length: 33; Trimmed: 24152 times.

No. of allowed errors:
0-9 bp: 0; 10-19 bp: 1; 20-29 bp: 2; 30-33 bp: 3

Overview of removed sequences
length	count	expect	max.err	error counts
3	6	3552.5	0	6
5	1	222.0	0	1
9	1	0.9	0	1
15	3	0.0	1	1 2
16	1	0.0	1	0 1
17	1	0.0	1	1
18	3	0.0	1	2 1
19	3	0.0	1	2 1
20	9	0.0	2	4 3 2
21	2	0.0	2	1 1
22	1	0.0	2	0 0 1
23	2	0.0	2	0 1 1
24	24	0.0	2	8 10 6
25	27	0.0	2	6 11 10
26	105	0.0	2	37 37 31
27	134	0.0	2	52 50 32
28	218	0.0	2	69 77 68 4
29	265	0.0	2	65 90 94 16
30	2046	0.0	3	71 146 124 1705
31	2554	0.0	3	91 123 864 1476
32	3446	0.0	3	40 1039 1214 1153
33	9331	0.0	3	3340 3024 1753 1214
34	5304	0.0	3	0 2242 1959 1103
35	376	0.0	3	1 0 103 272
36	69	0.0	3	1 2 1 65
37	3	0.0	3	1 0 0 2
38	6	0.0	3	1 0 0 5
39	11	0.0	3	0 1 3 7
40	15	0.0	3	0 2 6 7
41	27	0.0	3	5 11 5 6
42	27	0.0	3	6 6 6 9
43	13	0.0	3	2 5 1 5
44	19	0.0	3	8 3 3 5
45	16	0.0	3	3 6 3 4
46	10	0.0	3	0 3 3 4
47	7	0.0	3	0 1 5 1
48	4	0.0	3	0 1 2 1
49	12	0.0	3	5 2 3 2
50	9	0.0	3	0 3 1 5
51	14	0.0	3	3 4 3 4
52	6	0.0	3	0 2 0 4
53	3	0.0	3	1 0 0 2
54	6	0.0	3	1 2 1 2
55	3	0.0	3	1 2
56	3	0.0	3	1 1 1
57	1	0.0	3	1
58	2	0.0	3	1 1
62	1	0.0	3	1
65	1	0.0	3	0 0 0 1
93	1	0.0	3	0 0 0 1


=== Second read: Adapter 15 ===

Sequence: ACGTTGGATGTTTGTTACTGTTGTGGATACAAC; Type: regular 5'; Length: 33; Trimmed: 12689 times.

No. of allowed errors:
0-9 bp: 0; 10-19 bp: 1; 20-29 bp: 2; 30-33 bp: 3

Overview of removed sequences
length	count	expect	max.err	error counts
3	530	3552.5	0	530
5	3	222.0	0	3
19	1	0.0	1	0 0 1
20	2	0.0	2	1 0 1
21	1	0.0	2	0 1
24	8	0.0	2	3 3 2
25	5	0.0	2	0 1 4
26	17	0.0	2	8 6 3
27	16	0.0	2	3 9 4
28	34	0.0	2	16 11 7
29	54	0.0	2	11 17 22 4
30	117	0.0	3	14 31 26 46
31	560	0.0	3	42 34 179 305
32	2147	0.0	3	31 648 583 885
33	7731	0.0	3	2071 1923 2402 1335
34	821	0.0	3	1 235 269 316
35	344	0.0	3	0 0 146 198
36	130	0.0	3	0 1 0 129
39	3	0.0	3	0 0 1 2
40	5	0.0	3	1 0 3 1
41	35	0.0	3	5 13 11 6
42	17	0.0	3	3 5 7 2
43	5	0.0	3	1 2 1 1
44	12	0.0	3	2 4 4 2
45	9	0.0	3	3 4 2
46	5	0.0	3	2 1 0 2
47	3	0.0	3	0 1 0 2
48	6	0.0	3	3 1 0 2
49	10	0.0	3	5 4 0 1
50	6	0.0	3	2 1 1 2
51	11	0.0	3	2 3 2 4
52	9	0.0	3	3 2 3 1
53	12	0.0	3	3 4 5
54	7	0.0	3	0 1 4 2
55	1	0.0	3	0 0 1
56	2	0.0	3	0 0 2
57	3	0.0	3	0 1 0 2
58	1	0.0	3	0 0 0 1
64	2	0.0	3	1 0 1
65	3	0.0	3	2 1
93	1	0.0	3	0 1


=== Second read: Adapter 16 ===

Sequence: ACGTTGGATGTTTGTTACCGTTGTTGATACTAC; Type: regular 5'; Length: 33; Trimmed: 11498 times.

No. of allowed errors:
0-9 bp: 0; 10-19 bp: 1; 20-29 bp: 2; 30-33 bp: 3

Overview of removed sequences
length	count	expect	max.err	error counts
16	1	0.0	1	0 1
17	1	0.0	1	0 1
20	1	0.0	2	1
21	1	0.0	2	1
22	1	0.0	2	0 0 1
23	1	0.0	2	0 1
24	5	0.0	2	1 2 2
25	6	0.0	2	2 1 3
26	15	0.0	2	1 7 7
27	30	0.0	2	11 8 11
28	47	0.0	2	10 10 21 6
29	93	0.0	2	11 12 40 30
30	1125	0.0	3	15 16 36 1058
31	1946	0.0	3	19 10 1070 847
32	2423	0.0	3	11 497 1065 850
33	4044	0.0	3	1854 1096 645 449
34	1246	0.0	3	0 444 472 330
35	334	0.0	3	0 0 59 275
36	131	0.0	3	0 1 0 130
37	1	0.0	3	0 1
38	3	0.0	3	0 0 0 3
39	3	0.0	3	0 0 3
40	5	0.0	3	0 0 2 3
41	6	0.0	3	0 3 0 3
42	3	0.0	3	1 0 1 1
43	2	0.0	3	0 0 1 1
44	4	0.0	3	0 1 3
45	1	0.0	3	0 1
46	1	0.0	3	0 0 0 1
47	3	0.0	3	0 1 1 1
48	1	0.0	3	0 0 1
49	3	0.0	3	0 1 0 2
50	3	0.0	3	0 1 1 1
51	1	0.0	3	0 0 0 1
54	2	0.0	3	0 0 1 1
55	1	0.0	3	0 0 1
57	1	0.0	3	0 0 1
61	1	0.0	3	0 0 1
63	1	0.0	3	0 0 0 1
65	1	0.0	3	0 0 1


=== Second read: Adapter 17 ===

Sequence: ACGTTGGATGAATATATGTGTGCTTATTTG; Type: regular 5'; Length: 30; Trimmed: 299 times.

No. of allowed errors:
0-9 bp: 0; 10-19 bp: 1; 20-29 bp: 2; 30 bp: 3

Overview of removed sequences
length	count	expect	max.err	error counts
3	270	3552.5	0	270
4	15	888.1	0	15
5	10	222.0	0	10
6	4	55.5	0	4


=== Second read: Adapter 18 ===

Sequence: ACGTTGGATGTTTGTTACTAAGGTAGATACCACTC; Type: regular 5'; Length: 35; Trimmed: 26208 times.

No. of allowed errors:
0-9 bp: 0; 10-19 bp: 1; 20-29 bp: 2; 30-35 bp: 3

Overview of removed sequences
length	count	expect	max.err	error counts
3	4	3552.5	0	4
4	3	888.1	0	3
22	1	0.0	2	0 1
25	1	0.0	2	0 1
26	7	0.0	2	4 3
27	8	0.0	2	2 4 2
28	21	0.0	2	14 6 1
29	38	0.0	2	20 8 9 1
30	119	0.0	3	44 26 31 18
31	205	0.0	3	50 63 53 39
32	211	0.0	3	45 64 46 56
33	787	0.0	3	182 112 210 283
34	2118	0.0	3	159 849 637 473
35	21448	0.0	3	9858 5670 3679 2241
36	787	0.0	3	6 335 235 211
37	280	0.0	3	1 1 104 174
38	133	0.0	3	0 0 0 133
40	2	0.0	3	1 0 1
41	2	0.0	3	1 1
42	2	0.0	3	0 1 1
43	7	0.0	3	4 2 1
44	3	0.0	3	2 0 1
45	2	0.0	3	1 0 0 1
46	6	0.0	3	2 2 1 1
47	5	0.0	3	0 2 1 2
50	1	0.0	3	0 1
51	1	0.0	3	0 1
55	6	0.0	3	3 1 0 2


=== Second read: Adapter 19 ===

Sequence: ACGTTGGATGGAAAAATAAACTGCAAATCATATTC; Type: regular 5'; Length: 35; Trimmed: 15087 times.

No. of allowed errors:
0-9 bp: 0; 10-19 bp: 1; 20-29 bp: 2; 30-35 bp: 3

Overview of removed sequences
length	count	expect	max.err	error counts
3	35	3552.5	0	35
4	1	888.1	0	1
12	1	0.0	1	0 1
13	1	0.0	1	0 1
14	1	0.0	1	0 1
17	1	0.0	1	0 1
18	3	0.0	1	1 2
23	1	0.0	2	0 1
25	1	0.0	2	1
28	2	0.0	2	0 1 1
29	8	0.0	2	0 4 2 2
30	42	0.0	3	1 18 10 13
31	79	0.0	3	4 38 23 14
32	189	0.0	3	3 31 22 133
33	298	0.0	3	9 44 128 117
34	1969	0.0	3	6 928 587 448
35	10700	0.0	3	1904 4458 2574 1764
36	1292	0.0	3	0 670 336 286
37	98	0.0	3	0 0 40 58
38	351	0.0	3	0 0 0 351
39	1	0.0	3	0 0 1
40	1	0.0	3	0 0 0 1
41	1	0.0	3	0 0 0 1
42	1	0.0	3	0 1
43	2	0.0	3	0 1 1
44	2	0.0	3	0 2
45	2	0.0	3	0 0 1 1
47	1	0.0	3	0 0 1
49	2	0.0	3	0 2
55	1	0.0	3	0 0 0 1


=== Second read: Adapter 20 ===

Sequence: ACGTTGGATGAGATTAGGGAAAGTATTAGA; Type: regular 5'; Length: 30; Trimmed: 35 times.

No. of allowed errors:
0-9 bp: 0; 10-19 bp: 1; 20-29 bp: 2; 30 bp: 3

Overview of removed sequences
length	count	expect	max.err	error counts
3	31	3552.5	0	31
4	1	888.1	0	1
5	1	222.0	0	1
8	1	3.5	0	1
9	1	0.9	0	0 1


=== Second read: Adapter 21 ===

Sequence: ACGTTGGATGGAAAAATAAATTGTAAATCATACTC; Type: regular 5'; Length: 35; Trimmed: 4165 times.

No. of allowed errors:
0-9 bp: 0; 10-19 bp: 1; 20-29 bp: 2; 30-35 bp: 3

Overview of removed sequences
length	count	expect	max.err	error counts
18	1	0.0	1	0 1
26	1	0.0	2	1
30	4	0.0	3	4
31	14	0.0	3	5 6 2 1
32	20	0.0	3	1 1 0 18
33	144	0.0	3	5 3 46 90
34	294	0.0	3	22 107 80 85
35	3550	0.0	3	1673 828 475 574
36	60	0.0	3	0 11 25 24
37	33	0.0	3	0 0 9 24
38	19	0.0	3	0 0 0 19
41	1	0.0	3	0 0 0 1
42	2	0.0	3	1 1
43	2	0.0	3	0 0 1 1
44	4	0.0	3	0 2 0 2
45	2	0.0	3	2
46	1	0.0	3	0 0 0 1
47	2	0.0	3	1 1
49	1	0.0	3	0 0 0 1
50	1	0.0	3	0 1
52	1	0.0	3	0 1
53	2	0.0	3	1 1
54	4	0.0	3	2 2
57	2	0.0	3	0 1 0 1


=== Second read: Adapter 22 ===

Sequence: ACGTTGGATGGAAAAATAAACTGTAAATCATATTCCT; Type: regular 5'; Length: 37; Trimmed: 38002 times.

No. of allowed errors:
0-9 bp: 0; 10-19 bp: 1; 20-29 bp: 2; 30-37 bp: 3

Overview of removed sequences
length	count	expect	max.err	error counts
3	140	3552.5	0	140
4	208	888.1	0	208
14	2	0.0	1	0 2
19	4	0.0	1	0 0 4
20	6	0.0	2	2 2 2
21	2	0.0	2	0 0 2
22	1	0.0	2	0 0 1
23	1	0.0	2	0 0 1
24	3	0.0	2	0 1 2
28	1	0.0	2	0 0 1
30	1	0.0	3	0 1
31	7	0.0	3	0 1 2 4
32	24	0.0	3	3 3 5 13
33	51	0.0	3	3 10 5 33
34	116	0.0	3	0 13 25 78
35	914	0.0	3	4 8 574 328
36	2749	0.0	3	8 1133 828 780
37	9328	0.0	3	1289 2904 1880 3255
38	1307	0.0	3	0 159 521 627
39	22936	0.0	3	0 0 9157 13779
40	159	0.0	3	0 0 0 159
41	3	0.0	3	0 0 2 1
42	1	0.0	3	0 0 0 1
43	1	0.0	3	0 0 0 1
44	3	0.0	3	0 1 1 1
45	5	0.0	3	0 2 0 3
46	5	0.0	3	0 2 3
47	6	0.0	3	0 1 2 3
48	3	0.0	3	0 1 1 1
49	2	0.0	3	0 0 2
50	3	0.0	3	0 2 1
51	1	0.0	3	0 0 1
52	1	0.0	3	0 0 0 1
53	3	0.0	3	0 0 0 3
55	1	0.0	3	0 1
56	1	0.0	3	0 1
57	1	0.0	3	0 1
58	1	0.0	3	0 0 1
61	1	0.0	3	0 0 1


=== Second read: Adapter 23 ===

Sequence: ACGTTGGATGGAAAAATAAACTGTAAATCATATTC; Type: regular 5'; Length: 35; Trimmed: 3569 times.

No. of allowed errors:
0-9 bp: 0; 10-19 bp: 1; 20-29 bp: 2; 30-35 bp: 3

Overview of removed sequences
length	count	expect	max.err	error counts
17	1	0.0	1	1
19	2	0.0	1	1 1
26	1	0.0	2	0 0 1
29	2	0.0	2	0 0 0 2
30	9	0.0	3	1 1 1 6
31	12	0.0	3	0 2 1 9
32	282	0.0	3	0 0 1 281
33	120	0.0	3	0 1 39 80
34	693	0.0	3	0 206 117 370
35	2124	0.0	3	182 261 228 1453
36	234	0.0	3	0 25 69 140
37	55	0.0	3	0 0 17 38
38	27	0.0	3	0 0 0 27
41	1	0.0	3	0 0 0 1
43	1	0.0	3	0 1
45	2	0.0	3	0 0 0 2
46	1	0.0	3	0 0 0 1
52	1	0.0	3	0 1
54	1	0.0	3	0 0 1


=== Second read: Adapter 24 ===

Sequence: ACGTTGGATGGAAAAATAAATTGTAAATCAAATTC; Type: regular 5'; Length: 35; Trimmed: 2155 times.

No. of allowed errors:
0-9 bp: 0; 10-19 bp: 1; 20-29 bp: 2; 30-35 bp: 3

Overview of removed sequences
length	count	expect	max.err	error counts
6	3	55.5	0	3
20	1	0.0	2	1
28	1	0.0	2	1
29	1	0.0	2	0 0 0 1
30	1	0.0	3	1
31	4	0.0	3	3 0 0 1
32	4	0.0	3	0 0 0 4
33	14	0.0	3	1 0 4 9
34	108	0.0	3	3 44 33 28
35	1912	0.0	3	954 494 285 179
36	65	0.0	3	0 11 16 38
37	22	0.0	3	0 0 10 12
38	14	0.0	3	0 0 0 14
43	1	0.0	3	1
44	1	0.0	3	0 0 0 1
46	1	0.0	3	0 0 1
49	1	0.0	3	0 1
50	1	0.0	3	1
