This is cutadapt 2.6 with Python 3.7.3
Command line parameters: -g ACGTTGGATGTTTGTTACTATGGTAGATACCACAC -g ACGTTGGATGTTTGTTACTAAGGTAGATACCACTC -g ACGTTGGATGTTTGTTACTGTGGTGGATACTAC -g ACGTTGGATGTTTGTTACTGTTGTGGATACAAC -g ACGTTGGATGTTTGTTACCGTTGTTGATACTAC -g ACGTTGGATGAATATATGTGTGCTTATTTG -G ACGTTGGATGTTTGTTACTATGGTAGATACCACAC -G ACGTTGGATGTTTGTTACTGTGGTGGATACTAC -G ACGTTGGATGTTTGTTACTGTTGTGGATACAAC -G ACGTTGGATGTTTGTTACCGTTGTTGATACTAC -G ACGTTGGATGAATATATGTGTGCTTATTTG -G ACGTTGGATGTTTGTTACTAAGGTAGATACCACTC -g ACGTTGGATGGAAAAATAAACTGCAAATCATATTC -g ACGTTGGATGGAAAAATAAACTGTAAATCATATTC -g ACGTTGGATGGAAAAATAAATTGTAAATCATACTC -g ACGTTGGATGAGATTAGGGAAAGTATTAGA -g ACGTTGGATGGAAAAATAAATTGTAAATCAAATTC -g ACGTTGGATGGAAAAATAAACTGTAAATCATATTCCT -G ACGTTGGATGGAAAAATAAACTGCAAATCATATTC -G ACGTTGGATGAGATTAGGGAAAGTATTAGA -G ACGTTGGATGGAAAAATAAATTGTAAATCATACTC -G ACGTTGGATGGAAAAATAAACTGTAAATCATATTCCT -G ACGTTGGATGGAAAAATAAACTGTAAATCATATTC -G ACGTTGGATGGAAAAATAAATTGTAAATCAAATTC --minimum-length=1 -o /data/projects/mdc-971/reprocess_June_2019_data/analysis/30.primer_trimmed/180406_S48_cutadapt.1.fq.gz -p /data/projects/mdc-971/reprocess_June_2019_data/analysis/30.primer_trimmed/180406_S48_cutadapt.2.fq.gz /data/projects/mdc-971/reprocess_June_2019_data/analysis/20.adapter_trimmed/180406_S48_R1_001.bbduked.trimmed.fastq.gz /data/projects/mdc-971/reprocess_June_2019_data/analysis/20.adapter_trimmed/180406_S48_R2_001.bbduked.trimmed.fastq.gz
Processing reads on 1 core in paired-end mode ...
Finished in 59.64 s (381 us/read; 0.16 M reads/minute).

=== Summary ===

Total read pairs processed:            156,332
  Read 1 with adapter:                 133,499 (85.4%)
  Read 2 with adapter:                 113,255 (72.4%)
Pairs that were too short:                   0 (0.0%)
Pairs written (passing filters):       156,332 (100.0%)

Total basepairs processed:    46,803,732 bp
  Read 1:    23,353,958 bp
  Read 2:    23,449,774 bp
Total written (filtered):     38,051,033 bp (81.3%)
  Read 1:    18,595,940 bp
  Read 2:    19,455,093 bp

=== First read: Adapter 1 ===

Sequence: ACGTTGGATGTTTGTTACTATGGTAGATACCACAC; Type: regular 5'; Length: 35; Trimmed: 23484 times.

No. of allowed errors:
0-9 bp: 0; 10-19 bp: 1; 20-29 bp: 2; 30-35 bp: 3

Overview of removed sequences
length	count	expect	max.err	error counts
3	4	2442.7	0	4
4	1	610.7	0	1
19	1	0.0	1	0 1
20	1	0.0	2	0 1
26	3	0.0	2	0 3
27	8	0.0	2	2 3 3
28	24	0.0	2	5 10 7 2
29	32	0.0	2	7 9 10 6
30	193	0.0	3	28 95 44 26
31	81	0.0	3	6 46 20 9
32	236	0.0	3	18 78 51 89
33	1173	0.0	3	42 142 546 443
34	2299	0.0	3	61 938 787 513
35	18648	0.0	3	3672 10183 3188 1605
36	564	0.0	3	1 135 263 165
37	71	0.0	3	0 2 39 30
38	139	0.0	3	0 0 0 139
39	1	0.0	3	1
46	2	0.0	3	1 0 0 1
49	1	0.0	3	0 1
64	1	0.0	3	0 1
65	1	0.0	3	0 1


=== First read: Adapter 2 ===

Sequence: ACGTTGGATGTTTGTTACTAAGGTAGATACCACTC; Type: regular 5'; Length: 35; Trimmed: 26483 times.

No. of allowed errors:
0-9 bp: 0; 10-19 bp: 1; 20-29 bp: 2; 30-35 bp: 3

Overview of removed sequences
length	count	expect	max.err	error counts
3	2	2442.7	0	2
4	1	610.7	0	1
10	2	0.1	1	2
14	1	0.0	1	1
15	1	0.0	1	1
16	1	0.0	1	0 1
22	1	0.0	2	1
23	1	0.0	2	1
25	3	0.0	2	1 2
26	8	0.0	2	2 5 1
27	30	0.0	2	12 12 6
28	30	0.0	2	18 7 5
29	92	0.0	2	46 28 15 3
30	384	0.0	3	227 102 35 20
31	382	0.0	3	188 113 53 28
32	613	0.0	3	274 204 91 44
33	711	0.0	3	249 192 167 103
34	2144	0.0	3	415 917 481 331
35	21465	0.0	3	13601 4388 2221 1255
36	456	0.0	3	5 210 145 96
37	52	0.0	3	1 1 19 31
38	93	0.0	3	0 0 0 93
39	2	0.0	3	2
41	1	0.0	3	0 1
43	2	0.0	3	1 1
44	1	0.0	3	1
47	1	0.0	3	1
48	1	0.0	3	1
49	1	0.0	3	0 0 1
54	1	0.0	3	1


=== First read: Adapter 3 ===

Sequence: ACGTTGGATGTTTGTTACTGTGGTGGATACTAC; Type: regular 5'; Length: 33; Trimmed: 8703 times.

No. of allowed errors:
0-9 bp: 0; 10-19 bp: 1; 20-29 bp: 2; 30-33 bp: 3

Overview of removed sequences
length	count	expect	max.err	error counts
3	3	2442.7	0	3
4	1	610.7	0	1
14	3	0.0	1	3
17	1	0.0	1	1
18	2	0.0	1	1 1
19	6	0.0	1	3 2 1
20	4	0.0	2	2 1 1
21	2	0.0	2	0 2
22	4	0.0	2	1 1 2
23	4	0.0	2	2 2
24	28	0.0	2	15 12 1
25	77	0.0	2	39 30 8
26	110	0.0	2	47 45 18
27	241	0.0	2	154 57 29 1
28	534	0.0	2	316 162 54 2
29	277	0.0	2	118 92 56 11
30	906	0.0	3	367 275 151 113
31	676	0.0	3	128 167 201 180
32	1007	0.0	3	109 334 305 259
33	3954	0.0	3	1522 1176 709 547
34	808	0.0	3	0 427 259 122
35	18	0.0	3	0 2 7 9
36	25	0.0	3	0 1 0 24
37	2	0.0	3	1 1
38	1	0.0	3	0 1
39	1	0.0	3	1
41	1	0.0	3	1
42	3	0.0	3	2 0 1
44	2	0.0	3	1 0 1
45	1	0.0	3	0 0 1
54	1	0.0	3	0 0 1


=== First read: Adapter 4 ===

Sequence: ACGTTGGATGTTTGTTACTGTTGTGGATACAAC; Type: regular 5'; Length: 33; Trimmed: 3488 times.

No. of allowed errors:
0-9 bp: 0; 10-19 bp: 1; 20-29 bp: 2; 30-33 bp: 3

Overview of removed sequences
length	count	expect	max.err	error counts
3	12	2442.7	0	12
4	1	610.7	0	1
24	4	0.0	2	1 1 2
25	12	0.0	2	9 2 1
26	9	0.0	2	4 2 3
27	13	0.0	2	7 3 3
28	51	0.0	2	33 13 5
29	28	0.0	2	12 12 4
30	55	0.0	3	24 20 7 4
31	98	0.0	3	14 16 31 37
32	257	0.0	3	27 95 69 66
33	2789	0.0	3	1304 658 545 282
34	123	0.0	3	3 47 37 36
35	22	0.0	3	0 0 8 14
36	13	0.0	3	0 0 0 13
44	1	0.0	3	0 1


=== First read: Adapter 5 ===

Sequence: ACGTTGGATGTTTGTTACCGTTGTTGATACTAC; Type: regular 5'; Length: 33; Trimmed: 8138 times.

No. of allowed errors:
0-9 bp: 0; 10-19 bp: 1; 20-29 bp: 2; 30-33 bp: 3

Overview of removed sequences
length	count	expect	max.err	error counts
11	1	0.0	1	1
19	2	0.0	1	1 1
20	4	0.0	2	3 1
23	1	0.0	2	0 0 1
24	12	0.0	2	9 2 1
25	34	0.0	2	20 9 5
26	53	0.0	2	23 19 11
27	125	0.0	2	80 31 14
28	385	0.0	2	241 108 35 1
29	316	0.0	2	114 115 76 11
30	971	0.0	3	437 301 132 101
31	838	0.0	3	223 287 181 147
32	1306	0.0	3	149 420 422 315
33	3863	0.0	3	1486 1364 666 347
34	172	0.0	3	1 94 48 29
35	30	0.0	3	0 2 8 20
36	17	0.0	3	2 1 0 14
38	1	0.0	3	0 0 0 1
39	1	0.0	3	0 0 1
40	1	0.0	3	0 1
41	1	0.0	3	0 1
42	1	0.0	3	1
45	2	0.0	3	0 1 1
48	1	0.0	3	0 0 1


=== First read: Adapter 6 ===

Sequence: ACGTTGGATGAATATATGTGTGCTTATTTG; Type: regular 5'; Length: 30; Trimmed: 53 times.

No. of allowed errors:
0-9 bp: 0; 10-19 bp: 1; 20-29 bp: 2; 30 bp: 3

Overview of removed sequences
length	count	expect	max.err	error counts
3	41	2442.7	0	41
4	9	610.7	0	9
5	2	152.7	0	2
29	1	0.0	2	0 0 1


=== First read: Adapter 7 ===

Sequence: ACGTTGGATGGAAAAATAAACTGCAAATCATATTC; Type: regular 5'; Length: 35; Trimmed: 10559 times.

No. of allowed errors:
0-9 bp: 0; 10-19 bp: 1; 20-29 bp: 2; 30-35 bp: 3

Overview of removed sequences
length	count	expect	max.err	error counts
3	1	2442.7	0	1
19	1	0.0	1	1
24	1	0.0	2	0 1
25	1	0.0	2	1
27	2	0.0	2	2
29	8	0.0	2	1 7
30	59	0.0	3	2 33 15 9
31	48	0.0	3	0 29 14 5
32	131	0.0	3	5 38 15 73
33	254	0.0	3	1 57 103 93
34	1998	0.0	3	8 1388 414 188
35	6692	0.0	3	1889 2876 1052 875
36	769	0.0	3	0 580 108 81
37	113	0.0	3	0 0 39 74
38	479	0.0	3	0 0 0 479
43	1	0.0	3	0 1
53	1	0.0	3	0 1


=== First read: Adapter 8 ===

Sequence: ACGTTGGATGGAAAAATAAACTGTAAATCATATTC; Type: regular 5'; Length: 35; Trimmed: 1815 times.

No. of allowed errors:
0-9 bp: 0; 10-19 bp: 1; 20-29 bp: 2; 30-35 bp: 3

Overview of removed sequences
length	count	expect	max.err	error counts
25	1	0.0	2	0 1
30	2	0.0	3	0 0 0 2
32	46	0.0	3	0 0 1 45
33	50	0.0	3	0 0 25 25
34	590	0.0	3	0 379 73 138
35	957	0.0	3	91 161 137 568
36	87	0.0	3	0 12 20 55
37	63	0.0	3	0 0 21 42
38	19	0.0	3	0 0 0 19


=== First read: Adapter 9 ===

Sequence: ACGTTGGATGGAAAAATAAATTGTAAATCATACTC; Type: regular 5'; Length: 35; Trimmed: 1152 times.

No. of allowed errors:
0-9 bp: 0; 10-19 bp: 1; 20-29 bp: 2; 30-35 bp: 3

Overview of removed sequences
length	count	expect	max.err	error counts
31	4	0.0	3	3 1
32	5	0.0	3	0 2 0 3
33	15	0.0	3	0 3 7 5
34	59	0.0	3	13 31 9 6
35	1037	0.0	3	640 199 97 101
36	6	0.0	3	0 1 3 2
37	8	0.0	3	0 0 2 6
38	17	0.0	3	0 0 0 17
41	1	0.0	3	1


=== First read: Adapter 10 ===

Sequence: ACGTTGGATGAGATTAGGGAAAGTATTAGA; Type: regular 5'; Length: 30; Trimmed: 15 times.

No. of allowed errors:
0-9 bp: 0; 10-19 bp: 1; 20-29 bp: 2; 30 bp: 3

Overview of removed sequences
length	count	expect	max.err	error counts
3	13	2442.7	0	13
4	2	610.7	0	2


=== First read: Adapter 11 ===

Sequence: ACGTTGGATGGAAAAATAAATTGTAAATCAAATTC; Type: regular 5'; Length: 35; Trimmed: 782 times.

No. of allowed errors:
0-9 bp: 0; 10-19 bp: 1; 20-29 bp: 2; 30-35 bp: 3

Overview of removed sequences
length	count	expect	max.err	error counts
31	1	0.0	3	1
32	1	0.0	3	1
33	2	0.0	3	1 0 1
34	15	0.0	3	1 2 5 7
35	742	0.0	3	414 165 105 58
36	9	0.0	3	0 2 3 4
37	2	0.0	3	0 0 1 1
38	10	0.0	3	0 0 0 10


=== First read: Adapter 12 ===

Sequence: ACGTTGGATGGAAAAATAAACTGTAAATCATATTCCT; Type: regular 5'; Length: 37; Trimmed: 48827 times.

No. of allowed errors:
0-9 bp: 0; 10-19 bp: 1; 20-29 bp: 2; 30-37 bp: 3

Overview of removed sequences
length	count	expect	max.err	error counts
3	18	2442.7	0	18
4	1	610.7	0	1
29	1	0.0	2	0 0 1
30	1	0.0	3	0 1
32	12	0.0	3	3 4 1 4
33	19	0.0	3	0 2 3 14
34	86	0.0	3	4 6 13 63
35	555	0.0	3	3 7 382 163
36	1909	0.0	3	5 982 461 461
37	8229	0.0	3	1687 3052 1409 2081
38	1298	0.0	3	1 274 496 527
39	36562	0.0	3	0 0 16357 20205
40	125	0.0	3	0 0 2 123
41	6	0.0	3	0 0 3 3
46	1	0.0	3	0 0 1
47	1	0.0	3	0 0 0 1
48	1	0.0	3	0 0 1
52	1	0.0	3	0 0 1
58	1	0.0	3	0 0 1


=== Second read: Adapter 13 ===

Sequence: ACGTTGGATGTTTGTTACTATGGTAGATACCACAC; Type: regular 5'; Length: 35; Trimmed: 22902 times.

No. of allowed errors:
0-9 bp: 0; 10-19 bp: 1; 20-29 bp: 2; 30-35 bp: 3

Overview of removed sequences
length	count	expect	max.err	error counts
3	7	2442.7	0	7
4	4	610.7	0	4
10	1	0.1	1	1
19	1	0.0	1	0 1
26	1	0.0	2	0 1
28	9	0.0	2	0 3 4 2
29	17	0.0	2	2 6 3 6
30	33	0.0	3	3 6 12 12
31	64	0.0	3	2 21 25 16
32	118	0.0	3	3 21 36 58
33	1791	0.0	3	18 61 836 876
34	1205	0.0	3	13 286 469 437
35	18732	0.0	3	2380 8764 4741 2847
36	598	0.0	3	0 104 303 191
37	160	0.0	3	0 3 55 102
38	139	0.0	3	0 0 0 139
42	1	0.0	3	0 0 1
43	5	0.0	3	0 2 1 2
44	6	0.0	3	2 2 2
46	4	0.0	3	0 3 1
47	1	0.0	3	1
49	1	0.0	3	0 1
50	2	0.0	3	0 1 0 1
53	1	0.0	3	0 0 1
54	1	0.0	3	0 1


=== Second read: Adapter 14 ===

Sequence: ACGTTGGATGTTTGTTACTGTGGTGGATACTAC; Type: regular 5'; Length: 33; Trimmed: 7473 times.

No. of allowed errors:
0-9 bp: 0; 10-19 bp: 1; 20-29 bp: 2; 30-33 bp: 3

Overview of removed sequences
length	count	expect	max.err	error counts
3	13	2442.7	0	13
4	1	610.7	0	1
5	2	152.7	0	2
14	1	0.0	1	0 1
15	1	0.0	1	0 1
17	3	0.0	1	2 1
18	1	0.0	1	0 1
20	2	0.0	2	1 0 1
21	1	0.0	2	1
22	2	0.0	2	0 1 1
24	5	0.0	2	3 1 1
25	8	0.0	2	1 3 4
26	21	0.0	2	3 14 4
27	12	0.0	2	5 5 2
28	56	0.0	2	17 21 18
29	89	0.0	2	21 39 25 4
30	618	0.0	3	28 69 50 471
31	533	0.0	3	43 70 197 223
32	1226	0.0	3	35 370 404 417
33	4074	0.0	3	1545 1242 712 575
34	633	0.0	3	2 263 233 135
35	31	0.0	3	0 1 7 23
36	24	0.0	3	0 0 0 24
37	2	0.0	3	1 1
38	2	0.0	3	0 0 1 1
39	3	0.0	3	0 0 2 1
40	4	0.0	3	0 0 3 1
41	19	0.0	3	6 5 6 2
42	22	0.0	3	7 8 5 2
43	10	0.0	3	1 3 4 2
44	15	0.0	3	4 4 5 2
45	11	0.0	3	3 7 0 1
47	1	0.0	3	1
48	4	0.0	3	2 0 0 2
49	1	0.0	3	0 1
50	10	0.0	3	4 2 3 1
51	4	0.0	3	2 1 0 1
52	1	0.0	3	0 0 1
53	5	0.0	3	2 1 0 2
54	1	0.0	3	0 1
73	1	0.0	3	1


=== Second read: Adapter 15 ===

Sequence: ACGTTGGATGTTTGTTACTGTTGTGGATACAAC; Type: regular 5'; Length: 33; Trimmed: 3688 times.

No. of allowed errors:
0-9 bp: 0; 10-19 bp: 1; 20-29 bp: 2; 30-33 bp: 3

Overview of removed sequences
length	count	expect	max.err	error counts
3	345	2442.7	0	345
4	1	610.7	0	1
5	1	152.7	0	1
20	1	0.0	2	0 0 1
24	1	0.0	2	0 1
25	1	0.0	2	0 1
26	2	0.0	2	1 0 1
27	2	0.0	2	0 1 1
28	6	0.0	2	4 1 1
29	11	0.0	2	4 3 4
30	31	0.0	3	9 6 6 10
31	95	0.0	3	11 5 34 45
32	570	0.0	3	14 208 169 179
33	2357	0.0	3	815 597 553 392
34	131	0.0	3	1 41 42 47
35	33	0.0	3	0 0 14 19
36	27	0.0	3	0 0 0 27
40	3	0.0	3	2 1
41	16	0.0	3	4 5 4 3
42	5	0.0	3	1 1 2 1
43	3	0.0	3	0 0 1 2
44	3	0.0	3	0 2 1
45	3	0.0	3	2 1
46	4	0.0	3	2 2
48	5	0.0	3	1 1 1 2
49	6	0.0	3	2 3 0 1
50	2	0.0	3	1 1
51	5	0.0	3	3 0 1 1
52	4	0.0	3	2 2
53	5	0.0	3	1 2 1 1
54	3	0.0	3	0 1 1 1
55	3	0.0	3	1 0 2
57	2	0.0	3	0 1 0 1
60	1	0.0	3	0 1


=== Second read: Adapter 16 ===

Sequence: ACGTTGGATGTTTGTTACCGTTGTTGATACTAC; Type: regular 5'; Length: 33; Trimmed: 7376 times.

No. of allowed errors:
0-9 bp: 0; 10-19 bp: 1; 20-29 bp: 2; 30-33 bp: 3

Overview of removed sequences
length	count	expect	max.err	error counts
15	1	0.0	1	1
17	1	0.0	1	0 1
18	1	0.0	1	1
20	1	0.0	2	0 0 1
24	3	0.0	2	2 0 1
25	2	0.0	2	1 1
26	12	0.0	2	1 9 2
27	17	0.0	2	9 5 3
28	52	0.0	2	17 21 14
29	141	0.0	2	46 53 38 4
30	839	0.0	3	83 78 64 614
31	501	0.0	3	122 97 149 133
32	1386	0.0	3	76 411 491 408
33	4013	0.0	3	1708 1147 720 438
34	257	0.0	3	0 84 86 87
35	66	0.0	3	0 2 39 25
36	31	0.0	3	0 1 0 30
38	2	0.0	3	1 1
39	2	0.0	3	1 0 1
40	5	0.0	3	0 2 2 1
41	16	0.0	3	6 5 4 1
42	4	0.0	3	0 3 0 1
43	4	0.0	3	1 2 1
44	6	0.0	3	3 1 0 2
45	5	0.0	3	0 3 2
46	1	0.0	3	1
47	1	0.0	3	1
48	2	0.0	3	0 2
50	1	0.0	3	0 1
53	1	0.0	3	1
54	1	0.0	3	1
55	1	0.0	3	1


=== Second read: Adapter 17 ===

Sequence: ACGTTGGATGAATATATGTGTGCTTATTTG; Type: regular 5'; Length: 30; Trimmed: 195 times.

No. of allowed errors:
0-9 bp: 0; 10-19 bp: 1; 20-29 bp: 2; 30 bp: 3

Overview of removed sequences
length	count	expect	max.err	error counts
3	184	2442.7	0	184
4	8	610.7	0	8
5	1	152.7	0	1
6	2	38.2	0	2


=== Second read: Adapter 18 ===

Sequence: ACGTTGGATGTTTGTTACTAAGGTAGATACCACTC; Type: regular 5'; Length: 35; Trimmed: 26201 times.

No. of allowed errors:
0-9 bp: 0; 10-19 bp: 1; 20-29 bp: 2; 30-35 bp: 3

Overview of removed sequences
length	count	expect	max.err	error counts
3	3	2442.7	0	3
4	1	610.7	0	1
22	1	0.0	2	0 0 1
26	4	0.0	2	2 2
27	4	0.0	2	1 0 3
28	8	0.0	2	8
29	19	0.0	2	8 7 4
30	76	0.0	3	33 17 16 10
31	133	0.0	3	31 45 30 27
32	160	0.0	3	42 43 40 35
33	508	0.0	3	113 66 127 202
34	1601	0.0	3	114 617 480 390
35	22918	0.0	3	10310 6221 3945 2442
36	531	0.0	3	7 225 171 128
37	89	0.0	3	0 0 29 60
38	104	0.0	3	0 1 0 103
40	1	0.0	3	0 0 0 1
41	1	0.0	3	0 1
42	2	0.0	3	1 0 0 1
43	7	0.0	3	3 1 1 2
44	5	0.0	3	2 1 0 2
45	1	0.0	3	1
46	5	0.0	3	1 2 1 1
47	4	0.0	3	0 3 0 1
48	2	0.0	3	2
50	2	0.0	3	1 0 1
51	2	0.0	3	0 2
52	1	0.0	3	0 0 0 1
53	1	0.0	3	0 1
54	1	0.0	3	1
55	5	0.0	3	2 3
60	1	0.0	3	1


=== Second read: Adapter 19 ===

Sequence: ACGTTGGATGGAAAAATAAACTGCAAATCATATTC; Type: regular 5'; Length: 35; Trimmed: 9739 times.

No. of allowed errors:
0-9 bp: 0; 10-19 bp: 1; 20-29 bp: 2; 30-35 bp: 3

Overview of removed sequences
length	count	expect	max.err	error counts
3	24	2442.7	0	24
4	5	610.7	0	5
6	2	38.2	0	2
18	2	0.0	1	1 1
29	1	0.0	2	0 0 1
30	6	0.0	3	1 4 1
31	19	0.0	3	1 6 5 7
32	30	0.0	3	1 7 5 17
33	94	0.0	3	0 13 34 47
34	891	0.0	3	1 381 267 242
35	7715	0.0	3	658 3671 1973 1413
36	628	0.0	3	1 380 153 94
37	24	0.0	3	0 0 13 11
38	294	0.0	3	0 0 0 294
44	1	0.0	3	0 1
46	1	0.0	3	0 0 1
48	1	0.0	3	0 0 1
49	1	0.0	3	0 0 0 1


=== Second read: Adapter 20 ===

Sequence: ACGTTGGATGAGATTAGGGAAAGTATTAGA; Type: regular 5'; Length: 30; Trimmed: 22 times.

No. of allowed errors:
0-9 bp: 0; 10-19 bp: 1; 20-29 bp: 2; 30 bp: 3

Overview of removed sequences
length	count	expect	max.err	error counts
3	18	2442.7	0	18
4	3	610.7	0	3
7	1	9.5	0	1


=== Second read: Adapter 21 ===

Sequence: ACGTTGGATGGAAAAATAAATTGTAAATCATACTC; Type: regular 5'; Length: 35; Trimmed: 708 times.

No. of allowed errors:
0-9 bp: 0; 10-19 bp: 1; 20-29 bp: 2; 30-35 bp: 3

Overview of removed sequences
length	count	expect	max.err	error counts
5	1	152.7	0	1
11	1	0.0	1	0 1
14	1	0.0	1	0 1
22	2	0.0	2	0 0 2
26	2	0.0	2	0 1 1
30	4	0.0	3	2 0 1 1
31	1	0.0	3	1
32	3	0.0	3	0 0 0 3
33	9	0.0	3	0 0 3 6
34	33	0.0	3	1 9 8 15
35	632	0.0	3	299 123 99 111
36	5	0.0	3	0 0 0 5
37	5	0.0	3	0 0 1 4
38	6	0.0	3	0 0 0 6
44	1	0.0	3	0 0 1
47	1	0.0	3	1
55	1	0.0	3	1


=== Second read: Adapter 22 ===

Sequence: ACGTTGGATGGAAAAATAAACTGTAAATCATATTCCT; Type: regular 5'; Length: 37; Trimmed: 32445 times.

No. of allowed errors:
0-9 bp: 0; 10-19 bp: 1; 20-29 bp: 2; 30-37 bp: 3

Overview of removed sequences
length	count	expect	max.err	error counts
3	91	2442.7	0	91
4	177	610.7	0	177
14	2	0.0	1	0 2
16	1	0.0	1	0 1
20	3	0.0	2	1 2
21	1	0.0	2	0 1
22	1	0.0	2	0 1
28	1	0.0	2	0 1
29	1	0.0	2	1
32	5	0.0	3	0 2 0 3
33	14	0.0	3	1 4 1 8
34	28	0.0	3	0 1 4 23
35	233	0.0	3	1 2 133 97
36	1056	0.0	3	0 439 299 318
37	6641	0.0	3	524 1876 1107 3134
38	466	0.0	3	0 50 164 252
39	23614	0.0	3	0 0 10293 13321
40	83	0.0	3	0 0 4 79
41	2	0.0	3	0 0 0 2
44	1	0.0	3	0 0 1
45	1	0.0	3	0 1
46	2	0.0	3	0 2
47	3	0.0	3	0 0 1 2
48	3	0.0	3	1 1 1
49	3	0.0	3	1 1 1
50	3	0.0	3	0 1 0 2
51	2	0.0	3	0 1 1
52	1	0.0	3	0 0 0 1
54	3	0.0	3	0 1 1 1
55	1	0.0	3	0 0 0 1
56	1	0.0	3	0 0 1
58	1	0.0	3	0 0 0 1


=== Second read: Adapter 23 ===

Sequence: ACGTTGGATGGAAAAATAAACTGTAAATCATATTC; Type: regular 5'; Length: 35; Trimmed: 1939 times.

No. of allowed errors:
0-9 bp: 0; 10-19 bp: 1; 20-29 bp: 2; 30-35 bp: 3

Overview of removed sequences
length	count	expect	max.err	error counts
17	1	0.0	1	0 1
19	1	0.0	1	0 1
28	1	0.0	2	0 0 1
30	4	0.0	3	0 0 0 4
31	6	0.0	3	0 0 0 6
32	16	0.0	3	0 0 0 16
33	30	0.0	3	0 0 6 24
34	255	0.0	3	0 51 33 171
35	1531	0.0	3	34 101 101 1295
36	76	0.0	3	0 7 18 51
37	6	0.0	3	0 0 2 4
38	11	0.0	3	0 0 0 11
46	1	0.0	3	0 0 0 1


=== Second read: Adapter 24 ===

Sequence: ACGTTGGATGGAAAAATAAATTGTAAATCAAATTC; Type: regular 5'; Length: 35; Trimmed: 567 times.

No. of allowed errors:
0-9 bp: 0; 10-19 bp: 1; 20-29 bp: 2; 30-35 bp: 3

Overview of removed sequences
length	count	expect	max.err	error counts
6	7	38.2	0	7
14	1	0.0	1	1
20	2	0.0	2	0 1 1
21	1	0.0	2	0 0 1
23	1	0.0	2	1
25	1	0.0	2	1
30	4	0.0	3	2 1 1
31	2	0.0	3	1 1
33	1	0.0	3	0 1
34	16	0.0	3	1 4 5 6
35	518	0.0	3	243 139 77 59
36	8	0.0	3	0 2 5 1
37	3	0.0	3	0 0 0 3
38	2	0.0	3	0 0 0 2
