This is cutadapt 2.6 with Python 3.7.3
Command line parameters: -g ACGTTGGATGTTTGTTACTATGGTAGATACCACAC -g ACGTTGGATGTTTGTTACTAAGGTAGATACCACTC -g ACGTTGGATGTTTGTTACTGTGGTGGATACTAC -g ACGTTGGATGTTTGTTACTGTTGTGGATACAAC -g ACGTTGGATGTTTGTTACCGTTGTTGATACTAC -g ACGTTGGATGAATATATGTGTGCTTATTTG -G ACGTTGGATGTTTGTTACTATGGTAGATACCACAC -G ACGTTGGATGTTTGTTACTGTGGTGGATACTAC -G ACGTTGGATGTTTGTTACTGTTGTGGATACAAC -G ACGTTGGATGTTTGTTACCGTTGTTGATACTAC -G ACGTTGGATGAATATATGTGTGCTTATTTG -G ACGTTGGATGTTTGTTACTAAGGTAGATACCACTC -g ACGTTGGATGGAAAAATAAACTGCAAATCATATTC -g ACGTTGGATGGAAAAATAAACTGTAAATCATATTC -g ACGTTGGATGGAAAAATAAATTGTAAATCATACTC -g ACGTTGGATGAGATTAGGGAAAGTATTAGA -g ACGTTGGATGGAAAAATAAATTGTAAATCAAATTC -g ACGTTGGATGGAAAAATAAACTGTAAATCATATTCCT -G ACGTTGGATGGAAAAATAAACTGCAAATCATATTC -G ACGTTGGATGAGATTAGGGAAAGTATTAGA -G ACGTTGGATGGAAAAATAAATTGTAAATCATACTC -G ACGTTGGATGGAAAAATAAACTGTAAATCATATTCCT -G ACGTTGGATGGAAAAATAAACTGTAAATCATATTC -G ACGTTGGATGGAAAAATAAATTGTAAATCAAATTC --minimum-length=1 -o /data/projects/mdc-971/reprocess_June_2019_data/analysis/30.primer_trimmed/180412_S52_cutadapt.1.fq.gz -p /data/projects/mdc-971/reprocess_June_2019_data/analysis/30.primer_trimmed/180412_S52_cutadapt.2.fq.gz /data/projects/mdc-971/reprocess_June_2019_data/analysis/20.adapter_trimmed/180412_S52_R1_001.bbduked.trimmed.fastq.gz /data/projects/mdc-971/reprocess_June_2019_data/analysis/20.adapter_trimmed/180412_S52_R2_001.bbduked.trimmed.fastq.gz
Processing reads on 1 core in paired-end mode ...
Finished in 357.39 s (380 us/read; 0.16 M reads/minute).

=== Summary ===

Total read pairs processed:            941,228
  Read 1 with adapter:                 835,573 (88.8%)
  Read 2 with adapter:                 642,649 (68.3%)
Pairs that were too short:                   0 (0.0%)
Pairs written (passing filters):       941,228 (100.0%)

Total basepairs processed:   275,299,400 bp
  Read 1:   134,115,391 bp
  Read 2:   141,184,009 bp
Total written (filtered):    224,647,099 bp (81.6%)
  Read 1:   105,175,892 bp
  Read 2:   119,471,207 bp

=== First read: Adapter 1 ===

Sequence: ACGTTGGATGTTTGTTACTATGGTAGATACCACAC; Type: regular 5'; Length: 35; Trimmed: 53229 times.

No. of allowed errors:
0-9 bp: 0; 10-19 bp: 1; 20-29 bp: 2; 30-35 bp: 3

Overview of removed sequences
length	count	expect	max.err	error counts
3	8	14706.7	0	8
4	6	3676.7	0	6
13	3	0.0	1	0 3
14	3	0.0	1	1 2
17	1	0.0	1	0 1
18	4	0.0	1	1 3
19	1	0.0	1	1
20	5	0.0	2	0 3 2
21	7	0.0	2	2 3 2
22	11	0.0	2	8 3
23	16	0.0	2	9 3 4
24	6	0.0	2	1 1 4
25	4	0.0	2	0 0 4
26	75	0.0	2	28 18 29
27	98	0.0	2	33 41 22 2
28	159	0.0	2	59 41 45 14
29	303	0.0	2	112 112 59 20
30	611	0.0	3	245 178 117 71
31	347	0.0	3	78 129 91 49
32	764	0.0	3	92 153 163 356
33	2834	0.0	3	86 194 1443 1111
34	8038	0.0	3	108 3574 2525 1831
35	31665	0.0	3	11206 11688 5332 3439
36	3777	0.0	3	6 1670 1252 849
37	1774	0.0	3	0 1 1051 722
38	2697	0.0	3	1 0 1 2695
39	4	0.0	3	2 0 0 2
43	1	0.0	3	0 1
44	1	0.0	3	0 0 1
46	2	0.0	3	1 0 1
50	1	0.0	3	0 1
55	1	0.0	3	0 0 1
60	1	0.0	3	0 0 1
93	1	0.0	3	1


=== First read: Adapter 2 ===

Sequence: ACGTTGGATGTTTGTTACTAAGGTAGATACCACTC; Type: regular 5'; Length: 35; Trimmed: 29853 times.

No. of allowed errors:
0-9 bp: 0; 10-19 bp: 1; 20-29 bp: 2; 30-35 bp: 3

Overview of removed sequences
length	count	expect	max.err	error counts
3	12	14706.7	0	12
14	1	0.0	1	1
15	2	0.0	1	1 1
16	2	0.0	1	1 1
18	2	0.0	1	0 2
19	3	0.0	1	1 1 1
20	4	0.0	2	3 1
21	3	0.0	2	2 0 1
22	4	0.0	2	2 2
23	6	0.0	2	6
24	2	0.0	2	0 2
25	3	0.0	2	1 1 1
26	34	0.0	2	24 6 4
27	56	0.0	2	28 22 6
28	56	0.0	2	24 23 9
29	151	0.0	2	60 57 26 8
30	375	0.0	3	219 96 39 21
31	296	0.0	3	125 96 43 32
32	405	0.0	3	149 125 56 75
33	834	0.0	3	167 137 318 212
34	4650	0.0	3	297 2746 966 641
35	20320	0.0	3	13008 4054 2107 1151
36	1233	0.0	3	6 523 469 235
37	1043	0.0	3	3 2 612 426
38	343	0.0	3	1 0 1 341
39	1	0.0	3	0 0 0 1
41	1	0.0	3	1
42	1	0.0	3	0 0 0 1
44	1	0.0	3	1
45	2	0.0	3	0 0 0 2
47	2	0.0	3	0 1 0 1
51	1	0.0	3	1
58	1	0.0	3	0 0 0 1
66	1	0.0	3	0 0 0 1
70	1	0.0	3	1
108	1	0.0	3	0 0 0 1


=== First read: Adapter 3 ===

Sequence: ACGTTGGATGTTTGTTACTGTGGTGGATACTAC; Type: regular 5'; Length: 33; Trimmed: 116606 times.

No. of allowed errors:
0-9 bp: 0; 10-19 bp: 1; 20-29 bp: 2; 30-33 bp: 3

Overview of removed sequences
length	count	expect	max.err	error counts
3	7	14706.7	0	7
4	1	3676.7	0	1
5	1	919.2	0	1
12	2	0.1	1	2
13	1	0.0	1	1
14	12	0.0	1	8 4
15	5	0.0	1	5
16	14	0.0	1	12 2
17	15	0.0	1	13 2
18	17	0.0	1	7 9 1
19	35	0.0	1	15 15 5
20	77	0.0	2	52 23 2
21	49	0.0	2	26 16 7
22	23	0.0	2	8 12 3
23	57	0.0	2	12 26 19
24	434	0.0	2	225 158 51
25	1012	0.0	2	476 350 186
26	1483	0.0	2	631 578 274
27	2792	0.0	2	1561 902 320 9
28	3714	0.0	2	1763 1352 564 35
29	3107	0.0	2	775 1387 802 143
30	6325	0.0	3	1625 1747 883 2070
31	7997	0.0	3	1316 2041 2546 2094
32	14039	0.0	3	1357 5378 4402 2902
33	51031	0.0	3	21054 16088 8456 5433
34	23000	0.0	3	7 10980 8260 3753
35	1093	0.0	3	2 12 504 575
36	184	0.0	3	3 6 3 172
37	12	0.0	3	3 6 1 2
38	10	0.0	3	1 8 1
39	9	0.0	3	1 2 3 3
40	6	0.0	3	0 4 2
41	6	0.0	3	3 0 3
42	3	0.0	3	1 0 1 1
43	7	0.0	3	2 3 1 1
44	4	0.0	3	1 0 3
45	2	0.0	3	0 1 0 1
46	1	0.0	3	0 0 1
47	3	0.0	3	0 1 0 2
48	2	0.0	3	1 0 0 1
49	8	0.0	3	4 1 2 1
51	2	0.0	3	0 0 1 1
52	1	0.0	3	0 0 0 1
53	1	0.0	3	1
58	1	0.0	3	1
61	1	0.0	3	0 1


=== First read: Adapter 4 ===

Sequence: ACGTTGGATGTTTGTTACTGTTGTGGATACAAC; Type: regular 5'; Length: 33; Trimmed: 56069 times.

No. of allowed errors:
0-9 bp: 0; 10-19 bp: 1; 20-29 bp: 2; 30-33 bp: 3

Overview of removed sequences
length	count	expect	max.err	error counts
3	52	14706.7	0	52
4	1	3676.7	0	1
11	1	0.2	1	1
13	1	0.0	1	1
14	2	0.0	1	2
16	2	0.0	1	2
17	2	0.0	1	2
18	2	0.0	1	0 1 1
19	5	0.0	1	2 2 1
20	18	0.0	2	11 7
21	11	0.0	2	5 3 3
22	4	0.0	2	2 1 1
23	3	0.0	2	1 2
24	93	0.0	2	38 37 18
25	410	0.0	2	173 145 92
26	353	0.0	2	180 127 46
27	622	0.0	2	359 207 55 1
28	1396	0.0	2	851 385 155 5
29	995	0.0	2	442 325 196 32
30	1693	0.0	3	692 548 298 155
31	2353	0.0	3	589 569 623 572
32	6297	0.0	3	681 2534 1481 1601
33	37701	0.0	3	18260 9498 6701 3242
34	2827	0.0	3	22 1355 807 643
35	889	0.0	3	2 1 404 482
36	317	0.0	3	1 0 2 314
37	3	0.0	3	1 0 1 1
41	3	0.0	3	2 1
42	1	0.0	3	1
43	1	0.0	3	0 0 1
44	1	0.0	3	0 0 0 1
45	1	0.0	3	0 0 0 1
46	1	0.0	3	0 0 0 1
49	1	0.0	3	0 1
50	1	0.0	3	0 0 1
52	2	0.0	3	1 0 1
63	1	0.0	3	0 0 0 1
65	2	0.0	3	0 2
95	1	0.0	3	1


=== First read: Adapter 5 ===

Sequence: ACGTTGGATGTTTGTTACCGTTGTTGATACTAC; Type: regular 5'; Length: 33; Trimmed: 53733 times.

No. of allowed errors:
0-9 bp: 0; 10-19 bp: 1; 20-29 bp: 2; 30-33 bp: 3

Overview of removed sequences
length	count	expect	max.err	error counts
11	1	0.2	1	1
14	5	0.0	1	2 3
15	2	0.0	1	1 1
16	3	0.0	1	1 2
17	1	0.0	1	0 1
18	5	0.0	1	1 1 3
19	12	0.0	1	9 3
20	28	0.0	2	19 8 1
21	4	0.0	2	2 1 1
22	6	0.0	2	3 1 2
23	6	0.0	2	0 2 4
24	121	0.0	2	56 48 17
25	285	0.0	2	164 80 41
26	375	0.0	2	151 128 96
27	915	0.0	2	533 279 97 6
28	1760	0.0	2	895 560 288 17
29	1272	0.0	2	349 492 322 109
30	5115	0.0	3	973 1028 551 2563
31	4279	0.0	3	688 950 1133 1508
32	12223	0.0	3	493 2499 6004 3227
33	20273	0.0	3	9832 6018 2925 1498
34	5132	0.0	3	5 2352 1884 891
35	1794	0.0	3	1 1 206 1586
36	82	0.0	3	0 2 2 78
37	11	0.0	3	3 4 3 1
38	4	0.0	3	2 1 1
39	2	0.0	3	1 0 0 1
40	1	0.0	3	0 1
41	2	0.0	3	1 0 0 1
42	3	0.0	3	1 0 1 1
43	1	0.0	3	0 1
44	1	0.0	3	0 1
45	1	0.0	3	0 1
46	1	0.0	3	1
47	1	0.0	3	0 0 1
48	1	0.0	3	0 0 1
49	2	0.0	3	1 0 0 1
52	1	0.0	3	0 0 1
54	1	0.0	3	0 0 1
61	1	0.0	3	0 0 1


=== First read: Adapter 6 ===

Sequence: ACGTTGGATGAATATATGTGTGCTTATTTG; Type: regular 5'; Length: 30; Trimmed: 357 times.

No. of allowed errors:
0-9 bp: 0; 10-19 bp: 1; 20-29 bp: 2; 30 bp: 3

Overview of removed sequences
length	count	expect	max.err	error counts
3	290	14706.7	0	290
4	38	3676.7	0	38
5	5	919.2	0	5
11	1	0.2	1	0 1
29	2	0.0	2	1 0 1
30	21	0.0	3	14 6 1


=== First read: Adapter 7 ===

Sequence: ACGTTGGATGGAAAAATAAACTGCAAATCATATTC; Type: regular 5'; Length: 35; Trimmed: 161152 times.

No. of allowed errors:
0-9 bp: 0; 10-19 bp: 1; 20-29 bp: 2; 30-35 bp: 3

Overview of removed sequences
length	count	expect	max.err	error counts
3	3	14706.7	0	3
15	1	0.0	1	1
17	5	0.0	1	2 3
18	3	0.0	1	2 1
19	3	0.0	1	2 1
22	1	0.0	2	0 0 1
23	4	0.0	2	1 0 3
24	4	0.0	2	1 3
25	5	0.0	2	4 1
26	7	0.0	2	4 1 2
27	9	0.0	2	5 2 2
28	32	0.0	2	13 12 2 5
29	104	0.0	2	18 50 26 10
30	656	0.0	3	274 212 112 58
31	515	0.0	3	228 151 92 44
32	2892	0.0	3	264 188 88 2352
33	3307	0.0	3	140 260 1687 1220
34	30366	0.0	3	359 23303 4596 2108
35	85743	0.0	3	59402 15167 6024 5150
36	33944	0.0	3	1 25781 4898 3264
37	2411	0.0	3	2 1 1072 1336
38	1128	0.0	3	1 0 0 1127
39	1	0.0	3	0 1
41	1	0.0	3	0 1
45	1	0.0	3	0 0 0 1
47	1	0.0	3	0 0 1
50	1	0.0	3	0 1
55	1	0.0	3	0 0 1
56	1	0.0	3	1
64	1	0.0	3	0 0 1
66	1	0.0	3	0 1


=== First read: Adapter 8 ===

Sequence: ACGTTGGATGGAAAAATAAACTGTAAATCATATTC; Type: regular 5'; Length: 35; Trimmed: 32961 times.

No. of allowed errors:
0-9 bp: 0; 10-19 bp: 1; 20-29 bp: 2; 30-35 bp: 3

Overview of removed sequences
length	count	expect	max.err	error counts
18	1	0.0	1	0 1
21	1	0.0	2	0 0 1
24	1	0.0	2	0 0 1
25	1	0.0	2	0 1
26	1	0.0	2	0 1
27	1	0.0	2	0 0 0 1
28	3	0.0	2	0 0 0 3
29	5	0.0	2	0 1 3 1
30	38	0.0	3	6 14 8 10
31	34	0.0	3	6 14 2 12
32	4226	0.0	3	7 9 16 4194
33	1225	0.0	3	6 55 603 561
34	8782	0.0	3	27 6160 1195 1400
35	13501	0.0	3	3389 4422 2739 2951
36	3585	0.0	3	0 852 1288 1445
37	1306	0.0	3	0 0 274 1032
38	247	0.0	3	0 0 0 247
47	1	0.0	3	0 0 0 1
65	1	0.0	3	0 0 1
67	1	0.0	3	0 0 0 1


=== First read: Adapter 9 ===

Sequence: ACGTTGGATGGAAAAATAAATTGTAAATCATACTC; Type: regular 5'; Length: 35; Trimmed: 76978 times.

No. of allowed errors:
0-9 bp: 0; 10-19 bp: 1; 20-29 bp: 2; 30-35 bp: 3

Overview of removed sequences
length	count	expect	max.err	error counts
20	1	0.0	2	1
21	3	0.0	2	1 0 2
23	2	0.0	2	1 1
27	6	0.0	2	3 2 1
28	3	0.0	2	3
29	6	0.0	2	4 2
30	48	0.0	3	24 16 6 2
31	66	0.0	3	44 11 6 5
32	273	0.0	3	19 11 5 238
33	1878	0.0	3	53 67 1169 589
34	5144	0.0	3	1460 2503 836 345
35	67959	0.0	3	46414 11823 3629 6093
36	598	0.0	3	16 218 199 165
37	432	0.0	3	4 0 141 287
38	513	0.0	3	1 1 0 511
39	2	0.0	3	2
40	1	0.0	3	1
42	5	0.0	3	5
43	6	0.0	3	3 0 3
44	7	0.0	3	7
45	5	0.0	3	3 0 1 1
46	2	0.0	3	1 0 0 1
48	2	0.0	3	1 0 0 1
49	3	0.0	3	3
52	2	0.0	3	1 1
53	2	0.0	3	0 0 0 2
55	1	0.0	3	1
56	2	0.0	3	2
57	2	0.0	3	2
58	1	0.0	3	0 1
62	1	0.0	3	0 0 0 1
65	1	0.0	3	1
68	1	0.0	3	0 0 1


=== First read: Adapter 10 ===

Sequence: ACGTTGGATGAGATTAGGGAAAGTATTAGA; Type: regular 5'; Length: 30; Trimmed: 145 times.

No. of allowed errors:
0-9 bp: 0; 10-19 bp: 1; 20-29 bp: 2; 30 bp: 3

Overview of removed sequences
length	count	expect	max.err	error counts
3	132	14706.7	0	132
4	5	3676.7	0	5
27	2	0.0	2	0 0 0 2
29	1	0.0	2	0 0 1
30	5	0.0	3	2 2 1


=== First read: Adapter 11 ===

Sequence: ACGTTGGATGGAAAAATAAATTGTAAATCAAATTC; Type: regular 5'; Length: 35; Trimmed: 30111 times.

No. of allowed errors:
0-9 bp: 0; 10-19 bp: 1; 20-29 bp: 2; 30-35 bp: 3

Overview of removed sequences
length	count	expect	max.err	error counts
6	1	229.8	0	1
20	1	0.0	2	0 0 1
26	1	0.0	2	0 1
28	1	0.0	2	0 1
29	1	0.0	2	1
30	18	0.0	3	10 4 3 1
31	19	0.0	3	13 6
32	53	0.0	3	7 6 0 40
33	158	0.0	3	17 11 70 60
34	1067	0.0	3	125 518 244 180
35	27792	0.0	3	19536 5261 2058 937
36	431	0.0	3	1 177 134 119
37	324	0.0	3	1 0 188 135
38	238	0.0	3	1 0 0 237
39	1	0.0	3	1
40	1	0.0	3	0 1
44	1	0.0	3	1
46	1	0.0	3	1
54	1	0.0	3	1
62	1	0.0	3	0 1


=== First read: Adapter 12 ===

Sequence: ACGTTGGATGGAAAAATAAACTGTAAATCATATTCCT; Type: regular 5'; Length: 37; Trimmed: 224379 times.

No. of allowed errors:
0-9 bp: 0; 10-19 bp: 1; 20-29 bp: 2; 30-37 bp: 3

Overview of removed sequences
length	count	expect	max.err	error counts
3	49	14706.7	0	49
4	5	3676.7	0	5
18	1	0.0	1	0 0 1
19	1	0.0	1	1
20	6	0.0	2	3 2 1
21	1	0.0	2	1
22	3	0.0	2	3
23	2	0.0	2	1 0 1
24	2	0.0	2	0 0 2
25	2	0.0	2	1 0 1
26	4	0.0	2	0 3 1
27	6	0.0	2	2 3 1
28	5	0.0	2	1 3 1
29	10	0.0	2	4 3 3
30	29	0.0	3	1 8 13 7
31	189	0.0	3	4 96 61 28
32	462	0.0	3	76 214 126 46
33	450	0.0	3	75 213 107 55
34	1014	0.0	3	80 231 188 515
35	14289	0.0	3	91 516 10804 2878
36	67690	0.0	3	339 44654 15358 7339
37	104371	0.0	3	31765 50668 15727 6211
38	14894	0.0	3	9 2692 8034 4159
39	19378	0.0	3	1 3 3306 16068
40	1503	0.0	3	0 0 1 1502
41	1	0.0	3	0 1
44	1	0.0	3	0 0 1
45	2	0.0	3	0 1 1
46	1	0.0	3	0 1
49	1	0.0	3	0 1
51	1	0.0	3	0 1
52	3	0.0	3	1 1 1
57	1	0.0	3	1
60	1	0.0	3	0 1
63	1	0.0	3	0 0 0 1


=== Second read: Adapter 13 ===

Sequence: ACGTTGGATGTTTGTTACTATGGTAGATACCACAC; Type: regular 5'; Length: 35; Trimmed: 49775 times.

No. of allowed errors:
0-9 bp: 0; 10-19 bp: 1; 20-29 bp: 2; 30-35 bp: 3

Overview of removed sequences
length	count	expect	max.err	error counts
3	21	14706.7	0	21
4	51	3676.7	0	51
8	1	14.4	0	1
10	2	0.9	1	1 1
11	1	0.2	1	1
16	1	0.0	1	1
18	3	0.0	1	2 1
19	10	0.0	1	5 4 1
20	1	0.0	2	0 0 1
21	5	0.0	2	3 2
22	9	0.0	2	3 5 1
23	5	0.0	2	3 0 2
24	5	0.0	2	0 3 2
25	5	0.0	2	0 1 4
26	22	0.0	2	3 5 14
27	19	0.0	2	2 6 11
28	39	0.0	2	12 16 8 3
29	66	0.0	2	20 20 16 10
30	138	0.0	3	20 34 43 41
31	172	0.0	3	18 41 54 59
32	328	0.0	3	11 39 56 222
33	3848	0.0	3	35 65 1617 2131
34	5428	0.0	3	28 1621 1809 1970
35	32316	0.0	3	7495 10926 8112 5783
36	3508	0.0	3	2 1000 1291 1215
37	2036	0.0	3	0 0 970 1066
38	1656	0.0	3	0 0 0 1656
39	1	0.0	3	0 0 1
41	1	0.0	3	0 0 0 1
42	3	0.0	3	1 1 0 1
43	12	0.0	3	1 3 5 3
44	6	0.0	3	1 3 1 1
45	5	0.0	3	2 1 0 2
46	9	0.0	3	0 1 7 1
47	6	0.0	3	1 3 1 1
48	2	0.0	3	0 0 1 1
49	1	0.0	3	0 0 1
50	2	0.0	3	0 0 0 2
51	4	0.0	3	1 0 3
52	1	0.0	3	0 0 1
53	4	0.0	3	0 2 1 1
54	6	0.0	3	0 1 3 2
55	10	0.0	3	1 5 2 2
58	2	0.0	3	0 0 1 1
59	1	0.0	3	0 0 1
60	2	0.0	3	1 1
61	1	0.0	3	1


=== Second read: Adapter 14 ===

Sequence: ACGTTGGATGTTTGTTACTGTGGTGGATACTAC; Type: regular 5'; Length: 33; Trimmed: 172093 times.

No. of allowed errors:
0-9 bp: 0; 10-19 bp: 1; 20-29 bp: 2; 30-33 bp: 3

Overview of removed sequences
length	count	expect	max.err	error counts
3	42	14706.7	0	42
4	1	3676.7	0	1
5	9	919.2	0	9
6	2	229.8	0	2
9	1	3.6	0	1
11	1	0.2	1	0 1
12	1	0.1	1	1
14	6	0.0	1	4 2
15	4	0.0	1	3 1
16	6	0.0	1	2 4
17	12	0.0	1	10 2
18	6	0.0	1	1 4 1
19	16	0.0	1	3 7 6
20	35	0.0	2	9 16 10
21	18	0.0	2	5 9 4
22	12	0.0	2	0 4 8
23	25	0.0	2	3 13 9
24	106	0.0	2	32 37 37
25	177	0.0	2	34 74 69
26	395	0.0	2	118 161 116
27	504	0.0	2	197 178 129
28	642	0.0	2	188 245 190 19
29	805	0.0	2	146 287 300 72
30	11399	0.0	3	194 413 490 10302
31	15588	0.0	3	496 525 4722 9845
32	28199	0.0	3	336 8543 10384 8936
33	68962	0.0	3	24709 23003 13201 8049
34	41447	0.0	3	7 17050 15686 8704
35	1569	0.0	3	3 10 610 946
36	344	0.0	3	0 6 2 336
37	10	0.0	3	1 0 5 4
38	51	0.0	3	2 3 6 40
39	86	0.0	3	2 4 21 59
40	92	0.0	3	11 19 26 36
41	277	0.0	3	60 99 58 60
42	220	0.0	3	26 64 64 66
43	108	0.0	3	13 20 40 35
44	111	0.0	3	32 32 31 16
45	117	0.0	3	15 41 27 34
46	90	0.0	3	18 29 12 31
47	65	0.0	3	7 15 20 23
48	72	0.0	3	7 15 11 39
49	95	0.0	3	22 29 17 27
50	58	0.0	3	5 15 14 24
51	95	0.0	3	18 28 20 29
52	60	0.0	3	16 20 9 15
53	52	0.0	3	10 16 13 13
54	37	0.0	3	5 12 9 11
55	14	0.0	3	4 4 1 5
56	11	0.0	3	5 3 3
57	11	0.0	3	2 4 3 2
58	5	0.0	3	2 1 2
59	5	0.0	3	0 2 1 2
60	2	0.0	3	0 0 0 2
61	2	0.0	3	0 0 0 2
62	3	0.0	3	0 0 0 3
63	4	0.0	3	1 0 1 2
64	4	0.0	3	3 1
65	1	0.0	3	1
66	1	0.0	3	0 0 1


=== Second read: Adapter 15 ===

Sequence: ACGTTGGATGTTTGTTACTGTTGTGGATACAAC; Type: regular 5'; Length: 33; Trimmed: 97768 times.

No. of allowed errors:
0-9 bp: 0; 10-19 bp: 1; 20-29 bp: 2; 30-33 bp: 3

Overview of removed sequences
length	count	expect	max.err	error counts
3	1891	14706.7	0	1891
5	13	919.2	0	13
10	2	0.9	1	2
11	1	0.2	1	1
14	1	0.0	1	0 1
15	3	0.0	1	2 1
17	1	0.0	1	1
18	1	0.0	1	0 1
19	2	0.0	1	1 1
20	2	0.0	2	1 1
21	5	0.0	2	2 2 1
22	2	0.0	2	2
24	26	0.0	2	3 12 11
25	46	0.0	2	11 11 24
26	73	0.0	2	26 33 14
27	130	0.0	2	37 57 35 1
28	248	0.0	2	98 86 59 5
29	357	0.0	2	95 129 119 14
30	678	0.0	3	96 189 160 233
31	3871	0.0	3	236 209 1030 2396
32	17534	0.0	3	180 5997 5039 6318
33	63207	0.0	3	17151 15036 20867 10153
34	5847	0.0	3	4 1885 2041 1917
35	1594	0.0	3	3 0 647 944
36	683	0.0	3	0 0 0 683
37	1	0.0	3	0 0 0 1
38	3	0.0	3	0 0 2 1
39	6	0.0	3	0 1 1 4
40	64	0.0	3	15 9 25 15
41	303	0.0	3	74 79 87 63
42	182	0.0	3	50 49 49 34
43	53	0.0	3	11 11 16 15
44	129	0.0	3	34 33 36 26
45	112	0.0	3	35 31 24 22
46	38	0.0	3	10 9 11 8
47	34	0.0	3	1 10 11 12
48	61	0.0	3	9 19 20 13
49	74	0.0	3	22 20 15 17
50	60	0.0	3	15 17 19 9
51	95	0.0	3	18 26 36 15
52	87	0.0	3	22 26 28 11
53	97	0.0	3	27 23 24 23
54	33	0.0	3	9 8 9 7
55	27	0.0	3	10 4 6 7
56	25	0.0	3	6 10 6 3
57	20	0.0	3	9 4 4 3
58	7	0.0	3	2 2 3
59	1	0.0	3	0 0 0 1
60	3	0.0	3	2 1
61	1	0.0	3	1
62	1	0.0	3	0 0 0 1
63	4	0.0	3	1 2 0 1
64	12	0.0	3	7 1 2 2
65	13	0.0	3	11 1 0 1
67	1	0.0	3	0 0 1
73	1	0.0	3	0 0 0 1
93	1	0.0	3	1
97	1	0.0	3	1


=== Second read: Adapter 16 ===

Sequence: ACGTTGGATGTTTGTTACCGTTGTTGATACTAC; Type: regular 5'; Length: 33; Trimmed: 74338 times.

No. of allowed errors:
0-9 bp: 0; 10-19 bp: 1; 20-29 bp: 2; 30-33 bp: 3

Overview of removed sequences
length	count	expect	max.err	error counts
11	1	0.2	1	1
12	4	0.1	1	3 1
14	1	0.0	1	1
15	2	0.0	1	1 1
16	1	0.0	1	0 1
18	3	0.0	1	1 2
19	2	0.0	1	1 1
20	10	0.0	2	4 3 3
21	2	0.0	2	1 1
22	4	0.0	2	2 2
23	4	0.0	2	0 1 3
24	38	0.0	2	18 10 10
25	50	0.0	2	16 11 23
26	132	0.0	2	47 48 37
27	252	0.0	2	121 84 45 2
28	504	0.0	2	170 176 148 10
29	634	0.0	2	150 268 181 35
30	10323	0.0	3	222 328 310 9463
31	4437	0.0	3	327 389 1176 2545
32	18913	0.0	3	141 4258 8082 6432
33	26513	0.0	3	11129 7991 4599 2794
34	9482	0.0	3	2 3280 3900 2300
35	2410	0.0	3	2 5 340 2063
36	149	0.0	3	0 1 1 147
37	4	0.0	3	2 0 1 1
38	19	0.0	3	4 2 0 13
39	18	0.0	3	1 2 0 15
40	57	0.0	3	1 4 30 22
41	59	0.0	3	11 16 14 18
42	38	0.0	3	5 10 9 14
43	40	0.0	3	2 5 14 19
44	40	0.0	3	10 8 11 11
45	29	0.0	3	7 8 8 6
46	16	0.0	3	3 1 5 7
47	15	0.0	3	1 2 5 7
48	19	0.0	3	1 3 5 10
49	14	0.0	3	0 1 8 5
50	22	0.0	3	3 3 8 8
51	13	0.0	3	1 1 5 6
52	10	0.0	3	1 1 4 4
53	7	0.0	3	0 3 2 2
54	12	0.0	3	1 0 8 3
55	9	0.0	3	1 1 3 4
56	4	0.0	3	0 0 3 1
57	11	0.0	3	0 0 3 8
58	2	0.0	3	0 1 0 1
61	2	0.0	3	0 0 1 1
63	1	0.0	3	0 1
64	4	0.0	3	1 2 1
66	1	0.0	3	0 1
82	1	0.0	3	0 0 0 1


=== Second read: Adapter 17 ===

Sequence: ACGTTGGATGAATATATGTGTGCTTATTTG; Type: regular 5'; Length: 30; Trimmed: 1223 times.

No. of allowed errors:
0-9 bp: 0; 10-19 bp: 1; 20-29 bp: 2; 30 bp: 3

Overview of removed sequences
length	count	expect	max.err	error counts
3	1154	14706.7	0	1154
4	36	3676.7	0	36
5	11	919.2	0	11
6	14	229.8	0	14
10	1	0.9	1	0 1
29	1	0.0	2	1
30	6	0.0	3	3 2 1


=== Second read: Adapter 18 ===

Sequence: ACGTTGGATGTTTGTTACTAAGGTAGATACCACTC; Type: regular 5'; Length: 35; Trimmed: 28943 times.

No. of allowed errors:
0-9 bp: 0; 10-19 bp: 1; 20-29 bp: 2; 30-35 bp: 3

Overview of removed sequences
length	count	expect	max.err	error counts
3	18	14706.7	0	18
4	22	3676.7	0	22
5	3	919.2	0	3
6	4	229.8	0	4
9	1	3.6	0	0 1
14	2	0.0	1	0 2
19	1	0.0	1	0 1
20	1	0.0	2	0 1
21	1	0.0	2	0 1
22	4	0.0	2	2 1 1
23	1	0.0	2	1
25	1	0.0	2	0 1
26	7	0.0	2	0 3 4
27	15	0.0	2	2 7 6
28	14	0.0	2	5 4 5
29	29	0.0	2	12 10 7
30	74	0.0	3	19 23 12 20
31	118	0.0	3	30 39 26 23
32	172	0.0	3	16 35 32 89
33	1081	0.0	3	85 67 431 498
34	3686	0.0	3	62 1559 1068 997
35	20562	0.0	3	8445 5717 3867 2533
36	1525	0.0	3	1 497 516 511
37	1243	0.0	3	0 0 595 648
38	264	0.0	3	0 0 0 264
39	2	0.0	3	1 0 1
40	1	0.0	3	0 0 0 1
41	2	0.0	3	1 0 1
42	7	0.0	3	2 0 2 3
43	19	0.0	3	5 9 3 2
44	5	0.0	3	1 2 2
45	5	0.0	3	0 2 2 1
46	9	0.0	3	3 4 2
47	6	0.0	3	1 3 1 1
48	3	0.0	3	1 1 0 1
49	5	0.0	3	1 1 2 1
50	2	0.0	3	0 1 0 1
51	3	0.0	3	1 1 1
52	5	0.0	3	0 1 2 2
53	2	0.0	3	0 0 2
54	6	0.0	3	2 2 1 1
55	6	0.0	3	1 2 1 2
56	1	0.0	3	0 0 1
57	1	0.0	3	0 0 1
58	2	0.0	3	0 1 1
59	1	0.0	3	1
96	1	0.0	3	0 1


=== Second read: Adapter 19 ===

Sequence: ACGTTGGATGGAAAAATAAACTGCAAATCATATTC; Type: regular 5'; Length: 35; Trimmed: 54705 times.

No. of allowed errors:
0-9 bp: 0; 10-19 bp: 1; 20-29 bp: 2; 30-35 bp: 3

Overview of removed sequences
length	count	expect	max.err	error counts
3	140	14706.7	0	140
4	8	3676.7	0	8
5	1	919.2	0	1
6	2	229.8	0	2
11	1	0.2	1	0 1
14	1	0.0	1	0 1
17	1	0.0	1	0 1
18	10	0.0	1	4 6
19	4	0.0	1	2 2
21	1	0.0	2	0 1
22	2	0.0	2	0 0 2
23	3	0.0	2	1 2
24	2	0.0	2	1 0 1
25	2	0.0	2	0 2
26	4	0.0	2	3 1
27	4	0.0	2	2 1 1
28	8	0.0	2	1 2 5
29	34	0.0	2	8 16 7 3
30	118	0.0	3	37 33 22 26
31	162	0.0	3	48 38 41 35
32	879	0.0	3	37 38 43 761
33	1142	0.0	3	45 64 537 496
34	9978	0.0	3	64 5181 2759 1974
35	32625	0.0	3	15605 8090 4825 4105
36	8041	0.0	3	1 4052 2149 1839
37	883	0.0	3	1 0 456 426
38	528	0.0	3	0 0 0 528
39	1	0.0	3	0 0 0 1
40	1	0.0	3	0 0 0 1
41	1	0.0	3	0 0 0 1
42	1	0.0	3	0 1
43	12	0.0	3	3 2 6 1
44	24	0.0	3	2 11 6 5
45	10	0.0	3	1 5 3 1
46	10	0.0	3	0 6 1 3
47	10	0.0	3	0 5 3 2
48	5	0.0	3	1 2 1 1
49	8	0.0	3	1 5 1 1
50	7	0.0	3	1 3 1 2
51	5	0.0	3	1 2 2
52	3	0.0	3	0 2 0 1
53	6	0.0	3	0 5 1
54	8	0.0	3	0 7 1
55	2	0.0	3	1 0 0 1
57	2	0.0	3	0 1 0 1
58	2	0.0	3	0 2
60	1	0.0	3	0 0 0 1
61	1	0.0	3	0 0 1
62	1	0.0	3	0 0 0 1


=== Second read: Adapter 20 ===

Sequence: ACGTTGGATGAGATTAGGGAAAGTATTAGA; Type: regular 5'; Length: 30; Trimmed: 125 times.

No. of allowed errors:
0-9 bp: 0; 10-19 bp: 1; 20-29 bp: 2; 30 bp: 3

Overview of removed sequences
length	count	expect	max.err	error counts
3	114	14706.7	0	114
4	8	3676.7	0	8
5	1	919.2	0	1
6	1	229.8	0	1
9	1	3.6	0	0 1


=== Second read: Adapter 21 ===

Sequence: ACGTTGGATGGAAAAATAAATTGTAAATCATACTC; Type: regular 5'; Length: 35; Trimmed: 31425 times.

No. of allowed errors:
0-9 bp: 0; 10-19 bp: 1; 20-29 bp: 2; 30-35 bp: 3

Overview of removed sequences
length	count	expect	max.err	error counts
5	8	919.2	0	8
6	1	229.8	0	1
11	1	0.2	1	0 1
15	1	0.0	1	1
16	1	0.0	1	1
17	1	0.0	1	0 1
18	4	0.0	1	2 2
20	4	0.0	2	2 1 1
21	3	0.0	2	3
22	3	0.0	2	2 1
24	2	0.0	2	0 0 2
26	1	0.0	2	0 1
27	9	0.0	2	1 3 4 1
28	2	0.0	2	1 1
29	8	0.0	2	0 1 3 4
30	43	0.0	3	25 9 5 4
31	49	0.0	3	17 14 9 9
32	153	0.0	3	9 2 4 138
33	1146	0.0	3	18 18 304 806
34	2221	0.0	3	144 932 569 576
35	26501	0.0	3	12336 6397 3532 4236
36	628	0.0	3	1 107 242 278
37	218	0.0	3	2 3 61 152
38	155	0.0	3	2 0 0 153
39	2	0.0	3	0 0 1 1
40	1	0.0	3	1
42	23	0.0	3	4 5 5 9
43	48	0.0	3	14 7 12 15
44	25	0.0	3	13 2 5 5
45	18	0.0	3	7 4 3 4
46	16	0.0	3	8 0 3 5
47	22	0.0	3	9 6 2 5
48	16	0.0	3	6 3 3 4
49	12	0.0	3	5 2 0 5
50	13	0.0	3	3 3 4 3
51	10	0.0	3	5 1 2 2
52	9	0.0	3	2 4 0 3
53	14	0.0	3	4 2 1 7
54	14	0.0	3	5 1 3 5
55	2	0.0	3	0 0 1 1
56	5	0.0	3	1 2 1 1
57	4	0.0	3	2 0 0 2
60	1	0.0	3	1
61	3	0.0	3	1 0 0 2
62	1	0.0	3	0 0 0 1
64	1	0.0	3	0 0 0 1
67	2	0.0	3	0 0 0 2


=== Second read: Adapter 22 ===

Sequence: ACGTTGGATGGAAAAATAAACTGTAAATCATATTCCT; Type: regular 5'; Length: 37; Trimmed: 100311 times.

No. of allowed errors:
0-9 bp: 0; 10-19 bp: 1; 20-29 bp: 2; 30-37 bp: 3

Overview of removed sequences
length	count	expect	max.err	error counts
3	523	14706.7	0	523
4	990	3676.7	0	990
5	4	919.2	0	4
12	2	0.1	1	0 2
14	1	0.0	1	0 1
15	4	0.0	1	0 4
16	1	0.0	1	0 1
17	2	0.0	1	1 1
18	1	0.0	1	0 1
19	14	0.0	1	0 8 6
20	10	0.0	2	4 5 1
21	3	0.0	2	0 1 2
22	4	0.0	2	0 1 3
23	7	0.0	2	1 1 5
24	9	0.0	2	1 4 4
25	1	0.0	2	1
27	1	0.0	2	0 1
28	7	0.0	2	0 5 2
29	1	0.0	2	0 0 1
30	19	0.0	3	3 2 9 5
31	59	0.0	3	1 17 23 18
32	143	0.0	3	22 51 42 28
33	199	0.0	3	23 71 55 50
34	518	0.0	3	24 88 87 319
35	7112	0.0	3	43 142 4404 2523
36	28294	0.0	3	63 13993 8711 5527
37	49371	0.0	3	11598 19899 11380 6494
38	5254	0.0	3	4 837 2526 1887
39	6888	0.0	3	0 0 1097 5791
40	545	0.0	3	0 3 0 542
41	1	0.0	3	0 0 0 1
42	2	0.0	3	1 0 0 1
43	1	0.0	3	0 0 1
44	25	0.0	3	1 13 7 4
45	53	0.0	3	0 23 19 11
46	32	0.0	3	0 15 6 11
47	15	0.0	3	0 4 7 4
48	27	0.0	3	0 10 10 7
49	25	0.0	3	2 12 6 5
50	26	0.0	3	1 9 12 4
51	22	0.0	3	1 9 7 5
52	21	0.0	3	2 12 5 2
53	10	0.0	3	0 6 2 2
54	11	0.0	3	0 6 4 1
55	14	0.0	3	1 7 5 1
56	8	0.0	3	1 3 1 3
57	10	0.0	3	0 5 5
58	2	0.0	3	0 0 0 2
59	3	0.0	3	1 0 0 2
60	1	0.0	3	0 0 0 1
62	2	0.0	3	0 1 1
63	1	0.0	3	0 0 0 1
64	2	0.0	3	0 1 0 1
65	2	0.0	3	0 1 1
66	1	0.0	3	0 0 0 1
67	1	0.0	3	0 1
68	1	0.0	3	0 1
69	3	0.0	3	1 2
71	1	0.0	3	1
73	1	0.0	3	0 0 0 1


=== Second read: Adapter 23 ===

Sequence: ACGTTGGATGGAAAAATAAACTGTAAATCATATTC; Type: regular 5'; Length: 35; Trimmed: 18599 times.

No. of allowed errors:
0-9 bp: 0; 10-19 bp: 1; 20-29 bp: 2; 30-35 bp: 3

Overview of removed sequences
length	count	expect	max.err	error counts
13	4	0.0	1	1 3
14	1	0.0	1	0 1
16	1	0.0	1	0 1
17	3	0.0	1	1 2
18	8	0.0	1	5 3
19	2	0.0	1	2
20	3	0.0	2	0 1 2
21	2	0.0	2	0 1 1
22	1	0.0	2	0 0 1
23	2	0.0	2	1 1
25	3	0.0	2	1 0 2
26	1	0.0	2	0 0 1
27	1	0.0	2	0 1
28	1	0.0	2	0 0 1
29	5	0.0	2	0 1 0 4
30	26	0.0	3	3 5 3 15
31	39	0.0	3	4 7 11 17
32	1931	0.0	3	4 6 4 1917
33	638	0.0	3	2 10 248 378
34	3677	0.0	3	2 1216 643 1816
35	9428	0.0	3	1389 2789 1663 3587
36	2328	0.0	3	0 435 714 1179
37	318	0.0	3	0 0 60 258
38	118	0.0	3	0 0 0 118
40	1	0.0	3	0 0 0 1
41	5	0.0	3	0 1 0 4
42	8	0.0	3	0 2 3 3
43	3	0.0	3	1 0 1 1
44	5	0.0	3	0 2 0 3
45	3	0.0	3	0 2 0 1
46	6	0.0	3	2 0 1 3
47	5	0.0	3	0 2 0 3
48	4	0.0	3	0 1 0 3
49	5	0.0	3	0 0 1 4
50	4	0.0	3	0 2 1 1
51	1	0.0	3	0 1
52	1	0.0	3	0 0 0 1
53	3	0.0	3	0 0 0 3
55	1	0.0	3	0 0 0 1
56	2	0.0	3	0 0 2
63	1	0.0	3	0 0 0 1


=== Second read: Adapter 24 ===

Sequence: ACGTTGGATGGAAAAATAAATTGTAAATCAAATTC; Type: regular 5'; Length: 35; Trimmed: 13344 times.

No. of allowed errors:
0-9 bp: 0; 10-19 bp: 1; 20-29 bp: 2; 30-35 bp: 3

Overview of removed sequences
length	count	expect	max.err	error counts
5	5	919.2	0	5
6	11	229.8	0	11
11	1	0.2	1	1
18	3	0.0	1	1 2
19	3	0.0	1	2 1
20	1	0.0	2	1
22	1	0.0	2	1
23	1	0.0	2	0 0 1
26	3	0.0	2	1 1 1
30	19	0.0	3	10 2 5 2
31	28	0.0	3	14 5 4 5
32	36	0.0	3	3 4 1 28
33	128	0.0	3	6 4 64 54
34	778	0.0	3	43 362 181 192
35	11663	0.0	3	5898 3072 1651 1042
36	316	0.0	3	0 119 122 75
37	237	0.0	3	1 0 152 84
38	77	0.0	3	1 1 0 75
40	1	0.0	3	1
41	1	0.0	3	0 1
42	1	0.0	3	0 1
43	7	0.0	3	2 2 3
44	2	0.0	3	1 1
46	7	0.0	3	2 1 3 1
47	2	0.0	3	2
48	1	0.0	3	1
50	3	0.0	3	2 0 0 1
53	2	0.0	3	1 0 0 1
54	2	0.0	3	1 0 0 1
55	2	0.0	3	1 0 1
56	1	0.0	3	0 0 0 1
57	1	0.0	3	0 0 1
