This is cutadapt 2.6 with Python 3.7.3
Command line parameters: -g ACGTTGGATGTTTGTTACTATGGTAGATACCACAC -g ACGTTGGATGTTTGTTACTAAGGTAGATACCACTC -g ACGTTGGATGTTTGTTACTGTGGTGGATACTAC -g ACGTTGGATGTTTGTTACTGTTGTGGATACAAC -g ACGTTGGATGTTTGTTACCGTTGTTGATACTAC -g ACGTTGGATGAATATATGTGTGCTTATTTG -G ACGTTGGATGTTTGTTACTATGGTAGATACCACAC -G ACGTTGGATGTTTGTTACTGTGGTGGATACTAC -G ACGTTGGATGTTTGTTACTGTTGTGGATACAAC -G ACGTTGGATGTTTGTTACCGTTGTTGATACTAC -G ACGTTGGATGAATATATGTGTGCTTATTTG -G ACGTTGGATGTTTGTTACTAAGGTAGATACCACTC -g ACGTTGGATGGAAAAATAAACTGCAAATCATATTC -g ACGTTGGATGGAAAAATAAACTGTAAATCATATTC -g ACGTTGGATGGAAAAATAAATTGTAAATCATACTC -g ACGTTGGATGAGATTAGGGAAAGTATTAGA -g ACGTTGGATGGAAAAATAAATTGTAAATCAAATTC -g ACGTTGGATGGAAAAATAAACTGTAAATCATATTCCT -G ACGTTGGATGGAAAAATAAACTGCAAATCATATTC -G ACGTTGGATGAGATTAGGGAAAGTATTAGA -G ACGTTGGATGGAAAAATAAATTGTAAATCATACTC -G ACGTTGGATGGAAAAATAAACTGTAAATCATATTCCT -G ACGTTGGATGGAAAAATAAACTGTAAATCATATTC -G ACGTTGGATGGAAAAATAAATTGTAAATCAAATTC --minimum-length=1 -o /data/projects/mdc-971/reprocess_June_2019_data/analysis/30.primer_trimmed/180403_S45_cutadapt.1.fq.gz -p /data/projects/mdc-971/reprocess_June_2019_data/analysis/30.primer_trimmed/180403_S45_cutadapt.2.fq.gz /data/projects/mdc-971/reprocess_June_2019_data/analysis/20.adapter_trimmed/180403_S45_R1_001.bbduked.trimmed.fastq.gz /data/projects/mdc-971/reprocess_June_2019_data/analysis/20.adapter_trimmed/180403_S45_R2_001.bbduked.trimmed.fastq.gz
Processing reads on 1 core in paired-end mode ...
Finished in 45.06 s (379 us/read; 0.16 M reads/minute).

=== Summary ===

Total read pairs processed:            118,831
  Read 1 with adapter:                 108,412 (91.2%)
  Read 2 with adapter:                  93,425 (78.6%)
Pairs that were too short:                   0 (0.0%)
Pairs written (passing filters):       118,831 (100.0%)

Total basepairs processed:    34,751,351 bp
  Read 1:    16,926,723 bp
  Read 2:    17,824,628 bp
Total written (filtered):     27,812,347 bp (80.0%)
  Read 1:    13,194,471 bp
  Read 2:    14,617,876 bp

=== First read: Adapter 1 ===

Sequence: ACGTTGGATGTTTGTTACTATGGTAGATACCACAC; Type: regular 5'; Length: 35; Trimmed: 8022 times.

No. of allowed errors:
0-9 bp: 0; 10-19 bp: 1; 20-29 bp: 2; 30-35 bp: 3

Overview of removed sequences
length	count	expect	max.err	error counts
4	1	464.2	0	1
15	1	0.0	1	0 1
20	1	0.0	2	0 1
21	1	0.0	2	0 1
23	1	0.0	2	0 0 1
24	1	0.0	2	1
25	1	0.0	2	0 0 1
26	8	0.0	2	2 2 4
27	17	0.0	2	6 9 2
28	23	0.0	2	8 7 5 3
29	35	0.0	2	8 13 9 5
30	36	0.0	3	16 8 8 4
31	26	0.0	3	7 7 5 7
32	128	0.0	3	4 9 17 98
33	418	0.0	3	6 16 191 205
34	1065	0.0	3	15 402 377 271
35	3755	0.0	3	1343 1260 738 414
36	713	0.0	3	1 277 264 171
37	678	0.0	3	0 0 486 192
38	1109	0.0	3	0 0 1 1108
39	2	0.0	3	0 0 0 2
53	1	0.0	3	0 0 0 1
55	1	0.0	3	0 1


=== First read: Adapter 2 ===

Sequence: ACGTTGGATGTTTGTTACTAAGGTAGATACCACTC; Type: regular 5'; Length: 35; Trimmed: 6275 times.

No. of allowed errors:
0-9 bp: 0; 10-19 bp: 1; 20-29 bp: 2; 30-35 bp: 3

Overview of removed sequences
length	count	expect	max.err	error counts
14	1	0.0	1	1
21	1	0.0	2	0 0 1
22	1	0.0	2	0 0 1
23	5	0.0	2	3 2
25	1	0.0	2	1
26	12	0.0	2	4 6 2
27	20	0.0	2	13 5 2
28	21	0.0	2	8 6 6 1
29	50	0.0	2	17 18 11 4
30	83	0.0	3	40 26 9 8
31	89	0.0	3	36 33 14 6
32	130	0.0	3	47 34 27 22
33	217	0.0	3	38 34 95 50
34	992	0.0	3	71 582 196 143
35	3876	0.0	3	2464 834 373 205
36	209	0.0	3	3 87 76 43
37	555	0.0	3	0 0 399 156
38	12	0.0	3	0 0 0 12


=== First read: Adapter 3 ===

Sequence: ACGTTGGATGTTTGTTACTGTGGTGGATACTAC; Type: regular 5'; Length: 33; Trimmed: 19602 times.

No. of allowed errors:
0-9 bp: 0; 10-19 bp: 1; 20-29 bp: 2; 30-33 bp: 3

Overview of removed sequences
length	count	expect	max.err	error counts
18	3	0.0	1	1 2
20	4	0.0	2	4
21	10	0.0	2	2 5 3
22	8	0.0	2	3 4 1
23	4	0.0	2	2 1 1
24	50	0.0	2	16 21 13
25	234	0.0	2	110 95 29
26	292	0.0	2	103 112 77
27	329	0.0	2	122 159 46 2
28	480	0.0	2	130 241 104 5
29	633	0.0	2	52 373 192 16
30	769	0.0	3	123 256 167 223
31	1463	0.0	3	103 486 528 346
32	2239	0.0	3	96 945 719 479
33	5624	0.0	3	1989 1729 1193 713
34	7292	0.0	3	1 3695 2589 1007
35	120	0.0	3	0 2 44 74
36	26	0.0	3	0 3 0 23
37	3	0.0	3	2 1
38	4	0.0	3	0 3 1
39	2	0.0	3	0 1 1
40	2	0.0	3	0 0 1 1
42	1	0.0	3	0 1
43	1	0.0	3	0 0 0 1
44	3	0.0	3	0 3
48	1	0.0	3	0 0 0 1
50	1	0.0	3	0 1
52	1	0.0	3	0 0 0 1
55	1	0.0	3	0 1
57	1	0.0	3	0 0 0 1
62	1	0.0	3	0 0 0 1


=== First read: Adapter 4 ===

Sequence: ACGTTGGATGTTTGTTACTGTTGTGGATACAAC; Type: regular 5'; Length: 33; Trimmed: 6589 times.

No. of allowed errors:
0-9 bp: 0; 10-19 bp: 1; 20-29 bp: 2; 30-33 bp: 3

Overview of removed sequences
length	count	expect	max.err	error counts
3	10	1856.7	0	10
12	1	0.0	1	0 1
14	1	0.0	1	1
20	1	0.0	2	0 0 1
21	2	0.0	2	1 1
23	1	0.0	2	0 0 1
24	14	0.0	2	6 6 2
25	120	0.0	2	51 54 15
26	75	0.0	2	43 21 11
27	45	0.0	2	22 17 6
28	74	0.0	2	43 20 11
29	67	0.0	2	26 25 13 3
30	99	0.0	3	41 30 17 11
31	194	0.0	3	29 44 63 58
32	686	0.0	3	65 314 153 154
33	4573	0.0	3	2270 1133 809 361
34	477	0.0	3	2 264 127 84
35	109	0.0	3	0 0 50 59
36	32	0.0	3	0 1 0 31
38	1	0.0	3	0 0 0 1
49	1	0.0	3	0 0 0 1
53	1	0.0	3	0 0 0 1
54	1	0.0	3	0 0 1
55	1	0.0	3	0 1
59	1	0.0	3	0 1
60	1	0.0	3	1
63	1	0.0	3	0 0 1


=== First read: Adapter 5 ===

Sequence: ACGTTGGATGTTTGTTACCGTTGTTGATACTAC; Type: regular 5'; Length: 33; Trimmed: 8292 times.

No. of allowed errors:
0-9 bp: 0; 10-19 bp: 1; 20-29 bp: 2; 30-33 bp: 3

Overview of removed sequences
length	count	expect	max.err	error counts
12	1	0.0	1	0 1
14	2	0.0	1	1 1
18	1	0.0	1	0 1
19	4	0.0	1	3 1
20	3	0.0	2	1 2
21	2	0.0	2	1 1
22	1	0.0	2	0 1
23	1	0.0	2	0 1
24	19	0.0	2	9 8 2
25	103	0.0	2	55 34 14
26	81	0.0	2	33 32 16
27	103	0.0	2	49 38 16
28	160	0.0	2	73 56 30 1
29	185	0.0	2	28 83 56 18
30	506	0.0	3	41 88 54 323
31	480	0.0	3	35 83 213 149
32	2003	0.0	3	50 488 1009 456
33	2379	0.0	3	1168 646 379 186
34	2188	0.0	3	0 1363 613 212
35	61	0.0	3	0 0 25 36
36	6	0.0	3	0 1 0 5
41	1	0.0	3	0 0 0 1
47	1	0.0	3	0 1
57	1	0.0	3	1


=== First read: Adapter 6 ===

Sequence: ACGTTGGATGAATATATGTGTGCTTATTTG; Type: regular 5'; Length: 30; Trimmed: 40 times.

No. of allowed errors:
0-9 bp: 0; 10-19 bp: 1; 20-29 bp: 2; 30 bp: 3

Overview of removed sequences
length	count	expect	max.err	error counts
3	34	1856.7	0	34
4	6	464.2	0	6


=== First read: Adapter 7 ===

Sequence: ACGTTGGATGGAAAAATAAACTGCAAATCATATTC; Type: regular 5'; Length: 35; Trimmed: 14626 times.

No. of allowed errors:
0-9 bp: 0; 10-19 bp: 1; 20-29 bp: 2; 30-35 bp: 3

Overview of removed sequences
length	count	expect	max.err	error counts
25	1	0.0	2	0 0 1
26	2	0.0	2	0 2
27	4	0.0	2	4
28	1	0.0	2	0 1
29	23	0.0	2	3 12 7 1
30	99	0.0	3	36 37 20 6
31	97	0.0	3	42 22 19 14
32	172	0.0	3	45 36 16 75
33	261	0.0	3	13 40 134 74
34	2417	0.0	3	44 1880 343 150
35	7933	0.0	3	5736 1289 462 446
36	3448	0.0	3	2 2880 418 148
37	130	0.0	3	0 0 78 52
38	38	0.0	3	0 0 0 38


=== First read: Adapter 8 ===

Sequence: ACGTTGGATGGAAAAATAAACTGTAAATCATATTC; Type: regular 5'; Length: 35; Trimmed: 2154 times.

No. of allowed errors:
0-9 bp: 0; 10-19 bp: 1; 20-29 bp: 2; 30-35 bp: 3

Overview of removed sequences
length	count	expect	max.err	error counts
17	1	0.0	1	0 1
30	4	0.0	3	0 1 1 2
31	5	0.0	3	1 1 1 2
32	122	0.0	3	2 0 2 118
33	45	0.0	3	0 3 21 21
34	438	0.0	3	7 267 64 100
35	1283	0.0	3	478 347 214 244
36	189	0.0	3	0 33 92 64
37	56	0.0	3	0 0 11 45
38	10	0.0	3	0 0 0 10
44	1	0.0	3	0 0 1


=== First read: Adapter 9 ===

Sequence: ACGTTGGATGGAAAAATAAATTGTAAATCATACTC; Type: regular 5'; Length: 35; Trimmed: 16304 times.

No. of allowed errors:
0-9 bp: 0; 10-19 bp: 1; 20-29 bp: 2; 30-35 bp: 3

Overview of removed sequences
length	count	expect	max.err	error counts
27	1	0.0	2	1
28	1	0.0	2	1
29	1	0.0	2	0 0 1
30	18	0.0	3	13 5
31	34	0.0	3	26 8
32	36	0.0	3	12 8 2 14
33	137	0.0	3	30 28 45 34
34	1066	0.0	3	487 389 139 51
35	14746	0.0	3	11024 2478 736 508
36	71	0.0	3	6 31 13 21
37	46	0.0	3	3 1 14 28
38	127	0.0	3	2 0 0 125
39	2	0.0	3	2
41	1	0.0	3	1
42	1	0.0	3	1
43	1	0.0	3	1
44	3	0.0	3	3
46	1	0.0	3	0 0 1
47	1	0.0	3	1
48	1	0.0	3	1
49	1	0.0	3	1
51	2	0.0	3	2
52	1	0.0	3	1
53	1	0.0	3	0 0 1
54	1	0.0	3	1
55	1	0.0	3	1
56	2	0.0	3	0 1 0 1


=== First read: Adapter 10 ===

Sequence: ACGTTGGATGAGATTAGGGAAAGTATTAGA; Type: regular 5'; Length: 30; Trimmed: 15 times.

No. of allowed errors:
0-9 bp: 0; 10-19 bp: 1; 20-29 bp: 2; 30 bp: 3

Overview of removed sequences
length	count	expect	max.err	error counts
3	13	1856.7	0	13
4	1	464.2	0	1
30	1	0.0	3	1


=== First read: Adapter 11 ===

Sequence: ACGTTGGATGGAAAAATAAATTGTAAATCAAATTC; Type: regular 5'; Length: 35; Trimmed: 6811 times.

No. of allowed errors:
0-9 bp: 0; 10-19 bp: 1; 20-29 bp: 2; 30-35 bp: 3

Overview of removed sequences
length	count	expect	max.err	error counts
24	1	0.0	2	1
30	5	0.0	3	3 0 2
31	5	0.0	3	3 0 0 2
32	1	0.0	3	0 0 0 1
33	22	0.0	3	6 2 10 4
34	158	0.0	3	29 82 27 20
35	6509	0.0	3	4932 1112 329 136
36	51	0.0	3	0 27 9 15
37	25	0.0	3	0 0 10 15
38	31	0.0	3	0 1 0 30
43	1	0.0	3	1
44	1	0.0	3	1
46	1	0.0	3	1


=== First read: Adapter 12 ===

Sequence: ACGTTGGATGGAAAAATAAACTGTAAATCATATTCCT; Type: regular 5'; Length: 37; Trimmed: 19682 times.

No. of allowed errors:
0-9 bp: 0; 10-19 bp: 1; 20-29 bp: 2; 30-37 bp: 3

Overview of removed sequences
length	count	expect	max.err	error counts
3	6	1856.7	0	6
17	1	0.0	1	1
20	1	0.0	2	0 1
27	2	0.0	2	0 1 1
28	2	0.0	2	0 2
29	2	0.0	2	0 0 1 1
30	6	0.0	3	0 1 2 3
31	32	0.0	3	0 18 10 4
32	29	0.0	3	2 10 6 11
33	47	0.0	3	2 29 9 7
34	92	0.0	3	2 23 16 51
35	1477	0.0	3	3 53 1108 313
36	8235	0.0	3	11 5628 1730 866
37	7125	0.0	3	1138 4215 1292 480
38	1129	0.0	3	1 188 695 245
39	1383	0.0	3	0 0 341 1042
40	111	0.0	3	0 0 0 111
44	1	0.0	3	0 0 0 1
45	1	0.0	3	0 0 1


=== Second read: Adapter 13 ===

Sequence: ACGTTGGATGTTTGTTACTATGGTAGATACCACAC; Type: regular 5'; Length: 35; Trimmed: 6757 times.

No. of allowed errors:
0-9 bp: 0; 10-19 bp: 1; 20-29 bp: 2; 30-35 bp: 3

Overview of removed sequences
length	count	expect	max.err	error counts
3	3	1856.7	0	3
4	6	464.2	0	6
9	1	0.5	0	1
19	1	0.0	1	0 0 1
20	1	0.0	2	0 0 1
21	1	0.0	2	0 0 1
26	1	0.0	2	0 1
28	5	0.0	2	0 2 0 3
29	8	0.0	2	0 0 4 4
30	8	0.0	3	1 1 6
31	11	0.0	3	0 1 5 5
32	109	0.0	3	0 3 7 99
33	587	0.0	3	9 4 247 327
34	563	0.0	3	3 120 226 214
35	3315	0.0	3	716 1001 950 648
36	649	0.0	3	0 133 305 211
37	680	0.0	3	0 0 394 286
38	786	0.0	3	0 0 1 785
39	1	0.0	3	0 0 0 1
41	1	0.0	3	0 0 0 1
42	2	0.0	3	0 0 0 2
43	2	0.0	3	0 1 1
44	3	0.0	3	0 0 2 1
45	1	0.0	3	0 0 1
46	1	0.0	3	0 0 1
47	3	0.0	3	1 0 1 1
48	1	0.0	3	0 0 1
49	1	0.0	3	0 0 0 1
50	1	0.0	3	0 0 0 1
51	1	0.0	3	0 1
53	2	0.0	3	0 2
55	1	0.0	3	0 1
60	1	0.0	3	0 1


=== Second read: Adapter 14 ===

Sequence: ACGTTGGATGTTTGTTACTGTGGTGGATACTAC; Type: regular 5'; Length: 33; Trimmed: 22432 times.

No. of allowed errors:
0-9 bp: 0; 10-19 bp: 1; 20-29 bp: 2; 30-33 bp: 3

Overview of removed sequences
length	count	expect	max.err	error counts
3	5	1856.7	0	5
14	1	0.0	1	1
17	1	0.0	1	1
18	1	0.0	1	1
19	3	0.0	1	1 2
20	2	0.0	2	0 1 1
21	3	0.0	2	1 1 1
22	3	0.0	2	0 0 3
23	1	0.0	2	0 1
24	8	0.0	2	3 2 3
25	17	0.0	2	4 7 6
26	20	0.0	2	9 6 5
27	37	0.0	2	16 12 9
28	65	0.0	2	11 26 28
29	117	0.0	2	18 49 46 4
30	629	0.0	3	20 61 85 463
31	1753	0.0	3	33 68 514 1138
32	2532	0.0	3	31 858 877 766
33	5788	0.0	3	2066 1799 1181 742
34	10747	0.0	3	0 4962 3961 1824
35	145	0.0	3	0 4 63 78
36	35	0.0	3	0 1 1 33
37	4	0.0	3	0 0 0 4
38	9	0.0	3	1 0 2 6
39	33	0.0	3	0 1 8 24
40	29	0.0	3	2 3 15 9
41	72	0.0	3	16 21 20 15
42	79	0.0	3	10 29 16 24
43	35	0.0	3	2 11 15 7
44	25	0.0	3	7 10 4 4
45	38	0.0	3	8 9 11 10
46	24	0.0	3	2 7 8 7
47	18	0.0	3	1 5 7 5
48	15	0.0	3	0 5 6 4
49	24	0.0	3	8 2 7 7
50	23	0.0	3	0 4 7 12
51	21	0.0	3	7 6 6 2
52	14	0.0	3	2 3 4 5
53	13	0.0	3	2 5 5 1
54	17	0.0	3	0 6 4 7
55	6	0.0	3	0 1 3 2
56	6	0.0	3	2 2 1 1
57	2	0.0	3	2
58	3	0.0	3	0 0 1 2
59	2	0.0	3	0 1 1
62	1	0.0	3	1
63	2	0.0	3	0 1 0 1
64	2	0.0	3	0 2
65	2	0.0	3	1 1


=== Second read: Adapter 15 ===

Sequence: ACGTTGGATGTTTGTTACTGTTGTGGATACAAC; Type: regular 5'; Length: 33; Trimmed: 10231 times.

No. of allowed errors:
0-9 bp: 0; 10-19 bp: 1; 20-29 bp: 2; 30-33 bp: 3

Overview of removed sequences
length	count	expect	max.err	error counts
3	299	1856.7	0	299
18	1	0.0	1	0 1
19	1	0.0	1	0 0 1
21	1	0.0	2	0 0 1
24	3	0.0	2	0 2 1
26	8	0.0	2	3 4 1
27	10	0.0	2	3 4 3
28	10	0.0	2	1 3 5 1
29	25	0.0	2	3 12 10
30	35	0.0	3	2 13 9 11
31	275	0.0	3	13 18 75 169
32	1281	0.0	3	12 456 408 405
33	6802	0.0	3	1680 1531 2496 1095
34	864	0.0	3	0 371 255 238
35	144	0.0	3	0 1 47 96
36	90	0.0	3	0 0 0 90
38	1	0.0	3	1
39	2	0.0	3	0 0 0 2
40	13	0.0	3	4 3 5 1
41	71	0.0	3	20 13 21 17
42	49	0.0	3	10 17 14 8
43	11	0.0	3	0 4 2 5
44	31	0.0	3	8 11 11 1
45	23	0.0	3	7 8 5 3
46	13	0.0	3	5 5 1 2
47	11	0.0	3	4 2 3 2
48	12	0.0	3	3 3 2 4
49	22	0.0	3	7 4 8 3
50	13	0.0	3	6 2 4 1
51	16	0.0	3	4 3 7 2
52	18	0.0	3	5 5 6 2
53	27	0.0	3	4 10 9 4
54	10	0.0	3	2 6 1 1
55	4	0.0	3	3 1
56	1	0.0	3	0 1
57	11	0.0	3	3 2 5 1
58	2	0.0	3	1 0 0 1
59	1	0.0	3	0 1
60	4	0.0	3	1 1 1 1
61	1	0.0	3	0 0 1
62	1	0.0	3	1
63	4	0.0	3	2 1 0 1
64	4	0.0	3	3 1
65	4	0.0	3	2 1 1
82	1	0.0	3	1
89	1	0.0	3	0 0 1


=== Second read: Adapter 16 ===

Sequence: ACGTTGGATGTTTGTTACCGTTGTTGATACTAC; Type: regular 5'; Length: 33; Trimmed: 7376 times.

No. of allowed errors:
0-9 bp: 0; 10-19 bp: 1; 20-29 bp: 2; 30-33 bp: 3

Overview of removed sequences
length	count	expect	max.err	error counts
15	1	0.0	1	0 1
18	2	0.0	1	0 2
19	1	0.0	1	1
22	1	0.0	2	0 1
24	1	0.0	2	0 0 1
25	6	0.0	2	0 4 2
26	9	0.0	2	3 3 3
27	18	0.0	2	7 4 5 2
28	29	0.0	2	7 15 5 2
29	51	0.0	2	8 20 20 3
30	479	0.0	3	7 30 24 418
31	362	0.0	3	20 18 178 146
32	1319	0.0	3	14 454 488 363
33	2259	0.0	3	974 604 437 244
34	2620	0.0	3	0 1371 808 441
35	88	0.0	3	0 1 32 55
36	18	0.0	3	0 0 0 18
37	3	0.0	3	0 1 0 2
39	6	0.0	3	0 0 1 5
40	12	0.0	3	1 1 3 7
41	14	0.0	3	0 5 4 5
42	8	0.0	3	1 3 2 2
43	12	0.0	3	0 1 5 6
44	6	0.0	3	0 0 2 4
45	5	0.0	3	0 1 2 2
46	9	0.0	3	1 3 3 2
47	5	0.0	3	0 1 0 4
48	2	0.0	3	0 0 1 1
49	4	0.0	3	0 0 1 3
50	7	0.0	3	0 3 2 2
51	3	0.0	3	1 0 1 1
52	2	0.0	3	1 1
53	3	0.0	3	0 2 1
54	2	0.0	3	0 1 1
55	1	0.0	3	0 0 1
56	2	0.0	3	0 1 0 1
57	2	0.0	3	0 0 1 1
58	2	0.0	3	0 0 2
59	1	0.0	3	0 0 1
63	1	0.0	3	0 0 0 1


=== Second read: Adapter 17 ===

Sequence: ACGTTGGATGAATATATGTGTGCTTATTTG; Type: regular 5'; Length: 30; Trimmed: 110 times.

No. of allowed errors:
0-9 bp: 0; 10-19 bp: 1; 20-29 bp: 2; 30 bp: 3

Overview of removed sequences
length	count	expect	max.err	error counts
3	102	1856.7	0	102
4	3	464.2	0	3
5	4	116.0	0	4
6	1	29.0	0	1


=== Second read: Adapter 18 ===

Sequence: ACGTTGGATGTTTGTTACTAAGGTAGATACCACTC; Type: regular 5'; Length: 35; Trimmed: 5913 times.

No. of allowed errors:
0-9 bp: 0; 10-19 bp: 1; 20-29 bp: 2; 30-35 bp: 3

Overview of removed sequences
length	count	expect	max.err	error counts
3	1	1856.7	0	1
4	2	464.2	0	2
22	2	0.0	2	1 0 1
24	1	0.0	2	0 1
26	2	0.0	2	2
27	2	0.0	2	1 1
28	6	0.0	2	3 1 2
29	6	0.0	2	1 4 1
30	21	0.0	3	10 1 5 5
31	32	0.0	3	8 5 7 12
32	43	0.0	3	9 12 3 19
33	224	0.0	3	19 21 89 95
34	746	0.0	3	23 310 190 223
35	3913	0.0	3	1793 1044 649 427
36	305	0.0	3	2 96 116 91
37	563	0.0	3	0 0 320 243
38	14	0.0	3	0 0 0 14
41	2	0.0	3	0 0 1 1
42	2	0.0	3	0 1 1
43	6	0.0	3	2 2 0 2
44	3	0.0	3	1 1 0 1
46	3	0.0	3	1 0 1 1
47	4	0.0	3	3 0 0 1
49	2	0.0	3	2
52	1	0.0	3	0 0 1
54	2	0.0	3	1 0 1
55	3	0.0	3	2 1
57	1	0.0	3	0 0 0 1
67	1	0.0	3	0 0 0 1


=== Second read: Adapter 19 ===

Sequence: ACGTTGGATGGAAAAATAAACTGCAAATCATATTC; Type: regular 5'; Length: 35; Trimmed: 8977 times.

No. of allowed errors:
0-9 bp: 0; 10-19 bp: 1; 20-29 bp: 2; 30-35 bp: 3

Overview of removed sequences
length	count	expect	max.err	error counts
3	14	1856.7	0	14
17	1	0.0	1	0 1
18	1	0.0	1	1
22	1	0.0	2	1
26	2	0.0	2	0 0 2
28	3	0.0	2	0 1 1 1
29	2	0.0	2	1 0 1
30	23	0.0	3	6 5 6 6
31	29	0.0	3	4 14 9 2
32	92	0.0	3	11 14 2 65
33	167	0.0	3	9 9 92 57
34	2562	0.0	3	10 1487 630 435
35	4689	0.0	3	2495 1075 659 460
36	1184	0.0	3	0 704 280 200
37	135	0.0	3	1 0 86 48
38	42	0.0	3	0 0 0 42
42	1	0.0	3	0 0 0 1
43	6	0.0	3	3 1 1 1
44	5	0.0	3	0 1 2 2
45	5	0.0	3	1 0 3 1
46	2	0.0	3	1 0 0 1
47	1	0.0	3	0 1
48	1	0.0	3	0 1
51	3	0.0	3	0 2 1
52	2	0.0	3	0 1 1
53	2	0.0	3	1 1
55	1	0.0	3	0 0 0 1
69	1	0.0	3	0 0 1


=== Second read: Adapter 20 ===

Sequence: ACGTTGGATGAGATTAGGGAAAGTATTAGA; Type: regular 5'; Length: 30; Trimmed: 9 times.

No. of allowed errors:
0-9 bp: 0; 10-19 bp: 1; 20-29 bp: 2; 30 bp: 3

Overview of removed sequences
length	count	expect	max.err	error counts
3	8	1856.7	0	8
4	1	464.2	0	1


=== Second read: Adapter 21 ===

Sequence: ACGTTGGATGGAAAAATAAATTGTAAATCATACTC; Type: regular 5'; Length: 35; Trimmed: 10878 times.

No. of allowed errors:
0-9 bp: 0; 10-19 bp: 1; 20-29 bp: 2; 30-35 bp: 3

Overview of removed sequences
length	count	expect	max.err	error counts
19	1	0.0	1	0 1
20	1	0.0	2	0 0 1
23	1	0.0	2	0 0 1
26	1	0.0	2	1
29	1	0.0	2	0 0 0 1
30	4	0.0	3	3 1
31	8	0.0	3	3 2 3
32	24	0.0	3	1 1 0 22
33	205	0.0	3	9 4 81 111
34	482	0.0	3	59 192 132 99
35	9831	0.0	3	5153 2340 1179 1159
36	77	0.0	3	0 27 17 33
37	46	0.0	3	4 0 14 28
38	46	0.0	3	2 0 0 44
40	2	0.0	3	1 1
42	10	0.0	3	2 4 2 2
43	35	0.0	3	11 9 7 8
44	11	0.0	3	3 1 2 5
45	6	0.0	3	3 3
46	12	0.0	3	3 6 1 2
47	14	0.0	3	9 1 2 2
48	5	0.0	3	4 0 0 1
49	8	0.0	3	4 2 1 1
50	6	0.0	3	2 1 1 2
51	3	0.0	3	3
52	8	0.0	3	3 3 1 1
53	9	0.0	3	3 4 2
54	8	0.0	3	4 3 0 1
55	3	0.0	3	0 2 1
56	1	0.0	3	0 1
57	4	0.0	3	1 1 1 1
61	2	0.0	3	1 0 0 1
67	1	0.0	3	0 0 0 1
68	1	0.0	3	0 0 0 1
69	1	0.0	3	1


=== Second read: Adapter 22 ===

Sequence: ACGTTGGATGGAAAAATAAACTGTAAATCATATTCCT; Type: regular 5'; Length: 37; Trimmed: 13153 times.

No. of allowed errors:
0-9 bp: 0; 10-19 bp: 1; 20-29 bp: 2; 30-37 bp: 3

Overview of removed sequences
length	count	expect	max.err	error counts
3	55	1856.7	0	55
4	80	464.2	0	80
19	2	0.0	1	0 0 2
20	2	0.0	2	1 0 1
21	1	0.0	2	0 0 1
22	1	0.0	2	0 1
30	4	0.0	3	0 3 1
31	8	0.0	3	0 5 2 1
32	21	0.0	3	2 10 3 6
33	22	0.0	3	1 7 9 5
34	74	0.0	3	1 7 12 54
35	1750	0.0	3	0 13 1139 598
36	4996	0.0	3	0 2584 1497 915
37	4258	0.0	3	512 1947 1165 634
38	756	0.0	3	0 121 387 248
39	954	0.0	3	0 0 292 662
40	61	0.0	3	0 0 0 61
43	1	0.0	3	0 0 0 1
44	10	0.0	3	0 6 3 1
45	22	0.0	3	0 10 8 4
46	14	0.0	3	0 3 8 3
47	2	0.0	3	0 2
48	7	0.0	3	0 1 5 1
49	12	0.0	3	0 8 4
50	7	0.0	3	1 2 2 2
51	5	0.0	3	0 2 2 1
52	1	0.0	3	0 1
54	6	0.0	3	2 1 0 3
55	7	0.0	3	0 3 4
56	3	0.0	3	0 2 0 1
57	2	0.0	3	0 2
58	3	0.0	3	0 1 1 1
59	1	0.0	3	0 0 1
61	1	0.0	3	0 0 1
63	1	0.0	3	0 1
66	1	0.0	3	0 1
67	2	0.0	3	0 1 0 1


=== Second read: Adapter 23 ===

Sequence: ACGTTGGATGGAAAAATAAACTGTAAATCATATTC; Type: regular 5'; Length: 35; Trimmed: 2285 times.

No. of allowed errors:
0-9 bp: 0; 10-19 bp: 1; 20-29 bp: 2; 30-35 bp: 3

Overview of removed sequences
length	count	expect	max.err	error counts
18	1	0.0	1	0 1
19	2	0.0	1	1 1
20	1	0.0	2	0 1
22	2	0.0	2	0 1 1
26	1	0.0	2	0 0 1
27	1	0.0	2	0 0 1
30	4	0.0	3	1 0 0 3
31	6	0.0	3	1 0 1 4
32	204	0.0	3	1 0 0 203
33	45	0.0	3	0 1 11 33
34	573	0.0	3	0 166 87 320
35	1248	0.0	3	283 304 195 466
36	148	0.0	3	0 20 58 70
37	28	0.0	3	0 1 8 19
38	6	0.0	3	0 0 0 6
41	1	0.0	3	0 0 0 1
42	1	0.0	3	0 0 0 1
43	1	0.0	3	0 0 0 1
44	2	0.0	3	0 0 1 1
45	1	0.0	3	0 0 0 1
46	1	0.0	3	0 0 0 1
47	1	0.0	3	0 0 0 1
50	2	0.0	3	0 1 0 1
51	1	0.0	3	0 0 0 1
55	1	0.0	3	0 0 0 1
56	1	0.0	3	0 0 1
62	1	0.0	3	0 0 0 1
64	1	0.0	3	0 0 1


=== Second read: Adapter 24 ===

Sequence: ACGTTGGATGGAAAAATAAATTGTAAATCAAATTC; Type: regular 5'; Length: 35; Trimmed: 5304 times.

No. of allowed errors:
0-9 bp: 0; 10-19 bp: 1; 20-29 bp: 2; 30-35 bp: 3

Overview of removed sequences
length	count	expect	max.err	error counts
6	2	29.0	0	2
13	2	0.0	1	1 1
17	1	0.0	1	0 1
18	2	0.0	1	0 2
30	3	0.0	3	1 0 2
31	8	0.0	3	3 3 0 2
32	4	0.0	3	1 0 0 3
33	23	0.0	3	1 3 7 12
34	237	0.0	3	8 132 53 44
35	4851	0.0	3	2777 1175 590 309
36	64	0.0	3	0 37 14 13
37	65	0.0	3	1 0 40 24
38	14	0.0	3	0 0 0 14
42	1	0.0	3	1
43	3	0.0	3	3
44	5	0.0	3	2 2 0 1
45	2	0.0	3	1 0 1
46	5	0.0	3	3 2
47	2	0.0	3	2
48	1	0.0	3	1
50	3	0.0	3	1 1 1
51	1	0.0	3	1
55	2	0.0	3	2
56	1	0.0	3	1
68	1	0.0	3	0 1
69	1	0.0	3	1
