This is cutadapt 2.6 with Python 3.7.3
Command line parameters: -g ACGTTGGATGTTTGTTACTATGGTAGATACCACAC -g ACGTTGGATGTTTGTTACTAAGGTAGATACCACTC -g ACGTTGGATGTTTGTTACTGTGGTGGATACTAC -g ACGTTGGATGTTTGTTACTGTTGTGGATACAAC -g ACGTTGGATGTTTGTTACCGTTGTTGATACTAC -g ACGTTGGATGAATATATGTGTGCTTATTTG -G ACGTTGGATGTTTGTTACTATGGTAGATACCACAC -G ACGTTGGATGTTTGTTACTGTGGTGGATACTAC -G ACGTTGGATGTTTGTTACTGTTGTGGATACAAC -G ACGTTGGATGTTTGTTACCGTTGTTGATACTAC -G ACGTTGGATGAATATATGTGTGCTTATTTG -G ACGTTGGATGTTTGTTACTAAGGTAGATACCACTC -g ACGTTGGATGGAAAAATAAACTGCAAATCATATTC -g ACGTTGGATGGAAAAATAAACTGTAAATCATATTC -g ACGTTGGATGGAAAAATAAATTGTAAATCATACTC -g ACGTTGGATGAGATTAGGGAAAGTATTAGA -g ACGTTGGATGGAAAAATAAATTGTAAATCAAATTC -g ACGTTGGATGGAAAAATAAACTGTAAATCATATTCCT -G ACGTTGGATGGAAAAATAAACTGCAAATCATATTC -G ACGTTGGATGAGATTAGGGAAAGTATTAGA -G ACGTTGGATGGAAAAATAAATTGTAAATCATACTC -G ACGTTGGATGGAAAAATAAACTGTAAATCATATTCCT -G ACGTTGGATGGAAAAATAAACTGTAAATCATATTC -G ACGTTGGATGGAAAAATAAATTGTAAATCAAATTC --minimum-length=1 -o /data/projects/mdc-971/reprocess_June_2019_data/analysis/30.primer_trimmed/180503_S94_cutadapt.1.fq.gz -p /data/projects/mdc-971/reprocess_June_2019_data/analysis/30.primer_trimmed/180503_S94_cutadapt.2.fq.gz /data/projects/mdc-971/reprocess_June_2019_data/analysis/20.adapter_trimmed/180503_S94_R1_001.bbduked.trimmed.fastq.gz /data/projects/mdc-971/reprocess_June_2019_data/analysis/20.adapter_trimmed/180503_S94_R2_001.bbduked.trimmed.fastq.gz
Processing reads on 1 core in paired-end mode ...
Finished in 218.05 s (380 us/read; 0.16 M reads/minute).

=== Summary ===

Total read pairs processed:            574,448
  Read 1 with adapter:                 515,519 (89.7%)
  Read 2 with adapter:                 403,622 (70.3%)
Pairs that were too short:                   0 (0.0%)
Pairs written (passing filters):       574,448 (100.0%)

Total basepairs processed:   167,459,338 bp
  Read 1:    81,292,243 bp
  Read 2:    86,167,095 bp
Total written (filtered):    135,970,535 bp (81.2%)
  Read 1:    63,431,607 bp
  Read 2:    72,538,928 bp

=== First read: Adapter 1 ===

Sequence: ACGTTGGATGTTTGTTACTATGGTAGATACCACAC; Type: regular 5'; Length: 35; Trimmed: 27053 times.

No. of allowed errors:
0-9 bp: 0; 10-19 bp: 1; 20-29 bp: 2; 30-35 bp: 3

Overview of removed sequences
length	count	expect	max.err	error counts
3	5	8975.8	0	5
4	2	2243.9	0	2
5	1	561.0	0	1
13	3	0.0	1	0 3
14	1	0.0	1	0 1
16	1	0.0	1	1
18	2	0.0	1	0 2
19	1	0.0	1	0 0 1
20	3	0.0	2	1 1 1
21	4	0.0	2	0 3 1
22	12	0.0	2	5 2 5
23	16	0.0	2	10 4 2
24	2	0.0	2	0 2
25	6	0.0	2	0 1 5
26	52	0.0	2	13 15 24
27	124	0.0	2	46 43 33 2
28	124	0.0	2	43 36 32 13
29	262	0.0	2	90 91 64 17
30	283	0.0	3	116 82 45 40
31	159	0.0	3	30 36 54 39
32	445	0.0	3	36 85 90 234
33	1381	0.0	3	55 67 638 621
34	4400	0.0	3	67 1852 1404 1077
35	13199	0.0	3	4821 4270 2544 1564
36	2996	0.0	3	0 1447 955 594
37	1139	0.0	3	0 1 684 454
38	2415	0.0	3	0 0 1 2414
39	6	0.0	3	0 1 0 5
40	1	0.0	3	0 1
42	1	0.0	3	0 0 1
44	1	0.0	3	0 0 1
47	2	0.0	3	0 0 1 1
51	1	0.0	3	1
54	1	0.0	3	0 0 1
62	2	0.0	3	0 0 1 1


=== First read: Adapter 2 ===

Sequence: ACGTTGGATGTTTGTTACTAAGGTAGATACCACTC; Type: regular 5'; Length: 35; Trimmed: 16363 times.

No. of allowed errors:
0-9 bp: 0; 10-19 bp: 1; 20-29 bp: 2; 30-35 bp: 3

Overview of removed sequences
length	count	expect	max.err	error counts
3	3	8975.8	0	3
14	1	0.0	1	1
15	4	0.0	1	4
19	2	0.0	1	1 1
20	2	0.0	2	1 1
22	2	0.0	2	1 1
23	7	0.0	2	6 1
24	1	0.0	2	1
25	2	0.0	2	0 2
26	26	0.0	2	12 11 3
27	76	0.0	2	34 33 9
28	85	0.0	2	40 33 12
29	155	0.0	2	64 71 18 2
30	287	0.0	3	155 79 34 19
31	207	0.0	3	70 68 49 20
32	321	0.0	3	101 95 55 70
33	580	0.0	3	101 97 234 148
34	3109	0.0	3	175 1798 719 417
35	10041	0.0	3	6065 2214 1122 640
36	601	0.0	3	5 216 229 151
37	739	0.0	3	1 1 509 228
38	103	0.0	3	0 2 1 100
39	1	0.0	3	0 0 1
40	1	0.0	3	0 1
41	1	0.0	3	0 0 1
42	1	0.0	3	0 1
43	1	0.0	3	1
51	3	0.0	3	1 0 0 2
72	1	0.0	3	0 0 0 1


=== First read: Adapter 3 ===

Sequence: ACGTTGGATGTTTGTTACTGTGGTGGATACTAC; Type: regular 5'; Length: 33; Trimmed: 59756 times.

No. of allowed errors:
0-9 bp: 0; 10-19 bp: 1; 20-29 bp: 2; 30-33 bp: 3

Overview of removed sequences
length	count	expect	max.err	error counts
3	8	8975.8	0	8
4	1	2243.9	0	1
5	1	561.0	0	1
10	1	0.5	1	0 1
11	1	0.1	1	1
13	1	0.0	1	1
14	5	0.0	1	3 2
15	2	0.0	1	1 1
16	2	0.0	1	1 1
17	6	0.0	1	6
18	10	0.0	1	8 1 1
19	10	0.0	1	8 2
20	30	0.0	2	19 9 2
21	39	0.0	2	21 17 1
22	26	0.0	2	9 10 7
23	32	0.0	2	7 16 9
24	199	0.0	2	91 70 38
25	743	0.0	2	358 264 121
26	941	0.0	2	391 351 199
27	1223	0.0	2	617 464 137 5
28	1542	0.0	2	538 719 268 17
29	1570	0.0	2	216 857 430 67
30	2593	0.0	3	417 693 398 1085
31	3993	0.0	3	343 1038 1493 1119
32	7161	0.0	3	391 2921 2312 1537
33	22980	0.0	3	9056 7173 4241 2510
34	16059	0.0	3	0 8025 5670 2364
35	434	0.0	3	1 6 196 231
36	89	0.0	3	1 7 2 79
37	8	0.0	3	1 2 2 3
38	6	0.0	3	0 5 1
39	1	0.0	3	0 0 1
40	2	0.0	3	0 0 2
41	3	0.0	3	1 2
42	1	0.0	3	0 1
43	2	0.0	3	0 1 1
44	4	0.0	3	0 2 2
45	4	0.0	3	0 3 1
46	1	0.0	3	0 1
47	4	0.0	3	0 4
48	2	0.0	3	1 0 0 1
49	1	0.0	3	1
50	2	0.0	3	0 1 0 1
51	3	0.0	3	1 1 0 1
52	4	0.0	3	1 1 2
54	3	0.0	3	1 2
57	1	0.0	3	0 1
63	1	0.0	3	0 0 0 1
66	1	0.0	3	0 0 1


=== First read: Adapter 4 ===

Sequence: ACGTTGGATGTTTGTTACTGTTGTGGATACAAC; Type: regular 5'; Length: 33; Trimmed: 30855 times.

No. of allowed errors:
0-9 bp: 0; 10-19 bp: 1; 20-29 bp: 2; 30-33 bp: 3

Overview of removed sequences
length	count	expect	max.err	error counts
3	44	8975.8	0	44
6	1	140.2	0	1
14	1	0.0	1	1
17	1	0.0	1	0 1
19	2	0.0	1	1 1
20	9	0.0	2	3 4 2
21	10	0.0	2	8 2
23	4	0.0	2	0 2 2
24	54	0.0	2	25 23 6
25	422	0.0	2	164 187 71
26	308	0.0	2	180 94 34
27	362	0.0	2	207 112 43
28	385	0.0	2	219 119 42 5
29	264	0.0	2	113 83 58 10
30	398	0.0	3	143 138 81 36
31	859	0.0	3	166 175 301 217
32	3055	0.0	3	277 1333 683 762
33	22306	0.0	3	11500 5338 3787 1681
34	1837	0.0	3	10 904 524 399
35	336	0.0	3	0 0 151 185
36	183	0.0	3	2 1 0 180
37	2	0.0	3	1 0 0 1
38	1	0.0	3	0 0 1
40	1	0.0	3	0 0 1
44	1	0.0	3	0 0 1
49	1	0.0	3	0 0 1
52	1	0.0	3	1
53	1	0.0	3	0 0 1
54	2	0.0	3	0 1 1
57	1	0.0	3	0 0 0 1
59	1	0.0	3	1
62	1	0.0	3	1
63	1	0.0	3	1


=== First read: Adapter 5 ===

Sequence: ACGTTGGATGTTTGTTACCGTTGTTGATACTAC; Type: regular 5'; Length: 33; Trimmed: 41087 times.

No. of allowed errors:
0-9 bp: 0; 10-19 bp: 1; 20-29 bp: 2; 30-33 bp: 3

Overview of removed sequences
length	count	expect	max.err	error counts
10	1	0.5	1	0 1
11	1	0.1	1	0 1
14	8	0.0	1	5 3
17	1	0.0	1	0 1
18	2	0.0	1	0 1 1
19	10	0.0	1	5 5
20	14	0.0	2	13 0 1
21	13	0.0	2	5 6 2
23	8	0.0	2	0 4 4
24	106	0.0	2	47 48 11
25	322	0.0	2	181 94 47
26	393	0.0	2	186 141 66
27	647	0.0	2	375 209 61 2
28	853	0.0	2	430 279 123 21
29	610	0.0	2	150 234 166 60
30	2482	0.0	3	366 404 228 1484
31	2163	0.0	3	424 495 660 584
32	9305	0.0	3	501 2206 4398 2200
33	19300	0.0	3	10463 5192 2415 1230
34	4279	0.0	3	2 2333 1278 666
35	237	0.0	3	1 2 73 161
36	312	0.0	3	3 1 1 307
37	3	0.0	3	2 0 1
38	1	0.0	3	0 1
39	1	0.0	3	0 0 0 1
40	3	0.0	3	1 1 1
41	4	0.0	3	3 0 0 1
42	2	0.0	3	0 1 0 1
43	1	0.0	3	0 0 0 1
45	1	0.0	3	0 0 0 1
47	2	0.0	3	0 1 1
49	1	0.0	3	0 0 1
54	1	0.0	3	0 0 1


=== First read: Adapter 6 ===

Sequence: ACGTTGGATGAATATATGTGTGCTTATTTG; Type: regular 5'; Length: 30; Trimmed: 228 times.

No. of allowed errors:
0-9 bp: 0; 10-19 bp: 1; 20-29 bp: 2; 30 bp: 3

Overview of removed sequences
length	count	expect	max.err	error counts
3	189	8975.8	0	189
4	13	2243.9	0	13
5	3	561.0	0	3
27	1	0.0	2	0 0 0 1
29	2	0.0	2	0 0 2
30	20	0.0	3	14 3 2 1


=== First read: Adapter 7 ===

Sequence: ACGTTGGATGGAAAAATAAACTGCAAATCATATTC; Type: regular 5'; Length: 35; Trimmed: 100767 times.

No. of allowed errors:
0-9 bp: 0; 10-19 bp: 1; 20-29 bp: 2; 30-35 bp: 3

Overview of removed sequences
length	count	expect	max.err	error counts
3	3	8975.8	0	3
4	1	2243.9	0	1
23	1	0.0	2	0 1
25	6	0.0	2	3 1 2
26	8	0.0	2	4 3 1
27	9	0.0	2	7 1 1
28	25	0.0	2	4 7 11 3
29	99	0.0	2	12 46 31 10
30	409	0.0	3	183 140 63 23
31	363	0.0	3	134 133 61 35
32	1437	0.0	3	145 125 64 1103
33	2062	0.0	3	65 171 1088 738
34	19721	0.0	3	201 14898 3285 1337
35	52311	0.0	3	36120 9499 3750 2942
36	22477	0.0	3	2 17575 3205 1695
37	1430	0.0	3	0 1 784 645
38	402	0.0	3	0 0 0 402
45	1	0.0	3	0 1
55	1	0.0	3	0 1
63	1	0.0	3	0 0 0 1


=== First read: Adapter 8 ===

Sequence: ACGTTGGATGGAAAAATAAACTGTAAATCATATTC; Type: regular 5'; Length: 35; Trimmed: 18697 times.

No. of allowed errors:
0-9 bp: 0; 10-19 bp: 1; 20-29 bp: 2; 30-35 bp: 3

Overview of removed sequences
length	count	expect	max.err	error counts
22	1	0.0	2	0 1
23	1	0.0	2	0 0 1
24	3	0.0	2	0 3
25	1	0.0	2	0 0 1
26	1	0.0	2	0 0 1
28	1	0.0	2	0 1
29	3	0.0	2	0 1 1 1
30	31	0.0	3	2 8 8 13
31	24	0.0	3	0 8 6 10
32	2340	0.0	3	5 6 8 2321
33	653	0.0	3	3 22 318 310
34	5270	0.0	3	13 3519 791 947
35	7840	0.0	3	1735 2599 1856 1650
36	1754	0.0	3	0 274 600 880
37	692	0.0	3	0 0 152 540
38	81	0.0	3	0 0 0 81
46	1	0.0	3	0 1


=== First read: Adapter 9 ===

Sequence: ACGTTGGATGGAAAAATAAATTGTAAATCATACTC; Type: regular 5'; Length: 35; Trimmed: 56980 times.

No. of allowed errors:
0-9 bp: 0; 10-19 bp: 1; 20-29 bp: 2; 30-35 bp: 3

Overview of removed sequences
length	count	expect	max.err	error counts
26	2	0.0	2	0 2
27	5	0.0	2	2 3
29	6	0.0	2	1 3 1 1
30	38	0.0	3	24 10 2 2
31	80	0.0	3	60 13 4 3
32	157	0.0	3	21 8 7 121
33	1256	0.0	3	62 57 730 407
34	4032	0.0	3	1185 1919 665 263
35	50212	0.0	3	34578 8913 2814 3907
36	522	0.0	3	7 158 222 135
37	269	0.0	3	10 1 95 163
38	356	0.0	3	3 1 0 352
39	6	0.0	3	5 0 1
40	2	0.0	3	2
41	2	0.0	3	1 0 0 1
42	4	0.0	3	4
43	3	0.0	3	2 0 1
44	5	0.0	3	4 1
45	3	0.0	3	1 1 0 1
46	1	0.0	3	0 0 0 1
47	2	0.0	3	1 0 1
48	2	0.0	3	0 0 1 1
49	2	0.0	3	0 1 1
50	1	0.0	3	1
51	1	0.0	3	1
52	2	0.0	3	1 1
53	1	0.0	3	1
54	4	0.0	3	2 1 0 1
55	1	0.0	3	0 0 1
56	1	0.0	3	0 0 1
57	2	0.0	3	2


=== First read: Adapter 10 ===

Sequence: ACGTTGGATGAGATTAGGGAAAGTATTAGA; Type: regular 5'; Length: 30; Trimmed: 113 times.

No. of allowed errors:
0-9 bp: 0; 10-19 bp: 1; 20-29 bp: 2; 30 bp: 3

Overview of removed sequences
length	count	expect	max.err	error counts
3	104	8975.8	0	104
5	1	561.0	0	1
6	1	140.2	0	1
28	1	0.0	2	0 0 1
30	5	0.0	3	4 1
31	1	0.0	3	0 1


=== First read: Adapter 11 ===

Sequence: ACGTTGGATGGAAAAATAAATTGTAAATCAAATTC; Type: regular 5'; Length: 35; Trimmed: 40543 times.

No. of allowed errors:
0-9 bp: 0; 10-19 bp: 1; 20-29 bp: 2; 30-35 bp: 3

Overview of removed sequences
length	count	expect	max.err	error counts
29	4	0.0	2	2 1 1
30	27	0.0	3	17 7 3
31	39	0.0	3	31 6 1 1
32	48	0.0	3	17 10 2 19
33	217	0.0	3	71 37 59 50
34	1342	0.0	3	214 687 276 165
35	38193	0.0	3	26184 7808 2879 1322
36	333	0.0	3	3 182 76 72
37	148	0.0	3	4 0 79 65
38	186	0.0	3	0 1 0 185
39	1	0.0	3	1
43	2	0.0	3	0 2
45	1	0.0	3	0 1
52	1	0.0	3	1
58	1	0.0	3	0 0 0 1


=== First read: Adapter 12 ===

Sequence: ACGTTGGATGGAAAAATAAACTGTAAATCATATTCCT; Type: regular 5'; Length: 37; Trimmed: 123077 times.

No. of allowed errors:
0-9 bp: 0; 10-19 bp: 1; 20-29 bp: 2; 30-37 bp: 3

Overview of removed sequences
length	count	expect	max.err	error counts
3	21	8975.8	0	21
4	6	2243.9	0	6
12	1	0.0	1	0 1
14	1	0.0	1	1
17	1	0.0	1	1
19	2	0.0	1	0 1 1
22	1	0.0	2	0 0 1
24	1	0.0	2	1
26	2	0.0	2	1 1
27	5	0.0	2	0 3 2
28	12	0.0	2	0 8 2 2
29	6	0.0	2	0 4 2
30	14	0.0	3	0 4 6 4
31	119	0.0	3	1 63 40 15
32	200	0.0	3	18 107 43 32
33	191	0.0	3	15 76 69 31
34	479	0.0	3	6 74 101 298
35	10494	0.0	3	15 216 7991 2272
36	37628	0.0	3	42 24616 8614 4356
37	52503	0.0	3	10580 29039 9224 3660
38	11128	0.0	3	2 1116 6565 3445
39	8749	0.0	3	0 1 1742 7006
40	1500	0.0	3	0 1 0 1499
45	3	0.0	3	0 1 1 1
47	1	0.0	3	0 1
49	1	0.0	3	0 1
54	1	0.0	3	0 0 0 1
55	2	0.0	3	0 1 1
59	1	0.0	3	0 1
63	1	0.0	3	0 0 1
64	1	0.0	3	0 0 1
66	1	0.0	3	1
68	1	0.0	3	0 1


=== Second read: Adapter 13 ===

Sequence: ACGTTGGATGTTTGTTACTATGGTAGATACCACAC; Type: regular 5'; Length: 35; Trimmed: 24301 times.

No. of allowed errors:
0-9 bp: 0; 10-19 bp: 1; 20-29 bp: 2; 30-35 bp: 3

Overview of removed sequences
length	count	expect	max.err	error counts
3	8	8975.8	0	8
4	28	2243.9	0	28
5	1	561.0	0	1
6	2	140.2	0	2
9	1	2.2	0	0 1
18	3	0.0	1	0 2 1
19	4	0.0	1	2 2
21	1	0.0	2	0 0 1
22	5	0.0	2	0 2 3
23	3	0.0	2	1 2
24	3	0.0	2	2 1
26	9	0.0	2	3 1 5
27	10	0.0	2	2 3 5
28	20	0.0	2	5 6 6 3
29	36	0.0	2	5 11 13 7
30	64	0.0	3	15 11 16 22
31	44	0.0	3	8 9 18 9
32	191	0.0	3	8 15 20 148
33	1819	0.0	3	7 19 693 1100
34	2607	0.0	3	10 777 858 962
35	13870	0.0	3	3122 4292 3740 2716
36	2647	0.0	3	2 845 982 818
37	1394	0.0	3	0 0 678 716
38	1480	0.0	3	0 0 0 1480
39	1	0.0	3	0 0 0 1
42	2	0.0	3	1 0 1
43	7	0.0	3	1 0 5 1
44	9	0.0	3	0 3 2 4
45	2	0.0	3	0 0 2
46	4	0.0	3	0 0 2 2
47	3	0.0	3	1 1 0 1
48	2	0.0	3	0 0 1 1
49	1	0.0	3	0 0 1
50	2	0.0	3	1 0 1
51	2	0.0	3	0 1 0 1
52	1	0.0	3	0 0 0 1
53	1	0.0	3	0 0 1
54	4	0.0	3	0 0 0 4
55	8	0.0	3	0 4 0 4
57	1	0.0	3	0 0 0 1
60	1	0.0	3	0 0 1


=== Second read: Adapter 14 ===

Sequence: ACGTTGGATGTTTGTTACTGTGGTGGATACTAC; Type: regular 5'; Length: 33; Trimmed: 106346 times.

No. of allowed errors:
0-9 bp: 0; 10-19 bp: 1; 20-29 bp: 2; 30-33 bp: 3

Overview of removed sequences
length	count	expect	max.err	error counts
3	24	8975.8	0	24
4	1	2243.9	0	1
5	3	561.0	0	3
9	1	2.2	0	1
10	1	0.5	1	0 1
13	2	0.0	1	0 2
14	3	0.0	1	3
15	1	0.0	1	0 1
16	2	0.0	1	0 2
17	9	0.0	1	6 3
18	3	0.0	1	2 1
19	5	0.0	1	4 1
20	8	0.0	2	1 4 3
21	5	0.0	2	1 3 1
22	13	0.0	2	3 2 8
23	7	0.0	2	2 4 1
24	32	0.0	2	10 11 11
25	58	0.0	2	10 15 33
26	105	0.0	2	30 40 35
27	141	0.0	2	42 44 55
28	196	0.0	2	49 77 59 11
29	286	0.0	2	36 111 119 20
30	7410	0.0	3	58 143 168 7041
31	9933	0.0	3	104 216 3090 6523
32	17343	0.0	3	98 5383 6390 5472
33	36957	0.0	3	13209 12031 7310 4407
34	31377	0.0	3	2 13419 11574 6382
35	752	0.0	3	1 1 295 455
36	311	0.0	3	1 1 1 308
37	9	0.0	3	0 1 2 6
38	40	0.0	3	0 5 5 30
39	49	0.0	3	0 1 11 37
40	54	0.0	3	4 8 23 19
41	191	0.0	3	44 43 50 54
42	204	0.0	3	31 64 59 50
43	83	0.0	3	7 20 27 29
44	80	0.0	3	21 25 15 19
45	99	0.0	3	22 36 16 25
46	65	0.0	3	11 15 20 19
47	41	0.0	3	3 8 8 22
48	50	0.0	3	9 8 6 27
49	69	0.0	3	15 15 20 19
50	60	0.0	3	7 20 11 22
51	72	0.0	3	13 25 12 22
52	53	0.0	3	9 16 12 16
53	43	0.0	3	9 19 11 4
54	31	0.0	3	8 7 8 8
55	14	0.0	3	2 3 7 2
56	11	0.0	3	3 2 5 1
57	18	0.0	3	9 3 3 3
58	6	0.0	3	1 0 1 4
59	1	0.0	3	0 0 0 1
61	3	0.0	3	1 2
62	3	0.0	3	0 0 1 2
63	5	0.0	3	0 1 4
64	3	0.0	3	1 2


=== Second read: Adapter 15 ===

Sequence: ACGTTGGATGTTTGTTACTGTTGTGGATACAAC; Type: regular 5'; Length: 33; Trimmed: 64077 times.

No. of allowed errors:
0-9 bp: 0; 10-19 bp: 1; 20-29 bp: 2; 30-33 bp: 3

Overview of removed sequences
length	count	expect	max.err	error counts
3	1343	8975.8	0	1343
4	1	2243.9	0	1
5	4	561.0	0	4
6	2	140.2	0	2
10	1	0.5	1	1
14	1	0.0	1	0 1
21	1	0.0	2	1
22	4	0.0	2	1 3
23	6	0.0	2	0 2 4
24	13	0.0	2	5 5 3
25	15	0.0	2	1 7 7
26	20	0.0	2	11 5 4
27	30	0.0	2	15 7 8
28	61	0.0	2	24 21 15 1
29	79	0.0	2	23 30 23 3
30	203	0.0	3	25 50 35 93
31	2126	0.0	3	71 60 631 1364
32	11090	0.0	3	80 3825 3150 4035
33	42477	0.0	3	11908 9943 13977 6649
34	4062	0.0	3	4 1384 1301 1373
35	714	0.0	3	0 1 282 431
36	615	0.0	3	1 0 0 614
37	1	0.0	3	0 0 0 1
38	2	0.0	3	0 1 0 1
39	6	0.0	3	0 2 1 3
40	48	0.0	3	13 18 10 7
41	272	0.0	3	61 102 66 43
42	146	0.0	3	34 45 40 27
43	45	0.0	3	8 9 16 12
44	101	0.0	3	30 27 31 13
45	80	0.0	3	19 21 27 13
46	29	0.0	3	12 7 5 5
47	26	0.0	3	7 6 4 9
48	41	0.0	3	8 9 16 8
49	67	0.0	3	20 17 17 13
50	42	0.0	3	11 11 12 8
51	68	0.0	3	17 17 17 17
52	69	0.0	3	25 15 20 9
53	74	0.0	3	17 14 25 18
54	20	0.0	3	4 4 7 5
55	15	0.0	3	4 4 2 5
56	12	0.0	3	2 2 4 4
57	15	0.0	3	3 4 5 3
58	5	0.0	3	2 1 2
59	2	0.0	3	0 0 2
60	2	0.0	3	1 0 0 1
61	3	0.0	3	2 0 1
62	3	0.0	3	1 0 0 2
63	2	0.0	3	0 0 1 1
64	4	0.0	3	1 1 1 1
65	6	0.0	3	3 2 1
66	1	0.0	3	0 1
68	1	0.0	3	0 1
95	1	0.0	3	1


=== Second read: Adapter 16 ===

Sequence: ACGTTGGATGTTTGTTACCGTTGTTGATACTAC; Type: regular 5'; Length: 33; Trimmed: 56026 times.

No. of allowed errors:
0-9 bp: 0; 10-19 bp: 1; 20-29 bp: 2; 30-33 bp: 3

Overview of removed sequences
length	count	expect	max.err	error counts
12	1	0.0	1	0 1
14	1	0.0	1	1
15	1	0.0	1	0 1
16	5	0.0	1	2 3
17	1	0.0	1	0 1
18	1	0.0	1	0 1
19	8	0.0	1	4 2 2
20	5	0.0	2	2 3
21	3	0.0	2	1 0 2
22	3	0.0	2	0 3
23	6	0.0	2	0 2 4
24	20	0.0	2	11 6 3
25	30	0.0	2	11 6 13
26	60	0.0	2	19 25 16
27	91	0.0	2	48 25 18
28	132	0.0	2	46 41 40 5
29	193	0.0	2	45 62 66 20
30	5617	0.0	3	58 110 129 5320
31	2289	0.0	3	162 146 874 1107
32	13493	0.0	3	117 3252 5781 4343
33	24165	0.0	3	10749 6988 4079 2349
34	8321	0.0	3	2 3727 2621 1971
35	403	0.0	3	0 2 154 247
36	881	0.0	3	2 2 1 876
37	5	0.0	3	0 0 0 5
38	11	0.0	3	0 0 1 10
39	8	0.0	3	0 0 1 7
40	43	0.0	3	4 3 19 17
41	47	0.0	3	12 7 14 14
42	15	0.0	3	3 4 5 3
43	25	0.0	3	2 2 12 9
44	24	0.0	3	3 10 8 3
45	8	0.0	3	2 2 2 2
46	11	0.0	3	1 5 1 4
47	6	0.0	3	0 0 4 2
48	22	0.0	3	3 1 9 9
49	14	0.0	3	1 1 6 6
50	7	0.0	3	1 1 3 2
51	7	0.0	3	1 1 3 2
52	8	0.0	3	0 0 2 6
53	5	0.0	3	0 0 0 5
54	9	0.0	3	0 1 6 2
55	4	0.0	3	0 1 2 1
56	7	0.0	3	0 2 3 2
57	3	0.0	3	0 0 2 1
58	1	0.0	3	0 0 0 1
59	1	0.0	3	0 0 1
60	2	0.0	3	0 0 2
61	2	0.0	3	0 0 1 1
65	1	0.0	3	0 1


=== Second read: Adapter 17 ===

Sequence: ACGTTGGATGAATATATGTGTGCTTATTTG; Type: regular 5'; Length: 30; Trimmed: 517 times.

No. of allowed errors:
0-9 bp: 0; 10-19 bp: 1; 20-29 bp: 2; 30 bp: 3

Overview of removed sequences
length	count	expect	max.err	error counts
3	484	8975.8	0	484
4	21	2243.9	0	21
5	3	561.0	0	3
6	4	140.2	0	4
9	1	2.2	0	0 1
30	3	0.0	3	1 1 1
57	1	0.0	3	0 0 0 1


=== Second read: Adapter 18 ===

Sequence: ACGTTGGATGTTTGTTACTAAGGTAGATACCACTC; Type: regular 5'; Length: 35; Trimmed: 16457 times.

No. of allowed errors:
0-9 bp: 0; 10-19 bp: 1; 20-29 bp: 2; 30-35 bp: 3

Overview of removed sequences
length	count	expect	max.err	error counts
3	3	8975.8	0	3
4	12	2243.9	0	12
13	1	0.0	1	1
18	1	0.0	1	1
19	1	0.0	1	1
20	1	0.0	2	1
21	1	0.0	2	1
22	3	0.0	2	2 1
23	1	0.0	2	0 1
26	4	0.0	2	2 2
27	5	0.0	2	1 3 1
28	10	0.0	2	4 4 2
29	26	0.0	2	8 8 8 2
30	59	0.0	3	18 17 12 12
31	62	0.0	3	11 15 18 18
32	122	0.0	3	19 23 25 55
33	668	0.0	3	32 27 243 366
34	2356	0.0	3	44 971 654 687
35	10993	0.0	3	4490 3023 2120 1360
36	915	0.0	3	1 320 304 290
37	1028	0.0	3	0 1 519 508
38	120	0.0	3	0 0 1 119
39	2	0.0	3	0 1 0 1
40	2	0.0	3	0 1 1
42	5	0.0	3	1 3 0 1
43	11	0.0	3	3 4 3 1
44	7	0.0	3	3 1 1 2
45	6	0.0	3	0 3 1 2
46	10	0.0	3	3 5 1 1
47	1	0.0	3	0 1
48	1	0.0	3	0 1
50	3	0.0	3	0 0 1 2
51	1	0.0	3	0 1
52	4	0.0	3	1 0 1 2
53	2	0.0	3	0 0 1 1
54	4	0.0	3	1 2 1
55	1	0.0	3	0 0 0 1
56	1	0.0	3	0 0 1
57	2	0.0	3	0 2
59	1	0.0	3	0 0 0 1
60	1	0.0	3	0 1


=== Second read: Adapter 19 ===

Sequence: ACGTTGGATGGAAAAATAAACTGCAAATCATATTC; Type: regular 5'; Length: 35; Trimmed: 31082 times.

No. of allowed errors:
0-9 bp: 0; 10-19 bp: 1; 20-29 bp: 2; 30-35 bp: 3

Overview of removed sequences
length	count	expect	max.err	error counts
3	56	8975.8	0	56
4	3	2243.9	0	3
12	1	0.0	1	1
17	3	0.0	1	1 2
18	9	0.0	1	4 5
19	5	0.0	1	2 3
20	1	0.0	2	0 1
21	2	0.0	2	2
22	1	0.0	2	0 0 1
24	1	0.0	2	0 0 1
25	2	0.0	2	1 1
26	5	0.0	2	1 1 3
27	4	0.0	2	0 2 0 2
28	3	0.0	2	1 1 1
29	15	0.0	2	2 7 3 3
30	43	0.0	3	19 11 9 4
31	58	0.0	3	14 15 17 12
32	396	0.0	3	31 25 20 320
33	669	0.0	3	26 30 315 298
34	7600	0.0	3	23 3959 2237 1381
35	16164	0.0	3	7718 4105 2424 1917
36	5242	0.0	3	0 2806 1454 982
37	542	0.0	3	0 1 316 225
38	173	0.0	3	0 0 0 173
42	4	0.0	3	0 2 0 2
43	6	0.0	3	0 2 2 2
44	16	0.0	3	3 7 4 2
45	10	0.0	3	0 4 5 1
46	3	0.0	3	2 0 0 1
47	6	0.0	3	0 2 2 2
48	5	0.0	3	1 3 1
49	6	0.0	3	1 4 1
50	5	0.0	3	0 4 1
51	5	0.0	3	0 3 1 1
52	1	0.0	3	0 1
53	2	0.0	3	1 1
54	7	0.0	3	0 5 1 1
55	1	0.0	3	0 0 1
56	1	0.0	3	0 1
57	3	0.0	3	0 2 1
62	1	0.0	3	0 1
63	1	0.0	3	0 1
68	1	0.0	3	0 1


=== Second read: Adapter 20 ===

Sequence: ACGTTGGATGAGATTAGGGAAAGTATTAGA; Type: regular 5'; Length: 30; Trimmed: 64 times.

No. of allowed errors:
0-9 bp: 0; 10-19 bp: 1; 20-29 bp: 2; 30 bp: 3

Overview of removed sequences
length	count	expect	max.err	error counts
3	59	8975.8	0	59
4	3	2243.9	0	3
5	1	561.0	0	1
29	1	0.0	2	0 0 0 1


=== Second read: Adapter 21 ===

Sequence: ACGTTGGATGGAAAAATAAATTGTAAATCATACTC; Type: regular 5'; Length: 35; Trimmed: 23199 times.

No. of allowed errors:
0-9 bp: 0; 10-19 bp: 1; 20-29 bp: 2; 30-35 bp: 3

Overview of removed sequences
length	count	expect	max.err	error counts
13	1	0.0	1	0 1
18	4	0.0	1	3 1
19	3	0.0	1	0 1 2
20	1	0.0	2	1
21	4	0.0	2	1 0 3
22	4	0.0	2	1 2 1
23	1	0.0	2	1
24	1	0.0	2	0 1
25	1	0.0	2	1
26	2	0.0	2	1 0 1
27	2	0.0	2	0 1 1
28	3	0.0	2	1 0 0 2
30	23	0.0	3	12 3 3 5
31	38	0.0	3	12 12 7 7
32	88	0.0	3	7 1 3 77
33	709	0.0	3	11 8 274 416
34	1498	0.0	3	95 565 411 427
35	20036	0.0	3	9196 4766 2728 3346
36	344	0.0	3	1 52 153 138
37	140	0.0	3	1 0 41 98
38	93	0.0	3	0 1 1 91
39	1	0.0	3	0 0 0 1
40	1	0.0	3	0 0 1
41	2	0.0	3	2
42	12	0.0	3	2 3 3 4
43	33	0.0	3	11 5 6 11
44	19	0.0	3	5 3 3 8
45	10	0.0	3	0 5 3 2
46	13	0.0	3	4 3 3 3
47	24	0.0	3	10 6 1 7
48	7	0.0	3	3 1 1 2
49	8	0.0	3	3 2 0 3
50	11	0.0	3	5 1 1 4
51	5	0.0	3	1 0 1 3
52	6	0.0	3	3 0 0 3
53	15	0.0	3	6 0 2 7
54	8	0.0	3	3 1 1 3
55	4	0.0	3	1 0 1 2
56	9	0.0	3	1 0 3 5
57	2	0.0	3	2
58	4	0.0	3	3 0 0 1
59	2	0.0	3	0 1 0 1
61	1	0.0	3	0 0 0 1
62	1	0.0	3	0 1
63	1	0.0	3	0 0 1
65	1	0.0	3	0 0 0 1
66	1	0.0	3	0 0 0 1
67	2	0.0	3	1 0 0 1


=== Second read: Adapter 22 ===

Sequence: ACGTTGGATGGAAAAATAAACTGTAAATCATATTCCT; Type: regular 5'; Length: 37; Trimmed: 48111 times.

No. of allowed errors:
0-9 bp: 0; 10-19 bp: 1; 20-29 bp: 2; 30-37 bp: 3

Overview of removed sequences
length	count	expect	max.err	error counts
3	303	8975.8	0	303
4	506	2243.9	0	506
5	3	561.0	0	3
8	1	8.8	0	1
10	1	0.5	1	0 1
13	1	0.0	1	1
14	1	0.0	1	0 1
15	3	0.0	1	0 3
16	2	0.0	1	1 1
19	5	0.0	1	0 2 3
20	7	0.0	2	1 2 4
21	5	0.0	2	0 2 3
22	3	0.0	2	0 1 2
23	2	0.0	2	0 2
24	2	0.0	2	0 2
25	1	0.0	2	0 1
26	1	0.0	2	0 0 1
27	2	0.0	2	1 0 1
28	2	0.0	2	0 1 1
29	2	0.0	2	0 0 2
30	4	0.0	3	1 2 1
31	15	0.0	3	1 7 4 3
32	49	0.0	3	0 18 15 16
33	64	0.0	3	7 10 29 18
34	229	0.0	3	5 28 46 150
35	5641	0.0	3	11 46 3575 2009
36	13105	0.0	3	14 6352 4146 2593
37	21011	0.0	3	2646 9388 5639 3338
38	3910	0.0	3	1 346 2043 1520
39	2566	0.0	3	0 0 592 1974
40	381	0.0	3	0 0 1 380
41	1	0.0	3	0 0 0 1
42	2	0.0	3	0 0 1 1
43	4	0.0	3	0 0 1 3
44	14	0.0	3	0 4 6 4
45	59	0.0	3	1 24 17 17
46	28	0.0	3	0 12 10 6
47	11	0.0	3	0 6 4 1
48	13	0.0	3	0 4 6 3
49	29	0.0	3	1 14 10 4
50	18	0.0	3	1 11 4 2
51	27	0.0	3	0 12 10 5
52	20	0.0	3	0 8 3 9
53	6	0.0	3	0 3 1 2
54	11	0.0	3	0 5 3 3
55	12	0.0	3	0 7 4 1
56	9	0.0	3	0 5 2 2
57	5	0.0	3	1 0 1 3
58	3	0.0	3	0 0 0 3
59	2	0.0	3	0 2
61	2	0.0	3	0 1 0 1
62	1	0.0	3	0 0 0 1
63	1	0.0	3	0 1
64	2	0.0	3	1 1
66	1	0.0	3	1
67	1	0.0	3	1
68	1	0.0	3	0 1


=== Second read: Adapter 23 ===

Sequence: ACGTTGGATGGAAAAATAAACTGTAAATCATATTC; Type: regular 5'; Length: 35; Trimmed: 9204 times.

No. of allowed errors:
0-9 bp: 0; 10-19 bp: 1; 20-29 bp: 2; 30-35 bp: 3

Overview of removed sequences
length	count	expect	max.err	error counts
14	1	0.0	1	0 1
17	1	0.0	1	0 1
18	2	0.0	1	1 1
19	3	0.0	1	2 1
20	2	0.0	2	0 0 2
21	1	0.0	2	0 0 1
22	1	0.0	2	0 0 1
24	1	0.0	2	0 1
26	1	0.0	2	0 0 1
27	2	0.0	2	0 1 1
28	1	0.0	2	0 0 0 1
29	4	0.0	2	0 0 0 4
30	13	0.0	3	1 3 1 8
31	18	0.0	3	0 3 2 13
32	970	0.0	3	3 3 2 962
33	324	0.0	3	0 7 115 202
34	2328	0.0	3	1 661 401 1265
35	4496	0.0	3	587 1156 973 1780
36	862	0.0	3	0 104 281 477
37	110	0.0	3	0 0 33 77
38	30	0.0	3	0 0 0 30
40	1	0.0	3	0 0 0 1
42	3	0.0	3	0 0 1 2
43	9	0.0	3	0 1 1 7
44	3	0.0	3	0 0 0 3
45	2	0.0	3	0 0 1 1
46	1	0.0	3	0 1
47	1	0.0	3	0 0 0 1
48	3	0.0	3	0 2 1
49	3	0.0	3	0 1 1 1
50	1	0.0	3	0 1
51	1	0.0	3	0 0 0 1
52	1	0.0	3	0 0 1
54	1	0.0	3	0 0 1
58	1	0.0	3	0 0 0 1
65	1	0.0	3	0 1
66	1	0.0	3	0 1


=== Second read: Adapter 24 ===

Sequence: ACGTTGGATGGAAAAATAAATTGTAAATCAAATTC; Type: regular 5'; Length: 35; Trimmed: 24238 times.

No. of allowed errors:
0-9 bp: 0; 10-19 bp: 1; 20-29 bp: 2; 30-35 bp: 3

Overview of removed sequences
length	count	expect	max.err	error counts
5	1	561.0	0	1
6	11	140.2	0	11
16	1	0.0	1	1
20	2	0.0	2	2
21	4	0.0	2	2 1 1
22	3	0.0	2	1 1 1
25	1	0.0	2	0 0 1
26	1	0.0	2	1
29	3	0.0	2	0 0 2 1
30	21	0.0	3	11 5 3 2
31	27	0.0	3	10 5 10 2
32	34	0.0	3	6 5 6 17
33	153	0.0	3	29 22 56 46
34	994	0.0	3	51 435 312 196
35	22588	0.0	3	11432 6023 3239 1894
36	213	0.0	3	1 94 67 51
37	105	0.0	3	2 1 47 55
38	47	0.0	3	0 0 0 47
40	1	0.0	3	0 0 0 1
42	3	0.0	3	0 0 2 1
43	3	0.0	3	1 2
44	1	0.0	3	0 0 1
45	3	0.0	3	0 1 0 2
46	2	0.0	3	2
47	4	0.0	3	1 1 1 1
48	1	0.0	3	0 0 0 1
49	1	0.0	3	0 1
51	1	0.0	3	1
52	2	0.0	3	0 0 1 1
53	2	0.0	3	2
54	2	0.0	3	1 0 1
56	1	0.0	3	1
57	1	0.0	3	0 0 1
62	1	0.0	3	1
