This is cutadapt 2.6 with Python 3.7.3
Command line parameters: -g ACGTTGGATGTTTGTTACTATGGTAGATACCACAC -g ACGTTGGATGTTTGTTACTAAGGTAGATACCACTC -g ACGTTGGATGTTTGTTACTGTGGTGGATACTAC -g ACGTTGGATGTTTGTTACTGTTGTGGATACAAC -g ACGTTGGATGTTTGTTACCGTTGTTGATACTAC -g ACGTTGGATGAATATATGTGTGCTTATTTG -G ACGTTGGATGTTTGTTACTATGGTAGATACCACAC -G ACGTTGGATGTTTGTTACTGTGGTGGATACTAC -G ACGTTGGATGTTTGTTACTGTTGTGGATACAAC -G ACGTTGGATGTTTGTTACCGTTGTTGATACTAC -G ACGTTGGATGAATATATGTGTGCTTATTTG -G ACGTTGGATGTTTGTTACTAAGGTAGATACCACTC -g ACGTTGGATGGAAAAATAAACTGCAAATCATATTC -g ACGTTGGATGGAAAAATAAACTGTAAATCATATTC -g ACGTTGGATGGAAAAATAAATTGTAAATCATACTC -g ACGTTGGATGAGATTAGGGAAAGTATTAGA -g ACGTTGGATGGAAAAATAAATTGTAAATCAAATTC -g ACGTTGGATGGAAAAATAAACTGTAAATCATATTCCT -G ACGTTGGATGGAAAAATAAACTGCAAATCATATTC -G ACGTTGGATGAGATTAGGGAAAGTATTAGA -G ACGTTGGATGGAAAAATAAATTGTAAATCATACTC -G ACGTTGGATGGAAAAATAAACTGTAAATCATATTCCT -G ACGTTGGATGGAAAAATAAACTGTAAATCATATTC -G ACGTTGGATGGAAAAATAAATTGTAAATCAAATTC --minimum-length=1 -o /data/projects/mdc-971/reprocess_June_2019_data/analysis/30.primer_trimmed/180504_S95_cutadapt.1.fq.gz -p /data/projects/mdc-971/reprocess_June_2019_data/analysis/30.primer_trimmed/180504_S95_cutadapt.2.fq.gz /data/projects/mdc-971/reprocess_June_2019_data/analysis/20.adapter_trimmed/180504_S95_R1_001.bbduked.trimmed.fastq.gz /data/projects/mdc-971/reprocess_June_2019_data/analysis/20.adapter_trimmed/180504_S95_R2_001.bbduked.trimmed.fastq.gz
Processing reads on 1 core in paired-end mode ...
Finished in 123.83 s (372 us/read; 0.16 M reads/minute).

=== Summary ===

Total read pairs processed:            333,235
  Read 1 with adapter:                 301,447 (90.5%)
  Read 2 with adapter:                 248,355 (74.5%)
Pairs that were too short:                   0 (0.0%)
Pairs written (passing filters):       333,235 (100.0%)

Total basepairs processed:    99,641,880 bp
  Read 1:    49,656,703 bp
  Read 2:    49,985,177 bp
Total written (filtered):     80,342,630 bp (80.6%)
  Read 1:    39,025,359 bp
  Read 2:    41,317,271 bp

=== First read: Adapter 1 ===

Sequence: ACGTTGGATGTTTGTTACTATGGTAGATACCACAC; Type: regular 5'; Length: 35; Trimmed: 97477 times.

No. of allowed errors:
0-9 bp: 0; 10-19 bp: 1; 20-29 bp: 2; 30-35 bp: 3

Overview of removed sequences
length	count	expect	max.err	error counts
3	3	5206.8	0	3
4	4	1301.7	0	4
14	2	0.0	1	1 1
15	1	0.0	1	0 1
16	2	0.0	1	1 1
19	2	0.0	1	0 1 1
20	2	0.0	2	1 1
21	1	0.0	2	0 0 1
22	1	0.0	2	1
23	5	0.0	2	2 2 1
24	2	0.0	2	1 0 1
25	3	0.0	2	0 1 2
26	28	0.0	2	14 8 6
27	74	0.0	2	35 27 12
28	98	0.0	2	49 26 18 5
29	236	0.0	2	101 72 50 13
30	790	0.0	3	392 243 111 44
31	585	0.0	3	195 210 127 53
32	1359	0.0	3	366 431 297 265
33	4038	0.0	3	754 714 1725 845
34	13529	0.0	3	886 7440 3262 1941
35	73868	0.0	3	31095 23354 12789 6630
36	2657	0.0	3	59 1262 948 388
37	98	0.0	3	2 8 55 33
38	74	0.0	3	3 1 2 68
39	3	0.0	3	0 1 1 1
40	3	0.0	3	0 1 1 1
41	1	0.0	3	0 1
43	1	0.0	3	0 0 0 1
46	2	0.0	3	2
53	1	0.0	3	0 1
54	1	0.0	3	1
55	2	0.0	3	0 0 0 2
62	1	0.0	3	0 0 1


=== First read: Adapter 2 ===

Sequence: ACGTTGGATGTTTGTTACTAAGGTAGATACCACTC; Type: regular 5'; Length: 35; Trimmed: 4029 times.

No. of allowed errors:
0-9 bp: 0; 10-19 bp: 1; 20-29 bp: 2; 30-35 bp: 3

Overview of removed sequences
length	count	expect	max.err	error counts
14	1	0.0	1	1
16	1	0.0	1	1
22	3	0.0	2	2 0 1
23	3	0.0	2	1 2
26	4	0.0	2	3 1
27	17	0.0	2	7 7 3
28	16	0.0	2	9 5 2
29	28	0.0	2	12 14 1 1
30	98	0.0	3	48 30 12 8
31	72	0.0	3	27 22 13 10
32	117	0.0	3	28 41 19 29
33	298	0.0	3	17 73 143 65
34	1987	0.0	3	19 1177 473 318
35	1149	0.0	3	513 297 200 139
36	117	0.0	3	1 34 39 43
37	19	0.0	3	0 0 11 8
38	96	0.0	3	0 0 0 96
39	1	0.0	3	0 1
43	1	0.0	3	0 1
45	1	0.0	3	0 0 1


=== First read: Adapter 3 ===

Sequence: ACGTTGGATGTTTGTTACTGTGGTGGATACTAC; Type: regular 5'; Length: 33; Trimmed: 13320 times.

No. of allowed errors:
0-9 bp: 0; 10-19 bp: 1; 20-29 bp: 2; 30-33 bp: 3

Overview of removed sequences
length	count	expect	max.err	error counts
3	1	5206.8	0	1
4	1	1301.7	0	1
16	1	0.0	1	1
17	1	0.0	1	0 1
19	1	0.0	1	1
20	2	0.0	2	2
21	1	0.0	2	1
22	2	0.0	2	0 1 1
23	2	0.0	2	1 1
24	20	0.0	2	10 6 4
25	57	0.0	2	31 18 8
26	59	0.0	2	29 24 6
27	137	0.0	2	76 45 15 1
28	259	0.0	2	144 78 31 6
29	174	0.0	2	71 61 32 10
30	573	0.0	3	238 130 52 153
31	788	0.0	3	251 129 204 204
32	1445	0.0	3	307 513 303 322
33	8871	0.0	3	4071 2580 1008 1212
34	752	0.0	3	3 363 233 153
35	146	0.0	3	2 1 76 67
36	16	0.0	3	1 1 0 14
37	1	0.0	3	1
39	1	0.0	3	1
40	1	0.0	3	0 0 1
43	1	0.0	3	1
44	2	0.0	3	0 1 1
45	2	0.0	3	1 1
51	1	0.0	3	1
53	1	0.0	3	1
58	1	0.0	3	0 0 0 1


=== First read: Adapter 4 ===

Sequence: ACGTTGGATGTTTGTTACTGTTGTGGATACAAC; Type: regular 5'; Length: 33; Trimmed: 8190 times.

No. of allowed errors:
0-9 bp: 0; 10-19 bp: 1; 20-29 bp: 2; 30-33 bp: 3

Overview of removed sequences
length	count	expect	max.err	error counts
3	18	5206.8	0	18
21	1	0.0	2	0 1
24	1	0.0	2	0 0 1
25	15	0.0	2	8 5 2
26	11	0.0	2	4 5 2
27	22	0.0	2	12 6 4
28	25	0.0	2	17 5 2 1
29	24	0.0	2	5 9 7 3
30	76	0.0	3	25 14 17 20
31	142	0.0	3	22 21 48 51
32	420	0.0	3	50 132 103 135
33	4109	0.0	3	1773 1017 725 594
34	348	0.0	3	2 64 161 121
35	2910	0.0	3	0 0 2372 538
36	62	0.0	3	0 0 5 57
37	1	0.0	3	0 0 1
39	2	0.0	3	0 0 1 1
44	1	0.0	3	1
55	1	0.0	3	0 0 1
57	1	0.0	3	0 0 1


=== First read: Adapter 5 ===

Sequence: ACGTTGGATGTTTGTTACCGTTGTTGATACTAC; Type: regular 5'; Length: 33; Trimmed: 3404 times.

No. of allowed errors:
0-9 bp: 0; 10-19 bp: 1; 20-29 bp: 2; 30-33 bp: 3

Overview of removed sequences
length	count	expect	max.err	error counts
20	2	0.0	2	2
21	2	0.0	2	2
22	2	0.0	2	0 1 1
23	3	0.0	2	0 0 3
24	7	0.0	2	1 0 6
25	25	0.0	2	9 2 14
26	60	0.0	2	6 7 47
27	33	0.0	2	8 5 20
28	151	0.0	2	18 7 74 52
29	103	0.0	2	7 15 39 42
30	175	0.0	3	13 14 34 114
31	506	0.0	3	22 24 244 216
32	626	0.0	3	21 83 322 200
33	1361	0.0	3	684 387 180 110
34	253	0.0	3	0 77 112 64
35	87	0.0	3	0 0 22 65
36	7	0.0	3	0 0 0 7
39	1	0.0	3	0 0 0 1


=== First read: Adapter 6 ===

Sequence: ACGTTGGATGAATATATGTGTGCTTATTTG; Type: regular 5'; Length: 30; Trimmed: 72 times.

No. of allowed errors:
0-9 bp: 0; 10-19 bp: 1; 20-29 bp: 2; 30 bp: 3

Overview of removed sequences
length	count	expect	max.err	error counts
3	59	5206.8	0	59
4	9	1301.7	0	9
30	4	0.0	3	4


=== First read: Adapter 7 ===

Sequence: ACGTTGGATGGAAAAATAAACTGCAAATCATATTC; Type: regular 5'; Length: 35; Trimmed: 9379 times.

No. of allowed errors:
0-9 bp: 0; 10-19 bp: 1; 20-29 bp: 2; 30-35 bp: 3

Overview of removed sequences
length	count	expect	max.err	error counts
3	1	5206.8	0	1
19	1	0.0	1	0 1
23	1	0.0	2	1
25	1	0.0	2	1
26	2	0.0	2	1 1
28	1	0.0	2	1
29	2	0.0	2	0 1 1
30	31	0.0	3	10 9 5 7
31	22	0.0	3	3 7 3 9
32	131	0.0	3	5 10 0 116
33	210	0.0	3	3 9 101 97
34	1831	0.0	3	17 1364 280 170
35	5121	0.0	3	2963 906 411 841
36	1814	0.0	3	0 1244 302 268
37	123	0.0	3	0 0 64 59
38	85	0.0	3	0 0 0 85
40	1	0.0	3	0 0 1
51	1	0.0	3	0 0 0 1


=== First read: Adapter 8 ===

Sequence: ACGTTGGATGGAAAAATAAACTGTAAATCATATTC; Type: regular 5'; Length: 35; Trimmed: 2349 times.

No. of allowed errors:
0-9 bp: 0; 10-19 bp: 1; 20-29 bp: 2; 30-35 bp: 3

Overview of removed sequences
length	count	expect	max.err	error counts
30	3	0.0	3	0 2 0 1
31	2	0.0	3	1 1
32	316	0.0	3	0 1 0 315
33	67	0.0	3	0 1 33 33
34	559	0.0	3	3 350 88 118
35	1065	0.0	3	279 248 207 331
36	248	0.0	3	0 58 89 101
37	73	0.0	3	0 0 11 62
38	15	0.0	3	0 0 0 15
43	1	0.0	3	1


=== First read: Adapter 9 ===

Sequence: ACGTTGGATGGAAAAATAAATTGTAAATCATACTC; Type: regular 5'; Length: 35; Trimmed: 4300 times.

No. of allowed errors:
0-9 bp: 0; 10-19 bp: 1; 20-29 bp: 2; 30-35 bp: 3

Overview of removed sequences
length	count	expect	max.err	error counts
27	1	0.0	2	1
30	3	0.0	3	2 1
31	7	0.0	3	6 0 0 1
32	17	0.0	3	0 0 0 17
33	137	0.0	3	2 3 74 58
34	238	0.0	3	52 114 52 20
35	3350	0.0	3	1976 596 280 498
36	31	0.0	3	0 6 16 9
37	34	0.0	3	0 0 4 30
38	478	0.0	3	0 0 0 478
43	1	0.0	3	1
45	1	0.0	3	0 1
54	1	0.0	3	1
56	1	0.0	3	0 0 1


=== First read: Adapter 10 ===

Sequence: ACGTTGGATGAGATTAGGGAAAGTATTAGA; Type: regular 5'; Length: 30; Trimmed: 3 times.

No. of allowed errors:
0-9 bp: 0; 10-19 bp: 1; 20-29 bp: 2; 30 bp: 3

Overview of removed sequences
length	count	expect	max.err	error counts
3	2	5206.8	0	2
30	1	0.0	3	1


=== First read: Adapter 11 ===

Sequence: ACGTTGGATGGAAAAATAAATTGTAAATCAAATTC; Type: regular 5'; Length: 35; Trimmed: 70128 times.

No. of allowed errors:
0-9 bp: 0; 10-19 bp: 1; 20-29 bp: 2; 30-35 bp: 3

Overview of removed sequences
length	count	expect	max.err	error counts
27	1	0.0	2	0 0 1
29	5	0.0	2	4 1
30	40	0.0	3	29 9 2
31	75	0.0	3	53 15 6 1
32	110	0.0	3	60 34 9 7
33	247	0.0	3	131 61 31 24
34	1411	0.0	3	459 590 231 131
35	63878	0.0	3	47996 9256 4164 2462
36	1601	0.0	3	8 666 524 403
37	46	0.0	3	12 6 6 22
38	2702	0.0	3	2 0 0 2700
39	6	0.0	3	5 0 0 1
41	2	0.0	3	1 1
42	1	0.0	3	0 0 1
44	1	0.0	3	1
46	1	0.0	3	1
66	1	0.0	3	1


=== First read: Adapter 12 ===

Sequence: ACGTTGGATGGAAAAATAAACTGTAAATCATATTCCT; Type: regular 5'; Length: 37; Trimmed: 88796 times.

No. of allowed errors:
0-9 bp: 0; 10-19 bp: 1; 20-29 bp: 2; 30-37 bp: 3

Overview of removed sequences
length	count	expect	max.err	error counts
3	9	5206.8	0	9
4	1	1301.7	0	1
20	2	0.0	2	2
26	1	0.0	2	1
27	1	0.0	2	0 1
28	2	0.0	2	0 1 1
29	1	0.0	2	0 1
30	3	0.0	3	0 1 1 1
31	23	0.0	3	4 7 8 4
32	157	0.0	3	48 53 39 17
33	189	0.0	3	68 67 35 19
34	364	0.0	3	120 130 52 62
35	1328	0.0	3	140 129 826 233
36	5667	0.0	3	382 2736 1695 854
37	78567	0.0	3	35767 25635 12198 4967
38	1582	0.0	3	20 559 664 339
39	787	0.0	3	4 3 127 653
40	106	0.0	3	0 3 0 103
42	1	0.0	3	1
46	1	0.0	3	0 1
47	1	0.0	3	0 0 0 1
50	1	0.0	3	1
55	1	0.0	3	1
58	1	0.0	3	0 0 0 1


=== Second read: Adapter 13 ===

Sequence: ACGTTGGATGTTTGTTACTATGGTAGATACCACAC; Type: regular 5'; Length: 35; Trimmed: 95956 times.

No. of allowed errors:
0-9 bp: 0; 10-19 bp: 1; 20-29 bp: 2; 30-35 bp: 3

Overview of removed sequences
length	count	expect	max.err	error counts
3	11	5206.8	0	11
4	15	1301.7	0	15
18	3	0.0	1	1 2
19	1	0.0	1	1
22	3	0.0	2	0 1 2
23	2	0.0	2	0 1 1
24	1	0.0	2	0 1
25	1	0.0	2	1
26	9	0.0	2	4 3 2
27	11	0.0	2	3 2 6
28	29	0.0	2	15 9 4 1
29	61	0.0	2	22 20 11 8
30	183	0.0	3	57 44 40 42
31	310	0.0	3	62 78 98 72
32	390	0.0	3	51 107 99 133
33	2321	0.0	3	305 249 742 1025
34	8517	0.0	3	281 2677 2826 2733
35	80196	0.0	3	21442 24019 21087 13648
36	3535	0.0	3	25 1297 1157 1056
37	180	0.0	3	3 4 76 97
38	79	0.0	3	0 1 1 77
39	7	0.0	3	0 2 5
40	2	0.0	3	0 2
41	2	0.0	3	0 0 1 1
42	2	0.0	3	1 0 1
43	16	0.0	3	7 5 2 2
44	6	0.0	3	1 4 1
45	3	0.0	3	1 1 1
46	8	0.0	3	3 3 2
47	10	0.0	3	4 2 3 1
48	3	0.0	3	1 0 1 1
49	2	0.0	3	0 0 1 1
50	3	0.0	3	2 1
51	4	0.0	3	2 1 1
52	2	0.0	3	0 1 1
53	5	0.0	3	0 2 0 3
54	5	0.0	3	0 2 1 2
55	7	0.0	3	1 4 1 1
57	2	0.0	3	0 2
58	1	0.0	3	1
59	3	0.0	3	0 0 2 1
60	4	0.0	3	2 2
69	1	0.0	3	0 0 1


=== Second read: Adapter 14 ===

Sequence: ACGTTGGATGTTTGTTACTGTGGTGGATACTAC; Type: regular 5'; Length: 33; Trimmed: 18734 times.

No. of allowed errors:
0-9 bp: 0; 10-19 bp: 1; 20-29 bp: 2; 30-33 bp: 3

Overview of removed sequences
length	count	expect	max.err	error counts
3	14	5206.8	0	14
4	1	1301.7	0	1
5	1	325.4	0	1
6	1	81.4	0	1
17	1	0.0	1	1
18	1	0.0	1	0 1
20	2	0.0	2	1 1
24	5	0.0	2	1 1 3
25	4	0.0	2	0 1 3
26	15	0.0	2	3 6 6
27	24	0.0	2	11 7 5 1
28	34	0.0	2	16 8 7 3
29	50	0.0	2	11 16 18 5
30	1008	0.0	3	21 22 20 945
31	1371	0.0	3	53 45 439 834
32	2281	0.0	3	49 594 694 944
33	12049	0.0	3	4464 3531 1967 2087
34	1173	0.0	3	2 406 444 321
35	587	0.0	3	0 0 239 348
36	32	0.0	3	0 0 1 31
37	2	0.0	3	0 0 0 2
38	3	0.0	3	0 1 0 2
39	3	0.0	3	0 0 0 3
40	7	0.0	3	0 0 3 4
41	16	0.0	3	7 2 3 4
42	6	0.0	3	0 2 3 1
43	2	0.0	3	0 1 1
44	6	0.0	3	2 3 1
45	3	0.0	3	1 1 0 1
46	6	0.0	3	2 0 2 2
47	3	0.0	3	0 1 0 2
48	5	0.0	3	0 0 3 2
49	4	0.0	3	2 0 1 1
50	1	0.0	3	0 1
51	4	0.0	3	0 0 2 2
53	4	0.0	3	1 2 1
54	3	0.0	3	0 3
55	1	0.0	3	0 0 1
59	1	0.0	3	0 0 1


=== Second read: Adapter 15 ===

Sequence: ACGTTGGATGTTTGTTACTGTTGTGGATACAAC; Type: regular 5'; Length: 33; Trimmed: 12862 times.

No. of allowed errors:
0-9 bp: 0; 10-19 bp: 1; 20-29 bp: 2; 30-33 bp: 3

Overview of removed sequences
length	count	expect	max.err	error counts
3	601	5206.8	0	601
4	3	1301.7	0	3
5	3	325.4	0	3
24	2	0.0	2	1 0 1
25	3	0.0	2	1 1 1
26	2	0.0	2	0 1 1
27	2	0.0	2	0 1 1
28	1	0.0	2	0 1
29	10	0.0	2	2 2 5 1
30	28	0.0	3	0 3 9 16
31	560	0.0	3	14 8 145 393
32	1129	0.0	3	9 349 271 500
33	5186	0.0	3	1481 1224 1205 1276
34	404	0.0	3	0 96 130 178
35	4746	0.0	3	0 0 3071 1675
36	113	0.0	3	0 0 1 112
40	3	0.0	3	0 0 2 1
41	11	0.0	3	2 3 4 2
42	8	0.0	3	2 3 1 2
43	2	0.0	3	1 0 1
44	10	0.0	3	1 4 4 1
45	2	0.0	3	0 0 2
46	2	0.0	3	1 0 1
47	3	0.0	3	0 0 3
48	3	0.0	3	0 0 1 2
50	5	0.0	3	1 1 2 1
51	3	0.0	3	0 0 3
52	5	0.0	3	2 1 2
53	6	0.0	3	3 2 0 1
55	3	0.0	3	1 0 1 1
56	2	0.0	3	0 0 0 2
58	1	0.0	3	0 0 0 1


=== Second read: Adapter 16 ===

Sequence: ACGTTGGATGTTTGTTACCGTTGTTGATACTAC; Type: regular 5'; Length: 33; Trimmed: 5586 times.

No. of allowed errors:
0-9 bp: 0; 10-19 bp: 1; 20-29 bp: 2; 30-33 bp: 3

Overview of removed sequences
length	count	expect	max.err	error counts
23	1	0.0	2	0 0 1
24	3	0.0	2	1 0 2
25	4	0.0	2	0 1 3
26	7	0.0	2	2 0 5
27	11	0.0	2	0 0 10 1
28	20	0.0	2	0 0 9 11
29	46	0.0	2	2 2 25 17
30	560	0.0	3	2 3 13 542
31	661	0.0	3	3 8 360 290
32	1261	0.0	3	2 236 538 485
33	2415	0.0	3	1056 712 382 265
34	461	0.0	3	0 120 214 127
35	116	0.0	3	0 1 39 76
36	11	0.0	3	0 0 0 11
40	1	0.0	3	0 0 0 1
41	4	0.0	3	1 3
43	1	0.0	3	0 0 1
44	1	0.0	3	0 1
49	1	0.0	3	0 0 0 1
53	1	0.0	3	0 0 0 1


=== Second read: Adapter 17 ===

Sequence: ACGTTGGATGAATATATGTGTGCTTATTTG; Type: regular 5'; Length: 30; Trimmed: 197 times.

No. of allowed errors:
0-9 bp: 0; 10-19 bp: 1; 20-29 bp: 2; 30 bp: 3

Overview of removed sequences
length	count	expect	max.err	error counts
3	182	5206.8	0	182
4	5	1301.7	0	5
5	7	325.4	0	7
6	2	81.4	0	2
30	1	0.0	3	1


=== Second read: Adapter 18 ===

Sequence: ACGTTGGATGTTTGTTACTAAGGTAGATACCACTC; Type: regular 5'; Length: 35; Trimmed: 3387 times.

No. of allowed errors:
0-9 bp: 0; 10-19 bp: 1; 20-29 bp: 2; 30-35 bp: 3

Overview of removed sequences
length	count	expect	max.err	error counts
3	2	5206.8	0	2
4	4	1301.7	0	4
5	1	325.4	0	1
6	1	81.4	0	1
19	1	0.0	1	0 0 1
21	1	0.0	2	0 0 1
24	1	0.0	2	0 0 1
25	1	0.0	2	0 1
28	1	0.0	2	1
29	5	0.0	2	0 3 2
30	12	0.0	3	5 5 0 2
31	30	0.0	3	7 12 5 6
32	35	0.0	3	4 7 9 15
33	371	0.0	3	9 13 126 223
34	1260	0.0	3	6 359 450 445
35	1270	0.0	3	448 312 285 225
36	275	0.0	3	0 35 53 187
37	34	0.0	3	0 0 12 22
38	73	0.0	3	0 0 0 73
39	1	0.0	3	0 1
43	1	0.0	3	1
46	3	0.0	3	2 0 0 1
52	1	0.0	3	0 0 1
55	3	0.0	3	2 0 1


=== Second read: Adapter 19 ===

Sequence: ACGTTGGATGGAAAAATAAACTGCAAATCATATTC; Type: regular 5'; Length: 35; Trimmed: 3939 times.

No. of allowed errors:
0-9 bp: 0; 10-19 bp: 1; 20-29 bp: 2; 30-35 bp: 3

Overview of removed sequences
length	count	expect	max.err	error counts
3	23	5206.8	0	23
6	1	81.4	0	1
27	1	0.0	2	0 1
30	5	0.0	3	0 2 0 3
31	5	0.0	3	1 2 0 2
32	39	0.0	3	1 3 1 34
33	46	0.0	3	0 1 19 26
34	370	0.0	3	3 135 115 117
35	2448	0.0	3	664 422 278 1084
36	906	0.0	3	0 439 252 215
37	45	0.0	3	0 0 16 29
38	46	0.0	3	0 0 0 46
41	1	0.0	3	0 0 0 1
42	1	0.0	3	0 0 1
43	1	0.0	3	0 0 1
44	1	0.0	3	0 0 1


=== Second read: Adapter 20 ===

Sequence: ACGTTGGATGAGATTAGGGAAAGTATTAGA; Type: regular 5'; Length: 30; Trimmed: 37 times.

No. of allowed errors:
0-9 bp: 0; 10-19 bp: 1; 20-29 bp: 2; 30 bp: 3

Overview of removed sequences
length	count	expect	max.err	error counts
3	35	5206.8	0	35
4	2	1301.7	0	2


=== Second read: Adapter 21 ===

Sequence: ACGTTGGATGGAAAAATAAATTGTAAATCATACTC; Type: regular 5'; Length: 35; Trimmed: 1789 times.

No. of allowed errors:
0-9 bp: 0; 10-19 bp: 1; 20-29 bp: 2; 30-35 bp: 3

Overview of removed sequences
length	count	expect	max.err	error counts
5	1	325.4	0	1
20	1	0.0	2	1
26	1	0.0	2	1
31	3	0.0	3	1 0 1 1
32	10	0.0	3	0 0 0 10
33	100	0.0	3	0 1 28 71
34	114	0.0	3	2 37 33 42
35	1249	0.0	3	411 253 182 403
36	48	0.0	3	0 5 19 24
37	11	0.0	3	0 0 3 8
38	248	0.0	3	0 0 0 248
47	2	0.0	3	1 0 0 1
50	1	0.0	3	1


=== Second read: Adapter 22 ===

Sequence: ACGTTGGATGGAAAAATAAACTGTAAATCATATTCCT; Type: regular 5'; Length: 37; Trimmed: 55825 times.

No. of allowed errors:
0-9 bp: 0; 10-19 bp: 1; 20-29 bp: 2; 30-37 bp: 3

Overview of removed sequences
length	count	expect	max.err	error counts
3	180	5206.8	0	180
4	419	1301.7	0	419
16	1	0.0	1	0 1
18	1	0.0	1	0 1
23	1	0.0	2	0 0 1
26	1	0.0	2	0 1
27	1	0.0	2	0 1
29	1	0.0	2	0 0 1
31	3	0.0	3	1 0 1 1
32	34	0.0	3	10 9 10 5
33	45	0.0	3	7 18 13 7
34	90	0.0	3	22 18 20 30
35	439	0.0	3	42 57 199 141
36	2386	0.0	3	67 844 882 593
37	51324	0.0	3	14658 18266 11616 6784
38	594	0.0	3	4 184 232 174
39	248	0.0	3	2 2 49 195
40	33	0.0	3	0 2 1 30
41	1	0.0	3	0 1
43	1	0.0	3	0 0 1
44	1	0.0	3	0 0 1
45	1	0.0	3	0 0 0 1
46	2	0.0	3	2
48	3	0.0	3	0 2 1
49	4	0.0	3	0 1 2 1
51	3	0.0	3	1 2
52	4	0.0	3	0 3 1
54	1	0.0	3	0 0 1
55	2	0.0	3	0 2
56	1	0.0	3	0 0 0 1


=== Second read: Adapter 23 ===

Sequence: ACGTTGGATGGAAAAATAAACTGTAAATCATATTC; Type: regular 5'; Length: 35; Trimmed: 1212 times.

No. of allowed errors:
0-9 bp: 0; 10-19 bp: 1; 20-29 bp: 2; 30-35 bp: 3

Overview of removed sequences
length	count	expect	max.err	error counts
18	1	0.0	1	0 1
29	1	0.0	2	0 1
31	2	0.0	3	0 0 0 2
32	91	0.0	3	0 0 0 91
33	28	0.0	3	0 0 9 19
34	196	0.0	3	0 55 30 111
35	656	0.0	3	85 119 100 352
36	204	0.0	3	0 28 77 99
37	17	0.0	3	0 0 4 13
38	16	0.0	3	0 0 0 16


=== Second read: Adapter 24 ===

Sequence: ACGTTGGATGGAAAAATAAATTGTAAATCAAATTC; Type: regular 5'; Length: 35; Trimmed: 48831 times.

No. of allowed errors:
0-9 bp: 0; 10-19 bp: 1; 20-29 bp: 2; 30-35 bp: 3

Overview of removed sequences
length	count	expect	max.err	error counts
6	8	81.4	0	8
18	1	0.0	1	1
21	1	0.0	2	0 1
27	1	0.0	2	0 1
28	1	0.0	2	1
30	11	0.0	3	4 5 1 1
31	22	0.0	3	11 7 2 2
32	32	0.0	3	12 9 3 8
33	122	0.0	3	46 37 19 20
34	862	0.0	3	113 349 247 153
35	45727	0.0	3	23627 11298 6592 4210
36	1211	0.0	3	6 436 432 337
37	19	0.0	3	4 1 5 9
38	801	0.0	3	1 1 1 798
39	1	0.0	3	1
43	2	0.0	3	1 1
44	3	0.0	3	2 1
45	1	0.0	3	0 1
46	2	0.0	3	2
48	2	0.0	3	1 1
49	1	0.0	3	1
