This is cutadapt 2.6 with Python 3.7.3
Command line parameters: -g ACGTTGGATGTTTGTTACTATGGTAGATACCACAC -g ACGTTGGATGTTTGTTACTAAGGTAGATACCACTC -g ACGTTGGATGTTTGTTACTGTGGTGGATACTAC -g ACGTTGGATGTTTGTTACTGTTGTGGATACAAC -g ACGTTGGATGTTTGTTACCGTTGTTGATACTAC -g ACGTTGGATGAATATATGTGTGCTTATTTG -G ACGTTGGATGTTTGTTACTATGGTAGATACCACAC -G ACGTTGGATGTTTGTTACTGTGGTGGATACTAC -G ACGTTGGATGTTTGTTACTGTTGTGGATACAAC -G ACGTTGGATGTTTGTTACCGTTGTTGATACTAC -G ACGTTGGATGAATATATGTGTGCTTATTTG -G ACGTTGGATGTTTGTTACTAAGGTAGATACCACTC -g ACGTTGGATGGAAAAATAAACTGCAAATCATATTC -g ACGTTGGATGGAAAAATAAACTGTAAATCATATTC -g ACGTTGGATGGAAAAATAAATTGTAAATCATACTC -g ACGTTGGATGAGATTAGGGAAAGTATTAGA -g ACGTTGGATGGAAAAATAAATTGTAAATCAAATTC -g ACGTTGGATGGAAAAATAAACTGTAAATCATATTCCT -G ACGTTGGATGGAAAAATAAACTGCAAATCATATTC -G ACGTTGGATGAGATTAGGGAAAGTATTAGA -G ACGTTGGATGGAAAAATAAATTGTAAATCATACTC -G ACGTTGGATGGAAAAATAAACTGTAAATCATATTCCT -G ACGTTGGATGGAAAAATAAACTGTAAATCATATTC -G ACGTTGGATGGAAAAATAAATTGTAAATCAAATTC --minimum-length=1 -o /data/projects/mdc-971/reprocess_June_2019_data/analysis/30.primer_trimmed/HeLa_S33_cutadapt.1.fq.gz -p /data/projects/mdc-971/reprocess_June_2019_data/analysis/30.primer_trimmed/HeLa_S33_cutadapt.2.fq.gz /data/projects/mdc-971/reprocess_June_2019_data/analysis/20.adapter_trimmed/HeLa_S33_R1_001.bbduked.trimmed.fastq.gz /data/projects/mdc-971/reprocess_June_2019_data/analysis/20.adapter_trimmed/HeLa_S33_R2_001.bbduked.trimmed.fastq.gz
Processing reads on 1 core in paired-end mode ...
Finished in 96.88 s (370 us/read; 0.16 M reads/minute).

=== Summary ===

Total read pairs processed:            261,804
  Read 1 with adapter:                 239,616 (91.5%)
  Read 2 with adapter:                 205,998 (78.7%)
Pairs that were too short:                   0 (0.0%)
Pairs written (passing filters):       261,804 (100.0%)

Total basepairs processed:    78,221,434 bp
  Read 1:    38,950,884 bp
  Read 2:    39,270,550 bp
Total written (filtered):     62,412,468 bp (79.8%)
  Read 1:    30,409,061 bp
  Read 2:    32,003,407 bp

=== First read: Adapter 1 ===

Sequence: ACGTTGGATGTTTGTTACTATGGTAGATACCACAC; Type: regular 5'; Length: 35; Trimmed: 40509 times.

No. of allowed errors:
0-9 bp: 0; 10-19 bp: 1; 20-29 bp: 2; 30-35 bp: 3

Overview of removed sequences
length	count	expect	max.err	error counts
3	3	4090.7	0	3
4	1	1022.7	0	1
10	1	0.2	1	1
16	1	0.0	1	0 1
19	1	0.0	1	0 1
20	3	0.0	2	3
22	3	0.0	2	0 3
23	3	0.0	2	0 3
25	2	0.0	2	1 0 1
26	3	0.0	2	0 1 2
27	19	0.0	2	8 8 3
28	31	0.0	2	8 6 12 5
29	90	0.0	2	17 36 27 10
30	314	0.0	3	48 146 66 54
31	239	0.0	3	27 122 69 21
32	522	0.0	3	27 176 135 184
33	2121	0.0	3	71 367 925 758
34	4335	0.0	3	126 1472 1807 930
35	31422	0.0	3	4275 18464 5542 3141
36	1012	0.0	3	4 175 584 249
37	302	0.0	3	0 1 88 213
38	74	0.0	3	0 2 0 72
39	1	0.0	3	0 1
42	1	0.0	3	0 0 1
43	3	0.0	3	0 1 1 1
47	1	0.0	3	0 0 0 1
48	1	0.0	3	0 0 0 1


=== First read: Adapter 2 ===

Sequence: ACGTTGGATGTTTGTTACTAAGGTAGATACCACTC; Type: regular 5'; Length: 35; Trimmed: 44793 times.

No. of allowed errors:
0-9 bp: 0; 10-19 bp: 1; 20-29 bp: 2; 30-35 bp: 3

Overview of removed sequences
length	count	expect	max.err	error counts
4	1	1022.7	0	1
14	1	0.0	1	0 1
16	1	0.0	1	1
18	1	0.0	1	1
19	2	0.0	1	2
21	1	0.0	2	1
22	3	0.0	2	0 3
23	4	0.0	2	2 2
24	1	0.0	2	1
26	16	0.0	2	7 6 3
27	35	0.0	2	16 16 3
28	27	0.0	2	20 6 1
29	114	0.0	2	61 37 13 3
30	495	0.0	3	323 116 43 13
31	530	0.0	3	266 172 66 26
32	889	0.0	3	415 302 110 62
33	1445	0.0	3	636 424 223 162
34	4576	0.0	3	1025 2241 838 472
35	35438	0.0	3	22987 7209 3374 1868
36	796	0.0	3	22 407 240 127
37	378	0.0	3	1 2 122 253
38	20	0.0	3	2 0 2 16
39	6	0.0	3	4 2
40	1	0.0	3	0 1
41	1	0.0	3	1
42	1	0.0	3	0 0 1
43	1	0.0	3	1
44	2	0.0	3	2
47	1	0.0	3	1
51	1	0.0	3	0 0 0 1
53	1	0.0	3	1
54	3	0.0	3	3
62	1	0.0	3	0 0 0 1


=== First read: Adapter 3 ===

Sequence: ACGTTGGATGTTTGTTACTGTGGTGGATACTAC; Type: regular 5'; Length: 33; Trimmed: 9512 times.

No. of allowed errors:
0-9 bp: 0; 10-19 bp: 1; 20-29 bp: 2; 30-33 bp: 3

Overview of removed sequences
length	count	expect	max.err	error counts
3	2	4090.7	0	2
17	1	0.0	1	1
19	1	0.0	1	1
20	5	0.0	2	3 1 1
21	1	0.0	2	0 1
24	13	0.0	2	6 4 3
25	32	0.0	2	14 15 3
26	45	0.0	2	16 21 8
27	119	0.0	2	59 45 14 1
28	187	0.0	2	105 55 25 2
29	178	0.0	2	55 66 44 13
30	445	0.0	3	107 141 79 118
31	614	0.0	3	100 153 215 146
32	967	0.0	3	114 378 286 189
33	5922	0.0	3	1696 2670 905 651
34	847	0.0	3	0 435 274 138
35	112	0.0	3	1 1 53 57
36	14	0.0	3	1 0 0 13
37	2	0.0	3	0 2
38	1	0.0	3	0 0 1
41	1	0.0	3	1
46	1	0.0	3	0 1
47	1	0.0	3	0 0 0 1
49	1	0.0	3	0 0 0 1


=== First read: Adapter 4 ===

Sequence: ACGTTGGATGTTTGTTACTGTTGTGGATACAAC; Type: regular 5'; Length: 33; Trimmed: 5351 times.

No. of allowed errors:
0-9 bp: 0; 10-19 bp: 1; 20-29 bp: 2; 30-33 bp: 3

Overview of removed sequences
length	count	expect	max.err	error counts
3	19	4090.7	0	19
20	1	0.0	2	1
24	2	0.0	2	1 1
25	12	0.0	2	7 2 3
26	16	0.0	2	7 5 4
27	33	0.0	2	19 6 7 1
28	71	0.0	2	40 21 10
29	62	0.0	2	22 25 12 3
30	85	0.0	3	28 26 15 16
31	167	0.0	3	18 54 56 39
32	405	0.0	3	43 166 109 87
33	4114	0.0	3	1211 1657 731 515
34	137	0.0	3	0 47 52 38
35	200	0.0	3	0 1 133 66
36	22	0.0	3	0 0 0 22
37	1	0.0	3	0 1
42	1	0.0	3	0 0 1
44	1	0.0	3	0 0 0 1
45	1	0.0	3	0 0 1
53	1	0.0	3	0 1


=== First read: Adapter 5 ===

Sequence: ACGTTGGATGTTTGTTACCGTTGTTGATACTAC; Type: regular 5'; Length: 33; Trimmed: 2555 times.

No. of allowed errors:
0-9 bp: 0; 10-19 bp: 1; 20-29 bp: 2; 30-33 bp: 3

Overview of removed sequences
length	count	expect	max.err	error counts
14	1	0.0	1	0 1
18	1	0.0	1	1
20	2	0.0	2	1 0 1
22	1	0.0	2	1
23	2	0.0	2	0 0 2
24	5	0.0	2	1 3 1
25	10	0.0	2	7 1 2
26	16	0.0	2	6 5 5
27	37	0.0	2	17 8 12
28	81	0.0	2	43 23 12 3
29	54	0.0	2	19 16 13 6
30	197	0.0	3	42 44 27 84
31	213	0.0	3	11 45 63 94
32	457	0.0	3	24 103 213 117
33	1007	0.0	3	506 270 162 69
34	170	0.0	3	0 58 78 34
35	295	0.0	3	0 0 131 164
36	4	0.0	3	0 1 0 3
41	2	0.0	3	0 1 0 1


=== First read: Adapter 6 ===

Sequence: ACGTTGGATGAATATATGTGTGCTTATTTG; Type: regular 5'; Length: 30; Trimmed: 61 times.

No. of allowed errors:
0-9 bp: 0; 10-19 bp: 1; 20-29 bp: 2; 30 bp: 3

Overview of removed sequences
length	count	expect	max.err	error counts
3	53	4090.7	0	53
4	4	1022.7	0	4
5	2	255.7	0	2
6	1	63.9	0	1
30	1	0.0	3	1


=== First read: Adapter 7 ===

Sequence: ACGTTGGATGGAAAAATAAACTGCAAATCATATTC; Type: regular 5'; Length: 35; Trimmed: 9074 times.

No. of allowed errors:
0-9 bp: 0; 10-19 bp: 1; 20-29 bp: 2; 30-35 bp: 3

Overview of removed sequences
length	count	expect	max.err	error counts
4	2	1022.7	0	2
23	1	0.0	2	0 0 1
26	2	0.0	2	1 0 1
28	1	0.0	2	0 0 0 1
29	5	0.0	2	1 2 1 1
30	24	0.0	3	7 9 3 5
31	30	0.0	3	8 8 0 14
32	171	0.0	3	15 8 9 139
33	198	0.0	3	3 22 85 88
34	1405	0.0	3	13 985 238 169
35	5159	0.0	3	2777 754 392 1236
36	1857	0.0	3	0 1220 388 249
37	92	0.0	3	0 0 41 51
38	126	0.0	3	0 0 0 126
65	1	0.0	3	0 1


=== First read: Adapter 8 ===

Sequence: ACGTTGGATGGAAAAATAAACTGTAAATCATATTC; Type: regular 5'; Length: 35; Trimmed: 2004 times.

No. of allowed errors:
0-9 bp: 0; 10-19 bp: 1; 20-29 bp: 2; 30-35 bp: 3

Overview of removed sequences
length	count	expect	max.err	error counts
18	1	0.0	1	1
28	1	0.0	2	0 0 1
29	2	0.0	2	0 1 1
30	4	0.0	3	0 1 0 3
31	4	0.0	3	0 0 2 2
32	264	0.0	3	0 0 0 264
33	76	0.0	3	0 4 40 32
34	481	0.0	3	2 330 56 93
35	865	0.0	3	155 251 159 300
36	236	0.0	3	0 64 76 96
37	55	0.0	3	0 0 6 49
38	15	0.0	3	0 0 0 15


=== First read: Adapter 9 ===

Sequence: ACGTTGGATGGAAAAATAAATTGTAAATCATACTC; Type: regular 5'; Length: 35; Trimmed: 2802 times.

No. of allowed errors:
0-9 bp: 0; 10-19 bp: 1; 20-29 bp: 2; 30-35 bp: 3

Overview of removed sequences
length	count	expect	max.err	error counts
21	1	0.0	2	1
27	1	0.0	2	0 0 1
28	1	0.0	2	1
30	2	0.0	3	0 2
31	7	0.0	3	3 3 0 1
32	19	0.0	3	1 1 0 17
33	88	0.0	3	2 3 60 23
34	191	0.0	3	43 101 36 11
35	2392	0.0	3	1490 402 159 341
36	46	0.0	3	0 22 13 11
37	15	0.0	3	0 0 4 11
38	36	0.0	3	0 1 0 35
39	2	0.0	3	1 1
55	1	0.0	3	1


=== First read: Adapter 10 ===

Sequence: ACGTTGGATGAGATTAGGGAAAGTATTAGA; Type: regular 5'; Length: 30; Trimmed: 19 times.

No. of allowed errors:
0-9 bp: 0; 10-19 bp: 1; 20-29 bp: 2; 30 bp: 3

Overview of removed sequences
length	count	expect	max.err	error counts
3	19	4090.7	0	19


=== First read: Adapter 11 ===

Sequence: ACGTTGGATGGAAAAATAAATTGTAAATCAAATTC; Type: regular 5'; Length: 35; Trimmed: 1403 times.

No. of allowed errors:
0-9 bp: 0; 10-19 bp: 1; 20-29 bp: 2; 30-35 bp: 3

Overview of removed sequences
length	count	expect	max.err	error counts
31	3	0.0	3	2 0 1
32	3	0.0	3	0 0 0 3
33	13	0.0	3	0 1 10 2
34	57	0.0	3	10 22 9 16
35	1236	0.0	3	795 242 116 83
36	29	0.0	3	0 9 9 11
37	19	0.0	3	1 0 4 14
38	43	0.0	3	0 0 0 43


=== First read: Adapter 12 ===

Sequence: ACGTTGGATGGAAAAATAAACTGTAAATCATATTCCT; Type: regular 5'; Length: 37; Trimmed: 121533 times.

No. of allowed errors:
0-9 bp: 0; 10-19 bp: 1; 20-29 bp: 2; 30-37 bp: 3

Overview of removed sequences
length	count	expect	max.err	error counts
3	9	4090.7	0	9
4	2	1022.7	0	2
16	1	0.0	1	1
20	3	0.0	2	1 2
21	2	0.0	2	1 1
22	2	0.0	2	2
23	2	0.0	2	0 0 2
24	2	0.0	2	0 2
26	1	0.0	2	0 1
27	1	0.0	2	0 0 1
28	4	0.0	2	1 3
29	5	0.0	2	1 2 2
30	13	0.0	3	3 3 5 2
31	50	0.0	3	13 18 14 5
32	408	0.0	3	136 169 68 35
33	464	0.0	3	168 202 64 30
34	752	0.0	3	228 338 123 63
35	1389	0.0	3	241 326 620 202
36	7464	0.0	3	744 3624 2102 994
37	107926	0.0	3	51552 40345 11193 4836
38	1867	0.0	3	24 905 656 282
39	1044	0.0	3	5 3 178 858
40	113	0.0	3	1 0 0 112
41	3	0.0	3	2 1
42	1	0.0	3	1
45	2	0.0	3	1 1
46	1	0.0	3	1
50	1	0.0	3	1
64	1	0.0	3	0 0 0 1


=== Second read: Adapter 13 ===

Sequence: ACGTTGGATGTTTGTTACTATGGTAGATACCACAC; Type: regular 5'; Length: 35; Trimmed: 41359 times.

No. of allowed errors:
0-9 bp: 0; 10-19 bp: 1; 20-29 bp: 2; 30-35 bp: 3

Overview of removed sequences
length	count	expect	max.err	error counts
3	8	4090.7	0	8
4	10	1022.7	0	10
10	1	0.2	1	1
19	2	0.0	1	1 0 1
20	2	0.0	2	0 1 1
22	1	0.0	2	1
24	1	0.0	2	0 0 1
26	1	0.0	2	0 1
27	6	0.0	2	0 3 2 1
28	19	0.0	2	1 4 7 7
29	55	0.0	2	6 10 28 11
30	121	0.0	3	7 49 36 29
31	187	0.0	3	16 54 67 50
32	271	0.0	3	5 45 60 161
33	3932	0.0	3	48 209 1778 1897
34	2343	0.0	3	37 591 914 801
35	32622	0.0	3	2995 14966 8771 5890
36	1190	0.0	3	1 177 654 358
37	489	0.0	3	0 2 142 345
38	59	0.0	3	0 0 2 57
39	1	0.0	3	0 1
41	1	0.0	3	0 0 1
42	2	0.0	3	0 0 1 1
43	10	0.0	3	2 4 3 1
44	5	0.0	3	0 2 2 1
45	1	0.0	3	0 0 1
46	4	0.0	3	1 1 1 1
47	4	0.0	3	0 4
48	1	0.0	3	0 0 0 1
49	2	0.0	3	0 1 1
51	1	0.0	3	0 1
52	1	0.0	3	0 1
53	1	0.0	3	0 0 1
54	1	0.0	3	0 1
55	2	0.0	3	0 1 1
56	1	0.0	3	0 1
58	1	0.0	3	0 0 1


=== Second read: Adapter 14 ===

Sequence: ACGTTGGATGTTTGTTACTGTGGTGGATACTAC; Type: regular 5'; Length: 33; Trimmed: 12930 times.

No. of allowed errors:
0-9 bp: 0; 10-19 bp: 1; 20-29 bp: 2; 30-33 bp: 3

Overview of removed sequences
length	count	expect	max.err	error counts
3	12	4090.7	0	12
5	2	255.7	0	2
9	1	1.0	0	1
17	1	0.0	1	0 1
18	2	0.0	1	0 2
19	2	0.0	1	0 2
20	1	0.0	2	1
24	4	0.0	2	1 2 1
25	6	0.0	2	1 4 1
26	8	0.0	2	2 1 5
27	19	0.0	2	8 6 5
28	33	0.0	2	9 13 10 1
29	49	0.0	2	11 17 19 2
30	679	0.0	3	7 23 25 624
31	1025	0.0	3	21 56 457 491
32	1309	0.0	3	21 395 423 470
33	8287	0.0	3	1731 3642 1725 1189
34	1181	0.0	3	1 491 442 247
35	186	0.0	3	0 1 69 116
36	19	0.0	3	0 0 0 19
37	3	0.0	3	1 1 0 1
38	2	0.0	3	0 0 0 2
39	3	0.0	3	0 0 0 3
40	9	0.0	3	3 3 1 2
41	13	0.0	3	5 4 1 3
42	8	0.0	3	2 3 2 1
43	13	0.0	3	2 4 4 3
44	8	0.0	3	1 1 4 2
45	5	0.0	3	2 3
46	3	0.0	3	1 1 1
47	6	0.0	3	1 0 3 2
48	5	0.0	3	1 2 1 1
49	4	0.0	3	1 0 1 2
50	4	0.0	3	1 0 1 2
51	7	0.0	3	0 1 2 4
52	4	0.0	3	1 1 1 1
53	4	0.0	3	2 1 0 1
55	1	0.0	3	0 0 0 1
58	1	0.0	3	0 0 1
64	1	0.0	3	1


=== Second read: Adapter 15 ===

Sequence: ACGTTGGATGTTTGTTACTGTTGTGGATACAAC; Type: regular 5'; Length: 33; Trimmed: 8422 times.

No. of allowed errors:
0-9 bp: 0; 10-19 bp: 1; 20-29 bp: 2; 30-33 bp: 3

Overview of removed sequences
length	count	expect	max.err	error counts
3	512	4090.7	0	512
4	1	1022.7	0	1
5	5	255.7	0	5
20	3	0.0	2	2 1
22	1	0.0	2	0 0 1
23	1	0.0	2	0 1
25	2	0.0	2	1 0 1
26	1	0.0	2	0 0 1
27	4	0.0	2	4
28	9	0.0	2	3 4 2
29	21	0.0	2	4 4 12 1
30	51	0.0	3	6 10 13 22
31	561	0.0	3	11 38 254 258
32	772	0.0	3	15 251 228 278
33	5810	0.0	3	1104 2268 1514 924
34	223	0.0	3	0 52 99 72
35	322	0.0	3	0 0 166 156
36	35	0.0	3	0 0 0 35
40	3	0.0	3	0 1 2
41	20	0.0	3	6 5 5 4
42	6	0.0	3	0 0 5 1
43	3	0.0	3	0 0 1 2
44	7	0.0	3	1 3 1 2
45	4	0.0	3	1 1 1 1
46	1	0.0	3	0 0 0 1
47	1	0.0	3	0 0 1
48	4	0.0	3	1 1 2
49	8	0.0	3	2 1 3 2
50	2	0.0	3	1 1
51	4	0.0	3	0 2 1 1
52	9	0.0	3	3 3 1 2
53	12	0.0	3	4 3 3 2
54	1	0.0	3	0 1
55	1	0.0	3	1
57	1	0.0	3	0 0 1
60	1	0.0	3	0 1


=== Second read: Adapter 16 ===

Sequence: ACGTTGGATGTTTGTTACCGTTGTTGATACTAC; Type: regular 5'; Length: 33; Trimmed: 4243 times.

No. of allowed errors:
0-9 bp: 0; 10-19 bp: 1; 20-29 bp: 2; 30-33 bp: 3

Overview of removed sequences
length	count	expect	max.err	error counts
16	1	0.0	1	1
18	1	0.0	1	0 0 1
19	1	0.0	1	0 0 1
20	4	0.0	2	3 0 1
22	1	0.0	2	0 0 1
23	1	0.0	2	0 0 1
25	2	0.0	2	2
26	4	0.0	2	4
27	14	0.0	2	5 3 6
28	27	0.0	2	13 8 6
29	27	0.0	2	6 9 9 3
30	559	0.0	3	11 27 19 502
31	265	0.0	3	17 20 80 148
32	994	0.0	3	11 171 446 366
33	1613	0.0	3	691 464 280 178
34	284	0.0	3	0 85 113 86
35	412	0.0	3	0 0 178 234
36	14	0.0	3	0 0 0 14
40	1	0.0	3	1
41	1	0.0	3	0 0 1
42	4	0.0	3	1 0 1 2
43	2	0.0	3	1 0 0 1
44	3	0.0	3	1 1 0 1
45	1	0.0	3	0 1
46	1	0.0	3	0 0 1
48	1	0.0	3	0 0 0 1
49	1	0.0	3	0 0 1
51	1	0.0	3	0 0 1
52	2	0.0	3	0 0 0 2
54	1	0.0	3	1


=== Second read: Adapter 17 ===

Sequence: ACGTTGGATGAATATATGTGTGCTTATTTG; Type: regular 5'; Length: 30; Trimmed: 147 times.

No. of allowed errors:
0-9 bp: 0; 10-19 bp: 1; 20-29 bp: 2; 30 bp: 3

Overview of removed sequences
length	count	expect	max.err	error counts
3	134	4090.7	0	134
4	3	1022.7	0	3
5	4	255.7	0	4
6	2	63.9	0	2
29	1	0.0	2	0 1
30	3	0.0	3	2 0 0 1


=== Second read: Adapter 18 ===

Sequence: ACGTTGGATGTTTGTTACTAAGGTAGATACCACTC; Type: regular 5'; Length: 35; Trimmed: 44889 times.

No. of allowed errors:
0-9 bp: 0; 10-19 bp: 1; 20-29 bp: 2; 30-35 bp: 3

Overview of removed sequences
length	count	expect	max.err	error counts
3	2	4090.7	0	2
4	2	1022.7	0	2
5	1	255.7	0	1
6	1	63.9	0	1
19	1	0.0	1	0 1
22	3	0.0	2	1 2
23	1	0.0	2	1
26	5	0.0	2	2 2 1
27	6	0.0	2	1 5
28	14	0.0	2	5 4 5
29	48	0.0	2	21 19 8
30	149	0.0	3	54 33 42 20
31	261	0.0	3	74 81 62 44
32	238	0.0	3	61 62 51 64
33	962	0.0	3	300 151 242 269
34	3006	0.0	3	235 1190 864 717
35	38473	0.0	3	16416 10646 6941 4470
36	1084	0.0	3	17 486 330 251
37	565	0.0	3	3 2 154 406
38	19	0.0	3	0 0 0 19
39	1	0.0	3	0 1
42	1	0.0	3	0 0 0 1
43	12	0.0	3	4 6 1 1
44	3	0.0	3	1 0 2
45	3	0.0	3	0 2 1
46	8	0.0	3	5 2 1
47	5	0.0	3	1 3 0 1
49	1	0.0	3	1
50	1	0.0	3	1
51	2	0.0	3	0 1 0 1
52	2	0.0	3	1 0 0 1
54	3	0.0	3	2 0 0 1
55	3	0.0	3	1 1 1
56	1	0.0	3	1
57	1	0.0	3	1
59	1	0.0	3	1


=== Second read: Adapter 19 ===

Sequence: ACGTTGGATGGAAAAATAAACTGCAAATCATATTC; Type: regular 5'; Length: 35; Trimmed: 5790 times.

No. of allowed errors:
0-9 bp: 0; 10-19 bp: 1; 20-29 bp: 2; 30-35 bp: 3

Overview of removed sequences
length	count	expect	max.err	error counts
3	21	4090.7	0	21
4	3	1022.7	0	3
6	1	63.9	0	1
19	2	0.0	1	1 1
22	1	0.0	2	0 1
23	1	0.0	2	1
25	1	0.0	2	1
27	1	0.0	2	0 0 1
30	6	0.0	3	1 0 1 4
31	10	0.0	3	2 0 1 7
32	47	0.0	3	2 1 1 43
33	70	0.0	3	3 3 22 42
34	504	0.0	3	7 176 120 201
35	3871	0.0	3	940 542 348 2041
36	1113	0.0	3	0 532 310 271
37	45	0.0	3	0 0 18 27
38	91	0.0	3	0 0 0 91
44	1	0.0	3	0 0 0 1
52	1	0.0	3	1


=== Second read: Adapter 20 ===

Sequence: ACGTTGGATGAGATTAGGGAAAGTATTAGA; Type: regular 5'; Length: 30; Trimmed: 34 times.

No. of allowed errors:
0-9 bp: 0; 10-19 bp: 1; 20-29 bp: 2; 30 bp: 3

Overview of removed sequences
length	count	expect	max.err	error counts
3	33	4090.7	0	33
7	1	16.0	0	1


=== Second read: Adapter 21 ===

Sequence: ACGTTGGATGGAAAAATAAATTGTAAATCATACTC; Type: regular 5'; Length: 35; Trimmed: 1496 times.

No. of allowed errors:
0-9 bp: 0; 10-19 bp: 1; 20-29 bp: 2; 30-35 bp: 3

Overview of removed sequences
length	count	expect	max.err	error counts
5	2	255.7	0	2
7	1	16.0	0	1
18	4	0.0	1	3 0 1
19	1	0.0	1	1
20	2	0.0	2	1 0 1
21	1	0.0	2	1
25	1	0.0	2	1
28	1	0.0	2	0 0 0 1
31	4	0.0	3	3 1
32	8	0.0	3	0 0 0 8
33	42	0.0	3	3 2 12 25
34	69	0.0	3	3 25 16 25
35	1267	0.0	3	563 269 184 251
36	47	0.0	3	0 8 20 19
37	8	0.0	3	0 0 1 7
38	25	0.0	3	0 0 0 25
42	1	0.0	3	1
43	1	0.0	3	0 1
46	1	0.0	3	0 1
47	3	0.0	3	3
50	1	0.0	3	1
51	2	0.0	3	0 0 0 2
52	1	0.0	3	0 0 0 1
53	1	0.0	3	0 0 1
55	1	0.0	3	1
57	1	0.0	3	0 0 0 1


=== Second read: Adapter 22 ===

Sequence: ACGTTGGATGGAAAAATAAACTGTAAATCATATTCCT; Type: regular 5'; Length: 37; Trimmed: 84510 times.

No. of allowed errors:
0-9 bp: 0; 10-19 bp: 1; 20-29 bp: 2; 30-37 bp: 3

Overview of removed sequences
length	count	expect	max.err	error counts
3	129	4090.7	0	129
4	254	1022.7	0	254
5	3	255.7	0	3
21	3	0.0	2	0 0 3
25	2	0.0	2	0 1 1
27	1	0.0	2	0 1
29	1	0.0	2	0 1
30	3	0.0	3	1 0 2
31	17	0.0	3	4 4 5 4
32	75	0.0	3	27 22 12 14
33	167	0.0	3	40 46 49 32
34	188	0.0	3	38 66 44 40
35	582	0.0	3	123 107 232 120
36	3188	0.0	3	159 1259 1115 655
37	78258	0.0	3	28189 27554 14392 8123
38	1063	0.0	3	16 377 404 266
39	477	0.0	3	2 0 69 406
40	47	0.0	3	1 1 5 40
41	1	0.0	3	0 1
42	3	0.0	3	0 1 1 1
43	2	0.0	3	1 0 1
44	2	0.0	3	0 0 1 1
45	9	0.0	3	0 4 3 2
46	2	0.0	3	0 1 1
47	4	0.0	3	0 3 1
48	1	0.0	3	0 1
49	8	0.0	3	1 3 3 1
50	5	0.0	3	1 2 1 1
51	6	0.0	3	0 2 2 2
52	2	0.0	3	2
53	3	0.0	3	1 2
54	4	0.0	3	0 3 1


=== Second read: Adapter 23 ===

Sequence: ACGTTGGATGGAAAAATAAACTGTAAATCATATTC; Type: regular 5'; Length: 35; Trimmed: 1333 times.

No. of allowed errors:
0-9 bp: 0; 10-19 bp: 1; 20-29 bp: 2; 30-35 bp: 3

Overview of removed sequences
length	count	expect	max.err	error counts
18	1	0.0	1	1
30	2	0.0	3	0 1 0 1
31	4	0.0	3	0 1 0 3
32	100	0.0	3	0 1 0 99
33	62	0.0	3	0 0 32 30
34	198	0.0	3	1 54 39 104
35	729	0.0	3	86 152 106 385
36	211	0.0	3	0 45 61 105
37	11	0.0	3	0 0 1 10
38	14	0.0	3	0 0 0 14
42	1	0.0	3	0 0 1


=== Second read: Adapter 24 ===

Sequence: ACGTTGGATGGAAAAATAAATTGTAAATCAAATTC; Type: regular 5'; Length: 35; Trimmed: 845 times.

No. of allowed errors:
0-9 bp: 0; 10-19 bp: 1; 20-29 bp: 2; 30-35 bp: 3

Overview of removed sequences
length	count	expect	max.err	error counts
6	6	63.9	0	6
19	1	0.0	1	1
22	1	0.0	2	1
23	1	0.0	2	0 0 1
30	1	0.0	3	1
32	4	0.0	3	0 0 1 3
33	21	0.0	3	0 0 9 12
34	50	0.0	3	2 20 7 21
35	721	0.0	3	353 182 93 93
36	21	0.0	3	1 5 5 10
37	6	0.0	3	0 0 1 5
38	12	0.0	3	0 0 0 12
