This is cutadapt 2.6 with Python 3.7.3
Command line parameters: -g ACGTTGGATGTTTGTTACTATGGTAGATACCACAC -g ACGTTGGATGTTTGTTACTAAGGTAGATACCACTC -g ACGTTGGATGTTTGTTACTGTGGTGGATACTAC -g ACGTTGGATGTTTGTTACTGTTGTGGATACAAC -g ACGTTGGATGTTTGTTACCGTTGTTGATACTAC -g ACGTTGGATGAATATATGTGTGCTTATTTG -G ACGTTGGATGTTTGTTACTATGGTAGATACCACAC -G ACGTTGGATGTTTGTTACTGTGGTGGATACTAC -G ACGTTGGATGTTTGTTACTGTTGTGGATACAAC -G ACGTTGGATGTTTGTTACCGTTGTTGATACTAC -G ACGTTGGATGAATATATGTGTGCTTATTTG -G ACGTTGGATGTTTGTTACTAAGGTAGATACCACTC -g ACGTTGGATGGAAAAATAAACTGCAAATCATATTC -g ACGTTGGATGGAAAAATAAACTGTAAATCATATTC -g ACGTTGGATGGAAAAATAAATTGTAAATCATACTC -g ACGTTGGATGAGATTAGGGAAAGTATTAGA -g ACGTTGGATGGAAAAATAAATTGTAAATCAAATTC -g ACGTTGGATGGAAAAATAAACTGTAAATCATATTCCT -G ACGTTGGATGGAAAAATAAACTGCAAATCATATTC -G ACGTTGGATGAGATTAGGGAAAGTATTAGA -G ACGTTGGATGGAAAAATAAATTGTAAATCATACTC -G ACGTTGGATGGAAAAATAAACTGTAAATCATATTCCT -G ACGTTGGATGGAAAAATAAACTGTAAATCATATTC -G ACGTTGGATGGAAAAATAAATTGTAAATCAAATTC --minimum-length=1 -o /data/projects/mdc-971/reprocess_June_2019_data/analysis/30.primer_trimmed/LKP31_S66_cutadapt.1.fq.gz -p /data/projects/mdc-971/reprocess_June_2019_data/analysis/30.primer_trimmed/LKP31_S66_cutadapt.2.fq.gz /data/projects/mdc-971/reprocess_June_2019_data/analysis/20.adapter_trimmed/LKP31_S66_R1_001.bbduked.trimmed.fastq.gz /data/projects/mdc-971/reprocess_June_2019_data/analysis/20.adapter_trimmed/LKP31_S66_R2_001.bbduked.trimmed.fastq.gz
Processing reads on 1 core in paired-end mode ...
Finished in 227.67 s (364 us/read; 0.16 M reads/minute).

=== Summary ===

Total read pairs processed:            624,641
  Read 1 with adapter:                 579,684 (92.8%)
  Read 2 with adapter:                 450,272 (72.1%)
Pairs that were too short:                   0 (0.0%)
Pairs written (passing filters):       624,641 (100.0%)

Total basepairs processed:   183,644,348 bp
  Read 1:    90,572,945 bp
  Read 2:    93,071,403 bp
Total written (filtered):    147,412,998 bp (80.3%)
  Read 1:    70,105,285 bp
  Read 2:    77,307,713 bp

=== First read: Adapter 1 ===

Sequence: ACGTTGGATGTTTGTTACTATGGTAGATACCACAC; Type: regular 5'; Length: 35; Trimmed: 200979 times.

No. of allowed errors:
0-9 bp: 0; 10-19 bp: 1; 20-29 bp: 2; 30-35 bp: 3

Overview of removed sequences
length	count	expect	max.err	error counts
4	3	2440.0	0	3
9	1	2.4	0	1
14	2	0.0	1	1 1
18	2	0.0	1	1 1
19	2	0.0	1	2
20	1	0.0	2	0 1
21	1	0.0	2	0 1
22	11	0.0	2	7 2 2
23	12	0.0	2	8 3 1
24	2	0.0	2	1 1
25	4	0.0	2	1 2 1
26	58	0.0	2	23 14 21
27	176	0.0	2	100 66 10
28	161	0.0	2	92 38 25 6
29	330	0.0	2	149 106 58 17
30	1188	0.0	3	543 366 219 60
31	1053	0.0	3	316 409 227 101
32	2091	0.0	3	495 705 438 453
33	7323	0.0	3	975 1157 3551 1640
34	27240	0.0	3	1442 15670 6593 3535
35	156015	0.0	3	58213 53928 29135 14739
36	5077	0.0	3	80 2514 1706 777
37	147	0.0	3	6 6 93 42
38	30	0.0	3	1 3 6 20
39	9	0.0	3	1 3 3 2
40	3	0.0	3	0 2 0 1
41	2	0.0	3	0 0 1 1
42	2	0.0	3	1 1
43	6	0.0	3	3 1 2
44	4	0.0	3	0 1 1 2
45	1	0.0	3	0 1
46	2	0.0	3	0 0 1 1
47	2	0.0	3	1 1
49	4	0.0	3	0 1 2 1
50	3	0.0	3	0 1 0 2
51	1	0.0	3	1
52	1	0.0	3	0 0 1
53	2	0.0	3	1 1
54	1	0.0	3	0 0 0 1
55	2	0.0	3	0 0 2
56	1	0.0	3	0 1
62	2	0.0	3	1 1
64	1	0.0	3	0 0 1


=== First read: Adapter 2 ===

Sequence: ACGTTGGATGTTTGTTACTAAGGTAGATACCACTC; Type: regular 5'; Length: 35; Trimmed: 6762 times.

No. of allowed errors:
0-9 bp: 0; 10-19 bp: 1; 20-29 bp: 2; 30-35 bp: 3

Overview of removed sequences
length	count	expect	max.err	error counts
22	1	0.0	2	1
23	1	0.0	2	1
26	1	0.0	2	0 1
27	2	0.0	2	1 0 1
28	2	0.0	2	1 0 1
29	14	0.0	2	3 3 6 2
30	23	0.0	3	10 3 6 4
31	23	0.0	3	10 6 4 3
32	56	0.0	3	3 9 7 37
33	582	0.0	3	13 101 323 145
34	4579	0.0	3	18 2965 989 607
35	1171	0.0	3	640 248 157 126
36	83	0.0	3	0 14 37 32
37	14	0.0	3	1 0 3 10
38	210	0.0	3	0 0 0 210


=== First read: Adapter 3 ===

Sequence: ACGTTGGATGTTTGTTACTGTGGTGGATACTAC; Type: regular 5'; Length: 33; Trimmed: 29991 times.

No. of allowed errors:
0-9 bp: 0; 10-19 bp: 1; 20-29 bp: 2; 30-33 bp: 3

Overview of removed sequences
length	count	expect	max.err	error counts
3	1	9760.0	0	1
17	1	0.0	1	1
19	1	0.0	1	0 1
20	2	0.0	2	2
21	1	0.0	2	1
22	4	0.0	2	1 3
23	2	0.0	2	2
24	11	0.0	2	4 4 3
25	46	0.0	2	18 16 12
26	44	0.0	2	32 6 6
27	106	0.0	2	65 30 11
28	336	0.0	2	222 83 25 6
29	301	0.0	2	152 93 40 16
30	716	0.0	3	376 180 75 85
31	1204	0.0	3	530 265 191 218
32	2769	0.0	3	728 1021 522 498
33	23722	0.0	3	12913 6486 1958 2365
34	337	0.0	3	9 126 106 96
35	346	0.0	3	5 3 183 155
36	10	0.0	3	1 2 2 5
37	9	0.0	3	5 2 2
38	4	0.0	3	2 1 0 1
39	3	0.0	3	1 1 1
41	3	0.0	3	2 1
43	1	0.0	3	0 1
44	3	0.0	3	2 1
46	3	0.0	3	1 1 0 1
49	1	0.0	3	1
51	1	0.0	3	0 0 0 1
54	1	0.0	3	1
56	1	0.0	3	0 0 1
60	1	0.0	3	0 1


=== First read: Adapter 4 ===

Sequence: ACGTTGGATGTTTGTTACTGTTGTGGATACAAC; Type: regular 5'; Length: 33; Trimmed: 16007 times.

No. of allowed errors:
0-9 bp: 0; 10-19 bp: 1; 20-29 bp: 2; 30-33 bp: 3

Overview of removed sequences
length	count	expect	max.err	error counts
3	25	9760.0	0	25
20	1	0.0	2	1
24	1	0.0	2	1
25	3	0.0	2	0 1 2
26	3	0.0	2	2 1
27	11	0.0	2	7 4
28	37	0.0	2	19 7 9 2
29	23	0.0	2	10 2 9 2
30	80	0.0	3	23 16 25 16
31	171	0.0	3	35 19 55 62
32	475	0.0	3	65 151 102 157
33	6162	0.0	3	2584 1538 970 1070
34	525	0.0	3	6 57 259 203
35	8385	0.0	3	0 0 6943 1442
36	101	0.0	3	0 0 15 86
37	1	0.0	3	0 0 0 1
39	1	0.0	3	0 0 0 1
41	1	0.0	3	1
51	1	0.0	3	0 0 1


=== First read: Adapter 5 ===

Sequence: ACGTTGGATGTTTGTTACCGTTGTTGATACTAC; Type: regular 5'; Length: 33; Trimmed: 1512 times.

No. of allowed errors:
0-9 bp: 0; 10-19 bp: 1; 20-29 bp: 2; 30-33 bp: 3

Overview of removed sequences
length	count	expect	max.err	error counts
17	2	0.0	1	1 1
24	2	0.0	2	2
25	1	0.0	2	0 1
26	2	0.0	2	2
27	9	0.0	2	7 1 1
28	6	0.0	2	4 1 1
29	7	0.0	2	2 2 3
30	26	0.0	3	12 6 1 7
31	48	0.0	3	12 10 11 15
32	172	0.0	3	14 48 57 53
33	1167	0.0	3	570 335 166 96
34	46	0.0	3	1 16 17 12
35	22	0.0	3	1 0 9 12
36	1	0.0	3	0 0 0 1
55	1	0.0	3	1


=== First read: Adapter 6 ===

Sequence: ACGTTGGATGAATATATGTGTGCTTATTTG; Type: regular 5'; Length: 30; Trimmed: 56 times.

No. of allowed errors:
0-9 bp: 0; 10-19 bp: 1; 20-29 bp: 2; 30 bp: 3

Overview of removed sequences
length	count	expect	max.err	error counts
3	43	9760.0	0	43
4	10	2440.0	0	10
6	1	152.5	0	1
29	1	0.0	2	0 0 0 1
30	1	0.0	3	1


=== First read: Adapter 7 ===

Sequence: ACGTTGGATGGAAAAATAAACTGCAAATCATATTC; Type: regular 5'; Length: 35; Trimmed: 4292 times.

No. of allowed errors:
0-9 bp: 0; 10-19 bp: 1; 20-29 bp: 2; 30-35 bp: 3

Overview of removed sequences
length	count	expect	max.err	error counts
3	2	9760.0	0	2
4	1	2440.0	0	1
27	1	0.0	2	0 0 1
30	10	0.0	3	5 2 3
31	10	0.0	3	3 1 1 5
32	22	0.0	3	4 2 2 14
33	47	0.0	3	2 5 9 31
34	251	0.0	3	9 99 56 87
35	2931	0.0	3	1167 452 249 1063
36	912	0.0	3	0 490 237 185
37	16	0.0	3	0 0 4 12
38	89	0.0	3	0 0 0 89


=== First read: Adapter 8 ===

Sequence: ACGTTGGATGGAAAAATAAACTGTAAATCATATTC; Type: regular 5'; Length: 35; Trimmed: 1002 times.

No. of allowed errors:
0-9 bp: 0; 10-19 bp: 1; 20-29 bp: 2; 30-35 bp: 3

Overview of removed sequences
length	count	expect	max.err	error counts
31	1	0.0	3	0 0 1
32	23	0.0	3	0 1 0 22
33	21	0.0	3	0 0 6 15
34	133	0.0	3	0 36 14 83
35	649	0.0	3	53 147 84 365
36	141	0.0	3	0 18 60 63
37	11	0.0	3	0 0 3 8
38	22	0.0	3	0 0 0 22
39	1	0.0	3	0 0 0 1


=== First read: Adapter 9 ===

Sequence: ACGTTGGATGGAAAAATAAATTGTAAATCATACTC; Type: regular 5'; Length: 35; Trimmed: 1854 times.

No. of allowed errors:
0-9 bp: 0; 10-19 bp: 1; 20-29 bp: 2; 30-35 bp: 3

Overview of removed sequences
length	count	expect	max.err	error counts
27	2	0.0	2	2
31	2	0.0	3	2
32	6	0.0	3	0 2 0 4
33	25	0.0	3	1 1 7 16
34	47	0.0	3	11 10 8 18
35	776	0.0	3	306 149 148 173
36	13	0.0	3	0 1 1 11
37	26	0.0	3	0 0 3 23
38	956	0.0	3	0 0 0 956
39	1	0.0	3	0 0 0 1


=== First read: Adapter 10 ===

Sequence: ACGTTGGATGAGATTAGGGAAAGTATTAGA; Type: regular 5'; Length: 30; Trimmed: 14 times.

No. of allowed errors:
0-9 bp: 0; 10-19 bp: 1; 20-29 bp: 2; 30 bp: 3

Overview of removed sequences
length	count	expect	max.err	error counts
3	14	9760.0	0	14


=== First read: Adapter 11 ===

Sequence: ACGTTGGATGGAAAAATAAATTGTAAATCAAATTC; Type: regular 5'; Length: 35; Trimmed: 151751 times.

No. of allowed errors:
0-9 bp: 0; 10-19 bp: 1; 20-29 bp: 2; 30-35 bp: 3

Overview of removed sequences
length	count	expect	max.err	error counts
5	1	610.0	0	1
6	1	152.5	0	1
27	7	0.0	2	5 1 1
28	3	0.0	2	0 2 1
29	11	0.0	2	7 3 1
30	180	0.0	3	127 44 7 2
31	266	0.0	3	190 55 17 4
32	322	0.0	3	215 72 19 16
33	532	0.0	3	242 174 72 44
34	4056	0.0	3	1072 2084 555 345
35	137726	0.0	3	106039 19250 7987 4450
36	3682	0.0	3	16 1622 1181 863
37	70	0.0	3	20 2 9 39
38	4860	0.0	3	5 0 1 4854
39	7	0.0	3	5 2
40	3	0.0	3	3
41	2	0.0	3	1 1
42	1	0.0	3	1
44	2	0.0	3	2
45	2	0.0	3	0 1 1
46	4	0.0	3	2 1 1
47	1	0.0	3	1
48	1	0.0	3	0 1
49	2	0.0	3	1 1
53	1	0.0	3	1
54	2	0.0	3	1 1
56	2	0.0	3	0 0 0 2
57	1	0.0	3	1
62	2	0.0	3	0 1 0 1
66	1	0.0	3	0 0 0 1


=== First read: Adapter 12 ===

Sequence: ACGTTGGATGGAAAAATAAACTGTAAATCATATTCCT; Type: regular 5'; Length: 37; Trimmed: 165464 times.

No. of allowed errors:
0-9 bp: 0; 10-19 bp: 1; 20-29 bp: 2; 30-37 bp: 3

Overview of removed sequences
length	count	expect	max.err	error counts
3	11	9760.0	0	11
4	4	2440.0	0	4
26	3	0.0	2	1 2
27	1	0.0	2	1
28	4	0.0	2	0 3 1
29	4	0.0	2	2 2
30	2	0.0	3	1 1
31	19	0.0	3	4 4 8 3
32	269	0.0	3	96 96 51 26
33	288	0.0	3	129 97 47 15
34	400	0.0	3	160 151 65 24
35	584	0.0	3	169 157 180 78
36	7203	0.0	3	696 2943 2442 1122
37	154685	0.0	3	75385 48886 21794 8620
38	1311	0.0	3	26 800 340 145
39	625	0.0	3	3 1 206 415
40	45	0.0	3	6 2 1 36
42	1	0.0	3	1
46	2	0.0	3	0 2
48	1	0.0	3	1
51	1	0.0	3	1
53	1	0.0	3	0 0 1


=== Second read: Adapter 13 ===

Sequence: ACGTTGGATGTTTGTTACTATGGTAGATACCACAC; Type: regular 5'; Length: 35; Trimmed: 182100 times.

No. of allowed errors:
0-9 bp: 0; 10-19 bp: 1; 20-29 bp: 2; 30-35 bp: 3

Overview of removed sequences
length	count	expect	max.err	error counts
3	17	9760.0	0	17
4	25	2440.0	0	25
16	1	0.0	1	0 1
18	2	0.0	1	2
20	1	0.0	2	0 1
21	2	0.0	2	0 1 1
23	2	0.0	2	0 2
25	1	0.0	2	0 1
26	12	0.0	2	6 3 3
27	6	0.0	2	0 3 3
28	33	0.0	2	7 10 13 3
29	77	0.0	2	27 26 16 8
30	279	0.0	3	65 80 73 61
31	448	0.0	3	69 142 137 100
32	597	0.0	3	65 154 159 219
33	3986	0.0	3	475 451 1236 1824
34	15099	0.0	3	280 4629 5105 5085
35	154810	0.0	3	36951 46213 42093 29553
36	6086	0.0	3	22 2258 2221 1585
37	251	0.0	3	1 6 118 126
38	21	0.0	3	1 2 4 14
39	2	0.0	3	0 2
40	3	0.0	3	0 2 1
41	9	0.0	3	1 2 2 4
42	8	0.0	3	1 3 3 1
43	71	0.0	3	13 29 23 6
44	24	0.0	3	4 4 9 7
45	10	0.0	3	3 4 1 2
46	38	0.0	3	10 14 8 6
47	22	0.0	3	6 7 5 4
48	12	0.0	3	5 3 4
49	4	0.0	3	1 0 2 1
50	11	0.0	3	1 3 6 1
51	23	0.0	3	8 3 11 1
52	13	0.0	3	3 3 4 3
53	14	0.0	3	2 6 4 2
54	22	0.0	3	9 4 6 3
55	31	0.0	3	2 13 13 3
56	4	0.0	3	2 0 1 1
57	3	0.0	3	0 3
58	5	0.0	3	1 1 1 2
59	6	0.0	3	2 2 0 2
60	3	0.0	3	0 0 3
62	1	0.0	3	0 0 0 1
63	2	0.0	3	2
64	1	0.0	3	0 1
65	1	0.0	3	1
66	1	0.0	3	0 1


=== Second read: Adapter 14 ===

Sequence: ACGTTGGATGTTTGTTACTGTGGTGGATACTAC; Type: regular 5'; Length: 33; Trimmed: 27562 times.

No. of allowed errors:
0-9 bp: 0; 10-19 bp: 1; 20-29 bp: 2; 30-33 bp: 3

Overview of removed sequences
length	count	expect	max.err	error counts
3	21	9760.0	0	21
5	1	610.0	0	1
6	2	152.5	0	2
19	1	0.0	1	1
23	1	0.0	2	0 0 1
24	1	0.0	2	0 0 1
25	1	0.0	2	0 1
26	10	0.0	2	4 4 2
27	10	0.0	2	6 3 1
28	34	0.0	2	16 8 9 1
29	68	0.0	2	14 23 27 4
30	553	0.0	3	20 28 13 492
31	1546	0.0	3	98 66 298 1084
32	2760	0.0	3	61 632 666 1401
33	20541	0.0	3	7738 5715 3117 3971
34	495	0.0	3	3 138 143 211
35	1416	0.0	3	0 1 631 784
36	12	0.0	3	0 0 0 12
37	4	0.0	3	2 1 0 1
39	1	0.0	3	1
40	4	0.0	3	1 1 0 2
41	13	0.0	3	0 3 6 4
42	7	0.0	3	1 3 2 1
43	5	0.0	3	1 0 0 4
44	13	0.0	3	5 3 3 2
45	3	0.0	3	1 1 1
46	4	0.0	3	2 1 1
47	1	0.0	3	0 1
48	5	0.0	3	3 0 0 2
49	3	0.0	3	0 2 0 1
50	4	0.0	3	3 0 0 1
51	7	0.0	3	2 1 2 2
52	4	0.0	3	1 2 0 1
53	6	0.0	3	0 1 3 2
54	1	0.0	3	0 1
55	1	0.0	3	1
56	1	0.0	3	0 0 0 1
58	1	0.0	3	0 1
59	1	0.0	3	0 0 0 1


=== Second read: Adapter 15 ===

Sequence: ACGTTGGATGTTTGTTACTGTTGTGGATACAAC; Type: regular 5'; Length: 33; Trimmed: 18730 times.

No. of allowed errors:
0-9 bp: 0; 10-19 bp: 1; 20-29 bp: 2; 30-33 bp: 3

Overview of removed sequences
length	count	expect	max.err	error counts
3	1097	9760.0	0	1097
5	1	610.0	0	1
26	1	0.0	2	0 0 1
27	2	0.0	2	1 0 1
28	12	0.0	2	4 1 6 1
29	28	0.0	2	6 4 10 8
30	57	0.0	3	3 6 14 34
31	1010	0.0	3	17 10 163 820
32	633	0.0	3	11 138 139 345
33	5751	0.0	3	1509 1239 1007 1996
34	333	0.0	3	1 46 103 183
35	9643	0.0	3	0 0 5910 3733
36	117	0.0	3	0 0 7 110
37	1	0.0	3	0 0 1
40	1	0.0	3	0 0 0 1
41	7	0.0	3	1 2 2 2
42	2	0.0	3	0 0 1 1
43	2	0.0	3	0 0 1 1
44	2	0.0	3	0 0 0 2
45	3	0.0	3	0 0 1 2
46	5	0.0	3	1 0 3 1
47	5	0.0	3	0 1 3 1
48	2	0.0	3	0 0 1 1
49	1	0.0	3	1
50	1	0.0	3	1
51	5	0.0	3	1 1 2 1
52	2	0.0	3	0 0 0 2
53	3	0.0	3	1 0 0 2
54	2	0.0	3	0 0 2
58	1	0.0	3	0 0 0 1


=== Second read: Adapter 16 ===

Sequence: ACGTTGGATGTTTGTTACCGTTGTTGATACTAC; Type: regular 5'; Length: 33; Trimmed: 1644 times.

No. of allowed errors:
0-9 bp: 0; 10-19 bp: 1; 20-29 bp: 2; 30-33 bp: 3

Overview of removed sequences
length	count	expect	max.err	error counts
26	1	0.0	2	0 1
27	1	0.0	2	1
28	2	0.0	2	1 0 1
29	3	0.0	2	0 0 3
30	37	0.0	3	0 1 2 34
31	43	0.0	3	3 1 11 28
32	259	0.0	3	3 56 89 111
33	1228	0.0	3	414 380 266 168
34	37	0.0	3	0 11 11 15
35	25	0.0	3	0 0 7 18
36	3	0.0	3	0 0 0 3
38	1	0.0	3	1
39	1	0.0	3	0 0 0 1
40	1	0.0	3	0 1
45	1	0.0	3	0 0 1
53	1	0.0	3	0 1


=== Second read: Adapter 17 ===

Sequence: ACGTTGGATGAATATATGTGTGCTTATTTG; Type: regular 5'; Length: 30; Trimmed: 203 times.

No. of allowed errors:
0-9 bp: 0; 10-19 bp: 1; 20-29 bp: 2; 30 bp: 3

Overview of removed sequences
length	count	expect	max.err	error counts
3	187	9760.0	0	187
4	6	2440.0	0	6
5	7	610.0	0	7
6	3	152.5	0	3


=== Second read: Adapter 18 ===

Sequence: ACGTTGGATGTTTGTTACTAAGGTAGATACCACTC; Type: regular 5'; Length: 35; Trimmed: 4475 times.

No. of allowed errors:
0-9 bp: 0; 10-19 bp: 1; 20-29 bp: 2; 30-35 bp: 3

Overview of removed sequences
length	count	expect	max.err	error counts
3	3	9760.0	0	3
4	7	2440.0	0	7
5	1	610.0	0	1
15	1	0.0	1	1
19	1	0.0	1	0 0 1
26	2	0.0	2	1 1
28	2	0.0	2	0 0 2
29	2	0.0	2	0 1 0 1
30	11	0.0	3	0 1 5 5
31	16	0.0	3	0 1 6 9
32	33	0.0	3	0 9 6 18
33	671	0.0	3	2 6 221 442
34	2369	0.0	3	0 594 792 983
35	1100	0.0	3	346 287 259 208
36	89	0.0	3	0 10 25 54
37	26	0.0	3	0 0 2 24
38	135	0.0	3	0 0 0 135
42	1	0.0	3	0 1
43	2	0.0	3	0 0 2
45	1	0.0	3	0 0 1
46	1	0.0	3	0 0 0 1
54	1	0.0	3	0 1


=== Second read: Adapter 19 ===

Sequence: ACGTTGGATGGAAAAATAAACTGCAAATCATATTC; Type: regular 5'; Length: 35; Trimmed: 3725 times.

No. of allowed errors:
0-9 bp: 0; 10-19 bp: 1; 20-29 bp: 2; 30-35 bp: 3

Overview of removed sequences
length	count	expect	max.err	error counts
3	20	9760.0	0	20
4	4	2440.0	0	4
5	1	610.0	0	1
19	1	0.0	1	0 1
26	1	0.0	2	0 1
31	7	0.0	3	0 1 2 4
32	10	0.0	3	0 1 0 9
33	23	0.0	3	0 2 6 15
34	157	0.0	3	1 28 53 75
35	2824	0.0	3	422 305 255 1842
36	611	0.0	3	0 253 186 172
37	6	0.0	3	0 0 3 3
38	56	0.0	3	0 0 0 56
43	1	0.0	3	0 1
50	1	0.0	3	0 0 1
52	1	0.0	3	0 0 1
53	1	0.0	3	0 0 0 1


=== Second read: Adapter 20 ===

Sequence: ACGTTGGATGAGATTAGGGAAAGTATTAGA; Type: regular 5'; Length: 30; Trimmed: 67 times.

No. of allowed errors:
0-9 bp: 0; 10-19 bp: 1; 20-29 bp: 2; 30 bp: 3

Overview of removed sequences
length	count	expect	max.err	error counts
3	66	9760.0	0	66
4	1	2440.0	0	1


=== Second read: Adapter 21 ===

Sequence: ACGTTGGATGGAAAAATAAATTGTAAATCATACTC; Type: regular 5'; Length: 35; Trimmed: 1616 times.

No. of allowed errors:
0-9 bp: 0; 10-19 bp: 1; 20-29 bp: 2; 30-35 bp: 3

Overview of removed sequences
length	count	expect	max.err	error counts
5	1	610.0	0	1
19	1	0.0	1	0 1
29	1	0.0	2	0 1
30	1	0.0	3	0 0 0 1
31	3	0.0	3	1 1 1
32	5	0.0	3	0 0 0 5
33	87	0.0	3	0 0 15 72
34	76	0.0	3	1 10 23 42
35	847	0.0	3	124 92 170 461
36	24	0.0	3	0 1 2 21
37	6	0.0	3	0 0 0 6
38	563	0.0	3	0 0 0 563
45	1	0.0	3	0 0 0 1


=== Second read: Adapter 22 ===

Sequence: ACGTTGGATGGAAAAATAAACTGTAAATCATATTCCT; Type: regular 5'; Length: 37; Trimmed: 94823 times.

No. of allowed errors:
0-9 bp: 0; 10-19 bp: 1; 20-29 bp: 2; 30-37 bp: 3

Overview of removed sequences
length	count	expect	max.err	error counts
3	232	9760.0	0	232
4	1068	2440.0	0	1068
29	1	0.0	2	0 0 1
30	1	0.0	3	0 1
31	5	0.0	3	1 3 1
32	35	0.0	3	8 17 7 3
33	48	0.0	3	7 18 9 14
34	69	0.0	3	10 25 15 19
35	268	0.0	3	53 72 81 62
36	2826	0.0	3	61 748 1156 861
37	89349	0.0	3	23630 30425 22051 13243
38	558	0.0	3	4 179 209 166
39	312	0.0	3	4 4 79 225
40	14	0.0	3	0 1 2 11
41	1	0.0	3	0 1
42	1	0.0	3	1
45	6	0.0	3	1 2 1 2
46	1	0.0	3	0 1
47	3	0.0	3	0 2 1
48	4	0.0	3	1 0 2 1
49	5	0.0	3	1 4
50	3	0.0	3	3
51	4	0.0	3	3 0 0 1
52	1	0.0	3	0 1
53	4	0.0	3	2 2
58	1	0.0	3	0 1
59	1	0.0	3	0 0 1
64	1	0.0	3	0 0 0 1
66	1	0.0	3	0 1


=== Second read: Adapter 23 ===

Sequence: ACGTTGGATGGAAAAATAAACTGTAAATCATATTC; Type: regular 5'; Length: 35; Trimmed: 804 times.

No. of allowed errors:
0-9 bp: 0; 10-19 bp: 1; 20-29 bp: 2; 30-35 bp: 3

Overview of removed sequences
length	count	expect	max.err	error counts
21	1	0.0	2	0 0 1
30	1	0.0	3	0 0 0 1
31	2	0.0	3	0 0 1 1
32	19	0.0	3	0 0 0 19
33	12	0.0	3	1 0 2 9
34	93	0.0	3	0 8 17 68
35	580	0.0	3	18 53 35 474
36	81	0.0	3	0 3 26 52
37	2	0.0	3	0 0 1 1
38	13	0.0	3	0 0 0 13


=== Second read: Adapter 24 ===

Sequence: ACGTTGGATGGAAAAATAAATTGTAAATCAAATTC; Type: regular 5'; Length: 35; Trimmed: 114523 times.

No. of allowed errors:
0-9 bp: 0; 10-19 bp: 1; 20-29 bp: 2; 30-35 bp: 3

Overview of removed sequences
length	count	expect	max.err	error counts
5	1	610.0	0	1
6	5	152.5	0	5
17	1	0.0	1	1
28	2	0.0	2	1 1
29	1	0.0	2	0 0 1
30	20	0.0	3	12 5 2 1
31	57	0.0	3	22 15 10 10
32	54	0.0	3	21 17 8 8
33	254	0.0	3	110 55 48 41
34	2198	0.0	3	117 1000 627 454
35	107023	0.0	3	52088 27746 16348 10841
36	2941	0.0	3	12 1079 965 885
37	38	0.0	3	6 6 13 13
38	1835	0.0	3	2 2 1 1830
39	1	0.0	3	0 1
40	1	0.0	3	0 1
41	1	0.0	3	0 0 1
42	4	0.0	3	1 3
43	19	0.0	3	9 6 2 2
44	8	0.0	3	4 4
45	10	0.0	3	2 4 3 1
46	6	0.0	3	1 2 1 2
47	14	0.0	3	5 3 2 4
48	6	0.0	3	2 2 1 1
49	4	0.0	3	1 1 1 1
50	2	0.0	3	1 1
51	1	0.0	3	0 1
52	3	0.0	3	1 2
53	5	0.0	3	3 1 0 1
54	3	0.0	3	2 0 0 1
55	1	0.0	3	1
56	2	0.0	3	1 1
57	1	0.0	3	0 1
58	1	0.0	3	1
