[2019-07-16 16:04:45,067] multiqc                                            [DEBUG  ]  No MultiQC config found: /data/home/kchoudha/miniconda3/envs/kc_env/lib/python3.5/site-packages/multiqc_config.yaml
[2019-07-16 16:04:45,067] multiqc                                            [DEBUG  ]  No MultiQC config found: /data/home/kchoudha/.multiqc_config.yaml
[2019-07-16 16:04:45,067] multiqc                                            [DEBUG  ]  No MultiQC config found: multiqc_config.yaml
[2019-07-16 16:04:45,067] multiqc                                            [DEBUG  ]  Command used: /data/home/kchoudha/miniconda3/envs/kc_env/bin/multiqc .
[2019-07-16 16:04:46,378] multiqc                                            [DEBUG  ]  Latest MultiQC version is v1.7
[2019-07-16 16:04:46,378] multiqc                                            [INFO   ]  This is MultiQC v1.7
[2019-07-16 16:04:46,378] multiqc                                            [DEBUG  ]  Command     : /data/home/kchoudha/miniconda3/envs/kc_env/bin/multiqc .
[2019-07-16 16:04:46,378] multiqc                                            [DEBUG  ]  Working dir : /data/projects/mdc-971/data_from_June_2019/01.fastqc
[2019-07-16 16:04:46,378] multiqc                                            [INFO   ]  Template    : default
[2019-07-16 16:04:46,378] multiqc                                            [INFO   ]  Searching '.'
[2019-07-16 16:04:46,379] multiqc                                            [DEBUG  ]  Analysing modules: custom_content, conpair, peddy, methylQA, phantompeakqualtools, qualimap, preseq, quast, qorts, rna_seqc, rsem, rseqc, busco, goleft_indexcov, disambiguate, supernova, deeptools, sargasso, verifybamid, mirtrace, happy, homer, macs2, theta2, snpeff, gatk, htseq, bcftools, featureCounts, dedup, damageprofiler, picard, prokka, samblaster, samtools, bamtools, jellyfish, vcftools, longranger, stacks, bbmap, bismark, biscuit, hicexplorer, hicup, hicpro, salmon, kallisto, slamdunk, star, hisat2, tophat, bowtie2, bowtie1, kat, leehom, adapterRemoval, clipandmerge, cutadapt, flexbar, trimmomatic, skewer, sortmerna, biobloomtools, fastq_screen, afterqc, fastp, fastqc, minionqc, clusterflow, bcl2fastq, interop, flash
[2019-07-16 16:04:46,379] multiqc                                            [DEBUG  ]  Using temporary directory for creating report: /tmp/tmptw69j794
[2019-07-16 16:04:46,729] multiqc                                            [DEBUG  ]  Ignoring file as matched an ignore pattern: 180335_S1_R2_001_fastqc.html
[2019-07-16 16:04:46,729] multiqc                                            [DEBUG  ]  Ignoring file as matched an ignore pattern: 180335_S1_R1_001_fastqc.html
[2019-07-16 16:04:46,731] multiqc                                            [DEBUG  ]  Ignoring file as matched an ignore pattern: 180339_S4_R1_001_fastqc.html
[2019-07-16 16:04:46,731] multiqc                                            [DEBUG  ]  Ignoring file as matched an ignore pattern: 180339_S4_R2_001_fastqc.html
[2019-07-16 16:04:46,731] multiqc                                            [DEBUG  ]  Ignoring file as matched an ignore pattern: 180344_S8_R1_001_fastqc.html
[2019-07-16 16:04:46,732] multiqc                                            [DEBUG  ]  Ignoring file as matched an ignore pattern: 180336_S2_R1_001_fastqc.html
[2019-07-16 16:04:46,732] multiqc                                            [DEBUG  ]  Ignoring file as matched an ignore pattern: 180344_S8_R2_001_fastqc.html
[2019-07-16 16:04:46,732] multiqc                                            [DEBUG  ]  Ignoring file as matched an ignore pattern: 180336_S2_R2_001_fastqc.html
[2019-07-16 16:04:46,733] multiqc                                            [DEBUG  ]  Ignoring file as matched an ignore pattern: 180338_S3_R1_001_fastqc.html
[2019-07-16 16:04:46,733] multiqc                                            [DEBUG  ]  Ignoring file as matched an ignore pattern: 180342_S6_R1_001_fastqc.html
[2019-07-16 16:04:46,734] multiqc                                            [DEBUG  ]  Ignoring file as matched an ignore pattern: 180338_S3_R2_001_fastqc.html
[2019-07-16 16:04:46,734] multiqc                                            [DEBUG  ]  Ignoring file as matched an ignore pattern: 180342_S6_R2_001_fastqc.html
[2019-07-16 16:04:46,734] multiqc                                            [DEBUG  ]  Ignoring file as matched an ignore pattern: 180350_S12_R1_001_fastqc.html
[2019-07-16 16:04:46,735] multiqc                                            [DEBUG  ]  Ignoring file as matched an ignore pattern: 180350_S12_R2_001_fastqc.html
[2019-07-16 16:04:46,735] multiqc                                            [DEBUG  ]  Ignoring file as matched an ignore pattern: 180351_S13_R1_001_fastqc.html
[2019-07-16 16:04:46,735] multiqc                                            [DEBUG  ]  Ignoring file as matched an ignore pattern: 180340_S5_R1_001_fastqc.html
[2019-07-16 16:04:46,735] multiqc                                            [DEBUG  ]  Ignoring file as matched an ignore pattern: 180343_S7_R1_001_fastqc.html
[2019-07-16 16:04:46,736] multiqc                                            [DEBUG  ]  Ignoring file as matched an ignore pattern: 180340_S5_R2_001_fastqc.html
[2019-07-16 16:04:46,736] multiqc                                            [DEBUG  ]  Ignoring file as matched an ignore pattern: 180343_S7_R2_001_fastqc.html
[2019-07-16 16:04:46,736] multiqc                                            [DEBUG  ]  Ignoring file as matched an ignore pattern: 180351_S13_R2_001_fastqc.html
[2019-07-16 16:04:46,736] multiqc                                            [DEBUG  ]  Ignoring file as matched an ignore pattern: 180347_S10_R1_001_fastqc.html
[2019-07-16 16:04:46,738] multiqc                                            [DEBUG  ]  Ignoring file as matched an ignore pattern: 180347_S10_R2_001_fastqc.html
[2019-07-16 16:04:46,738] multiqc                                            [DEBUG  ]  Ignoring file as matched an ignore pattern: 180352_S14_R1_001_fastqc.html
[2019-07-16 16:04:46,738] multiqc                                            [DEBUG  ]  Ignoring file as matched an ignore pattern: 180348_S11_R1_001_fastqc.html
[2019-07-16 16:04:46,738] multiqc                                            [DEBUG  ]  Ignoring file as matched an ignore pattern: 180348_S11_R2_001_fastqc.html
[2019-07-16 16:04:46,738] multiqc                                            [DEBUG  ]  Ignoring file as matched an ignore pattern: 180352_S14_R2_001_fastqc.html
[2019-07-16 16:04:46,739] multiqc                                            [DEBUG  ]  Ignoring file as matched an ignore pattern: 180353_S15_R1_001_fastqc.html
[2019-07-16 16:04:46,739] multiqc                                            [DEBUG  ]  Ignoring file as matched an ignore pattern: 180353_S15_R2_001_fastqc.html
[2019-07-16 16:04:46,739] multiqc                                            [DEBUG  ]  Ignoring file as matched an ignore pattern: 180354_S16_R1_001_fastqc.html
[2019-07-16 16:04:46,739] multiqc                                            [DEBUG  ]  Ignoring file as matched an ignore pattern: 180354_S16_R2_001_fastqc.html
[2019-07-16 16:04:46,741] multiqc                                            [DEBUG  ]  Ignoring file as matched an ignore pattern: 180345_S9_R2_001_fastqc.html
[2019-07-16 16:04:46,741] multiqc                                            [DEBUG  ]  Ignoring file as matched an ignore pattern: 180345_S9_R1_001_fastqc.html
[2019-07-16 16:04:46,741] multiqc                                            [DEBUG  ]  Ignoring file as matched an ignore pattern: 180357_S19_R1_001_fastqc.html
[2019-07-16 16:04:46,742] multiqc                                            [DEBUG  ]  Ignoring file as matched an ignore pattern: 180355_S17_R1_001_fastqc.html
[2019-07-16 16:04:46,742] multiqc                                            [DEBUG  ]  Ignoring file as matched an ignore pattern: 180356_S18_R1_001_fastqc.html
[2019-07-16 16:04:46,742] multiqc                                            [DEBUG  ]  Ignoring file as matched an ignore pattern: 180359_S21_R1_001_fastqc.html
[2019-07-16 16:04:46,742] multiqc                                            [DEBUG  ]  Ignoring file as matched an ignore pattern: 180357_S19_R2_001_fastqc.html
[2019-07-16 16:04:46,743] multiqc                                            [DEBUG  ]  Ignoring file as matched an ignore pattern: 180359_S21_R2_001_fastqc.html
[2019-07-16 16:04:46,743] multiqc                                            [DEBUG  ]  Ignoring file as matched an ignore pattern: 180356_S18_R2_001_fastqc.html
[2019-07-16 16:04:46,743] multiqc                                            [DEBUG  ]  Ignoring file as matched an ignore pattern: 180358_S20_R1_001_fastqc.html
[2019-07-16 16:04:46,743] multiqc                                            [DEBUG  ]  Ignoring file as matched an ignore pattern: 180355_S17_R2_001_fastqc.html
[2019-07-16 16:04:46,743] multiqc                                            [DEBUG  ]  Ignoring file as matched an ignore pattern: 180362_S23_R1_001_fastqc.html
[2019-07-16 16:04:46,744] multiqc                                            [DEBUG  ]  Ignoring file as matched an ignore pattern: 180358_S20_R2_001_fastqc.html
[2019-07-16 16:04:46,744] multiqc                                            [DEBUG  ]  Ignoring file as matched an ignore pattern: 180362_S23_R2_001_fastqc.html
[2019-07-16 16:04:46,744] multiqc                                            [DEBUG  ]  Ignoring file as matched an ignore pattern: 180363_S24_R1_001_fastqc.html
[2019-07-16 16:04:46,745] multiqc                                            [DEBUG  ]  Ignoring file as matched an ignore pattern: 180361_S22_R1_001_fastqc.html
[2019-07-16 16:04:46,745] multiqc                                            [DEBUG  ]  Ignoring file as matched an ignore pattern: 180363_S24_R2_001_fastqc.html
[2019-07-16 16:04:46,746] multiqc                                            [DEBUG  ]  Ignoring file as matched an ignore pattern: 180361_S22_R2_001_fastqc.html
[2019-07-16 16:04:46,747] multiqc                                            [DEBUG  ]  Ignoring file as matched an ignore pattern: 180369_S29_R1_001_fastqc.html
[2019-07-16 16:04:46,747] multiqc                                            [DEBUG  ]  Ignoring file as matched an ignore pattern: 180369_S29_R2_001_fastqc.html
[2019-07-16 16:04:46,747] multiqc                                            [DEBUG  ]  Ignoring file as matched an ignore pattern: 180367_S27_R1_001_fastqc.html
[2019-07-16 16:04:46,747] multiqc                                            [DEBUG  ]  Ignoring file as matched an ignore pattern: 180366_S26_R1_001_fastqc.html
[2019-07-16 16:04:46,748] multiqc                                            [DEBUG  ]  Ignoring file as matched an ignore pattern: 180367_S27_R2_001_fastqc.html
[2019-07-16 16:04:46,748] multiqc                                            [DEBUG  ]  Ignoring file as matched an ignore pattern: 180365_S25_R1_001_fastqc.html
[2019-07-16 16:04:46,748] multiqc                                            [DEBUG  ]  Ignoring file as matched an ignore pattern: 180373_S31_R1_001_fastqc.html
[2019-07-16 16:04:46,749] multiqc                                            [DEBUG  ]  Ignoring file as matched an ignore pattern: 180366_S26_R2_001_fastqc.html
[2019-07-16 16:04:46,749] multiqc                                            [DEBUG  ]  Ignoring file as matched an ignore pattern: 180373_S31_R2_001_fastqc.html
[2019-07-16 16:04:46,749] multiqc                                            [DEBUG  ]  Ignoring file as matched an ignore pattern: 180365_S25_R2_001_fastqc.html
[2019-07-16 16:04:46,749] multiqc                                            [DEBUG  ]  Ignoring file as matched an ignore pattern: 180375_S32_R1_001_fastqc.html
[2019-07-16 16:04:46,749] multiqc                                            [DEBUG  ]  Ignoring file as matched an ignore pattern: 180375_S32_R2_001_fastqc.html
[2019-07-16 16:04:46,749] multiqc                                            [DEBUG  ]  Ignoring file as matched an ignore pattern: 180368_S28_R2_001_fastqc.html
[2019-07-16 16:04:46,750] multiqc                                            [DEBUG  ]  Ignoring file as matched an ignore pattern: 180368_S28_R1_001_fastqc.html
[2019-07-16 16:04:46,750] multiqc                                            [DEBUG  ]  Ignoring file as matched an ignore pattern: 180379_S35_R1_001_fastqc.html
[2019-07-16 16:04:46,751] multiqc                                            [DEBUG  ]  Ignoring file as matched an ignore pattern: 180379_S35_R2_001_fastqc.html
[2019-07-16 16:04:46,751] multiqc                                            [DEBUG  ]  Ignoring file as matched an ignore pattern: 180381_S36_R1_001_fastqc.html
[2019-07-16 16:04:46,752] multiqc                                            [DEBUG  ]  Ignoring file as matched an ignore pattern: 180381_S36_R2_001_fastqc.html
[2019-07-16 16:04:46,752] multiqc                                            [DEBUG  ]  Ignoring file as matched an ignore pattern: 180382_S37_R1_001_fastqc.html
[2019-07-16 16:04:46,752] multiqc                                            [DEBUG  ]  Ignoring file as matched an ignore pattern: 180378_S34_R2_001_fastqc.html
[2019-07-16 16:04:46,752] multiqc                                            [DEBUG  ]  Ignoring file as matched an ignore pattern: 180378_S34_R1_001_fastqc.html
[2019-07-16 16:04:46,753] multiqc                                            [DEBUG  ]  Ignoring file as matched an ignore pattern: 180372_S30_R1_001_fastqc.html
[2019-07-16 16:04:46,754] multiqc                                            [DEBUG  ]  Ignoring file as matched an ignore pattern: 180382_S37_R2_001_fastqc.html
[2019-07-16 16:04:46,754] multiqc                                            [DEBUG  ]  Ignoring file as matched an ignore pattern: 180372_S30_R2_001_fastqc.html
[2019-07-16 16:04:46,754] multiqc                                            [DEBUG  ]  Ignoring file as matched an ignore pattern: 180393_S40_R1_001_fastqc.html
[2019-07-16 16:04:46,755] multiqc                                            [DEBUG  ]  Ignoring file as matched an ignore pattern: 180393_S40_R2_001_fastqc.html
[2019-07-16 16:04:46,755] multiqc                                            [DEBUG  ]  Ignoring file as matched an ignore pattern: 180384_S38_R2_001_fastqc.html
[2019-07-16 16:04:46,755] multiqc                                            [DEBUG  ]  Ignoring file as matched an ignore pattern: 180384_S38_R1_001_fastqc.html
[2019-07-16 16:04:46,756] multiqc                                            [DEBUG  ]  Ignoring file as matched an ignore pattern: 180398_S43_R1_001_fastqc.html
[2019-07-16 16:04:46,756] multiqc                                            [DEBUG  ]  Ignoring file as matched an ignore pattern: 180398_S43_R2_001_fastqc.html
[2019-07-16 16:04:46,757] multiqc                                            [DEBUG  ]  Ignoring file as matched an ignore pattern: 180396_S41_R1_001_fastqc.html
[2019-07-16 16:04:46,757] multiqc                                            [DEBUG  ]  Ignoring file as matched an ignore pattern: 180403_S45_R1_001_fastqc.html
[2019-07-16 16:04:46,757] multiqc                                            [DEBUG  ]  Ignoring file as matched an ignore pattern: 180388_S39_R1_001_fastqc.html
[2019-07-16 16:04:46,757] multiqc                                            [DEBUG  ]  Ignoring file as matched an ignore pattern: 180403_S45_R2_001_fastqc.html
[2019-07-16 16:04:46,758] multiqc                                            [DEBUG  ]  Ignoring file as matched an ignore pattern: 180399_S44_R1_001_fastqc.html
[2019-07-16 16:04:46,758] multiqc                                            [DEBUG  ]  Ignoring file as matched an ignore pattern: 180396_S41_R2_001_fastqc.html
[2019-07-16 16:04:46,758] multiqc                                            [DEBUG  ]  Ignoring file as matched an ignore pattern: 180388_S39_R2_001_fastqc.html
[2019-07-16 16:04:46,758] multiqc                                            [DEBUG  ]  Ignoring file as matched an ignore pattern: 180399_S44_R2_001_fastqc.html
[2019-07-16 16:04:46,759] multiqc                                            [DEBUG  ]  Ignoring file as matched an ignore pattern: 180397_S42_R1_001_fastqc.html
[2019-07-16 16:04:46,759] multiqc                                            [DEBUG  ]  Ignoring file as matched an ignore pattern: 180397_S42_R2_001_fastqc.html
[2019-07-16 16:04:46,759] multiqc                                            [DEBUG  ]  Ignoring file as matched an ignore pattern: 180404_S46_R1_001_fastqc.html
[2019-07-16 16:04:46,759] multiqc                                            [DEBUG  ]  Ignoring file as matched an ignore pattern: 180406_S48_R1_001_fastqc.html
[2019-07-16 16:04:46,760] multiqc                                            [DEBUG  ]  Ignoring file as matched an ignore pattern: 180406_S48_R2_001_fastqc.html
[2019-07-16 16:04:46,760] multiqc                                            [DEBUG  ]  Ignoring file as matched an ignore pattern: 180404_S46_R2_001_fastqc.html
[2019-07-16 16:04:46,761] multiqc                                            [DEBUG  ]  Ignoring file as matched an ignore pattern: 180407_S49_R2_001_fastqc.html
[2019-07-16 16:04:46,761] multiqc                                            [DEBUG  ]  Ignoring file as matched an ignore pattern: 180407_S49_R1_001_fastqc.html
[2019-07-16 16:04:46,761] multiqc                                            [DEBUG  ]  Ignoring file as matched an ignore pattern: 180405_S47_R1_001_fastqc.html
[2019-07-16 16:04:46,761] multiqc                                            [DEBUG  ]  Ignoring file as matched an ignore pattern: 180409_S51_R1_001_fastqc.html
[2019-07-16 16:04:46,762] multiqc                                            [DEBUG  ]  Ignoring file as matched an ignore pattern: 180405_S47_R2_001_fastqc.html
[2019-07-16 16:04:46,762] multiqc                                            [DEBUG  ]  Ignoring file as matched an ignore pattern: 180409_S51_R2_001_fastqc.html
[2019-07-16 16:04:46,763] multiqc                                            [DEBUG  ]  Ignoring file as matched an ignore pattern: 180429_S55_R2_001_fastqc.html
[2019-07-16 16:04:46,763] multiqc                                            [DEBUG  ]  Ignoring file as matched an ignore pattern: 180429_S55_R1_001_fastqc.html
[2019-07-16 16:04:46,763] multiqc                                            [DEBUG  ]  Ignoring file as matched an ignore pattern: 180428_S54_R1_001_fastqc.html
[2019-07-16 16:04:46,764] multiqc                                            [DEBUG  ]  Ignoring file as matched an ignore pattern: 180428_S54_R2_001_fastqc.html
[2019-07-16 16:04:46,764] multiqc                                            [DEBUG  ]  Ignoring file as matched an ignore pattern: 180413_S53_R1_001_fastqc.html
[2019-07-16 16:04:46,764] multiqc                                            [DEBUG  ]  Ignoring file as matched an ignore pattern: 180413_S53_R2_001_fastqc.html
[2019-07-16 16:04:46,765] multiqc                                            [DEBUG  ]  Ignoring file as matched an ignore pattern: 180408_S50_R2_001_fastqc.html
[2019-07-16 16:04:46,765] multiqc                                            [DEBUG  ]  Ignoring file as matched an ignore pattern: 180408_S50_R1_001_fastqc.html
[2019-07-16 16:04:46,765] multiqc                                            [DEBUG  ]  Ignoring file as matched an ignore pattern: 180440_S61_R1_001_fastqc.html
[2019-07-16 16:04:46,766] multiqc                                            [DEBUG  ]  Ignoring file as matched an ignore pattern: 180440_S61_R2_001_fastqc.html
[2019-07-16 16:04:46,767] multiqc                                            [DEBUG  ]  Ignoring file as matched an ignore pattern: 180441_S62_R1_001_fastqc.html
[2019-07-16 16:04:46,767] multiqc                                            [DEBUG  ]  Ignoring file as matched an ignore pattern: 180412_S52_R2_001_fastqc.html
[2019-07-16 16:04:46,767] multiqc                                            [DEBUG  ]  Ignoring file as matched an ignore pattern: 180441_S62_R2_001_fastqc.html
[2019-07-16 16:04:46,768] multiqc                                            [DEBUG  ]  Ignoring file as matched an ignore pattern: 180412_S52_R1_001_fastqc.html
[2019-07-16 16:04:46,768] multiqc                                            [DEBUG  ]  Ignoring file as matched an ignore pattern: 180437_S58_R1_001_fastqc.html
[2019-07-16 16:04:46,768] multiqc                                            [DEBUG  ]  Ignoring file as matched an ignore pattern: 180437_S58_R2_001_fastqc.html
[2019-07-16 16:04:46,768] multiqc                                            [DEBUG  ]  Ignoring file as matched an ignore pattern: 180431_S56_R1_001_fastqc.html
[2019-07-16 16:04:46,768] multiqc                                            [DEBUG  ]  Ignoring file as matched an ignore pattern: 180431_S56_R2_001_fastqc.html
[2019-07-16 16:04:46,769] multiqc                                            [DEBUG  ]  Ignoring file as matched an ignore pattern: 180434_S57_R1_001_fastqc.html
[2019-07-16 16:04:46,769] multiqc                                            [DEBUG  ]  Ignoring file as matched an ignore pattern: 180434_S57_R2_001_fastqc.html
[2019-07-16 16:04:46,769] multiqc                                            [DEBUG  ]  Ignoring file as matched an ignore pattern: 180439_S60_R2_001_fastqc.html
[2019-07-16 16:04:46,770] multiqc                                            [DEBUG  ]  Ignoring file as matched an ignore pattern: 180439_S60_R1_001_fastqc.html
[2019-07-16 16:04:46,770] multiqc                                            [DEBUG  ]  Ignoring file as matched an ignore pattern: 180443_S64_R1_001_fastqc.html
[2019-07-16 16:04:46,771] multiqc                                            [DEBUG  ]  Ignoring file as matched an ignore pattern: 180443_S64_R2_001_fastqc.html
[2019-07-16 16:04:46,771] multiqc                                            [DEBUG  ]  Ignoring file as matched an ignore pattern: 180445_S67_R1_001_fastqc.html
[2019-07-16 16:04:46,772] multiqc                                            [DEBUG  ]  Ignoring file as matched an ignore pattern: 180438_S59_R1_001_fastqc.html
[2019-07-16 16:04:46,772] multiqc                                            [DEBUG  ]  Ignoring file as matched an ignore pattern: 180445_S67_R2_001_fastqc.html
[2019-07-16 16:04:46,773] multiqc                                            [DEBUG  ]  Ignoring file as matched an ignore pattern: 180442_S63_R2_001_fastqc.html
[2019-07-16 16:04:46,773] multiqc                                            [DEBUG  ]  Ignoring file as matched an ignore pattern: 180438_S59_R2_001_fastqc.html
[2019-07-16 16:04:46,773] multiqc                                            [DEBUG  ]  Ignoring file as matched an ignore pattern: 180442_S63_R1_001_fastqc.html
[2019-07-16 16:04:46,774] multiqc                                            [DEBUG  ]  Ignoring file as matched an ignore pattern: 180446_S68_R1_001_fastqc.html
[2019-07-16 16:04:46,774] multiqc                                            [DEBUG  ]  Ignoring file as matched an ignore pattern: 180449_S69_R1_001_fastqc.html
[2019-07-16 16:04:46,774] multiqc                                            [DEBUG  ]  Ignoring file as matched an ignore pattern: 180446_S68_R2_001_fastqc.html
[2019-07-16 16:04:46,774] multiqc                                            [DEBUG  ]  Ignoring file as matched an ignore pattern: 180451_S70_R1_001_fastqc.html
[2019-07-16 16:04:46,775] multiqc                                            [DEBUG  ]  Ignoring file as matched an ignore pattern: 180452_S71_R1_001_fastqc.html
[2019-07-16 16:04:46,775] multiqc                                            [DEBUG  ]  Ignoring file as matched an ignore pattern: 180444_S65_R1_001_fastqc.html
[2019-07-16 16:04:46,775] multiqc                                            [DEBUG  ]  Ignoring file as matched an ignore pattern: 180449_S69_R2_001_fastqc.html
[2019-07-16 16:04:46,775] multiqc                                            [DEBUG  ]  Ignoring file as matched an ignore pattern: 180452_S71_R2_001_fastqc.html
[2019-07-16 16:04:46,775] multiqc                                            [DEBUG  ]  Ignoring file as matched an ignore pattern: 180451_S70_R2_001_fastqc.html
[2019-07-16 16:04:46,776] multiqc                                            [DEBUG  ]  Ignoring file as matched an ignore pattern: 180444_S65_R2_001_fastqc.html
[2019-07-16 16:04:46,776] multiqc                                            [DEBUG  ]  Ignoring file as matched an ignore pattern: 180454_S72_R1_001_fastqc.html
[2019-07-16 16:04:46,777] multiqc                                            [DEBUG  ]  Ignoring file as matched an ignore pattern: 180454_S72_R2_001_fastqc.html
[2019-07-16 16:04:46,777] multiqc                                            [DEBUG  ]  Ignoring file as matched an ignore pattern: 180462_S76_R1_001_fastqc.html
[2019-07-16 16:04:46,777] multiqc                                            [DEBUG  ]  Ignoring file as matched an ignore pattern: 180462_S76_R2_001_fastqc.html
[2019-07-16 16:04:46,778] multiqc                                            [DEBUG  ]  Ignoring file as matched an ignore pattern: 180456_S73_R1_001_fastqc.html
[2019-07-16 16:04:46,778] multiqc                                            [DEBUG  ]  Ignoring file as matched an ignore pattern: 180470_S80_R1_001_fastqc.html
[2019-07-16 16:04:46,779] multiqc                                            [DEBUG  ]  Ignoring file as matched an ignore pattern: 180456_S73_R2_001_fastqc.html
[2019-07-16 16:04:46,779] multiqc                                            [DEBUG  ]  Ignoring file as matched an ignore pattern: 180463_S77_R1_001_fastqc.html
[2019-07-16 16:04:46,779] multiqc                                            [DEBUG  ]  Ignoring file as matched an ignore pattern: 180460_S75_R1_001_fastqc.html
[2019-07-16 16:04:46,779] multiqc                                            [DEBUG  ]  Ignoring file as matched an ignore pattern: 180470_S80_R2_001_fastqc.html
[2019-07-16 16:04:46,779] multiqc                                            [DEBUG  ]  Ignoring file as matched an ignore pattern: 180460_S75_R2_001_fastqc.html
[2019-07-16 16:04:46,779] multiqc                                            [DEBUG  ]  Ignoring file as matched an ignore pattern: 180463_S77_R2_001_fastqc.html
[2019-07-16 16:04:46,781] multiqc                                            [DEBUG  ]  Ignoring file as matched an ignore pattern: 180473_S82_R1_001_fastqc.html
[2019-07-16 16:04:46,781] multiqc                                            [DEBUG  ]  Ignoring file as matched an ignore pattern: 180458_S74_R2_001_fastqc.html
[2019-07-16 16:04:46,782] multiqc                                            [DEBUG  ]  Ignoring file as matched an ignore pattern: 180473_S82_R2_001_fastqc.html
[2019-07-16 16:04:46,782] multiqc                                            [DEBUG  ]  Ignoring file as matched an ignore pattern: 180458_S74_R1_001_fastqc.html
[2019-07-16 16:04:46,782] multiqc                                            [DEBUG  ]  Ignoring file as matched an ignore pattern: 180477_S85_R1_001_fastqc.html
[2019-07-16 16:04:46,783] multiqc                                            [DEBUG  ]  Ignoring file as matched an ignore pattern: 180477_S85_R2_001_fastqc.html
[2019-07-16 16:04:46,783] multiqc                                            [DEBUG  ]  Ignoring file as matched an ignore pattern: 180464_S78_R1_001_fastqc.html
[2019-07-16 16:04:46,784] multiqc                                            [DEBUG  ]  Ignoring file as matched an ignore pattern: 180472_S81_R1_001_fastqc.html
[2019-07-16 16:04:46,784] multiqc                                            [DEBUG  ]  Ignoring file as matched an ignore pattern: 180478_S86_R1_001_fastqc.html
[2019-07-16 16:04:46,784] multiqc                                            [DEBUG  ]  Ignoring file as matched an ignore pattern: 180464_S78_R2_001_fastqc.html
[2019-07-16 16:04:46,785] multiqc                                            [DEBUG  ]  Ignoring file as matched an ignore pattern: 180478_S86_R2_001_fastqc.html
[2019-07-16 16:04:46,785] multiqc                                            [DEBUG  ]  Ignoring file as matched an ignore pattern: 180472_S81_R2_001_fastqc.html
[2019-07-16 16:04:46,785] multiqc                                            [DEBUG  ]  Ignoring file as matched an ignore pattern: 180480_S87_R1_001_fastqc.html
[2019-07-16 16:04:46,785] multiqc                                            [DEBUG  ]  Ignoring file as matched an ignore pattern: 180480_S87_R2_001_fastqc.html
[2019-07-16 16:04:46,786] multiqc                                            [DEBUG  ]  Ignoring file as matched an ignore pattern: 180482_S88_R1_001_fastqc.html
[2019-07-16 16:04:46,786] multiqc                                            [DEBUG  ]  Ignoring file as matched an ignore pattern: 180482_S88_R2_001_fastqc.html
[2019-07-16 16:04:46,786] multiqc                                            [DEBUG  ]  Ignoring file as matched an ignore pattern: 180475_S83_R1_001_fastqc.html
[2019-07-16 16:04:46,786] multiqc                                            [DEBUG  ]  Ignoring file as matched an ignore pattern: 180476_S84_R1_001_fastqc.html
[2019-07-16 16:04:46,786] multiqc                                            [DEBUG  ]  Ignoring file as matched an ignore pattern: 180475_S83_R2_001_fastqc.html
[2019-07-16 16:04:46,787] multiqc                                            [DEBUG  ]  Ignoring file as matched an ignore pattern: 180476_S84_R2_001_fastqc.html
[2019-07-16 16:04:46,787] multiqc                                            [DEBUG  ]  Ignoring file as matched an ignore pattern: 180487_S89_R1_001_fastqc.html
[2019-07-16 16:04:46,787] multiqc                                            [DEBUG  ]  Ignoring file as matched an ignore pattern: 180487_S89_R2_001_fastqc.html
[2019-07-16 16:04:46,788] multiqc                                            [DEBUG  ]  Ignoring file as matched an ignore pattern: 180467_S79_R2_001_fastqc.html
[2019-07-16 16:04:46,788] multiqc                                            [DEBUG  ]  Ignoring file as matched an ignore pattern: 180467_S79_R1_001_fastqc.html
[2019-07-16 16:04:46,788] multiqc                                            [DEBUG  ]  Ignoring file as matched an ignore pattern: 180501_S93_R2_001_fastqc.html
[2019-07-16 16:04:46,788] multiqc                                            [DEBUG  ]  Ignoring file as matched an ignore pattern: 180501_S93_R1_001_fastqc.html
[2019-07-16 16:04:46,789] multiqc                                            [DEBUG  ]  Ignoring file as matched an ignore pattern: SiHa_S96_R1_001_fastqc.html
[2019-07-16 16:04:46,789] multiqc                                            [DEBUG  ]  Ignoring file as matched an ignore pattern: 180493_S92_R1_001_fastqc.html
[2019-07-16 16:04:46,790] multiqc                                            [DEBUG  ]  Ignoring file as matched an ignore pattern: SiHa_S96_R2_001_fastqc.html
[2019-07-16 16:04:46,791] multiqc                                            [DEBUG  ]  Ignoring file as matched an ignore pattern: 180493_S92_R2_001_fastqc.html
[2019-07-16 16:04:46,791] multiqc                                            [DEBUG  ]  Ignoring file as matched an ignore pattern: 180491_S91_R1_001_fastqc.html
[2019-07-16 16:04:46,791] multiqc                                            [DEBUG  ]  Ignoring file as matched an ignore pattern: HeLa_S33_R1_001_fastqc.html
[2019-07-16 16:04:46,791] multiqc                                            [DEBUG  ]  Ignoring file as matched an ignore pattern: 180504_S95_R1_001_fastqc.html
[2019-07-16 16:04:46,792] multiqc                                            [DEBUG  ]  Ignoring file as matched an ignore pattern: 180491_S91_R2_001_fastqc.html
[2019-07-16 16:04:46,792] multiqc                                            [DEBUG  ]  Ignoring file as matched an ignore pattern: HeLa_S33_R2_001_fastqc.html
[2019-07-16 16:04:46,792] multiqc                                            [DEBUG  ]  Ignoring file as matched an ignore pattern: 180489_S90_R1_001_fastqc.html
[2019-07-16 16:04:46,792] multiqc                                            [DEBUG  ]  Ignoring file as matched an ignore pattern: 180489_S90_R2_001_fastqc.html
[2019-07-16 16:04:46,793] multiqc                                            [DEBUG  ]  Ignoring file as matched an ignore pattern: 180504_S95_R2_001_fastqc.html
[2019-07-16 16:04:46,793] multiqc                                            [DEBUG  ]  Ignoring file as matched an ignore pattern: 180503_S94_R2_001_fastqc.html
[2019-07-16 16:04:46,793] multiqc                                            [DEBUG  ]  Ignoring file as matched an ignore pattern: 180503_S94_R1_001_fastqc.html
[2019-07-16 16:04:46,793] multiqc                                            [DEBUG  ]  Ignoring file as matched an ignore pattern: LKP31_S66_R2_001_fastqc.html
[2019-07-16 16:04:46,794] multiqc                                            [DEBUG  ]  Ignoring file as matched an ignore pattern: LKP31_S66_R1_001_fastqc.html
[2019-07-16 16:04:46,794] multiqc                                            [DEBUG  ]  Ignoring file as matched an ignore pattern: Undetermined_S0_R1_001_fastqc.html
[2019-07-16 16:04:46,794] multiqc                                            [DEBUG  ]  Ignoring file as matched an ignore pattern: Undetermined_S0_R2_001_fastqc.html
[2019-07-16 16:04:48,221] multiqc                                            [DEBUG  ]  No samples found: custom_content
[2019-07-16 16:04:48,300] multiqc                                            [DEBUG  ]  No samples found: conpair
[2019-07-16 16:04:48,325] multiqc                                            [DEBUG  ]  No samples found: peddy
[2019-07-16 16:04:48,374] multiqc                                            [DEBUG  ]  No samples found: methylQA
[2019-07-16 16:04:48,402] multiqc                                            [DEBUG  ]  No samples found: phantompeakqualtools
[2019-07-16 16:04:48,436] multiqc                                            [DEBUG  ]  No samples found: qualimap
[2019-07-16 16:04:48,464] multiqc                                            [DEBUG  ]  No samples found: preseq
[2019-07-16 16:04:48,479] multiqc                                            [DEBUG  ]  No samples found: quast
[2019-07-16 16:04:48,498] multiqc                                            [DEBUG  ]  No samples found: qorts
[2019-07-16 16:04:48,540] multiqc                                            [DEBUG  ]  No samples found: rna_seqc
[2019-07-16 16:04:48,567] multiqc                                            [DEBUG  ]  No samples found: rsem
[2019-07-16 16:04:48,680] multiqc                                            [DEBUG  ]  No samples found: rseqc
[2019-07-16 16:04:48,704] multiqc                                            [DEBUG  ]  No samples found: busco
[2019-07-16 16:04:48,730] multiqc                                            [DEBUG  ]  No samples found: goleft_indexcov
[2019-07-16 16:04:48,760] multiqc                                            [DEBUG  ]  No samples found: disambiguate
[2019-07-16 16:04:48,802] multiqc                                            [DEBUG  ]  No samples found: supernova
[2019-07-16 16:04:48,849] multiqc                                            [DEBUG  ]  No samples found: deeptools
[2019-07-16 16:04:48,870] multiqc                                            [DEBUG  ]  No samples found: sargasso
[2019-07-16 16:04:48,899] multiqc                                            [DEBUG  ]  No samples found: verifybamid
[2019-07-16 16:04:48,934] multiqc                                            [DEBUG  ]  No samples found: mirtrace
[2019-07-16 16:04:48,956] multiqc                                            [DEBUG  ]  No samples found: happy
[2019-07-16 16:04:48,992] multiqc                                            [DEBUG  ]  No samples found: homer
[2019-07-16 16:04:49,011] multiqc                                            [DEBUG  ]  No samples found: macs2
[2019-07-16 16:04:49,041] multiqc                                            [DEBUG  ]  No samples found: theta2
[2019-07-16 16:04:49,088] multiqc                                            [DEBUG  ]  No samples found: snpeff
[2019-07-16 16:04:49,109] multiqc                                            [DEBUG  ]  No samples found: gatk
[2019-07-16 16:04:49,143] multiqc                                            [DEBUG  ]  No samples found: htseq
[2019-07-16 16:04:49,171] multiqc                                            [DEBUG  ]  No samples found: bcftools
[2019-07-16 16:04:49,198] multiqc                                            [DEBUG  ]  No samples found: featureCounts
[2019-07-16 16:04:49,227] multiqc                                            [DEBUG  ]  No samples found: dedup
[2019-07-16 16:04:49,251] multiqc                                            [DEBUG  ]  No samples found: damageprofiler
[2019-07-16 16:04:49,365] multiqc                                            [DEBUG  ]  No samples found: picard
[2019-07-16 16:04:49,392] multiqc                                            [DEBUG  ]  No samples found: prokka
[2019-07-16 16:04:49,409] multiqc                                            [DEBUG  ]  No samples found: samblaster
[2019-07-16 16:04:49,444] multiqc                                            [DEBUG  ]  No samples found: samtools
[2019-07-16 16:04:49,470] multiqc                                            [DEBUG  ]  No samples found: bamtools
[2019-07-16 16:04:49,494] multiqc                                            [DEBUG  ]  No samples found: jellyfish
[2019-07-16 16:04:49,519] multiqc                                            [DEBUG  ]  No samples found: vcftools
[2019-07-16 16:04:49,602] multiqc                                            [DEBUG  ]  No samples found: longranger
[2019-07-16 16:04:49,624] multiqc                                            [DEBUG  ]  No samples found: stacks
[2019-07-16 16:04:49,712] multiqc                                            [DEBUG  ]  No samples found: bbmap
[2019-07-16 16:04:49,726] multiqc                                            [DEBUG  ]  No samples found: bismark
[2019-07-16 16:04:49,745] multiqc                                            [DEBUG  ]  No samples found: biscuit
[2019-07-16 16:04:49,776] multiqc                                            [DEBUG  ]  No samples found: hicexplorer
[2019-07-16 16:04:49,791] multiqc                                            [DEBUG  ]  No samples found: hicup
[2019-07-16 16:04:49,826] multiqc                                            [DEBUG  ]  No samples found: hicpro
[2019-07-16 16:04:49,853] multiqc                                            [DEBUG  ]  No samples found: salmon
[2019-07-16 16:04:49,881] multiqc                                            [DEBUG  ]  No samples found: kallisto
[2019-07-16 16:04:49,908] multiqc                                            [DEBUG  ]  No samples found: slamdunk
[2019-07-16 16:04:49,934] multiqc                                            [DEBUG  ]  No samples found: star
[2019-07-16 16:04:49,952] multiqc                                            [DEBUG  ]  No samples found: hisat2
[2019-07-16 16:04:49,962] multiqc                                            [DEBUG  ]  No samples found: tophat
[2019-07-16 16:04:49,999] multiqc                                            [DEBUG  ]  No samples found: bowtie2
[2019-07-16 16:04:50,015] multiqc                                            [DEBUG  ]  No samples found: bowtie1
[2019-07-16 16:04:50,042] multiqc                                            [DEBUG  ]  No samples found: kat
[2019-07-16 16:04:50,059] multiqc                                            [DEBUG  ]  No samples found: leehom
[2019-07-16 16:04:50,081] multiqc                                            [DEBUG  ]  No samples found: adapterRemoval
[2019-07-16 16:04:50,099] multiqc                                            [DEBUG  ]  No samples found: clipandmerge
[2019-07-16 16:04:50,135] multiqc                                            [DEBUG  ]  No samples found: cutadapt
[2019-07-16 16:04:50,163] multiqc                                            [DEBUG  ]  No samples found: flexbar
[2019-07-16 16:04:50,196] multiqc                                            [DEBUG  ]  No samples found: trimmomatic
[2019-07-16 16:04:50,214] multiqc                                            [DEBUG  ]  No samples found: skewer
[2019-07-16 16:04:50,231] multiqc                                            [DEBUG  ]  No samples found: sortmerna
[2019-07-16 16:04:50,241] multiqc                                            [DEBUG  ]  No samples found: biobloomtools
[2019-07-16 16:04:50,257] multiqc                                            [DEBUG  ]  No samples found: fastq_screen
[2019-07-16 16:04:50,291] multiqc                                            [DEBUG  ]  No samples found: afterqc
[2019-07-16 16:04:50,318] multiqc                                            [DEBUG  ]  No samples found: fastp
[2019-07-16 16:04:58,876] multiqc.modules.fastqc.fastqc                      [INFO   ]  Found 194 reports
[2019-07-16 16:05:23,479] multiqc                                            [DEBUG  ]  No samples found: minionqc
[2019-07-16 16:05:23,503] multiqc                                            [DEBUG  ]  No samples found: clusterflow
[2019-07-16 16:05:23,534] multiqc                                            [DEBUG  ]  No samples found: bcl2fastq
[2019-07-16 16:05:23,570] multiqc                                            [DEBUG  ]  No samples found: interop
[2019-07-16 16:05:23,593] multiqc                                            [DEBUG  ]  No samples found: flash
[2019-07-16 16:05:23,989] multiqc                                            [INFO   ]  Compressing plot data
[2019-07-16 16:05:24,015] multiqc                                            [INFO   ]  Report      : multiqc_report.html
[2019-07-16 16:05:24,016] multiqc                                            [INFO   ]  Data        : multiqc_data
[2019-07-16 16:05:24,017] multiqc                                            [DEBUG  ]  Moving data file from '/tmp/tmptw69j794/multiqc_data/multiqc_fastqc.txt' to '/data/projects/mdc-971/data_from_June_2019/01.fastqc/multiqc_data'
[2019-07-16 16:05:24,022] multiqc                                            [DEBUG  ]  Moving data file from '/tmp/tmptw69j794/multiqc_data/mqc_fastqc_sequence_counts_plot_1.txt' to '/data/projects/mdc-971/data_from_June_2019/01.fastqc/multiqc_data'
[2019-07-16 16:05:24,025] multiqc                                            [DEBUG  ]  Moving data file from '/tmp/tmptw69j794/multiqc_data/mqc_fastqc_per_base_sequence_quality_plot_1.txt' to '/data/projects/mdc-971/data_from_June_2019/01.fastqc/multiqc_data'
[2019-07-16 16:05:24,033] multiqc                                            [DEBUG  ]  Moving data file from '/tmp/tmptw69j794/multiqc_data/mqc_fastqc_per_sequence_quality_scores_plot_1.txt' to '/data/projects/mdc-971/data_from_June_2019/01.fastqc/multiqc_data'
[2019-07-16 16:05:24,038] multiqc                                            [DEBUG  ]  Moving data file from '/tmp/tmptw69j794/multiqc_data/mqc_fastqc_per_sequence_gc_content_plot_Percentages.txt' to '/data/projects/mdc-971/data_from_June_2019/01.fastqc/multiqc_data'
[2019-07-16 16:05:24,051] multiqc                                            [DEBUG  ]  Moving data file from '/tmp/tmptw69j794/multiqc_data/mqc_fastqc_per_sequence_gc_content_plot_Counts.txt' to '/data/projects/mdc-971/data_from_June_2019/01.fastqc/multiqc_data'
[2019-07-16 16:05:24,054] multiqc                                            [DEBUG  ]  Moving data file from '/tmp/tmptw69j794/multiqc_data/mqc_fastqc_per_base_n_content_plot_1.txt' to '/data/projects/mdc-971/data_from_June_2019/01.fastqc/multiqc_data'
[2019-07-16 16:05:24,056] multiqc                                            [DEBUG  ]  Moving data file from '/tmp/tmptw69j794/multiqc_data/mqc_fastqc_sequence_duplication_levels_plot_1.txt' to '/data/projects/mdc-971/data_from_June_2019/01.fastqc/multiqc_data'
[2019-07-16 16:05:24,061] multiqc                                            [DEBUG  ]  Moving data file from '/tmp/tmptw69j794/multiqc_data/mqc_fastqc_overrepresented_sequencesi_plot_1.txt' to '/data/projects/mdc-971/data_from_June_2019/01.fastqc/multiqc_data'
[2019-07-16 16:05:24,063] multiqc                                            [DEBUG  ]  Moving data file from '/tmp/tmptw69j794/multiqc_data/multiqc_general_stats.txt' to '/data/projects/mdc-971/data_from_June_2019/01.fastqc/multiqc_data'
[2019-07-16 16:05:24,065] multiqc                                            [DEBUG  ]  Moving data file from '/tmp/tmptw69j794/multiqc_data/multiqc_sources.txt' to '/data/projects/mdc-971/data_from_June_2019/01.fastqc/multiqc_data'
[2019-07-16 16:05:24,068] multiqc                                            [DEBUG  ]  Moving data file from '/tmp/tmptw69j794/multiqc_data/multiqc_data.json' to '/data/projects/mdc-971/data_from_June_2019/01.fastqc/multiqc_data'
[2019-07-16 16:05:24,551] multiqc                                            [INFO   ]  MultiQC complete
