[2019-09-20 14:42:44,031] multiqc                                            [DEBUG  ]  No MultiQC config found: /data/home/kchoudha/miniconda3/envs/kc_env/lib/python3.5/site-packages/multiqc_config.yaml
[2019-09-20 14:42:44,031] multiqc                                            [DEBUG  ]  No MultiQC config found: /data/home/kchoudha/.multiqc_config.yaml
[2019-09-20 14:42:44,031] multiqc                                            [DEBUG  ]  No MultiQC config found: multiqc_config.yaml
[2019-09-20 14:42:44,032] multiqc                                            [DEBUG  ]  Command used: /data/home/kchoudha/miniconda3/envs/kc_env/bin/multiqc .
[2019-09-20 14:42:45,442] multiqc                                            [DEBUG  ]  Latest MultiQC version is v1.7
[2019-09-20 14:42:45,442] multiqc                                            [INFO   ]  This is MultiQC v1.7
[2019-09-20 14:42:45,442] multiqc                                            [DEBUG  ]  Command     : /data/home/kchoudha/miniconda3/envs/kc_env/bin/multiqc .
[2019-09-20 14:42:45,442] multiqc                                            [DEBUG  ]  Working dir : /data/projects/mdc-971/data_from_June_2019/120.merged_all_qc
[2019-09-20 14:42:45,442] multiqc                                            [INFO   ]  Template    : default
[2019-09-20 14:42:45,442] multiqc                                            [INFO   ]  Searching '.'
[2019-09-20 14:42:45,443] multiqc                                            [DEBUG  ]  Analysing modules: custom_content, conpair, peddy, methylQA, phantompeakqualtools, qualimap, preseq, quast, qorts, rna_seqc, rsem, rseqc, busco, goleft_indexcov, disambiguate, supernova, deeptools, sargasso, verifybamid, mirtrace, happy, homer, macs2, theta2, snpeff, gatk, htseq, bcftools, featureCounts, dedup, damageprofiler, picard, prokka, samblaster, samtools, bamtools, jellyfish, vcftools, longranger, stacks, bbmap, bismark, biscuit, hicexplorer, hicup, hicpro, salmon, kallisto, slamdunk, star, hisat2, tophat, bowtie2, bowtie1, kat, leehom, adapterRemoval, clipandmerge, cutadapt, flexbar, trimmomatic, skewer, sortmerna, biobloomtools, fastq_screen, afterqc, fastp, fastqc, minionqc, clusterflow, bcl2fastq, interop, flash
[2019-09-20 14:42:45,443] multiqc                                            [DEBUG  ]  Using temporary directory for creating report: /tmp/tmpm378d31p
[2019-09-20 14:42:45,677] multiqc                                            [DEBUG  ]  Ignoring file as matched an ignore pattern: 180342_S6.assembled_fastqc.html
[2019-09-20 14:42:45,677] multiqc                                            [DEBUG  ]  Ignoring file as matched an ignore pattern: 180335_S1.assembled_fastqc.html
[2019-09-20 14:42:45,677] multiqc                                            [DEBUG  ]  Ignoring file as matched an ignore pattern: 180339_S4.assembled_fastqc.html
[2019-09-20 14:42:45,677] multiqc                                            [DEBUG  ]  Ignoring file as matched an ignore pattern: 180344_S8.assembled_fastqc.html
[2019-09-20 14:42:45,677] multiqc                                            [DEBUG  ]  Ignoring file as matched an ignore pattern: 180350_S12.assembled_fastqc.html
[2019-09-20 14:42:45,678] multiqc                                            [DEBUG  ]  Ignoring file as matched an ignore pattern: 180336_S2.assembled_fastqc.html
[2019-09-20 14:42:45,678] multiqc                                            [DEBUG  ]  Ignoring file as matched an ignore pattern: 180352_S14.assembled_fastqc.html
[2019-09-20 14:42:45,679] multiqc                                            [DEBUG  ]  Ignoring file as matched an ignore pattern: 180338_S3.assembled_fastqc.html
[2019-09-20 14:42:45,679] multiqc                                            [DEBUG  ]  Ignoring file as matched an ignore pattern: 180343_S7.assembled_fastqc.html
[2019-09-20 14:42:45,679] multiqc                                            [DEBUG  ]  Ignoring file as matched an ignore pattern: 180354_S16.assembled_fastqc.html
[2019-09-20 14:42:45,680] multiqc                                            [DEBUG  ]  Ignoring file as matched an ignore pattern: 180351_S13.assembled_fastqc.html
[2019-09-20 14:42:45,680] multiqc                                            [DEBUG  ]  Ignoring file as matched an ignore pattern: 180353_S15.assembled_fastqc.html
[2019-09-20 14:42:45,681] multiqc                                            [DEBUG  ]  Ignoring file as matched an ignore pattern: 180359_S21.assembled_fastqc.html
[2019-09-20 14:42:45,682] multiqc                                            [DEBUG  ]  Ignoring file as matched an ignore pattern: 180348_S11.assembled_fastqc.html
[2019-09-20 14:42:45,682] multiqc                                            [DEBUG  ]  Ignoring file as matched an ignore pattern: 180347_S10.assembled_fastqc.html
[2019-09-20 14:42:45,684] multiqc                                            [DEBUG  ]  Ignoring file as matched an ignore pattern: 180340_S5.assembled_fastqc.html
[2019-09-20 14:42:45,684] multiqc                                            [DEBUG  ]  Ignoring file as matched an ignore pattern: 180358_S20.assembled_fastqc.html
[2019-09-20 14:42:45,685] multiqc                                            [DEBUG  ]  Ignoring file as matched an ignore pattern: 180355_S17.assembled_fastqc.html
[2019-09-20 14:42:45,685] multiqc                                            [DEBUG  ]  Ignoring file as matched an ignore pattern: 180356_S18.assembled_fastqc.html
[2019-09-20 14:42:45,685] multiqc                                            [DEBUG  ]  Ignoring file as matched an ignore pattern: 180357_S19.assembled_fastqc.html
[2019-09-20 14:42:45,685] multiqc                                            [DEBUG  ]  Ignoring file as matched an ignore pattern: 180363_S24.assembled_fastqc.html
[2019-09-20 14:42:45,686] multiqc                                            [DEBUG  ]  Ignoring file as matched an ignore pattern: 180345_S9.assembled_fastqc.html
[2019-09-20 14:42:45,686] multiqc                                            [DEBUG  ]  Ignoring file as matched an ignore pattern: 180369_S29.assembled_fastqc.html
[2019-09-20 14:42:45,686] multiqc                                            [DEBUG  ]  Ignoring file as matched an ignore pattern: 180367_S27.assembled_fastqc.html
[2019-09-20 14:42:45,686] multiqc                                            [DEBUG  ]  Ignoring file as matched an ignore pattern: 180375_S32.assembled_fastqc.html
[2019-09-20 14:42:45,686] multiqc                                            [DEBUG  ]  Ignoring file as matched an ignore pattern: 180366_S26.assembled_fastqc.html
[2019-09-20 14:42:45,687] multiqc                                            [DEBUG  ]  Ignoring file as matched an ignore pattern: 180362_S23.assembled_fastqc.html
[2019-09-20 14:42:45,687] multiqc                                            [DEBUG  ]  Ignoring file as matched an ignore pattern: 180361_S22.assembled_fastqc.html
[2019-09-20 14:42:45,687] multiqc                                            [DEBUG  ]  Ignoring file as matched an ignore pattern: 180373_S31.assembled_fastqc.html
[2019-09-20 14:42:45,688] multiqc                                            [DEBUG  ]  Ignoring file as matched an ignore pattern: 180368_S28.assembled_fastqc.html
[2019-09-20 14:42:45,688] multiqc                                            [DEBUG  ]  Ignoring file as matched an ignore pattern: 180365_S25.assembled_fastqc.html
[2019-09-20 14:42:45,691] multiqc                                            [DEBUG  ]  Ignoring file as matched an ignore pattern: 180381_S36.assembled_fastqc.html
[2019-09-20 14:42:45,692] multiqc                                            [DEBUG  ]  Ignoring file as matched an ignore pattern: 180403_S45.assembled_fastqc.html
[2019-09-20 14:42:45,692] multiqc                                            [DEBUG  ]  Ignoring file as matched an ignore pattern: 180379_S35.assembled_fastqc.html
[2019-09-20 14:42:45,693] multiqc                                            [DEBUG  ]  Ignoring file as matched an ignore pattern: 180399_S44.assembled_fastqc.html
[2019-09-20 14:42:45,693] multiqc                                            [DEBUG  ]  Ignoring file as matched an ignore pattern: 180398_S43.assembled_fastqc.html
[2019-09-20 14:42:45,694] multiqc                                            [DEBUG  ]  Ignoring file as matched an ignore pattern: 180372_S30.assembled_fastqc.html
[2019-09-20 14:42:45,694] multiqc                                            [DEBUG  ]  Ignoring file as matched an ignore pattern: 180404_S46.assembled_fastqc.html
[2019-09-20 14:42:45,694] multiqc                                            [DEBUG  ]  Ignoring file as matched an ignore pattern: 180393_S40.assembled_fastqc.html
[2019-09-20 14:42:45,694] multiqc                                            [DEBUG  ]  Ignoring file as matched an ignore pattern: 180384_S38.assembled_fastqc.html
[2019-09-20 14:42:45,695] multiqc                                            [DEBUG  ]  Ignoring file as matched an ignore pattern: 180406_S48.assembled_fastqc.html
[2019-09-20 14:42:45,695] multiqc                                            [DEBUG  ]  Ignoring file as matched an ignore pattern: 180382_S37.assembled_fastqc.html
[2019-09-20 14:42:45,695] multiqc                                            [DEBUG  ]  Ignoring file as matched an ignore pattern: 180405_S47.assembled_fastqc.html
[2019-09-20 14:42:45,695] multiqc                                            [DEBUG  ]  Ignoring file as matched an ignore pattern: 180388_S39.assembled_fastqc.html
[2019-09-20 14:42:45,696] multiqc                                            [DEBUG  ]  Ignoring file as matched an ignore pattern: 180378_S34.assembled_fastqc.html
[2019-09-20 14:42:45,697] multiqc                                            [DEBUG  ]  Ignoring file as matched an ignore pattern: 180396_S41.assembled_fastqc.html
[2019-09-20 14:42:45,697] multiqc                                            [DEBUG  ]  Ignoring file as matched an ignore pattern: 180407_S49.assembled_fastqc.html
[2019-09-20 14:42:45,698] multiqc                                            [DEBUG  ]  Ignoring file as matched an ignore pattern: 180440_S61.assembled_fastqc.html
[2019-09-20 14:42:45,698] multiqc                                            [DEBUG  ]  Ignoring file as matched an ignore pattern: 180397_S42.assembled_fastqc.html
[2019-09-20 14:42:45,698] multiqc                                            [DEBUG  ]  Ignoring file as matched an ignore pattern: 180409_S51.assembled_fastqc.html
[2019-09-20 14:42:45,699] multiqc                                            [DEBUG  ]  Ignoring file as matched an ignore pattern: 180441_S62.assembled_fastqc.html
[2019-09-20 14:42:45,701] multiqc                                            [DEBUG  ]  Ignoring file as matched an ignore pattern: 180429_S55.assembled_fastqc.html
[2019-09-20 14:42:45,701] multiqc                                            [DEBUG  ]  Ignoring file as matched an ignore pattern: 180428_S54.assembled_fastqc.html
[2019-09-20 14:42:45,702] multiqc                                            [DEBUG  ]  Ignoring file as matched an ignore pattern: 180439_S60.assembled_fastqc.html
[2019-09-20 14:42:45,703] multiqc                                            [DEBUG  ]  Ignoring file as matched an ignore pattern: 180412_S52.assembled_fastqc.html
[2019-09-20 14:42:45,704] multiqc                                            [DEBUG  ]  Ignoring file as matched an ignore pattern: 180437_S58.assembled_fastqc.html
[2019-09-20 14:42:45,704] multiqc                                            [DEBUG  ]  Ignoring file as matched an ignore pattern: 180443_S64.assembled_fastqc.html
[2019-09-20 14:42:45,704] multiqc                                            [DEBUG  ]  Ignoring file as matched an ignore pattern: 180431_S56.assembled_fastqc.html
[2019-09-20 14:42:45,705] multiqc                                            [DEBUG  ]  Ignoring file as matched an ignore pattern: 180445_S67.assembled_fastqc.html
[2019-09-20 14:42:45,706] multiqc                                            [DEBUG  ]  Ignoring file as matched an ignore pattern: 180408_S50.assembled_fastqc.html
[2019-09-20 14:42:45,706] multiqc                                            [DEBUG  ]  Ignoring file as matched an ignore pattern: 180446_S68.assembled_fastqc.html
[2019-09-20 14:42:45,706] multiqc                                            [DEBUG  ]  Ignoring file as matched an ignore pattern: 180413_S53.assembled_fastqc.html
[2019-09-20 14:42:45,707] multiqc                                            [DEBUG  ]  Ignoring file as matched an ignore pattern: 180449_S69.assembled_fastqc.html
[2019-09-20 14:42:45,708] multiqc                                            [DEBUG  ]  Ignoring file as matched an ignore pattern: 180454_S72.assembled_fastqc.html
[2019-09-20 14:42:45,708] multiqc                                            [DEBUG  ]  Ignoring file as matched an ignore pattern: 180444_S65.assembled_fastqc.html
[2019-09-20 14:42:45,708] multiqc                                            [DEBUG  ]  Ignoring file as matched an ignore pattern: 180451_S70.assembled_fastqc.html
[2019-09-20 14:42:45,708] multiqc                                            [DEBUG  ]  Ignoring file as matched an ignore pattern: 180452_S71.assembled_fastqc.html
[2019-09-20 14:42:45,709] multiqc                                            [DEBUG  ]  Ignoring file as matched an ignore pattern: 180456_S73.assembled_fastqc.html
[2019-09-20 14:42:45,711] multiqc                                            [DEBUG  ]  Ignoring file as matched an ignore pattern: 180460_S75.assembled_fastqc.html
[2019-09-20 14:42:45,711] multiqc                                            [DEBUG  ]  Ignoring file as matched an ignore pattern: 180434_S57.assembled_fastqc.html
[2019-09-20 14:42:45,712] multiqc                                            [DEBUG  ]  Ignoring file as matched an ignore pattern: 180442_S63.assembled_fastqc.html
[2019-09-20 14:42:45,713] multiqc                                            [DEBUG  ]  Ignoring file as matched an ignore pattern: 180438_S59.assembled_fastqc.html
[2019-09-20 14:42:45,713] multiqc                                            [DEBUG  ]  Ignoring file as matched an ignore pattern: 180473_S82.assembled_fastqc.html
[2019-09-20 14:42:45,714] multiqc                                            [DEBUG  ]  Ignoring file as matched an ignore pattern: 180463_S77.assembled_fastqc.html
[2019-09-20 14:42:45,714] multiqc                                            [DEBUG  ]  Ignoring file as matched an ignore pattern: 180462_S76.assembled_fastqc.html
[2019-09-20 14:42:45,714] multiqc                                            [DEBUG  ]  Ignoring file as matched an ignore pattern: 180458_S74.assembled_fastqc.html
[2019-09-20 14:42:45,714] multiqc                                            [DEBUG  ]  Ignoring file as matched an ignore pattern: 180470_S80.assembled_fastqc.html
[2019-09-20 14:42:45,714] multiqc                                            [DEBUG  ]  Ignoring file as matched an ignore pattern: 180478_S86.assembled_fastqc.html
[2019-09-20 14:42:45,715] multiqc                                            [DEBUG  ]  Ignoring file as matched an ignore pattern: 180472_S81.assembled_fastqc.html
[2019-09-20 14:42:45,715] multiqc                                            [DEBUG  ]  Ignoring file as matched an ignore pattern: 180475_S83.assembled_fastqc.html
[2019-09-20 14:42:45,715] multiqc                                            [DEBUG  ]  Ignoring file as matched an ignore pattern: 180487_S89.assembled_fastqc.html
[2019-09-20 14:42:45,715] multiqc                                            [DEBUG  ]  Ignoring file as matched an ignore pattern: 180480_S87.assembled_fastqc.html
[2019-09-20 14:42:45,715] multiqc                                            [DEBUG  ]  Ignoring file as matched an ignore pattern: 180482_S88.assembled_fastqc.html
[2019-09-20 14:42:45,715] multiqc                                            [DEBUG  ]  Ignoring file as matched an ignore pattern: 180477_S85.assembled_fastqc.html
[2019-09-20 14:42:45,715] multiqc                                            [DEBUG  ]  Ignoring file as matched an ignore pattern: 180476_S84.assembled_fastqc.html
[2019-09-20 14:42:45,716] multiqc                                            [DEBUG  ]  Ignoring file as matched an ignore pattern: 180467_S79.assembled_fastqc.html
[2019-09-20 14:42:45,718] multiqc                                            [DEBUG  ]  Ignoring file as matched an ignore pattern: 180501_S93.assembled_fastqc.html
[2019-09-20 14:42:45,718] multiqc                                            [DEBUG  ]  Ignoring file as matched an ignore pattern: 180464_S78.assembled_fastqc.html
[2019-09-20 14:42:45,718] multiqc                                            [DEBUG  ]  Ignoring file as matched an ignore pattern: 180493_S92.assembled_fastqc.html
[2019-09-20 14:42:45,719] multiqc                                            [DEBUG  ]  Ignoring file as matched an ignore pattern: 180489_S90.assembled_fastqc.html
[2019-09-20 14:42:45,719] multiqc                                            [DEBUG  ]  Ignoring file as matched an ignore pattern: HeLa_S33.assembled_fastqc.html
[2019-09-20 14:42:45,719] multiqc                                            [DEBUG  ]  Ignoring file as matched an ignore pattern: 180504_S95.assembled_fastqc.html
[2019-09-20 14:42:45,719] multiqc                                            [DEBUG  ]  Ignoring file as matched an ignore pattern: 180503_S94.assembled_fastqc.html
[2019-09-20 14:42:45,719] multiqc                                            [DEBUG  ]  Ignoring file as matched an ignore pattern: SiHa_S96.assembled_fastqc.html
[2019-09-20 14:42:45,720] multiqc                                            [DEBUG  ]  Ignoring file as matched an ignore pattern: 180491_S91.assembled_fastqc.html
[2019-09-20 14:42:45,720] multiqc                                            [DEBUG  ]  Ignoring file as matched an ignore pattern: LKP31_S66.assembled_fastqc.html
[2019-09-20 14:42:47,352] multiqc                                            [DEBUG  ]  No samples found: custom_content
[2019-09-20 14:42:47,391] multiqc                                            [DEBUG  ]  No samples found: conpair
[2019-09-20 14:42:47,415] multiqc                                            [DEBUG  ]  No samples found: peddy
[2019-09-20 14:42:47,447] multiqc                                            [DEBUG  ]  No samples found: methylQA
[2019-09-20 14:42:47,469] multiqc                                            [DEBUG  ]  No samples found: phantompeakqualtools
[2019-09-20 14:42:47,481] multiqc                                            [DEBUG  ]  No samples found: qualimap
[2019-09-20 14:42:47,508] multiqc                                            [DEBUG  ]  No samples found: preseq
[2019-09-20 14:42:47,530] multiqc                                            [DEBUG  ]  No samples found: quast
[2019-09-20 14:42:47,543] multiqc                                            [DEBUG  ]  No samples found: qorts
[2019-09-20 14:42:47,555] multiqc                                            [DEBUG  ]  No samples found: rna_seqc
[2019-09-20 14:42:47,573] multiqc                                            [DEBUG  ]  No samples found: rsem
[2019-09-20 14:42:47,634] multiqc                                            [DEBUG  ]  No samples found: rseqc
[2019-09-20 14:42:47,639] multiqc                                            [DEBUG  ]  No samples found: busco
[2019-09-20 14:42:47,654] multiqc                                            [DEBUG  ]  No samples found: goleft_indexcov
[2019-09-20 14:42:47,679] multiqc                                            [DEBUG  ]  No samples found: disambiguate
[2019-09-20 14:42:47,685] multiqc                                            [DEBUG  ]  No samples found: supernova
[2019-09-20 14:42:47,725] multiqc                                            [DEBUG  ]  No samples found: deeptools
[2019-09-20 14:42:47,736] multiqc                                            [DEBUG  ]  No samples found: sargasso
[2019-09-20 14:42:47,755] multiqc                                            [DEBUG  ]  No samples found: verifybamid
[2019-09-20 14:42:47,786] multiqc                                            [DEBUG  ]  No samples found: mirtrace
[2019-09-20 14:42:47,823] multiqc                                            [DEBUG  ]  No samples found: happy
[2019-09-20 14:42:47,844] multiqc                                            [DEBUG  ]  No samples found: homer
[2019-09-20 14:42:47,849] multiqc                                            [DEBUG  ]  No samples found: macs2
[2019-09-20 14:42:47,889] multiqc                                            [DEBUG  ]  No samples found: theta2
[2019-09-20 14:42:47,922] multiqc                                            [DEBUG  ]  No samples found: snpeff
[2019-09-20 14:42:47,941] multiqc                                            [DEBUG  ]  No samples found: gatk
[2019-09-20 14:42:47,965] multiqc                                            [DEBUG  ]  No samples found: htseq
[2019-09-20 14:42:47,972] multiqc                                            [DEBUG  ]  No samples found: bcftools
[2019-09-20 14:42:47,998] multiqc                                            [DEBUG  ]  No samples found: featureCounts
[2019-09-20 14:42:48,008] multiqc                                            [DEBUG  ]  No samples found: dedup
[2019-09-20 14:42:48,024] multiqc                                            [DEBUG  ]  No samples found: damageprofiler
[2019-09-20 14:42:48,072] multiqc                                            [DEBUG  ]  No samples found: picard
[2019-09-20 14:42:48,077] multiqc                                            [DEBUG  ]  No samples found: prokka
[2019-09-20 14:42:48,082] multiqc                                            [DEBUG  ]  No samples found: samblaster
[2019-09-20 14:42:48,118] multiqc                                            [DEBUG  ]  No samples found: samtools
[2019-09-20 14:42:48,133] multiqc                                            [DEBUG  ]  No samples found: bamtools
[2019-09-20 14:42:48,161] multiqc                                            [DEBUG  ]  No samples found: jellyfish
[2019-09-20 14:42:48,170] multiqc                                            [DEBUG  ]  No samples found: vcftools
[2019-09-20 14:42:48,195] multiqc                                            [DEBUG  ]  No samples found: longranger
[2019-09-20 14:42:48,206] multiqc                                            [DEBUG  ]  No samples found: stacks
[2019-09-20 14:42:48,257] multiqc                                            [DEBUG  ]  No samples found: bbmap
[2019-09-20 14:42:48,262] multiqc                                            [DEBUG  ]  No samples found: bismark
[2019-09-20 14:42:48,275] multiqc                                            [DEBUG  ]  No samples found: biscuit
[2019-09-20 14:42:48,308] multiqc                                            [DEBUG  ]  No samples found: hicexplorer
[2019-09-20 14:42:48,313] multiqc                                            [DEBUG  ]  No samples found: hicup
[2019-09-20 14:42:48,353] multiqc                                            [DEBUG  ]  No samples found: hicpro
[2019-09-20 14:42:48,381] multiqc                                            [DEBUG  ]  No samples found: salmon
[2019-09-20 14:42:48,398] multiqc                                            [DEBUG  ]  No samples found: kallisto
[2019-09-20 14:42:48,403] multiqc                                            [DEBUG  ]  No samples found: slamdunk
[2019-09-20 14:42:48,422] multiqc                                            [DEBUG  ]  No samples found: star
[2019-09-20 14:42:48,442] multiqc                                            [DEBUG  ]  No samples found: hisat2
[2019-09-20 14:42:48,447] multiqc                                            [DEBUG  ]  No samples found: tophat
[2019-09-20 14:42:48,452] multiqc                                            [DEBUG  ]  No samples found: bowtie2
[2019-09-20 14:42:48,465] multiqc                                            [DEBUG  ]  No samples found: bowtie1
[2019-09-20 14:42:48,487] multiqc                                            [DEBUG  ]  No samples found: kat
[2019-09-20 14:42:48,492] multiqc                                            [DEBUG  ]  No samples found: leehom
[2019-09-20 14:42:48,503] multiqc                                            [DEBUG  ]  No samples found: adapterRemoval
[2019-09-20 14:42:48,515] multiqc                                            [DEBUG  ]  No samples found: clipandmerge
[2019-09-20 14:42:48,549] multiqc                                            [DEBUG  ]  No samples found: cutadapt
[2019-09-20 14:42:48,560] multiqc                                            [DEBUG  ]  No samples found: flexbar
[2019-09-20 14:42:48,586] multiqc                                            [DEBUG  ]  No samples found: trimmomatic
[2019-09-20 14:42:48,597] multiqc                                            [DEBUG  ]  No samples found: skewer
[2019-09-20 14:42:48,611] multiqc                                            [DEBUG  ]  No samples found: sortmerna
[2019-09-20 14:42:48,616] multiqc                                            [DEBUG  ]  No samples found: biobloomtools
[2019-09-20 14:42:48,632] multiqc                                            [DEBUG  ]  No samples found: fastq_screen
[2019-09-20 14:42:48,660] multiqc                                            [DEBUG  ]  No samples found: afterqc
[2019-09-20 14:42:48,681] multiqc                                            [DEBUG  ]  No samples found: fastp
[2019-09-20 14:42:52,252] multiqc.modules.fastqc.fastqc                      [INFO   ]  Found 96 reports
[2019-09-20 14:42:53,989] multiqc                                            [DEBUG  ]  No samples found: minionqc
[2019-09-20 14:42:54,015] multiqc                                            [DEBUG  ]  No samples found: clusterflow
[2019-09-20 14:42:54,031] multiqc                                            [DEBUG  ]  No samples found: bcl2fastq
[2019-09-20 14:42:54,048] multiqc                                            [DEBUG  ]  No samples found: interop
[2019-09-20 14:42:54,059] multiqc                                            [DEBUG  ]  No samples found: flash
[2019-09-20 14:42:54,179] multiqc                                            [INFO   ]  Compressing plot data
[2019-09-20 14:42:55,570] multiqc                                            [INFO   ]  Report      : multiqc_report.html
[2019-09-20 14:42:55,570] multiqc                                            [INFO   ]  Data        : multiqc_data
[2019-09-20 14:42:55,571] multiqc                                            [DEBUG  ]  Moving data file from '/tmp/tmpm378d31p/multiqc_data/multiqc_fastqc.txt' to '/data/projects/mdc-971/data_from_June_2019/120.merged_all_qc/multiqc_data'
[2019-09-20 14:42:55,574] multiqc                                            [DEBUG  ]  Moving data file from '/tmp/tmpm378d31p/multiqc_data/multiqc_general_stats.txt' to '/data/projects/mdc-971/data_from_June_2019/120.merged_all_qc/multiqc_data'
[2019-09-20 14:42:55,575] multiqc                                            [DEBUG  ]  Moving data file from '/tmp/tmpm378d31p/multiqc_data/multiqc_sources.txt' to '/data/projects/mdc-971/data_from_June_2019/120.merged_all_qc/multiqc_data'
[2019-09-20 14:42:55,576] multiqc                                            [DEBUG  ]  Moving data file from '/tmp/tmpm378d31p/multiqc_data/multiqc_data.json' to '/data/projects/mdc-971/data_from_June_2019/120.merged_all_qc/multiqc_data'
[2019-09-20 14:42:55,953] multiqc                                            [INFO   ]  MultiQC complete
