     10148 180335_S1.assembled.fastq
    909968 180336_S2.assembled.fastq
   1077540 180338_S3.assembled.fastq
    198604 180339_S4.assembled.fastq
   1529200 180340_S5.assembled.fastq
    258436 180342_S6.assembled.fastq
    605140 180343_S7.assembled.fastq
      4732 180344_S8.assembled.fastq
   1994476 180345_S9.assembled.fastq
    896908 180347_S10.assembled.fastq
    625748 180348_S11.assembled.fastq
      7268 180350_S12.assembled.fastq
      3004 180351_S13.assembled.fastq
    134300 180352_S14.assembled.fastq
    162636 180353_S15.assembled.fastq
    116188 180354_S16.assembled.fastq
    701396 180355_S17.assembled.fastq
    216168 180356_S18.assembled.fastq
    147716 180357_S19.assembled.fastq
    248208 180358_S20.assembled.fastq
      4016 180359_S21.assembled.fastq
    769480 180361_S22.assembled.fastq
      3276 180362_S23.assembled.fastq
    174996 180363_S24.assembled.fastq
    905592 180365_S25.assembled.fastq
    791212 180366_S26.assembled.fastq
    235016 180367_S27.assembled.fastq
    477660 180368_S28.assembled.fastq
     15700 180369_S29.assembled.fastq
   2284112 180372_S30.assembled.fastq
      3060 180373_S31.assembled.fastq
      8696 180375_S32.assembled.fastq
   1492600 180378_S34.assembled.fastq
    526652 180379_S35.assembled.fastq
    291024 180381_S36.assembled.fastq
   1277856 180382_S37.assembled.fastq
    631616 180384_S38.assembled.fastq
   1813804 180388_S39.assembled.fastq
    657680 180393_S40.assembled.fastq
   1428152 180396_S41.assembled.fastq
   1806392 180397_S42.assembled.fastq
    209548 180398_S43.assembled.fastq
    268044 180399_S44.assembled.fastq
    128024 180403_S45.assembled.fastq
    287824 180404_S46.assembled.fastq
    541296 180405_S47.assembled.fastq
    472276 180406_S48.assembled.fastq
    454668 180407_S49.assembled.fastq
   3205980 180408_S50.assembled.fastq
    531620 180409_S51.assembled.fastq
   1404432 180412_S52.assembled.fastq
   1672152 180413_S53.assembled.fastq
    618560 180428_S54.assembled.fastq
    634292 180429_S55.assembled.fastq
    927940 180431_S56.assembled.fastq
   3028576 180434_S57.assembled.fastq
    872592 180437_S58.assembled.fastq
   2599984 180438_S59.assembled.fastq
    641152 180439_S60.assembled.fastq
      8520 180440_S61.assembled.fastq
     15784 180441_S62.assembled.fastq
   1006288 180442_S63.assembled.fastq
    540256 180443_S64.assembled.fastq
    775432 180444_S65.assembled.fastq
    894984 180445_S67.assembled.fastq
    912576 180446_S68.assembled.fastq
    807380 180449_S69.assembled.fastq
    686424 180451_S70.assembled.fastq
    191292 180452_S71.assembled.fastq
    204232 180454_S72.assembled.fastq
    273692 180456_S73.assembled.fastq
    718916 180458_S74.assembled.fastq
    239924 180460_S75.assembled.fastq
      2008 180462_S76.assembled.fastq
    540228 180463_S77.assembled.fastq
   1438580 180464_S78.assembled.fastq
    833816 180467_S79.assembled.fastq
      2668 180470_S80.assembled.fastq
    439556 180472_S81.assembled.fastq
    120200 180473_S82.assembled.fastq
    578576 180475_S83.assembled.fastq
    303028 180476_S84.assembled.fastq
      2444 180477_S85.assembled.fastq
      5596 180478_S86.assembled.fastq
      6160 180480_S87.assembled.fastq
      5536 180482_S88.assembled.fastq
     19868 180487_S89.assembled.fastq
   1109836 180489_S90.assembled.fastq
   1750340 180491_S91.assembled.fastq
    394904 180493_S92.assembled.fastq
      2788 180501_S93.assembled.fastq
    655664 180503_S94.assembled.fastq
   1149240 180504_S95.assembled.fastq
    922400 HeLa_S33.assembled.fastq
   2360392 LKP31_S66.assembled.fastq
      3924 SiHa_S96.assembled.fastq
      5496 180335_S1.unassembled.forward.fastq
    221204 180336_S2.unassembled.forward.fastq
    269972 180338_S3.unassembled.forward.fastq
    332216 180339_S4.unassembled.forward.fastq
    118740 180340_S5.unassembled.forward.fastq
    557276 180342_S6.unassembled.forward.fastq
    552100 180343_S7.unassembled.forward.fastq
      3292 180344_S8.unassembled.forward.fastq
    263528 180345_S9.unassembled.forward.fastq
     61152 180347_S10.unassembled.forward.fastq
    351736 180348_S11.unassembled.forward.fastq
      7216 180350_S12.unassembled.forward.fastq
      2808 180351_S13.unassembled.forward.fastq
    203932 180352_S14.unassembled.forward.fastq
    245932 180353_S15.unassembled.forward.fastq
    177912 180354_S16.unassembled.forward.fastq
    202048 180355_S17.unassembled.forward.fastq
    361000 180356_S18.unassembled.forward.fastq
    102980 180357_S19.unassembled.forward.fastq
    211392 180358_S20.unassembled.forward.fastq
      2004 180359_S21.unassembled.forward.fastq
     77976 180361_S22.unassembled.forward.fastq
      5724 180362_S23.unassembled.forward.fastq
    105212 180363_S24.unassembled.forward.fastq
    272700 180365_S25.unassembled.forward.fastq
     61976 180366_S26.unassembled.forward.fastq
    309944 180367_S27.unassembled.forward.fastq
    602220 180368_S28.unassembled.forward.fastq
     10040 180369_S29.unassembled.forward.fastq
    575940 180372_S30.unassembled.forward.fastq
      5076 180373_S31.unassembled.forward.fastq
      6952 180375_S32.unassembled.forward.fastq
    174036 180378_S34.unassembled.forward.fastq
    173780 180379_S35.unassembled.forward.fastq
    425476 180381_S36.unassembled.forward.fastq
    155748 180382_S37.unassembled.forward.fastq
   1098720 180384_S38.unassembled.forward.fastq
    776948 180388_S39.unassembled.forward.fastq
    648168 180393_S40.unassembled.forward.fastq
    264764 180396_S41.unassembled.forward.fastq
    149856 180397_S42.unassembled.forward.fastq
    266636 180398_S43.unassembled.forward.fastq
    600004 180399_S44.unassembled.forward.fastq
    347300 180403_S45.unassembled.forward.fastq
    557380 180404_S46.unassembled.forward.fastq
   1420916 180405_S47.unassembled.forward.fastq
    153052 180406_S48.unassembled.forward.fastq
    732916 180407_S49.unassembled.forward.fastq
    358012 180408_S50.unassembled.forward.fastq
    453332 180409_S51.unassembled.forward.fastq
   2360480 180412_S52.unassembled.forward.fastq
    595000 180413_S53.unassembled.forward.fastq
   1051788 180428_S54.unassembled.forward.fastq
    629596 180429_S55.unassembled.forward.fastq
   1972004 180431_S56.unassembled.forward.fastq
    258160 180434_S57.unassembled.forward.fastq
   1122028 180437_S58.unassembled.forward.fastq
    766628 180438_S59.unassembled.forward.fastq
   1519232 180439_S60.unassembled.forward.fastq
     12236 180440_S61.unassembled.forward.fastq
     17852 180441_S62.unassembled.forward.fastq
    955572 180442_S63.unassembled.forward.fastq
    369196 180443_S64.unassembled.forward.fastq
   1227196 180444_S65.unassembled.forward.fastq
     84588 180445_S67.unassembled.forward.fastq
    315176 180446_S68.unassembled.forward.fastq
    182880 180449_S69.unassembled.forward.fastq
    220312 180451_S70.unassembled.forward.fastq
    382100 180452_S71.unassembled.forward.fastq
    380248 180454_S72.unassembled.forward.fastq
    906840 180456_S73.unassembled.forward.fastq
   1373840 180458_S74.unassembled.forward.fastq
    608752 180460_S75.unassembled.forward.fastq
      6180 180462_S76.unassembled.forward.fastq
     89516 180463_S77.unassembled.forward.fastq
    118676 180464_S78.unassembled.forward.fastq
   2015228 180467_S79.unassembled.forward.fastq
      6384 180470_S80.unassembled.forward.fastq
    556896 180472_S81.unassembled.forward.fastq
    207916 180473_S82.unassembled.forward.fastq
    472620 180475_S83.unassembled.forward.fastq
    563092 180476_S84.unassembled.forward.fastq
      4532 180477_S85.unassembled.forward.fastq
      9080 180478_S86.unassembled.forward.fastq
     10148 180480_S87.unassembled.forward.fastq
     10328 180482_S88.unassembled.forward.fastq
     14044 180487_S89.unassembled.forward.fastq
   1365132 180489_S90.unassembled.forward.fastq
    154248 180491_S91.unassembled.forward.fastq
    576020 180493_S92.unassembled.forward.fastq
      2872 180501_S93.unassembled.forward.fastq
   1642128 180503_S94.unassembled.forward.fastq
    183700 180504_S95.unassembled.forward.fastq
    124816 HeLa_S33.unassembled.forward.fastq
    138172 LKP31_S66.unassembled.forward.fastq
      4364 SiHa_S96.unassembled.forward.fastq
