This is cutadapt 1.18 with Python 3.5.5
Command line parameters: -g ACGTTGGATGTTTGTTACTATGGTAGATACCACAC -g ACGTTGGATGTTTGTTACTAAGGTAGATACCACTC -g ACGTTGGATGTTTGTTACTGTGGTGGATACTAC -g ACGTTGGATGTTTGTTACTGTTGTGGATACAAC -g ACGTTGGATGTTTGTTACCGTTGTTGATACTAC -g ACGTTGGATGAATATATGTGTGCTTATTTG -G ACGTTGGATGTTTGTTACTATGGTAGATACCACAC -G ACGTTGGATGTTTGTTACTGTGGTGGATACTAC -G ACGTTGGATGTTTGTTACTGTTGTGGATACAAC -G ACGTTGGATGTTTGTTACCGTTGTTGATACTAC -G ACGTTGGATGAATATATGTGTGCTTATTTG -G ACGTTGGATGTTTGTTACTAAGGTAGATACCACTC -g ACGTTGGATGGAAAAATAAACTGCAAATCATATTC -g ACGTTGGATGGAAAAATAAACTGTAAATCATATTC -g ACGTTGGATGGAAAAATAAATTGTAAATCATACTC -g ACGTTGGATGAGATTAGGGAAAGTATTAGA -g ACGTTGGATGGAAAAATAAATTGTAAATCAAATTC -g ACGTTGGATGGAAAAATAAACTGTAAATCATATTCCT -G ACGTTGGATGGAAAAATAAACTGCAAATCATATTC -G ACGTTGGATGAGATTAGGGAAAGTATTAGA -G ACGTTGGATGGAAAAATAAATTGTAAATCATACTC -G ACGTTGGATGGAAAAATAAACTGTAAATCATATTCCT -G ACGTTGGATGGAAAAATAAACTGTAAATCATATTC -G ACGTTGGATGGAAAAATAAATTGTAAATCAAATTC --minimum-length=1 -o /data/projects/mdc-971/data_from_June_2019/30.primer_trimmed/180381_S36_cutadapt.1.fq.gz -p /data/projects/mdc-971/data_from_June_2019/30.primer_trimmed/180381_S36_cutadapt.2.fq.gz /data/projects/mdc-971/data_from_June_2019/20.trim_151st_nt/180381_S36_R1_001.bbduked.fastq.gz /data/projects/mdc-971/data_from_June_2019/20.trim_151st_nt/180381_S36_R2_001.bbduked.fastq.gz
Processing reads on 1 core in paired-end mode ...
Finished in 68.43 s (382 us/read; 0.16 M reads/minute).

=== Summary ===

Total read pairs processed:            179,125
  Read 1 with adapter:                 159,397 (89.0%)
  Read 2 with adapter:                 132,219 (73.8%)
Pairs that were too short:                   0 (0.0%)
Pairs written (passing filters):       179,125 (100.0%)

Total basepairs processed:    53,737,500 bp
  Read 1:    26,868,750 bp
  Read 2:    26,868,750 bp
Total written (filtered):     43,680,400 bp (81.3%)
  Read 1:    21,318,974 bp
  Read 2:    22,361,426 bp

=== First read: Adapter 1 ===

Sequence: ACGTTGGATGTTTGTTACTATGGTAGATACCACAC; Type: regular 5'; Length: 35; Trimmed: 21667 times.

No. of allowed errors:
0-9 bp: 0; 10-19 bp: 1; 20-29 bp: 2; 30-35 bp: 3

Overview of removed sequences
length	count	expect	max.err	error counts
3	2	2798.8	0	2
13	2	0.0	1	0 2
15	2	0.0	1	1 1
18	1	0.0	1	0 1
19	1	0.0	1	1
21	2	0.0	2	1 1
22	3	0.0	2	1 1 1
23	3	0.0	2	1 1 1
24	3	0.0	2	0 2 1
26	23	0.0	2	10 9 4
27	37	0.0	2	19 16 2
28	47	0.0	2	25 10 9 3
29	106	0.0	2	44 39 21 2
30	219	0.0	3	87 89 27 16
31	126	0.0	3	34 50 27 15
32	270	0.0	3	44 75 51 100
33	1118	0.0	3	65 116 601 336
34	4577	0.0	3	103 2720 1032 722
35	13705	0.0	3	6337 4415 1903 1050
36	934	0.0	3	7 393 332 202
37	339	0.0	3	1 0 144 194
38	144	0.0	3	0 0 0 144
39	1	0.0	3	0 1
44	1	0.0	3	0 0 1
56	1	0.0	3	1

=== First read: Adapter 2 ===

Sequence: ACGTTGGATGTTTGTTACTAAGGTAGATACCACTC; Type: regular 5'; Length: 35; Trimmed: 4717 times.

No. of allowed errors:
0-9 bp: 0; 10-19 bp: 1; 20-29 bp: 2; 30-35 bp: 3

Overview of removed sequences
length	count	expect	max.err	error counts
3	1	2798.8	0	1
18	1	0.0	1	1
20	1	0.0	2	0 1
21	1	0.0	2	0 0 1
23	1	0.0	2	1
25	1	0.0	2	1
26	6	0.0	2	2 4
27	10	0.0	2	4 5 1
28	12	0.0	2	5 2 5
29	37	0.0	2	17 15 5
30	77	0.0	3	38 27 9 3
31	54	0.0	3	22 16 9 7
32	75	0.0	3	22 23 12 18
33	220	0.0	3	18 43 89 70
34	1794	0.0	3	29 1146 404 215
35	1936	0.0	3	1092 436 248 160
36	233	0.0	3	0 76 101 56
37	209	0.0	3	0 0 91 118
38	48	0.0	3	0 0 0 48

=== First read: Adapter 3 ===

Sequence: ACGTTGGATGTTTGTTACTGTGGTGGATACTAC; Type: regular 5'; Length: 33; Trimmed: 16958 times.

No. of allowed errors:
0-9 bp: 0; 10-19 bp: 1; 20-29 bp: 2; 30-33 bp: 3

Overview of removed sequences
length	count	expect	max.err	error counts
3	3	2798.8	0	3
4	3	699.7	0	3
14	1	0.0	1	1
16	4	0.0	1	3 1
17	1	0.0	1	0 1
18	2	0.0	1	2
19	9	0.0	1	5 3 1
20	9	0.0	2	5 4
21	4	0.0	2	3 1
22	3	0.0	2	1 2
23	6	0.0	2	3 2 1
24	41	0.0	2	23 14 4
25	124	0.0	2	69 38 17
26	164	0.0	2	84 50 30
27	279	0.0	2	191 67 21
28	491	0.0	2	282 147 56 6
29	368	0.0	2	133 127 81 27
30	1041	0.0	3	278 279 126 358
31	1771	0.0	3	350 301 641 479
32	2450	0.0	3	201 1014 749 486
33	8085	0.0	3	3547 2343 1320 875
34	1818	0.0	3	2 843 668 305
35	210	0.0	3	0 1 100 109
36	48	0.0	3	0 2 0 46
37	4	0.0	3	1 1 1 1
38	1	0.0	3	1
39	1	0.0	3	1
40	1	0.0	3	0 1
41	1	0.0	3	0 1
42	4	0.0	3	1 0 1 2
43	1	0.0	3	0 1
44	3	0.0	3	2 1
46	1	0.0	3	0 0 0 1
48	1	0.0	3	0 1
52	1	0.0	3	0 0 0 1
53	2	0.0	3	1 1
54	1	0.0	3	0 1
57	1	0.0	3	0 0 0 1

=== First read: Adapter 4 ===

Sequence: ACGTTGGATGTTTGTTACTGTTGTGGATACAAC; Type: regular 5'; Length: 33; Trimmed: 9442 times.

No. of allowed errors:
0-9 bp: 0; 10-19 bp: 1; 20-29 bp: 2; 30-33 bp: 3

Overview of removed sequences
length	count	expect	max.err	error counts
3	30	2798.8	0	30
5	1	174.9	0	1
14	1	0.0	1	0 1
21	2	0.0	2	1 1
24	9	0.0	2	7 1 1
25	45	0.0	2	17 21 7
26	28	0.0	2	11 13 4
27	66	0.0	2	39 18 8 1
28	166	0.0	2	99 44 22 1
29	95	0.0	2	40 40 14 1
30	195	0.0	3	68 66 40 21
31	332	0.0	3	76 78 87 91
32	1067	0.0	3	80 455 260 272
33	6393	0.0	3	3099 1664 1073 557
34	515	0.0	3	6 217 175 117
35	368	0.0	3	1 1 253 113
36	126	0.0	3	0 0 0 126
37	1	0.0	3	0 1
52	1	0.0	3	0 1
55	1	0.0	3	0 0 0 1

=== First read: Adapter 5 ===

Sequence: ACGTTGGATGTTTGTTACCGTTGTTGATACTAC; Type: regular 5'; Length: 33; Trimmed: 7363 times.

No. of allowed errors:
0-9 bp: 0; 10-19 bp: 1; 20-29 bp: 2; 30-33 bp: 3

Overview of removed sequences
length	count	expect	max.err	error counts
17	1	0.0	1	1
18	1	0.0	1	0 0 1
19	2	0.0	1	1 1
20	1	0.0	2	1
21	1	0.0	2	0 0 1
23	4	0.0	2	1 1 2
24	8	0.0	2	3 4 1
25	49	0.0	2	26 13 10
26	60	0.0	2	29 23 8
27	84	0.0	2	51 19 12 2
28	142	0.0	2	67 41 29 5
29	97	0.0	2	18 38 25 16
30	598	0.0	3	54 65 50 429
31	683	0.0	3	38 66 330 249
32	1565	0.0	3	52 304 752 457
33	3253	0.0	3	1796 823 419 215
34	575	0.0	3	0 142 283 150
35	191	0.0	3	0 0 50 141
36	48	0.0	3	0 0 1 47

=== First read: Adapter 6 ===

Sequence: ACGTTGGATGAATATATGTGTGCTTATTTG; Type: regular 5'; Length: 30; Trimmed: 48 times.

No. of allowed errors:
0-9 bp: 0; 10-19 bp: 1; 20-29 bp: 2; 30 bp: 3

Overview of removed sequences
length	count	expect	max.err	error counts
3	35	2798.8	0	35
4	3	699.7	0	3
5	2	174.9	0	2
30	8	0.0	3	4 2 2

=== First read: Adapter 7 ===

Sequence: ACGTTGGATGGAAAAATAAACTGCAAATCATATTC; Type: regular 5'; Length: 35; Trimmed: 25899 times.

No. of allowed errors:
0-9 bp: 0; 10-19 bp: 1; 20-29 bp: 2; 30-35 bp: 3

Overview of removed sequences
length	count	expect	max.err	error counts
18	3	0.0	1	1 2
23	1	0.0	2	0 0 1
24	1	0.0	2	0 1
25	3	0.0	2	2 1
26	2	0.0	2	0 2
27	2	0.0	2	1 1
28	4	0.0	2	1 1 1 1
29	14	0.0	2	2 7 4 1
30	75	0.0	3	26 28 10 11
31	46	0.0	3	19 12 8 7
32	535	0.0	3	12 15 11 497
33	541	0.0	3	6 32 314 189
34	5397	0.0	3	30 3847 1053 467
35	14740	0.0	3	10358 2423 972 987
36	4075	0.0	3	0 2872 645 558
37	296	0.0	3	0 0 116 180
38	164	0.0	3	0 0 0 164

=== First read: Adapter 8 ===

Sequence: ACGTTGGATGGAAAAATAAACTGTAAATCATATTC; Type: regular 5'; Length: 35; Trimmed: 8869 times.

No. of allowed errors:
0-9 bp: 0; 10-19 bp: 1; 20-29 bp: 2; 30-35 bp: 3

Overview of removed sequences
length	count	expect	max.err	error counts
23	1	0.0	2	0 1
24	1	0.0	2	0 1
27	1	0.0	2	0 0 1
28	1	0.0	2	0 0 0 1
29	4	0.0	2	0 3 1
30	7	0.0	3	2 1 3 1
31	11	0.0	3	3 2 2 4
32	714	0.0	3	1 4 2 707
33	254	0.0	3	2 12 140 100
34	2225	0.0	3	4 1577 334 310
35	4230	0.0	3	2440 900 442 448
36	1119	0.0	3	0 476 259 384
37	163	0.0	3	0 0 36 127
38	137	0.0	3	0 0 0 137
44	1	0.0	3	0 0 0 1

=== First read: Adapter 9 ===

Sequence: ACGTTGGATGGAAAAATAAATTGTAAATCATACTC; Type: regular 5'; Length: 35; Trimmed: 16249 times.

No. of allowed errors:
0-9 bp: 0; 10-19 bp: 1; 20-29 bp: 2; 30-35 bp: 3

Overview of removed sequences
length	count	expect	max.err	error counts
26	1	0.0	2	0 1
28	2	0.0	2	2
29	4	0.0	2	2 2
30	10	0.0	3	7 2 1
31	29	0.0	3	18 6 3 2
32	69	0.0	3	12 10 4 43
33	253	0.0	3	29 20 154 50
34	1061	0.0	3	427 408 149 77
35	14408	0.0	3	10096 2417 804 1091
36	98	0.0	3	1 40 17 40
37	64	0.0	3	2 2 20 40
38	235	0.0	3	0 0 0 235
39	1	0.0	3	1
43	3	0.0	3	2 0 0 1
45	1	0.0	3	1
46	1	0.0	3	0 1
48	1	0.0	3	1
49	1	0.0	3	0 0 0 1
50	1	0.0	3	0 0 1
52	1	0.0	3	0 0 1
53	1	0.0	3	0 1
54	2	0.0	3	1 0 0 1
55	1	0.0	3	0 0 1
58	1	0.0	3	0 1

=== First read: Adapter 10 ===

Sequence: ACGTTGGATGAGATTAGGGAAAGTATTAGA; Type: regular 5'; Length: 30; Trimmed: 23 times.

No. of allowed errors:
0-9 bp: 0; 10-19 bp: 1; 20-29 bp: 2; 30 bp: 3

Overview of removed sequences
length	count	expect	max.err	error counts
3	23	2798.8	0	23

=== First read: Adapter 11 ===

Sequence: ACGTTGGATGGAAAAATAAATTGTAAATCAAATTC; Type: regular 5'; Length: 35; Trimmed: 3532 times.

No. of allowed errors:
0-9 bp: 0; 10-19 bp: 1; 20-29 bp: 2; 30-35 bp: 3

Overview of removed sequences
length	count	expect	max.err	error counts
30	1	0.0	3	1
31	4	0.0	3	3 0 0 1
32	12	0.0	3	0 0 2 10
33	22	0.0	3	0 1 15 6
34	124	0.0	3	8 59 37 20
35	3263	0.0	3	2293 605 236 129
36	40	0.0	3	0 15 12 13
37	21	0.0	3	1 0 6 14
38	45	0.0	3	0 0 0 45

=== First read: Adapter 12 ===

Sequence: ACGTTGGATGGAAAAATAAACTGTAAATCATATTCCT; Type: regular 5'; Length: 37; Trimmed: 44630 times.

No. of allowed errors:
0-9 bp: 0; 10-19 bp: 1; 20-29 bp: 2; 30-37 bp: 3

Overview of removed sequences
length	count	expect	max.err	error counts
3	12	2798.8	0	12
4	1	699.7	0	1
14	1	0.0	1	1
18	1	0.0	1	0 1
19	1	0.0	1	1
20	3	0.0	2	2 0 1
23	2	0.0	2	2
24	1	0.0	2	0 1
27	1	0.0	2	0 1
28	3	0.0	2	1 2
29	2	0.0	2	0 1 1
30	6	0.0	3	1 2 0 3
31	25	0.0	3	3 13 6 3
32	117	0.0	3	25 44 32 16
33	101	0.0	3	16 50 18 17
34	182	0.0	3	33 42 27 80
35	2060	0.0	3	42 61 1541 416
36	7170	0.0	3	105 4464 1684 917
37	28777	0.0	3	11119 11953 3796 1909
38	3232	0.0	3	8 682 1738 804
39	2368	0.0	3	1 0 447 1920
40	557	0.0	3	0 1 0 556
41	2	0.0	3	1 0 0 1
42	1	0.0	3	1
44	1	0.0	3	1
45	1	0.0	3	0 1
51	1	0.0	3	0 0 0 1
65	1	0.0	3	0 0 0 1

=== Second read: Adapter 13 ===

Sequence: ACGTTGGATGTTTGTTACTATGGTAGATACCACAC; Type: regular 5'; Length: 35; Trimmed: 22809 times.

No. of allowed errors:
0-9 bp: 0; 10-19 bp: 1; 20-29 bp: 2; 30-35 bp: 3

Overview of removed sequences
length	count	expect	max.err	error counts
3	7	2798.8	0	7
4	5	699.7	0	5
12	1	0.0	1	1
13	1	0.0	1	0 1
14	1	0.0	1	1
16	1	0.0	1	0 1
19	2	0.0	1	1 1
23	1	0.0	2	0 0 1
25	1	0.0	2	1
26	5	0.0	2	1 3 1
27	4	0.0	2	1 1 2
28	11	0.0	2	3 2 4 2
29	21	0.0	2	7 8 6
30	57	0.0	3	9 18 16 14
31	41	0.0	3	3 18 12 8
32	107	0.0	3	6 13 21 67
33	1211	0.0	3	28 34 536 613
34	2920	0.0	3	34 1214 824 848
35	16782	0.0	3	5318 5517 3638 2309
36	936	0.0	3	4 320 329 283
37	496	0.0	3	1 0 170 325
38	159	0.0	3	0 0 0 159
42	4	0.0	3	0 1 1 2
43	7	0.0	3	1 2 3 1
44	5	0.0	3	0 2 2 1
45	1	0.0	3	0 0 1
46	4	0.0	3	1 1 1 1
47	3	0.0	3	0 0 1 2
48	1	0.0	3	0 0 1
51	1	0.0	3	0 0 1
53	1	0.0	3	0 1
54	4	0.0	3	2 1 1
55	4	0.0	3	2 2
56	1	0.0	3	0 0 0 1
57	1	0.0	3	1
60	1	0.0	3	1
66	1	0.0	3	1

=== Second read: Adapter 14 ===

Sequence: ACGTTGGATGTTTGTTACTGTGGTGGATACTAC; Type: regular 5'; Length: 33; Trimmed: 26662 times.

No. of allowed errors:
0-9 bp: 0; 10-19 bp: 1; 20-29 bp: 2; 30-33 bp: 3

Overview of removed sequences
length	count	expect	max.err	error counts
3	6	2798.8	0	6
5	1	174.9	0	1
14	1	0.0	1	0 1
17	2	0.0	1	1 1
18	2	0.0	1	0 2
19	3	0.0	1	0 2 1
20	4	0.0	2	1 2 1
21	1	0.0	2	1
22	3	0.0	2	1 2
24	8	0.0	2	4 1 3
25	11	0.0	2	6 1 4
26	32	0.0	2	8 13 11
27	46	0.0	2	19 10 17
28	56	0.0	2	18 19 17 2
29	91	0.0	2	24 31 33 3
30	1883	0.0	3	26 59 46 1752
31	2792	0.0	3	63 70 1099 1560
32	4254	0.0	3	37 1357 1567 1293
33	13782	0.0	3	5353 4314 2531 1584
34	3015	0.0	3	0 1104 1213 698
35	340	0.0	3	0 3 132 205
36	131	0.0	3	0 0 0 131
37	2	0.0	3	0 0 1 1
38	2	0.0	3	0 0 0 2
39	8	0.0	3	0 0 4 4
40	13	0.0	3	4 1 2 6
41	34	0.0	3	10 12 7 5
42	20	0.0	3	2 9 5 4
43	10	0.0	3	4 2 2 2
44	15	0.0	3	0 7 4 4
45	16	0.0	3	8 5 2 1
46	5	0.0	3	1 2 1 1
47	8	0.0	3	1 2 2 3
48	7	0.0	3	1 1 3 2
49	10	0.0	3	3 3 1 3
50	7	0.0	3	2 1 2 2
51	15	0.0	3	4 3 3 5
52	5	0.0	3	2 2 1
53	8	0.0	3	1 2 2 3
54	4	0.0	3	1 1 2
56	2	0.0	3	1 0 0 1
57	2	0.0	3	2
58	1	0.0	3	1
59	1	0.0	3	0 1
62	2	0.0	3	1 1
69	1	0.0	3	1

=== Second read: Adapter 15 ===

Sequence: ACGTTGGATGTTTGTTACTGTTGTGGATACAAC; Type: regular 5'; Length: 33; Trimmed: 14051 times.

No. of allowed errors:
0-9 bp: 0; 10-19 bp: 1; 20-29 bp: 2; 30-33 bp: 3

Overview of removed sequences
length	count	expect	max.err	error counts
3	454	2798.8	0	454
5	3	174.9	0	3
13	1	0.0	1	0 1
19	1	0.0	1	0 1
21	1	0.0	2	0 0 1
24	2	0.0	2	1 1
25	6	0.0	2	2 1 3
26	13	0.0	2	9 3 1
27	15	0.0	2	3 5 7
28	20	0.0	2	9 6 5
29	32	0.0	2	10 11 10 1
30	94	0.0	3	13 22 17 42
31	422	0.0	3	34 25 154 209
32	2637	0.0	3	25 955 708 949
33	8490	0.0	3	2681 2185 2355 1269
34	828	0.0	3	2 230 313 283
35	602	0.0	3	0 0 346 256
36	285	0.0	3	1 0 0 284
39	3	0.0	3	0 1 0 2
40	4	0.0	3	0 1 2 1
41	30	0.0	3	10 12 5 3
42	20	0.0	3	6 4 7 3
43	4	0.0	3	0 0 3 1
44	8	0.0	3	6 1 1
45	3	0.0	3	0 1 1 1
46	2	0.0	3	1 1
47	4	0.0	3	1 2 1
48	7	0.0	3	2 2 1 2
49	8	0.0	3	2 2 1 3
50	8	0.0	3	0 3 1 4
51	2	0.0	3	0 1 1
52	10	0.0	3	5 0 2 3
53	14	0.0	3	3 5 2 4
54	6	0.0	3	1 2 2 1
55	5	0.0	3	1 1 2 1
56	3	0.0	3	3
57	2	0.0	3	1 0 1
58	1	0.0	3	1
60	1	0.0	3	0 1

=== Second read: Adapter 16 ===

Sequence: ACGTTGGATGTTTGTTACCGTTGTTGATACTAC; Type: regular 5'; Length: 33; Trimmed: 14955 times.

No. of allowed errors:
0-9 bp: 0; 10-19 bp: 1; 20-29 bp: 2; 30-33 bp: 3

Overview of removed sequences
length	count	expect	max.err	error counts
14	2	0.0	1	1 1
16	2	0.0	1	0 2
19	1	0.0	1	0 1
21	1	0.0	2	0 0 1
24	2	0.0	2	2
25	4	0.0	2	0 3 1
26	9	0.0	2	3 4 2
27	12	0.0	2	2 3 7
28	27	0.0	2	9 7 10 1
29	51	0.0	2	8 22 16 5
30	1400	0.0	3	10 21 19 1350
31	1332	0.0	3	22 26 715 569
32	3068	0.0	3	16 714 1379 959
33	7281	0.0	3	3525 1965 1124 667
34	1289	0.0	3	0 287 550 452
35	291	0.0	3	0 0 80 211
36	108	0.0	3	0 0 0 108
37	1	0.0	3	0 0 0 1
38	2	0.0	3	0 0 0 2
39	2	0.0	3	0 0 1 1
40	7	0.0	3	0 2 3 2
41	9	0.0	3	3 4 2
42	14	0.0	3	7 4 1 2
43	7	0.0	3	0 1 6
44	5	0.0	3	1 2 0 2
45	5	0.0	3	4 0 1
46	2	0.0	3	1 0 1
47	2	0.0	3	0 0 1 1
48	3	0.0	3	0 0 1 2
49	1	0.0	3	0 0 0 1
50	1	0.0	3	0 1
51	2	0.0	3	0 1 1
52	1	0.0	3	0 0 0 1
53	4	0.0	3	1 2 1
55	3	0.0	3	2 0 1
57	2	0.0	3	1 0 1
58	1	0.0	3	0 0 0 1
59	1	0.0	3	0 0 0 1

=== Second read: Adapter 17 ===

Sequence: ACGTTGGATGAATATATGTGTGCTTATTTG; Type: regular 5'; Length: 30; Trimmed: 85 times.

No. of allowed errors:
0-9 bp: 0; 10-19 bp: 1; 20-29 bp: 2; 30 bp: 3

Overview of removed sequences
length	count	expect	max.err	error counts
3	80	2798.8	0	80
4	1	699.7	0	1
6	3	43.7	0	3
30	1	0.0	3	1

=== Second read: Adapter 18 ===

Sequence: ACGTTGGATGTTTGTTACTAAGGTAGATACCACTC; Type: regular 5'; Length: 35; Trimmed: 4752 times.

No. of allowed errors:
0-9 bp: 0; 10-19 bp: 1; 20-29 bp: 2; 30-35 bp: 3

Overview of removed sequences
length	count	expect	max.err	error counts
3	1	2798.8	0	1
4	4	699.7	0	4
20	1	0.0	2	1
21	1	0.0	2	0 0 1
24	1	0.0	2	0 0 1
26	1	0.0	2	1
27	2	0.0	2	1 1
28	3	0.0	2	0 1 2
29	3	0.0	2	1 2
30	15	0.0	3	4 5 4 2
31	21	0.0	3	7 8 4 2
32	66	0.0	3	4 14 13 35
33	292	0.0	3	5 9 133 145
34	1330	0.0	3	12 526 441 351
35	2431	0.0	3	972 670 467 322
36	249	0.0	3	0 61 113 75
37	279	0.0	3	0 0 102 177
38	44	0.0	3	0 0 0 44
40	1	0.0	3	0 0 1
41	1	0.0	3	0 0 0 1
43	1	0.0	3	1
47	2	0.0	3	0 0 0 2
49	1	0.0	3	0 0 1
52	1	0.0	3	0 0 0 1
55	1	0.0	3	1

=== Second read: Adapter 19 ===

Sequence: ACGTTGGATGGAAAAATAAACTGCAAATCATATTC; Type: regular 5'; Length: 35; Trimmed: 9389 times.

No. of allowed errors:
0-9 bp: 0; 10-19 bp: 1; 20-29 bp: 2; 30-35 bp: 3

Overview of removed sequences
length	count	expect	max.err	error counts
3	16	2798.8	0	16
6	1	43.7	0	1
17	2	0.0	1	0 2
18	2	0.0	1	0 2
19	2	0.0	1	2
25	1	0.0	2	0 1
26	1	0.0	2	1
28	2	0.0	2	0 1 1
29	1	0.0	2	0 0 0 1
30	8	0.0	3	1 4 1 2
31	22	0.0	3	6 6 4 6
32	206	0.0	3	1 2 1 202
33	232	0.0	3	0 9 115 108
34	2488	0.0	3	6 1248 716 518
35	4337	0.0	3	1998 959 601 779
36	1846	0.0	3	0 906 501 439
37	126	0.0	3	0 0 53 73
38	86	0.0	3	0 0 0 86
44	1	0.0	3	0 1
46	1	0.0	3	0 1
47	2	0.0	3	0 2
48	1	0.0	3	1
49	1	0.0	3	0 0 0 1
50	1	0.0	3	0 1
54	3	0.0	3	0 3

=== Second read: Adapter 20 ===

Sequence: ACGTTGGATGAGATTAGGGAAAGTATTAGA; Type: regular 5'; Length: 30; Trimmed: 16 times.

No. of allowed errors:
0-9 bp: 0; 10-19 bp: 1; 20-29 bp: 2; 30 bp: 3

Overview of removed sequences
length	count	expect	max.err	error counts
3	15	2798.8	0	15
4	1	699.7	0	1

=== Second read: Adapter 21 ===

Sequence: ACGTTGGATGGAAAAATAAATTGTAAATCATACTC; Type: regular 5'; Length: 35; Trimmed: 9842 times.

No. of allowed errors:
0-9 bp: 0; 10-19 bp: 1; 20-29 bp: 2; 30-35 bp: 3

Overview of removed sequences
length	count	expect	max.err	error counts
14	1	0.0	1	0 1
18	1	0.0	1	1
22	1	0.0	2	0 0 1
25	1	0.0	2	1
27	1	0.0	2	1
30	11	0.0	3	4 1 4 2
31	19	0.0	3	5 5 5 4
32	26	0.0	3	2 1 2 21
33	161	0.0	3	17 7 51 86
34	534	0.0	3	89 201 116 128
35	8821	0.0	3	4679 2084 1127 931
36	120	0.0	3	1 28 38 53
37	38	0.0	3	1 0 12 25
38	78	0.0	3	0 0 0 78
41	1	0.0	3	1
42	2	0.0	3	1 1
43	1	0.0	3	0 1
44	6	0.0	3	3 1 2
45	1	0.0	3	0 1
46	1	0.0	3	1
47	5	0.0	3	2 1 2
48	1	0.0	3	1
49	3	0.0	3	1 1 0 1
50	1	0.0	3	0 0 0 1
52	1	0.0	3	0 0 0 1
53	1	0.0	3	0 0 1
54	1	0.0	3	1
55	3	0.0	3	2 1
57	1	0.0	3	1

=== Second read: Adapter 22 ===

Sequence: ACGTTGGATGGAAAAATAAACTGTAAATCATATTCCT; Type: regular 5'; Length: 37; Trimmed: 25218 times.

No. of allowed errors:
0-9 bp: 0; 10-19 bp: 1; 20-29 bp: 2; 30-37 bp: 3

Overview of removed sequences
length	count	expect	max.err	error counts
3	75	2798.8	0	75
4	166	699.7	0	166
12	1	0.0	1	1
19	2	0.0	1	0 2
20	4	0.0	2	1 3
21	3	0.0	2	0 2 1
23	1	0.0	2	0 1
25	1	0.0	2	0 0 1
29	2	0.0	2	0 0 0 2
30	3	0.0	3	0 1 1 1
31	8	0.0	3	0 0 0 8
32	15	0.0	3	3 2 4 6
33	26	0.0	3	5 5 10 6
34	998	0.0	3	6 8 9 975
35	2252	0.0	3	10 13 1310 919
36	2870	0.0	3	13 1279 904 674
37	16547	0.0	3	4487 6286 3537 2237
38	1309	0.0	3	0 245 592 472
39	744	0.0	3	0 0 122 622
40	152	0.0	3	0 0 0 152
42	1	0.0	3	0 0 1
44	1	0.0	3	0 0 0 1
45	7	0.0	3	1 2 1 3
46	5	0.0	3	2 1 1 1
47	2	0.0	3	0 0 1 1
48	1	0.0	3	0 1
49	4	0.0	3	0 2 2
50	2	0.0	3	0 0 1 1
51	3	0.0	3	1 0 1 1
52	3	0.0	3	1 1 1
53	2	0.0	3	1 0 1
54	4	0.0	3	0 2 2
57	2	0.0	3	0 1 1
62	1	0.0	3	0 0 0 1
64	1	0.0	3	0 0 1

=== Second read: Adapter 23 ===

Sequence: ACGTTGGATGGAAAAATAAACTGTAAATCATATTC; Type: regular 5'; Length: 35; Trimmed: 2616 times.

No. of allowed errors:
0-9 bp: 0; 10-19 bp: 1; 20-29 bp: 2; 30-35 bp: 3

Overview of removed sequences
length	count	expect	max.err	error counts
13	3	0.0	1	2 1
14	3	0.0	1	0 3
15	1	0.0	1	0 1
17	3	0.0	1	0 3
18	1	0.0	1	0 1
20	1	0.0	2	0 0 1
27	1	0.0	2	0 1
29	2	0.0	2	0 0 0 2
30	2	0.0	3	0 0 0 2
31	3	0.0	3	0 0 1 2
32	372	0.0	3	0 0 0 372
33	184	0.0	3	0 0 83 101
34	832	0.0	3	0 0 402 430
35	827	0.0	3	0 0 314 513
36	317	0.0	3	0 0 7 310
37	37	0.0	3	0 0 1 36
38	26	0.0	3	0 0 0 26
42	1	0.0	3	0 0 0 1

=== Second read: Adapter 24 ===

Sequence: ACGTTGGATGGAAAAATAAATTGTAAATCAAATTC; Type: regular 5'; Length: 35; Trimmed: 1824 times.

No. of allowed errors:
0-9 bp: 0; 10-19 bp: 1; 20-29 bp: 2; 30-35 bp: 3

Overview of removed sequences
length	count	expect	max.err	error counts
6	2	43.7	0	2
26	1	0.0	2	1
30	2	0.0	3	1 1
31	1	0.0	3	1
32	7	0.0	3	0 0 0 7
33	27	0.0	3	1 0 15 11
34	110	0.0	3	2 45 38 25
35	1590	0.0	3	883 352 218 137
36	35	0.0	3	0 19 9 7
37	25	0.0	3	0 0 14 11
38	21	0.0	3	0 0 0 21
42	1	0.0	3	0 1
44	1	0.0	3	1
52	1	0.0	3	0 0 0 1

