This is cutadapt 1.18 with Python 3.5.5
Command line parameters: -g ACGTTGGATGTTTGTTACTATGGTAGATACCACAC -g ACGTTGGATGTTTGTTACTAAGGTAGATACCACTC -g ACGTTGGATGTTTGTTACTGTGGTGGATACTAC -g ACGTTGGATGTTTGTTACTGTTGTGGATACAAC -g ACGTTGGATGTTTGTTACCGTTGTTGATACTAC -g ACGTTGGATGAATATATGTGTGCTTATTTG -G ACGTTGGATGTTTGTTACTATGGTAGATACCACAC -G ACGTTGGATGTTTGTTACTGTGGTGGATACTAC -G ACGTTGGATGTTTGTTACTGTTGTGGATACAAC -G ACGTTGGATGTTTGTTACCGTTGTTGATACTAC -G ACGTTGGATGAATATATGTGTGCTTATTTG -G ACGTTGGATGTTTGTTACTAAGGTAGATACCACTC -g ACGTTGGATGGAAAAATAAACTGCAAATCATATTC -g ACGTTGGATGGAAAAATAAACTGTAAATCATATTC -g ACGTTGGATGGAAAAATAAATTGTAAATCATACTC -g ACGTTGGATGAGATTAGGGAAAGTATTAGA -g ACGTTGGATGGAAAAATAAATTGTAAATCAAATTC -g ACGTTGGATGGAAAAATAAACTGTAAATCATATTCCT -G ACGTTGGATGGAAAAATAAACTGCAAATCATATTC -G ACGTTGGATGAGATTAGGGAAAGTATTAGA -G ACGTTGGATGGAAAAATAAATTGTAAATCATACTC -G ACGTTGGATGGAAAAATAAACTGTAAATCATATTCCT -G ACGTTGGATGGAAAAATAAACTGTAAATCATATTC -G ACGTTGGATGGAAAAATAAATTGTAAATCAAATTC --minimum-length=1 -o /data/projects/mdc-971/data_from_June_2019/30.primer_trimmed/180344_S8_cutadapt.1.fq.gz -p /data/projects/mdc-971/data_from_June_2019/30.primer_trimmed/180344_S8_cutadapt.2.fq.gz /data/projects/mdc-971/data_from_June_2019/20.trim_151st_nt/180344_S8_R1_001.bbduked.fastq.gz /data/projects/mdc-971/data_from_June_2019/20.trim_151st_nt/180344_S8_R2_001.bbduked.fastq.gz
Processing reads on 1 core in paired-end mode ...
Finished in 0.80 s (397 us/read; 0.15 M reads/minute).

=== Summary ===

Total read pairs processed:              2,006
  Read 1 with adapter:                   1,730 (86.2%)
  Read 2 with adapter:                   1,209 (60.3%)
Pairs that were too short:                   0 (0.0%)
Pairs written (passing filters):         2,006 (100.0%)

Total basepairs processed:       601,800 bp
  Read 1:       300,900 bp
  Read 2:       300,900 bp
Total written (filtered):        500,211 bp (83.1%)
  Read 1:       240,430 bp
  Read 2:       259,781 bp

=== First read: Adapter 1 ===

Sequence: ACGTTGGATGTTTGTTACTATGGTAGATACCACAC; Type: regular 5'; Length: 35; Trimmed: 406 times.

No. of allowed errors:
0-9 bp: 0; 10-19 bp: 1; 20-29 bp: 2; 30-35 bp: 3

Overview of removed sequences
length	count	expect	max.err	error counts
26	1	0.0	2	0 1
30	1	0.0	3	1
31	1	0.0	3	0 1
32	1	0.0	3	0 0 0 1
33	12	0.0	3	1 1 6 4
34	47	0.0	3	3 25 5 14
35	329	0.0	3	130 87 53 59
36	12	0.0	3	0 7 3 2
37	1	0.0	3	0 0 1
38	1	0.0	3	0 0 0 1

=== First read: Adapter 2 ===

Sequence: ACGTTGGATGTTTGTTACTAAGGTAGATACCACTC; Type: regular 5'; Length: 35; Trimmed: 41 times.

No. of allowed errors:
0-9 bp: 0; 10-19 bp: 1; 20-29 bp: 2; 30-35 bp: 3

Overview of removed sequences
length	count	expect	max.err	error counts
33	2	0.0	3	0 0 2
34	5	0.0	3	0 3 2
35	30	0.0	3	12 8 7 3
37	4	0.0	3	0 0 0 4

=== First read: Adapter 3 ===

Sequence: ACGTTGGATGTTTGTTACTGTGGTGGATACTAC; Type: regular 5'; Length: 33; Trimmed: 122 times.

No. of allowed errors:
0-9 bp: 0; 10-19 bp: 1; 20-29 bp: 2; 30-33 bp: 3

Overview of removed sequences
length	count	expect	max.err	error counts
25	1	0.0	2	0 1
26	1	0.0	2	0 1
27	1	0.0	2	1
29	1	0.0	2	1
30	3	0.0	3	0 0 0 3
31	7	0.0	3	1 0 3 3
32	11	0.0	3	0 5 4 2
33	92	0.0	3	45 18 16 13
34	3	0.0	3	0 0 1 2
35	2	0.0	3	0 0 1 1

=== First read: Adapter 4 ===

Sequence: ACGTTGGATGTTTGTTACTGTTGTGGATACAAC; Type: regular 5'; Length: 33; Trimmed: 53 times.

No. of allowed errors:
0-9 bp: 0; 10-19 bp: 1; 20-29 bp: 2; 30-33 bp: 3

Overview of removed sequences
length	count	expect	max.err	error counts
31	4	0.0	3	0 0 1 3
32	2	0.0	3	0 2
33	36	0.0	3	12 11 5 8
35	10	0.0	3	0 0 8 2
36	1	0.0	3	0 0 0 1

=== First read: Adapter 5 ===

Sequence: ACGTTGGATGTTTGTTACCGTTGTTGATACTAC; Type: regular 5'; Length: 33; Trimmed: 58 times.

No. of allowed errors:
0-9 bp: 0; 10-19 bp: 1; 20-29 bp: 2; 30-33 bp: 3

Overview of removed sequences
length	count	expect	max.err	error counts
30	5	0.0	3	2 2 0 1
31	2	0.0	3	0 0 1 1
32	4	0.0	3	0 1 2 1
33	44	0.0	3	17 14 10 3
34	2	0.0	3	0 0 1 1
35	1	0.0	3	0 0 1

=== First read: Adapter 6 ===

Sequence: ACGTTGGATGAATATATGTGTGCTTATTTG; Type: regular 5'; Length: 30; Trimmed: 1 times.

No. of allowed errors:
0-9 bp: 0; 10-19 bp: 1; 20-29 bp: 2; 30 bp: 3

Overview of removed sequences
length	count	expect	max.err	error counts
3	1	31.3	0	1

=== First read: Adapter 7 ===

Sequence: ACGTTGGATGGAAAAATAAACTGCAAATCATATTC; Type: regular 5'; Length: 35; Trimmed: 112 times.

No. of allowed errors:
0-9 bp: 0; 10-19 bp: 1; 20-29 bp: 2; 30-35 bp: 3

Overview of removed sequences
length	count	expect	max.err	error counts
32	1	0.0	3	0 0 0 1
33	1	0.0	3	0 0 0 1
34	13	0.0	3	0 9 3 1
35	76	0.0	3	26 15 12 23
36	13	0.0	3	0 5 2 6
37	3	0.0	3	0 0 0 3
38	5	0.0	3	0 0 0 5

=== First read: Adapter 8 ===

Sequence: ACGTTGGATGGAAAAATAAACTGTAAATCATATTC; Type: regular 5'; Length: 35; Trimmed: 44 times.

No. of allowed errors:
0-9 bp: 0; 10-19 bp: 1; 20-29 bp: 2; 30-35 bp: 3

Overview of removed sequences
length	count	expect	max.err	error counts
32	1	0.0	3	0 0 0 1
33	1	0.0	3	0 0 0 1
34	10	0.0	3	0 6 0 4
35	23	0.0	3	4 2 6 11
36	3	0.0	3	0 1 0 2
37	2	0.0	3	0 0 0 2
38	4	0.0	3	0 0 0 4

=== First read: Adapter 9 ===

Sequence: ACGTTGGATGGAAAAATAAATTGTAAATCATACTC; Type: regular 5'; Length: 35; Trimmed: 549 times.

No. of allowed errors:
0-9 bp: 0; 10-19 bp: 1; 20-29 bp: 2; 30-35 bp: 3

Overview of removed sequences
length	count	expect	max.err	error counts
30	2	0.0	3	1 1
31	2	0.0	3	2
32	1	0.0	3	0 1
33	5	0.0	3	3 0 2
34	58	0.0	3	22 18 14 4
35	459	0.0	3	301 89 44 25
36	1	0.0	3	0 1
37	1	0.0	3	1
38	20	0.0	3	0 0 0 20

=== First read: Adapter 10 ===

Sequence: ACGTTGGATGAGATTAGGGAAAGTATTAGA; Type: regular 5'; Length: 30; Trimmed: 1 times.

No. of allowed errors:
0-9 bp: 0; 10-19 bp: 1; 20-29 bp: 2; 30 bp: 3

Overview of removed sequences
length	count	expect	max.err	error counts
3	1	31.3	0	1

=== First read: Adapter 11 ===

Sequence: ACGTTGGATGGAAAAATAAATTGTAAATCAAATTC; Type: regular 5'; Length: 35; Trimmed: 38 times.

No. of allowed errors:
0-9 bp: 0; 10-19 bp: 1; 20-29 bp: 2; 30-35 bp: 3

Overview of removed sequences
length	count	expect	max.err	error counts
34	1	0.0	3	0 1
35	31	0.0	3	13 9 6 3
36	1	0.0	3	0 0 1
37	2	0.0	3	0 0 0 2
38	3	0.0	3	0 0 0 3

=== First read: Adapter 12 ===

Sequence: ACGTTGGATGGAAAAATAAACTGTAAATCATATTCCT; Type: regular 5'; Length: 37; Trimmed: 305 times.

No. of allowed errors:
0-9 bp: 0; 10-19 bp: 1; 20-29 bp: 2; 30-37 bp: 3

Overview of removed sequences
length	count	expect	max.err	error counts
35	3	0.0	3	0 0 3
36	72	0.0	3	0 19 26 27
37	201	0.0	3	44 72 49 36
38	15	0.0	3	0 1 6 8
39	12	0.0	3	0 0 3 9
40	2	0.0	3	0 0 0 2

=== Second read: Adapter 13 ===

Sequence: ACGTTGGATGTTTGTTACTATGGTAGATACCACAC; Type: regular 5'; Length: 35; Trimmed: 355 times.

No. of allowed errors:
0-9 bp: 0; 10-19 bp: 1; 20-29 bp: 2; 30-35 bp: 3

Overview of removed sequences
length	count	expect	max.err	error counts
31	2	0.0	3	1 1
33	10	0.0	3	4 1 4 1
34	45	0.0	3	1 13 9 22
35	281	0.0	3	81 93 53 54
36	11	0.0	3	0 6 1 4
37	6	0.0	3	0 0 2 4

=== Second read: Adapter 14 ===

Sequence: ACGTTGGATGTTTGTTACTGTGGTGGATACTAC; Type: regular 5'; Length: 33; Trimmed: 144 times.

No. of allowed errors:
0-9 bp: 0; 10-19 bp: 1; 20-29 bp: 2; 30-33 bp: 3

Overview of removed sequences
length	count	expect	max.err	error counts
3	1	31.3	0	1
29	1	0.0	2	0 0 1
30	3	0.0	3	0 0 0 3
31	10	0.0	3	0 0 3 7
32	23	0.0	3	1 5 8 9
33	90	0.0	3	26 16 27 21
34	10	0.0	3	0 2 5 3
35	5	0.0	3	0 0 1 4
36	1	0.0	3	0 0 0 1

=== Second read: Adapter 15 ===

Sequence: ACGTTGGATGTTTGTTACTGTTGTGGATACAAC; Type: regular 5'; Length: 33; Trimmed: 89 times.

No. of allowed errors:
0-9 bp: 0; 10-19 bp: 1; 20-29 bp: 2; 30-33 bp: 3

Overview of removed sequences
length	count	expect	max.err	error counts
3	8	31.3	0	8
31	5	0.0	3	0 0 2 3
32	13	0.0	3	0 3 4 6
33	45	0.0	3	14 9 11 11
34	2	0.0	3	0 0 1 1
35	14	0.0	3	0 0 8 6
36	2	0.0	3	0 0 0 2

=== Second read: Adapter 16 ===

Sequence: ACGTTGGATGTTTGTTACCGTTGTTGATACTAC; Type: regular 5'; Length: 33; Trimmed: 65 times.

No. of allowed errors:
0-9 bp: 0; 10-19 bp: 1; 20-29 bp: 2; 30-33 bp: 3

Overview of removed sequences
length	count	expect	max.err	error counts
30	4	0.0	3	0 0 0 4
31	1	0.0	3	0 0 1
32	13	0.0	3	0 5 7 1
33	41	0.0	3	12 16 10 3
34	6	0.0	3	0 0 1 5

=== Second read: Adapter 17 ===

Sequence: ACGTTGGATGAATATATGTGTGCTTATTTG; Type: regular 5'; Length: 30; Trimmed: 3 times.

No. of allowed errors:
0-9 bp: 0; 10-19 bp: 1; 20-29 bp: 2; 30 bp: 3

Overview of removed sequences
length	count	expect	max.err	error counts
3	3	31.3	0	3

=== Second read: Adapter 18 ===

Sequence: ACGTTGGATGTTTGTTACTAAGGTAGATACCACTC; Type: regular 5'; Length: 35; Trimmed: 26 times.

No. of allowed errors:
0-9 bp: 0; 10-19 bp: 1; 20-29 bp: 2; 30-35 bp: 3

Overview of removed sequences
length	count	expect	max.err	error counts
33	3	0.0	3	0 0 0 3
34	8	0.0	3	0 4 2 2
35	13	0.0	3	6 7
37	2	0.0	3	0 0 0 2

=== Second read: Adapter 19 ===

Sequence: ACGTTGGATGGAAAAATAAACTGCAAATCATATTC; Type: regular 5'; Length: 35; Trimmed: 19 times.

No. of allowed errors:
0-9 bp: 0; 10-19 bp: 1; 20-29 bp: 2; 30-35 bp: 3

Overview of removed sequences
length	count	expect	max.err	error counts
32	1	0.0	3	0 0 0 1
34	2	0.0	3	0 1 0 1
35	15	0.0	3	2 3 1 9
36	1	0.0	3	0 1

=== Second read: Adapter 20 ===

Sequence: ACGTTGGATGAGATTAGGGAAAGTATTAGA; Type: regular 5'; Length: 30; Trimmed: 0 times.

=== Second read: Adapter 21 ===

Sequence: ACGTTGGATGGAAAAATAAATTGTAAATCATACTC; Type: regular 5'; Length: 35; Trimmed: 393 times.

No. of allowed errors:
0-9 bp: 0; 10-19 bp: 1; 20-29 bp: 2; 30-35 bp: 3

Overview of removed sequences
length	count	expect	max.err	error counts
31	1	0.0	3	0 1
33	7	0.0	3	1 0 4 2
34	18	0.0	3	6 2 6 4
35	358	0.0	3	184 94 41 39
36	2	0.0	3	0 0 2
37	1	0.0	3	1
38	6	0.0	3	0 0 0 6

=== Second read: Adapter 22 ===

Sequence: ACGTTGGATGGAAAAATAAACTGTAAATCATATTCCT; Type: regular 5'; Length: 37; Trimmed: 95 times.

No. of allowed errors:
0-9 bp: 0; 10-19 bp: 1; 20-29 bp: 2; 30-37 bp: 3

Overview of removed sequences
length	count	expect	max.err	error counts
3	2	31.3	0	2
4	7	7.8	0	7
35	4	0.0	3	0 0 2 2
36	19	0.0	3	0 3 5 11
37	55	0.0	3	7 14 22 12
38	2	0.0	3	0 0 0 2
39	5	0.0	3	0 0 0 5
40	1	0.0	3	0 0 0 1

=== Second read: Adapter 23 ===

Sequence: ACGTTGGATGGAAAAATAAACTGTAAATCATATTC; Type: regular 5'; Length: 35; Trimmed: 10 times.

No. of allowed errors:
0-9 bp: 0; 10-19 bp: 1; 20-29 bp: 2; 30-35 bp: 3

Overview of removed sequences
length	count	expect	max.err	error counts
34	3	0.0	3	0 0 1 2
35	6	0.0	3	0 0 2 4
36	1	0.0	3	0 0 0 1

=== Second read: Adapter 24 ===

Sequence: ACGTTGGATGGAAAAATAAATTGTAAATCAAATTC; Type: regular 5'; Length: 35; Trimmed: 10 times.

No. of allowed errors:
0-9 bp: 0; 10-19 bp: 1; 20-29 bp: 2; 30-35 bp: 3

Overview of removed sequences
length	count	expect	max.err	error counts
35	7	0.0	3	2 2 1 2
37	1	0.0	3	0 0 0 1
38	2	0.0	3	0 0 0 2

