This is cutadapt 1.18 with Python 3.5.5
Command line parameters: -g ACGTTGGATGTTTGTTACTATGGTAGATACCACAC -g ACGTTGGATGTTTGTTACTAAGGTAGATACCACTC -g ACGTTGGATGTTTGTTACTGTGGTGGATACTAC -g ACGTTGGATGTTTGTTACTGTTGTGGATACAAC -g ACGTTGGATGTTTGTTACCGTTGTTGATACTAC -g ACGTTGGATGAATATATGTGTGCTTATTTG -G ACGTTGGATGTTTGTTACTATGGTAGATACCACAC -G ACGTTGGATGTTTGTTACTGTGGTGGATACTAC -G ACGTTGGATGTTTGTTACTGTTGTGGATACAAC -G ACGTTGGATGTTTGTTACCGTTGTTGATACTAC -G ACGTTGGATGAATATATGTGTGCTTATTTG -G ACGTTGGATGTTTGTTACTAAGGTAGATACCACTC -g ACGTTGGATGGAAAAATAAACTGCAAATCATATTC -g ACGTTGGATGGAAAAATAAACTGTAAATCATATTC -g ACGTTGGATGGAAAAATAAATTGTAAATCATACTC -g ACGTTGGATGAGATTAGGGAAAGTATTAGA -g ACGTTGGATGGAAAAATAAATTGTAAATCAAATTC -g ACGTTGGATGGAAAAATAAACTGTAAATCATATTCCT -G ACGTTGGATGGAAAAATAAACTGCAAATCATATTC -G ACGTTGGATGAGATTAGGGAAAGTATTAGA -G ACGTTGGATGGAAAAATAAATTGTAAATCATACTC -G ACGTTGGATGGAAAAATAAACTGTAAATCATATTCCT -G ACGTTGGATGGAAAAATAAACTGTAAATCATATTC -G ACGTTGGATGGAAAAATAAATTGTAAATCAAATTC --minimum-length=1 -o /data/projects/mdc-971/data_from_June_2019/30.primer_trimmed/180335_S1_cutadapt.1.fq.gz -p /data/projects/mdc-971/data_from_June_2019/30.primer_trimmed/180335_S1_cutadapt.2.fq.gz /data/projects/mdc-971/data_from_June_2019/20.trim_151st_nt/180335_S1_R1_001.bbduked.fastq.gz /data/projects/mdc-971/data_from_June_2019/20.trim_151st_nt/180335_S1_R2_001.bbduked.fastq.gz
Processing reads on 1 core in paired-end mode ...
Finished in 1.52 s (388 us/read; 0.15 M reads/minute).

=== Summary ===

Total read pairs processed:              3,911
  Read 1 with adapter:                   3,355 (85.8%)
  Read 2 with adapter:                   2,617 (66.9%)
Pairs that were too short:                   0 (0.0%)
Pairs written (passing filters):         3,911 (100.0%)

Total basepairs processed:     1,173,300 bp
  Read 1:       586,650 bp
  Read 2:       586,650 bp
Total written (filtered):        965,844 bp (82.3%)
  Read 1:       469,089 bp
  Read 2:       496,755 bp

=== First read: Adapter 1 ===

Sequence: ACGTTGGATGTTTGTTACTATGGTAGATACCACAC; Type: regular 5'; Length: 35; Trimmed: 224 times.

No. of allowed errors:
0-9 bp: 0; 10-19 bp: 1; 20-29 bp: 2; 30-35 bp: 3

Overview of removed sequences
length	count	expect	max.err	error counts
30	1	0.0	3	0 1
31	1	0.0	3	1
32	1	0.0	3	0 0 1
33	9	0.0	3	0 1 3 5
34	19	0.0	3	0 10 4 5
35	176	0.0	3	33 70 33 40
36	10	0.0	3	1 4 2 3
37	5	0.0	3	0 0 2 3
38	2	0.0	3	0 0 0 2

=== First read: Adapter 2 ===

Sequence: ACGTTGGATGTTTGTTACTAAGGTAGATACCACTC; Type: regular 5'; Length: 35; Trimmed: 180 times.

No. of allowed errors:
0-9 bp: 0; 10-19 bp: 1; 20-29 bp: 2; 30-35 bp: 3

Overview of removed sequences
length	count	expect	max.err	error counts
26	1	0.0	2	0 1
30	2	0.0	3	2
31	1	0.0	3	0 1
32	4	0.0	3	1 2 1
33	3	0.0	3	0 3
34	14	0.0	3	1 5 4 4
35	152	0.0	3	85 37 17 13
36	2	0.0	3	0 2
37	1	0.0	3	0 0 0 1

=== First read: Adapter 3 ===

Sequence: ACGTTGGATGTTTGTTACTGTGGTGGATACTAC; Type: regular 5'; Length: 33; Trimmed: 319 times.

No. of allowed errors:
0-9 bp: 0; 10-19 bp: 1; 20-29 bp: 2; 30-33 bp: 3

Overview of removed sequences
length	count	expect	max.err	error counts
26	1	0.0	2	1
28	2	0.0	2	1 1
29	4	0.0	2	3 1
30	8	0.0	3	2 3 1 2
31	7	0.0	3	1 3 2 1
32	37	0.0	3	5 8 12 12
33	227	0.0	3	92 50 46 39
34	31	0.0	3	0 17 7 7
35	2	0.0	3	0 0 1 1

=== First read: Adapter 4 ===

Sequence: ACGTTGGATGTTTGTTACTGTTGTGGATACAAC; Type: regular 5'; Length: 33; Trimmed: 113 times.

No. of allowed errors:
0-9 bp: 0; 10-19 bp: 1; 20-29 bp: 2; 30-33 bp: 3

Overview of removed sequences
length	count	expect	max.err	error counts
3	1	61.1	0	1
28	2	0.0	2	1 0 1
30	1	0.0	3	0 0 1
31	7	0.0	3	2 1 0 4
32	5	0.0	3	1 1 1 2
33	80	0.0	3	42 15 13 10
34	8	0.0	3	1 3 0 4
35	9	0.0	3	0 0 3 6

=== First read: Adapter 5 ===

Sequence: ACGTTGGATGTTTGTTACCGTTGTTGATACTAC; Type: regular 5'; Length: 33; Trimmed: 570 times.

No. of allowed errors:
0-9 bp: 0; 10-19 bp: 1; 20-29 bp: 2; 30-33 bp: 3

Overview of removed sequences
length	count	expect	max.err	error counts
20	1	0.0	2	1
28	3	0.0	2	2 1
29	6	0.0	2	3 2 1
30	12	0.0	3	4 5 1 2
31	26	0.0	3	8 9 7 2
32	52	0.0	3	10 20 13 9
33	454	0.0	3	251 138 43 22
34	10	0.0	3	1 5 3 1
35	6	0.0	3	0 0 4 2

=== First read: Adapter 6 ===

Sequence: ACGTTGGATGAATATATGTGTGCTTATTTG; Type: regular 5'; Length: 30; Trimmed: 0 times.

=== First read: Adapter 7 ===

Sequence: ACGTTGGATGGAAAAATAAACTGCAAATCATATTC; Type: regular 5'; Length: 35; Trimmed: 334 times.

No. of allowed errors:
0-9 bp: 0; 10-19 bp: 1; 20-29 bp: 2; 30-35 bp: 3

Overview of removed sequences
length	count	expect	max.err	error counts
31	4	0.0	3	0 3 1
32	1	0.0	3	1
33	6	0.0	3	2 1 1 2
34	28	0.0	3	0 16 7 5
35	248	0.0	3	141 52 21 34
36	35	0.0	3	0 15 13 7
37	4	0.0	3	0 0 0 4
38	8	0.0	3	0 0 0 8

=== First read: Adapter 8 ===

Sequence: ACGTTGGATGGAAAAATAAACTGTAAATCATATTC; Type: regular 5'; Length: 35; Trimmed: 71 times.

No. of allowed errors:
0-9 bp: 0; 10-19 bp: 1; 20-29 bp: 2; 30-35 bp: 3

Overview of removed sequences
length	count	expect	max.err	error counts
32	1	0.0	3	0 0 0 1
33	5	0.0	3	0 0 2 3
34	7	0.0	3	0 0 1 6
35	44	0.0	3	5 11 12 16
36	6	0.0	3	0 2 2 2
37	3	0.0	3	0 0 0 3
38	5	0.0	3	0 0 0 5

=== First read: Adapter 9 ===

Sequence: ACGTTGGATGGAAAAATAAATTGTAAATCATACTC; Type: regular 5'; Length: 35; Trimmed: 123 times.

No. of allowed errors:
0-9 bp: 0; 10-19 bp: 1; 20-29 bp: 2; 30-35 bp: 3

Overview of removed sequences
length	count	expect	max.err	error counts
34	7	0.0	3	1 3 1 2
35	103	0.0	3	60 22 13 8
37	1	0.0	3	0 0 1
38	12	0.0	3	1 0 0 11

=== First read: Adapter 10 ===

Sequence: ACGTTGGATGAGATTAGGGAAAGTATTAGA; Type: regular 5'; Length: 30; Trimmed: 0 times.

=== First read: Adapter 11 ===

Sequence: ACGTTGGATGGAAAAATAAATTGTAAATCAAATTC; Type: regular 5'; Length: 35; Trimmed: 67 times.

No. of allowed errors:
0-9 bp: 0; 10-19 bp: 1; 20-29 bp: 2; 30-35 bp: 3

Overview of removed sequences
length	count	expect	max.err	error counts
34	3	0.0	3	0 0 2 1
35	49	0.0	3	11 20 11 7
36	3	0.0	3	0 0 1 2
38	12	0.0	3	0 0 0 12

=== First read: Adapter 12 ===

Sequence: ACGTTGGATGGAAAAATAAACTGTAAATCATATTCCT; Type: regular 5'; Length: 37; Trimmed: 1354 times.

No. of allowed errors:
0-9 bp: 0; 10-19 bp: 1; 20-29 bp: 2; 30-37 bp: 3

Overview of removed sequences
length	count	expect	max.err	error counts
3	1	61.1	0	1
30	1	0.0	3	0 0 1
31	1	0.0	3	0 1
32	5	0.0	3	1 2 2
33	5	0.0	3	1 4
34	2	0.0	3	0 0 1 1
35	13	0.0	3	3 1 4 5
36	281	0.0	3	4 157 83 37
37	983	0.0	3	440 328 134 81
38	24	0.0	3	0 3 8 13
39	30	0.0	3	0 0 8 22
40	8	0.0	3	0 0 0 8

=== Second read: Adapter 13 ===

Sequence: ACGTTGGATGTTTGTTACTATGGTAGATACCACAC; Type: regular 5'; Length: 35; Trimmed: 209 times.

No. of allowed errors:
0-9 bp: 0; 10-19 bp: 1; 20-29 bp: 2; 30-35 bp: 3

Overview of removed sequences
length	count	expect	max.err	error counts
30	1	0.0	3	0 0 0 1
33	18	0.0	3	0 0 10 8
34	12	0.0	3	0 3 2 7
35	167	0.0	3	13 66 45 43
36	8	0.0	3	0 2 2 4
37	2	0.0	3	0 0 2
38	1	0.0	3	0 0 0 1

=== Second read: Adapter 14 ===

Sequence: ACGTTGGATGTTTGTTACTGTGGTGGATACTAC; Type: regular 5'; Length: 33; Trimmed: 363 times.

No. of allowed errors:
0-9 bp: 0; 10-19 bp: 1; 20-29 bp: 2; 30-33 bp: 3

Overview of removed sequences
length	count	expect	max.err	error counts
29	2	0.0	2	0 1 1
30	5	0.0	3	0 0 1 4
31	12	0.0	3	1 0 7 4
32	68	0.0	3	3 15 20 30
33	236	0.0	3	88 76 32 40
34	29	0.0	3	0 12 11 6
35	10	0.0	3	0 0 5 5
41	1	0.0	3	0 0 0 1

=== Second read: Adapter 15 ===

Sequence: ACGTTGGATGTTTGTTACTGTTGTGGATACAAC; Type: regular 5'; Length: 33; Trimmed: 133 times.

No. of allowed errors:
0-9 bp: 0; 10-19 bp: 1; 20-29 bp: 2; 30-33 bp: 3

Overview of removed sequences
length	count	expect	max.err	error counts
3	9	61.1	0	9
25	1	0.0	2	0 0 1
30	1	0.0	3	0 0 0 1
32	19	0.0	3	1 10 3 5
33	73	0.0	3	31 12 18 12
34	6	0.0	3	0 1 2 3
35	21	0.0	3	0 0 8 13
36	2	0.0	3	0 0 0 2
56	1	0.0	3	1

=== Second read: Adapter 16 ===

Sequence: ACGTTGGATGTTTGTTACCGTTGTTGATACTAC; Type: regular 5'; Length: 33; Trimmed: 601 times.

No. of allowed errors:
0-9 bp: 0; 10-19 bp: 1; 20-29 bp: 2; 30-33 bp: 3

Overview of removed sequences
length	count	expect	max.err	error counts
26	1	0.0	2	0 1
28	2	0.0	2	1 1
29	2	0.0	2	0 2
30	12	0.0	3	0 1 2 9
31	11	0.0	3	1 3 3 4
32	72	0.0	3	6 21 17 28
33	458	0.0	3	206 160 62 30
34	18	0.0	3	0 5 6 7
35	25	0.0	3	0 0 14 11

=== Second read: Adapter 17 ===

Sequence: ACGTTGGATGAATATATGTGTGCTTATTTG; Type: regular 5'; Length: 30; Trimmed: 2 times.

No. of allowed errors:
0-9 bp: 0; 10-19 bp: 1; 20-29 bp: 2; 30 bp: 3

Overview of removed sequences
length	count	expect	max.err	error counts
3	1	61.1	0	1
4	1	15.3	0	1

=== Second read: Adapter 18 ===

Sequence: ACGTTGGATGTTTGTTACTAAGGTAGATACCACTC; Type: regular 5'; Length: 35; Trimmed: 166 times.

No. of allowed errors:
0-9 bp: 0; 10-19 bp: 1; 20-29 bp: 2; 30-35 bp: 3

Overview of removed sequences
length	count	expect	max.err	error counts
31	1	0.0	3	1
33	2	0.0	3	1 0 0 1
34	9	0.0	3	0 4 5
35	151	0.0	3	54 44 31 22
36	3	0.0	3	0 1 2

=== Second read: Adapter 19 ===

Sequence: ACGTTGGATGGAAAAATAAACTGCAAATCATATTC; Type: regular 5'; Length: 35; Trimmed: 190 times.

No. of allowed errors:
0-9 bp: 0; 10-19 bp: 1; 20-29 bp: 2; 30-35 bp: 3

Overview of removed sequences
length	count	expect	max.err	error counts
21	1	0.0	2	0 1
30	1	0.0	3	0 1
31	1	0.0	3	0 1
33	3	0.0	3	0 0 2 1
34	12	0.0	3	1 2 5 4
35	158	0.0	3	68 46 15 29
36	10	0.0	3	0 6 1 3
37	1	0.0	3	0 0 0 1
38	3	0.0	3	0 0 0 3

=== Second read: Adapter 20 ===

Sequence: ACGTTGGATGAGATTAGGGAAAGTATTAGA; Type: regular 5'; Length: 30; Trimmed: 0 times.

=== Second read: Adapter 21 ===

Sequence: ACGTTGGATGGAAAAATAAATTGTAAATCATACTC; Type: regular 5'; Length: 35; Trimmed: 65 times.

No. of allowed errors:
0-9 bp: 0; 10-19 bp: 1; 20-29 bp: 2; 30-35 bp: 3

Overview of removed sequences
length	count	expect	max.err	error counts
18	1	0.0	1	0 1
33	2	0.0	3	0 0 0 2
35	58	0.0	3	18 19 10 11
38	4	0.0	3	0 0 0 4

=== Second read: Adapter 22 ===

Sequence: ACGTTGGATGGAAAAATAAACTGTAAATCATATTCCT; Type: regular 5'; Length: 37; Trimmed: 835 times.

No. of allowed errors:
0-9 bp: 0; 10-19 bp: 1; 20-29 bp: 2; 30-37 bp: 3

Overview of removed sequences
length	count	expect	max.err	error counts
3	7	61.1	0	7
4	8	15.3	0	8
31	1	0.0	3	0 1
33	1	0.0	3	0 1
34	1	0.0	3	1
35	15	0.0	3	0 2 5 8
36	153	0.0	3	0 64 48 41
37	618	0.0	3	210 213 108 87
38	9	0.0	3	0 2 3 4
39	20	0.0	3	0 0 7 13
40	2	0.0	3	0 0 0 2

=== Second read: Adapter 23 ===

Sequence: ACGTTGGATGGAAAAATAAACTGTAAATCATATTC; Type: regular 5'; Length: 35; Trimmed: 30 times.

No. of allowed errors:
0-9 bp: 0; 10-19 bp: 1; 20-29 bp: 2; 30-35 bp: 3

Overview of removed sequences
length	count	expect	max.err	error counts
25	1	0.0	2	0 0 1
32	3	0.0	3	0 0 0 3
33	1	0.0	3	0 0 0 1
34	5	0.0	3	0 0 0 5
35	18	0.0	3	0 0 3 15
36	2	0.0	3	0 0 0 2

=== Second read: Adapter 24 ===

Sequence: ACGTTGGATGGAAAAATAAATTGTAAATCAAATTC; Type: regular 5'; Length: 35; Trimmed: 23 times.

No. of allowed errors:
0-9 bp: 0; 10-19 bp: 1; 20-29 bp: 2; 30-35 bp: 3

Overview of removed sequences
length	count	expect	max.err	error counts
34	1	0.0	3	0 0 1
35	20	0.0	3	2 2 11 5
36	1	0.0	3	0 0 0 1
38	1	0.0	3	0 0 0 1

