This is cutadapt 1.18 with Python 3.5.5
Command line parameters: -g ACGTTGGATGTTTGTTACTATGGTAGATACCACAC -g ACGTTGGATGTTTGTTACTAAGGTAGATACCACTC -g ACGTTGGATGTTTGTTACTGTGGTGGATACTAC -g ACGTTGGATGTTTGTTACTGTTGTGGATACAAC -g ACGTTGGATGTTTGTTACCGTTGTTGATACTAC -g ACGTTGGATGAATATATGTGTGCTTATTTG -G ACGTTGGATGTTTGTTACTATGGTAGATACCACAC -G ACGTTGGATGTTTGTTACTGTGGTGGATACTAC -G ACGTTGGATGTTTGTTACTGTTGTGGATACAAC -G ACGTTGGATGTTTGTTACCGTTGTTGATACTAC -G ACGTTGGATGAATATATGTGTGCTTATTTG -G ACGTTGGATGTTTGTTACTAAGGTAGATACCACTC -g ACGTTGGATGGAAAAATAAACTGCAAATCATATTC -g ACGTTGGATGGAAAAATAAACTGTAAATCATATTC -g ACGTTGGATGGAAAAATAAATTGTAAATCATACTC -g ACGTTGGATGAGATTAGGGAAAGTATTAGA -g ACGTTGGATGGAAAAATAAATTGTAAATCAAATTC -g ACGTTGGATGGAAAAATAAACTGTAAATCATATTCCT -G ACGTTGGATGGAAAAATAAACTGCAAATCATATTC -G ACGTTGGATGAGATTAGGGAAAGTATTAGA -G ACGTTGGATGGAAAAATAAATTGTAAATCATACTC -G ACGTTGGATGGAAAAATAAACTGTAAATCATATTCCT -G ACGTTGGATGGAAAAATAAACTGTAAATCATATTC -G ACGTTGGATGGAAAAATAAATTGTAAATCAAATTC --minimum-length=1 -o /data/projects/mdc-971/data_from_June_2019/30.primer_trimmed/180357_S19_cutadapt.1.fq.gz -p /data/projects/mdc-971/data_from_June_2019/30.primer_trimmed/180357_S19_cutadapt.2.fq.gz /data/projects/mdc-971/data_from_June_2019/20.trim_151st_nt/180357_S19_R1_001.bbduked.fastq.gz /data/projects/mdc-971/data_from_June_2019/20.trim_151st_nt/180357_S19_R2_001.bbduked.fastq.gz
Processing reads on 1 core in paired-end mode ...
Finished in 23.85 s (381 us/read; 0.16 M reads/minute).

=== Summary ===

Total read pairs processed:             62,674
  Read 1 with adapter:                  54,076 (86.3%)
  Read 2 with adapter:                  40,569 (64.7%)
Pairs that were too short:                   0 (0.0%)
Pairs written (passing filters):        62,674 (100.0%)

Total basepairs processed:    18,802,200 bp
  Read 1:     9,401,100 bp
  Read 2:     9,401,100 bp
Total written (filtered):     15,611,207 bp (83.0%)
  Read 1:     7,572,601 bp
  Read 2:     8,038,606 bp

=== First read: Adapter 1 ===

Sequence: ACGTTGGATGTTTGTTACTATGGTAGATACCACAC; Type: regular 5'; Length: 35; Trimmed: 4993 times.

No. of allowed errors:
0-9 bp: 0; 10-19 bp: 1; 20-29 bp: 2; 30-35 bp: 3

Overview of removed sequences
length	count	expect	max.err	error counts
3	2	979.3	0	2
18	2	0.0	1	1 1
20	2	0.0	2	1 1
21	2	0.0	2	0 1 1
22	2	0.0	2	1 1
23	3	0.0	2	1 2
26	7	0.0	2	4 1 2
27	18	0.0	2	4 9 5
28	35	0.0	2	11 9 10 5
29	68	0.0	2	12 17 12 27
30	186	0.0	3	51 83 30 22
31	84	0.0	3	22 32 15 15
32	165	0.0	3	25 41 45 54
33	369	0.0	3	18 65 159 127
34	945	0.0	3	19 360 319 247
35	2728	0.0	3	748 1013 573 394
36	232	0.0	3	1 55 94 82
37	94	0.0	3	1 0 44 49
38	46	0.0	3	0 0 0 46
46	1	0.0	3	0 1
48	1	0.0	3	0 1
49	1	0.0	3	0 0 1

=== First read: Adapter 2 ===

Sequence: ACGTTGGATGTTTGTTACTAAGGTAGATACCACTC; Type: regular 5'; Length: 35; Trimmed: 5323 times.

No. of allowed errors:
0-9 bp: 0; 10-19 bp: 1; 20-29 bp: 2; 30-35 bp: 3

Overview of removed sequences
length	count	expect	max.err	error counts
3	1	979.3	0	1
11	1	0.0	1	1
15	2	0.0	1	2
19	2	0.0	1	2
20	1	0.0	2	0 0 1
22	3	0.0	2	1 1 1
23	2	0.0	2	2
24	1	0.0	2	1
26	7	0.0	2	3 4
27	19	0.0	2	9 8 2
28	18	0.0	2	9 6 2 1
29	65	0.0	2	27 26 11 1
30	297	0.0	3	176 76 30 15
31	280	0.0	3	122 88 42 28
32	433	0.0	3	159 145 84 45
33	380	0.0	3	100 118 88 74
34	665	0.0	3	75 274 181 135
35	2896	0.0	3	1268 832 519 277
36	204	0.0	3	0 77 80 47
37	24	0.0	3	0 0 14 10
38	17	0.0	3	0 0 0 17
39	3	0.0	3	2 0 1
43	1	0.0	3	0 0 0 1
44	1	0.0	3	1

=== First read: Adapter 3 ===

Sequence: ACGTTGGATGTTTGTTACTGTGGTGGATACTAC; Type: regular 5'; Length: 33; Trimmed: 12636 times.

No. of allowed errors:
0-9 bp: 0; 10-19 bp: 1; 20-29 bp: 2; 30-33 bp: 3

Overview of removed sequences
length	count	expect	max.err	error counts
12	1	0.0	1	0 1
14	8	0.0	1	7 1
15	4	0.0	1	1 3
16	2	0.0	1	1 1
17	2	0.0	1	1 1
18	3	0.0	1	3
19	4	0.0	1	1 3
20	21	0.0	2	17 4
21	8	0.0	2	6 2
22	4	0.0	2	3 0 1
23	8	0.0	2	5 2 1
24	50	0.0	2	28 13 9
25	193	0.0	2	105 62 26
26	228	0.0	2	121 76 31
27	517	0.0	2	337 147 33
28	1033	0.0	2	656 268 108 1
29	728	0.0	2	350 253 103 22
30	1691	0.0	3	758 521 261 151
31	1117	0.0	3	294 324 293 206
32	1529	0.0	3	247 541 424 317
33	4988	0.0	3	2209 1496 798 485
34	360	0.0	3	1 157 133 69
35	70	0.0	3	4 2 32 32
36	49	0.0	3	1 0 0 48
37	4	0.0	3	1 1 1 1
39	2	0.0	3	0 0 1 1
41	4	0.0	3	1 0 2 1
42	1	0.0	3	1
44	3	0.0	3	1 1 1
45	1	0.0	3	0 1
46	1	0.0	3	0 0 0 1
53	1	0.0	3	0 1
62	1	0.0	3	0 1

=== First read: Adapter 4 ===

Sequence: ACGTTGGATGTTTGTTACTGTTGTGGATACAAC; Type: regular 5'; Length: 33; Trimmed: 3035 times.

No. of allowed errors:
0-9 bp: 0; 10-19 bp: 1; 20-29 bp: 2; 30-33 bp: 3

Overview of removed sequences
length	count	expect	max.err	error counts
3	7	979.3	0	7
20	1	0.0	2	1
24	3	0.0	2	1 2
25	17	0.0	2	6 8 3
26	7	0.0	2	4 3
27	31	0.0	2	19 8 4
28	88	0.0	2	54 23 11
29	55	0.0	2	24 17 14
30	110	0.0	3	55 26 20 9
31	162	0.0	3	41 45 42 34
32	334	0.0	3	32 145 88 69
33	2011	0.0	3	914 529 387 181
34	120	0.0	3	2 53 35 30
35	50	0.0	3	1 0 25 24
36	38	0.0	3	0 0 0 38
51	1	0.0	3	0 0 1

=== First read: Adapter 5 ===

Sequence: ACGTTGGATGTTTGTTACCGTTGTTGATACTAC; Type: regular 5'; Length: 33; Trimmed: 5504 times.

No. of allowed errors:
0-9 bp: 0; 10-19 bp: 1; 20-29 bp: 2; 30-33 bp: 3

Overview of removed sequences
length	count	expect	max.err	error counts
14	2	0.0	1	2
16	1	0.0	1	0 1
18	1	0.0	1	0 1
20	3	0.0	2	3
23	1	0.0	2	0 0 1
24	10	0.0	2	6 3 1
25	29	0.0	2	18 10 1
26	49	0.0	2	22 20 7
27	133	0.0	2	88 34 10 1
28	349	0.0	2	212 88 47 2
29	298	0.0	2	104 113 69 12
30	721	0.0	3	268 261 97 95
31	672	0.0	3	157 190 199 126
32	821	0.0	3	100 283 257 181
33	2203	0.0	3	982 725 334 162
34	156	0.0	3	1 47 72 36
35	38	0.0	3	0 0 14 24
36	9	0.0	3	0 0 0 9
37	2	0.0	3	0 2
39	1	0.0	3	0 0 1
42	2	0.0	3	1 1
43	1	0.0	3	1
44	1	0.0	3	1
48	1	0.0	3	0 0 1

=== First read: Adapter 6 ===

Sequence: ACGTTGGATGAATATATGTGTGCTTATTTG; Type: regular 5'; Length: 30; Trimmed: 64 times.

No. of allowed errors:
0-9 bp: 0; 10-19 bp: 1; 20-29 bp: 2; 30 bp: 3

Overview of removed sequences
length	count	expect	max.err	error counts
3	51	979.3	0	51
4	7	244.8	0	7
5	3	61.2	0	3
30	3	0.0	3	2 1

=== First read: Adapter 7 ===

Sequence: ACGTTGGATGGAAAAATAAACTGCAAATCATATTC; Type: regular 5'; Length: 35; Trimmed: 6284 times.

No. of allowed errors:
0-9 bp: 0; 10-19 bp: 1; 20-29 bp: 2; 30-35 bp: 3

Overview of removed sequences
length	count	expect	max.err	error counts
3	1	979.3	0	1
29	4	0.0	2	1 0 2 1
30	15	0.0	3	5 6 1 3
31	15	0.0	3	8 4 2 1
32	75	0.0	3	7 3 4 61
33	103	0.0	3	2 9 53 39
34	1045	0.0	3	11 765 178 91
35	3806	0.0	3	2770 585 244 207
36	1046	0.0	3	0 692 172 182
37	97	0.0	3	0 0 41 56
38	76	0.0	3	0 0 0 76
62	1	0.0	3	0 0 0 1

=== First read: Adapter 8 ===

Sequence: ACGTTGGATGGAAAAATAAACTGTAAATCATATTC; Type: regular 5'; Length: 35; Trimmed: 1486 times.

No. of allowed errors:
0-9 bp: 0; 10-19 bp: 1; 20-29 bp: 2; 30-35 bp: 3

Overview of removed sequences
length	count	expect	max.err	error counts
30	3	0.0	3	0 0 2 1
31	1	0.0	3	0 0 1
32	112	0.0	3	1 0 0 111
33	61	0.0	3	1 5 27 28
34	367	0.0	3	3 249 60 55
35	617	0.0	3	243 161 95 118
36	185	0.0	3	0 44 59 82
37	61	0.0	3	0 0 6 55
38	79	0.0	3	0 0 0 79

=== First read: Adapter 9 ===

Sequence: ACGTTGGATGGAAAAATAAATTGTAAATCATACTC; Type: regular 5'; Length: 35; Trimmed: 1322 times.

No. of allowed errors:
0-9 bp: 0; 10-19 bp: 1; 20-29 bp: 2; 30-35 bp: 3

Overview of removed sequences
length	count	expect	max.err	error counts
19	1	0.0	1	1
30	1	0.0	3	1
31	1	0.0	3	0 1
32	7	0.0	3	0 0 0 7
33	25	0.0	3	0 3 13 9
34	92	0.0	3	17 50 18 7
35	1151	0.0	3	741 195 72 143
36	23	0.0	3	1 11 4 7
37	8	0.0	3	0 0 1 7
38	12	0.0	3	0 0 0 12
45	1	0.0	3	0 1

=== First read: Adapter 10 ===

Sequence: ACGTTGGATGAGATTAGGGAAAGTATTAGA; Type: regular 5'; Length: 30; Trimmed: 9 times.

No. of allowed errors:
0-9 bp: 0; 10-19 bp: 1; 20-29 bp: 2; 30 bp: 3

Overview of removed sequences
length	count	expect	max.err	error counts
3	6	979.3	0	6
4	2	244.8	0	2
27	1	0.0	2	0 1

=== First read: Adapter 11 ===

Sequence: ACGTTGGATGGAAAAATAAATTGTAAATCAAATTC; Type: regular 5'; Length: 35; Trimmed: 589 times.

No. of allowed errors:
0-9 bp: 0; 10-19 bp: 1; 20-29 bp: 2; 30-35 bp: 3

Overview of removed sequences
length	count	expect	max.err	error counts
6	1	15.3	0	1
33	4	0.0	3	0 0 2 2
34	23	0.0	3	0 14 5 4
35	539	0.0	3	367 97 45 30
36	12	0.0	3	0 5 3 4
37	1	0.0	3	0 0 1
38	9	0.0	3	0 0 0 9

=== First read: Adapter 12 ===

Sequence: ACGTTGGATGGAAAAATAAACTGTAAATCATATTCCT; Type: regular 5'; Length: 37; Trimmed: 12831 times.

No. of allowed errors:
0-9 bp: 0; 10-19 bp: 1; 20-29 bp: 2; 30-37 bp: 3

Overview of removed sequences
length	count	expect	max.err	error counts
3	6	979.3	0	6
19	1	0.0	1	0 1
20	1	0.0	2	0 1
29	1	0.0	2	1
30	2	0.0	3	0 0 1 1
31	4	0.0	3	0 3 0 1
32	17	0.0	3	3 9 3 2
33	27	0.0	3	9 10 4 4
34	38	0.0	3	8 9 8 13
35	436	0.0	3	10 16 324 86
36	2508	0.0	3	41 1695 521 251
37	7785	0.0	3	3175 3251 958 401
38	997	0.0	3	1 196 580 220
39	746	0.0	3	0 0 175 571
40	260	0.0	3	0 0 0 260
46	1	0.0	3	0 1
63	1	0.0	3	0 1

=== Second read: Adapter 13 ===

Sequence: ACGTTGGATGTTTGTTACTATGGTAGATACCACAC; Type: regular 5'; Length: 35; Trimmed: 5512 times.

No. of allowed errors:
0-9 bp: 0; 10-19 bp: 1; 20-29 bp: 2; 30-35 bp: 3

Overview of removed sequences
length	count	expect	max.err	error counts
3	1	979.3	0	1
4	1	244.8	0	1
18	1	0.0	1	0 1
22	2	0.0	2	0 1 1
25	2	0.0	2	1 1
26	3	0.0	2	1 1 1
27	6	0.0	2	2 1 3
28	8	0.0	2	1 1 3 3
29	20	0.0	2	4 4 6 6
30	45	0.0	3	5 10 7 23
31	83	0.0	3	7 23 32 21
32	111	0.0	3	4 28 36 43
33	553	0.0	3	9 34 227 283
34	677	0.0	3	8 194 215 260
35	3586	0.0	3	685 1324 942 635
36	254	0.0	3	0 62 106 86
37	120	0.0	3	0 0 34 86
38	23	0.0	3	0 0 0 23
42	1	0.0	3	0 0 0 1
43	4	0.0	3	0 3 0 1
44	2	0.0	3	0 0 2
46	1	0.0	3	0 0 1
47	1	0.0	3	1
48	1	0.0	3	0 1
49	1	0.0	3	0 0 0 1
51	3	0.0	3	1 2
53	1	0.0	3	0 0 1
60	1	0.0	3	0 0 1

=== Second read: Adapter 14 ===

Sequence: ACGTTGGATGTTTGTTACTGTGGTGGATACTAC; Type: regular 5'; Length: 33; Trimmed: 10283 times.

No. of allowed errors:
0-9 bp: 0; 10-19 bp: 1; 20-29 bp: 2; 30-33 bp: 3

Overview of removed sequences
length	count	expect	max.err	error counts
3	4	979.3	0	4
13	1	0.0	1	1
15	1	0.0	1	1
16	1	0.0	1	0 1
17	2	0.0	1	1 1
18	1	0.0	1	1
19	2	0.0	1	1 1
20	5	0.0	2	1 3 1
21	1	0.0	2	0 1
22	1	0.0	2	0 0 1
23	4	0.0	2	2 1 1
24	11	0.0	2	1 6 4
25	16	0.0	2	0 11 5
26	47	0.0	2	16 26 5
27	84	0.0	2	30 31 23
28	148	0.0	2	63 46 37 2
29	215	0.0	2	54 78 71 12
30	717	0.0	3	71 137 113 396
31	903	0.0	3	125 141 283 354
32	1689	0.0	3	56 491 578 564
33	5622	0.0	3	2148 1823 1025 626
34	517	0.0	3	0 187 167 163
35	100	0.0	3	2 0 43 55
36	71	0.0	3	2 0 2 67
37	3	0.0	3	0 1 1 1
38	3	0.0	3	0 1 0 2
39	3	0.0	3	0 0 0 3
40	9	0.0	3	1 4 3 1
41	18	0.0	3	3 5 4 6
42	19	0.0	3	3 11 4 1
43	4	0.0	3	0 1 2 1
44	16	0.0	3	7 2 5 2
45	15	0.0	3	7 3 3 2
46	6	0.0	3	1 1 2 2
47	6	0.0	3	3 1 1 1
48	1	0.0	3	0 0 0 1
49	5	0.0	3	1 4
50	1	0.0	3	0 1
51	2	0.0	3	0 1 0 1
52	2	0.0	3	0 1 1
53	3	0.0	3	1 0 0 2
54	1	0.0	3	1
55	1	0.0	3	1
56	2	0.0	3	2

=== Second read: Adapter 15 ===

Sequence: ACGTTGGATGTTTGTTACTGTTGTGGATACAAC; Type: regular 5'; Length: 33; Trimmed: 3618 times.

No. of allowed errors:
0-9 bp: 0; 10-19 bp: 1; 20-29 bp: 2; 30-33 bp: 3

Overview of removed sequences
length	count	expect	max.err	error counts
3	114	979.3	0	114
17	1	0.0	1	0 1
19	1	0.0	1	0 0 1
22	1	0.0	2	0 1
25	4	0.0	2	3 1
26	5	0.0	2	3 1 1
27	8	0.0	2	3 5
28	18	0.0	2	5 3 10
29	27	0.0	2	5 13 9
30	44	0.0	3	11 13 12 8
31	174	0.0	3	20 10 57 87
32	639	0.0	3	11 235 196 197
33	2237	0.0	3	717 557 622 341
34	170	0.0	3	1 54 65 50
35	81	0.0	3	0 0 31 50
36	48	0.0	3	0 0 0 48
40	3	0.0	3	0 1 1 1
41	2	0.0	3	0 1 0 1
42	2	0.0	3	1 1
43	2	0.0	3	0 0 2
44	4	0.0	3	3 0 1
45	8	0.0	3	2 3 2 1
46	4	0.0	3	2 1 0 1
49	2	0.0	3	1 1
50	2	0.0	3	1 1
51	4	0.0	3	0 3 1
52	2	0.0	3	1 0 0 1
53	8	0.0	3	1 2 2 3
55	1	0.0	3	0 1
57	1	0.0	3	1
58	1	0.0	3	0 0 0 1

=== Second read: Adapter 16 ===

Sequence: ACGTTGGATGTTTGTTACCGTTGTTGATACTAC; Type: regular 5'; Length: 33; Trimmed: 5412 times.

No. of allowed errors:
0-9 bp: 0; 10-19 bp: 1; 20-29 bp: 2; 30-33 bp: 3

Overview of removed sequences
length	count	expect	max.err	error counts
16	1	0.0	1	0 1
19	2	0.0	1	1 1
24	3	0.0	2	1 2
25	4	0.0	2	1 2 1
26	16	0.0	2	3 8 5
27	15	0.0	2	7 4 4
28	57	0.0	2	22 13 21 1
29	117	0.0	2	33 36 40 8
30	534	0.0	3	38 60 51 385
31	575	0.0	3	67 64 247 197
32	1075	0.0	3	26 299 402 348
33	2576	0.0	3	1134 746 444 252
34	326	0.0	3	0 82 149 95
35	58	0.0	3	0 0 22 36
36	26	0.0	3	0 1 0 25
38	1	0.0	3	0 0 0 1
39	1	0.0	3	0 1
40	2	0.0	3	0 0 1 1
41	8	0.0	3	1 2 1 4
43	2	0.0	3	0 1 1
44	6	0.0	3	0 3 2 1
45	1	0.0	3	0 0 0 1
46	2	0.0	3	1 0 0 1
47	1	0.0	3	1
48	1	0.0	3	0 0 1
51	2	0.0	3	0 1 1

=== Second read: Adapter 17 ===

Sequence: ACGTTGGATGAATATATGTGTGCTTATTTG; Type: regular 5'; Length: 30; Trimmed: 205 times.

No. of allowed errors:
0-9 bp: 0; 10-19 bp: 1; 20-29 bp: 2; 30 bp: 3

Overview of removed sequences
length	count	expect	max.err	error counts
3	193	979.3	0	193
4	7	244.8	0	7
5	2	61.2	0	2
30	2	0.0	3	2
32	1	0.0	3	0 0 0 1

=== Second read: Adapter 18 ===

Sequence: ACGTTGGATGTTTGTTACTAAGGTAGATACCACTC; Type: regular 5'; Length: 35; Trimmed: 5414 times.

No. of allowed errors:
0-9 bp: 0; 10-19 bp: 1; 20-29 bp: 2; 30-35 bp: 3

Overview of removed sequences
length	count	expect	max.err	error counts
3	1	979.3	0	1
4	2	244.8	0	2
21	1	0.0	2	0 1
26	2	0.0	2	2
27	1	0.0	2	0 0 1
28	4	0.0	2	3 1
29	15	0.0	2	8 5 2
30	54	0.0	3	13 16 14 11
31	102	0.0	3	26 27 28 21
32	103	0.0	3	20 38 20 25
33	324	0.0	3	53 44 62 165
34	507	0.0	3	28 168 162 149
35	3942	0.0	3	1482 1101 762 597
36	268	0.0	3	6 82 101 79
37	46	0.0	3	0 0 24 22
38	19	0.0	3	0 0 0 19
39	1	0.0	3	1
40	1	0.0	3	0 0 0 1
43	7	0.0	3	4 3
44	1	0.0	3	0 1
45	2	0.0	3	0 2
46	4	0.0	3	3 0 0 1
47	3	0.0	3	1 2
48	1	0.0	3	1
50	1	0.0	3	1
51	1	0.0	3	1
58	1	0.0	3	1

=== Second read: Adapter 19 ===

Sequence: ACGTTGGATGGAAAAATAAACTGCAAATCATATTC; Type: regular 5'; Length: 35; Trimmed: 2080 times.

No. of allowed errors:
0-9 bp: 0; 10-19 bp: 1; 20-29 bp: 2; 30-35 bp: 3

Overview of removed sequences
length	count	expect	max.err	error counts
3	29	979.3	0	29
17	1	0.0	1	0 1
18	1	0.0	1	1
19	1	0.0	1	0 1
22	1	0.0	2	0 1
24	1	0.0	2	0 0 1
25	1	0.0	2	0 1
29	1	0.0	2	0 1
30	3	0.0	3	0 1 2
31	6	0.0	3	2 0 2 2
32	20	0.0	3	1 1 0 18
33	53	0.0	3	1 0 25 27
34	254	0.0	3	2 97 81 74
35	1177	0.0	3	499 290 190 198
36	459	0.0	3	0 237 110 112
37	35	0.0	3	0 1 6 28
38	29	0.0	3	0 0 0 29
41	1	0.0	3	0 0 0 1
43	1	0.0	3	0 0 1
44	2	0.0	3	0 1 0 1
45	1	0.0	3	0 0 1
46	1	0.0	3	1
47	1	0.0	3	1
51	1	0.0	3	0 1

=== Second read: Adapter 20 ===

Sequence: ACGTTGGATGAGATTAGGGAAAGTATTAGA; Type: regular 5'; Length: 30; Trimmed: 10 times.

No. of allowed errors:
0-9 bp: 0; 10-19 bp: 1; 20-29 bp: 2; 30 bp: 3

Overview of removed sequences
length	count	expect	max.err	error counts
3	8	979.3	0	8
4	1	244.8	0	1
5	1	61.2	0	1

=== Second read: Adapter 21 ===

Sequence: ACGTTGGATGGAAAAATAAATTGTAAATCATACTC; Type: regular 5'; Length: 35; Trimmed: 547 times.

No. of allowed errors:
0-9 bp: 0; 10-19 bp: 1; 20-29 bp: 2; 30-35 bp: 3

Overview of removed sequences
length	count	expect	max.err	error counts
17	1	0.0	1	1
20	1	0.0	2	1
27	1	0.0	2	0 0 1
31	2	0.0	3	0 1 1
32	4	0.0	3	0 0 0 4
33	25	0.0	3	0 0 8 17
34	58	0.0	3	3 19 19 17
35	416	0.0	3	191 103 64 58
36	23	0.0	3	0 7 9 7
37	9	0.0	3	0 1 2 6
38	3	0.0	3	0 0 0 3
39	1	0.0	3	0 1
43	2	0.0	3	0 0 2
53	1	0.0	3	0 0 0 1

=== Second read: Adapter 22 ===

Sequence: ACGTTGGATGGAAAAATAAACTGTAAATCATATTCCT; Type: regular 5'; Length: 37; Trimmed: 6690 times.

No. of allowed errors:
0-9 bp: 0; 10-19 bp: 1; 20-29 bp: 2; 30-37 bp: 3

Overview of removed sequences
length	count	expect	max.err	error counts
3	59	979.3	0	59
4	96	244.8	0	96
6	1	15.3	0	1
13	1	0.0	1	0 1
18	1	0.0	1	0 1
20	2	0.0	2	0 0 2
21	3	0.0	2	0 2 1
27	2	0.0	2	0 0 2
32	14	0.0	3	1 6 6 1
33	9	0.0	3	1 3 3 2
34	57	0.0	3	0 6 1 50
35	400	0.0	3	5 5 210 180
36	798	0.0	3	8 336 269 185
37	4561	0.0	3	1310 1704 959 588
38	385	0.0	3	0 53 191 141
39	193	0.0	3	0 0 57 136
40	93	0.0	3	0 0 0 93
44	1	0.0	3	0 1
45	1	0.0	3	0 0 1
46	4	0.0	3	0 0 4
49	3	0.0	3	0 2 1
51	1	0.0	3	1
52	1	0.0	3	0 0 1
53	1	0.0	3	0 0 1
55	1	0.0	3	0 1
57	1	0.0	3	0 0 1
62	1	0.0	3	1

=== Second read: Adapter 23 ===

Sequence: ACGTTGGATGGAAAAATAAACTGTAAATCATATTC; Type: regular 5'; Length: 35; Trimmed: 559 times.

No. of allowed errors:
0-9 bp: 0; 10-19 bp: 1; 20-29 bp: 2; 30-35 bp: 3

Overview of removed sequences
length	count	expect	max.err	error counts
17	1	0.0	1	0 1
18	1	0.0	1	0 1
20	1	0.0	2	0 0 1
30	1	0.0	3	0 0 0 1
31	2	0.0	3	0 0 1 1
32	45	0.0	3	0 0 0 45
33	45	0.0	3	0 0 24 21
34	126	0.0	3	0 0 60 66
35	229	0.0	3	0 0 81 148
36	73	0.0	3	0 0 2 71
37	26	0.0	3	0 0 0 26
38	7	0.0	3	0 0 0 7
46	1	0.0	3	0 0 0 1
48	1	0.0	3	0 0 0 1

=== Second read: Adapter 24 ===

Sequence: ACGTTGGATGGAAAAATAAATTGTAAATCAAATTC; Type: regular 5'; Length: 35; Trimmed: 239 times.

No. of allowed errors:
0-9 bp: 0; 10-19 bp: 1; 20-29 bp: 2; 30-35 bp: 3

Overview of removed sequences
length	count	expect	max.err	error counts
30	1	0.0	3	0 0 0 1
32	2	0.0	3	0 0 0 2
33	1	0.0	3	0 0 1
34	13	0.0	3	0 6 5 2
35	213	0.0	3	116 44 28 25
36	6	0.0	3	0 3 1 2
37	1	0.0	3	0 0 0 1
38	2	0.0	3	0 0 0 2

