This is cutadapt 1.18 with Python 3.5.5
Command line parameters: -g ACGTTGGATGTTTGTTACTATGGTAGATACCACAC -g ACGTTGGATGTTTGTTACTAAGGTAGATACCACTC -g ACGTTGGATGTTTGTTACTGTGGTGGATACTAC -g ACGTTGGATGTTTGTTACTGTTGTGGATACAAC -g ACGTTGGATGTTTGTTACCGTTGTTGATACTAC -g ACGTTGGATGAATATATGTGTGCTTATTTG -G ACGTTGGATGTTTGTTACTATGGTAGATACCACAC -G ACGTTGGATGTTTGTTACTGTGGTGGATACTAC -G ACGTTGGATGTTTGTTACTGTTGTGGATACAAC -G ACGTTGGATGTTTGTTACCGTTGTTGATACTAC -G ACGTTGGATGAATATATGTGTGCTTATTTG -G ACGTTGGATGTTTGTTACTAAGGTAGATACCACTC -g ACGTTGGATGGAAAAATAAACTGCAAATCATATTC -g ACGTTGGATGGAAAAATAAACTGTAAATCATATTC -g ACGTTGGATGGAAAAATAAATTGTAAATCATACTC -g ACGTTGGATGAGATTAGGGAAAGTATTAGA -g ACGTTGGATGGAAAAATAAATTGTAAATCAAATTC -g ACGTTGGATGGAAAAATAAACTGTAAATCATATTCCT -G ACGTTGGATGGAAAAATAAACTGCAAATCATATTC -G ACGTTGGATGAGATTAGGGAAAGTATTAGA -G ACGTTGGATGGAAAAATAAATTGTAAATCATACTC -G ACGTTGGATGGAAAAATAAACTGTAAATCATATTCCT -G ACGTTGGATGGAAAAATAAACTGTAAATCATATTC -G ACGTTGGATGGAAAAATAAATTGTAAATCAAATTC --minimum-length=1 -o /data/projects/mdc-971/data_from_June_2019/30.primer_trimmed/180353_S15_cutadapt.1.fq.gz -p /data/projects/mdc-971/data_from_June_2019/30.primer_trimmed/180353_S15_cutadapt.2.fq.gz /data/projects/mdc-971/data_from_June_2019/20.trim_151st_nt/180353_S15_R1_001.bbduked.fastq.gz /data/projects/mdc-971/data_from_June_2019/20.trim_151st_nt/180353_S15_R2_001.bbduked.fastq.gz
Processing reads on 1 core in paired-end mode ...
Finished in 38.95 s (381 us/read; 0.16 M reads/minute).

=== Summary ===

Total read pairs processed:            102,142
  Read 1 with adapter:                  90,480 (88.6%)
  Read 2 with adapter:                  72,645 (71.1%)
Pairs that were too short:                   0 (0.0%)
Pairs written (passing filters):       102,142 (100.0%)

Total basepairs processed:    30,642,600 bp
  Read 1:    15,321,300 bp
  Read 2:    15,321,300 bp
Total written (filtered):     25,056,267 bp (81.8%)
  Read 1:    12,194,077 bp
  Read 2:    12,862,190 bp

=== First read: Adapter 1 ===

Sequence: ACGTTGGATGTTTGTTACTATGGTAGATACCACAC; Type: regular 5'; Length: 35; Trimmed: 6636 times.

No. of allowed errors:
0-9 bp: 0; 10-19 bp: 1; 20-29 bp: 2; 30-35 bp: 3

Overview of removed sequences
length	count	expect	max.err	error counts
3	1	1596.0	0	1
10	1	0.1	1	1
12	1	0.0	1	1
19	2	0.0	1	0 2
20	2	0.0	2	1 1
22	5	0.0	2	2 3
23	4	0.0	2	2 1 1
25	2	0.0	2	0 0 2
26	10	0.0	2	2 4 4
27	24	0.0	2	8 9 7
28	18	0.0	2	8 1 5 4
29	65	0.0	2	15 27 12 11
30	99	0.0	3	34 39 12 14
31	80	0.0	3	18 36 13 13
32	144	0.0	3	16 34 27 67
33	413	0.0	3	13 47 200 153
34	1106	0.0	3	25 497 326 258
35	3903	0.0	3	1378 1411 635 479
36	407	0.0	3	0 148 152 107
37	221	0.0	3	0 0 96 125
38	125	0.0	3	0 0 0 125
56	1	0.0	3	0 1
64	2	0.0	3	0 2

=== First read: Adapter 2 ===

Sequence: ACGTTGGATGTTTGTTACTAAGGTAGATACCACTC; Type: regular 5'; Length: 35; Trimmed: 2863 times.

No. of allowed errors:
0-9 bp: 0; 10-19 bp: 1; 20-29 bp: 2; 30-35 bp: 3

Overview of removed sequences
length	count	expect	max.err	error counts
18	1	0.0	1	1
23	3	0.0	2	0 3
24	1	0.0	2	1
25	1	0.0	2	1
26	3	0.0	2	2 1
27	9	0.0	2	3 3 3
28	5	0.0	2	4 1
29	18	0.0	2	7 9 2
30	38	0.0	3	19 13 6
31	29	0.0	3	14 7 6 2
32	43	0.0	3	12 14 6 11
33	76	0.0	3	8 23 20 25
34	461	0.0	3	38 246 112 65
35	1879	0.0	3	1194 385 185 115
36	140	0.0	3	0 49 63 28
37	93	0.0	3	0 1 52 40
38	63	0.0	3	0 0 0 63

=== First read: Adapter 3 ===

Sequence: ACGTTGGATGTTTGTTACTGTGGTGGATACTAC; Type: regular 5'; Length: 33; Trimmed: 11885 times.

No. of allowed errors:
0-9 bp: 0; 10-19 bp: 1; 20-29 bp: 2; 30-33 bp: 3

Overview of removed sequences
length	count	expect	max.err	error counts
13	1	0.0	1	0 1
14	1	0.0	1	1
16	2	0.0	1	1 1
17	1	0.0	1	1
19	5	0.0	1	2 3
20	14	0.0	2	6 7 1
21	3	0.0	2	3
22	4	0.0	2	1 1 2
23	6	0.0	2	1 0 5
24	56	0.0	2	24 24 8
25	124	0.0	2	62 35 27
26	185	0.0	2	79 67 39
27	332	0.0	2	193 97 42
28	453	0.0	2	218 161 70 4
29	308	0.0	2	75 122 87 24
30	714	0.0	3	186 206 105 217
31	922	0.0	3	160 189 307 266
32	1506	0.0	3	176 561 435 334
33	5246	0.0	3	2336 1519 815 576
34	1606	0.0	3	1 732 571 302
35	336	0.0	3	0 1 178 157
36	49	0.0	3	0 2 0 47
37	2	0.0	3	1 1
38	1	0.0	3	1
39	2	0.0	3	0 1 0 1
41	1	0.0	3	0 0 0 1
44	1	0.0	3	0 0 1
45	1	0.0	3	1
50	1	0.0	3	0 0 1
51	1	0.0	3	1
53	1	0.0	3	0 0 0 1

=== First read: Adapter 4 ===

Sequence: ACGTTGGATGTTTGTTACTGTTGTGGATACAAC; Type: regular 5'; Length: 33; Trimmed: 7017 times.

No. of allowed errors:
0-9 bp: 0; 10-19 bp: 1; 20-29 bp: 2; 30-33 bp: 3

Overview of removed sequences
length	count	expect	max.err	error counts
3	9	1596.0	0	9
18	1	0.0	1	0 0 1
20	2	0.0	2	1 1
21	2	0.0	2	2
24	12	0.0	2	5 6 1
25	47	0.0	2	21 15 11
26	35	0.0	2	19 10 6
27	100	0.0	2	59 36 5
28	281	0.0	2	175 75 30 1
29	188	0.0	2	91 56 35 6
30	365	0.0	3	165 105 67 28
31	428	0.0	3	103 114 116 95
32	792	0.0	3	87 299 215 191
33	4184	0.0	3	1865 1129 817 373
34	275	0.0	3	0 107 87 81
35	230	0.0	3	0 0 115 115
36	64	0.0	3	0 0 0 64
37	1	0.0	3	1
41	1	0.0	3	0 1

=== First read: Adapter 5 ===

Sequence: ACGTTGGATGTTTGTTACCGTTGTTGATACTAC; Type: regular 5'; Length: 33; Trimmed: 8565 times.

No. of allowed errors:
0-9 bp: 0; 10-19 bp: 1; 20-29 bp: 2; 30-33 bp: 3

Overview of removed sequences
length	count	expect	max.err	error counts
14	1	0.0	1	1
16	1	0.0	1	0 1
17	1	0.0	1	1
18	1	0.0	1	1
19	2	0.0	1	1 1
20	5	0.0	2	3 2
21	2	0.0	2	0 2
22	1	0.0	2	0 0 1
23	1	0.0	2	0 0 1
24	16	0.0	2	7 6 3
25	37	0.0	2	17 10 10
26	61	0.0	2	18 21 22
27	167	0.0	2	94 45 28
28	396	0.0	2	191 123 70 12
29	279	0.0	2	76 89 79 35
30	783	0.0	3	200 226 122 235
31	1129	0.0	3	106 207 247 569
32	1190	0.0	3	68 264 518 340
33	2449	0.0	3	1190 700 348 211
34	685	0.0	3	1 207 285 192
35	1342	0.0	3	0 0 124 1218
36	13	0.0	3	1 0 0 12
39	1	0.0	3	0 0 0 1
42	1	0.0	3	1
58	1	0.0	3	0 0 0 1

=== First read: Adapter 6 ===

Sequence: ACGTTGGATGAATATATGTGTGCTTATTTG; Type: regular 5'; Length: 30; Trimmed: 56 times.

No. of allowed errors:
0-9 bp: 0; 10-19 bp: 1; 20-29 bp: 2; 30 bp: 3

Overview of removed sequences
length	count	expect	max.err	error counts
3	45	1596.0	0	45
4	4	399.0	0	4
9	1	0.4	0	0 1
29	1	0.0	2	1
30	5	0.0	3	1 1 3

=== First read: Adapter 7 ===

Sequence: ACGTTGGATGGAAAAATAAACTGCAAATCATATTC; Type: regular 5'; Length: 35; Trimmed: 17496 times.

No. of allowed errors:
0-9 bp: 0; 10-19 bp: 1; 20-29 bp: 2; 30-35 bp: 3

Overview of removed sequences
length	count	expect	max.err	error counts
12	1	0.0	1	1
19	1	0.0	1	1
22	1	0.0	2	1
25	1	0.0	2	1
27	1	0.0	2	1
28	5	0.0	2	2 2 1
29	6	0.0	2	2 0 3 1
30	66	0.0	3	20 26 14 6
31	58	0.0	3	30 16 9 3
32	309	0.0	3	37 13 12 247
33	375	0.0	3	15 19 193 148
34	2781	0.0	3	41 2071 425 244
35	10021	0.0	3	7133 1764 635 489
36	3425	0.0	3	0 2406 579 440
37	246	0.0	3	1 0 90 155
38	196	0.0	3	0 0 0 196
46	1	0.0	3	0 1
56	1	0.0	3	0 0 1
60	1	0.0	3	0 1

=== First read: Adapter 8 ===

Sequence: ACGTTGGATGGAAAAATAAACTGTAAATCATATTC; Type: regular 5'; Length: 35; Trimmed: 4439 times.

No. of allowed errors:
0-9 bp: 0; 10-19 bp: 1; 20-29 bp: 2; 30-35 bp: 3

Overview of removed sequences
length	count	expect	max.err	error counts
17	1	0.0	1	1
18	1	0.0	1	1
21	1	0.0	2	1
26	1	0.0	2	1
27	1	0.0	2	0 0 0 1
30	9	0.0	3	3 4 1 1
31	5	0.0	3	1 1 1 2
32	431	0.0	3	6 3 1 421
33	146	0.0	3	1 4 80 61
34	942	0.0	3	0 637 146 159
35	1958	0.0	3	592 696 382 288
36	638	0.0	3	0 187 225 226
37	143	0.0	3	0 1 20 122
38	162	0.0	3	0 0 0 162

=== First read: Adapter 9 ===

Sequence: ACGTTGGATGGAAAAATAAATTGTAAATCATACTC; Type: regular 5'; Length: 35; Trimmed: 5007 times.

No. of allowed errors:
0-9 bp: 0; 10-19 bp: 1; 20-29 bp: 2; 30-35 bp: 3

Overview of removed sequences
length	count	expect	max.err	error counts
19	2	0.0	1	1 1
27	1	0.0	2	0 1
29	2	0.0	2	1 0 1
30	5	0.0	3	2 2 0 1
31	6	0.0	3	5 1
32	32	0.0	3	1 0 0 31
33	181	0.0	3	7 7 102 65
34	392	0.0	3	111 191 64 26
35	4188	0.0	3	2626 685 268 609
36	101	0.0	3	1 44 18 38
37	47	0.0	3	1 0 18 28
38	48	0.0	3	0 0 0 48
43	1	0.0	3	0 0 1
44	1	0.0	3	1

=== First read: Adapter 10 ===

Sequence: ACGTTGGATGAGATTAGGGAAAGTATTAGA; Type: regular 5'; Length: 30; Trimmed: 19 times.

No. of allowed errors:
0-9 bp: 0; 10-19 bp: 1; 20-29 bp: 2; 30 bp: 3

Overview of removed sequences
length	count	expect	max.err	error counts
3	19	1596.0	0	19

=== First read: Adapter 11 ===

Sequence: ACGTTGGATGGAAAAATAAATTGTAAATCAAATTC; Type: regular 5'; Length: 35; Trimmed: 2527 times.

No. of allowed errors:
0-9 bp: 0; 10-19 bp: 1; 20-29 bp: 2; 30-35 bp: 3

Overview of removed sequences
length	count	expect	max.err	error counts
29	1	0.0	2	0 1
30	6	0.0	3	3 3
31	1	0.0	3	1
32	2	0.0	3	0 0 0 2
33	10	0.0	3	2 1 3 4
34	92	0.0	3	14 40 18 20
35	2335	0.0	3	1653 416 175 91
36	43	0.0	3	0 13 17 13
37	19	0.0	3	0 0 4 15
38	18	0.0	3	0 0 0 18

=== First read: Adapter 12 ===

Sequence: ACGTTGGATGGAAAAATAAACTGTAAATCATATTCCT; Type: regular 5'; Length: 37; Trimmed: 23970 times.

No. of allowed errors:
0-9 bp: 0; 10-19 bp: 1; 20-29 bp: 2; 30-37 bp: 3

Overview of removed sequences
length	count	expect	max.err	error counts
3	5	1596.0	0	5
4	2	399.0	0	2
19	1	0.0	1	0 1
20	2	0.0	2	1 1
21	1	0.0	2	0 1
23	1	0.0	2	1
26	1	0.0	2	1
28	1	0.0	2	0 1
29	2	0.0	2	2
30	2	0.0	3	0 0 0 2
31	13	0.0	3	0 3 9 1
32	44	0.0	3	10 15 15 4
33	31	0.0	3	5 15 4 7
34	99	0.0	3	8 22 12 57
35	1233	0.0	3	10 28 928 267
36	5083	0.0	3	42 3242 1198 601
37	11851	0.0	3	3854 5621 1621 755
38	2130	0.0	3	5 424 1136 565
39	3156	0.0	3	0 0 286 2870
40	310	0.0	3	0 0 0 310
44	1	0.0	3	0 0 1
64	1	0.0	3	0 1

=== Second read: Adapter 13 ===

Sequence: ACGTTGGATGTTTGTTACTATGGTAGATACCACAC; Type: regular 5'; Length: 35; Trimmed: 7357 times.

No. of allowed errors:
0-9 bp: 0; 10-19 bp: 1; 20-29 bp: 2; 30-35 bp: 3

Overview of removed sequences
length	count	expect	max.err	error counts
3	5	1596.0	0	5
4	4	399.0	0	4
9	1	0.4	0	1
10	1	0.1	1	1
11	1	0.0	1	1
13	1	0.0	1	0 1
14	1	0.0	1	1
16	1	0.0	1	0 1
20	2	0.0	2	1 1
21	2	0.0	2	0 1 1
22	1	0.0	2	0 0 1
23	1	0.0	2	0 1
24	2	0.0	2	0 0 2
25	1	0.0	2	0 1
26	8	0.0	2	3 4 1
27	5	0.0	2	2 3
28	10	0.0	2	4 2 4
29	16	0.0	2	3 8 2 3
30	23	0.0	3	8 7 5 3
31	28	0.0	3	5 6 7 10
32	56	0.0	3	6 7 12 31
33	539	0.0	3	8 11 225 295
34	902	0.0	3	5 295 283 319
35	4944	0.0	3	1350 1671 1132 791
36	443	0.0	3	0 137 161 145
37	236	0.0	3	0 0 99 137
38	110	0.0	3	0 0 0 110
43	3	0.0	3	1 0 1 1
45	1	0.0	3	0 1
46	1	0.0	3	0 0 0 1
49	1	0.0	3	0 0 0 1
50	1	0.0	3	0 1
51	1	0.0	3	0 1
52	1	0.0	3	0 0 1
53	1	0.0	3	0 0 1
54	1	0.0	3	0 0 1
55	1	0.0	3	0 0 1
57	1	0.0	3	1

=== Second read: Adapter 14 ===

Sequence: ACGTTGGATGTTTGTTACTGTGGTGGATACTAC; Type: regular 5'; Length: 33; Trimmed: 15369 times.

No. of allowed errors:
0-9 bp: 0; 10-19 bp: 1; 20-29 bp: 2; 30-33 bp: 3

Overview of removed sequences
length	count	expect	max.err	error counts
3	6	1596.0	0	6
5	3	99.7	0	3
10	1	0.1	1	1
16	1	0.0	1	1
17	3	0.0	1	2 1
18	5	0.0	1	2 3
19	4	0.0	1	3 1
20	4	0.0	2	1 1 2
21	1	0.0	2	0 1
22	1	0.0	2	1
23	3	0.0	2	1 1 1
24	10	0.0	2	0 7 3
25	19	0.0	2	5 9 5
26	47	0.0	2	16 22 9
27	44	0.0	2	17 11 16
28	65	0.0	2	16 28 17 4
29	88	0.0	2	14 26 31 17
30	1100	0.0	3	19 38 50 993
31	1533	0.0	3	48 50 443 992
32	2521	0.0	3	33 770 881 837
33	6818	0.0	3	2606 2217 1251 744
34	2499	0.0	3	0 968 962 569
35	333	0.0	3	0 0 125 208
36	74	0.0	3	0 0 0 74
37	1	0.0	3	0 0 0 1
38	3	0.0	3	0 0 0 3
39	9	0.0	3	0 0 1 8
40	13	0.0	3	2 2 2 7
41	27	0.0	3	7 11 6 3
42	21	0.0	3	5 6 6 4
43	13	0.0	3	4 1 3 5
44	11	0.0	3	4 4 1 2
45	7	0.0	3	2 2 1 2
46	16	0.0	3	3 3 3 7
47	4	0.0	3	1 0 1 2
48	8	0.0	3	2 4 0 2
49	16	0.0	3	2 3 5 6
50	4	0.0	3	0 2 0 2
51	10	0.0	3	1 3 3 3
52	4	0.0	3	2 1 0 1
53	10	0.0	3	2 1 4 3
54	3	0.0	3	1 0 1 1
55	3	0.0	3	1 0 1 1
56	2	0.0	3	0 0 1 1
58	1	0.0	3	0 1

=== Second read: Adapter 15 ===

Sequence: ACGTTGGATGTTTGTTACTGTTGTGGATACAAC; Type: regular 5'; Length: 33; Trimmed: 10615 times.

No. of allowed errors:
0-9 bp: 0; 10-19 bp: 1; 20-29 bp: 2; 30-33 bp: 3

Overview of removed sequences
length	count	expect	max.err	error counts
3	238	1596.0	0	238
4	1	399.0	0	1
20	2	0.0	2	0 1 1
22	1	0.0	2	0 1
23	1	0.0	2	0 0 1
25	4	0.0	2	1 1 2
26	12	0.0	2	2 7 3
27	16	0.0	2	3 9 4
28	39	0.0	2	20 12 5 2
29	50	0.0	2	16 19 13 2
30	136	0.0	3	23 35 34 44
31	460	0.0	3	36 31 118 275
32	1819	0.0	3	28 611 530 650
33	6671	0.0	3	1923 1625 2123 1000
34	537	0.0	3	2 168 171 196
35	357	0.0	3	2 0 149 206
36	127	0.0	3	0 0 1 126
39	2	0.0	3	0 0 2
40	4	0.0	3	1 1 1 1
41	17	0.0	3	5 6 5 1
42	13	0.0	3	4 3 3 3
43	4	0.0	3	2 1 0 1
44	5	0.0	3	0 2 2 1
45	11	0.0	3	4 3 4
46	4	0.0	3	0 1 1 2
47	5	0.0	3	1 1 3
48	6	0.0	3	0 3 1 2
49	12	0.0	3	4 3 5
50	5	0.0	3	0 1 2 2
51	16	0.0	3	3 6 4 3
52	9	0.0	3	1 5 2 1
53	13	0.0	3	6 0 3 4
54	4	0.0	3	1 1 2
55	8	0.0	3	2 2 3 1
56	1	0.0	3	1
57	2	0.0	3	2
58	1	0.0	3	1
59	1	0.0	3	0 0 0 1
62	1	0.0	3	0 0 1

=== Second read: Adapter 16 ===

Sequence: ACGTTGGATGTTTGTTACCGTTGTTGATACTAC; Type: regular 5'; Length: 33; Trimmed: 11779 times.

No. of allowed errors:
0-9 bp: 0; 10-19 bp: 1; 20-29 bp: 2; 30-33 bp: 3

Overview of removed sequences
length	count	expect	max.err	error counts
19	1	0.0	1	1
20	2	0.0	2	2
21	2	0.0	2	1 1
23	3	0.0	2	0 2 1
24	5	0.0	2	2 2 1
25	6	0.0	2	1 2 3
26	16	0.0	2	2 4 10
27	44	0.0	2	13 14 17
28	133	0.0	2	52 39 35 7
29	160	0.0	2	30 69 48 13
30	1160	0.0	3	40 57 62 1001
31	1390	0.0	3	66 89 339 896
32	2128	0.0	3	12 444 935 737
33	3604	0.0	3	1483 1049 622 450
34	1393	0.0	3	0 310 684 399
35	1615	0.0	3	0 2 163 1450
36	35	0.0	3	0 0 2 33
37	2	0.0	3	0 1 1
38	2	0.0	3	0 0 0 2
39	4	0.0	3	1 0 1 2
40	5	0.0	3	0 1 0 4
41	18	0.0	3	4 9 2 3
42	8	0.0	3	1 4 0 3
43	5	0.0	3	0 1 3 1
44	12	0.0	3	6 2 0 4
45	3	0.0	3	1 1 1
46	4	0.0	3	0 2 2
47	3	0.0	3	0 0 1 2
48	2	0.0	3	0 0 1 1
49	3	0.0	3	0 0 1 2
50	1	0.0	3	0 0 1
51	1	0.0	3	1
52	2	0.0	3	0 1 1
53	4	0.0	3	1 0 2 1
54	1	0.0	3	0 0 1
55	1	0.0	3	0 0 1
56	1	0.0	3	0 0 0 1

=== Second read: Adapter 17 ===

Sequence: ACGTTGGATGAATATATGTGTGCTTATTTG; Type: regular 5'; Length: 30; Trimmed: 134 times.

No. of allowed errors:
0-9 bp: 0; 10-19 bp: 1; 20-29 bp: 2; 30 bp: 3

Overview of removed sequences
length	count	expect	max.err	error counts
3	126	1596.0	0	126
4	4	399.0	0	4
5	1	99.7	0	1
30	3	0.0	3	2 1

=== Second read: Adapter 18 ===

Sequence: ACGTTGGATGTTTGTTACTAAGGTAGATACCACTC; Type: regular 5'; Length: 35; Trimmed: 2854 times.

No. of allowed errors:
0-9 bp: 0; 10-19 bp: 1; 20-29 bp: 2; 30-35 bp: 3

Overview of removed sequences
length	count	expect	max.err	error counts
3	1	1596.0	0	1
4	3	399.0	0	3
14	1	0.0	1	0 1
22	1	0.0	2	1
27	1	0.0	2	0 0 1
28	1	0.0	2	1
29	2	0.0	2	1 0 1
30	10	0.0	3	2 3 2 3
31	6	0.0	3	0 3 1 2
32	29	0.0	3	0 4 4 21
33	153	0.0	3	8 4 64 77
34	451	0.0	3	10 208 132 101
35	1853	0.0	3	806 489 342 216
36	181	0.0	3	0 56 63 62
37	109	0.0	3	0 0 57 52
38	44	0.0	3	0 0 0 44
39	1	0.0	3	0 1
43	1	0.0	3	0 0 1
45	1	0.0	3	1
46	3	0.0	3	0 3
50	1	0.0	3	0 0 0 1
53	1	0.0	3	0 0 0 1

=== Second read: Adapter 19 ===

Sequence: ACGTTGGATGGAAAAATAAACTGCAAATCATATTC; Type: regular 5'; Length: 35; Trimmed: 6907 times.

No. of allowed errors:
0-9 bp: 0; 10-19 bp: 1; 20-29 bp: 2; 30-35 bp: 3

Overview of removed sequences
length	count	expect	max.err	error counts
3	14	1596.0	0	14
10	1	0.1	1	0 1
11	1	0.0	1	1
17	1	0.0	1	1
18	3	0.0	1	2 1
20	1	0.0	2	0 1
26	1	0.0	2	1
27	1	0.0	2	0 0 0 1
28	2	0.0	2	0 2
29	6	0.0	2	2 2 2
30	12	0.0	3	8 1 2 1
31	14	0.0	3	6 3 0 5
32	100	0.0	3	2 6 4 88
33	140	0.0	3	4 8 68 60
34	934	0.0	3	11 457 269 197
35	4185	0.0	3	2092 1037 567 489
36	1267	0.0	3	1 546 340 380
37	121	0.0	3	0 0 45 76
38	95	0.0	3	0 0 0 95
43	1	0.0	3	1
45	1	0.0	3	0 1
46	1	0.0	3	0 1
47	2	0.0	3	1 1
50	1	0.0	3	0 0 0 1
51	1	0.0	3	0 1
61	1	0.0	3	0 1

=== Second read: Adapter 20 ===

Sequence: ACGTTGGATGAGATTAGGGAAAGTATTAGA; Type: regular 5'; Length: 30; Trimmed: 17 times.

No. of allowed errors:
0-9 bp: 0; 10-19 bp: 1; 20-29 bp: 2; 30 bp: 3

Overview of removed sequences
length	count	expect	max.err	error counts
3	14	1596.0	0	14
4	2	399.0	0	2
30	1	0.0	3	0 0 1

=== Second read: Adapter 21 ===

Sequence: ACGTTGGATGGAAAAATAAATTGTAAATCATACTC; Type: regular 5'; Length: 35; Trimmed: 2573 times.

No. of allowed errors:
0-9 bp: 0; 10-19 bp: 1; 20-29 bp: 2; 30-35 bp: 3

Overview of removed sequences
length	count	expect	max.err	error counts
17	1	0.0	1	0 1
18	3	0.0	1	2 1
19	2	0.0	1	1 1
20	3	0.0	2	1 1 1
21	3	0.0	2	3
22	1	0.0	2	0 0 1
24	1	0.0	2	1
26	2	0.0	2	1 0 1
30	7	0.0	3	0 5 1 1
31	1	0.0	3	0 1
32	21	0.0	3	0 0 0 21
33	121	0.0	3	2 2 35 82
34	218	0.0	3	9 91 42 76
35	1959	0.0	3	874 457 246 382
36	148	0.0	3	0 31 60 57
37	32	0.0	3	0 0 8 24
38	28	0.0	3	0 0 0 28
42	1	0.0	3	0 1
43	3	0.0	3	0 0 2 1
44	5	0.0	3	1 1 1 2
46	1	0.0	3	0 1
47	3	0.0	3	0 0 1 2
49	2	0.0	3	0 1 0 1
50	2	0.0	3	0 1 0 1
51	1	0.0	3	0 1
53	2	0.0	3	0 1 1
55	1	0.0	3	0 0 0 1
56	1	0.0	3	0 1

=== Second read: Adapter 22 ===

Sequence: ACGTTGGATGGAAAAATAAACTGTAAATCATATTCCT; Type: regular 5'; Length: 37; Trimmed: 12116 times.

No. of allowed errors:
0-9 bp: 0; 10-19 bp: 1; 20-29 bp: 2; 30-37 bp: 3

Overview of removed sequences
length	count	expect	max.err	error counts
3	60	1596.0	0	60
4	71	399.0	0	71
6	1	24.9	0	1
17	1	0.0	1	0 1
18	2	0.0	1	0 0 2
19	2	0.0	1	0 2
20	6	0.0	2	2 1 3
21	5	0.0	2	0 3 2
22	4	0.0	2	0 3 1
29	1	0.0	2	0 0 1
30	2	0.0	3	0 0 0 2
31	8	0.0	3	0 2 4 2
32	10	0.0	3	0 4 3 3
33	17	0.0	3	2 5 6 4
34	198	0.0	3	3 5 7 183
35	1590	0.0	3	3 14 703 870
36	2011	0.0	3	7 957 613 434
37	5875	0.0	3	1287 2298 1419 871
38	852	0.0	3	1 135 380 336
39	1294	0.0	3	0 0 100 1194
40	75	0.0	3	0 0 0 75
44	2	0.0	3	0 1 0 1
45	4	0.0	3	0 2 1 1
46	6	0.0	3	0 1 3 2
47	1	0.0	3	0 1
48	2	0.0	3	0 1 1
49	5	0.0	3	0 4 1
50	1	0.0	3	1
52	3	0.0	3	0 2 0 1
53	1	0.0	3	0 0 1
54	2	0.0	3	0 0 2
55	2	0.0	3	0 0 2
57	1	0.0	3	1
62	1	0.0	3	0 1

=== Second read: Adapter 23 ===

Sequence: ACGTTGGATGGAAAAATAAACTGTAAATCATATTC; Type: regular 5'; Length: 35; Trimmed: 1670 times.

No. of allowed errors:
0-9 bp: 0; 10-19 bp: 1; 20-29 bp: 2; 30-35 bp: 3

Overview of removed sequences
length	count	expect	max.err	error counts
12	1	0.0	1	1
13	1	0.0	1	0 1
18	1	0.0	1	0 1
19	1	0.0	1	0 1
22	2	0.0	2	0 0 2
26	1	0.0	2	0 0 1
30	5	0.0	3	0 0 2 3
31	4	0.0	3	0 0 1 3
32	169	0.0	3	0 0 0 169
33	95	0.0	3	0 0 40 55
34	291	0.0	3	0 0 90 201
35	742	0.0	3	0 0 320 422
36	280	0.0	3	0 0 7 273
37	54	0.0	3	0 0 2 52
38	21	0.0	3	0 0 0 21
51	1	0.0	3	0 0 0 1
65	1	0.0	3	0 0 0 1

=== Second read: Adapter 24 ===

Sequence: ACGTTGGATGGAAAAATAAATTGTAAATCAAATTC; Type: regular 5'; Length: 35; Trimmed: 1254 times.

No. of allowed errors:
0-9 bp: 0; 10-19 bp: 1; 20-29 bp: 2; 30-35 bp: 3

Overview of removed sequences
length	count	expect	max.err	error counts
5	1	99.7	0	1
6	1	24.9	0	1
18	1	0.0	1	1
19	1	0.0	1	1
22	1	0.0	2	1
30	3	0.0	3	2 0 1
31	2	0.0	3	0 1 1
32	4	0.0	3	0 0 0 4
33	18	0.0	3	1 1 8 8
34	77	0.0	3	4 26 29 18
35	1090	0.0	3	597 225 149 119
36	29	0.0	3	0 9 8 12
37	14	0.0	3	0 0 7 7
38	9	0.0	3	0 0 0 9
43	2	0.0	3	0 1 0 1
51	1	0.0	3	0 0 1

