This is cutadapt 1.18 with Python 3.5.5
Command line parameters: -g ACGTTGGATGTTTGTTACTATGGTAGATACCACAC -g ACGTTGGATGTTTGTTACTAAGGTAGATACCACTC -g ACGTTGGATGTTTGTTACTGTGGTGGATACTAC -g ACGTTGGATGTTTGTTACTGTTGTGGATACAAC -g ACGTTGGATGTTTGTTACCGTTGTTGATACTAC -g ACGTTGGATGAATATATGTGTGCTTATTTG -G ACGTTGGATGTTTGTTACTATGGTAGATACCACAC -G ACGTTGGATGTTTGTTACTGTGGTGGATACTAC -G ACGTTGGATGTTTGTTACTGTTGTGGATACAAC -G ACGTTGGATGTTTGTTACCGTTGTTGATACTAC -G ACGTTGGATGAATATATGTGTGCTTATTTG -G ACGTTGGATGTTTGTTACTAAGGTAGATACCACTC -g ACGTTGGATGGAAAAATAAACTGCAAATCATATTC -g ACGTTGGATGGAAAAATAAACTGTAAATCATATTC -g ACGTTGGATGGAAAAATAAATTGTAAATCATACTC -g ACGTTGGATGAGATTAGGGAAAGTATTAGA -g ACGTTGGATGGAAAAATAAATTGTAAATCAAATTC -g ACGTTGGATGGAAAAATAAACTGTAAATCATATTCCT -G ACGTTGGATGGAAAAATAAACTGCAAATCATATTC -G ACGTTGGATGAGATTAGGGAAAGTATTAGA -G ACGTTGGATGGAAAAATAAATTGTAAATCATACTC -G ACGTTGGATGGAAAAATAAACTGTAAATCATATTCCT -G ACGTTGGATGGAAAAATAAACTGTAAATCATATTC -G ACGTTGGATGGAAAAATAAATTGTAAATCAAATTC --minimum-length=1 -o /data/projects/mdc-971/data_from_June_2019/30.primer_trimmed/180359_S21_cutadapt.1.fq.gz -p /data/projects/mdc-971/data_from_June_2019/30.primer_trimmed/180359_S21_cutadapt.2.fq.gz /data/projects/mdc-971/data_from_June_2019/20.trim_151st_nt/180359_S21_R1_001.bbduked.fastq.gz /data/projects/mdc-971/data_from_June_2019/20.trim_151st_nt/180359_S21_R2_001.bbduked.fastq.gz
Processing reads on 1 core in paired-end mode ...
Finished in 0.61 s (403 us/read; 0.15 M reads/minute).

=== Summary ===

Total read pairs processed:              1,505
  Read 1 with adapter:                   1,351 (89.8%)
  Read 2 with adapter:                   1,106 (73.5%)
Pairs that were too short:                   0 (0.0%)
Pairs written (passing filters):         1,505 (100.0%)

Total basepairs processed:       451,500 bp
  Read 1:       225,750 bp
  Read 2:       225,750 bp
Total written (filtered):        365,614 bp (81.0%)
  Read 1:       178,369 bp
  Read 2:       187,245 bp

=== First read: Adapter 1 ===

Sequence: ACGTTGGATGTTTGTTACTATGGTAGATACCACAC; Type: regular 5'; Length: 35; Trimmed: 190 times.

No. of allowed errors:
0-9 bp: 0; 10-19 bp: 1; 20-29 bp: 2; 30-35 bp: 3

Overview of removed sequences
length	count	expect	max.err	error counts
27	1	0.0	2	0 0 1
32	3	0.0	3	0 1 0 2
33	7	0.0	3	0 0 2 5
34	20	0.0	3	0 8 6 6
35	143	0.0	3	24 63 32 24
36	10	0.0	3	0 3 5 2
37	3	0.0	3	0 0 1 2
38	3	0.0	3	0 0 0 3

=== First read: Adapter 2 ===

Sequence: ACGTTGGATGTTTGTTACTAAGGTAGATACCACTC; Type: regular 5'; Length: 35; Trimmed: 162 times.

No. of allowed errors:
0-9 bp: 0; 10-19 bp: 1; 20-29 bp: 2; 30-35 bp: 3

Overview of removed sequences
length	count	expect	max.err	error counts
26	1	0.0	2	1
28	1	0.0	2	1
29	1	0.0	2	0 0 1
30	4	0.0	3	2 2
31	5	0.0	3	4 1
32	2	0.0	3	1 1
33	6	0.0	3	0 2 1 3
34	15	0.0	3	5 6 0 4
35	123	0.0	3	76 25 12 10
36	1	0.0	3	0 0 1
37	1	0.0	3	0 0 1
38	2	0.0	3	0 0 0 2

=== First read: Adapter 3 ===

Sequence: ACGTTGGATGTTTGTTACTGTGGTGGATACTAC; Type: regular 5'; Length: 33; Trimmed: 99 times.

No. of allowed errors:
0-9 bp: 0; 10-19 bp: 1; 20-29 bp: 2; 30-33 bp: 3

Overview of removed sequences
length	count	expect	max.err	error counts
25	2	0.0	2	1 0 1
26	1	0.0	2	0 1
27	1	0.0	2	0 0 1
28	6	0.0	2	1 3 2
29	4	0.0	2	1 2 1
30	4	0.0	3	1 2 0 1
31	5	0.0	3	0 0 2 3
32	11	0.0	3	1 5 4 1
33	37	0.0	3	15 9 2 11
34	25	0.0	3	0 14 6 5
35	2	0.0	3	0 0 1 1
36	1	0.0	3	0 0 0 1

=== First read: Adapter 4 ===

Sequence: ACGTTGGATGTTTGTTACTGTTGTGGATACAAC; Type: regular 5'; Length: 33; Trimmed: 60 times.

No. of allowed errors:
0-9 bp: 0; 10-19 bp: 1; 20-29 bp: 2; 30-33 bp: 3

Overview of removed sequences
length	count	expect	max.err	error counts
26	2	0.0	2	1 1
30	1	0.0	3	1
31	1	0.0	3	0 0 1
32	3	0.0	3	1 2
33	45	0.0	3	12 16 10 7
34	5	0.0	3	0 3 1 1
35	3	0.0	3	0 0 3

=== First read: Adapter 5 ===

Sequence: ACGTTGGATGTTTGTTACCGTTGTTGATACTAC; Type: regular 5'; Length: 33; Trimmed: 61 times.

No. of allowed errors:
0-9 bp: 0; 10-19 bp: 1; 20-29 bp: 2; 30-33 bp: 3

Overview of removed sequences
length	count	expect	max.err	error counts
27	1	0.0	2	0 1
28	2	0.0	2	0 1 1
29	3	0.0	2	1 1 1
30	4	0.0	3	1 0 0 3
31	5	0.0	3	1 2 1 1
32	9	0.0	3	0 5 3 1
33	29	0.0	3	8 10 7 4
34	7	0.0	3	0 2 5
35	1	0.0	3	0 0 0 1

=== First read: Adapter 6 ===

Sequence: ACGTTGGATGAATATATGTGTGCTTATTTG; Type: regular 5'; Length: 30; Trimmed: 0 times.

=== First read: Adapter 7 ===

Sequence: ACGTTGGATGGAAAAATAAACTGCAAATCATATTC; Type: regular 5'; Length: 35; Trimmed: 110 times.

No. of allowed errors:
0-9 bp: 0; 10-19 bp: 1; 20-29 bp: 2; 30-35 bp: 3

Overview of removed sequences
length	count	expect	max.err	error counts
33	1	0.0	3	0 0 0 1
34	15	0.0	3	1 9 3 2
35	74	0.0	3	43 5 8 18
36	16	0.0	3	0 9 4 3
38	4	0.0	3	0 0 0 4

=== First read: Adapter 8 ===

Sequence: ACGTTGGATGGAAAAATAAACTGTAAATCATATTC; Type: regular 5'; Length: 35; Trimmed: 32 times.

No. of allowed errors:
0-9 bp: 0; 10-19 bp: 1; 20-29 bp: 2; 30-35 bp: 3

Overview of removed sequences
length	count	expect	max.err	error counts
32	1	0.0	3	0 0 0 1
33	1	0.0	3	0 0 0 1
34	5	0.0	3	0 3 1 1
35	12	0.0	3	3 3 0 6
36	4	0.0	3	0 1 2 1
37	3	0.0	3	0 0 0 3
38	6	0.0	3	0 0 0 6

=== First read: Adapter 9 ===

Sequence: ACGTTGGATGGAAAAATAAATTGTAAATCATACTC; Type: regular 5'; Length: 35; Trimmed: 111 times.

No. of allowed errors:
0-9 bp: 0; 10-19 bp: 1; 20-29 bp: 2; 30-35 bp: 3

Overview of removed sequences
length	count	expect	max.err	error counts
32	1	0.0	3	0 0 0 1
33	2	0.0	3	0 1 1
34	6	0.0	3	3 1 1 1
35	90	0.0	3	48 28 8 6
36	1	0.0	3	0 0 0 1
38	11	0.0	3	0 0 0 11

=== First read: Adapter 10 ===

Sequence: ACGTTGGATGAGATTAGGGAAAGTATTAGA; Type: regular 5'; Length: 30; Trimmed: 0 times.

=== First read: Adapter 11 ===

Sequence: ACGTTGGATGGAAAAATAAATTGTAAATCAAATTC; Type: regular 5'; Length: 35; Trimmed: 139 times.

No. of allowed errors:
0-9 bp: 0; 10-19 bp: 1; 20-29 bp: 2; 30-35 bp: 3

Overview of removed sequences
length	count	expect	max.err	error counts
33	1	0.0	3	1
34	5	0.0	3	3 1 0 1
35	121	0.0	3	84 27 9 1
36	5	0.0	3	0 1 2 2
37	1	0.0	3	0 0 0 1
38	6	0.0	3	0 0 0 6

=== First read: Adapter 12 ===

Sequence: ACGTTGGATGGAAAAATAAACTGTAAATCATATTCCT; Type: regular 5'; Length: 37; Trimmed: 387 times.

No. of allowed errors:
0-9 bp: 0; 10-19 bp: 1; 20-29 bp: 2; 30-37 bp: 3

Overview of removed sequences
length	count	expect	max.err	error counts
32	2	0.0	3	0 2
33	1	0.0	3	1
35	6	0.0	3	1 0 2 3
36	74	0.0	3	1 32 21 20
37	280	0.0	3	135 101 31 13
38	7	0.0	3	0 1 5 1
39	15	0.0	3	0 0 8 7
40	2	0.0	3	0 0 0 2

=== Second read: Adapter 13 ===

Sequence: ACGTTGGATGTTTGTTACTATGGTAGATACCACAC; Type: regular 5'; Length: 35; Trimmed: 218 times.

No. of allowed errors:
0-9 bp: 0; 10-19 bp: 1; 20-29 bp: 2; 30-35 bp: 3

Overview of removed sequences
length	count	expect	max.err	error counts
29	1	0.0	2	0 0 0 1
31	2	0.0	3	0 0 1 1
32	1	0.0	3	0 0 0 1
33	7	0.0	3	1 0 2 4
34	18	0.0	3	1 3 10 4
35	175	0.0	3	21 69 44 41
36	8	0.0	3	0 1 2 5
37	3	0.0	3	0 0 3
38	2	0.0	3	0 0 0 2
47	1	0.0	3	0 1

=== Second read: Adapter 14 ===

Sequence: ACGTTGGATGTTTGTTACTGTGGTGGATACTAC; Type: regular 5'; Length: 33; Trimmed: 126 times.

No. of allowed errors:
0-9 bp: 0; 10-19 bp: 1; 20-29 bp: 2; 30-33 bp: 3

Overview of removed sequences
length	count	expect	max.err	error counts
17	1	0.0	1	1
29	2	0.0	2	0 1 1
30	7	0.0	3	3 0 0 4
31	12	0.0	3	0 0 4 8
32	16	0.0	3	0 4 11 1
33	56	0.0	3	18 10 20 8
34	30	0.0	3	0 10 8 12
35	1	0.0	3	0 0 0 1
36	1	0.0	3	0 0 0 1

=== Second read: Adapter 15 ===

Sequence: ACGTTGGATGTTTGTTACTGTTGTGGATACAAC; Type: regular 5'; Length: 33; Trimmed: 64 times.

No. of allowed errors:
0-9 bp: 0; 10-19 bp: 1; 20-29 bp: 2; 30-33 bp: 3

Overview of removed sequences
length	count	expect	max.err	error counts
3	2	23.5	0	2
26	1	0.0	2	1
30	1	0.0	3	0 0 0 1
31	2	0.0	3	0 0 0 2
32	13	0.0	3	0 6 3 4
33	36	0.0	3	8 10 12 6
34	5	0.0	3	0 4 0 1
35	4	0.0	3	0 0 2 2

=== Second read: Adapter 16 ===

Sequence: ACGTTGGATGTTTGTTACCGTTGTTGATACTAC; Type: regular 5'; Length: 33; Trimmed: 69 times.

No. of allowed errors:
0-9 bp: 0; 10-19 bp: 1; 20-29 bp: 2; 30-33 bp: 3

Overview of removed sequences
length	count	expect	max.err	error counts
26	1	0.0	2	0 1
30	6	0.0	3	1 0 0 5
31	4	0.0	3	0 1 1 2
32	17	0.0	3	1 5 5 6
33	28	0.0	3	13 11 1 3
34	13	0.0	3	0 6 5 2

=== Second read: Adapter 17 ===

Sequence: ACGTTGGATGAATATATGTGTGCTTATTTG; Type: regular 5'; Length: 30; Trimmed: 2 times.

No. of allowed errors:
0-9 bp: 0; 10-19 bp: 1; 20-29 bp: 2; 30 bp: 3

Overview of removed sequences
length	count	expect	max.err	error counts
3	2	23.5	0	2

=== Second read: Adapter 18 ===

Sequence: ACGTTGGATGTTTGTTACTAAGGTAGATACCACTC; Type: regular 5'; Length: 35; Trimmed: 147 times.

No. of allowed errors:
0-9 bp: 0; 10-19 bp: 1; 20-29 bp: 2; 30-35 bp: 3

Overview of removed sequences
length	count	expect	max.err	error counts
30	1	0.0	3	0 0 1
33	2	0.0	3	0 1 1
34	9	0.0	3	0 2 6 1
35	129	0.0	3	56 39 25 9
36	4	0.0	3	0 0 2 2
37	1	0.0	3	0 0 0 1
38	1	0.0	3	0 0 0 1

=== Second read: Adapter 19 ===

Sequence: ACGTTGGATGGAAAAATAAACTGCAAATCATATTC; Type: regular 5'; Length: 35; Trimmed: 51 times.

No. of allowed errors:
0-9 bp: 0; 10-19 bp: 1; 20-29 bp: 2; 30-35 bp: 3

Overview of removed sequences
length	count	expect	max.err	error counts
3	1	23.5	0	1
32	1	0.0	3	0 0 0 1
33	2	0.0	3	0 0 0 2
34	11	0.0	3	0 4 2 5
35	26	0.0	3	9 7 3 7
36	9	0.0	3	0 4 3 2
38	1	0.0	3	0 0 0 1

=== Second read: Adapter 20 ===

Sequence: ACGTTGGATGAGATTAGGGAAAGTATTAGA; Type: regular 5'; Length: 30; Trimmed: 0 times.

=== Second read: Adapter 21 ===

Sequence: ACGTTGGATGGAAAAATAAATTGTAAATCATACTC; Type: regular 5'; Length: 35; Trimmed: 73 times.

No. of allowed errors:
0-9 bp: 0; 10-19 bp: 1; 20-29 bp: 2; 30-35 bp: 3

Overview of removed sequences
length	count	expect	max.err	error counts
34	2	0.0	3	0 1 0 1
35	67	0.0	3	22 16 12 17
36	2	0.0	3	0 0 0 2
37	1	0.0	3	0 0 0 1
38	1	0.0	3	0 0 0 1

=== Second read: Adapter 22 ===

Sequence: ACGTTGGATGGAAAAATAAACTGTAAATCATATTCCT; Type: regular 5'; Length: 37; Trimmed: 312 times.

No. of allowed errors:
0-9 bp: 0; 10-19 bp: 1; 20-29 bp: 2; 30-37 bp: 3

Overview of removed sequences
length	count	expect	max.err	error counts
33	1	0.0	3	0 1
35	7	0.0	3	0 0 6 1
36	31	0.0	3	0 16 8 7
37	261	0.0	3	62 75 73 51
38	6	0.0	3	0 3 1 2
39	6	0.0	3	0 0 2 4

=== Second read: Adapter 23 ===

Sequence: ACGTTGGATGGAAAAATAAACTGTAAATCATATTC; Type: regular 5'; Length: 35; Trimmed: 10 times.

No. of allowed errors:
0-9 bp: 0; 10-19 bp: 1; 20-29 bp: 2; 30-35 bp: 3

Overview of removed sequences
length	count	expect	max.err	error counts
34	1	0.0	3	0 0 0 1
35	8	0.0	3	0 0 1 7
38	1	0.0	3	0 0 0 1

=== Second read: Adapter 24 ===

Sequence: ACGTTGGATGGAAAAATAAATTGTAAATCAAATTC; Type: regular 5'; Length: 35; Trimmed: 34 times.

No. of allowed errors:
0-9 bp: 0; 10-19 bp: 1; 20-29 bp: 2; 30-35 bp: 3

Overview of removed sequences
length	count	expect	max.err	error counts
34	1	0.0	3	0 0 0 1
35	30	0.0	3	8 4 9 9
36	3	0.0	3	0 0 1 2

