This is cutadapt 1.18 with Python 3.5.5
Command line parameters: -g ACGTTGGATGTTTGTTACTATGGTAGATACCACAC -g ACGTTGGATGTTTGTTACTAAGGTAGATACCACTC -g ACGTTGGATGTTTGTTACTGTGGTGGATACTAC -g ACGTTGGATGTTTGTTACTGTTGTGGATACAAC -g ACGTTGGATGTTTGTTACCGTTGTTGATACTAC -g ACGTTGGATGAATATATGTGTGCTTATTTG -G ACGTTGGATGTTTGTTACTATGGTAGATACCACAC -G ACGTTGGATGTTTGTTACTGTGGTGGATACTAC -G ACGTTGGATGTTTGTTACTGTTGTGGATACAAC -G ACGTTGGATGTTTGTTACCGTTGTTGATACTAC -G ACGTTGGATGAATATATGTGTGCTTATTTG -G ACGTTGGATGTTTGTTACTAAGGTAGATACCACTC -g ACGTTGGATGGAAAAATAAACTGCAAATCATATTC -g ACGTTGGATGGAAAAATAAACTGTAAATCATATTC -g ACGTTGGATGGAAAAATAAATTGTAAATCATACTC -g ACGTTGGATGAGATTAGGGAAAGTATTAGA -g ACGTTGGATGGAAAAATAAATTGTAAATCAAATTC -g ACGTTGGATGGAAAAATAAACTGTAAATCATATTCCT -G ACGTTGGATGGAAAAATAAACTGCAAATCATATTC -G ACGTTGGATGAGATTAGGGAAAGTATTAGA -G ACGTTGGATGGAAAAATAAATTGTAAATCATACTC -G ACGTTGGATGGAAAAATAAACTGTAAATCATATTCCT -G ACGTTGGATGGAAAAATAAACTGTAAATCATATTC -G ACGTTGGATGGAAAAATAAATTGTAAATCAAATTC --minimum-length=1 -o /data/projects/mdc-971/data_from_June_2019/30.primer_trimmed/180373_S31_cutadapt.1.fq.gz -p /data/projects/mdc-971/data_from_June_2019/30.primer_trimmed/180373_S31_cutadapt.2.fq.gz /data/projects/mdc-971/data_from_June_2019/20.trim_151st_nt/180373_S31_R1_001.bbduked.fastq.gz /data/projects/mdc-971/data_from_June_2019/20.trim_151st_nt/180373_S31_R2_001.bbduked.fastq.gz
Processing reads on 1 core in paired-end mode ...
Finished in 0.81 s (398 us/read; 0.15 M reads/minute).

=== Summary ===

Total read pairs processed:              2,034
  Read 1 with adapter:                   1,658 (81.5%)
  Read 2 with adapter:                   1,012 (49.8%)
Pairs that were too short:                   0 (0.0%)
Pairs written (passing filters):         2,034 (100.0%)

Total basepairs processed:       610,200 bp
  Read 1:       305,100 bp
  Read 2:       305,100 bp
Total written (filtered):        516,937 bp (84.7%)
  Read 1:       246,468 bp
  Read 2:       270,469 bp

=== First read: Adapter 1 ===

Sequence: ACGTTGGATGTTTGTTACTATGGTAGATACCACAC; Type: regular 5'; Length: 35; Trimmed: 169 times.

No. of allowed errors:
0-9 bp: 0; 10-19 bp: 1; 20-29 bp: 2; 30-35 bp: 3

Overview of removed sequences
length	count	expect	max.err	error counts
25	1	0.0	2	0 0 1
27	1	0.0	2	1
32	1	0.0	3	0 1
33	12	0.0	3	0 0 10 2
34	17	0.0	3	1 2 5 9
35	123	0.0	3	21 41 24 37
36	6	0.0	3	0 4 0 2
37	7	0.0	3	0 0 2 5
38	1	0.0	3	0 0 0 1

=== First read: Adapter 2 ===

Sequence: ACGTTGGATGTTTGTTACTAAGGTAGATACCACTC; Type: regular 5'; Length: 35; Trimmed: 93 times.

No. of allowed errors:
0-9 bp: 0; 10-19 bp: 1; 20-29 bp: 2; 30-35 bp: 3

Overview of removed sequences
length	count	expect	max.err	error counts
33	1	0.0	3	0 0 1
34	11	0.0	3	0 6 0 5
35	78	0.0	3	48 12 11 7
36	2	0.0	3	0 1 0 1
37	1	0.0	3	0 0 1

=== First read: Adapter 3 ===

Sequence: ACGTTGGATGTTTGTTACTGTGGTGGATACTAC; Type: regular 5'; Length: 33; Trimmed: 194 times.

No. of allowed errors:
0-9 bp: 0; 10-19 bp: 1; 20-29 bp: 2; 30-33 bp: 3

Overview of removed sequences
length	count	expect	max.err	error counts
3	1	31.8	0	1
28	1	0.0	2	1
29	1	0.0	2	1
30	3	0.0	3	1 1 0 1
31	5	0.0	3	0 1 2 2
32	26	0.0	3	1 9 8 8
33	140	0.0	3	38 40 23 39
34	14	0.0	3	0 7 4 3
35	2	0.0	3	0 0 1 1
47	1	0.0	3	0 1

=== First read: Adapter 4 ===

Sequence: ACGTTGGATGTTTGTTACTGTTGTGGATACAAC; Type: regular 5'; Length: 33; Trimmed: 81 times.

No. of allowed errors:
0-9 bp: 0; 10-19 bp: 1; 20-29 bp: 2; 30-33 bp: 3

Overview of removed sequences
length	count	expect	max.err	error counts
28	1	0.0	2	1
30	2	0.0	3	1 1
31	1	0.0	3	0 0 1
32	9	0.0	3	0 2 2 5
33	64	0.0	3	24 13 17 10
35	4	0.0	3	0 0 2 2

=== First read: Adapter 5 ===

Sequence: ACGTTGGATGTTTGTTACCGTTGTTGATACTAC; Type: regular 5'; Length: 33; Trimmed: 75 times.

No. of allowed errors:
0-9 bp: 0; 10-19 bp: 1; 20-29 bp: 2; 30-33 bp: 3

Overview of removed sequences
length	count	expect	max.err	error counts
27	1	0.0	2	0 0 1
30	2	0.0	3	0 0 0 2
31	2	0.0	3	0 0 1 1
32	10	0.0	3	1 1 6 2
33	48	0.0	3	11 17 12 8
34	10	0.0	3	0 3 3 4
35	2	0.0	3	0 0 1 1

=== First read: Adapter 6 ===

Sequence: ACGTTGGATGAATATATGTGTGCTTATTTG; Type: regular 5'; Length: 30; Trimmed: 0 times.

=== First read: Adapter 7 ===

Sequence: ACGTTGGATGGAAAAATAAACTGCAAATCATATTC; Type: regular 5'; Length: 35; Trimmed: 164 times.

No. of allowed errors:
0-9 bp: 0; 10-19 bp: 1; 20-29 bp: 2; 30-35 bp: 3

Overview of removed sequences
length	count	expect	max.err	error counts
32	2	0.0	3	0 0 0 2
33	6	0.0	3	0 0 2 4
34	19	0.0	3	0 8 7 4
35	114	0.0	3	42 30 18 24
36	18	0.0	3	0 9 5 4
37	3	0.0	3	0 0 0 3
38	2	0.0	3	0 0 0 2

=== First read: Adapter 8 ===

Sequence: ACGTTGGATGGAAAAATAAACTGTAAATCATATTC; Type: regular 5'; Length: 35; Trimmed: 46 times.

No. of allowed errors:
0-9 bp: 0; 10-19 bp: 1; 20-29 bp: 2; 30-35 bp: 3

Overview of removed sequences
length	count	expect	max.err	error counts
33	6	0.0	3	0 0 3 3
34	7	0.0	3	0 5 2
35	27	0.0	3	5 7 7 8
36	2	0.0	3	0 0 1 1
37	2	0.0	3	0 0 0 2
38	2	0.0	3	0 0 0 2

=== First read: Adapter 9 ===

Sequence: ACGTTGGATGGAAAAATAAATTGTAAATCATACTC; Type: regular 5'; Length: 35; Trimmed: 75 times.

No. of allowed errors:
0-9 bp: 0; 10-19 bp: 1; 20-29 bp: 2; 30-35 bp: 3

Overview of removed sequences
length	count	expect	max.err	error counts
33	3	0.0	3	0 0 1 2
34	4	0.0	3	0 1 1 2
35	66	0.0	3	33 16 11 6
38	2	0.0	3	0 0 0 2

=== First read: Adapter 10 ===

Sequence: ACGTTGGATGAGATTAGGGAAAGTATTAGA; Type: regular 5'; Length: 30; Trimmed: 0 times.

=== First read: Adapter 11 ===

Sequence: ACGTTGGATGGAAAAATAAATTGTAAATCAAATTC; Type: regular 5'; Length: 35; Trimmed: 51 times.

No. of allowed errors:
0-9 bp: 0; 10-19 bp: 1; 20-29 bp: 2; 30-35 bp: 3

Overview of removed sequences
length	count	expect	max.err	error counts
35	42	0.0	3	12 13 9 8
36	6	0.0	3	0 0 1 5
37	1	0.0	3	0 0 1
38	2	0.0	3	0 0 0 2

=== First read: Adapter 12 ===

Sequence: ACGTTGGATGGAAAAATAAACTGTAAATCATATTCCT; Type: regular 5'; Length: 37; Trimmed: 710 times.

No. of allowed errors:
0-9 bp: 0; 10-19 bp: 1; 20-29 bp: 2; 30-37 bp: 3

Overview of removed sequences
length	count	expect	max.err	error counts
33	1	0.0	3	1
34	1	0.0	3	0 1
35	10	0.0	3	0 0 4 6
36	98	0.0	3	1 34 25 38
37	523	0.0	3	159 175 117 72
38	23	0.0	3	0 4 6 13
39	48	0.0	3	0 0 11 37
40	6	0.0	3	0 0 0 6

=== Second read: Adapter 13 ===

Sequence: ACGTTGGATGTTTGTTACTATGGTAGATACCACAC; Type: regular 5'; Length: 35; Trimmed: 133 times.

No. of allowed errors:
0-9 bp: 0; 10-19 bp: 1; 20-29 bp: 2; 30-35 bp: 3

Overview of removed sequences
length	count	expect	max.err	error counts
33	6	0.0	3	0 0 1 5
34	16	0.0	3	0 1 5 10
35	92	0.0	3	11 19 21 41
36	12	0.0	3	0 3 5 4
37	4	0.0	3	0 0 0 4
38	3	0.0	3	0 0 0 3

=== Second read: Adapter 14 ===

Sequence: ACGTTGGATGTTTGTTACTGTGGTGGATACTAC; Type: regular 5'; Length: 33; Trimmed: 223 times.

No. of allowed errors:
0-9 bp: 0; 10-19 bp: 1; 20-29 bp: 2; 30-33 bp: 3

Overview of removed sequences
length	count	expect	max.err	error counts
29	1	0.0	2	0 0 1
30	10	0.0	3	0 0 0 10
31	8	0.0	3	0 0 2 6
32	51	0.0	3	0 13 17 21
33	121	0.0	3	31 30 26 34
34	27	0.0	3	0 6 10 11
35	4	0.0	3	0 0 4
49	1	0.0	3	0 1

=== Second read: Adapter 15 ===

Sequence: ACGTTGGATGTTTGTTACTGTTGTGGATACAAC; Type: regular 5'; Length: 33; Trimmed: 85 times.

No. of allowed errors:
0-9 bp: 0; 10-19 bp: 1; 20-29 bp: 2; 30-33 bp: 3

Overview of removed sequences
length	count	expect	max.err	error counts
3	5	31.8	0	5
31	4	0.0	3	0 0 2 2
32	9	0.0	3	0 2 4 3
33	53	0.0	3	12 10 18 13
34	3	0.0	3	0 0 1 2
35	10	0.0	3	0 0 4 6
41	1	0.0	3	0 0 0 1

=== Second read: Adapter 16 ===

Sequence: ACGTTGGATGTTTGTTACCGTTGTTGATACTAC; Type: regular 5'; Length: 33; Trimmed: 65 times.

No. of allowed errors:
0-9 bp: 0; 10-19 bp: 1; 20-29 bp: 2; 30-33 bp: 3

Overview of removed sequences
length	count	expect	max.err	error counts
30	1	0.0	3	0 0 0 1
31	2	0.0	3	0 0 0 2
32	24	0.0	3	0 2 11 11
33	33	0.0	3	7 11 10 5
34	5	0.0	3	0 1 2 2

=== Second read: Adapter 17 ===

Sequence: ACGTTGGATGAATATATGTGTGCTTATTTG; Type: regular 5'; Length: 30; Trimmed: 6 times.

No. of allowed errors:
0-9 bp: 0; 10-19 bp: 1; 20-29 bp: 2; 30 bp: 3

Overview of removed sequences
length	count	expect	max.err	error counts
3	6	31.8	0	6

=== Second read: Adapter 18 ===

Sequence: ACGTTGGATGTTTGTTACTAAGGTAGATACCACTC; Type: regular 5'; Length: 35; Trimmed: 68 times.

No. of allowed errors:
0-9 bp: 0; 10-19 bp: 1; 20-29 bp: 2; 30-35 bp: 3

Overview of removed sequences
length	count	expect	max.err	error counts
33	4	0.0	3	1 0 0 3
34	6	0.0	3	1 1 4
35	51	0.0	3	19 9 18 5
36	2	0.0	3	0 0 2
37	4	0.0	3	0 0 1 3
49	1	0.0	3	0 0 0 1

=== Second read: Adapter 19 ===

Sequence: ACGTTGGATGGAAAAATAAACTGCAAATCATATTC; Type: regular 5'; Length: 35; Trimmed: 55 times.

No. of allowed errors:
0-9 bp: 0; 10-19 bp: 1; 20-29 bp: 2; 30-35 bp: 3

Overview of removed sequences
length	count	expect	max.err	error counts
3	1	31.8	0	1
31	1	0.0	3	0 0 0 1
33	2	0.0	3	0 0 0 2
34	9	0.0	3	0 5 1 3
35	32	0.0	3	4 10 5 13
36	8	0.0	3	0 5 1 2
38	2	0.0	3	0 0 0 2

=== Second read: Adapter 20 ===

Sequence: ACGTTGGATGAGATTAGGGAAAGTATTAGA; Type: regular 5'; Length: 30; Trimmed: 1 times.

No. of allowed errors:
0-9 bp: 0; 10-19 bp: 1; 20-29 bp: 2; 30 bp: 3

Overview of removed sequences
length	count	expect	max.err	error counts
3	1	31.8	0	1

=== Second read: Adapter 21 ===

Sequence: ACGTTGGATGGAAAAATAAATTGTAAATCATACTC; Type: regular 5'; Length: 35; Trimmed: 53 times.

No. of allowed errors:
0-9 bp: 0; 10-19 bp: 1; 20-29 bp: 2; 30-35 bp: 3

Overview of removed sequences
length	count	expect	max.err	error counts
31	1	0.0	3	0 1
34	2	0.0	3	1 0 1
35	47	0.0	3	18 12 11 6
38	3	0.0	3	0 0 0 3

=== Second read: Adapter 22 ===

Sequence: ACGTTGGATGGAAAAATAAACTGTAAATCATATTCCT; Type: regular 5'; Length: 37; Trimmed: 301 times.

No. of allowed errors:
0-9 bp: 0; 10-19 bp: 1; 20-29 bp: 2; 30-37 bp: 3

Overview of removed sequences
length	count	expect	max.err	error counts
3	1	31.8	0	1
4	4	7.9	0	4
34	1	0.0	3	0 0 0 1
35	3	0.0	3	0 1 0 2
36	36	0.0	3	0 14 9 13
37	238	0.0	3	54 68 66 50
38	3	0.0	3	0 0 2 1
39	15	0.0	3	0 0 5 10

=== Second read: Adapter 23 ===

Sequence: ACGTTGGATGGAAAAATAAACTGTAAATCATATTC; Type: regular 5'; Length: 35; Trimmed: 16 times.

No. of allowed errors:
0-9 bp: 0; 10-19 bp: 1; 20-29 bp: 2; 30-35 bp: 3

Overview of removed sequences
length	count	expect	max.err	error counts
32	1	0.0	3	0 0 0 1
33	1	0.0	3	0 0 0 1
34	4	0.0	3	0 0 1 3
35	9	0.0	3	0 0 2 7
36	1	0.0	3	0 0 0 1

=== Second read: Adapter 24 ===

Sequence: ACGTTGGATGGAAAAATAAATTGTAAATCAAATTC; Type: regular 5'; Length: 35; Trimmed: 6 times.

No. of allowed errors:
0-9 bp: 0; 10-19 bp: 1; 20-29 bp: 2; 30-35 bp: 3

Overview of removed sequences
length	count	expect	max.err	error counts
30	1	0.0	3	1
35	4	0.0	3	0 0 1 3
38	1	0.0	3	0 0 0 1

