This is cutadapt 1.18 with Python 3.5.5
Command line parameters: -g ACGTTGGATGTTTGTTACTATGGTAGATACCACAC -g ACGTTGGATGTTTGTTACTAAGGTAGATACCACTC -g ACGTTGGATGTTTGTTACTGTGGTGGATACTAC -g ACGTTGGATGTTTGTTACTGTTGTGGATACAAC -g ACGTTGGATGTTTGTTACCGTTGTTGATACTAC -g ACGTTGGATGAATATATGTGTGCTTATTTG -G ACGTTGGATGTTTGTTACTATGGTAGATACCACAC -G ACGTTGGATGTTTGTTACTGTGGTGGATACTAC -G ACGTTGGATGTTTGTTACTGTTGTGGATACAAC -G ACGTTGGATGTTTGTTACCGTTGTTGATACTAC -G ACGTTGGATGAATATATGTGTGCTTATTTG -G ACGTTGGATGTTTGTTACTAAGGTAGATACCACTC -g ACGTTGGATGGAAAAATAAACTGCAAATCATATTC -g ACGTTGGATGGAAAAATAAACTGTAAATCATATTC -g ACGTTGGATGGAAAAATAAATTGTAAATCATACTC -g ACGTTGGATGAGATTAGGGAAAGTATTAGA -g ACGTTGGATGGAAAAATAAATTGTAAATCAAATTC -g ACGTTGGATGGAAAAATAAACTGTAAATCATATTCCT -G ACGTTGGATGGAAAAATAAACTGCAAATCATATTC -G ACGTTGGATGAGATTAGGGAAAGTATTAGA -G ACGTTGGATGGAAAAATAAATTGTAAATCATACTC -G ACGTTGGATGGAAAAATAAACTGTAAATCATATTCCT -G ACGTTGGATGGAAAAATAAACTGTAAATCATATTC -G ACGTTGGATGGAAAAATAAATTGTAAATCAAATTC --minimum-length=1 -o /data/projects/mdc-971/data_from_June_2019/30.primer_trimmed/180343_S7_cutadapt.1.fq.gz -p /data/projects/mdc-971/data_from_June_2019/30.primer_trimmed/180343_S7_cutadapt.2.fq.gz /data/projects/mdc-971/data_from_June_2019/20.trim_151st_nt/180343_S7_R1_001.bbduked.fastq.gz /data/projects/mdc-971/data_from_June_2019/20.trim_151st_nt/180343_S7_R2_001.bbduked.fastq.gz
Processing reads on 1 core in paired-end mode ...
Finished in 109.65 s (379 us/read; 0.16 M reads/minute).

=== Summary ===

Total read pairs processed:            289,310
  Read 1 with adapter:                 255,365 (88.3%)
  Read 2 with adapter:                 198,288 (68.5%)
Pairs that were too short:                   0 (0.0%)
Pairs written (passing filters):       289,310 (100.0%)

Total basepairs processed:    86,793,000 bp
  Read 1:    43,396,500 bp
  Read 2:    43,396,500 bp
Total written (filtered):     71,098,398 bp (81.9%)
  Read 1:    34,483,943 bp
  Read 2:    36,614,455 bp

=== First read: Adapter 1 ===

Sequence: ACGTTGGATGTTTGTTACTATGGTAGATACCACAC; Type: regular 5'; Length: 35; Trimmed: 17989 times.

No. of allowed errors:
0-9 bp: 0; 10-19 bp: 1; 20-29 bp: 2; 30-35 bp: 3

Overview of removed sequences
length	count	expect	max.err	error counts
3	3	4520.5	0	3
4	1	1130.1	0	1
13	1	0.0	1	0 1
15	1	0.0	1	1
18	1	0.0	1	1
20	1	0.0	2	0 1
21	2	0.0	2	1 0 1
22	1	0.0	2	0 1
23	3	0.0	2	2 1
24	1	0.0	2	0 0 1
25	2	0.0	2	0 1 1
26	9	0.0	2	5 2 2
27	16	0.0	2	4 7 5
28	30	0.0	2	6 6 12 6
29	46	0.0	2	15 13 13 5
30	89	0.0	3	25 22 26 16
31	102	0.0	3	10 19 47 26
32	250	0.0	3	14 29 51 156
33	1111	0.0	3	14 43 546 508
34	3020	0.0	3	33 986 939 1062
35	6610	0.0	3	2230 2046 1223 1111
36	5217	0.0	3	1 442 3379 1395
37	822	0.0	3	0 0 422 400
38	645	0.0	3	0 0 1 644
40	1	0.0	3	0 0 1
41	1	0.0	3	0 0 1
44	1	0.0	3	0 0 0 1
55	1	0.0	3	0 0 0 1
65	1	0.0	3	0 0 0 1

=== First read: Adapter 2 ===

Sequence: ACGTTGGATGTTTGTTACTAAGGTAGATACCACTC; Type: regular 5'; Length: 35; Trimmed: 10929 times.

No. of allowed errors:
0-9 bp: 0; 10-19 bp: 1; 20-29 bp: 2; 30-35 bp: 3

Overview of removed sequences
length	count	expect	max.err	error counts
3	2	4520.5	0	2
14	1	0.0	1	0 1
18	1	0.0	1	1
19	1	0.0	1	1
21	1	0.0	2	0 1
22	3	0.0	2	1 2
24	1	0.0	2	0 0 1
25	1	0.0	2	0 1
26	1	0.0	2	0 0 1
27	13	0.0	2	8 4 1
28	16	0.0	2	6 9 1
29	86	0.0	2	13 58 13 2
30	140	0.0	3	37 57 29 17
31	149	0.0	3	27 67 44 11
32	310	0.0	3	25 180 58 47
33	706	0.0	3	41 215 262 188
34	4998	0.0	3	64 3082 1160 692
35	3630	0.0	3	2161 741 474 254
36	351	0.0	3	1 114 151 85
37	398	0.0	3	1 1 246 150
38	113	0.0	3	0 0 1 112
39	1	0.0	3	0 1
42	1	0.0	3	0 0 0 1
45	1	0.0	3	0 0 1
50	1	0.0	3	0 1
55	1	0.0	3	0 1
56	1	0.0	3	0 1
57	1	0.0	3	1

=== First read: Adapter 3 ===

Sequence: ACGTTGGATGTTTGTTACTGTGGTGGATACTAC; Type: regular 5'; Length: 33; Trimmed: 35012 times.

No. of allowed errors:
0-9 bp: 0; 10-19 bp: 1; 20-29 bp: 2; 30-33 bp: 3

Overview of removed sequences
length	count	expect	max.err	error counts
3	3	4520.5	0	3
14	4	0.0	1	4
15	3	0.0	1	0 3
17	2	0.0	1	2
18	3	0.0	1	3
19	6	0.0	1	4 2
20	9	0.0	2	5 4
21	9	0.0	2	8 1
22	9	0.0	2	1 5 3
23	4	0.0	2	1 0 3
24	53	0.0	2	21 18 14
25	147	0.0	2	62 48 37
26	220	0.0	2	87 87 46
27	357	0.0	2	159 146 52
28	646	0.0	2	178 325 123 20
29	699	0.0	2	90 361 204 44
30	1605	0.0	3	211 496 328 570
31	3105	0.0	3	274 1027 1056 748
32	4411	0.0	3	249 1735 1454 973
33	16367	0.0	3	3877 6524 3622 2344
34	6926	0.0	3	1 3409 2422 1094
35	322	0.0	3	2 6 146 168
36	62	0.0	3	0 6 2 54
37	8	0.0	3	2 2 1 3
38	2	0.0	3	0 2
39	3	0.0	3	0 1 2
40	2	0.0	3	0 2
41	4	0.0	3	0 1 2 1
42	2	0.0	3	0 1 1
43	2	0.0	3	1 0 1
44	2	0.0	3	0 0 1 1
45	1	0.0	3	0 1
46	4	0.0	3	0 1 3
47	3	0.0	3	0 1 1 1
49	2	0.0	3	1 1
51	1	0.0	3	0 0 0 1
52	2	0.0	3	0 1 1
56	1	0.0	3	0 0 0 1
64	1	0.0	3	0 0 1

=== First read: Adapter 4 ===

Sequence: ACGTTGGATGTTTGTTACTGTTGTGGATACAAC; Type: regular 5'; Length: 33; Trimmed: 21601 times.

No. of allowed errors:
0-9 bp: 0; 10-19 bp: 1; 20-29 bp: 2; 30-33 bp: 3

Overview of removed sequences
length	count	expect	max.err	error counts
3	23	4520.5	0	23
17	1	0.0	1	0 1
20	2	0.0	2	1 0 1
21	4	0.0	2	2 1 1
22	1	0.0	2	1
24	12	0.0	2	4 7 1
25	50	0.0	2	25 14 11
26	56	0.0	2	23 22 11
27	81	0.0	2	38 36 7
28	218	0.0	2	74 109 28 7
29	168	0.0	2	48 71 41 8
30	344	0.0	3	55 161 77 51
31	918	0.0	3	104 360 274 180
32	2319	0.0	3	171 995 633 520
33	16139	0.0	3	4893 5963 3348 1935
34	921	0.0	3	4 347 345 225
35	213	0.0	3	0 1 107 105
36	115	0.0	3	0 0 0 115
37	5	0.0	3	0 5
39	1	0.0	3	0 1
40	1	0.0	3	0 0 0 1
41	3	0.0	3	0 2 0 1
47	1	0.0	3	0 0 1
49	1	0.0	3	1
53	1	0.0	3	0 0 1
54	1	0.0	3	0 0 1
56	1	0.0	3	0 1
73	1	0.0	3	0 0 1

=== First read: Adapter 5 ===

Sequence: ACGTTGGATGTTTGTTACCGTTGTTGATACTAC; Type: regular 5'; Length: 33; Trimmed: 14709 times.

No. of allowed errors:
0-9 bp: 0; 10-19 bp: 1; 20-29 bp: 2; 30-33 bp: 3

Overview of removed sequences
length	count	expect	max.err	error counts
14	2	0.0	1	1 1
18	1	0.0	1	1
19	2	0.0	1	2
20	1	0.0	2	1
21	5	0.0	2	5
22	1	0.0	2	0 1
23	3	0.0	2	1 2
24	17	0.0	2	13 3 1
25	35	0.0	2	16 13 6
26	73	0.0	2	31 25 17
27	137	0.0	2	77 41 19
28	244	0.0	2	125 76 35 8
29	197	0.0	2	48 76 49 24
30	960	0.0	3	123 137 74 626
31	1009	0.0	3	174 214 281 340
32	4047	0.0	3	151 808 2039 1049
33	5459	0.0	3	2330 1724 936 469
34	2048	0.0	3	1 1053 691 303
35	416	0.0	3	1 1 120 294
36	44	0.0	3	1 0 1 42
37	1	0.0	3	1
41	1	0.0	3	0 1
42	1	0.0	3	1
48	1	0.0	3	0 0 0 1
51	1	0.0	3	0 0 1
52	1	0.0	3	0 0 1
59	1	0.0	3	1
62	1	0.0	3	0 0 1

=== First read: Adapter 6 ===

Sequence: ACGTTGGATGAATATATGTGTGCTTATTTG; Type: regular 5'; Length: 30; Trimmed: 81 times.

No. of allowed errors:
0-9 bp: 0; 10-19 bp: 1; 20-29 bp: 2; 30 bp: 3

Overview of removed sequences
length	count	expect	max.err	error counts
3	62	4520.5	0	62
4	9	1130.1	0	9
5	3	282.5	0	3
30	7	0.0	3	6 1

=== First read: Adapter 7 ===

Sequence: ACGTTGGATGGAAAAATAAACTGCAAATCATATTC; Type: regular 5'; Length: 35; Trimmed: 30323 times.

No. of allowed errors:
0-9 bp: 0; 10-19 bp: 1; 20-29 bp: 2; 30-35 bp: 3

Overview of removed sequences
length	count	expect	max.err	error counts
3	2	4520.5	0	2
17	1	0.0	1	0 1
22	1	0.0	2	0 1
24	1	0.0	2	0 1
25	1	0.0	2	0 1
26	1	0.0	2	1
27	5	0.0	2	0 4 0 1
28	7	0.0	2	1 2 4
29	24	0.0	2	2 16 6
30	115	0.0	3	49 34 16 16
31	93	0.0	3	33 27 17 16
32	506	0.0	3	39 32 13 422
33	549	0.0	3	20 45 297 187
34	5321	0.0	3	65 4035 822 399
35	15660	0.0	3	10512 2650 1130 1368
36	7244	0.0	3	0 5590 1056 598
37	423	0.0	3	0 1 193 229
38	367	0.0	3	0 2 0 365
46	1	0.0	3	0 1
62	1	0.0	3	0 0 0 1

=== First read: Adapter 8 ===

Sequence: ACGTTGGATGGAAAAATAAACTGTAAATCATATTC; Type: regular 5'; Length: 35; Trimmed: 5924 times.

No. of allowed errors:
0-9 bp: 0; 10-19 bp: 1; 20-29 bp: 2; 30-35 bp: 3

Overview of removed sequences
length	count	expect	max.err	error counts
17	1	0.0	1	0 1
18	1	0.0	1	0 1
28	3	0.0	2	0 0 0 3
29	2	0.0	2	0 0 2
30	13	0.0	3	1 5 4 3
31	9	0.0	3	2 2 1 4
32	711	0.0	3	0 0 1 710
33	206	0.0	3	0 6 108 92
34	1391	0.0	3	7 921 184 279
35	2450	0.0	3	640 777 499 534
36	682	0.0	3	0 147 286 249
37	209	0.0	3	0 0 42 167
38	246	0.0	3	0 0 0 246

=== First read: Adapter 9 ===

Sequence: ACGTTGGATGGAAAAATAAATTGTAAATCATACTC; Type: regular 5'; Length: 35; Trimmed: 16807 times.

No. of allowed errors:
0-9 bp: 0; 10-19 bp: 1; 20-29 bp: 2; 30-35 bp: 3

Overview of removed sequences
length	count	expect	max.err	error counts
27	2	0.0	2	2
29	1	0.0	2	0 1
30	13	0.0	3	7 2 3 1
31	16	0.0	3	11 2 2 1
32	56	0.0	3	4 2 2 48
33	295	0.0	3	15 27 163 90
34	1054	0.0	3	409 435 142 68
35	14886	0.0	3	10354 2602 884 1046
36	222	0.0	3	1 67 75 79
37	71	0.0	3	1 0 24 46
38	180	0.0	3	0 0 1 179
39	1	0.0	3	1
42	1	0.0	3	1
43	3	0.0	3	1 2
51	2	0.0	3	1 1
52	2	0.0	3	1 1
54	1	0.0	3	1
58	1	0.0	3	1

=== First read: Adapter 10 ===

Sequence: ACGTTGGATGAGATTAGGGAAAGTATTAGA; Type: regular 5'; Length: 30; Trimmed: 58 times.

No. of allowed errors:
0-9 bp: 0; 10-19 bp: 1; 20-29 bp: 2; 30 bp: 3

Overview of removed sequences
length	count	expect	max.err	error counts
3	56	4520.5	0	56
9	1	1.1	0	0 1
30	1	0.0	3	1

=== First read: Adapter 11 ===

Sequence: ACGTTGGATGGAAAAATAAATTGTAAATCAAATTC; Type: regular 5'; Length: 35; Trimmed: 10389 times.

No. of allowed errors:
0-9 bp: 0; 10-19 bp: 1; 20-29 bp: 2; 30-35 bp: 3

Overview of removed sequences
length	count	expect	max.err	error counts
6	1	70.6	0	1
30	8	0.0	3	4 3 1
31	7	0.0	3	2 3 2
32	7	0.0	3	2 0 1 4
33	32	0.0	3	11 2 12 7
34	261	0.0	3	44 110 75 32
35	9767	0.0	3	6939 1817 646 365
36	142	0.0	3	0 50 51 41
37	71	0.0	3	1 1 37 32
38	92	0.0	3	0 0 0 92
40	1	0.0	3	0 1

=== First read: Adapter 12 ===

Sequence: ACGTTGGATGGAAAAATAAACTGTAAATCATATTCCT; Type: regular 5'; Length: 37; Trimmed: 91543 times.

No. of allowed errors:
0-9 bp: 0; 10-19 bp: 1; 20-29 bp: 2; 30-37 bp: 3

Overview of removed sequences
length	count	expect	max.err	error counts
3	12	4520.5	0	12
4	4	1130.1	0	4
14	1	0.0	1	1
17	1	0.0	1	1
18	1	0.0	1	1
19	2	0.0	1	0 2
20	4	0.0	2	2 1 1
22	1	0.0	2	0 0 1
24	2	0.0	2	2
27	2	0.0	2	1 0 1
28	3	0.0	2	0 1 2
29	3	0.0	2	0 1 2
30	8	0.0	3	2 4 1 1
31	55	0.0	3	8 24 18 5
32	278	0.0	3	70 112 64 32
33	301	0.0	3	103 127 51 20
34	491	0.0	3	108 195 97 91
35	3093	0.0	3	216 239 2080 558
36	14136	0.0	3	489 8585 3380 1682
37	66185	0.0	3	26655 26948 8743 3839
38	3784	0.0	3	23 1010 1908 843
39	2831	0.0	3	3 2 380 2446
40	333	0.0	3	0 1 0 332
41	1	0.0	3	0 0 0 1
42	3	0.0	3	1 2
45	2	0.0	3	1 0 0 1
48	1	0.0	3	0 0 1
49	1	0.0	3	1
50	1	0.0	3	0 1
51	1	0.0	3	0 0 1
54	1	0.0	3	1
64	1	0.0	3	1

=== Second read: Adapter 13 ===

Sequence: ACGTTGGATGTTTGTTACTATGGTAGATACCACAC; Type: regular 5'; Length: 35; Trimmed: 14554 times.

No. of allowed errors:
0-9 bp: 0; 10-19 bp: 1; 20-29 bp: 2; 30-35 bp: 3

Overview of removed sequences
length	count	expect	max.err	error counts
3	7	4520.5	0	7
4	20	1130.1	0	20
10	4	0.3	1	4
19	3	0.0	1	0 3
20	1	0.0	2	0 1
21	1	0.0	2	0 1
23	2	0.0	2	1 0 1
26	5	0.0	2	0 4 1
27	4	0.0	2	1 0 3
28	15	0.0	2	4 6 0 5
29	17	0.0	2	2 1 9 5
30	33	0.0	3	3 8 13 9
31	42	0.0	3	4 4 19 15
32	143	0.0	3	1 9 21 112
33	1352	0.0	3	8 10 544 790
34	2047	0.0	3	4 414 595 1034
35	5356	0.0	3	1082 1596 1421 1257
36	4444	0.0	3	0 254 2270 1920
37	685	0.0	3	0 0 286 399
38	339	0.0	3	0 0 2 337
39	1	0.0	3	0 0 0 1
41	3	0.0	3	0 0 0 3
42	3	0.0	3	0 0 3
43	7	0.0	3	2 2 2 1
44	2	0.0	3	0 0 0 2
45	2	0.0	3	0 1 0 1
46	1	0.0	3	0 0 0 1
47	4	0.0	3	1 1 0 2
49	1	0.0	3	0 0 0 1
50	2	0.0	3	0 0 0 2
52	1	0.0	3	0 0 1
53	1	0.0	3	0 0 1
54	4	0.0	3	1 2 1
55	1	0.0	3	0 0 1
57	1	0.0	3	0 0 1

=== Second read: Adapter 14 ===

Sequence: ACGTTGGATGTTTGTTACTGTGGTGGATACTAC; Type: regular 5'; Length: 33; Trimmed: 44222 times.

No. of allowed errors:
0-9 bp: 0; 10-19 bp: 1; 20-29 bp: 2; 30-33 bp: 3

Overview of removed sequences
length	count	expect	max.err	error counts
3	18	4520.5	0	18
6	1	70.6	0	1
9	1	1.1	0	1
14	2	0.0	1	1 1
15	1	0.0	1	0 1
16	2	0.0	1	0 2
17	3	0.0	1	1 2
18	1	0.0	1	0 1
19	3	0.0	1	0 2 1
20	10	0.0	2	2 5 3
21	3	0.0	2	2 1
22	7	0.0	2	1 3 3
23	7	0.0	2	2 3 2
24	17	0.0	2	6 5 6
25	22	0.0	2	3 7 12
26	55	0.0	2	17 16 22
27	63	0.0	2	11 30 20 2
28	137	0.0	2	25 70 32 10
29	178	0.0	2	9 75 82 12
30	2292	0.0	3	20 97 121 2054
31	4388	0.0	3	51 247 1615 2475
32	5804	0.0	3	40 1686 2177 1901
33	20071	0.0	3	3616 7884 5132 3439
34	10219	0.0	3	1 4009 3957 2252
35	337	0.0	3	0 1 122 214
36	98	0.0	3	0 1 0 97
37	8	0.0	3	0 2 3 3
38	16	0.0	3	0 1 1 14
39	22	0.0	3	0 0 7 15
40	21	0.0	3	2 6 5 8
41	92	0.0	3	18 31 24 19
42	54	0.0	3	10 15 16 13
43	25	0.0	3	0 6 12 7
44	38	0.0	3	7 10 14 7
45	29	0.0	3	5 9 9 6
46	21	0.0	3	2 4 8 7
47	13	0.0	3	0 1 6 6
48	15	0.0	3	1 2 2 10
49	21	0.0	3	3 7 7 4
50	35	0.0	3	6 8 8 13
51	16	0.0	3	2 5 5 4
52	16	0.0	3	1 4 5 6
53	16	0.0	3	1 3 7 5
54	12	0.0	3	0 4 4 4
55	3	0.0	3	0 0 2 1
56	2	0.0	3	0 1 0 1
57	1	0.0	3	0 1
58	2	0.0	3	0 1 1
61	2	0.0	3	0 0 1 1
64	1	0.0	3	0 1
92	1	0.0	3	0 1

=== Second read: Adapter 15 ===

Sequence: ACGTTGGATGTTTGTTACTGTTGTGGATACAAC; Type: regular 5'; Length: 33; Trimmed: 31332 times.

No. of allowed errors:
0-9 bp: 0; 10-19 bp: 1; 20-29 bp: 2; 30-33 bp: 3

Overview of removed sequences
length	count	expect	max.err	error counts
3	629	4520.5	0	629
4	1	1130.1	0	1
5	1	282.5	0	1
14	1	0.0	1	1
19	1	0.0	1	0 0 1
20	2	0.0	2	1 0 1
21	1	0.0	2	1
22	1	0.0	2	0 0 1
23	1	0.0	2	0 0 1
24	5	0.0	2	2 2 1
25	8	0.0	2	1 1 6
26	15	0.0	2	3 7 5
27	19	0.0	2	4 13 2
28	42	0.0	2	7 26 8 1
29	99	0.0	2	8 41 42 8
30	221	0.0	3	11 50 56 104
31	2092	0.0	3	41 165 763 1123
32	3970	0.0	3	33 1331 1278 1328
33	21748	0.0	3	3445 7431 7053 3819
34	1497	0.0	3	2 427 540 528
35	307	0.0	3	0 1 107 199
36	242	0.0	3	0 0 0 242
37	3	0.0	3	0 1 0 2
39	2	0.0	3	0 1 1
40	29	0.0	3	4 6 9 10
41	102	0.0	3	17 30 33 22
42	48	0.0	3	9 13 16 10
43	15	0.0	3	1 4 4 6
44	42	0.0	3	9 10 13 10
45	24	0.0	3	7 5 8 4
46	19	0.0	3	3 7 5 4
47	11	0.0	3	3 2 4 2
48	17	0.0	3	7 3 6 1
49	23	0.0	3	4 8 7 4
50	6	0.0	3	0 4 2
51	15	0.0	3	3 9 3
52	23	0.0	3	3 3 7 10
53	15	0.0	3	6 2 2 5
54	12	0.0	3	2 5 4 1
55	3	0.0	3	2 0 1
56	4	0.0	3	0 1 0 3
57	6	0.0	3	3 2 0 1
58	1	0.0	3	0 1
60	2	0.0	3	0 0 0 2
62	1	0.0	3	0 1
64	4	0.0	3	1 1 1 1
65	2	0.0	3	1 0 1

=== Second read: Adapter 16 ===

Sequence: ACGTTGGATGTTTGTTACCGTTGTTGATACTAC; Type: regular 5'; Length: 33; Trimmed: 15044 times.

No. of allowed errors:
0-9 bp: 0; 10-19 bp: 1; 20-29 bp: 2; 30-33 bp: 3

Overview of removed sequences
length	count	expect	max.err	error counts
11	1	0.1	1	1
12	1	0.0	1	1
15	1	0.0	1	0 1
16	1	0.0	1	0 1
17	1	0.0	1	0 1
18	1	0.0	1	0 1
19	2	0.0	1	1 1
20	2	0.0	2	1 0 1
21	2	0.0	2	0 2
23	1	0.0	2	0 0 1
24	3	0.0	2	2 1
25	8	0.0	2	3 3 2
26	13	0.0	2	3 6 4
27	34	0.0	2	14 12 7 1
28	68	0.0	2	18 27 23
29	58	0.0	2	9 25 20 4
30	1420	0.0	3	17 32 30 1341
31	858	0.0	3	44 44 295 475
32	3325	0.0	3	20 777 1370 1158
33	5916	0.0	3	2036 1935 1207 738
34	2771	0.0	3	1 1117 1021 632
35	407	0.0	3	0 3 94 310
36	58	0.0	3	0 1 0 57
38	1	0.0	3	0 0 0 1
39	7	0.0	3	0 0 0 7
40	13	0.0	3	0 0 5 8
41	9	0.0	3	1 3 2 3
42	11	0.0	3	0 4 3 4
43	5	0.0	3	0 0 1 4
44	8	0.0	3	0 1 6 1
45	6	0.0	3	0 2 2 2
46	2	0.0	3	0 1 0 1
47	5	0.0	3	0 0 2 3
48	5	0.0	3	1 0 2 2
49	2	0.0	3	0 0 2
50	4	0.0	3	0 1 2 1
51	1	0.0	3	0 0 1
52	4	0.0	3	0 0 2 2
53	2	0.0	3	0 0 0 2
55	2	0.0	3	0 0 2
56	2	0.0	3	0 0 1 1
57	1	0.0	3	0 0 0 1
58	1	0.0	3	0 1
64	1	0.0	3	0 1

=== Second read: Adapter 17 ===

Sequence: ACGTTGGATGAATATATGTGTGCTTATTTG; Type: regular 5'; Length: 30; Trimmed: 243 times.

No. of allowed errors:
0-9 bp: 0; 10-19 bp: 1; 20-29 bp: 2; 30 bp: 3

Overview of removed sequences
length	count	expect	max.err	error counts
3	223	4520.5	0	223
4	11	1130.1	0	11
5	4	282.5	0	4
6	4	70.6	0	4
30	1	0.0	3	0 0 0 1

=== Second read: Adapter 18 ===

Sequence: ACGTTGGATGTTTGTTACTAAGGTAGATACCACTC; Type: regular 5'; Length: 35; Trimmed: 9504 times.

No. of allowed errors:
0-9 bp: 0; 10-19 bp: 1; 20-29 bp: 2; 30-35 bp: 3

Overview of removed sequences
length	count	expect	max.err	error counts
3	6	4520.5	0	6
4	5	1130.1	0	5
6	2	70.6	0	2
19	2	0.0	1	0 1 1
21	2	0.0	2	0 1 1
26	4	0.0	2	0 2 2
27	5	0.0	2	0 0 5
28	5	0.0	2	1 2 2
29	20	0.0	2	1 10 8 1
30	44	0.0	3	5 15 14 10
31	51	0.0	3	3 18 16 14
32	136	0.0	3	5 61 31 39
33	820	0.0	3	13 54 305 448
34	4308	0.0	3	17 1855 1379 1057
35	3263	0.0	3	1212 829 719 503
36	361	0.0	3	1 103 138 119
37	365	0.0	3	0 2 176 187
38	79	0.0	3	0 0 1 78
39	1	0.0	3	0 0 1
40	1	0.0	3	0 0 0 1
42	1	0.0	3	1
43	10	0.0	3	2 4 1 3
44	2	0.0	3	0 0 1 1
46	4	0.0	3	0 2 2
48	2	0.0	3	0 0 2
51	2	0.0	3	0 1 1
53	1	0.0	3	0 0 0 1
55	1	0.0	3	0 0 0 1
58	1	0.0	3	0 0 0 1

=== Second read: Adapter 19 ===

Sequence: ACGTTGGATGGAAAAATAAACTGCAAATCATATTC; Type: regular 5'; Length: 35; Trimmed: 13091 times.

No. of allowed errors:
0-9 bp: 0; 10-19 bp: 1; 20-29 bp: 2; 30-35 bp: 3

Overview of removed sequences
length	count	expect	max.err	error counts
3	27	4520.5	0	27
4	6	1130.1	0	6
5	1	282.5	0	1
6	1	70.6	0	1
11	1	0.1	1	0 1
14	1	0.0	1	0 1
15	1	0.0	1	1
17	1	0.0	1	0 1
18	7	0.0	1	2 5
19	1	0.0	1	1
20	1	0.0	2	0 0 1
21	2	0.0	2	2
22	3	0.0	2	1 1 1
23	1	0.0	2	0 0 1
24	2	0.0	2	0 2
25	2	0.0	2	0 2
26	2	0.0	2	0 1 1
27	1	0.0	2	0 0 0 1
28	2	0.0	2	0 2
29	7	0.0	2	0 4 2 1
30	25	0.0	3	9 7 5 4
31	37	0.0	3	12 8 6 11
32	226	0.0	3	9 5 10 202
33	297	0.0	3	14 11 143 129
34	2445	0.0	3	13 1209 709 514
35	6939	0.0	3	2711 1589 1023 1616
36	2664	0.0	3	0 1368 718 578
37	194	0.0	3	0 0 86 108
38	158	0.0	3	0 0 0 158
43	2	0.0	3	0 2
44	8	0.0	3	0 5 3
45	3	0.0	3	0 2 1
46	1	0.0	3	0 0 1
47	3	0.0	3	2 0 1
48	4	0.0	3	0 2 1 1
49	4	0.0	3	2 1 1
50	1	0.0	3	0 0 1
52	1	0.0	3	0 0 1
53	2	0.0	3	0 2
54	1	0.0	3	0 1
55	1	0.0	3	1
56	2	0.0	3	0 1 1
61	1	0.0	3	0 0 1
65	1	0.0	3	0 0 0 1
66	1	0.0	3	0 0 0 1

=== Second read: Adapter 20 ===

Sequence: ACGTTGGATGAGATTAGGGAAAGTATTAGA; Type: regular 5'; Length: 30; Trimmed: 26 times.

No. of allowed errors:
0-9 bp: 0; 10-19 bp: 1; 20-29 bp: 2; 30 bp: 3

Overview of removed sequences
length	count	expect	max.err	error counts
3	24	4520.5	0	24
4	1	1130.1	0	1
30	1	0.0	3	0 1

=== Second read: Adapter 21 ===

Sequence: ACGTTGGATGGAAAAATAAATTGTAAATCATACTC; Type: regular 5'; Length: 35; Trimmed: 9829 times.

No. of allowed errors:
0-9 bp: 0; 10-19 bp: 1; 20-29 bp: 2; 30-35 bp: 3

Overview of removed sequences
length	count	expect	max.err	error counts
5	3	282.5	0	3
11	1	0.1	1	0 1
12	1	0.0	1	1
17	1	0.0	1	1
18	3	0.0	1	2 1
19	3	0.0	1	1 2
21	4	0.0	2	1 0 3
22	2	0.0	2	1 0 1
23	1	0.0	2	0 0 1
26	1	0.0	2	1
27	2	0.0	2	0 2
29	2	0.0	2	0 0 0 2
30	16	0.0	3	9 1 5 1
31	16	0.0	3	6 5 3 2
32	53	0.0	3	2 0 4 47
33	281	0.0	3	8 11 77 185
34	595	0.0	3	48 225 147 175
35	8342	0.0	3	3610 1973 1237 1522
36	283	0.0	3	2 56 87 138
37	65	0.0	3	2 1 14 48
38	90	0.0	3	0 0 0 90
40	1	0.0	3	1
42	6	0.0	3	2 1 1 2
43	7	0.0	3	3 1 1 2
44	5	0.0	3	1 1 0 3
45	3	0.0	3	2 0 0 1
46	7	0.0	3	1 0 3 3
47	8	0.0	3	4 3 0 1
48	2	0.0	3	1 0 0 1
49	2	0.0	3	0 1 1
50	3	0.0	3	1 0 1 1
51	1	0.0	3	0 1
52	2	0.0	3	0 0 0 2
53	3	0.0	3	1 2
54	4	0.0	3	1 1 1 1
55	2	0.0	3	1 0 0 1
56	4	0.0	3	1 0 1 2
57	2	0.0	3	1 0 0 1
58	1	0.0	3	0 1
59	1	0.0	3	0 0 0 1

=== Second read: Adapter 22 ===

Sequence: ACGTTGGATGGAAAAATAAACTGTAAATCATATTCCT; Type: regular 5'; Length: 37; Trimmed: 52442 times.

No. of allowed errors:
0-9 bp: 0; 10-19 bp: 1; 20-29 bp: 2; 30-37 bp: 3

Overview of removed sequences
length	count	expect	max.err	error counts
3	211	4520.5	0	211
4	410	1130.1	0	410
6	1	70.6	0	1
12	1	0.0	1	0 1
13	2	0.0	1	2
14	2	0.0	1	1 1
15	2	0.0	1	0 2
18	5	0.0	1	0 0 5
19	5	0.0	1	0 3 2
20	7	0.0	2	2 3 2
21	5	0.0	2	0 3 2
22	2	0.0	2	1 0 1
29	1	0.0	2	0 0 0 1
30	4	0.0	3	0 0 3 1
31	18	0.0	3	1 8 6 3
32	69	0.0	3	21 22 17 9
33	118	0.0	3	27 34 31 26
34	478	0.0	3	24 46 34 374
35	2726	0.0	3	79 105 1295 1247
36	6245	0.0	3	97 2645 1956 1547
37	38779	0.0	3	10691 14094 8557 5437
38	2004	0.0	3	7 391 905 701
39	1097	0.0	3	0 1 140 956
40	127	0.0	3	0 0 0 127
42	1	0.0	3	0 0 0 1
43	5	0.0	3	0 0 3 2
44	5	0.0	3	1 1 2 1
45	15	0.0	3	1 6 5 3
46	12	0.0	3	0 4 4 4
47	6	0.0	3	0 2 4
48	6	0.0	3	0 4 2
49	9	0.0	3	0 2 5 2
50	13	0.0	3	2 7 0 4
51	14	0.0	3	1 6 3 4
52	8	0.0	3	1 2 2 3
53	5	0.0	3	0 2 2 1
54	5	0.0	3	2 2 0 1
55	8	0.0	3	2 2 1 3
56	4	0.0	3	1 3
57	3	0.0	3	0 2 0 1
59	2	0.0	3	1 0 1
66	1	0.0	3	0 0 1
69	1	0.0	3	0 0 0 1

=== Second read: Adapter 23 ===

Sequence: ACGTTGGATGGAAAAATAAACTGTAAATCATATTC; Type: regular 5'; Length: 35; Trimmed: 2917 times.

No. of allowed errors:
0-9 bp: 0; 10-19 bp: 1; 20-29 bp: 2; 30-35 bp: 3

Overview of removed sequences
length	count	expect	max.err	error counts
13	1	0.0	1	0 1
16	2	0.0	1	0 2
17	1	0.0	1	0 1
18	1	0.0	1	0 1
23	1	0.0	2	0 0 1
25	1	0.0	2	0 0 1
26	1	0.0	2	0 0 1
27	1	0.0	2	0 1
29	1	0.0	2	0 0 0 1
30	3	0.0	3	0 0 1 2
31	4	0.0	3	0 0 1 3
32	498	0.0	3	0 0 0 498
33	157	0.0	3	0 0 49 108
34	657	0.0	3	0 0 175 482
35	1234	0.0	3	0 0 403 831
36	254	0.0	3	0 0 9 245
37	68	0.0	3	0 0 6 62
38	16	0.0	3	0 0 0 16
41	1	0.0	3	0 0 0 1
42	2	0.0	3	0 0 1 1
43	4	0.0	3	0 0 0 4
44	1	0.0	3	0 0 0 1
45	1	0.0	3	0 0 0 1
48	1	0.0	3	0 0 0 1
49	2	0.0	3	0 0 1 1
50	1	0.0	3	0 0 0 1
54	2	0.0	3	0 0 0 2
66	1	0.0	3	0 0 0 1

=== Second read: Adapter 24 ===

Sequence: ACGTTGGATGGAAAAATAAATTGTAAATCAAATTC; Type: regular 5'; Length: 35; Trimmed: 5084 times.

No. of allowed errors:
0-9 bp: 0; 10-19 bp: 1; 20-29 bp: 2; 30-35 bp: 3

Overview of removed sequences
length	count	expect	max.err	error counts
5	3	282.5	0	3
6	4	70.6	0	4
10	1	0.3	1	1
14	1	0.0	1	0 1
15	1	0.0	1	1
18	2	0.0	1	1 1
19	1	0.0	1	0 1
20	1	0.0	2	0 0 1
21	1	0.0	2	1
22	1	0.0	2	0 0 1
24	1	0.0	2	0 0 1
25	1	0.0	2	1
29	2	0.0	2	1 0 1
30	5	0.0	3	4 0 1
31	13	0.0	3	3 4 3 3
32	15	0.0	3	1 0 1 13
33	46	0.0	3	7 1 17 21
34	241	0.0	3	14 99 68 60
35	4523	0.0	3	2304 1029 721 469
36	96	0.0	3	0 28 26 42
37	64	0.0	3	0 1 30 33
38	49	0.0	3	0 0 0 49
43	2	0.0	3	1 0 0 1
45	1	0.0	3	1
46	1	0.0	3	1
47	5	0.0	3	4 1
49	1	0.0	3	1
52	2	0.0	3	2

