This is cutadapt 1.18 with Python 3.5.5
Command line parameters: -g ACGTTGGATGTTTGTTACTATGGTAGATACCACAC -g ACGTTGGATGTTTGTTACTAAGGTAGATACCACTC -g ACGTTGGATGTTTGTTACTGTGGTGGATACTAC -g ACGTTGGATGTTTGTTACTGTTGTGGATACAAC -g ACGTTGGATGTTTGTTACCGTTGTTGATACTAC -g ACGTTGGATGAATATATGTGTGCTTATTTG -G ACGTTGGATGTTTGTTACTATGGTAGATACCACAC -G ACGTTGGATGTTTGTTACTGTGGTGGATACTAC -G ACGTTGGATGTTTGTTACTGTTGTGGATACAAC -G ACGTTGGATGTTTGTTACCGTTGTTGATACTAC -G ACGTTGGATGAATATATGTGTGCTTATTTG -G ACGTTGGATGTTTGTTACTAAGGTAGATACCACTC -g ACGTTGGATGGAAAAATAAACTGCAAATCATATTC -g ACGTTGGATGGAAAAATAAACTGTAAATCATATTC -g ACGTTGGATGGAAAAATAAATTGTAAATCATACTC -g ACGTTGGATGAGATTAGGGAAAGTATTAGA -g ACGTTGGATGGAAAAATAAATTGTAAATCAAATTC -g ACGTTGGATGGAAAAATAAACTGTAAATCATATTCCT -G ACGTTGGATGGAAAAATAAACTGCAAATCATATTC -G ACGTTGGATGAGATTAGGGAAAGTATTAGA -G ACGTTGGATGGAAAAATAAATTGTAAATCATACTC -G ACGTTGGATGGAAAAATAAACTGTAAATCATATTCCT -G ACGTTGGATGGAAAAATAAACTGTAAATCATATTC -G ACGTTGGATGGAAAAATAAATTGTAAATCAAATTC --minimum-length=1 -o /data/projects/mdc-971/data_from_June_2019/30.primer_trimmed/180382_S37_cutadapt.1.fq.gz -p /data/projects/mdc-971/data_from_June_2019/30.primer_trimmed/180382_S37_cutadapt.2.fq.gz /data/projects/mdc-971/data_from_June_2019/20.trim_151st_nt/180382_S37_R1_001.bbduked.fastq.gz /data/projects/mdc-971/data_from_June_2019/20.trim_151st_nt/180382_S37_R2_001.bbduked.fastq.gz
Processing reads on 1 core in paired-end mode ...
Finished in 133.38 s (372 us/read; 0.16 M reads/minute).

=== Summary ===

Total read pairs processed:            358,401
  Read 1 with adapter:                 327,408 (91.4%)
  Read 2 with adapter:                 291,085 (81.2%)
Pairs that were too short:                   0 (0.0%)
Pairs written (passing filters):       358,401 (100.0%)

Total basepairs processed:   107,520,300 bp
  Read 1:    53,760,150 bp
  Read 2:    53,760,150 bp
Total written (filtered):     86,127,024 bp (80.1%)
  Read 1:    42,430,284 bp
  Read 2:    43,696,740 bp

=== First read: Adapter 1 ===

Sequence: ACGTTGGATGTTTGTTACTATGGTAGATACCACAC; Type: regular 5'; Length: 35; Trimmed: 2496 times.

No. of allowed errors:
0-9 bp: 0; 10-19 bp: 1; 20-29 bp: 2; 30-35 bp: 3

Overview of removed sequences
length	count	expect	max.err	error counts
5	1	350.0	0	1
19	1	0.0	1	0 1
25	1	0.0	2	0 1
26	4	0.0	2	1 2 1
27	4	0.0	2	1 2 1
28	4	0.0	2	2 0 1 1
29	15	0.0	2	0 6 4 5
30	18	0.0	3	4 8 5 1
31	6	0.0	3	2 1 2 1
32	24	0.0	3	2 2 11 9
33	166	0.0	3	2 5 44 115
34	289	0.0	3	7 87 73 122
35	1617	0.0	3	466 432 300 419
36	166	0.0	3	0 47 52 67
37	38	0.0	3	0 0 22 16
38	141	0.0	3	0 0 0 141
43	1	0.0	3	0 0 0 1

=== First read: Adapter 2 ===

Sequence: ACGTTGGATGTTTGTTACTAAGGTAGATACCACTC; Type: regular 5'; Length: 35; Trimmed: 2076 times.

No. of allowed errors:
0-9 bp: 0; 10-19 bp: 1; 20-29 bp: 2; 30-35 bp: 3

Overview of removed sequences
length	count	expect	max.err	error counts
3	2	5600.0	0	2
21	1	0.0	2	1
23	2	0.0	2	0 0 2
26	4	0.0	2	1 2 1
27	1	0.0	2	0 1
28	4	0.0	2	2 0 2
29	20	0.0	2	7 9 4
30	51	0.0	3	28 12 9 2
31	38	0.0	3	17 11 6 4
32	81	0.0	3	34 24 14 9
33	80	0.0	3	18 24 17 21
34	231	0.0	3	17 80 60 74
35	1471	0.0	3	672 364 231 204
36	62	0.0	3	1 22 21 18
37	17	0.0	3	0 0 5 12
38	11	0.0	3	0 0 0 11

=== First read: Adapter 3 ===

Sequence: ACGTTGGATGTTTGTTACTGTGGTGGATACTAC; Type: regular 5'; Length: 33; Trimmed: 137473 times.

No. of allowed errors:
0-9 bp: 0; 10-19 bp: 1; 20-29 bp: 2; 30-33 bp: 3

Overview of removed sequences
length	count	expect	max.err	error counts
3	1	5600.0	0	1
15	1	0.0	1	0 1
17	3	0.0	1	2 1
18	2	0.0	1	0 2
19	3	0.0	1	3
20	7	0.0	2	6 1
21	7	0.0	2	4 2 1
22	2	0.0	2	2
23	3	0.0	2	2 1
24	45	0.0	2	27 13 5
25	128	0.0	2	70 43 15
26	174	0.0	2	94 58 22
27	393	0.0	2	266 106 21
28	1257	0.0	2	825 326 104 2
29	998	0.0	2	574 294 114 16
30	2668	0.0	3	1499 821 252 96
31	4122	0.0	3	2216 1074 549 283
32	12544	0.0	3	3403 4825 2633 1683
33	113182	0.0	3	65804 26805 13382 7191
34	1658	0.0	3	24 932 489 213
35	85	0.0	3	16 10 22 37
36	114	0.0	3	15 3 0 96
37	20	0.0	3	12 6 1 1
38	3	0.0	3	1 1 0 1
39	3	0.0	3	1 0 2
40	3	0.0	3	1 0 1 1
41	13	0.0	3	7 4 2
42	4	0.0	3	2 2
43	6	0.0	3	4 2
44	3	0.0	3	1 2
45	5	0.0	3	2 2 1
46	2	0.0	3	0 1 1
47	1	0.0	3	1
48	1	0.0	3	1
49	2	0.0	3	2
50	3	0.0	3	1 0 0 2
51	3	0.0	3	1 1 1
54	1	0.0	3	1
55	1	0.0	3	1
56	1	0.0	3	1
63	1	0.0	3	0 1

=== First read: Adapter 4 ===

Sequence: ACGTTGGATGTTTGTTACTGTTGTGGATACAAC; Type: regular 5'; Length: 33; Trimmed: 5881 times.

No. of allowed errors:
0-9 bp: 0; 10-19 bp: 1; 20-29 bp: 2; 30-33 bp: 3

Overview of removed sequences
length	count	expect	max.err	error counts
3	15	5600.0	0	15
25	8	0.0	2	4 3 1
26	5	0.0	2	1 4
27	3	0.0	2	3
28	41	0.0	2	27 7 6 1
29	21	0.0	2	7 9 3 2
30	38	0.0	3	19 12 3 4
31	124	0.0	3	42 29 29 24
32	411	0.0	3	75 174 91 71
33	4852	0.0	3	2735 1065 720 332
34	233	0.0	3	2 106 64 61
35	55	0.0	3	0 0 20 35
36	73	0.0	3	0 0 0 73
49	1	0.0	3	0 1
53	1	0.0	3	1

=== First read: Adapter 5 ===

Sequence: ACGTTGGATGTTTGTTACCGTTGTTGATACTAC; Type: regular 5'; Length: 33; Trimmed: 3923 times.

No. of allowed errors:
0-9 bp: 0; 10-19 bp: 1; 20-29 bp: 2; 30-33 bp: 3

Overview of removed sequences
length	count	expect	max.err	error counts
14	5	0.0	1	3 2
17	1	0.0	1	0 1
19	2	0.0	1	2
20	1	0.0	2	0 1
21	1	0.0	2	1
23	1	0.0	2	0 0 1
24	2	0.0	2	1 1
25	9	0.0	2	6 2 1
26	18	0.0	2	10 5 3
27	26	0.0	2	12 10 4
28	48	0.0	2	30 10 8
29	44	0.0	2	15 18 9 2
30	97	0.0	3	35 27 15 20
31	150	0.0	3	28 49 40 33
32	456	0.0	3	55 165 123 113
33	2870	0.0	3	1400 875 405 190
34	168	0.0	3	0 85 54 29
35	16	0.0	3	0 0 6 10
36	6	0.0	3	0 0 0 6
44	1	0.0	3	1
52	1	0.0	3	0 0 1

=== First read: Adapter 6 ===

Sequence: ACGTTGGATGAATATATGTGTGCTTATTTG; Type: regular 5'; Length: 30; Trimmed: 33 times.

No. of allowed errors:
0-9 bp: 0; 10-19 bp: 1; 20-29 bp: 2; 30 bp: 3

Overview of removed sequences
length	count	expect	max.err	error counts
3	29	5600.0	0	29
4	3	1400.0	0	3
30	1	0.0	3	1

=== First read: Adapter 7 ===

Sequence: ACGTTGGATGGAAAAATAAACTGCAAATCATATTC; Type: regular 5'; Length: 35; Trimmed: 5546 times.

No. of allowed errors:
0-9 bp: 0; 10-19 bp: 1; 20-29 bp: 2; 30-35 bp: 3

Overview of removed sequences
length	count	expect	max.err	error counts
21	1	0.0	2	0 0 1
23	1	0.0	2	0 1
24	2	0.0	2	0 1 1
26	1	0.0	2	1
27	1	0.0	2	1
29	3	0.0	2	1 2
30	12	0.0	3	5 2 2 3
31	19	0.0	3	6 2 7 4
32	19	0.0	3	6 1 2 10
33	116	0.0	3	3 6 53 54
34	450	0.0	3	8 263 87 92
35	3585	0.0	3	1908 586 328 763
36	1019	0.0	3	0 618 236 165
37	47	0.0	3	0 0 25 22
38	269	0.0	3	0 0 0 269
45	1	0.0	3	0 0 0 1

=== First read: Adapter 8 ===

Sequence: ACGTTGGATGGAAAAATAAACTGTAAATCATATTC; Type: regular 5'; Length: 35; Trimmed: 1213 times.

No. of allowed errors:
0-9 bp: 0; 10-19 bp: 1; 20-29 bp: 2; 30-35 bp: 3

Overview of removed sequences
length	count	expect	max.err	error counts
20	1	0.0	2	0 0 1
24	1	0.0	2	0 1
28	1	0.0	2	0 0 1
29	1	0.0	2	0 1
30	1	0.0	3	0 1
31	3	0.0	3	0 0 2 1
32	14	0.0	3	0 0 1 13
33	24	0.0	3	0 1 10 13
34	140	0.0	3	0 61 18 61
35	690	0.0	3	80 168 122 320
36	105	0.0	3	0 19 50 36
37	17	0.0	3	0 0 2 15
38	215	0.0	3	0 0 0 215

=== First read: Adapter 9 ===

Sequence: ACGTTGGATGGAAAAATAAATTGTAAATCATACTC; Type: regular 5'; Length: 35; Trimmed: 2800 times.

No. of allowed errors:
0-9 bp: 0; 10-19 bp: 1; 20-29 bp: 2; 30-35 bp: 3

Overview of removed sequences
length	count	expect	max.err	error counts
5	1	350.0	0	1
29	1	0.0	2	1
30	1	0.0	3	1
31	3	0.0	3	3
32	5	0.0	3	1 1 1 2
33	19	0.0	3	2 3 6 8
34	96	0.0	3	38 25 17 16
35	1659	0.0	3	956 332 209 162
36	70	0.0	3	0 1 3 66
37	48	0.0	3	0 0 5 43
38	895	0.0	3	0 0 0 895
52	1	0.0	3	0 0 0 1
55	1	0.0	3	0 0 1

=== First read: Adapter 10 ===

Sequence: ACGTTGGATGAGATTAGGGAAAGTATTAGA; Type: regular 5'; Length: 30; Trimmed: 31 times.

No. of allowed errors:
0-9 bp: 0; 10-19 bp: 1; 20-29 bp: 2; 30 bp: 3

Overview of removed sequences
length	count	expect	max.err	error counts
3	30	5600.0	0	30
4	1	1400.0	0	1

=== First read: Adapter 11 ===

Sequence: ACGTTGGATGGAAAAATAAATTGTAAATCAAATTC; Type: regular 5'; Length: 35; Trimmed: 60424 times.

No. of allowed errors:
0-9 bp: 0; 10-19 bp: 1; 20-29 bp: 2; 30-35 bp: 3

Overview of removed sequences
length	count	expect	max.err	error counts
11	1	0.1	1	0 1
23	1	0.0	2	1
27	1	0.0	2	1
28	1	0.0	2	1
29	2	0.0	2	1 0 1
30	31	0.0	3	18 9 2 2
31	31	0.0	3	24 6 0 1
32	47	0.0	3	30 14 1 2
33	155	0.0	3	83 42 16 14
34	944	0.0	3	321 394 143 86
35	56596	0.0	3	42677 8594 3464 1861
36	897	0.0	3	7 155 425 310
37	20	0.0	3	3 1 1 15
38	1688	0.0	3	2 0 0 1686
39	2	0.0	3	1 0 0 1
40	1	0.0	3	1
43	1	0.0	3	1
45	1	0.0	3	0 1
47	1	0.0	3	1
48	1	0.0	3	1
51	1	0.0	3	0 1
62	1	0.0	3	1

=== First read: Adapter 12 ===

Sequence: ACGTTGGATGGAAAAATAAACTGTAAATCATATTCCT; Type: regular 5'; Length: 37; Trimmed: 105512 times.

No. of allowed errors:
0-9 bp: 0; 10-19 bp: 1; 20-29 bp: 2; 30-37 bp: 3

Overview of removed sequences
length	count	expect	max.err	error counts
3	12	5600.0	0	12
4	4	1400.0	0	4
13	1	0.0	1	0 1
16	1	0.0	1	0 1
19	1	0.0	1	0 1
20	2	0.0	2	1 0 1
22	1	0.0	2	1
23	1	0.0	2	0 1
25	1	0.0	2	1
26	1	0.0	2	1
27	1	0.0	2	1
28	2	0.0	2	1 0 1
29	6	0.0	2	3 2 1
30	3	0.0	3	0 2 0 1
31	20	0.0	3	5 8 4 3
32	188	0.0	3	64 69 41 14
33	179	0.0	3	58 83 30 8
34	252	0.0	3	89 111 41 11
35	414	0.0	3	111 110 126 67
36	5992	0.0	3	391 3058 1726 817
37	96112	0.0	3	46681 31554 12616 5261
38	1194	0.0	3	21 600 415 158
39	1001	0.0	3	2 2 281 716
40	112	0.0	3	0 1 0 111
41	1	0.0	3	0 1
46	1	0.0	3	0 0 1
47	1	0.0	3	0 1
48	1	0.0	3	1
50	1	0.0	3	1
53	1	0.0	3	1
54	2	0.0	3	2
64	3	0.0	3	3

=== Second read: Adapter 13 ===

Sequence: ACGTTGGATGTTTGTTACTATGGTAGATACCACAC; Type: regular 5'; Length: 35; Trimmed: 2276 times.

No. of allowed errors:
0-9 bp: 0; 10-19 bp: 1; 20-29 bp: 2; 30-35 bp: 3

Overview of removed sequences
length	count	expect	max.err	error counts
3	14	5600.0	0	14
4	20	1400.0	0	20
18	1	0.0	1	0 1
19	1	0.0	1	0 1
28	2	0.0	2	0 2
29	2	0.0	2	0 1 1
30	6	0.0	3	0 4 1 1
31	5	0.0	3	0 1 1 3
32	8	0.0	3	0 1 2 5
33	365	0.0	3	0 6 96 263
34	262	0.0	3	1 56 53 152
35	1208	0.0	3	190 350 323 345
36	254	0.0	3	0 27 58 169
37	66	0.0	3	0 0 11 55
38	60	0.0	3	0 0 0 60
48	1	0.0	3	0 0 1
54	1	0.0	3	0 0 0 1

=== Second read: Adapter 14 ===

Sequence: ACGTTGGATGTTTGTTACTGTGGTGGATACTAC; Type: regular 5'; Length: 33; Trimmed: 137077 times.

No. of allowed errors:
0-9 bp: 0; 10-19 bp: 1; 20-29 bp: 2; 30-33 bp: 3

Overview of removed sequences
length	count	expect	max.err	error counts
3	10	5600.0	0	10
16	2	0.0	1	0 2
19	2	0.0	1	0 2
20	1	0.0	2	1
24	8	0.0	2	3 5
25	16	0.0	2	3 5 8
26	54	0.0	2	21 24 9
27	79	0.0	2	45 20 14
28	161	0.0	2	74 54 32 1
29	319	0.0	2	99 133 81 6
30	830	0.0	3	202 266 162 200
31	1904	0.0	3	715 383 421 385
32	14997	0.0	3	697 5755 4839 3706
33	116759	0.0	3	58748 32703 16600 8708
34	1188	0.0	3	9 524 418 237
35	113	0.0	3	12 7 48 46
36	221	0.0	3	7 5 0 209
37	9	0.0	3	4 3 2
38	7	0.0	3	3 3 1
39	3	0.0	3	0 0 0 3
40	20	0.0	3	8 7 4 1
41	92	0.0	3	28 41 10 13
42	53	0.0	3	19 15 13 6
43	13	0.0	3	2 5 4 2
44	31	0.0	3	13 10 6 2
45	33	0.0	3	12 11 6 4
46	21	0.0	3	10 5 2 4
47	12	0.0	3	3 6 2 1
48	18	0.0	3	13 3 2
49	10	0.0	3	6 2 1 1
50	15	0.0	3	8 2 5
51	20	0.0	3	6 6 5 3
52	15	0.0	3	6 3 4 2
53	12	0.0	3	7 2 2 1
54	8	0.0	3	3 0 3 2
55	5	0.0	3	2 0 3
56	9	0.0	3	5 2 0 2
57	4	0.0	3	2 2
58	3	0.0	3	1 1 1

=== Second read: Adapter 15 ===

Sequence: ACGTTGGATGTTTGTTACTGTTGTGGATACAAC; Type: regular 5'; Length: 33; Trimmed: 7521 times.

No. of allowed errors:
0-9 bp: 0; 10-19 bp: 1; 20-29 bp: 2; 30-33 bp: 3

Overview of removed sequences
length	count	expect	max.err	error counts
3	570	5600.0	0	570
27	2	0.0	2	1 0 1
28	2	0.0	2	1 1
29	6	0.0	2	1 5
30	22	0.0	3	7 5 6 4
31	119	0.0	3	10 8 42 59
32	975	0.0	3	13 409 338 215
33	5061	0.0	3	2400 1281 852 528
34	376	0.0	3	0 100 109 167
35	72	0.0	3	0 1 30 41
36	252	0.0	3	0 0 0 252
40	4	0.0	3	1 2 1
41	15	0.0	3	5 8 1 1
42	9	0.0	3	2 1 3 3
43	1	0.0	3	0 1
44	2	0.0	3	1 0 0 1
45	3	0.0	3	0 0 1 2
46	1	0.0	3	0 0 1
47	2	0.0	3	2
48	5	0.0	3	0 2 2 1
50	2	0.0	3	1 1
51	3	0.0	3	2 1
52	5	0.0	3	2 0 3
53	6	0.0	3	3 2 1
54	1	0.0	3	0 1
56	2	0.0	3	2
57	2	0.0	3	1 0 1
58	1	0.0	3	0 1

=== Second read: Adapter 16 ===

Sequence: ACGTTGGATGTTTGTTACCGTTGTTGATACTAC; Type: regular 5'; Length: 33; Trimmed: 4587 times.

No. of allowed errors:
0-9 bp: 0; 10-19 bp: 1; 20-29 bp: 2; 30-33 bp: 3

Overview of removed sequences
length	count	expect	max.err	error counts
24	1	0.0	2	0 1
25	1	0.0	2	0 1
26	5	0.0	2	0 4 1
27	3	0.0	2	2 1
28	8	0.0	2	3 2 3
29	16	0.0	2	2 4 10
30	147	0.0	3	13 14 9 111
31	98	0.0	3	25 16 26 31
32	662	0.0	3	14 175 223 250
33	3441	0.0	3	1244 1197 657 343
34	137	0.0	3	0 41 59 37
35	44	0.0	3	0 1 20 23
36	11	0.0	3	0 0 0 11
40	2	0.0	3	1 1
41	3	0.0	3	1 1 1
42	1	0.0	3	0 0 1
44	1	0.0	3	0 1
45	4	0.0	3	3 0 1
46	1	0.0	3	1
49	1	0.0	3	1

=== Second read: Adapter 17 ===

Sequence: ACGTTGGATGAATATATGTGTGCTTATTTG; Type: regular 5'; Length: 30; Trimmed: 157 times.

No. of allowed errors:
0-9 bp: 0; 10-19 bp: 1; 20-29 bp: 2; 30 bp: 3

Overview of removed sequences
length	count	expect	max.err	error counts
3	144	5600.0	0	144
4	7	1400.0	0	7
5	5	350.0	0	5
6	1	87.5	0	1

=== Second read: Adapter 18 ===

Sequence: ACGTTGGATGTTTGTTACTAAGGTAGATACCACTC; Type: regular 5'; Length: 35; Trimmed: 2044 times.

No. of allowed errors:
0-9 bp: 0; 10-19 bp: 1; 20-29 bp: 2; 30-35 bp: 3

Overview of removed sequences
length	count	expect	max.err	error counts
3	6	5600.0	0	6
4	8	1400.0	0	8
25	1	0.0	2	1
27	3	0.0	2	1 1 1
28	2	0.0	2	1 0 1
29	3	0.0	2	2 1
30	9	0.0	3	4 3 2
31	17	0.0	3	5 4 6 2
32	24	0.0	3	4 6 12 2
33	63	0.0	3	9 8 17 29
34	336	0.0	3	10 48 113 165
35	1436	0.0	3	523 380 307 226
36	88	0.0	3	0 16 32 40
37	33	0.0	3	1 0 4 28
38	11	0.0	3	0 0 0 11
42	1	0.0	3	1
45	1	0.0	3	0 1
47	1	0.0	3	0 1
50	1	0.0	3	1

=== Second read: Adapter 19 ===

Sequence: ACGTTGGATGGAAAAATAAACTGCAAATCATATTC; Type: regular 5'; Length: 35; Trimmed: 4132 times.

No. of allowed errors:
0-9 bp: 0; 10-19 bp: 1; 20-29 bp: 2; 30-35 bp: 3

Overview of removed sequences
length	count	expect	max.err	error counts
3	20	5600.0	0	20
4	3	1400.0	0	3
6	1	87.5	0	1
12	1	0.0	1	0 1
18	1	0.0	1	1
19	2	0.0	1	0 2
23	1	0.0	2	0 0 1
25	2	0.0	2	0 0 2
26	1	0.0	2	1
28	1	0.0	2	0 1
30	6	0.0	3	2 1 2 1
31	13	0.0	3	3 2 1 7
32	15	0.0	3	1 2 1 11
33	39	0.0	3	0 3 16 20
34	270	0.0	3	1 113 56 100
35	2881	0.0	3	849 484 309 1239
36	714	0.0	3	0 374 187 153
37	14	0.0	3	0 0 8 6
38	146	0.0	3	0 0 0 146
45	1	0.0	3	0 1

=== Second read: Adapter 20 ===

Sequence: ACGTTGGATGAGATTAGGGAAAGTATTAGA; Type: regular 5'; Length: 30; Trimmed: 36 times.

No. of allowed errors:
0-9 bp: 0; 10-19 bp: 1; 20-29 bp: 2; 30 bp: 3

Overview of removed sequences
length	count	expect	max.err	error counts
3	35	5600.0	0	35
4	1	1400.0	0	1

=== Second read: Adapter 21 ===

Sequence: ACGTTGGATGGAAAAATAAATTGTAAATCATACTC; Type: regular 5'; Length: 35; Trimmed: 3617 times.

No. of allowed errors:
0-9 bp: 0; 10-19 bp: 1; 20-29 bp: 2; 30-35 bp: 3

Overview of removed sequences
length	count	expect	max.err	error counts
5	1	350.0	0	1
11	1	0.1	1	1
12	1	0.0	1	1
13	1	0.0	1	1
14	2	0.0	1	2
18	6	0.0	1	4 2
19	5	0.0	1	3 2
20	1	0.0	2	0 0 1
21	4	0.0	2	2 1 1
24	1	0.0	2	1
25	1	0.0	2	1
26	7	0.0	2	3 1 3
27	1	0.0	2	0 1
29	3	0.0	2	0 1 2
30	7	0.0	3	3 2 2
31	5	0.0	3	2 1 2
32	4	0.0	3	2 0 0 2
33	21	0.0	3	1 0 4 16
34	56	0.0	3	9 15 15 17
35	2696	0.0	3	701 396 814 785
36	46	0.0	3	1 1 1 43
37	6	0.0	3	0 0 3 3
38	737	0.0	3	0 0 0 737
43	2	0.0	3	2
44	1	0.0	3	1
54	1	0.0	3	1

=== Second read: Adapter 22 ===

Sequence: ACGTTGGATGGAAAAATAAACTGTAAATCATATTCCT; Type: regular 5'; Length: 37; Trimmed: 116558 times.

No. of allowed errors:
0-9 bp: 0; 10-19 bp: 1; 20-29 bp: 2; 30-37 bp: 3

Overview of removed sequences
length	count	expect	max.err	error counts
3	223	5600.0	0	223
4	252	1400.0	0	252
5	1	350.0	0	1
12	2	0.0	1	0 2
13	1	0.0	1	0 1
14	2	0.0	1	0 2
19	1	0.0	1	0 1
20	3	0.0	2	0 1 2
22	1	0.0	2	0 0 1
23	1	0.0	2	0 0 1
26	1	0.0	2	0 0 1
27	1	0.0	2	0 1
29	1	0.0	2	0 0 1
30	6	0.0	3	0 3 2 1
31	10	0.0	3	1 4 3 2
32	28	0.0	3	7 7 11 3
33	65	0.0	3	12 21 17 15
34	83	0.0	3	18 19 19 27
35	436	0.0	3	42 53 153 188
36	3601	0.0	3	79 1359 1127 1036
37	110479	0.0	3	23825 26131 42398 18125
38	731	0.0	3	3 211 284 233
39	482	0.0	3	6 3 163 310
40	103	0.0	3	1 0 0 102
44	2	0.0	3	0 1 0 1
45	7	0.0	3	1 0 5 1
46	9	0.0	3	1 0 6 2
47	3	0.0	3	1 1 0 1
48	1	0.0	3	1
49	4	0.0	3	1 2 1
50	5	0.0	3	0 3 1 1
51	6	0.0	3	2 2 2
52	1	0.0	3	1
53	1	0.0	3	0 0 0 1
54	1	0.0	3	0 0 1
55	2	0.0	3	1 1
61	1	0.0	3	0 1
76	1	0.0	3	0 0 1

=== Second read: Adapter 23 ===

Sequence: ACGTTGGATGGAAAAATAAACTGTAAATCATATTC; Type: regular 5'; Length: 35; Trimmed: 706 times.

No. of allowed errors:
0-9 bp: 0; 10-19 bp: 1; 20-29 bp: 2; 30-35 bp: 3

Overview of removed sequences
length	count	expect	max.err	error counts
12	1	0.0	1	1
14	1	0.0	1	1
15	1	0.0	1	0 1
19	1	0.0	1	0 1
22	1	0.0	2	0 0 1
31	1	0.0	3	0 0 0 1
32	6	0.0	3	0 0 0 6
33	19	0.0	3	0 0 9 10
34	77	0.0	3	0 0 8 69
35	551	0.0	3	0 0 89 462
36	37	0.0	3	0 0 2 35
37	1	0.0	3	0 0 0 1
38	8	0.0	3	0 0 0 8
49	1	0.0	3	0 0 0 1

=== Second read: Adapter 24 ===

Sequence: ACGTTGGATGGAAAAATAAATTGTAAATCAAATTC; Type: regular 5'; Length: 35; Trimmed: 12374 times.

No. of allowed errors:
0-9 bp: 0; 10-19 bp: 1; 20-29 bp: 2; 30-35 bp: 3

Overview of removed sequences
length	count	expect	max.err	error counts
5	1	350.0	0	1
6	2	87.5	0	2
14	1	0.0	1	1
18	3	0.0	1	2 1
21	1	0.0	2	0 0 1
22	3	0.0	2	1 2
30	6	0.0	3	2 0 3 1
31	12	0.0	3	1 3 5 3
32	7	0.0	3	0 1 2 4
33	24	0.0	3	0 0 12 12
34	325	0.0	3	1 18 165 141
35	10668	0.0	3	1023 514 5440 3691
36	637	0.0	3	0 78 258 301
37	7	0.0	3	0 0 3 4
38	675	0.0	3	0 0 0 675
47	1	0.0	3	0 0 1
53	1	0.0	3	0 1

