This is cutadapt 1.18 with Python 3.5.5
Command line parameters: -g ACGTTGGATGTTTGTTACTATGGTAGATACCACAC -g ACGTTGGATGTTTGTTACTAAGGTAGATACCACTC -g ACGTTGGATGTTTGTTACTGTGGTGGATACTAC -g ACGTTGGATGTTTGTTACTGTTGTGGATACAAC -g ACGTTGGATGTTTGTTACCGTTGTTGATACTAC -g ACGTTGGATGAATATATGTGTGCTTATTTG -G ACGTTGGATGTTTGTTACTATGGTAGATACCACAC -G ACGTTGGATGTTTGTTACTGTGGTGGATACTAC -G ACGTTGGATGTTTGTTACTGTTGTGGATACAAC -G ACGTTGGATGTTTGTTACCGTTGTTGATACTAC -G ACGTTGGATGAATATATGTGTGCTTATTTG -G ACGTTGGATGTTTGTTACTAAGGTAGATACCACTC -g ACGTTGGATGGAAAAATAAACTGCAAATCATATTC -g ACGTTGGATGGAAAAATAAACTGTAAATCATATTC -g ACGTTGGATGGAAAAATAAATTGTAAATCATACTC -g ACGTTGGATGAGATTAGGGAAAGTATTAGA -g ACGTTGGATGGAAAAATAAATTGTAAATCAAATTC -g ACGTTGGATGGAAAAATAAACTGTAAATCATATTCCT -G ACGTTGGATGGAAAAATAAACTGCAAATCATATTC -G ACGTTGGATGAGATTAGGGAAAGTATTAGA -G ACGTTGGATGGAAAAATAAATTGTAAATCATACTC -G ACGTTGGATGGAAAAATAAACTGTAAATCATATTCCT -G ACGTTGGATGGAAAAATAAACTGTAAATCATATTC -G ACGTTGGATGGAAAAATAAATTGTAAATCAAATTC --minimum-length=1 -o /data/projects/mdc-971/data_from_June_2019/30.primer_trimmed/180340_S5_cutadapt.1.fq.gz -p /data/projects/mdc-971/data_from_June_2019/30.primer_trimmed/180340_S5_cutadapt.2.fq.gz /data/projects/mdc-971/data_from_June_2019/20.trim_151st_nt/180340_S5_R1_001.bbduked.fastq.gz /data/projects/mdc-971/data_from_June_2019/20.trim_151st_nt/180340_S5_R2_001.bbduked.fastq.gz
Processing reads on 1 core in paired-end mode ...
Finished in 155.24 s (377 us/read; 0.16 M reads/minute).

=== Summary ===

Total read pairs processed:            411,985
  Read 1 with adapter:                 375,153 (91.1%)
  Read 2 with adapter:                 332,185 (80.6%)
Pairs that were too short:                   0 (0.0%)
Pairs written (passing filters):       411,985 (100.0%)

Total basepairs processed:   123,595,500 bp
  Read 1:    61,797,750 bp
  Read 2:    61,797,750 bp
Total written (filtered):     99,194,367 bp (80.3%)
  Read 1:    48,782,502 bp
  Read 2:    50,411,865 bp

=== First read: Adapter 1 ===

Sequence: ACGTTGGATGTTTGTTACTATGGTAGATACCACAC; Type: regular 5'; Length: 35; Trimmed: 6600 times.

No. of allowed errors:
0-9 bp: 0; 10-19 bp: 1; 20-29 bp: 2; 30-35 bp: 3

Overview of removed sequences
length	count	expect	max.err	error counts
3	1	6437.3	0	1
4	3	1609.3	0	3
27	3	0.0	2	1 1 1
28	2	0.0	2	0 1 1
29	18	0.0	2	0 1 1 16
30	32	0.0	3	7 8 6 11
31	17	0.0	3	0 8 5 4
32	37	0.0	3	4 5 5 23
33	329	0.0	3	9 19 139 162
34	1075	0.0	3	6 193 178 698
35	4833	0.0	3	592 2418 800 1023
36	154	0.0	3	0 44 66 44
37	75	0.0	3	0 1 38 36
38	19	0.0	3	0 0 0 19
42	1	0.0	3	0 0 0 1
43	1	0.0	3	0 1

=== First read: Adapter 2 ===

Sequence: ACGTTGGATGTTTGTTACTAAGGTAGATACCACTC; Type: regular 5'; Length: 35; Trimmed: 5133 times.

No. of allowed errors:
0-9 bp: 0; 10-19 bp: 1; 20-29 bp: 2; 30-35 bp: 3

Overview of removed sequences
length	count	expect	max.err	error counts
3	1	6437.3	0	1
27	2	0.0	2	0 2
28	2	0.0	2	2
29	8	0.0	2	4 4
30	22	0.0	3	15 7
31	18	0.0	3	9 6 2 1
32	33	0.0	3	13 13 4 3
33	89	0.0	3	47 15 13 14
34	425	0.0	3	113 200 52 60
35	4395	0.0	3	2848 840 450 257
36	82	0.0	3	3 31 27 21
37	45	0.0	3	0 0 16 29
38	9	0.0	3	0 0 0 9
42	1	0.0	3	1
43	1	0.0	3	0 1

=== First read: Adapter 3 ===

Sequence: ACGTTGGATGTTTGTTACTGTGGTGGATACTAC; Type: regular 5'; Length: 33; Trimmed: 82717 times.

No. of allowed errors:
0-9 bp: 0; 10-19 bp: 1; 20-29 bp: 2; 30-33 bp: 3

Overview of removed sequences
length	count	expect	max.err	error counts
3	8	6437.3	0	8
9	1	1.6	0	1
14	2	0.0	1	2
15	1	0.0	1	1
16	3	0.0	1	2 1
17	3	0.0	1	2 1
18	2	0.0	1	1 1
19	4	0.0	1	3 0 1
20	9	0.0	2	6 2 1
21	4	0.0	2	3 0 1
22	6	0.0	2	4 2
23	4	0.0	2	2 2
24	60	0.0	2	44 11 5
25	165	0.0	2	85 60 20
26	215	0.0	2	134 66 15
27	486	0.0	2	331 135 20
28	1477	0.0	2	976 386 111 4
29	1381	0.0	2	755 438 172 16
30	3239	0.0	3	1689 1037 315 198
31	4280	0.0	3	2272 1132 574 302
32	9346	0.0	3	2583 3751 1983 1029
33	60319	0.0	3	27957 18768 8541 5053
34	1518	0.0	3	20 584 562 352
35	80	0.0	3	17 3 30 30
36	38	0.0	3	5 1 3 29
37	16	0.0	3	11 4 1
38	7	0.0	3	4 2 1
39	2	0.0	3	0 1 1
40	3	0.0	3	3
41	6	0.0	3	4 1 1
42	2	0.0	3	1 0 1
43	2	0.0	3	2
44	9	0.0	3	3 1 3 2
45	1	0.0	3	1
48	4	0.0	3	1 1 1 1
49	2	0.0	3	2
50	2	0.0	3	1 0 1
51	1	0.0	3	0 1
52	1	0.0	3	0 1
53	2	0.0	3	1 0 1
54	3	0.0	3	2 0 1
55	2	0.0	3	0 1 1
60	1	0.0	3	0 1

=== First read: Adapter 4 ===

Sequence: ACGTTGGATGTTTGTTACTGTTGTGGATACAAC; Type: regular 5'; Length: 33; Trimmed: 16741 times.

No. of allowed errors:
0-9 bp: 0; 10-19 bp: 1; 20-29 bp: 2; 30-33 bp: 3

Overview of removed sequences
length	count	expect	max.err	error counts
3	19	6437.3	0	19
6	1	100.6	0	1
20	1	0.0	2	0 1
25	5	0.0	2	3 2
26	6	0.0	2	4 2
27	17	0.0	2	10 6 1
28	92	0.0	2	63 21 8
29	96	0.0	2	56 23 15 2
30	178	0.0	3	77 63 26 12
31	373	0.0	3	157 101 64 51
32	1374	0.0	3	387 569 252 166
33	13731	0.0	3	7481 3102 1987 1161
34	609	0.0	3	3 268 198 140
35	111	0.0	3	0 0 53 58
36	127	0.0	3	0 0 0 127
50	1	0.0	3	0 1

=== First read: Adapter 5 ===

Sequence: ACGTTGGATGTTTGTTACCGTTGTTGATACTAC; Type: regular 5'; Length: 33; Trimmed: 50178 times.

No. of allowed errors:
0-9 bp: 0; 10-19 bp: 1; 20-29 bp: 2; 30-33 bp: 3

Overview of removed sequences
length	count	expect	max.err	error counts
18	1	0.0	1	1
19	1	0.0	1	1
20	4	0.0	2	3 1
21	1	0.0	2	1
24	9	0.0	2	7 2
25	44	0.0	2	29 7 8
26	58	0.0	2	27 24 7
27	155	0.0	2	104 38 13
28	579	0.0	2	387 146 46
29	556	0.0	2	290 179 81 6
30	1382	0.0	3	612 475 166 129
31	2222	0.0	3	1113 686 282 141
32	5817	0.0	3	1597 2234 1304 682
33	38264	0.0	3	21777 10108 4296 2083
34	978	0.0	3	11 394 326 247
35	73	0.0	3	6 3 28 36
36	15	0.0	3	0 0 0 15
37	6	0.0	3	4 2
42	4	0.0	3	2 2
44	2	0.0	3	2
46	1	0.0	3	0 1
50	2	0.0	3	1 1
52	1	0.0	3	0 1
53	1	0.0	3	0 0 0 1
54	1	0.0	3	1
60	1	0.0	3	0 1

=== First read: Adapter 6 ===

Sequence: ACGTTGGATGAATATATGTGTGCTTATTTG; Type: regular 5'; Length: 30; Trimmed: 40 times.

No. of allowed errors:
0-9 bp: 0; 10-19 bp: 1; 20-29 bp: 2; 30 bp: 3

Overview of removed sequences
length	count	expect	max.err	error counts
3	31	6437.3	0	31
4	5	1609.3	0	5
5	2	402.3	0	2
29	1	0.0	2	0 0 1
30	1	0.0	3	0 0 1

=== First read: Adapter 7 ===

Sequence: ACGTTGGATGGAAAAATAAACTGCAAATCATATTC; Type: regular 5'; Length: 35; Trimmed: 12653 times.

No. of allowed errors:
0-9 bp: 0; 10-19 bp: 1; 20-29 bp: 2; 30-35 bp: 3

Overview of removed sequences
length	count	expect	max.err	error counts
4	1	1609.3	0	1
18	1	0.0	1	1
26	1	0.0	2	1
28	1	0.0	2	0 0 0 1
29	2	0.0	2	1 0 1
30	38	0.0	3	13 15 5 5
31	41	0.0	3	16 10 4 11
32	116	0.0	3	26 16 6 68
33	153	0.0	3	19 14 67 53
34	816	0.0	3	49 456 148 163
35	9516	0.0	3	5570 1256 612 2078
36	1187	0.0	3	1 617 319 250
37	63	0.0	3	0 0 30 33
38	715	0.0	3	0 0 0 715
48	1	0.0	3	1
51	1	0.0	3	1

=== First read: Adapter 8 ===

Sequence: ACGTTGGATGGAAAAATAAACTGTAAATCATATTC; Type: regular 5'; Length: 35; Trimmed: 3190 times.

No. of allowed errors:
0-9 bp: 0; 10-19 bp: 1; 20-29 bp: 2; 30-35 bp: 3

Overview of removed sequences
length	count	expect	max.err	error counts
29	1	0.0	2	0 1
30	2	0.0	3	0 1 0 1
31	2	0.0	3	0 1 0 1
32	130	0.0	3	2 0 0 128
33	66	0.0	3	0 3 24 39
34	276	0.0	3	2 121 23 130
35	1501	0.0	3	348 164 125 864
36	166	0.0	3	0 27 69 70
37	68	0.0	3	0 0 6 62
38	977	0.0	3	0 0 0 977
39	1	0.0	3	0 0 0 1

=== First read: Adapter 9 ===

Sequence: ACGTTGGATGGAAAAATAAATTGTAAATCATACTC; Type: regular 5'; Length: 35; Trimmed: 62000 times.

No. of allowed errors:
0-9 bp: 0; 10-19 bp: 1; 20-29 bp: 2; 30-35 bp: 3

Overview of removed sequences
length	count	expect	max.err	error counts
19	1	0.0	1	0 1
23	1	0.0	2	0 0 1
26	1	0.0	2	0 1
27	1	0.0	2	1
28	1	0.0	2	1
29	3	0.0	2	3
30	43	0.0	3	26 10 6 1
31	144	0.0	3	108 26 10
32	108	0.0	3	45 28 16 19
33	469	0.0	3	133 118 134 84
34	4798	0.0	3	2635 1367 540 256
35	53158	0.0	3	36524 10006 4265 2363
36	91	0.0	3	11 31 24 25
37	151	0.0	3	23 4 7 117
38	2981	0.0	3	7 1 0 2973
39	4	0.0	3	2 1 0 1
40	2	0.0	3	1 0 0 1
42	1	0.0	3	1
43	5	0.0	3	5
44	8	0.0	3	7 0 0 1
45	8	0.0	3	3 3 0 2
46	3	0.0	3	2 1
47	2	0.0	3	2
48	1	0.0	3	0 0 0 1
49	2	0.0	3	0 1 0 1
50	1	0.0	3	1
51	2	0.0	3	0 1 1
52	1	0.0	3	1
54	1	0.0	3	0 1
55	1	0.0	3	1
56	4	0.0	3	3 1
57	2	0.0	3	2
60	1	0.0	3	1

=== First read: Adapter 10 ===

Sequence: ACGTTGGATGAGATTAGGGAAAGTATTAGA; Type: regular 5'; Length: 30; Trimmed: 30 times.

No. of allowed errors:
0-9 bp: 0; 10-19 bp: 1; 20-29 bp: 2; 30 bp: 3

Overview of removed sequences
length	count	expect	max.err	error counts
3	27	6437.3	0	27
4	2	1609.3	0	2
32	1	0.0	3	0 0 0 1

=== First read: Adapter 11 ===

Sequence: ACGTTGGATGGAAAAATAAATTGTAAATCAAATTC; Type: regular 5'; Length: 35; Trimmed: 1585 times.

No. of allowed errors:
0-9 bp: 0; 10-19 bp: 1; 20-29 bp: 2; 30-35 bp: 3

Overview of removed sequences
length	count	expect	max.err	error counts
29	1	0.0	2	1
30	1	0.0	3	0 1
32	1	0.0	3	0 0 0 1
33	6	0.0	3	0 1 0 5
34	34	0.0	3	6 8 7 13
35	1089	0.0	3	653 190 139 107
36	34	0.0	3	0 2 14 18
37	36	0.0	3	1 0 1 34
38	383	0.0	3	0 0 0 383

=== First read: Adapter 12 ===

Sequence: ACGTTGGATGGAAAAATAAACTGTAAATCATATTCCT; Type: regular 5'; Length: 37; Trimmed: 134286 times.

No. of allowed errors:
0-9 bp: 0; 10-19 bp: 1; 20-29 bp: 2; 30-37 bp: 3

Overview of removed sequences
length	count	expect	max.err	error counts
3	13	6437.3	0	13
19	2	0.0	1	2
20	1	0.0	2	0 1
21	1	0.0	2	1
23	1	0.0	2	1
24	1	0.0	2	1
25	1	0.0	2	1
27	2	0.0	2	1 0 1
28	4	0.0	2	2 2
29	3	0.0	2	0 3
30	6	0.0	3	2 4
31	41	0.0	3	6 12 16 7
32	296	0.0	3	75 125 64 32
33	297	0.0	3	82 137 51 27
34	422	0.0	3	114 191 70 47
35	1006	0.0	3	184 283 382 157
36	15541	0.0	3	716 8175 3220 3430
37	114627	0.0	3	57782 39514 11460 5871
38	1457	0.0	3	29 773 456 199
39	414	0.0	3	5 2 90 317
40	136	0.0	3	1 1 0 134
41	1	0.0	3	0 0 1
44	1	0.0	3	0 0 1
45	1	0.0	3	0 1
46	1	0.0	3	1
48	1	0.0	3	1
49	1	0.0	3	1
50	1	0.0	3	0 0 1
51	2	0.0	3	1 1
54	1	0.0	3	0 0 1
58	2	0.0	3	1 1
64	2	0.0	3	0 1 0 1

=== Second read: Adapter 13 ===

Sequence: ACGTTGGATGTTTGTTACTATGGTAGATACCACAC; Type: regular 5'; Length: 35; Trimmed: 6241 times.

No. of allowed errors:
0-9 bp: 0; 10-19 bp: 1; 20-29 bp: 2; 30-35 bp: 3

Overview of removed sequences
length	count	expect	max.err	error counts
3	9	6437.3	0	9
4	22	1609.3	0	22
6	1	100.6	0	1
14	1	0.0	1	0 1
22	1	0.0	2	0 1
27	1	0.0	2	1
28	1	0.0	2	0 0 0 1
29	4	0.0	2	0 0 0 4
30	6	0.0	3	1 1 0 4
31	11	0.0	3	1 6 2 2
32	20	0.0	3	0 2 4 14
33	577	0.0	3	3 18 234 322
34	799	0.0	3	2 48 118 631
35	4502	0.0	3	346 1829 1117 1210
36	181	0.0	3	0 16 65 100
37	83	0.0	3	0 1 30 52
38	14	0.0	3	0 0 0 14
39	1	0.0	3	0 1
43	2	0.0	3	0 1 1
46	1	0.0	3	0 0 0 1
47	1	0.0	3	0 0 0 1
49	1	0.0	3	0 0 1
54	1	0.0	3	0 1
55	1	0.0	3	1

=== Second read: Adapter 14 ===

Sequence: ACGTTGGATGTTTGTTACTGTGGTGGATACTAC; Type: regular 5'; Length: 33; Trimmed: 96462 times.

No. of allowed errors:
0-9 bp: 0; 10-19 bp: 1; 20-29 bp: 2; 30-33 bp: 3

Overview of removed sequences
length	count	expect	max.err	error counts
3	11	6437.3	0	11
5	1	402.3	0	1
10	1	0.4	1	1
14	1	0.0	1	1
16	1	0.0	1	0 1
18	2	0.0	1	1 1
19	2	0.0	1	1 1
20	4	0.0	2	1 2 1
21	2	0.0	2	1 1
22	1	0.0	2	0 1
23	1	0.0	2	0 0 1
24	6	0.0	2	4 1 1
25	30	0.0	2	8 16 6
26	47	0.0	2	14 16 17
27	95	0.0	2	40 32 23
28	329	0.0	2	137 128 64
29	531	0.0	2	160 220 146 5
30	1093	0.0	3	206 273 216 398
31	2150	0.0	3	748 535 447 420
32	14153	0.0	3	610 4771 5006 3766
33	75301	0.0	3	30874 24713 12894 6820
34	2247	0.0	3	12 832 813 590
35	101	0.0	3	3 6 41 51
36	64	0.0	3	0 6 3 55
37	9	0.0	3	4 4 1
38	7	0.0	3	2 2 0 3
39	11	0.0	3	5 3 0 3
40	12	0.0	3	3 5 3 1
41	46	0.0	3	19 16 7 4
42	34	0.0	3	12 8 8 6
43	16	0.0	3	6 5 3 2
44	37	0.0	3	8 15 11 3
45	21	0.0	3	8 7 1 5
46	10	0.0	3	3 4 1 2
47	4	0.0	3	1 3
48	4	0.0	3	2 1 1
49	17	0.0	3	5 6 0 6
50	15	0.0	3	7 3 3 2
51	15	0.0	3	2 5 3 5
52	6	0.0	3	5 0 1
53	14	0.0	3	5 5 3 1
54	3	0.0	3	1 1 1
55	2	0.0	3	1 1
56	1	0.0	3	0 1
57	1	0.0	3	0 1
58	3	0.0	3	1 0 1 1

=== Second read: Adapter 15 ===

Sequence: ACGTTGGATGTTTGTTACTGTTGTGGATACAAC; Type: regular 5'; Length: 33; Trimmed: 15751 times.

No. of allowed errors:
0-9 bp: 0; 10-19 bp: 1; 20-29 bp: 2; 30-33 bp: 3

Overview of removed sequences
length	count	expect	max.err	error counts
3	729	6437.3	0	729
4	1	1609.3	0	1
5	1	402.3	0	1
21	1	0.0	2	1
24	1	0.0	2	1
25	2	0.0	2	0 1 1
26	7	0.0	2	3 2 2
27	13	0.0	2	4 8 1
28	37	0.0	2	18 6 13
29	72	0.0	2	22 29 17 4
30	121	0.0	3	39 36 23 23
31	434	0.0	3	97 43 128 166
32	2547	0.0	3	103 1127 802 515
33	10580	0.0	3	4648 2883 1895 1154
34	812	0.0	3	0 255 270 287
35	114	0.0	3	1 0 59 54
36	246	0.0	3	1 0 0 245
38	1	0.0	3	1
40	1	0.0	3	0 0 1
41	8	0.0	3	1 5 0 2
42	2	0.0	3	1 0 1
43	1	0.0	3	0 1
44	3	0.0	3	0 0 1 2
45	1	0.0	3	0 0 0 1
46	1	0.0	3	1
47	2	0.0	3	1 0 1
48	2	0.0	3	1 0 0 1
50	1	0.0	3	1
51	2	0.0	3	0 1 1
52	3	0.0	3	1 0 1 1
53	3	0.0	3	1 1 1
54	2	0.0	3	0 0 1 1

=== Second read: Adapter 16 ===

Sequence: ACGTTGGATGTTTGTTACCGTTGTTGATACTAC; Type: regular 5'; Length: 33; Trimmed: 56658 times.

No. of allowed errors:
0-9 bp: 0; 10-19 bp: 1; 20-29 bp: 2; 30-33 bp: 3

Overview of removed sequences
length	count	expect	max.err	error counts
19	1	0.0	1	1
22	1	0.0	2	0 0 1
24	7	0.0	2	3 4
25	4	0.0	2	1 1 2
26	16	0.0	2	4 7 5
27	33	0.0	2	12 10 11
28	152	0.0	2	63 60 27 2
29	295	0.0	2	97 112 81 5
30	645	0.0	3	101 130 106 308
31	1124	0.0	3	410 267 231 216
32	8423	0.0	3	383 2943 2937 2160
33	44096	0.0	3	20828 12891 6831 3546
34	1596	0.0	3	7 548 574 467
35	91	0.0	3	3 1 37 50
36	61	0.0	3	4 1 0 56
37	2	0.0	3	0 2
38	2	0.0	3	1 0 0 1
39	3	0.0	3	1 2
40	3	0.0	3	0 1 2
41	45	0.0	3	22 14 6 3
42	6	0.0	3	2 3 0 1
43	2	0.0	3	0 1 1
44	9	0.0	3	1 5 1 2
45	10	0.0	3	5 3 1 1
46	1	0.0	3	0 1
47	2	0.0	3	0 1 1
48	3	0.0	3	2 1
49	2	0.0	3	1 1
50	5	0.0	3	4 1
51	4	0.0	3	0 3 0 1
52	1	0.0	3	0 1
53	4	0.0	3	2 1 0 1
54	1	0.0	3	0 1
55	7	0.0	3	1 2 2 2
56	1	0.0	3	0 1

=== Second read: Adapter 17 ===

Sequence: ACGTTGGATGAATATATGTGTGCTTATTTG; Type: regular 5'; Length: 30; Trimmed: 199 times.

No. of allowed errors:
0-9 bp: 0; 10-19 bp: 1; 20-29 bp: 2; 30 bp: 3

Overview of removed sequences
length	count	expect	max.err	error counts
3	183	6437.3	0	183
4	4	1609.3	0	4
5	5	402.3	0	5
6	7	100.6	0	7

=== Second read: Adapter 18 ===

Sequence: ACGTTGGATGTTTGTTACTAAGGTAGATACCACTC; Type: regular 5'; Length: 35; Trimmed: 5138 times.

No. of allowed errors:
0-9 bp: 0; 10-19 bp: 1; 20-29 bp: 2; 30-35 bp: 3

Overview of removed sequences
length	count	expect	max.err	error counts
3	6	6437.3	0	6
4	2	1609.3	0	2
19	1	0.0	1	0 1
28	1	0.0	2	0 0 1
29	2	0.0	2	1 0 0 1
30	5	0.0	3	3 0 1 1
31	17	0.0	3	6 5 4 2
32	11	0.0	3	2 3 1 5
33	75	0.0	3	14 5 19 37
34	341	0.0	3	18 116 93 114
35	4514	0.0	3	1898 1241 840 535
36	77	0.0	3	2 36 16 23
37	69	0.0	3	0 0 29 40
38	5	0.0	3	0 0 0 5
43	1	0.0	3	0 0 0 1
44	2	0.0	3	1 0 1
45	1	0.0	3	1
46	2	0.0	3	1 0 0 1
47	1	0.0	3	0 0 1
48	1	0.0	3	1
51	2	0.0	3	2
55	1	0.0	3	0 1
59	1	0.0	3	1

=== Second read: Adapter 19 ===

Sequence: ACGTTGGATGGAAAAATAAACTGCAAATCATATTC; Type: regular 5'; Length: 35; Trimmed: 9194 times.

No. of allowed errors:
0-9 bp: 0; 10-19 bp: 1; 20-29 bp: 2; 30-35 bp: 3

Overview of removed sequences
length	count	expect	max.err	error counts
3	30	6437.3	0	30
4	1	1609.3	0	1
6	2	100.6	0	2
11	1	0.1	1	1
18	1	0.0	1	1
19	1	0.0	1	0 1
25	1	0.0	2	0 0 1
28	2	0.0	2	0 2
30	8	0.0	3	4 3 0 1
31	23	0.0	3	6 2 5 10
32	41	0.0	3	3 5 1 32
33	71	0.0	3	5 4 22 40
34	516	0.0	3	10 149 175 182
35	7078	0.0	3	2531 1244 865 2438
36	977	0.0	3	0 442 281 254
37	41	0.0	3	1 0 19 21
38	395	0.0	3	0 0 0 395
42	1	0.0	3	0 1
45	2	0.0	3	1 0 0 1
46	1	0.0	3	0 0 0 1
50	1	0.0	3	0 1

=== Second read: Adapter 20 ===

Sequence: ACGTTGGATGAGATTAGGGAAAGTATTAGA; Type: regular 5'; Length: 30; Trimmed: 44 times.

No. of allowed errors:
0-9 bp: 0; 10-19 bp: 1; 20-29 bp: 2; 30 bp: 3

Overview of removed sequences
length	count	expect	max.err	error counts
3	42	6437.3	0	42
4	2	1609.3	0	2

=== Second read: Adapter 21 ===

Sequence: ACGTTGGATGGAAAAATAAATTGTAAATCATACTC; Type: regular 5'; Length: 35; Trimmed: 42821 times.

No. of allowed errors:
0-9 bp: 0; 10-19 bp: 1; 20-29 bp: 2; 30-35 bp: 3

Overview of removed sequences
length	count	expect	max.err	error counts
5	3	402.3	0	3
19	1	0.0	1	1
21	1	0.0	2	0 0 1
27	2	0.0	2	1 0 1
30	8	0.0	3	3 1 1 3
31	31	0.0	3	13 8 6 4
32	36	0.0	3	3 8 3 22
33	237	0.0	3	45 33 51 108
34	1472	0.0	3	399 480 309 284
35	39598	0.0	3	19887 10317 5709 3685
36	78	0.0	3	6 25 14 33
37	36	0.0	3	7 4 5 20
38	1169	0.0	3	1 0 1 1167
39	1	0.0	3	1
40	2	0.0	3	2
41	3	0.0	3	1 1 0 1
42	11	0.0	3	2 4 2 3
43	20	0.0	3	8 4 6 2
44	14	0.0	3	10 3 0 1
45	12	0.0	3	4 3 3 2
46	16	0.0	3	6 5 2 3
47	25	0.0	3	13 4 3 5
48	8	0.0	3	3 2 2 1
49	7	0.0	3	3 2 0 2
50	10	0.0	3	4 2 2 2
51	6	0.0	3	4 2
52	3	0.0	3	1 2
53	3	0.0	3	0 2 1
55	2	0.0	3	0 1 0 1
56	1	0.0	3	0 1
57	2	0.0	3	1 1
60	1	0.0	3	1
62	1	0.0	3	0 0 0 1
70	1	0.0	3	1

=== Second read: Adapter 22 ===

Sequence: ACGTTGGATGGAAAAATAAACTGTAAATCATATTCCT; Type: regular 5'; Length: 37; Trimmed: 97686 times.

No. of allowed errors:
0-9 bp: 0; 10-19 bp: 1; 20-29 bp: 2; 30-37 bp: 3

Overview of removed sequences
length	count	expect	max.err	error counts
3	274	6437.3	0	274
4	411	1609.3	0	411
5	1	402.3	0	1
13	2	0.0	1	1 1
16	1	0.0	1	1
17	1	0.0	1	0 1
18	1	0.0	1	0 0 1
19	4	0.0	1	0 3 1
20	6	0.0	2	1 4 1
21	4	0.0	2	1 3
24	1	0.0	2	0 0 1
26	1	0.0	2	1
29	1	0.0	2	0 0 0 1
30	6	0.0	3	1 0 4 1
31	15	0.0	3	3 2 5 5
32	56	0.0	3	11 24 15 6
33	88	0.0	3	24 25 22 17
34	169	0.0	3	22 32 20 95
35	826	0.0	3	71 77 346 332
36	9474	0.0	3	151 4000 2969 2354
37	85076	0.0	3	31637 29226 15413 8800
38	925	0.0	3	9 342 353 221
39	236	0.0	3	3 3 45 185
40	63	0.0	3	0 0 0 63
41	2	0.0	3	0 1 1
42	1	0.0	3	0 1
43	2	0.0	3	0 0 1 1
44	2	0.0	3	0 0 2
45	3	0.0	3	0 2 0 1
46	2	0.0	3	1 1
48	3	0.0	3	0 0 2 1
49	6	0.0	3	2 2 2
50	1	0.0	3	0 1
51	6	0.0	3	3 2 0 1
52	3	0.0	3	1 2
53	1	0.0	3	1
54	3	0.0	3	1 0 2
55	2	0.0	3	1 1
57	2	0.0	3	2
58	3	0.0	3	1 1 1
62	1	0.0	3	1
63	1	0.0	3	0 0 1

=== Second read: Adapter 23 ===

Sequence: ACGTTGGATGGAAAAATAAACTGTAAATCATATTC; Type: regular 5'; Length: 35; Trimmed: 1340 times.

No. of allowed errors:
0-9 bp: 0; 10-19 bp: 1; 20-29 bp: 2; 30-35 bp: 3

Overview of removed sequences
length	count	expect	max.err	error counts
15	1	0.0	1	0 1
26	1	0.0	2	0 0 1
30	2	0.0	3	0 0 0 2
31	1	0.0	3	0 0 0 1
32	77	0.0	3	0 0 0 77
33	40	0.0	3	0 0 18 22
34	181	0.0	3	0 0 24 157
35	922	0.0	3	0 0 78 844
36	79	0.0	3	0 0 3 76
37	14	0.0	3	0 0 2 12
38	22	0.0	3	0 0 0 22

=== Second read: Adapter 24 ===

Sequence: ACGTTGGATGGAAAAATAAATTGTAAATCAAATTC; Type: regular 5'; Length: 35; Trimmed: 651 times.

No. of allowed errors:
0-9 bp: 0; 10-19 bp: 1; 20-29 bp: 2; 30-35 bp: 3

Overview of removed sequences
length	count	expect	max.err	error counts
6	6	100.6	0	6
15	1	0.0	1	1
24	1	0.0	2	1
31	1	0.0	3	1
32	2	0.0	3	0 0 0 2
33	8	0.0	3	0 0 6 2
34	20	0.0	3	1 9 5 5
35	380	0.0	3	106 55 118 101
36	17	0.0	3	0 2 4 11
37	12	0.0	3	0 0 5 7
38	202	0.0	3	0 0 0 202
43	1	0.0	3	0 0 0 1

