This is cutadapt 1.18 with Python 3.5.5
Command line parameters: -g ACGTTGGATGTTTGTTACTATGGTAGATACCACAC -g ACGTTGGATGTTTGTTACTAAGGTAGATACCACTC -g ACGTTGGATGTTTGTTACTGTGGTGGATACTAC -g ACGTTGGATGTTTGTTACTGTTGTGGATACAAC -g ACGTTGGATGTTTGTTACCGTTGTTGATACTAC -g ACGTTGGATGAATATATGTGTGCTTATTTG -G ACGTTGGATGTTTGTTACTATGGTAGATACCACAC -G ACGTTGGATGTTTGTTACTGTGGTGGATACTAC -G ACGTTGGATGTTTGTTACTGTTGTGGATACAAC -G ACGTTGGATGTTTGTTACCGTTGTTGATACTAC -G ACGTTGGATGAATATATGTGTGCTTATTTG -G ACGTTGGATGTTTGTTACTAAGGTAGATACCACTC -g ACGTTGGATGGAAAAATAAACTGCAAATCATATTC -g ACGTTGGATGGAAAAATAAACTGTAAATCATATTC -g ACGTTGGATGGAAAAATAAATTGTAAATCATACTC -g ACGTTGGATGAGATTAGGGAAAGTATTAGA -g ACGTTGGATGGAAAAATAAATTGTAAATCAAATTC -g ACGTTGGATGGAAAAATAAACTGTAAATCATATTCCT -G ACGTTGGATGGAAAAATAAACTGCAAATCATATTC -G ACGTTGGATGAGATTAGGGAAAGTATTAGA -G ACGTTGGATGGAAAAATAAATTGTAAATCATACTC -G ACGTTGGATGGAAAAATAAACTGTAAATCATATTCCT -G ACGTTGGATGGAAAAATAAACTGTAAATCATATTC -G ACGTTGGATGGAAAAATAAATTGTAAATCAAATTC --minimum-length=1 -o /data/projects/mdc-971/data_from_June_2019/30.primer_trimmed/180339_S4_cutadapt.1.fq.gz -p /data/projects/mdc-971/data_from_June_2019/30.primer_trimmed/180339_S4_cutadapt.2.fq.gz /data/projects/mdc-971/data_from_June_2019/20.trim_151st_nt/180339_S4_R1_001.bbduked.fastq.gz /data/projects/mdc-971/data_from_June_2019/20.trim_151st_nt/180339_S4_R2_001.bbduked.fastq.gz
Processing reads on 1 core in paired-end mode ...
Finished in 50.33 s (379 us/read; 0.16 M reads/minute).

=== Summary ===

Total read pairs processed:            132,705
  Read 1 with adapter:                 113,958 (85.9%)
  Read 2 with adapter:                  93,005 (70.1%)
Pairs that were too short:                   0 (0.0%)
Pairs written (passing filters):       132,705 (100.0%)

Total basepairs processed:    39,811,500 bp
  Read 1:    19,905,750 bp
  Read 2:    19,905,750 bp
Total written (filtered):     32,746,980 bp (82.3%)
  Read 1:    15,986,305 bp
  Read 2:    16,760,675 bp

=== First read: Adapter 1 ===

Sequence: ACGTTGGATGTTTGTTACTATGGTAGATACCACAC; Type: regular 5'; Length: 35; Trimmed: 10960 times.

No. of allowed errors:
0-9 bp: 0; 10-19 bp: 1; 20-29 bp: 2; 30-35 bp: 3

Overview of removed sequences
length	count	expect	max.err	error counts
3	8	2073.5	0	8
4	1	518.4	0	1
10	1	0.1	1	1
15	1	0.0	1	0 1
18	1	0.0	1	1
20	1	0.0	2	0 1
21	3	0.0	2	1 1 1
23	1	0.0	2	1
24	1	0.0	2	1
25	1	0.0	2	0 0 1
26	14	0.0	2	8 3 3
27	27	0.0	2	11 10 6
28	56	0.0	2	29 11 10 6
29	135	0.0	2	44 41 26 24
30	268	0.0	3	113 79 37 39
31	207	0.0	3	60 77 47 23
32	438	0.0	3	85 125 105 123
33	764	0.0	3	81 110 289 284
34	1941	0.0	3	48 782 603 508
35	6266	0.0	3	1511 1823 1153 1779
36	513	0.0	3	2 195 183 133
37	213	0.0	3	0 1 71 141
38	95	0.0	3	0 0 0 95
39	2	0.0	3	0 1 0 1
43	2	0.0	3	0 0 1 1

=== First read: Adapter 2 ===

Sequence: ACGTTGGATGTTTGTTACTAAGGTAGATACCACTC; Type: regular 5'; Length: 35; Trimmed: 5024 times.

No. of allowed errors:
0-9 bp: 0; 10-19 bp: 1; 20-29 bp: 2; 30-35 bp: 3

Overview of removed sequences
length	count	expect	max.err	error counts
22	1	0.0	2	0 0 1
23	1	0.0	2	0 1
25	2	0.0	2	1 0 1
26	8	0.0	2	4 3 1
27	9	0.0	2	5 4
28	12	0.0	2	2 5 3 2
29	32	0.0	2	8 14 5 5
30	137	0.0	3	65 45 19 8
31	134	0.0	3	55 43 28 8
32	230	0.0	3	81 79 45 25
33	247	0.0	3	43 59 50 95
34	675	0.0	3	55 262 223 135
35	3297	0.0	3	1634 890 483 290
36	130	0.0	3	1 54 45 30
37	78	0.0	3	1 1 37 39
38	29	0.0	3	1 1 0 27
46	1	0.0	3	0 0 0 1
50	1	0.0	3	0 0 1

=== First read: Adapter 3 ===

Sequence: ACGTTGGATGTTTGTTACTGTGGTGGATACTAC; Type: regular 5'; Length: 33; Trimmed: 21431 times.

No. of allowed errors:
0-9 bp: 0; 10-19 bp: 1; 20-29 bp: 2; 30-33 bp: 3

Overview of removed sequences
length	count	expect	max.err	error counts
3	2	2073.5	0	2
10	1	0.1	1	1
11	1	0.0	1	0 1
14	5	0.0	1	2 3
15	1	0.0	1	1
16	1	0.0	1	1
17	5	0.0	1	4 1
18	3	0.0	1	1 2
19	9	0.0	1	4 2 3
20	18	0.0	2	13 2 3
21	7	0.0	2	3 4
22	4	0.0	2	1 3
23	9	0.0	2	4 4 1
24	82	0.0	2	46 24 12
25	231	0.0	2	120 78 33
26	348	0.0	2	196 100 52
27	612	0.0	2	399 163 48 2
28	1095	0.0	2	706 277 109 3
29	827	0.0	2	337 291 168 31
30	2102	0.0	3	847 659 303 293
31	1595	0.0	3	374 434 442 345
32	2118	0.0	3	334 794 534 456
33	11027	0.0	3	6479 2332 1296 920
34	1108	0.0	3	2 528 379 199
35	160	0.0	3	3 0 72 85
36	32	0.0	3	2 2 1 27
37	3	0.0	3	1 0 2
39	1	0.0	3	0 0 1
40	1	0.0	3	0 0 1
41	6	0.0	3	2 2 1 1
42	5	0.0	3	3 0 1 1
43	2	0.0	3	1 0 1
44	2	0.0	3	0 1 1
45	2	0.0	3	2
46	1	0.0	3	0 0 0 1
51	1	0.0	3	0 0 1
56	1	0.0	3	0 1
57	1	0.0	3	1
60	2	0.0	3	0 1 1

=== First read: Adapter 4 ===

Sequence: ACGTTGGATGTTTGTTACTGTTGTGGATACAAC; Type: regular 5'; Length: 33; Trimmed: 8821 times.

No. of allowed errors:
0-9 bp: 0; 10-19 bp: 1; 20-29 bp: 2; 30-33 bp: 3

Overview of removed sequences
length	count	expect	max.err	error counts
3	15	2073.5	0	15
14	1	0.0	1	0 1
22	1	0.0	2	0 1
24	4	0.0	2	3 1
25	14	0.0	2	4 6 4
26	22	0.0	2	15 3 4
27	36	0.0	2	20 13 3
28	115	0.0	2	71 31 12 1
29	102	0.0	2	43 38 19 2
30	189	0.0	3	85 64 27 13
31	299	0.0	3	75 71 84 69
32	758	0.0	3	79 327 193 159
33	6307	0.0	3	3121 1603 1074 509
34	380	0.0	3	2 183 113 82
35	537	0.0	3	1 0 371 165
36	39	0.0	3	0 0 0 39
44	1	0.0	3	1
52	1	0.0	3	1

=== First read: Adapter 5 ===

Sequence: ACGTTGGATGTTTGTTACCGTTGTTGATACTAC; Type: regular 5'; Length: 33; Trimmed: 9006 times.

No. of allowed errors:
0-9 bp: 0; 10-19 bp: 1; 20-29 bp: 2; 30-33 bp: 3

Overview of removed sequences
length	count	expect	max.err	error counts
15	1	0.0	1	1
19	1	0.0	1	1
20	3	0.0	2	3
21	1	0.0	2	0 1
23	1	0.0	2	0 0 1
24	16	0.0	2	10 4 2
25	42	0.0	2	25 9 8
26	44	0.0	2	20 11 13
27	170	0.0	2	115 35 20
28	357	0.0	2	212 87 44 14
29	334	0.0	2	116 98 86 34
30	1053	0.0	3	349 309 133 262
31	1156	0.0	3	208 270 370 308
32	1165	0.0	3	119 373 361 312
33	3650	0.0	3	1651 1148 548 303
34	907	0.0	3	5 156 548 198
35	72	0.0	3	0 1 27 44
36	28	0.0	3	0 0 0 28
37	2	0.0	3	1 1
38	1	0.0	3	1
42	1	0.0	3	0 1
65	1	0.0	3	0 0 0 1

=== First read: Adapter 6 ===

Sequence: ACGTTGGATGAATATATGTGTGCTTATTTG; Type: regular 5'; Length: 30; Trimmed: 73 times.

No. of allowed errors:
0-9 bp: 0; 10-19 bp: 1; 20-29 bp: 2; 30 bp: 3

Overview of removed sequences
length	count	expect	max.err	error counts
3	55	2073.5	0	55
4	13	518.4	0	13
5	2	129.6	0	2
29	1	0.0	2	1
30	2	0.0	3	2

=== First read: Adapter 7 ===

Sequence: ACGTTGGATGGAAAAATAAACTGCAAATCATATTC; Type: regular 5'; Length: 35; Trimmed: 20763 times.

No. of allowed errors:
0-9 bp: 0; 10-19 bp: 1; 20-29 bp: 2; 30-35 bp: 3

Overview of removed sequences
length	count	expect	max.err	error counts
4	1	518.4	0	1
28	2	0.0	2	2
29	6	0.0	2	1 4 0 1
30	47	0.0	3	26 14 4 3
31	37	0.0	3	18 6 9 4
32	146	0.0	3	9 12 1 124
33	226	0.0	3	12 28 94 92
34	2387	0.0	3	44 1825 337 181
35	15625	0.0	3	11862 2170 846 747
36	1853	0.0	3	0 1461 241 151
37	353	0.0	3	0 0 164 189
38	78	0.0	3	0 0 0 78
45	1	0.0	3	0 1
48	1	0.0	3	0 0 1

=== First read: Adapter 8 ===

Sequence: ACGTTGGATGGAAAAATAAACTGTAAATCATATTC; Type: regular 5'; Length: 35; Trimmed: 3443 times.

No. of allowed errors:
0-9 bp: 0; 10-19 bp: 1; 20-29 bp: 2; 30-35 bp: 3

Overview of removed sequences
length	count	expect	max.err	error counts
21	1	0.0	2	0 0 1
29	1	0.0	2	0 1
30	7	0.0	3	2 0 3 2
31	2	0.0	3	0 0 1 1
32	140	0.0	3	0 1 2 137
33	80	0.0	3	0 1 43 36
34	868	0.0	3	1 592 121 154
35	1852	0.0	3	371 402 586 493
36	152	0.0	3	0 36 57 59
37	288	0.0	3	0 0 111 177
38	52	0.0	3	0 0 0 52

=== First read: Adapter 9 ===

Sequence: ACGTTGGATGGAAAAATAAATTGTAAATCATACTC; Type: regular 5'; Length: 35; Trimmed: 3568 times.

No. of allowed errors:
0-9 bp: 0; 10-19 bp: 1; 20-29 bp: 2; 30-35 bp: 3

Overview of removed sequences
length	count	expect	max.err	error counts
29	1	0.0	2	1
30	2	0.0	3	0 1 1
31	7	0.0	3	4 3
32	11	0.0	3	2 3 0 6
33	39	0.0	3	6 2 25 6
34	222	0.0	3	74 100 27 21
35	3187	0.0	3	2118 542 225 302
36	34	0.0	3	1 17 6 10
37	17	0.0	3	2 0 8 7
38	48	0.0	3	0 0 0 48

=== First read: Adapter 10 ===

Sequence: ACGTTGGATGAGATTAGGGAAAGTATTAGA; Type: regular 5'; Length: 30; Trimmed: 46 times.

No. of allowed errors:
0-9 bp: 0; 10-19 bp: 1; 20-29 bp: 2; 30 bp: 3

Overview of removed sequences
length	count	expect	max.err	error counts
3	46	2073.5	0	46

=== First read: Adapter 11 ===

Sequence: ACGTTGGATGGAAAAATAAATTGTAAATCAAATTC; Type: regular 5'; Length: 35; Trimmed: 1414 times.

No. of allowed errors:
0-9 bp: 0; 10-19 bp: 1; 20-29 bp: 2; 30-35 bp: 3

Overview of removed sequences
length	count	expect	max.err	error counts
22	1	0.0	2	0 1
30	1	0.0	3	0 1
31	1	0.0	3	1
32	1	0.0	3	1
33	3	0.0	3	1 0 0 2
34	35	0.0	3	4 9 9 13
35	1332	0.0	3	940 218 114 60
36	13	0.0	3	0 1 6 6
37	14	0.0	3	0 0 9 5
38	12	0.0	3	0 0 0 12
51	1	0.0	3	0 0 1

=== First read: Adapter 12 ===

Sequence: ACGTTGGATGGAAAAATAAACTGTAAATCATATTCCT; Type: regular 5'; Length: 37; Trimmed: 29409 times.

No. of allowed errors:
0-9 bp: 0; 10-19 bp: 1; 20-29 bp: 2; 30-37 bp: 3

Overview of removed sequences
length	count	expect	max.err	error counts
3	15	2073.5	0	15
4	2	518.4	0	2
19	1	0.0	1	0 1
22	2	0.0	2	0 1 1
26	1	0.0	2	0 0 1
27	1	0.0	2	0 0 1
29	1	0.0	2	0 0 0 1
30	1	0.0	3	0 1
31	11	0.0	3	0 2 8 1
32	19	0.0	3	3 7 5 4
33	17	0.0	3	3 3 5 6
34	45	0.0	3	0 11 19 15
35	855	0.0	3	4 22 664 165
36	5416	0.0	3	18 3727 1189 482
37	9619	0.0	3	2838 4542 1259 980
38	11403	0.0	3	0 168 9270 1965
39	1470	0.0	3	0 0 318 1152
40	528	0.0	3	0 0 2 526
51	1	0.0	3	0 0 0 1
53	1	0.0	3	0 0 1

=== Second read: Adapter 13 ===

Sequence: ACGTTGGATGTTTGTTACTATGGTAGATACCACAC; Type: regular 5'; Length: 35; Trimmed: 10974 times.

No. of allowed errors:
0-9 bp: 0; 10-19 bp: 1; 20-29 bp: 2; 30-35 bp: 3

Overview of removed sequences
length	count	expect	max.err	error counts
3	10	2073.5	0	10
4	4	518.4	0	4
10	2	0.1	1	1 1
16	1	0.0	1	1
19	2	0.0	1	1 1
22	1	0.0	2	0 0 1
26	5	0.0	2	2 1 2
27	6	0.0	2	1 4 1
28	17	0.0	2	6 6 4 1
29	34	0.0	2	8 10 7 9
30	72	0.0	3	16 18 22 16
31	106	0.0	3	13 37 27 29
32	159	0.0	3	10 42 34 73
33	961	0.0	3	34 42 384 501
34	1162	0.0	3	19 321 374 448
35	7486	0.0	3	1469 2244 1709 2064
36	581	0.0	3	3 160 224 194
37	255	0.0	3	0 0 85 170
38	89	0.0	3	1 0 1 87
39	1	0.0	3	0 0 1
42	2	0.0	3	1 0 0 1
43	5	0.0	3	0 2 1 2
44	6	0.0	3	1 0 2 3
46	2	0.0	3	0 0 0 2
47	1	0.0	3	0 0 1
53	1	0.0	3	0 0 1
55	1	0.0	3	0 0 0 1
56	1	0.0	3	0 0 0 1
59	1	0.0	3	0 0 0 1

=== Second read: Adapter 14 ===

Sequence: ACGTTGGATGTTTGTTACTGTGGTGGATACTAC; Type: regular 5'; Length: 33; Trimmed: 27370 times.

No. of allowed errors:
0-9 bp: 0; 10-19 bp: 1; 20-29 bp: 2; 30-33 bp: 3

Overview of removed sequences
length	count	expect	max.err	error counts
3	6	2073.5	0	6
5	1	129.6	0	1
6	1	32.4	0	1
9	1	0.5	0	1
11	1	0.0	1	1
14	1	0.0	1	0 1
15	1	0.0	1	0 1
16	1	0.0	1	1
18	3	0.0	1	1 2
19	1	0.0	1	1
20	2	0.0	2	1 0 1
21	2	0.0	2	0 0 2
22	3	0.0	2	1 0 2
23	2	0.0	2	1 1
24	26	0.0	2	15 6 5
25	34	0.0	2	4 12 18
26	81	0.0	2	23 25 33
27	100	0.0	2	36 37 27
28	212	0.0	2	87 67 57 1
29	305	0.0	2	78 130 85 12
30	1502	0.0	3	157 209 176 960
31	1483	0.0	3	200 191 488 604
32	2930	0.0	3	112 856 885 1077
33	17828	0.0	3	9370 4408 2503 1547
34	1485	0.0	3	4 580 518 383
35	929	0.0	3	1 0 467 461
36	48	0.0	3	0 2 0 46
37	3	0.0	3	2 0 1
38	8	0.0	3	1 1 3 3
39	8	0.0	3	0 1 2 5
40	15	0.0	3	7 2 4 2
41	73	0.0	3	24 30 11 8
42	52	0.0	3	17 13 13 9
43	21	0.0	3	5 7 4 5
44	36	0.0	3	18 7 7 4
45	28	0.0	3	11 10 3 4
46	14	0.0	3	5 5 2 2
47	9	0.0	3	0 4 2 3
48	16	0.0	3	5 5 2 4
49	20	0.0	3	7 5 3 5
50	16	0.0	3	5 5 4 2
51	17	0.0	3	11 5 0 1
52	11	0.0	3	3 4 2 2
53	16	0.0	3	8 3 3 2
54	8	0.0	3	2 2 4
55	3	0.0	3	2 1
56	2	0.0	3	1 0 1
57	1	0.0	3	0 0 1
58	2	0.0	3	1 1
60	1	0.0	3	1
61	1	0.0	3	0 1

=== Second read: Adapter 15 ===

Sequence: ACGTTGGATGTTTGTTACTGTTGTGGATACAAC; Type: regular 5'; Length: 33; Trimmed: 10145 times.

No. of allowed errors:
0-9 bp: 0; 10-19 bp: 1; 20-29 bp: 2; 30-33 bp: 3

Overview of removed sequences
length	count	expect	max.err	error counts
3	345	2073.5	0	345
4	1	518.4	0	1
5	5	129.6	0	5
10	1	0.1	1	1
24	1	0.0	2	0 0 1
25	5	0.0	2	0 2 3
26	9	0.0	2	3 3 3
27	11	0.0	2	3 3 5
28	22	0.0	2	7 8 7
29	36	0.0	2	8 16 12
30	88	0.0	3	24 31 13 20
31	311	0.0	3	40 27 109 135
32	1346	0.0	3	35 493 407 411
33	5978	0.0	3	2251 1548 1476 703
34	370	0.0	3	2 126 119 123
35	1386	0.0	3	0 0 888 498
36	81	0.0	3	0 0 0 81
39	1	0.0	3	0 0 1
40	3	0.0	3	0 1 2
41	27	0.0	3	8 8 9 2
42	19	0.0	3	2 4 9 4
43	7	0.0	3	1 1 4 1
44	10	0.0	3	3 3 2 2
45	4	0.0	3	3 1
46	6	0.0	3	1 1 2 2
47	7	0.0	3	1 2 2 2
48	3	0.0	3	0 2 0 1
49	6	0.0	3	0 4 2
50	5	0.0	3	4 0 1
51	7	0.0	3	2 3 2
52	14	0.0	3	5 6 3
53	14	0.0	3	4 5 5
54	5	0.0	3	1 3 1
55	4	0.0	3	1 1 1 1
56	2	0.0	3	0 0 0 2
57	3	0.0	3	1 2
60	1	0.0	3	0 0 1
61	1	0.0	3	0 0 1

=== Second read: Adapter 16 ===

Sequence: ACGTTGGATGTTTGTTACCGTTGTTGATACTAC; Type: regular 5'; Length: 33; Trimmed: 10666 times.

No. of allowed errors:
0-9 bp: 0; 10-19 bp: 1; 20-29 bp: 2; 30-33 bp: 3

Overview of removed sequences
length	count	expect	max.err	error counts
19	1	0.0	1	0 1
20	1	0.0	2	0 0 1
22	1	0.0	2	0 0 1
23	2	0.0	2	0 0 2
24	6	0.0	2	3 1 2
25	4	0.0	2	2 0 2
26	16	0.0	2	8 4 4
27	36	0.0	2	13 13 10
28	99	0.0	2	33 33 30 3
29	196	0.0	2	56 65 64 11
30	1272	0.0	3	73 111 97 991
31	1071	0.0	3	103 110 486 372
32	1914	0.0	3	56 579 710 569
33	4639	0.0	3	2045 1357 784 453
34	1178	0.0	3	0 181 610 387
35	136	0.0	3	1 0 62 73
36	39	0.0	3	0 0 0 39
37	1	0.0	3	0 1
38	2	0.0	3	0 0 2
39	1	0.0	3	0 0 0 1
40	5	0.0	3	1 2 2
41	10	0.0	3	2 1 6 1
42	7	0.0	3	1 1 4 1
43	3	0.0	3	0 1 2
44	8	0.0	3	2 4 1 1
45	1	0.0	3	0 0 1
46	1	0.0	3	0 0 1
47	2	0.0	3	1 0 1
48	1	0.0	3	1
50	4	0.0	3	0 3 1
51	2	0.0	3	1 0 1
52	2	0.0	3	0 0 0 2
54	3	0.0	3	0 0 2 1
57	2	0.0	3	0 0 2

=== Second read: Adapter 17 ===

Sequence: ACGTTGGATGAATATATGTGTGCTTATTTG; Type: regular 5'; Length: 30; Trimmed: 262 times.

No. of allowed errors:
0-9 bp: 0; 10-19 bp: 1; 20-29 bp: 2; 30 bp: 3

Overview of removed sequences
length	count	expect	max.err	error counts
3	242	2073.5	0	242
4	15	518.4	0	15
5	2	129.6	0	2
10	1	0.1	1	0 1
30	2	0.0	3	2

=== Second read: Adapter 18 ===

Sequence: ACGTTGGATGTTTGTTACTAAGGTAGATACCACTC; Type: regular 5'; Length: 35; Trimmed: 5988 times.

No. of allowed errors:
0-9 bp: 0; 10-19 bp: 1; 20-29 bp: 2; 30-35 bp: 3

Overview of removed sequences
length	count	expect	max.err	error counts
3	1	2073.5	0	1
4	1	518.4	0	1
12	1	0.0	1	1
20	2	0.0	2	0 1 1
21	2	0.0	2	0 1 1
25	1	0.0	2	0 0 1
27	2	0.0	2	0 1 1
28	4	0.0	2	1 1 2
29	10	0.0	2	0 5 5
30	45	0.0	3	16 15 7 7
31	73	0.0	3	10 24 18 21
32	72	0.0	3	10 18 26 18
33	483	0.0	3	25 25 98 335
34	637	0.0	3	21 255 180 181
35	4198	0.0	3	1656 1102 827 613
36	204	0.0	3	1 58 71 74
37	172	0.0	3	1 0 67 104
38	70	0.0	3	0 0 0 70
43	4	0.0	3	2 2
44	1	0.0	3	1
45	1	0.0	3	1
47	1	0.0	3	0 1
52	1	0.0	3	0 0 0 1
54	1	0.0	3	0 0 1
61	1	0.0	3	1

=== Second read: Adapter 19 ===

Sequence: ACGTTGGATGGAAAAATAAACTGCAAATCATATTC; Type: regular 5'; Length: 35; Trimmed: 8610 times.

No. of allowed errors:
0-9 bp: 0; 10-19 bp: 1; 20-29 bp: 2; 30-35 bp: 3

Overview of removed sequences
length	count	expect	max.err	error counts
3	32	2073.5	0	32
4	5	518.4	0	5
18	2	0.0	1	2
19	2	0.0	1	0 2
27	1	0.0	2	0 0 1
29	2	0.0	2	0 1 1
30	10	0.0	3	4 3 1 2
31	13	0.0	3	3 3 3 4
32	82	0.0	3	2 4 3 73
33	83	0.0	3	7 4 31 41
34	653	0.0	3	8 339 157 149
35	6442	0.0	3	3235 1483 871 853
36	1121	0.0	3	0 663 289 169
37	119	0.0	3	0 0 54 65
38	35	0.0	3	0 0 0 35
44	2	0.0	3	0 1 0 1
45	2	0.0	3	0 1 0 1
47	1	0.0	3	1
49	2	0.0	3	0 1 1
54	1	0.0	3	0 1

=== Second read: Adapter 20 ===

Sequence: ACGTTGGATGAGATTAGGGAAAGTATTAGA; Type: regular 5'; Length: 30; Trimmed: 20 times.

No. of allowed errors:
0-9 bp: 0; 10-19 bp: 1; 20-29 bp: 2; 30 bp: 3

Overview of removed sequences
length	count	expect	max.err	error counts
3	18	2073.5	0	18
5	1	129.6	0	1
33	1	0.0	3	0 0 0 1

=== Second read: Adapter 21 ===

Sequence: ACGTTGGATGGAAAAATAAATTGTAAATCATACTC; Type: regular 5'; Length: 35; Trimmed: 1525 times.

No. of allowed errors:
0-9 bp: 0; 10-19 bp: 1; 20-29 bp: 2; 30-35 bp: 3

Overview of removed sequences
length	count	expect	max.err	error counts
5	1	129.6	0	1
13	1	0.0	1	1
17	1	0.0	1	0 1
19	2	0.0	1	1 0 1
20	2	0.0	2	2
21	1	0.0	2	1
25	1	0.0	2	1
30	1	0.0	3	0 1
31	6	0.0	3	3 1 1 1
32	5	0.0	3	0 0 1 4
33	34	0.0	3	2 2 11 19
34	83	0.0	3	6 33 19 25
35	1333	0.0	3	641 318 199 175
36	20	0.0	3	0 7 6 7
37	15	0.0	3	0 0 2 13
38	12	0.0	3	0 0 0 12
44	2	0.0	3	1 0 1
46	2	0.0	3	1 1
47	1	0.0	3	0 1
50	1	0.0	3	1
54	1	0.0	3	1

=== Second read: Adapter 22 ===

Sequence: ACGTTGGATGGAAAAATAAACTGTAAATCATATTCCT; Type: regular 5'; Length: 37; Trimmed: 14874 times.

No. of allowed errors:
0-9 bp: 0; 10-19 bp: 1; 20-29 bp: 2; 30-37 bp: 3

Overview of removed sequences
length	count	expect	max.err	error counts
3	87	2073.5	0	87
4	147	518.4	0	147
15	1	0.0	1	0 1
19	4	0.0	1	0 3 1
20	5	0.0	2	0 3 2
21	4	0.0	2	1 1 2
23	1	0.0	2	0 1
24	1	0.0	2	0 1
25	1	0.0	2	0 1
28	1	0.0	2	1
30	5	0.0	3	0 2 0 3
31	3	0.0	3	0 0 1 2
32	9	0.0	3	3 1 3 2
33	13	0.0	3	4 1 2 6
34	140	0.0	3	0 2 1 137
35	679	0.0	3	2 7 361 309
36	2393	0.0	3	1 1211 743 438
37	5749	0.0	3	697 2527 1320 1205
38	5030	0.0	3	0 66 3425 1539
39	457	0.0	3	0 0 88 369
40	105	0.0	3	0 0 0 105
42	2	0.0	3	0 0 1 1
44	1	0.0	3	0 1
45	2	0.0	3	0 0 2
46	5	0.0	3	0 0 3 2
47	3	0.0	3	0 2 0 1
48	2	0.0	3	0 2
49	4	0.0	3	0 2 1 1
50	2	0.0	3	0 0 2
51	3	0.0	3	0 1 2
52	2	0.0	3	0 0 1 1
53	1	0.0	3	0 0 1
54	3	0.0	3	0 1 0 2
55	4	0.0	3	0 1 0 3
56	1	0.0	3	0 0 1
58	2	0.0	3	0 0 1 1
62	1	0.0	3	0 0 0 1
68	1	0.0	3	0 1

=== Second read: Adapter 23 ===

Sequence: ACGTTGGATGGAAAAATAAACTGTAAATCATATTC; Type: regular 5'; Length: 35; Trimmed: 1878 times.

No. of allowed errors:
0-9 bp: 0; 10-19 bp: 1; 20-29 bp: 2; 30-35 bp: 3

Overview of removed sequences
length	count	expect	max.err	error counts
12	1	0.0	1	0 1
18	1	0.0	1	0 1
21	1	0.0	2	0 0 1
22	1	0.0	2	0 1
23	1	0.0	2	0 0 1
28	1	0.0	2	0 0 0 1
30	2	0.0	3	0 0 0 2
31	7	0.0	3	0 0 4 3
32	54	0.0	3	0 0 1 53
33	53	0.0	3	0 0 25 28
34	208	0.0	3	0 0 66 142
35	1425	0.0	3	0 0 770 655
36	51	0.0	3	0 0 3 48
37	61	0.0	3	0 0 9 52
38	7	0.0	3	0 0 0 7
43	1	0.0	3	0 0 1
48	1	0.0	3	0 0 1
49	1	0.0	3	0 0 1
51	1	0.0	3	0 0 0 1

=== Second read: Adapter 24 ===

Sequence: ACGTTGGATGGAAAAATAAATTGTAAATCAAATTC; Type: regular 5'; Length: 35; Trimmed: 693 times.

No. of allowed errors:
0-9 bp: 0; 10-19 bp: 1; 20-29 bp: 2; 30-35 bp: 3

Overview of removed sequences
length	count	expect	max.err	error counts
6	1	32.4	0	1
13	1	0.0	1	0 1
18	2	0.0	1	1 1
21	1	0.0	2	1
22	1	0.0	2	1
24	1	0.0	2	1
25	1	0.0	2	0 1
26	2	0.0	2	2
30	7	0.0	3	6 0 0 1
31	3	0.0	3	1 1 1
32	1	0.0	3	1
33	2	0.0	3	0 0 1 1
34	20	0.0	3	0 8 7 5
35	623	0.0	3	355 145 79 44
36	9	0.0	3	0 2 1 6
37	4	0.0	3	0 0 3 1
38	13	0.0	3	0 0 0 13
48	1	0.0	3	1

