This is cutadapt 1.18 with Python 3.5.5
Command line parameters: -g ACGTTGGATGTTTGTTACTATGGTAGATACCACAC -g ACGTTGGATGTTTGTTACTAAGGTAGATACCACTC -g ACGTTGGATGTTTGTTACTGTGGTGGATACTAC -g ACGTTGGATGTTTGTTACTGTTGTGGATACAAC -g ACGTTGGATGTTTGTTACCGTTGTTGATACTAC -g ACGTTGGATGAATATATGTGTGCTTATTTG -G ACGTTGGATGTTTGTTACTATGGTAGATACCACAC -G ACGTTGGATGTTTGTTACTGTGGTGGATACTAC -G ACGTTGGATGTTTGTTACTGTTGTGGATACAAC -G ACGTTGGATGTTTGTTACCGTTGTTGATACTAC -G ACGTTGGATGAATATATGTGTGCTTATTTG -G ACGTTGGATGTTTGTTACTAAGGTAGATACCACTC -g ACGTTGGATGGAAAAATAAACTGCAAATCATATTC -g ACGTTGGATGGAAAAATAAACTGTAAATCATATTC -g ACGTTGGATGGAAAAATAAATTGTAAATCATACTC -g ACGTTGGATGAGATTAGGGAAAGTATTAGA -g ACGTTGGATGGAAAAATAAATTGTAAATCAAATTC -g ACGTTGGATGGAAAAATAAACTGTAAATCATATTCCT -G ACGTTGGATGGAAAAATAAACTGCAAATCATATTC -G ACGTTGGATGAGATTAGGGAAAGTATTAGA -G ACGTTGGATGGAAAAATAAATTGTAAATCATACTC -G ACGTTGGATGGAAAAATAAACTGTAAATCATATTCCT -G ACGTTGGATGGAAAAATAAACTGTAAATCATATTC -G ACGTTGGATGGAAAAATAAATTGTAAATCAAATTC --minimum-length=1 -o /data/projects/mdc-971/data_from_June_2019/30.primer_trimmed/180369_S29_cutadapt.1.fq.gz -p /data/projects/mdc-971/data_from_June_2019/30.primer_trimmed/180369_S29_cutadapt.2.fq.gz /data/projects/mdc-971/data_from_June_2019/20.trim_151st_nt/180369_S29_R1_001.bbduked.fastq.gz /data/projects/mdc-971/data_from_June_2019/20.trim_151st_nt/180369_S29_R2_001.bbduked.fastq.gz
Processing reads on 1 core in paired-end mode ...
Finished in 2.51 s (389 us/read; 0.15 M reads/minute).

=== Summary ===

Total read pairs processed:              6,435
  Read 1 with adapter:                   5,561 (86.4%)
  Read 2 with adapter:                   4,264 (66.3%)
Pairs that were too short:                   0 (0.0%)
Pairs written (passing filters):         6,435 (100.0%)

Total basepairs processed:     1,930,500 bp
  Read 1:       965,250 bp
  Read 2:       965,250 bp
Total written (filtered):      1,590,741 bp (82.4%)
  Read 1:       770,784 bp
  Read 2:       819,957 bp

=== First read: Adapter 1 ===

Sequence: ACGTTGGATGTTTGTTACTATGGTAGATACCACAC; Type: regular 5'; Length: 35; Trimmed: 327 times.

No. of allowed errors:
0-9 bp: 0; 10-19 bp: 1; 20-29 bp: 2; 30-35 bp: 3

Overview of removed sequences
length	count	expect	max.err	error counts
26	1	0.0	2	0 0 1
27	1	0.0	2	1
28	1	0.0	2	1
29	3	0.0	2	0 0 2 1
32	4	0.0	3	0 1 1 2
33	17	0.0	3	0 0 8 9
34	34	0.0	3	0 11 9 14
35	237	0.0	3	43 74 36 84
36	14	0.0	3	0 5 6 3
37	9	0.0	3	0 0 5 4
38	6	0.0	3	0 0 0 6

=== First read: Adapter 2 ===

Sequence: ACGTTGGATGTTTGTTACTAAGGTAGATACCACTC; Type: regular 5'; Length: 35; Trimmed: 161 times.

No. of allowed errors:
0-9 bp: 0; 10-19 bp: 1; 20-29 bp: 2; 30-35 bp: 3

Overview of removed sequences
length	count	expect	max.err	error counts
26	1	0.0	2	1
28	2	0.0	2	0 1 1
29	3	0.0	2	1 1 1
30	2	0.0	3	0 0 2
31	1	0.0	3	0 0 1
32	2	0.0	3	2
33	4	0.0	3	1 1 1 1
34	18	0.0	3	4 6 4 4
35	120	0.0	3	64 28 14 14
36	3	0.0	3	0 1 1 1
37	4	0.0	3	0 0 1 3
38	1	0.0	3	0 0 0 1

=== First read: Adapter 3 ===

Sequence: ACGTTGGATGTTTGTTACTGTGGTGGATACTAC; Type: regular 5'; Length: 33; Trimmed: 666 times.

No. of allowed errors:
0-9 bp: 0; 10-19 bp: 1; 20-29 bp: 2; 30-33 bp: 3

Overview of removed sequences
length	count	expect	max.err	error counts
18	1	0.0	1	0 1
24	2	0.0	2	2
25	5	0.0	2	4 0 1
26	1	0.0	2	1
27	12	0.0	2	4 7 1
28	21	0.0	2	11 6 4
29	8	0.0	2	2 3 3
30	25	0.0	3	13 7 1 4
31	40	0.0	3	12 12 11 5
32	71	0.0	3	8 27 16 20
33	406	0.0	3	162 127 57 60
34	70	0.0	3	0 30 31 9
35	4	0.0	3	0 0 2 2

=== First read: Adapter 4 ===

Sequence: ACGTTGGATGTTTGTTACTGTTGTGGATACAAC; Type: regular 5'; Length: 33; Trimmed: 541 times.

No. of allowed errors:
0-9 bp: 0; 10-19 bp: 1; 20-29 bp: 2; 30-33 bp: 3

Overview of removed sequences
length	count	expect	max.err	error counts
25	1	0.0	2	1
26	3	0.0	2	2 1
27	2	0.0	2	2
28	2	0.0	2	0 1 1
29	6	0.0	2	4 1 1
30	9	0.0	3	2 4 0 3
31	18	0.0	3	7 4 3 4
32	56	0.0	3	12 26 8 10
33	421	0.0	3	211 100 66 44
34	14	0.0	3	0 7 2 5
35	8	0.0	3	0 0 6 2
36	1	0.0	3	0 0 0 1

=== First read: Adapter 5 ===

Sequence: ACGTTGGATGTTTGTTACCGTTGTTGATACTAC; Type: regular 5'; Length: 33; Trimmed: 482 times.

No. of allowed errors:
0-9 bp: 0; 10-19 bp: 1; 20-29 bp: 2; 30-33 bp: 3

Overview of removed sequences
length	count	expect	max.err	error counts
24	2	0.0	2	0 1 1
25	1	0.0	2	0 1
26	2	0.0	2	1 1
27	4	0.0	2	4
28	3	0.0	2	2 0 1
29	8	0.0	2	5 3
30	13	0.0	3	6 3 1 3
31	23	0.0	3	2 5 10 6
32	69	0.0	3	8 25 26 10
33	333	0.0	3	155 91 50 37
34	22	0.0	3	0 13 5 4
35	1	0.0	3	0 0 0 1
36	1	0.0	3	1

=== First read: Adapter 6 ===

Sequence: ACGTTGGATGAATATATGTGTGCTTATTTG; Type: regular 5'; Length: 30; Trimmed: 3 times.

No. of allowed errors:
0-9 bp: 0; 10-19 bp: 1; 20-29 bp: 2; 30 bp: 3

Overview of removed sequences
length	count	expect	max.err	error counts
3	3	100.5	0	3

=== First read: Adapter 7 ===

Sequence: ACGTTGGATGGAAAAATAAACTGCAAATCATATTC; Type: regular 5'; Length: 35; Trimmed: 535 times.

No. of allowed errors:
0-9 bp: 0; 10-19 bp: 1; 20-29 bp: 2; 30-35 bp: 3

Overview of removed sequences
length	count	expect	max.err	error counts
30	4	0.0	3	0 1 3
31	2	0.0	3	0 2
32	5	0.0	3	1 2 0 2
33	10	0.0	3	1 0 3 6
34	75	0.0	3	3 45 15 12
35	347	0.0	3	156 76 44 71
36	65	0.0	3	0 40 15 10
37	8	0.0	3	0 0 2 6
38	19	0.0	3	0 0 0 19

=== First read: Adapter 8 ===

Sequence: ACGTTGGATGGAAAAATAAACTGTAAATCATATTC; Type: regular 5'; Length: 35; Trimmed: 150 times.

No. of allowed errors:
0-9 bp: 0; 10-19 bp: 1; 20-29 bp: 2; 30-35 bp: 3

Overview of removed sequences
length	count	expect	max.err	error counts
32	12	0.0	3	0 0 0 12
33	7	0.0	3	0 0 3 4
34	16	0.0	3	0 9 1 6
35	86	0.0	3	16 18 17 35
36	10	0.0	3	0 1 4 5
37	3	0.0	3	0 0 1 2
38	16	0.0	3	0 0 0 16

=== First read: Adapter 9 ===

Sequence: ACGTTGGATGGAAAAATAAATTGTAAATCATACTC; Type: regular 5'; Length: 35; Trimmed: 510 times.

No. of allowed errors:
0-9 bp: 0; 10-19 bp: 1; 20-29 bp: 2; 30-35 bp: 3

Overview of removed sequences
length	count	expect	max.err	error counts
32	2	0.0	3	0 1 0 1
33	5	0.0	3	0 1 4
34	35	0.0	3	11 14 7 3
35	446	0.0	3	278 97 42 29
38	20	0.0	3	0 0 0 20
39	1	0.0	3	1
66	1	0.0	3	0 0 1

=== First read: Adapter 10 ===

Sequence: ACGTTGGATGAGATTAGGGAAAGTATTAGA; Type: regular 5'; Length: 30; Trimmed: 1 times.

No. of allowed errors:
0-9 bp: 0; 10-19 bp: 1; 20-29 bp: 2; 30 bp: 3

Overview of removed sequences
length	count	expect	max.err	error counts
3	1	100.5	0	1

=== First read: Adapter 11 ===

Sequence: ACGTTGGATGGAAAAATAAATTGTAAATCAAATTC; Type: regular 5'; Length: 35; Trimmed: 225 times.

No. of allowed errors:
0-9 bp: 0; 10-19 bp: 1; 20-29 bp: 2; 30-35 bp: 3

Overview of removed sequences
length	count	expect	max.err	error counts
34	7	0.0	3	3 2 2
35	209	0.0	3	131 37 25 16
36	3	0.0	3	0 1 0 2
38	6	0.0	3	0 0 0 6

=== First read: Adapter 12 ===

Sequence: ACGTTGGATGGAAAAATAAACTGTAAATCATATTCCT; Type: regular 5'; Length: 37; Trimmed: 1960 times.

No. of allowed errors:
0-9 bp: 0; 10-19 bp: 1; 20-29 bp: 2; 30-37 bp: 3

Overview of removed sequences
length	count	expect	max.err	error counts
31	3	0.0	3	0 2 1
32	3	0.0	3	1 1 1
33	1	0.0	3	1
34	6	0.0	3	0 0 3 3
35	31	0.0	3	1 2 20 8
36	389	0.0	3	1 176 101 111
37	1072	0.0	3	335 411 204 122
38	69	0.0	3	1 14 32 22
39	379	0.0	3	0 0 152 227
40	7	0.0	3	0 0 0 7

=== Second read: Adapter 13 ===

Sequence: ACGTTGGATGTTTGTTACTATGGTAGATACCACAC; Type: regular 5'; Length: 35; Trimmed: 234 times.

No. of allowed errors:
0-9 bp: 0; 10-19 bp: 1; 20-29 bp: 2; 30-35 bp: 3

Overview of removed sequences
length	count	expect	max.err	error counts
31	2	0.0	3	1 1
32	1	0.0	3	0 0 0 1
33	20	0.0	3	1 0 10 9
34	26	0.0	3	0 2 4 20
35	165	0.0	3	18 37 42 68
36	8	0.0	3	0 0 2 6
37	10	0.0	3	0 0 3 7
38	2	0.0	3	0 0 0 2

=== Second read: Adapter 14 ===

Sequence: ACGTTGGATGTTTGTTACTGTGGTGGATACTAC; Type: regular 5'; Length: 33; Trimmed: 913 times.

No. of allowed errors:
0-9 bp: 0; 10-19 bp: 1; 20-29 bp: 2; 30-33 bp: 3

Overview of removed sequences
length	count	expect	max.err	error counts
3	1	100.5	0	1
25	2	0.0	2	0 1 1
26	2	0.0	2	0 2
28	4	0.0	2	1 2 1
29	6	0.0	2	3 2 1
30	36	0.0	3	2 3 0 31
31	35	0.0	3	6 5 5 19
32	170	0.0	3	3 51 58 58
33	555	0.0	3	202 172 110 71
34	94	0.0	3	0 35 40 19
35	1	0.0	3	0 0 0 1
42	1	0.0	3	1
44	1	0.0	3	0 1
45	1	0.0	3	0 1
48	1	0.0	3	0 0 0 1
51	2	0.0	3	1 0 0 1
57	1	0.0	3	0 1

=== Second read: Adapter 15 ===

Sequence: ACGTTGGATGTTTGTTACTGTTGTGGATACAAC; Type: regular 5'; Length: 33; Trimmed: 642 times.

No. of allowed errors:
0-9 bp: 0; 10-19 bp: 1; 20-29 bp: 2; 30-33 bp: 3

Overview of removed sequences
length	count	expect	max.err	error counts
3	19	100.5	0	19
27	1	0.0	2	0 1
28	2	0.0	2	2
29	4	0.0	2	1 0 3
30	5	0.0	3	1 1 1 2
31	18	0.0	3	4 3 6 5
32	111	0.0	3	2 47 32 30
33	433	0.0	3	177 102 97 57
34	24	0.0	3	1 9 9 5
35	17	0.0	3	0 0 11 6
36	4	0.0	3	0 0 0 4
42	2	0.0	3	1 0 1
48	1	0.0	3	1
55	1	0.0	3	0 0 0 1

=== Second read: Adapter 16 ===

Sequence: ACGTTGGATGTTTGTTACCGTTGTTGATACTAC; Type: regular 5'; Length: 33; Trimmed: 556 times.

No. of allowed errors:
0-9 bp: 0; 10-19 bp: 1; 20-29 bp: 2; 30-33 bp: 3

Overview of removed sequences
length	count	expect	max.err	error counts
26	1	0.0	2	0 0 1
27	1	0.0	2	1
28	1	0.0	2	0 0 1
29	1	0.0	2	0 1
30	24	0.0	3	2 1 1 20
31	24	0.0	3	1 2 8 13
32	93	0.0	3	4 20 35 34
33	357	0.0	3	133 110 84 30
34	44	0.0	3	0 17 13 14
35	8	0.0	3	0 0 2 6
52	1	0.0	3	0 0 1
54	1	0.0	3	0 0 0 1

=== Second read: Adapter 17 ===

Sequence: ACGTTGGATGAATATATGTGTGCTTATTTG; Type: regular 5'; Length: 30; Trimmed: 9 times.

No. of allowed errors:
0-9 bp: 0; 10-19 bp: 1; 20-29 bp: 2; 30 bp: 3

Overview of removed sequences
length	count	expect	max.err	error counts
3	8	100.5	0	8
5	1	6.3	0	1

=== Second read: Adapter 18 ===

Sequence: ACGTTGGATGTTTGTTACTAAGGTAGATACCACTC; Type: regular 5'; Length: 35; Trimmed: 156 times.

No. of allowed errors:
0-9 bp: 0; 10-19 bp: 1; 20-29 bp: 2; 30-35 bp: 3

Overview of removed sequences
length	count	expect	max.err	error counts
4	1	25.1	0	1
29	1	0.0	2	0 1
30	2	0.0	3	2
32	1	0.0	3	0 0 1
33	5	0.0	3	0 0 1 4
34	16	0.0	3	0 2 3 11
35	121	0.0	3	51 29 25 16
36	4	0.0	3	0 1 0 3
37	5	0.0	3	0 0 1 4

=== Second read: Adapter 19 ===

Sequence: ACGTTGGATGGAAAAATAAACTGCAAATCATATTC; Type: regular 5'; Length: 35; Trimmed: 257 times.

No. of allowed errors:
0-9 bp: 0; 10-19 bp: 1; 20-29 bp: 2; 30-35 bp: 3

Overview of removed sequences
length	count	expect	max.err	error counts
33	5	0.0	3	0 1 1 3
34	33	0.0	3	0 13 8 12
35	188	0.0	3	56 54 27 51
36	17	0.0	3	0 4 9 4
37	6	0.0	3	0 0 2 4
38	8	0.0	3	0 0 0 8

=== Second read: Adapter 20 ===

Sequence: ACGTTGGATGAGATTAGGGAAAGTATTAGA; Type: regular 5'; Length: 30; Trimmed: 3 times.

No. of allowed errors:
0-9 bp: 0; 10-19 bp: 1; 20-29 bp: 2; 30 bp: 3

Overview of removed sequences
length	count	expect	max.err	error counts
3	3	100.5	0	3

=== Second read: Adapter 21 ===

Sequence: ACGTTGGATGGAAAAATAAATTGTAAATCATACTC; Type: regular 5'; Length: 35; Trimmed: 325 times.

No. of allowed errors:
0-9 bp: 0; 10-19 bp: 1; 20-29 bp: 2; 30-35 bp: 3

Overview of removed sequences
length	count	expect	max.err	error counts
32	1	0.0	3	0 0 0 1
33	6	0.0	3	1 0 3 2
34	16	0.0	3	3 5 1 7
35	290	0.0	3	126 77 47 40
36	2	0.0	3	0 1 0 1
37	1	0.0	3	0 0 1
38	7	0.0	3	0 0 0 7
39	1	0.0	3	0 0 1
52	1	0.0	3	1

=== Second read: Adapter 22 ===

Sequence: ACGTTGGATGGAAAAATAAACTGTAAATCATATTCCT; Type: regular 5'; Length: 37; Trimmed: 1005 times.

No. of allowed errors:
0-9 bp: 0; 10-19 bp: 1; 20-29 bp: 2; 30-37 bp: 3

Overview of removed sequences
length	count	expect	max.err	error counts
3	6	100.5	0	6
4	7	25.1	0	7
32	1	0.0	3	0 1
34	3	0.0	3	0 0 0 3
35	29	0.0	3	0 0 16 13
36	186	0.0	3	1 61 52 72
37	536	0.0	3	147 192 121 76
38	18	0.0	3	0 3 10 5
39	215	0.0	3	0 0 77 138
40	2	0.0	3	0 0 0 2
51	1	0.0	3	0 0 1
62	1	0.0	3	0 1

=== Second read: Adapter 23 ===

Sequence: ACGTTGGATGGAAAAATAAACTGTAAATCATATTC; Type: regular 5'; Length: 35; Trimmed: 55 times.

No. of allowed errors:
0-9 bp: 0; 10-19 bp: 1; 20-29 bp: 2; 30-35 bp: 3

Overview of removed sequences
length	count	expect	max.err	error counts
32	10	0.0	3	0 0 0 10
33	1	0.0	3	0 0 0 1
34	7	0.0	3	0 0 0 7
35	34	0.0	3	0 0 3 31
36	1	0.0	3	0 0 0 1
37	1	0.0	3	0 0 0 1
38	1	0.0	3	0 0 0 1

=== Second read: Adapter 24 ===

Sequence: ACGTTGGATGGAAAAATAAATTGTAAATCAAATTC; Type: regular 5'; Length: 35; Trimmed: 109 times.

No. of allowed errors:
0-9 bp: 0; 10-19 bp: 1; 20-29 bp: 2; 30-35 bp: 3

Overview of removed sequences
length	count	expect	max.err	error counts
6	1	1.6	0	1
30	1	0.0	3	1
33	2	0.0	3	0 0 1 1
34	3	0.0	3	0 2 0 1
35	97	0.0	3	49 27 14 7
36	1	0.0	3	0 1
37	1	0.0	3	0 0 0 1
38	2	0.0	3	0 0 0 2
50	1	0.0	3	1

