This is cutadapt 1.18 with Python 3.5.5
Command line parameters: -g ACGTTGGATGTTTGTTACTATGGTAGATACCACAC -g ACGTTGGATGTTTGTTACTAAGGTAGATACCACTC -g ACGTTGGATGTTTGTTACTGTGGTGGATACTAC -g ACGTTGGATGTTTGTTACTGTTGTGGATACAAC -g ACGTTGGATGTTTGTTACCGTTGTTGATACTAC -g ACGTTGGATGAATATATGTGTGCTTATTTG -G ACGTTGGATGTTTGTTACTATGGTAGATACCACAC -G ACGTTGGATGTTTGTTACTGTGGTGGATACTAC -G ACGTTGGATGTTTGTTACTGTTGTGGATACAAC -G ACGTTGGATGTTTGTTACCGTTGTTGATACTAC -G ACGTTGGATGAATATATGTGTGCTTATTTG -G ACGTTGGATGTTTGTTACTAAGGTAGATACCACTC -g ACGTTGGATGGAAAAATAAACTGCAAATCATATTC -g ACGTTGGATGGAAAAATAAACTGTAAATCATATTC -g ACGTTGGATGGAAAAATAAATTGTAAATCATACTC -g ACGTTGGATGAGATTAGGGAAAGTATTAGA -g ACGTTGGATGGAAAAATAAATTGTAAATCAAATTC -g ACGTTGGATGGAAAAATAAACTGTAAATCATATTCCT -G ACGTTGGATGGAAAAATAAACTGCAAATCATATTC -G ACGTTGGATGAGATTAGGGAAAGTATTAGA -G ACGTTGGATGGAAAAATAAATTGTAAATCATACTC -G ACGTTGGATGGAAAAATAAACTGTAAATCATATTCCT -G ACGTTGGATGGAAAAATAAACTGTAAATCATATTC -G ACGTTGGATGGAAAAATAAATTGTAAATCAAATTC --minimum-length=1 -o /data/projects/mdc-971/data_from_June_2019/30.primer_trimmed/180347_S10_cutadapt.1.fq.gz -p /data/projects/mdc-971/data_from_June_2019/30.primer_trimmed/180347_S10_cutadapt.2.fq.gz /data/projects/mdc-971/data_from_June_2019/20.trim_151st_nt/180347_S10_R1_001.bbduked.fastq.gz /data/projects/mdc-971/data_from_June_2019/20.trim_151st_nt/180347_S10_R2_001.bbduked.fastq.gz
Processing reads on 1 core in paired-end mode ...
Finished in 89.58 s (374 us/read; 0.16 M reads/minute).

=== Summary ===

Total read pairs processed:            239,515
  Read 1 with adapter:                 219,490 (91.6%)
  Read 2 with adapter:                 187,798 (78.4%)
Pairs that were too short:                   0 (0.0%)
Pairs written (passing filters):       239,515 (100.0%)

Total basepairs processed:    71,854,500 bp
  Read 1:    35,927,250 bp
  Read 2:    35,927,250 bp
Total written (filtered):     57,699,858 bp (80.3%)
  Read 1:    28,289,943 bp
  Read 2:    29,409,915 bp

=== First read: Adapter 1 ===

Sequence: ACGTTGGATGTTTGTTACTATGGTAGATACCACAC; Type: regular 5'; Length: 35; Trimmed: 78793 times.

No. of allowed errors:
0-9 bp: 0; 10-19 bp: 1; 20-29 bp: 2; 30-35 bp: 3

Overview of removed sequences
length	count	expect	max.err	error counts
3	3	3742.4	0	3
4	3	935.6	0	3
11	1	0.1	1	1
21	1	0.0	2	0 0 1
23	1	0.0	2	1
25	1	0.0	2	0 0 1
26	13	0.0	2	5 3 5
27	22	0.0	2	13 6 3
28	42	0.0	2	29 6 6 1
29	107	0.0	2	44 39 17 7
30	368	0.0	3	186 115 47 20
31	312	0.0	3	114 104 70 24
32	780	0.0	3	198 243 131 208
33	2878	0.0	3	489 439 1250 700
34	11539	0.0	3	653 6323 2511 2052
35	60497	0.0	3	26541 19030 9335 5591
36	1855	0.0	3	50 898 594 313
37	338	0.0	3	1 5 137 195
38	18	0.0	3	1 1 2 14
39	1	0.0	3	0 0 1
42	1	0.0	3	1
43	2	0.0	3	1 1
44	2	0.0	3	1 0 0 1
47	2	0.0	3	0 1 1
48	1	0.0	3	0 0 1
50	1	0.0	3	0 0 1
51	1	0.0	3	0 1
52	1	0.0	3	0 0 1
55	1	0.0	3	1
67	1	0.0	3	0 0 1

=== First read: Adapter 2 ===

Sequence: ACGTTGGATGTTTGTTACTAAGGTAGATACCACTC; Type: regular 5'; Length: 35; Trimmed: 4317 times.

No. of allowed errors:
0-9 bp: 0; 10-19 bp: 1; 20-29 bp: 2; 30-35 bp: 3

Overview of removed sequences
length	count	expect	max.err	error counts
26	1	0.0	2	1
27	1	0.0	2	0 0 1
29	9	0.0	2	2 5 1 1
30	9	0.0	3	7 2
31	16	0.0	3	6 2 5 3
32	30	0.0	3	10 3 4 13
33	241	0.0	3	15 42 109 75
34	2229	0.0	3	25 1446 449 309
35	1206	0.0	3	697 269 134 106
36	49	0.0	3	0 14 9 26
37	522	0.0	3	0 0 45 477
38	3	0.0	3	0 0 0 3
41	1	0.0	3	0 0 0 1

=== First read: Adapter 3 ===

Sequence: ACGTTGGATGTTTGTTACTGTGGTGGATACTAC; Type: regular 5'; Length: 33; Trimmed: 8485 times.

No. of allowed errors:
0-9 bp: 0; 10-19 bp: 1; 20-29 bp: 2; 30-33 bp: 3

Overview of removed sequences
length	count	expect	max.err	error counts
3	1	3742.4	0	1
20	1	0.0	2	0 1
25	5	0.0	2	3 1 1
26	10	0.0	2	8 1 1
27	23	0.0	2	15 4 3 1
28	64	0.0	2	35 20 7 2
29	87	0.0	2	49 14 9 15
30	187	0.0	3	77 54 18 38
31	379	0.0	3	161 66 83 69
32	813	0.0	3	197 269 169 178
33	6586	0.0	3	4083 1070 630 803
34	214	0.0	3	3 104 58 49
35	99	0.0	3	0 0 51 48
36	3	0.0	3	1 0 0 2
37	4	0.0	3	4
39	1	0.0	3	1
40	2	0.0	3	1 0 1
41	1	0.0	3	0 1
43	2	0.0	3	0 1 0 1
49	2	0.0	3	2
53	1	0.0	3	1

=== First read: Adapter 4 ===

Sequence: ACGTTGGATGTTTGTTACTGTTGTGGATACAAC; Type: regular 5'; Length: 33; Trimmed: 4626 times.

No. of allowed errors:
0-9 bp: 0; 10-19 bp: 1; 20-29 bp: 2; 30-33 bp: 3

Overview of removed sequences
length	count	expect	max.err	error counts
3	25	3742.4	0	25
25	1	0.0	2	0 0 1
26	2	0.0	2	1 1
27	3	0.0	2	3
28	12	0.0	2	3 4 4 1
29	13	0.0	2	4 3 5 1
30	18	0.0	3	5 2 4 7
31	80	0.0	3	7 9 30 34
32	154	0.0	3	18 71 22 43
33	2460	0.0	3	1063 674 380 343
34	114	0.0	3	1 23 43 47
35	1728	0.0	3	0 0 1365 363
36	13	0.0	3	0 0 4 9
39	1	0.0	3	0 0 1
57	1	0.0	3	0 1
60	1	0.0	3	1

=== First read: Adapter 5 ===

Sequence: ACGTTGGATGTTTGTTACCGTTGTTGATACTAC; Type: regular 5'; Length: 33; Trimmed: 961 times.

No. of allowed errors:
0-9 bp: 0; 10-19 bp: 1; 20-29 bp: 2; 30-33 bp: 3

Overview of removed sequences
length	count	expect	max.err	error counts
25	1	0.0	2	0 1
27	3	0.0	2	0 2 1
28	6	0.0	2	3 2 1
29	10	0.0	2	2 3 4 1
30	28	0.0	3	7 10 4 7
31	34	0.0	3	12 6 8 8
32	80	0.0	3	14 25 23 18
33	770	0.0	3	386 200 97 87
34	20	0.0	3	1 12 5 2
35	7	0.0	3	0 0 4 3
37	1	0.0	3	1
41	1	0.0	3	1

=== First read: Adapter 6 ===

Sequence: ACGTTGGATGAATATATGTGTGCTTATTTG; Type: regular 5'; Length: 30; Trimmed: 21 times.

No. of allowed errors:
0-9 bp: 0; 10-19 bp: 1; 20-29 bp: 2; 30 bp: 3

Overview of removed sequences
length	count	expect	max.err	error counts
3	17	3742.4	0	17
4	3	935.6	0	3
5	1	233.9	0	1

=== First read: Adapter 7 ===

Sequence: ACGTTGGATGGAAAAATAAACTGCAAATCATATTC; Type: regular 5'; Length: 35; Trimmed: 2332 times.

No. of allowed errors:
0-9 bp: 0; 10-19 bp: 1; 20-29 bp: 2; 30-35 bp: 3

Overview of removed sequences
length	count	expect	max.err	error counts
25	1	0.0	2	0 1
30	8	0.0	3	2 4 2
31	4	0.0	3	2 1 0 1
32	10	0.0	3	1 5 1 3
33	15	0.0	3	2 3 3 7
34	80	0.0	3	4 43 17 16
35	1997	0.0	3	612 137 92 1156
36	139	0.0	3	0 101 26 12
37	4	0.0	3	0 0 0 4
38	73	0.0	3	0 0 0 73
69	1	0.0	3	0 0 0 1

=== First read: Adapter 8 ===

Sequence: ACGTTGGATGGAAAAATAAACTGTAAATCATATTC; Type: regular 5'; Length: 35; Trimmed: 1195 times.

No. of allowed errors:
0-9 bp: 0; 10-19 bp: 1; 20-29 bp: 2; 30-35 bp: 3

Overview of removed sequences
length	count	expect	max.err	error counts
31	3	0.0	3	0 0 0 3
32	3	0.0	3	0 0 0 3
33	19	0.0	3	0 0 3 16
34	111	0.0	3	1 11 1 98
35	524	0.0	3	14 23 57 430
36	14	0.0	3	0 5 2 7
37	52	0.0	3	0 0 1 51
38	469	0.0	3	0 0 0 469

=== First read: Adapter 9 ===

Sequence: ACGTTGGATGGAAAAATAAATTGTAAATCATACTC; Type: regular 5'; Length: 35; Trimmed: 111266 times.

No. of allowed errors:
0-9 bp: 0; 10-19 bp: 1; 20-29 bp: 2; 30-35 bp: 3

Overview of removed sequences
length	count	expect	max.err	error counts
18	1	0.0	1	0 1
19	1	0.0	1	1
20	1	0.0	2	1
21	2	0.0	2	2
22	7	0.0	2	5 2
24	1	0.0	2	1
26	3	0.0	2	3
27	10	0.0	2	8 2
28	11	0.0	2	8 2 1
29	21	0.0	2	14 5 2
30	206	0.0	3	134 57 8 7
31	465	0.0	3	321 102 39 3
32	390	0.0	3	240 102 29 19
33	1065	0.0	3	415 300 194 156
34	9966	0.0	3	5213 3088 1160 505
35	94966	0.0	3	67640 17227 6898 3201
36	226	0.0	3	36 105 50 35
37	287	0.0	3	66 9 6 206
38	3503	0.0	3	20 3 0 3480
39	10	0.0	3	8 2
40	2	0.0	3	2
41	7	0.0	3	5 2
42	12	0.0	3	5 5 1 1
43	12	0.0	3	7 4 1
44	9	0.0	3	7 1 1
45	13	0.0	3	9 4
46	12	0.0	3	5 4 2 1
47	9	0.0	3	4 3 1 1
48	6	0.0	3	3 3
49	11	0.0	3	7 2 1 1
50	6	0.0	3	5 1
51	3	0.0	3	2 0 0 1
53	6	0.0	3	4 0 1 1
54	5	0.0	3	2 1 2
55	1	0.0	3	1
56	1	0.0	3	1
60	1	0.0	3	1
61	1	0.0	3	0 0 1
62	5	0.0	3	1 1 1 2
63	1	0.0	3	0 0 0 1
66	1	0.0	3	0 0 1

=== First read: Adapter 10 ===

Sequence: ACGTTGGATGAGATTAGGGAAAGTATTAGA; Type: regular 5'; Length: 30; Trimmed: 20 times.

No. of allowed errors:
0-9 bp: 0; 10-19 bp: 1; 20-29 bp: 2; 30 bp: 3

Overview of removed sequences
length	count	expect	max.err	error counts
3	19	3742.4	0	19
6	1	58.5	0	1

=== First read: Adapter 11 ===

Sequence: ACGTTGGATGGAAAAATAAATTGTAAATCAAATTC; Type: regular 5'; Length: 35; Trimmed: 806 times.

No. of allowed errors:
0-9 bp: 0; 10-19 bp: 1; 20-29 bp: 2; 30-35 bp: 3

Overview of removed sequences
length	count	expect	max.err	error counts
6	1	58.5	0	1
32	2	0.0	3	0 0 0 2
33	7	0.0	3	1 0 1 5
34	30	0.0	3	0 4 9 17
35	222	0.0	3	95 47 48 32
36	9	0.0	3	0 0 0 9
37	55	0.0	3	0 0 0 55
38	480	0.0	3	0 0 0 480

=== First read: Adapter 12 ===

Sequence: ACGTTGGATGGAAAAATAAACTGTAAATCATATTCCT; Type: regular 5'; Length: 37; Trimmed: 6668 times.

No. of allowed errors:
0-9 bp: 0; 10-19 bp: 1; 20-29 bp: 2; 30-37 bp: 3

Overview of removed sequences
length	count	expect	max.err	error counts
3	9	3742.4	0	9
4	3	935.6	0	3
21	2	0.0	2	0 1 1
31	2	0.0	3	0 1 0 1
32	9	0.0	3	1 3 4 1
33	10	0.0	3	1 8 1
34	14	0.0	3	1 4 4 5
35	98	0.0	3	2 6 27 63
36	3962	0.0	3	5 864 349 2744
37	2287	0.0	3	520 613 319 835
38	86	0.0	3	0 11 59 16
39	174	0.0	3	0 0 33 141
40	11	0.0	3	0 0 0 11
44	1	0.0	3	0 0 1

=== Second read: Adapter 13 ===

Sequence: ACGTTGGATGTTTGTTACTATGGTAGATACCACAC; Type: regular 5'; Length: 35; Trimmed: 75936 times.

No. of allowed errors:
0-9 bp: 0; 10-19 bp: 1; 20-29 bp: 2; 30-35 bp: 3

Overview of removed sequences
length	count	expect	max.err	error counts
3	4	3742.4	0	4
4	15	935.6	0	15
5	1	233.9	0	1
24	1	0.0	2	0 0 1
25	1	0.0	2	0 0 1
26	6	0.0	2	1 3 2
27	4	0.0	2	1 1 2
28	13	0.0	2	3 3 5 2
29	21	0.0	2	4 6 8 3
30	97	0.0	3	16 32 22 27
31	168	0.0	3	31 54 39 44
32	233	0.0	3	31 59 54 89
33	1919	0.0	3	175 161 596 987
34	7137	0.0	3	246 2270 2182 2439
35	63332	0.0	3	18953 19549 14626 10204
36	2305	0.0	3	32 960 750 563
37	584	0.0	3	2 1 205 376
38	8	0.0	3	0 0 0 8
39	3	0.0	3	1 2
41	3	0.0	3	0 0 2 1
42	2	0.0	3	1 0 0 1
43	12	0.0	3	2 5 3 2
44	11	0.0	3	5 4 2
45	1	0.0	3	0 0 1
46	12	0.0	3	3 4 2 3
47	6	0.0	3	2 2 2
50	1	0.0	3	1
51	8	0.0	3	5 1 1 1
52	4	0.0	3	1 0 0 3
53	9	0.0	3	1 3 2 3
54	5	0.0	3	2 3
55	6	0.0	3	1 3 0 2
58	1	0.0	3	0 1
59	2	0.0	3	1 0 0 1
62	1	0.0	3	0 0 1

=== Second read: Adapter 14 ===

Sequence: ACGTTGGATGTTTGTTACTGTGGTGGATACTAC; Type: regular 5'; Length: 33; Trimmed: 8905 times.

No. of allowed errors:
0-9 bp: 0; 10-19 bp: 1; 20-29 bp: 2; 30-33 bp: 3

Overview of removed sequences
length	count	expect	max.err	error counts
3	4	3742.4	0	4
5	3	233.9	0	3
6	1	58.5	0	1
20	1	0.0	2	1
26	3	0.0	2	0 2 1
27	3	0.0	2	2 1
28	10	0.0	2	7 2 1
29	18	0.0	2	2 7 8 1
30	191	0.0	3	1 8 10 172
31	399	0.0	3	27 9 129 234
32	917	0.0	3	37 218 200 462
33	6612	0.0	3	3052 1383 1000 1177
34	207	0.0	3	1 66 55 85
35	501	0.0	3	0 1 241 259
36	7	0.0	3	0 1 1 5
40	2	0.0	3	1 0 1
41	9	0.0	3	2 5 1 1
42	2	0.0	3	2
43	1	0.0	3	0 0 0 1
44	2	0.0	3	1 1
45	1	0.0	3	0 1
50	1	0.0	3	0 0 1
52	4	0.0	3	0 0 2 2
53	4	0.0	3	2 0 2
54	2	0.0	3	0 1 0 1

=== Second read: Adapter 15 ===

Sequence: ACGTTGGATGTTTGTTACTGTTGTGGATACAAC; Type: regular 5'; Length: 33; Trimmed: 6233 times.

No. of allowed errors:
0-9 bp: 0; 10-19 bp: 1; 20-29 bp: 2; 30-33 bp: 3

Overview of removed sequences
length	count	expect	max.err	error counts
3	403	3742.4	0	403
5	5	233.9	0	5
22	1	0.0	2	0 0 1
25	1	0.0	2	1
26	1	0.0	2	1
27	1	0.0	2	0 0 1
28	1	0.0	2	0 0 1
29	3	0.0	2	0 1 1 1
30	17	0.0	3	4 4 2 7
31	296	0.0	3	11 2 68 215
32	287	0.0	3	8 93 68 118
33	2476	0.0	3	906 596 429 545
34	113	0.0	3	0 21 38 54
35	2586	0.0	3	0 0 1697 889
36	29	0.0	3	0 0 1 28
37	1	0.0	3	0 0 0 1
41	1	0.0	3	0 1
42	1	0.0	3	0 0 1
43	2	0.0	3	0 0 1 1
44	2	0.0	3	0 1 1
52	2	0.0	3	0 0 1 1
53	1	0.0	3	1
54	1	0.0	3	0 0 0 1
56	1	0.0	3	1
57	1	0.0	3	1

=== Second read: Adapter 16 ===

Sequence: ACGTTGGATGTTTGTTACCGTTGTTGATACTAC; Type: regular 5'; Length: 33; Trimmed: 971 times.

No. of allowed errors:
0-9 bp: 0; 10-19 bp: 1; 20-29 bp: 2; 30-33 bp: 3

Overview of removed sequences
length	count	expect	max.err	error counts
24	1	0.0	2	0 1
26	1	0.0	2	0 0 1
27	2	0.0	2	1 0 1
28	2	0.0	2	0 1 1
29	1	0.0	2	0 0 1
30	23	0.0	3	1 1 3 18
31	18	0.0	3	2 2 3 11
32	126	0.0	3	3 26 41 56
33	724	0.0	3	311 201 125 87
34	24	0.0	3	1 8 7 8
35	44	0.0	3	0 0 21 23
36	1	0.0	3	0 0 0 1
41	1	0.0	3	1
42	1	0.0	3	0 1
47	1	0.0	3	1
54	1	0.0	3	1

=== Second read: Adapter 17 ===

Sequence: ACGTTGGATGAATATATGTGTGCTTATTTG; Type: regular 5'; Length: 30; Trimmed: 81 times.

No. of allowed errors:
0-9 bp: 0; 10-19 bp: 1; 20-29 bp: 2; 30 bp: 3

Overview of removed sequences
length	count	expect	max.err	error counts
3	75	3742.4	0	75
4	4	935.6	0	4
5	2	233.9	0	2

=== Second read: Adapter 18 ===

Sequence: ACGTTGGATGTTTGTTACTAAGGTAGATACCACTC; Type: regular 5'; Length: 35; Trimmed: 3909 times.

No. of allowed errors:
0-9 bp: 0; 10-19 bp: 1; 20-29 bp: 2; 30-35 bp: 3

Overview of removed sequences
length	count	expect	max.err	error counts
3	6	3742.4	0	6
4	3	935.6	0	3
27	1	0.0	2	0 0 1
28	1	0.0	2	1
29	7	0.0	2	2 2 0 3
30	9	0.0	3	1 2 1 5
31	8	0.0	3	1 2 2 3
32	11	0.0	3	0 1 5 5
33	381	0.0	3	8 5 139 229
34	1217	0.0	3	6 405 373 433
35	1097	0.0	3	387 330 210 170
36	48	0.0	3	1 6 15 26
37	1112	0.0	3	0 0 91 1021
38	5	0.0	3	0 0 0 5
43	1	0.0	3	1
45	1	0.0	3	0 0 0 1
48	1	0.0	3	0 0 0 1

=== Second read: Adapter 19 ===

Sequence: ACGTTGGATGGAAAAATAAACTGCAAATCATATTC; Type: regular 5'; Length: 35; Trimmed: 942 times.

No. of allowed errors:
0-9 bp: 0; 10-19 bp: 1; 20-29 bp: 2; 30-35 bp: 3

Overview of removed sequences
length	count	expect	max.err	error counts
3	8	3742.4	0	8
4	2	935.6	0	2
19	1	0.0	1	1
26	1	0.0	2	0 0 1
29	1	0.0	2	0 0 1
30	1	0.0	3	0 1
31	3	0.0	3	0 1 0 2
32	3	0.0	3	0 0 0 3
33	6	0.0	3	2 0 3 1
34	37	0.0	3	2 12 11 12
35	701	0.0	3	185 97 91 328
36	130	0.0	3	1 74 35 20
37	3	0.0	3	0 0 1 2
38	43	0.0	3	0 0 0 43
48	1	0.0	3	0 1
53	1	0.0	3	0 0 0 1

=== Second read: Adapter 20 ===

Sequence: ACGTTGGATGAGATTAGGGAAAGTATTAGA; Type: regular 5'; Length: 30; Trimmed: 14 times.

No. of allowed errors:
0-9 bp: 0; 10-19 bp: 1; 20-29 bp: 2; 30 bp: 3

Overview of removed sequences
length	count	expect	max.err	error counts
3	12	3742.4	0	12
4	2	935.6	0	2

=== Second read: Adapter 21 ===

Sequence: ACGTTGGATGGAAAAATAAATTGTAAATCATACTC; Type: regular 5'; Length: 35; Trimmed: 86790 times.

No. of allowed errors:
0-9 bp: 0; 10-19 bp: 1; 20-29 bp: 2; 30-35 bp: 3

Overview of removed sequences
length	count	expect	max.err	error counts
18	2	0.0	1	2
19	2	0.0	1	0 2
20	1	0.0	2	0 0 1
21	1	0.0	2	0 0 1
22	2	0.0	2	0 0 2
26	1	0.0	2	0 1
27	1	0.0	2	1
28	1	0.0	2	0 0 1
29	3	0.0	2	1 2
30	31	0.0	3	17 7 2 5
31	136	0.0	3	54 40 22 20
32	91	0.0	3	34 21 17 19
33	387	0.0	3	137 97 68 85
34	3687	0.0	3	1016 1282 803 586
35	80452	0.0	3	42782 20289 10966 6415
36	121	0.0	3	10 58 35 18
37	88	0.0	3	24 10 3 51
38	1397	0.0	3	5 5 3 1384
39	9	0.0	3	5 0 1 3
40	7	0.0	3	4 3
41	8	0.0	3	4 4
42	24	0.0	3	11 7 3 3
43	57	0.0	3	17 22 11 7
44	43	0.0	3	18 16 6 3
45	18	0.0	3	7 8 1 2
46	25	0.0	3	14 3 3 5
47	46	0.0	3	21 13 10 2
48	19	0.0	3	10 6 2 1
49	19	0.0	3	10 5 3 1
50	22	0.0	3	13 1 5 3
51	13	0.0	3	10 1 2
52	20	0.0	3	14 5 1
53	19	0.0	3	8 4 3 4
54	16	0.0	3	8 3 3 2
55	3	0.0	3	3
56	7	0.0	3	4 1 1 1
57	3	0.0	3	3
58	6	0.0	3	4 1 0 1
61	1	0.0	3	1
62	1	0.0	3	1

=== Second read: Adapter 22 ===

Sequence: ACGTTGGATGGAAAAATAAACTGTAAATCATATTCCT; Type: regular 5'; Length: 37; Trimmed: 3519 times.

No. of allowed errors:
0-9 bp: 0; 10-19 bp: 1; 20-29 bp: 2; 30-37 bp: 3

Overview of removed sequences
length	count	expect	max.err	error counts
3	124	3742.4	0	124
4	219	935.6	0	219
22	1	0.0	2	0 1
23	1	0.0	2	0 0 1
31	1	0.0	3	0 1
32	1	0.0	3	0 0 0 1
33	2	0.0	3	0 0 1 1
34	12	0.0	3	0 6 0 6
35	126	0.0	3	0 2 45 79
36	1678	0.0	3	0 245 435 998
37	1250	0.0	3	194 383 276 397
38	42	0.0	3	0 4 23 15
39	46	0.0	3	0 0 9 37
40	10	0.0	3	0 0 0 10
47	2	0.0	3	0 0 1 1
51	1	0.0	3	0 0 1
54	2	0.0	3	0 0 2
55	1	0.0	3	0 0 1

=== Second read: Adapter 23 ===

Sequence: ACGTTGGATGGAAAAATAAACTGTAAATCATATTC; Type: regular 5'; Length: 35; Trimmed: 107 times.

No. of allowed errors:
0-9 bp: 0; 10-19 bp: 1; 20-29 bp: 2; 30-35 bp: 3

Overview of removed sequences
length	count	expect	max.err	error counts
31	1	0.0	3	0 0 0 1
32	3	0.0	3	0 0 0 3
33	6	0.0	3	0 0 1 5
34	10	0.0	3	0 0 1 9
35	78	0.0	3	0 0 18 60
36	7	0.0	3	0 0 0 7
38	2	0.0	3	0 0 0 2

=== Second read: Adapter 24 ===

Sequence: ACGTTGGATGGAAAAATAAATTGTAAATCAAATTC; Type: regular 5'; Length: 35; Trimmed: 391 times.

No. of allowed errors:
0-9 bp: 0; 10-19 bp: 1; 20-29 bp: 2; 30-35 bp: 3

Overview of removed sequences
length	count	expect	max.err	error counts
5	2	233.9	0	2
6	4	58.5	0	4
13	1	0.0	1	1
19	1	0.0	1	0 1
32	1	0.0	3	0 0 0 1
33	5	0.0	3	0 0 2 3
34	12	0.0	3	0 0 2 10
35	91	0.0	3	20 12 37 22
36	5	0.0	3	0 0 2 3
37	22	0.0	3	0 0 1 21
38	247	0.0	3	0 0 0 247

