This is cutadapt 1.18 with Python 3.5.5
Command line parameters: -g ACGTTGGATGTTTGTTACTATGGTAGATACCACAC -g ACGTTGGATGTTTGTTACTAAGGTAGATACCACTC -g ACGTTGGATGTTTGTTACTGTGGTGGATACTAC -g ACGTTGGATGTTTGTTACTGTTGTGGATACAAC -g ACGTTGGATGTTTGTTACCGTTGTTGATACTAC -g ACGTTGGATGAATATATGTGTGCTTATTTG -G ACGTTGGATGTTTGTTACTATGGTAGATACCACAC -G ACGTTGGATGTTTGTTACTGTGGTGGATACTAC -G ACGTTGGATGTTTGTTACTGTTGTGGATACAAC -G ACGTTGGATGTTTGTTACCGTTGTTGATACTAC -G ACGTTGGATGAATATATGTGTGCTTATTTG -G ACGTTGGATGTTTGTTACTAAGGTAGATACCACTC -g ACGTTGGATGGAAAAATAAACTGCAAATCATATTC -g ACGTTGGATGGAAAAATAAACTGTAAATCATATTC -g ACGTTGGATGGAAAAATAAATTGTAAATCATACTC -g ACGTTGGATGAGATTAGGGAAAGTATTAGA -g ACGTTGGATGGAAAAATAAATTGTAAATCAAATTC -g ACGTTGGATGGAAAAATAAACTGTAAATCATATTCCT -G ACGTTGGATGGAAAAATAAACTGCAAATCATATTC -G ACGTTGGATGAGATTAGGGAAAGTATTAGA -G ACGTTGGATGGAAAAATAAATTGTAAATCATACTC -G ACGTTGGATGGAAAAATAAACTGTAAATCATATTCCT -G ACGTTGGATGGAAAAATAAACTGTAAATCATATTC -G ACGTTGGATGGAAAAATAAATTGTAAATCAAATTC --minimum-length=1 -o /data/projects/mdc-971/data_from_June_2019/30.primer_trimmed/180441_S62_cutadapt.1.fq.gz -p /data/projects/mdc-971/data_from_June_2019/30.primer_trimmed/180441_S62_cutadapt.2.fq.gz /data/projects/mdc-971/data_from_June_2019/20.trim_151st_nt/180441_S62_R1_001.bbduked.fastq.gz /data/projects/mdc-971/data_from_June_2019/20.trim_151st_nt/180441_S62_R2_001.bbduked.fastq.gz
Processing reads on 1 core in paired-end mode ...
Finished in 3.26 s (388 us/read; 0.15 M reads/minute).

=== Summary ===

Total read pairs processed:              8,409
  Read 1 with adapter:                   7,202 (85.6%)
  Read 2 with adapter:                   5,378 (64.0%)
Pairs that were too short:                   0 (0.0%)
Pairs written (passing filters):         8,409 (100.0%)

Total basepairs processed:     2,522,700 bp
  Read 1:     1,261,350 bp
  Read 2:     1,261,350 bp
Total written (filtered):      2,089,574 bp (82.8%)
  Read 1:     1,010,554 bp
  Read 2:     1,079,020 bp

=== First read: Adapter 1 ===

Sequence: ACGTTGGATGTTTGTTACTATGGTAGATACCACAC; Type: regular 5'; Length: 35; Trimmed: 776 times.

No. of allowed errors:
0-9 bp: 0; 10-19 bp: 1; 20-29 bp: 2; 30-35 bp: 3

Overview of removed sequences
length	count	expect	max.err	error counts
22	1	0.0	2	0 0 1
26	1	0.0	2	1
28	2	0.0	2	0 1 1
29	2	0.0	2	2
30	8	0.0	3	5 1 1 1
31	4	0.0	3	1 2 1
32	9	0.0	3	2 1 2 4
33	37	0.0	3	4 5 7 21
34	145	0.0	3	2 53 27 63
35	517	0.0	3	154 153 94 116
36	30	0.0	3	2 7 12 9
37	9	0.0	3	0 0 6 3
38	11	0.0	3	0 0 0 11

=== First read: Adapter 2 ===

Sequence: ACGTTGGATGTTTGTTACTAAGGTAGATACCACTC; Type: regular 5'; Length: 35; Trimmed: 204 times.

No. of allowed errors:
0-9 bp: 0; 10-19 bp: 1; 20-29 bp: 2; 30-35 bp: 3

Overview of removed sequences
length	count	expect	max.err	error counts
28	1	0.0	2	1
29	4	0.0	2	0 3 1
30	4	0.0	3	3 1
31	6	0.0	3	3 2 1
32	4	0.0	3	2 1 0 1
33	4	0.0	3	1 0 1 2
34	27	0.0	3	0 13 6 8
35	131	0.0	3	78 35 8 10
36	8	0.0	3	0 2 3 3
37	11	0.0	3	0 0 1 10
38	4	0.0	3	0 0 0 4

=== First read: Adapter 3 ===

Sequence: ACGTTGGATGTTTGTTACTGTGGTGGATACTAC; Type: regular 5'; Length: 33; Trimmed: 951 times.

No. of allowed errors:
0-9 bp: 0; 10-19 bp: 1; 20-29 bp: 2; 30-33 bp: 3

Overview of removed sequences
length	count	expect	max.err	error counts
21	2	0.0	2	1 1
24	6	0.0	2	4 1 1
25	5	0.0	2	2 2 1
26	5	0.0	2	2 2 1
27	20	0.0	2	15 3 2
28	32	0.0	2	17 11 3 1
29	18	0.0	2	9 4 5
30	54	0.0	3	13 18 4 19
31	74	0.0	3	17 16 17 24
32	108	0.0	3	11 31 39 27
33	518	0.0	3	189 152 94 83
34	93	0.0	3	0 48 28 17
35	11	0.0	3	0 0 5 6
36	5	0.0	3	1 0 0 4

=== First read: Adapter 4 ===

Sequence: ACGTTGGATGTTTGTTACTGTTGTGGATACAAC; Type: regular 5'; Length: 33; Trimmed: 401 times.

No. of allowed errors:
0-9 bp: 0; 10-19 bp: 1; 20-29 bp: 2; 30-33 bp: 3

Overview of removed sequences
length	count	expect	max.err	error counts
3	1	131.4	0	1
20	2	0.0	2	1 1
24	3	0.0	2	1 2
25	1	0.0	2	1
26	4	0.0	2	0 3 1
27	5	0.0	2	4 1
28	7	0.0	2	4 2 1
29	3	0.0	2	0 2 1
30	12	0.0	3	5 2 3 2
31	21	0.0	3	6 7 5 3
32	20	0.0	3	3 6 3 8
33	273	0.0	3	106 65 65 37
34	18	0.0	3	0 9 8 1
35	29	0.0	3	0 0 14 15
36	2	0.0	3	0 0 0 2

=== First read: Adapter 5 ===

Sequence: ACGTTGGATGTTTGTTACCGTTGTTGATACTAC; Type: regular 5'; Length: 33; Trimmed: 533 times.

No. of allowed errors:
0-9 bp: 0; 10-19 bp: 1; 20-29 bp: 2; 30-33 bp: 3

Overview of removed sequences
length	count	expect	max.err	error counts
24	3	0.0	2	3
25	1	0.0	2	1
27	11	0.0	2	10 0 1
28	24	0.0	2	12 8 4
29	17	0.0	2	6 5 6
30	24	0.0	3	6 4 1 13
31	36	0.0	3	3 7 15 11
32	86	0.0	3	5 21 31 29
33	302	0.0	3	129 96 51 26
34	19	0.0	3	0 5 7 7
35	9	0.0	3	0 0 2 7
36	1	0.0	3	0 0 0 1

=== First read: Adapter 6 ===

Sequence: ACGTTGGATGAATATATGTGTGCTTATTTG; Type: regular 5'; Length: 30; Trimmed: 3 times.

No. of allowed errors:
0-9 bp: 0; 10-19 bp: 1; 20-29 bp: 2; 30 bp: 3

Overview of removed sequences
length	count	expect	max.err	error counts
3	2	131.4	0	2
30	1	0.0	3	0 0 0 1

=== First read: Adapter 7 ===

Sequence: ACGTTGGATGGAAAAATAAACTGCAAATCATATTC; Type: regular 5'; Length: 35; Trimmed: 901 times.

No. of allowed errors:
0-9 bp: 0; 10-19 bp: 1; 20-29 bp: 2; 30-35 bp: 3

Overview of removed sequences
length	count	expect	max.err	error counts
30	2	0.0	3	0 1 1
32	16	0.0	3	2 0 1 13
33	15	0.0	3	0 2 9 4
34	143	0.0	3	2 107 23 11
35	552	0.0	3	300 78 45 129
36	147	0.0	3	0 107 25 15
37	14	0.0	3	0 0 9 5
38	11	0.0	3	0 0 0 11
58	1	0.0	3	0 0 1

=== First read: Adapter 8 ===

Sequence: ACGTTGGATGGAAAAATAAACTGTAAATCATATTC; Type: regular 5'; Length: 35; Trimmed: 224 times.

No. of allowed errors:
0-9 bp: 0; 10-19 bp: 1; 20-29 bp: 2; 30-35 bp: 3

Overview of removed sequences
length	count	expect	max.err	error counts
32	27	0.0	3	0 0 0 27
33	4	0.0	3	0 0 4
34	49	0.0	3	0 21 11 17
35	109	0.0	3	18 20 20 51
36	10	0.0	3	0 1 4 5
37	6	0.0	3	0 0 1 5
38	19	0.0	3	0 0 0 19

=== First read: Adapter 9 ===

Sequence: ACGTTGGATGGAAAAATAAATTGTAAATCATACTC; Type: regular 5'; Length: 35; Trimmed: 800 times.

No. of allowed errors:
0-9 bp: 0; 10-19 bp: 1; 20-29 bp: 2; 30-35 bp: 3

Overview of removed sequences
length	count	expect	max.err	error counts
33	15	0.0	3	2 0 7 6
34	44	0.0	3	12 12 15 5
35	675	0.0	3	386 152 89 48
36	6	0.0	3	0 1 1 4
37	3	0.0	3	0 0 1 2
38	57	0.0	3	0 0 0 57

=== First read: Adapter 10 ===

Sequence: ACGTTGGATGAGATTAGGGAAAGTATTAGA; Type: regular 5'; Length: 30; Trimmed: 0 times.

=== First read: Adapter 11 ===

Sequence: ACGTTGGATGGAAAAATAAATTGTAAATCAAATTC; Type: regular 5'; Length: 35; Trimmed: 284 times.

No. of allowed errors:
0-9 bp: 0; 10-19 bp: 1; 20-29 bp: 2; 30-35 bp: 3

Overview of removed sequences
length	count	expect	max.err	error counts
33	1	0.0	3	0 0 1
34	11	0.0	3	0 6 1 4
35	231	0.0	3	144 43 25 19
36	3	0.0	3	0 0 2 1
37	1	0.0	3	0 0 1
38	37	0.0	3	0 0 0 37

=== First read: Adapter 12 ===

Sequence: ACGTTGGATGGAAAAATAAACTGTAAATCATATTCCT; Type: regular 5'; Length: 37; Trimmed: 2125 times.

No. of allowed errors:
0-9 bp: 0; 10-19 bp: 1; 20-29 bp: 2; 30-37 bp: 3

Overview of removed sequences
length	count	expect	max.err	error counts
3	1	131.4	0	1
26	1	0.0	2	0 0 1
31	1	0.0	3	0 0 0 1
32	3	0.0	3	0 2 0 1
33	7	0.0	3	2 2 1 2
34	12	0.0	3	2 3 3 4
35	65	0.0	3	0 3 45 17
36	410	0.0	3	2 210 96 102
37	1216	0.0	3	324 460 221 211
38	169	0.0	3	0 43 79 47
39	224	0.0	3	0 0 80 144
40	16	0.0	3	0 0 0 16

=== Second read: Adapter 13 ===

Sequence: ACGTTGGATGTTTGTTACTATGGTAGATACCACAC; Type: regular 5'; Length: 35; Trimmed: 655 times.

No. of allowed errors:
0-9 bp: 0; 10-19 bp: 1; 20-29 bp: 2; 30-35 bp: 3

Overview of removed sequences
length	count	expect	max.err	error counts
4	4	32.8	0	4
20	1	0.0	2	1
29	1	0.0	2	0 1
30	5	0.0	3	0 1 2 2
31	2	0.0	3	0 0 1 1
32	6	0.0	3	3 0 1 2
33	38	0.0	3	1 1 17 19
34	88	0.0	3	1 22 25 40
35	450	0.0	3	106 109 117 118
36	30	0.0	3	0 8 12 10
37	20	0.0	3	0 0 8 12
38	10	0.0	3	0 0 0 10

=== Second read: Adapter 14 ===

Sequence: ACGTTGGATGTTTGTTACTGTGGTGGATACTAC; Type: regular 5'; Length: 33; Trimmed: 1207 times.

No. of allowed errors:
0-9 bp: 0; 10-19 bp: 1; 20-29 bp: 2; 30-33 bp: 3

Overview of removed sequences
length	count	expect	max.err	error counts
3	1	131.4	0	1
20	1	0.0	2	1
26	1	0.0	2	0 1
27	2	0.0	2	2
28	6	0.0	2	1 3 2
29	2	0.0	2	1 0 1
30	62	0.0	3	4 3 3 52
31	88	0.0	3	5 5 27 51
32	176	0.0	3	2 43 62 69
33	660	0.0	3	220 186 134 120
34	176	0.0	3	0 70 68 38
35	16	0.0	3	0 1 7 8
36	8	0.0	3	0 0 0 8
38	1	0.0	3	0 0 0 1
46	1	0.0	3	0 0 1
47	1	0.0	3	1
49	1	0.0	3	1
51	2	0.0	3	1 1
54	1	0.0	3	1
55	1	0.0	3	0 1

=== Second read: Adapter 15 ===

Sequence: ACGTTGGATGTTTGTTACTGTTGTGGATACAAC; Type: regular 5'; Length: 33; Trimmed: 609 times.

No. of allowed errors:
0-9 bp: 0; 10-19 bp: 1; 20-29 bp: 2; 30-33 bp: 3

Overview of removed sequences
length	count	expect	max.err	error counts
3	23	131.4	0	23
25	1	0.0	2	1
26	1	0.0	2	0 0 1
27	2	0.0	2	0 0 2
28	1	0.0	2	1
30	8	0.0	3	0 1 3 4
31	21	0.0	3	2 1 6 12
32	111	0.0	3	1 37 37 36
33	362	0.0	3	111 85 116 50
34	37	0.0	3	0 5 19 13
35	26	0.0	3	0 0 12 14
36	12	0.0	3	0 0 0 12
42	1	0.0	3	1
47	1	0.0	3	0 0 1
48	1	0.0	3	0 0 1
65	1	0.0	3	0 0 0 1

=== Second read: Adapter 16 ===

Sequence: ACGTTGGATGTTTGTTACCGTTGTTGATACTAC; Type: regular 5'; Length: 33; Trimmed: 726 times.

No. of allowed errors:
0-9 bp: 0; 10-19 bp: 1; 20-29 bp: 2; 30-33 bp: 3

Overview of removed sequences
length	count	expect	max.err	error counts
27	1	0.0	2	1
28	6	0.0	2	2 2 2
29	2	0.0	2	0 2
30	51	0.0	3	1 0 2 48
31	39	0.0	3	3 1 9 26
32	146	0.0	3	1 36 53 56
33	398	0.0	3	177 111 58 52
34	49	0.0	3	0 25 17 7
35	27	0.0	3	0 0 9 18
36	5	0.0	3	0 0 0 5
40	1	0.0	3	0 0 0 1
53	1	0.0	3	1

=== Second read: Adapter 17 ===

Sequence: ACGTTGGATGAATATATGTGTGCTTATTTG; Type: regular 5'; Length: 30; Trimmed: 15 times.

No. of allowed errors:
0-9 bp: 0; 10-19 bp: 1; 20-29 bp: 2; 30 bp: 3

Overview of removed sequences
length	count	expect	max.err	error counts
3	13	131.4	0	13
4	1	32.8	0	1
5	1	8.2	0	1

=== Second read: Adapter 18 ===

Sequence: ACGTTGGATGTTTGTTACTAAGGTAGATACCACTC; Type: regular 5'; Length: 35; Trimmed: 194 times.

No. of allowed errors:
0-9 bp: 0; 10-19 bp: 1; 20-29 bp: 2; 30-35 bp: 3

Overview of removed sequences
length	count	expect	max.err	error counts
30	1	0.0	3	0 1
31	2	0.0	3	0 1 0 1
32	1	0.0	3	0 0 1
33	5	0.0	3	1 1 0 3
34	28	0.0	3	1 10 5 12
35	130	0.0	3	52 37 28 13
36	16	0.0	3	0 5 5 6
37	9	0.0	3	0 0 1 8
38	1	0.0	3	0 0 0 1
50	1	0.0	3	0 0 0 1

=== Second read: Adapter 19 ===

Sequence: ACGTTGGATGGAAAAATAAACTGCAAATCATATTC; Type: regular 5'; Length: 35; Trimmed: 325 times.

No. of allowed errors:
0-9 bp: 0; 10-19 bp: 1; 20-29 bp: 2; 30-35 bp: 3

Overview of removed sequences
length	count	expect	max.err	error counts
3	1	131.4	0	1
30	1	0.0	3	0 0 0 1
31	1	0.0	3	0 0 1
32	6	0.0	3	0 0 0 6
33	8	0.0	3	1 1 2 4
34	52	0.0	3	0 34 10 8
35	184	0.0	3	63 38 38 45
36	59	0.0	3	0 32 14 13
37	6	0.0	3	0 0 1 5
38	7	0.0	3	0 0 0 7

=== Second read: Adapter 20 ===

Sequence: ACGTTGGATGAGATTAGGGAAAGTATTAGA; Type: regular 5'; Length: 30; Trimmed: 0 times.

=== Second read: Adapter 21 ===

Sequence: ACGTTGGATGGAAAAATAAATTGTAAATCATACTC; Type: regular 5'; Length: 35; Trimmed: 468 times.

No. of allowed errors:
0-9 bp: 0; 10-19 bp: 1; 20-29 bp: 2; 30-35 bp: 3

Overview of removed sequences
length	count	expect	max.err	error counts
22	1	0.0	2	1
25	1	0.0	2	0 0 1
33	10	0.0	3	0 1 3 6
34	30	0.0	3	1 8 7 14
35	389	0.0	3	170 95 59 65
36	3	0.0	3	0 1 1 1
37	1	0.0	3	0 1
38	29	0.0	3	0 0 0 29
44	2	0.0	3	1 0 0 1
47	1	0.0	3	1
52	1	0.0	3	0 1

=== Second read: Adapter 22 ===

Sequence: ACGTTGGATGGAAAAATAAACTGTAAATCATATTCCT; Type: regular 5'; Length: 37; Trimmed: 1006 times.

No. of allowed errors:
0-9 bp: 0; 10-19 bp: 1; 20-29 bp: 2; 30-37 bp: 3

Overview of removed sequences
length	count	expect	max.err	error counts
3	12	131.4	0	12
4	12	32.8	0	12
19	2	0.0	1	0 1 1
32	1	0.0	3	0 1
33	1	0.0	3	0 0 0 1
34	8	0.0	3	0 0 1 7
35	49	0.0	3	1 1 28 19
36	163	0.0	3	0 56 54 53
37	568	0.0	3	116 182 144 126
38	87	0.0	3	0 26 40 21
39	97	0.0	3	0 0 32 65
40	4	0.0	3	0 0 0 4
46	1	0.0	3	0 0 0 1
50	1	0.0	3	0 1

=== Second read: Adapter 23 ===

Sequence: ACGTTGGATGGAAAAATAAACTGTAAATCATATTC; Type: regular 5'; Length: 35; Trimmed: 77 times.

No. of allowed errors:
0-9 bp: 0; 10-19 bp: 1; 20-29 bp: 2; 30-35 bp: 3

Overview of removed sequences
length	count	expect	max.err	error counts
32	8	0.0	3	0 0 0 8
33	6	0.0	3	0 0 5 1
34	17	0.0	3	0 0 7 10
35	37	0.0	3	0 0 3 34
36	4	0.0	3	0 0 1 3
37	3	0.0	3	0 0 0 3
38	2	0.0	3	0 0 0 2

=== Second read: Adapter 24 ===

Sequence: ACGTTGGATGGAAAAATAAATTGTAAATCAAATTC; Type: regular 5'; Length: 35; Trimmed: 96 times.

No. of allowed errors:
0-9 bp: 0; 10-19 bp: 1; 20-29 bp: 2; 30-35 bp: 3

Overview of removed sequences
length	count	expect	max.err	error counts
6	1	2.1	0	1
30	1	0.0	3	0 0 0 1
32	1	0.0	3	0 0 0 1
34	2	0.0	3	0 0 0 2
35	79	0.0	3	32 14 16 17
37	2	0.0	3	0 0 0 2
38	10	0.0	3	0 0 0 10

