This is cutadapt 1.18 with Python 3.5.5
Command line parameters: -g ACGTTGGATGTTTGTTACTATGGTAGATACCACAC -g ACGTTGGATGTTTGTTACTAAGGTAGATACCACTC -g ACGTTGGATGTTTGTTACTGTGGTGGATACTAC -g ACGTTGGATGTTTGTTACTGTTGTGGATACAAC -g ACGTTGGATGTTTGTTACCGTTGTTGATACTAC -g ACGTTGGATGAATATATGTGTGCTTATTTG -G ACGTTGGATGTTTGTTACTATGGTAGATACCACAC -G ACGTTGGATGTTTGTTACTGTGGTGGATACTAC -G ACGTTGGATGTTTGTTACTGTTGTGGATACAAC -G ACGTTGGATGTTTGTTACCGTTGTTGATACTAC -G ACGTTGGATGAATATATGTGTGCTTATTTG -G ACGTTGGATGTTTGTTACTAAGGTAGATACCACTC -g ACGTTGGATGGAAAAATAAACTGCAAATCATATTC -g ACGTTGGATGGAAAAATAAACTGTAAATCATATTC -g ACGTTGGATGGAAAAATAAATTGTAAATCATACTC -g ACGTTGGATGAGATTAGGGAAAGTATTAGA -g ACGTTGGATGGAAAAATAAATTGTAAATCAAATTC -g ACGTTGGATGGAAAAATAAACTGTAAATCATATTCCT -G ACGTTGGATGGAAAAATAAACTGCAAATCATATTC -G ACGTTGGATGAGATTAGGGAAAGTATTAGA -G ACGTTGGATGGAAAAATAAATTGTAAATCATACTC -G ACGTTGGATGGAAAAATAAACTGTAAATCATATTCCT -G ACGTTGGATGGAAAAATAAACTGTAAATCATATTC -G ACGTTGGATGGAAAAATAAATTGTAAATCAAATTC --minimum-length=1 -o /data/projects/mdc-971/data_from_June_2019/30.primer_trimmed/180476_S84_cutadapt.1.fq.gz -p /data/projects/mdc-971/data_from_June_2019/30.primer_trimmed/180476_S84_cutadapt.2.fq.gz /data/projects/mdc-971/data_from_June_2019/20.trim_151st_nt/180476_S84_R1_001.bbduked.fastq.gz /data/projects/mdc-971/data_from_June_2019/20.trim_151st_nt/180476_S84_R2_001.bbduked.fastq.gz
Processing reads on 1 core in paired-end mode ...
Finished in 82.61 s (382 us/read; 0.16 M reads/minute).

=== Summary ===

Total read pairs processed:            216,530
  Read 1 with adapter:                 189,958 (87.7%)
  Read 2 with adapter:                 157,435 (72.7%)
Pairs that were too short:                   0 (0.0%)
Pairs written (passing filters):       216,530 (100.0%)

Total basepairs processed:    64,959,000 bp
  Read 1:    32,479,500 bp
  Read 2:    32,479,500 bp
Total written (filtered):     53,068,543 bp (81.7%)
  Read 1:    25,942,121 bp
  Read 2:    27,126,422 bp

=== First read: Adapter 1 ===

Sequence: ACGTTGGATGTTTGTTACTATGGTAGATACCACAC; Type: regular 5'; Length: 35; Trimmed: 20941 times.

No. of allowed errors:
0-9 bp: 0; 10-19 bp: 1; 20-29 bp: 2; 30-35 bp: 3

Overview of removed sequences
length	count	expect	max.err	error counts
3	2	3383.3	0	2
4	2	845.8	0	2
11	1	0.1	1	1
18	1	0.0	1	1
19	1	0.0	1	1
20	2	0.0	2	0 1 1
22	5	0.0	2	2 3
23	9	0.0	2	5 1 3
24	2	0.0	2	1 0 1
25	5	0.0	2	0 4 1
26	33	0.0	2	15 11 7
27	73	0.0	2	33 25 15
28	100	0.0	2	51 27 19 3
29	183	0.0	2	69 56 37 21
30	304	0.0	3	111 99 51 43
31	210	0.0	3	39 70 68 33
32	407	0.0	3	84 111 74 138
33	1188	0.0	3	99 133 541 415
34	3729	0.0	3	93 1784 1082 770
35	12380	0.0	3	5255 3998 1976 1151
36	1473	0.0	3	4 583 554 332
37	391	0.0	3	0 1 230 160
38	430	0.0	3	0 0 1 429
39	3	0.0	3	1 0 0 2
49	1	0.0	3	0 0 0 1
51	1	0.0	3	0 1
54	2	0.0	3	1 0 0 1
55	2	0.0	3	0 0 1 1
132	1	0.0	3	0 1

=== First read: Adapter 2 ===

Sequence: ACGTTGGATGTTTGTTACTAAGGTAGATACCACTC; Type: regular 5'; Length: 35; Trimmed: 7491 times.

No. of allowed errors:
0-9 bp: 0; 10-19 bp: 1; 20-29 bp: 2; 30-35 bp: 3

Overview of removed sequences
length	count	expect	max.err	error counts
4	1	845.8	0	1
14	1	0.0	1	0 1
15	1	0.0	1	1
17	2	0.0	1	1 1
18	2	0.0	1	1 1
19	3	0.0	1	2 1
20	1	0.0	2	0 1
21	4	0.0	2	1 3
23	2	0.0	2	1 1
24	1	0.0	2	0 0 1
25	1	0.0	2	0 1
26	16	0.0	2	7 6 3
27	32	0.0	2	14 12 5 1
28	31	0.0	2	20 4 7
29	88	0.0	2	38 27 18 5
30	261	0.0	3	135 70 33 23
31	190	0.0	3	66 70 39 15
32	296	0.0	3	102 105 55 34
33	431	0.0	3	42 89 150 150
34	1096	0.0	3	53 519 299 225
35	4391	0.0	3	2228 1144 682 337
36	308	0.0	3	2 130 88 88
37	222	0.0	3	1 2 130 89
38	107	0.0	3	0 0 0 107
49	1	0.0	3	0 1
61	2	0.0	3	0 1 1

=== First read: Adapter 3 ===

Sequence: ACGTTGGATGTTTGTTACTGTGGTGGATACTAC; Type: regular 5'; Length: 33; Trimmed: 29445 times.

No. of allowed errors:
0-9 bp: 0; 10-19 bp: 1; 20-29 bp: 2; 30-33 bp: 3

Overview of removed sequences
length	count	expect	max.err	error counts
3	1	3383.3	0	1
13	3	0.0	1	1 2
14	13	0.0	1	9 4
15	3	0.0	1	2 1
16	9	0.0	1	7 2
17	3	0.0	1	3
18	10	0.0	1	8 2
19	17	0.0	1	10 6 1
20	56	0.0	2	40 8 8
21	40	0.0	2	32 6 2
22	26	0.0	2	9 12 5
23	28	0.0	2	7 16 5
24	219	0.0	2	111 79 29
25	513	0.0	2	242 198 73
26	692	0.0	2	299 262 131
27	1246	0.0	2	757 371 117 1
28	1779	0.0	2	1016 524 216 23
29	1285	0.0	2	409 496 303 77
30	2700	0.0	3	893 810 434 563
31	2251	0.0	3	328 554 689 680
32	2909	0.0	3	196 1055 968 690
33	9582	0.0	3	3877 2901 1777 1027
34	5514	0.0	3	2 2756 1912 844
35	433	0.0	3	3 2 120 308
36	91	0.0	3	0 2 2 87
37	2	0.0	3	1 1
38	3	0.0	3	1 2
39	2	0.0	3	0 1 0 1
41	2	0.0	3	1 0 0 1
42	4	0.0	3	0 2 2
43	2	0.0	3	0 1 1
46	1	0.0	3	1
47	1	0.0	3	0 0 0 1
50	2	0.0	3	0 1 1
54	2	0.0	3	1 1
60	1	0.0	3	0 0 0 1

=== First read: Adapter 4 ===

Sequence: ACGTTGGATGTTTGTTACTGTTGTGGATACAAC; Type: regular 5'; Length: 33; Trimmed: 12126 times.

No. of allowed errors:
0-9 bp: 0; 10-19 bp: 1; 20-29 bp: 2; 30-33 bp: 3

Overview of removed sequences
length	count	expect	max.err	error counts
3	20	3383.3	0	20
13	1	0.0	1	1
18	1	0.0	1	0 1
20	4	0.0	2	4
21	2	0.0	2	2
22	1	0.0	2	0 0 1
24	20	0.0	2	6 8 6
25	95	0.0	2	33 39 23
26	77	0.0	2	51 13 13
27	89	0.0	2	52 27 10
28	139	0.0	2	90 36 13
29	113	0.0	2	35 52 26
30	193	0.0	3	77 57 23 36
31	369	0.0	3	53 78 123 115
32	1187	0.0	3	100 533 256 298
33	8932	0.0	3	4543 2122 1552 715
34	632	0.0	3	5 296 199 132
35	164	0.0	3	0 1 76 87
36	83	0.0	3	0 0 0 83
37	2	0.0	3	1 1
39	1	0.0	3	0 0 1
42	1	0.0	3	0 0 1

=== First read: Adapter 5 ===

Sequence: ACGTTGGATGTTTGTTACCGTTGTTGATACTAC; Type: regular 5'; Length: 33; Trimmed: 14374 times.

No. of allowed errors:
0-9 bp: 0; 10-19 bp: 1; 20-29 bp: 2; 30-33 bp: 3

Overview of removed sequences
length	count	expect	max.err	error counts
14	1	0.0	1	0 1
15	1	0.0	1	1
19	5	0.0	1	1 3 1
20	1	0.0	2	1
21	1	0.0	2	0 1
23	5	0.0	2	0 0 5
24	34	0.0	2	17 10 7
25	73	0.0	2	36 20 17
26	143	0.0	2	53 39 51
27	258	0.0	2	163 67 27 1
28	415	0.0	2	198 111 75 31
29	292	0.0	2	73 104 76 39
30	1146	0.0	3	215 193 123 615
31	958	0.0	3	114 174 306 364
32	3051	0.0	3	98 613 1558 782
33	5051	0.0	3	2570 1381 714 386
34	2618	0.0	3	0 725 1345 548
35	291	0.0	3	0 0 79 212
36	29	0.0	3	0 0 0 29
45	1	0.0	3	1

=== First read: Adapter 6 ===

Sequence: ACGTTGGATGAATATATGTGTGCTTATTTG; Type: regular 5'; Length: 30; Trimmed: 131 times.

No. of allowed errors:
0-9 bp: 0; 10-19 bp: 1; 20-29 bp: 2; 30 bp: 3

Overview of removed sequences
length	count	expect	max.err	error counts
3	110	3383.3	0	110
4	11	845.8	0	11
5	2	211.5	0	2
30	7	0.0	3	3 1 2 1
31	1	0.0	3	0 0 0 1

=== First read: Adapter 7 ===

Sequence: ACGTTGGATGGAAAAATAAACTGCAAATCATATTC; Type: regular 5'; Length: 35; Trimmed: 28808 times.

No. of allowed errors:
0-9 bp: 0; 10-19 bp: 1; 20-29 bp: 2; 30-35 bp: 3

Overview of removed sequences
length	count	expect	max.err	error counts
17	1	0.0	1	0 1
18	1	0.0	1	1
22	2	0.0	2	0 1 1
24	1	0.0	2	0 1
26	2	0.0	2	1 1
27	4	0.0	2	3 1
28	2	0.0	2	0 0 1 1
29	21	0.0	2	3 10 7 1
30	91	0.0	3	33 29 16 13
31	72	0.0	3	25 24 12 11
32	496	0.0	3	33 28 13 422
33	512	0.0	3	19 31 295 167
34	5766	0.0	3	47 4442 882 395
35	15580	0.0	3	10628 2733 1061 1158
36	5741	0.0	3	0 4462 785 494
37	356	0.0	3	0 0 139 217
38	160	0.0	3	1 0 0 159

=== First read: Adapter 8 ===

Sequence: ACGTTGGATGGAAAAATAAACTGTAAATCATATTC; Type: regular 5'; Length: 35; Trimmed: 6441 times.

No. of allowed errors:
0-9 bp: 0; 10-19 bp: 1; 20-29 bp: 2; 30-35 bp: 3

Overview of removed sequences
length	count	expect	max.err	error counts
17	1	0.0	1	1
21	1	0.0	2	1
23	1	0.0	2	0 0 1
24	1	0.0	2	0 0 1
27	1	0.0	2	0 0 0 1
28	1	0.0	2	0 0 1
29	4	0.0	2	0 0 3 1
30	9	0.0	3	1 4 1 3
31	7	0.0	3	0 1 1 5
32	906	0.0	3	0 1 2 903
33	175	0.0	3	1 3 83 88
34	1771	0.0	3	2 1222 249 298
35	2659	0.0	3	627 682 514 836
36	536	0.0	3	0 114 193 229
37	223	0.0	3	0 1 45 177
38	143	0.0	3	0 0 0 143
46	1	0.0	3	0 0 0 1
47	1	0.0	3	0 0 0 1

=== First read: Adapter 9 ===

Sequence: ACGTTGGATGGAAAAATAAATTGTAAATCATACTC; Type: regular 5'; Length: 35; Trimmed: 15450 times.

No. of allowed errors:
0-9 bp: 0; 10-19 bp: 1; 20-29 bp: 2; 30-35 bp: 3

Overview of removed sequences
length	count	expect	max.err	error counts
19	1	0.0	1	0 1
29	3	0.0	2	3
30	5	0.0	3	3 2
31	14	0.0	3	8 5 1
32	59	0.0	3	7 4 0 48
33	329	0.0	3	17 16 207 89
34	1032	0.0	3	291 506 167 68
35	13700	0.0	3	9202 2391 741 1366
36	122	0.0	3	1 40 25 56
37	74	0.0	3	1 0 25 48
38	101	0.0	3	1 0 0 100
42	1	0.0	3	1
43	1	0.0	3	0 0 1
45	2	0.0	3	0 1 1
46	1	0.0	3	1
47	1	0.0	3	1
52	1	0.0	3	0 0 1
53	2	0.0	3	1 1
56	1	0.0	3	0 1

=== First read: Adapter 10 ===

Sequence: ACGTTGGATGAGATTAGGGAAAGTATTAGA; Type: regular 5'; Length: 30; Trimmed: 22 times.

No. of allowed errors:
0-9 bp: 0; 10-19 bp: 1; 20-29 bp: 2; 30 bp: 3

Overview of removed sequences
length	count	expect	max.err	error counts
3	20	3383.3	0	20
4	1	845.8	0	1
30	1	0.0	3	1

=== First read: Adapter 11 ===

Sequence: ACGTTGGATGGAAAAATAAATTGTAAATCAAATTC; Type: regular 5'; Length: 35; Trimmed: 5656 times.

No. of allowed errors:
0-9 bp: 0; 10-19 bp: 1; 20-29 bp: 2; 30-35 bp: 3

Overview of removed sequences
length	count	expect	max.err	error counts
30	1	0.0	3	0 0 1
31	4	0.0	3	3 1
32	9	0.0	3	0 2 0 7
33	17	0.0	3	2 5 3 7
34	177	0.0	3	29 91 27 30
35	5313	0.0	3	3754 993 380 186
36	77	0.0	3	1 38 24 14
37	30	0.0	3	0 0 16 14
38	28	0.0	3	0 0 0 28

=== First read: Adapter 12 ===

Sequence: ACGTTGGATGGAAAAATAAACTGTAAATCATATTCCT; Type: regular 5'; Length: 37; Trimmed: 49073 times.

No. of allowed errors:
0-9 bp: 0; 10-19 bp: 1; 20-29 bp: 2; 30-37 bp: 3

Overview of removed sequences
length	count	expect	max.err	error counts
3	18	3383.3	0	18
4	2	845.8	0	2
17	1	0.0	1	1
19	2	0.0	1	1 0 1
20	1	0.0	2	1
27	4	0.0	2	0 3 1
28	3	0.0	2	0 1 2
29	7	0.0	2	3 3 1
30	8	0.0	3	2 1 5
31	35	0.0	3	2 20 10 3
32	126	0.0	3	31 54 25 16
33	134	0.0	3	31 56 33 14
34	212	0.0	3	27 65 47 73
35	2873	0.0	3	32 86 2206 549
36	12052	0.0	3	96 8099 2583 1274
37	27247	0.0	3	9881 12644 3430 1292
38	2847	0.0	3	3 543 1539 762
39	2945	0.0	3	0 0 608 2337
40	553	0.0	3	0 0 0 553
41	1	0.0	3	0 0 1
45	1	0.0	3	0 1
48	1	0.0	3	0 0 1

=== Second read: Adapter 13 ===

Sequence: ACGTTGGATGTTTGTTACTATGGTAGATACCACAC; Type: regular 5'; Length: 35; Trimmed: 22364 times.

No. of allowed errors:
0-9 bp: 0; 10-19 bp: 1; 20-29 bp: 2; 30-35 bp: 3

Overview of removed sequences
length	count	expect	max.err	error counts
3	7	3383.3	0	7
4	9	845.8	0	9
5	1	211.5	0	1
10	1	0.2	1	1
11	2	0.1	1	0 2
18	2	0.0	1	1 1
19	1	0.0	1	0 0 1
20	2	0.0	2	1 1
21	6	0.0	2	1 2 3
22	6	0.0	2	4 1 1
23	1	0.0	2	1
24	3	0.0	2	0 2 1
26	5	0.0	2	3 0 2
27	12	0.0	2	3 3 6
28	22	0.0	2	6 6 8 2
29	51	0.0	2	11 16 20 4
30	74	0.0	3	11 23 22 18
31	128	0.0	3	15 32 48 33
32	242	0.0	3	18 38 43 143
33	1136	0.0	3	31 50 442 613
34	2774	0.0	3	30 983 884 877
35	15477	0.0	3	4717 5175 3408 2177
36	1507	0.0	3	3 503 577 424
37	538	0.0	3	0 1 270 267
38	316	0.0	3	0 0 0 316
42	2	0.0	3	0 1 1
43	5	0.0	3	0 3 1 1
44	4	0.0	3	0 2 0 2
45	3	0.0	3	0 1 1 1
46	2	0.0	3	0 0 1 1
47	2	0.0	3	0 0 2
49	1	0.0	3	0 0 0 1
50	1	0.0	3	0 1
51	6	0.0	3	3 1 2
52	1	0.0	3	0 0 0 1
53	1	0.0	3	0 1
54	2	0.0	3	0 1 0 1
55	6	0.0	3	0 3 3
57	1	0.0	3	0 0 0 1
58	1	0.0	3	0 1
61	1	0.0	3	1
65	1	0.0	3	0 0 0 1
68	1	0.0	3	0 0 1

=== Second read: Adapter 14 ===

Sequence: ACGTTGGATGTTTGTTACTGTGGTGGATACTAC; Type: regular 5'; Length: 33; Trimmed: 33170 times.

No. of allowed errors:
0-9 bp: 0; 10-19 bp: 1; 20-29 bp: 2; 30-33 bp: 3

Overview of removed sequences
length	count	expect	max.err	error counts
3	15	3383.3	0	15
5	2	211.5	0	2
9	1	0.8	0	1
12	1	0.0	1	1
14	4	0.0	1	3 1
15	3	0.0	1	1 2
16	5	0.0	1	1 4
17	4	0.0	1	4
18	7	0.0	1	3 3 1
19	10	0.0	1	5 5
20	8	0.0	2	1 4 3
21	12	0.0	2	6 3 3
22	5	0.0	2	2 0 3
23	12	0.0	2	3 4 5
24	51	0.0	2	21 16 14
25	60	0.0	2	12 28 20
26	149	0.0	2	48 56 45
27	162	0.0	2	65 58 39
28	273	0.0	2	90 89 85 9
29	377	0.0	2	91 114 154 18
30	3092	0.0	3	158 245 192 2497
31	3282	0.0	3	161 172 916 2033
32	4514	0.0	3	70 1355 1602 1487
33	11740	0.0	3	4462 3654 2233 1391
34	8251	0.0	3	0 3625 3083 1543
35	534	0.0	3	1 4 130 399
36	124	0.0	3	0 0 0 124
37	4	0.0	3	0 1 1 2
38	9	0.0	3	0 0 1 8
39	25	0.0	3	2 3 4 16
40	19	0.0	3	5 1 6 7
41	47	0.0	3	11 12 14 10
42	71	0.0	3	12 22 17 20
43	25	0.0	3	2 6 11 6
44	36	0.0	3	7 14 8 7
45	35	0.0	3	10 11 7 7
46	26	0.0	3	3 9 4 10
47	18	0.0	3	1 2 4 11
48	24	0.0	3	2 3 6 13
49	28	0.0	3	6 3 5 14
50	25	0.0	3	4 13 5 3
51	24	0.0	3	6 9 3 6
52	13	0.0	3	2 2 3 6
53	10	0.0	3	2 4 1 3
54	16	0.0	3	2 3 2 9
55	4	0.0	3	1 1 0 2
56	6	0.0	3	1 0 2 3
57	4	0.0	3	3 1
58	2	0.0	3	0 0 2
66	1	0.0	3	1

=== Second read: Adapter 15 ===

Sequence: ACGTTGGATGTTTGTTACTGTTGTGGATACAAC; Type: regular 5'; Length: 33; Trimmed: 18107 times.

No. of allowed errors:
0-9 bp: 0; 10-19 bp: 1; 20-29 bp: 2; 30-33 bp: 3

Overview of removed sequences
length	count	expect	max.err	error counts
3	644	3383.3	0	644
4	1	845.8	0	1
5	7	211.5	0	7
16	1	0.0	1	0 1
18	1	0.0	1	1
19	1	0.0	1	0 1
21	1	0.0	2	0 0 1
24	6	0.0	2	1 4 1
25	9	0.0	2	3 2 4
26	9	0.0	2	3 5 1
27	15	0.0	2	6 6 3
28	27	0.0	2	8 8 10 1
29	37	0.0	2	13 15 8 1
30	137	0.0	3	22 34 21 60
31	569	0.0	3	28 20 196 325
32	2868	0.0	3	30 944 812 1082
33	11744	0.0	3	3660 2726 3599 1759
34	1126	0.0	3	2 354 357 413
35	337	0.0	3	1 0 134 202
36	209	0.0	3	0 0 1 208
38	1	0.0	3	0 0 0 1
39	3	0.0	3	0 0 3
40	12	0.0	3	0 1 6 5
41	76	0.0	3	22 23 20 11
42	30	0.0	3	7 12 6 5
43	6	0.0	3	1 0 3 2
44	24	0.0	3	6 8 6 4
45	25	0.0	3	6 8 6 5
46	19	0.0	3	6 6 4 3
47	5	0.0	3	0 3 0 2
48	14	0.0	3	7 2 3 2
49	21	0.0	3	5 4 10 2
50	9	0.0	3	3 3 2 1
51	22	0.0	3	7 9 3 3
52	35	0.0	3	11 8 10 6
53	22	0.0	3	10 6 3 3
54	11	0.0	3	1 6 2 2
55	6	0.0	3	3 2 1
56	4	0.0	3	0 2 2
57	6	0.0	3	2 0 1 3
58	1	0.0	3	1
59	1	0.0	3	0 1
60	1	0.0	3	1
62	1	0.0	3	0 0 0 1
63	1	0.0	3	0 1
64	1	0.0	3	1
65	1	0.0	3	1

=== Second read: Adapter 16 ===

Sequence: ACGTTGGATGTTTGTTACCGTTGTTGATACTAC; Type: regular 5'; Length: 33; Trimmed: 18700 times.

No. of allowed errors:
0-9 bp: 0; 10-19 bp: 1; 20-29 bp: 2; 30-33 bp: 3

Overview of removed sequences
length	count	expect	max.err	error counts
12	1	0.0	1	1
14	1	0.0	1	0 1
16	2	0.0	1	1 1
17	2	0.0	1	2
18	2	0.0	1	0 2
19	4	0.0	1	3 1
20	2	0.0	2	1 1
21	2	0.0	2	0 1 1
22	6	0.0	2	2 0 4
23	3	0.0	2	0 2 1
24	7	0.0	2	4 2 1
25	15	0.0	2	8 1 6
26	43	0.0	2	16 13 14
27	59	0.0	2	29 15 15
28	87	0.0	2	31 26 20 10
29	119	0.0	2	30 34 44 11
30	2117	0.0	3	56 59 60 1942
31	1016	0.0	3	61 47 396 512
32	4256	0.0	3	40 971 1870 1375
33	6913	0.0	3	3206 1977 1077 653
34	3569	0.0	3	0 1037 1588 944
35	279	0.0	3	0 0 67 212
36	59	0.0	3	1 0 1 57
38	3	0.0	3	0 0 0 3
39	5	0.0	3	0 1 2 2
40	8	0.0	3	1 0 4 3
41	12	0.0	3	2 2 4 4
42	10	0.0	3	0 4 3 3
43	10	0.0	3	0 0 7 3
44	20	0.0	3	4 4 6 6
45	6	0.0	3	1 2 2 1
46	8	0.0	3	3 1 2 2
47	7	0.0	3	0 0 1 6
48	5	0.0	3	0 1 2 2
49	9	0.0	3	2 1 2 4
50	9	0.0	3	0 3 1 5
51	4	0.0	3	0 1 1 2
52	4	0.0	3	0 0 2 2
53	4	0.0	3	1 0 0 3
54	3	0.0	3	0 0 0 3
55	3	0.0	3	1 1 1
56	2	0.0	3	1 0 0 1
58	1	0.0	3	0 1
59	1	0.0	3	0 0 1
66	1	0.0	3	0 1
69	1	0.0	3	0 0 1

=== Second read: Adapter 17 ===

Sequence: ACGTTGGATGAATATATGTGTGCTTATTTG; Type: regular 5'; Length: 30; Trimmed: 285 times.

No. of allowed errors:
0-9 bp: 0; 10-19 bp: 1; 20-29 bp: 2; 30 bp: 3

Overview of removed sequences
length	count	expect	max.err	error counts
3	267	3383.3	0	267
4	15	845.8	0	15
6	1	52.9	0	1
30	2	0.0	3	1 0 0 1

=== Second read: Adapter 18 ===

Sequence: ACGTTGGATGTTTGTTACTAAGGTAGATACCACTC; Type: regular 5'; Length: 35; Trimmed: 9826 times.

No. of allowed errors:
0-9 bp: 0; 10-19 bp: 1; 20-29 bp: 2; 30-35 bp: 3

Overview of removed sequences
length	count	expect	max.err	error counts
3	4	3383.3	0	4
4	5	845.8	0	5
15	1	0.0	1	1
21	1	0.0	2	0 1
22	5	0.0	2	3 1 1
25	1	0.0	2	0 0 1
26	5	0.0	2	3 2
27	10	0.0	2	1 5 4
28	7	0.0	2	5 2
29	14	0.0	2	4 5 3 2
30	66	0.0	3	19 20 17 10
31	88	0.0	3	26 24 21 17
32	126	0.0	3	20 32 30 44
33	950	0.0	3	29 34 213 674
34	1108	0.0	3	32 390 343 343
35	6509	0.0	3	2746 1740 1222 801
36	450	0.0	3	2 169 147 132
37	347	0.0	3	0 0 188 159
38	100	0.0	3	0 0 0 100
41	2	0.0	3	0 1 1
42	2	0.0	3	1 1
43	6	0.0	3	1 2 1 2
45	4	0.0	3	3 0 0 1
46	5	0.0	3	3 1 1
47	2	0.0	3	1 1
48	1	0.0	3	0 0 1
49	2	0.0	3	0 0 1 1
50	1	0.0	3	0 0 1
51	1	0.0	3	1
52	1	0.0	3	0 0 1
53	1	0.0	3	0 0 0 1
55	1	0.0	3	1

=== Second read: Adapter 19 ===

Sequence: ACGTTGGATGGAAAAATAAACTGCAAATCATATTC; Type: regular 5'; Length: 35; Trimmed: 11272 times.

No. of allowed errors:
0-9 bp: 0; 10-19 bp: 1; 20-29 bp: 2; 30-35 bp: 3

Overview of removed sequences
length	count	expect	max.err	error counts
3	37	3383.3	0	37
4	2	845.8	0	2
6	2	52.9	0	2
18	2	0.0	1	1 1
19	5	0.0	1	3 2
21	1	0.0	2	1
23	1	0.0	2	0 1
26	1	0.0	2	0 0 1
27	1	0.0	2	1
28	3	0.0	2	1 1 1
29	3	0.0	2	1 1 1
30	13	0.0	3	3 5 2 3
31	27	0.0	3	8 5 7 7
32	170	0.0	3	5 8 7 150
33	192	0.0	3	5 7 90 90
34	2029	0.0	3	5 1114 532 378
35	6248	0.0	3	2998 1438 800 1012
36	2283	0.0	3	1 1262 570 450
37	166	0.0	3	0 0 89 77
38	66	0.0	3	0 0 0 66
43	1	0.0	3	0 0 1
44	1	0.0	3	0 0 1
45	2	0.0	3	0 1 1
47	1	0.0	3	0 1
48	2	0.0	3	0 0 1 1
49	1	0.0	3	0 1
50	5	0.0	3	1 2 1 1
51	4	0.0	3	1 1 1 1
53	1	0.0	3	0 0 0 1
54	1	0.0	3	0 0 0 1
55	1	0.0	3	1

=== Second read: Adapter 20 ===

Sequence: ACGTTGGATGAGATTAGGGAAAGTATTAGA; Type: regular 5'; Length: 30; Trimmed: 27 times.

No. of allowed errors:
0-9 bp: 0; 10-19 bp: 1; 20-29 bp: 2; 30 bp: 3

Overview of removed sequences
length	count	expect	max.err	error counts
3	23	3383.3	0	23
4	1	845.8	0	1
5	1	211.5	0	1
28	1	0.0	2	0 0 1
30	1	0.0	3	1

=== Second read: Adapter 21 ===

Sequence: ACGTTGGATGGAAAAATAAATTGTAAATCATACTC; Type: regular 5'; Length: 35; Trimmed: 8441 times.

No. of allowed errors:
0-9 bp: 0; 10-19 bp: 1; 20-29 bp: 2; 30-35 bp: 3

Overview of removed sequences
length	count	expect	max.err	error counts
14	1	0.0	1	1
17	2	0.0	1	2
19	3	0.0	1	1 2
21	2	0.0	2	0 1 1
22	2	0.0	2	1 0 1
23	1	0.0	2	0 0 1
25	1	0.0	2	0 1
26	1	0.0	2	1
29	1	0.0	2	0 1
30	10	0.0	3	5 3 1 1
31	15	0.0	3	5 4 3 3
32	27	0.0	3	0 1 3 23
33	250	0.0	3	11 5 74 160
34	551	0.0	3	35 220 135 161
35	7307	0.0	3	3561 1671 928 1147
36	131	0.0	3	0 23 47 61
37	44	0.0	3	0 0 11 33
38	36	0.0	3	0 0 0 36
39	1	0.0	3	0 1
40	1	0.0	3	0 1
42	1	0.0	3	0 0 0 1
43	11	0.0	3	4 1 2 4
44	4	0.0	3	1 0 1 2
45	2	0.0	3	1 0 0 1
46	8	0.0	3	6 1 1
47	7	0.0	3	3 3 1
48	3	0.0	3	1 2
49	3	0.0	3	1 1 0 1
50	2	0.0	3	2
51	4	0.0	3	1 1 0 2
52	4	0.0	3	1 1 1 1
53	1	0.0	3	0 0 0 1
54	2	0.0	3	1 0 1
57	1	0.0	3	0 0 0 1
67	1	0.0	3	0 0 0 1

=== Second read: Adapter 22 ===

Sequence: ACGTTGGATGGAAAAATAAACTGTAAATCATATTCCT; Type: regular 5'; Length: 37; Trimmed: 29044 times.

No. of allowed errors:
0-9 bp: 0; 10-19 bp: 1; 20-29 bp: 2; 30-37 bp: 3

Overview of removed sequences
length	count	expect	max.err	error counts
3	109	3383.3	0	109
4	188	845.8	0	188
5	1	211.5	0	1
13	1	0.0	1	0 1
16	1	0.0	1	0 1
18	3	0.0	1	0 0 3
19	1	0.0	1	0 1
20	5	0.0	2	3 1 1
21	4	0.0	2	2 0 2
22	1	0.0	2	0 0 1
23	5	0.0	2	1 0 4
24	1	0.0	2	0 1
27	1	0.0	2	0 1
28	1	0.0	2	0 1
29	2	0.0	2	1 1
30	3	0.0	3	0 1 0 2
31	8	0.0	3	1 0 1 6
32	26	0.0	3	4 6 10 6
33	26	0.0	3	1 10 8 7
34	419	0.0	3	6 19 24 370
35	2354	0.0	3	12 26 1264 1052
36	5445	0.0	3	18 2703 1618 1106
37	17393	0.0	3	4389 7055 3793 2156
38	1437	0.0	3	2 231 681 523
39	1272	0.0	3	0 0 276 996
40	237	0.0	3	0 0 0 237
43	1	0.0	3	0 0 1
44	8	0.0	3	0 4 2 2
45	17	0.0	3	1 7 6 3
46	8	0.0	3	0 5 3
47	8	0.0	3	0 6 1 1
48	7	0.0	3	0 5 1 1
49	8	0.0	3	0 5 2 1
50	8	0.0	3	0 5 0 3
51	2	0.0	3	0 2
52	6	0.0	3	1 2 3
53	5	0.0	3	0 3 1 1
54	4	0.0	3	1 1 2
55	8	0.0	3	1 2 2 3
56	1	0.0	3	0 0 0 1
57	3	0.0	3	0 1 1 1
58	3	0.0	3	1 1 1
60	1	0.0	3	0 1
61	1	0.0	3	0 1
62	1	0.0	3	0 0 0 1

=== Second read: Adapter 23 ===

Sequence: ACGTTGGATGGAAAAATAAACTGTAAATCATATTC; Type: regular 5'; Length: 35; Trimmed: 2862 times.

No. of allowed errors:
0-9 bp: 0; 10-19 bp: 1; 20-29 bp: 2; 30-35 bp: 3

Overview of removed sequences
length	count	expect	max.err	error counts
12	2	0.0	1	0 2
13	2	0.0	1	0 2
14	2	0.0	1	0 2
17	1	0.0	1	0 1
18	1	0.0	1	0 1
19	1	0.0	1	0 1
21	1	0.0	2	0 1
22	1	0.0	2	0 0 1
26	1	0.0	2	0 0 1
30	4	0.0	3	0 0 2 2
31	1	0.0	3	0 0 0 1
32	512	0.0	3	0 0 1 511
33	99	0.0	3	0 0 38 61
34	625	0.0	3	0 0 175 450
35	1302	0.0	3	0 0 341 961
36	228	0.0	3	0 0 4 224
37	54	0.0	3	0 0 10 44
38	21	0.0	3	0 0 0 21
42	1	0.0	3	0 0 0 1
43	2	0.0	3	0 0 2
48	1	0.0	3	0 0 0 1

=== Second read: Adapter 24 ===

Sequence: ACGTTGGATGGAAAAATAAATTGTAAATCAAATTC; Type: regular 5'; Length: 35; Trimmed: 3337 times.

No. of allowed errors:
0-9 bp: 0; 10-19 bp: 1; 20-29 bp: 2; 30-35 bp: 3

Overview of removed sequences
length	count	expect	max.err	error counts
6	11	52.9	0	11
14	1	0.0	1	1
21	1	0.0	2	0 1
22	1	0.0	2	0 0 1
24	1	0.0	2	0 1
28	1	0.0	2	0 0 1
29	1	0.0	2	0 0 1
30	5	0.0	3	2 1 1 1
31	3	0.0	3	0 2 1
32	6	0.0	3	0 1 0 5
33	23	0.0	3	3 1 7 12
34	167	0.0	3	11 83 47 26
35	2962	0.0	3	1702 601 401 258
36	81	0.0	3	0 36 25 20
37	47	0.0	3	0 0 26 21
38	12	0.0	3	0 0 1 11
43	3	0.0	3	1 1 0 1
44	2	0.0	3	1 1
45	1	0.0	3	0 1
46	1	0.0	3	0 0 1
47	1	0.0	3	0 1
50	2	0.0	3	1 1
51	2	0.0	3	1 1
54	1	0.0	3	0 0 0 1
57	1	0.0	3	1

