This is cutadapt 1.18 with Python 3.5.5
Command line parameters: -g ACGTTGGATGTTTGTTACTATGGTAGATACCACAC -g ACGTTGGATGTTTGTTACTAAGGTAGATACCACTC -g ACGTTGGATGTTTGTTACTGTGGTGGATACTAC -g ACGTTGGATGTTTGTTACTGTTGTGGATACAAC -g ACGTTGGATGTTTGTTACCGTTGTTGATACTAC -g ACGTTGGATGAATATATGTGTGCTTATTTG -G ACGTTGGATGTTTGTTACTATGGTAGATACCACAC -G ACGTTGGATGTTTGTTACTGTGGTGGATACTAC -G ACGTTGGATGTTTGTTACTGTTGTGGATACAAC -G ACGTTGGATGTTTGTTACCGTTGTTGATACTAC -G ACGTTGGATGAATATATGTGTGCTTATTTG -G ACGTTGGATGTTTGTTACTAAGGTAGATACCACTC -g ACGTTGGATGGAAAAATAAACTGCAAATCATATTC -g ACGTTGGATGGAAAAATAAACTGTAAATCATATTC -g ACGTTGGATGGAAAAATAAATTGTAAATCATACTC -g ACGTTGGATGAGATTAGGGAAAGTATTAGA -g ACGTTGGATGGAAAAATAAATTGTAAATCAAATTC -g ACGTTGGATGGAAAAATAAACTGTAAATCATATTCCT -G ACGTTGGATGGAAAAATAAACTGCAAATCATATTC -G ACGTTGGATGAGATTAGGGAAAGTATTAGA -G ACGTTGGATGGAAAAATAAATTGTAAATCATACTC -G ACGTTGGATGGAAAAATAAACTGTAAATCATATTCCT -G ACGTTGGATGGAAAAATAAACTGTAAATCATATTC -G ACGTTGGATGGAAAAATAAATTGTAAATCAAATTC --minimum-length=1 -o /data/projects/mdc-971/data_from_June_2019/30.primer_trimmed/180462_S76_cutadapt.1.fq.gz -p /data/projects/mdc-971/data_from_June_2019/30.primer_trimmed/180462_S76_cutadapt.2.fq.gz /data/projects/mdc-971/data_from_June_2019/20.trim_151st_nt/180462_S76_R1_001.bbduked.fastq.gz /data/projects/mdc-971/data_from_June_2019/20.trim_151st_nt/180462_S76_R2_001.bbduked.fastq.gz
Processing reads on 1 core in paired-end mode ...
Finished in 0.81 s (394 us/read; 0.15 M reads/minute).

=== Summary ===

Total read pairs processed:              2,047
  Read 1 with adapter:                   1,545 (75.5%)
  Read 2 with adapter:                     945 (46.2%)
Pairs that were too short:                   0 (0.0%)
Pairs written (passing filters):         2,047 (100.0%)

Total basepairs processed:       614,100 bp
  Read 1:       307,050 bp
  Read 2:       307,050 bp
Total written (filtered):        528,535 bp (86.1%)
  Read 1:       252,837 bp
  Read 2:       275,698 bp

=== First read: Adapter 1 ===

Sequence: ACGTTGGATGTTTGTTACTATGGTAGATACCACAC; Type: regular 5'; Length: 35; Trimmed: 134 times.

No. of allowed errors:
0-9 bp: 0; 10-19 bp: 1; 20-29 bp: 2; 30-35 bp: 3

Overview of removed sequences
length	count	expect	max.err	error counts
28	1	0.0	2	1
30	2	0.0	3	2
32	2	0.0	3	1 1
33	8	0.0	3	1 1 3 3
34	18	0.0	3	0 5 5 8
35	91	0.0	3	15 30 28 18
36	9	0.0	3	0 3 3 3
37	1	0.0	3	0 0 1
38	2	0.0	3	0 0 0 2

=== First read: Adapter 2 ===

Sequence: ACGTTGGATGTTTGTTACTAAGGTAGATACCACTC; Type: regular 5'; Length: 35; Trimmed: 71 times.

No. of allowed errors:
0-9 bp: 0; 10-19 bp: 1; 20-29 bp: 2; 30-35 bp: 3

Overview of removed sequences
length	count	expect	max.err	error counts
31	1	0.0	3	0 0 0 1
32	1	0.0	3	0 1
33	5	0.0	3	1 1 2 1
34	7	0.0	3	0 4 0 3
35	54	0.0	3	24 12 7 11
36	2	0.0	3	0 1 1
37	1	0.0	3	0 0 1

=== First read: Adapter 3 ===

Sequence: ACGTTGGATGTTTGTTACTGTGGTGGATACTAC; Type: regular 5'; Length: 33; Trimmed: 167 times.

No. of allowed errors:
0-9 bp: 0; 10-19 bp: 1; 20-29 bp: 2; 30-33 bp: 3

Overview of removed sequences
length	count	expect	max.err	error counts
21	1	0.0	2	1
25	1	0.0	2	0 1
26	3	0.0	2	0 2 1
27	6	0.0	2	6
28	3	0.0	2	0 0 3
29	2	0.0	2	2
30	7	0.0	3	0 3 1 3
31	6	0.0	3	0 1 3 2
32	23	0.0	3	0 7 9 7
33	92	0.0	3	23 24 18 27
34	20	0.0	3	0 7 5 8
35	1	0.0	3	0 0 1
36	2	0.0	3	0 0 0 2

=== First read: Adapter 4 ===

Sequence: ACGTTGGATGTTTGTTACTGTTGTGGATACAAC; Type: regular 5'; Length: 33; Trimmed: 66 times.

No. of allowed errors:
0-9 bp: 0; 10-19 bp: 1; 20-29 bp: 2; 30-33 bp: 3

Overview of removed sequences
length	count	expect	max.err	error counts
3	1	32.0	0	1
6	1	0.5	0	1
29	1	0.0	2	0 0 0 1
30	1	0.0	3	0 0 0 1
31	1	0.0	3	0 0 1
32	3	0.0	3	0 0 1 2
33	50	0.0	3	16 10 9 15
34	5	0.0	3	0 1 2 2
35	1	0.0	3	0 0 1
36	2	0.0	3	0 0 0 2

=== First read: Adapter 5 ===

Sequence: ACGTTGGATGTTTGTTACCGTTGTTGATACTAC; Type: regular 5'; Length: 33; Trimmed: 73 times.

No. of allowed errors:
0-9 bp: 0; 10-19 bp: 1; 20-29 bp: 2; 30-33 bp: 3

Overview of removed sequences
length	count	expect	max.err	error counts
26	2	0.0	2	0 1 1
27	1	0.0	2	0 1
28	1	0.0	2	0 1
29	2	0.0	2	0 0 2
30	3	0.0	3	0 1 0 2
31	3	0.0	3	0 0 0 3
32	18	0.0	3	0 3 8 7
33	34	0.0	3	12 9 10 3
34	7	0.0	3	0 4 2 1
35	2	0.0	3	0 0 1 1

=== First read: Adapter 6 ===

Sequence: ACGTTGGATGAATATATGTGTGCTTATTTG; Type: regular 5'; Length: 30; Trimmed: 1 times.

No. of allowed errors:
0-9 bp: 0; 10-19 bp: 1; 20-29 bp: 2; 30 bp: 3

Overview of removed sequences
length	count	expect	max.err	error counts
3	1	32.0	0	1

=== First read: Adapter 7 ===

Sequence: ACGTTGGATGGAAAAATAAACTGCAAATCATATTC; Type: regular 5'; Length: 35; Trimmed: 266 times.

No. of allowed errors:
0-9 bp: 0; 10-19 bp: 1; 20-29 bp: 2; 30-35 bp: 3

Overview of removed sequences
length	count	expect	max.err	error counts
31	1	0.0	3	0 0 0 1
33	9	0.0	3	0 1 3 5
34	40	0.0	3	0 18 12 10
35	183	0.0	3	61 51 32 39
36	27	0.0	3	0 18 7 2
37	4	0.0	3	0 0 1 3
38	2	0.0	3	0 0 0 2

=== First read: Adapter 8 ===

Sequence: ACGTTGGATGGAAAAATAAACTGTAAATCATATTC; Type: regular 5'; Length: 35; Trimmed: 79 times.

No. of allowed errors:
0-9 bp: 0; 10-19 bp: 1; 20-29 bp: 2; 30-35 bp: 3

Overview of removed sequences
length	count	expect	max.err	error counts
30	1	0.0	3	0 0 0 1
32	2	0.0	3	0 0 0 2
33	7	0.0	3	0 0 4 3
34	12	0.0	3	0 1 1 10
35	48	0.0	3	8 9 14 17
36	5	0.0	3	0 2 2 1
37	3	0.0	3	0 0 0 3
38	1	0.0	3	0 0 0 1

=== First read: Adapter 9 ===

Sequence: ACGTTGGATGGAAAAATAAATTGTAAATCATACTC; Type: regular 5'; Length: 35; Trimmed: 94 times.

No. of allowed errors:
0-9 bp: 0; 10-19 bp: 1; 20-29 bp: 2; 30-35 bp: 3

Overview of removed sequences
length	count	expect	max.err	error counts
32	1	0.0	3	0 0 0 1
33	1	0.0	3	0 0 0 1
34	2	0.0	3	1 1
35	81	0.0	3	27 26 16 12
36	3	0.0	3	0 0 1 2
37	3	0.0	3	0 0 1 2
38	3	0.0	3	0 0 0 3

=== First read: Adapter 10 ===

Sequence: ACGTTGGATGAGATTAGGGAAAGTATTAGA; Type: regular 5'; Length: 30; Trimmed: 0 times.

=== First read: Adapter 11 ===

Sequence: ACGTTGGATGGAAAAATAAATTGTAAATCAAATTC; Type: regular 5'; Length: 35; Trimmed: 73 times.

No. of allowed errors:
0-9 bp: 0; 10-19 bp: 1; 20-29 bp: 2; 30-35 bp: 3

Overview of removed sequences
length	count	expect	max.err	error counts
30	1	0.0	3	0 1
32	1	0.0	3	0 0 0 1
34	2	0.0	3	0 0 1 1
35	61	0.0	3	17 26 15 3
36	2	0.0	3	0 0 0 2
37	3	0.0	3	0 0 0 3
38	3	0.0	3	0 0 0 3

=== First read: Adapter 12 ===

Sequence: ACGTTGGATGGAAAAATAAACTGTAAATCATATTCCT; Type: regular 5'; Length: 37; Trimmed: 521 times.

No. of allowed errors:
0-9 bp: 0; 10-19 bp: 1; 20-29 bp: 2; 30-37 bp: 3

Overview of removed sequences
length	count	expect	max.err	error counts
30	1	0.0	3	0 0 0 1
31	1	0.0	3	0 1
33	1	0.0	3	0 1
35	10	0.0	3	0 0 7 3
36	141	0.0	3	0 30 66 45
37	233	0.0	3	43 99 54 37
38	42	0.0	3	0 4 18 20
39	86	0.0	3	0 0 27 59
40	5	0.0	3	0 0 0 5
51	1	0.0	3	0 0 0 1

=== Second read: Adapter 13 ===

Sequence: ACGTTGGATGTTTGTTACTATGGTAGATACCACAC; Type: regular 5'; Length: 35; Trimmed: 105 times.

No. of allowed errors:
0-9 bp: 0; 10-19 bp: 1; 20-29 bp: 2; 30-35 bp: 3

Overview of removed sequences
length	count	expect	max.err	error counts
32	2	0.0	3	0 2
33	14	0.0	3	0 0 5 9
34	15	0.0	3	1 4 2 8
35	67	0.0	3	7 18 22 20
36	4	0.0	3	0 1 1 2
37	2	0.0	3	0 0 1 1
38	1	0.0	3	0 0 0 1

=== Second read: Adapter 14 ===

Sequence: ACGTTGGATGTTTGTTACTGTGGTGGATACTAC; Type: regular 5'; Length: 33; Trimmed: 247 times.

No. of allowed errors:
0-9 bp: 0; 10-19 bp: 1; 20-29 bp: 2; 30-33 bp: 3

Overview of removed sequences
length	count	expect	max.err	error counts
26	1	0.0	2	1
27	1	0.0	2	0 1
28	1	0.0	2	1
30	7	0.0	3	0 0 1 6
31	27	0.0	3	0 0 4 23
32	66	0.0	3	0 21 24 21
33	118	0.0	3	32 37 20 29
34	23	0.0	3	0 11 4 8
36	2	0.0	3	0 0 0 2
49	1	0.0	3	1

=== Second read: Adapter 15 ===

Sequence: ACGTTGGATGTTTGTTACTGTTGTGGATACAAC; Type: regular 5'; Length: 33; Trimmed: 118 times.

No. of allowed errors:
0-9 bp: 0; 10-19 bp: 1; 20-29 bp: 2; 30-33 bp: 3

Overview of removed sequences
length	count	expect	max.err	error counts
3	6	32.0	0	6
31	3	0.0	3	0 0 3
32	23	0.0	3	0 7 6 10
33	74	0.0	3	19 17 20 18
34	8	0.0	3	0 0 5 3
35	2	0.0	3	0 0 1 1
36	2	0.0	3	0 0 0 2

=== Second read: Adapter 16 ===

Sequence: ACGTTGGATGTTTGTTACCGTTGTTGATACTAC; Type: regular 5'; Length: 33; Trimmed: 122 times.

No. of allowed errors:
0-9 bp: 0; 10-19 bp: 1; 20-29 bp: 2; 30-33 bp: 3

Overview of removed sequences
length	count	expect	max.err	error counts
30	9	0.0	3	0 1 2 6
31	10	0.0	3	1 0 6 3
32	38	0.0	3	0 11 14 13
33	51	0.0	3	11 14 14 12
34	11	0.0	3	0 3 4 4
35	3	0.0	3	0 0 2 1

=== Second read: Adapter 17 ===

Sequence: ACGTTGGATGAATATATGTGTGCTTATTTG; Type: regular 5'; Length: 30; Trimmed: 9 times.

No. of allowed errors:
0-9 bp: 0; 10-19 bp: 1; 20-29 bp: 2; 30 bp: 3

Overview of removed sequences
length	count	expect	max.err	error counts
3	8	32.0	0	8
4	1	8.0	0	1

=== Second read: Adapter 18 ===

Sequence: ACGTTGGATGTTTGTTACTAAGGTAGATACCACTC; Type: regular 5'; Length: 35; Trimmed: 48 times.

No. of allowed errors:
0-9 bp: 0; 10-19 bp: 1; 20-29 bp: 2; 30-35 bp: 3

Overview of removed sequences
length	count	expect	max.err	error counts
33	3	0.0	3	0 0 1 2
34	4	0.0	3	0 1 2 1
35	37	0.0	3	14 10 10 3
37	2	0.0	3	0 0 2
38	2	0.0	3	0 0 0 2

=== Second read: Adapter 19 ===

Sequence: ACGTTGGATGGAAAAATAAACTGCAAATCATATTC; Type: regular 5'; Length: 35; Trimmed: 67 times.

No. of allowed errors:
0-9 bp: 0; 10-19 bp: 1; 20-29 bp: 2; 30-35 bp: 3

Overview of removed sequences
length	count	expect	max.err	error counts
3	1	32.0	0	1
28	1	0.0	2	0 1
32	1	0.0	3	0 0 0 1
33	2	0.0	3	0 0 1 1
34	11	0.0	3	0 6 2 3
35	41	0.0	3	8 20 7 6
36	9	0.0	3	0 4 2 3
37	1	0.0	3	0 0 0 1

=== Second read: Adapter 20 ===

Sequence: ACGTTGGATGAGATTAGGGAAAGTATTAGA; Type: regular 5'; Length: 30; Trimmed: 0 times.

=== Second read: Adapter 21 ===

Sequence: ACGTTGGATGGAAAAATAAATTGTAAATCATACTC; Type: regular 5'; Length: 35; Trimmed: 22 times.

No. of allowed errors:
0-9 bp: 0; 10-19 bp: 1; 20-29 bp: 2; 30-35 bp: 3

Overview of removed sequences
length	count	expect	max.err	error counts
31	1	0.0	3	0 0 0 1
32	1	0.0	3	0 0 0 1
33	1	0.0	3	0 0 0 1
34	6	0.0	3	0 1 2 3
35	10	0.0	3	3 3 1 3
36	1	0.0	3	0 0 0 1
37	1	0.0	3	0 0 0 1
38	1	0.0	3	0 0 0 1

=== Second read: Adapter 22 ===

Sequence: ACGTTGGATGGAAAAATAAACTGTAAATCATATTCCT; Type: regular 5'; Length: 37; Trimmed: 183 times.

No. of allowed errors:
0-9 bp: 0; 10-19 bp: 1; 20-29 bp: 2; 30-37 bp: 3

Overview of removed sequences
length	count	expect	max.err	error counts
3	7	32.0	0	7
4	5	8.0	0	5
35	11	0.0	3	0 0 3 8
36	33	0.0	3	0 11 12 10
37	74	0.0	3	7 21 25 21
38	10	0.0	3	0 0 7 3
39	38	0.0	3	0 0 14 24
40	5	0.0	3	0 0 0 5

=== Second read: Adapter 23 ===

Sequence: ACGTTGGATGGAAAAATAAACTGTAAATCATATTC; Type: regular 5'; Length: 35; Trimmed: 15 times.

No. of allowed errors:
0-9 bp: 0; 10-19 bp: 1; 20-29 bp: 2; 30-35 bp: 3

Overview of removed sequences
length	count	expect	max.err	error counts
33	3	0.0	3	0 0 1 2
34	2	0.0	3	0 0 0 2
35	10	0.0	3	0 0 2 8

=== Second read: Adapter 24 ===

Sequence: ACGTTGGATGGAAAAATAAATTGTAAATCAAATTC; Type: regular 5'; Length: 35; Trimmed: 9 times.

No. of allowed errors:
0-9 bp: 0; 10-19 bp: 1; 20-29 bp: 2; 30-35 bp: 3

Overview of removed sequences
length	count	expect	max.err	error counts
35	8	0.0	3	2 4 1 1
38	1	0.0	3	0 0 0 1

