This is cutadapt 1.18 with Python 3.5.5
Command line parameters: -g ACGTTGGATGTTTGTTACTATGGTAGATACCACAC -g ACGTTGGATGTTTGTTACTAAGGTAGATACCACTC -g ACGTTGGATGTTTGTTACTGTGGTGGATACTAC -g ACGTTGGATGTTTGTTACTGTTGTGGATACAAC -g ACGTTGGATGTTTGTTACCGTTGTTGATACTAC -g ACGTTGGATGAATATATGTGTGCTTATTTG -G ACGTTGGATGTTTGTTACTATGGTAGATACCACAC -G ACGTTGGATGTTTGTTACTGTGGTGGATACTAC -G ACGTTGGATGTTTGTTACTGTTGTGGATACAAC -G ACGTTGGATGTTTGTTACCGTTGTTGATACTAC -G ACGTTGGATGAATATATGTGTGCTTATTTG -G ACGTTGGATGTTTGTTACTAAGGTAGATACCACTC -g ACGTTGGATGGAAAAATAAACTGCAAATCATATTC -g ACGTTGGATGGAAAAATAAACTGTAAATCATATTC -g ACGTTGGATGGAAAAATAAATTGTAAATCATACTC -g ACGTTGGATGAGATTAGGGAAAGTATTAGA -g ACGTTGGATGGAAAAATAAATTGTAAATCAAATTC -g ACGTTGGATGGAAAAATAAACTGTAAATCATATTCCT -G ACGTTGGATGGAAAAATAAACTGCAAATCATATTC -G ACGTTGGATGAGATTAGGGAAAGTATTAGA -G ACGTTGGATGGAAAAATAAATTGTAAATCATACTC -G ACGTTGGATGGAAAAATAAACTGTAAATCATATTCCT -G ACGTTGGATGGAAAAATAAACTGTAAATCATATTC -G ACGTTGGATGGAAAAATAAATTGTAAATCAAATTC --minimum-length=1 -o /data/projects/mdc-971/data_from_June_2019/30.primer_trimmed/180493_S92_cutadapt.1.fq.gz -p /data/projects/mdc-971/data_from_June_2019/30.primer_trimmed/180493_S92_cutadapt.2.fq.gz /data/projects/mdc-971/data_from_June_2019/20.trim_151st_nt/180493_S92_R1_001.bbduked.fastq.gz /data/projects/mdc-971/data_from_June_2019/20.trim_151st_nt/180493_S92_R2_001.bbduked.fastq.gz
Processing reads on 1 core in paired-end mode ...
Finished in 90.76 s (374 us/read; 0.16 M reads/minute).

=== Summary ===

Total read pairs processed:            242,731
  Read 1 with adapter:                 204,433 (84.2%)
  Read 2 with adapter:                 167,176 (68.9%)
Pairs that were too short:                   0 (0.0%)
Pairs written (passing filters):       242,731 (100.0%)

Total basepairs processed:    72,819,300 bp
  Read 1:    36,409,650 bp
  Read 2:    36,409,650 bp
Total written (filtered):     60,054,284 bp (82.5%)
  Read 1:    29,353,274 bp
  Read 2:    30,701,010 bp

=== First read: Adapter 1 ===

Sequence: ACGTTGGATGTTTGTTACTATGGTAGATACCACAC; Type: regular 5'; Length: 35; Trimmed: 19761 times.

No. of allowed errors:
0-9 bp: 0; 10-19 bp: 1; 20-29 bp: 2; 30-35 bp: 3

Overview of removed sequences
length	count	expect	max.err	error counts
3	5	3792.7	0	5
4	2	948.2	0	2
10	1	0.2	1	1
13	1	0.0	1	0 1
19	2	0.0	1	0 0 2
20	1	0.0	2	0 1
22	4	0.0	2	0 3 1
23	4	0.0	2	3 0 1
24	1	0.0	2	0 1
25	2	0.0	2	0 1 1
26	16	0.0	2	4 6 6
27	45	0.0	2	20 16 9
28	51	0.0	2	25 12 12 2
29	107	0.0	2	37 26 14 30
30	229	0.0	3	70 75 48 36
31	155	0.0	3	37 48 44 26
32	262	0.0	3	52 82 51 77
33	901	0.0	3	113 105 358 325
34	2649	0.0	3	163 1211 674 601
35	14354	0.0	3	5951 4379 2474 1550
36	751	0.0	3	9 340 248 154
37	107	0.0	3	0 2 43 62
38	105	0.0	3	0 0 0 105
39	1	0.0	3	0 0 0 1
45	1	0.0	3	0 0 1
49	1	0.0	3	0 1
54	2	0.0	3	0 1 0 1
55	1	0.0	3	1

=== First read: Adapter 2 ===

Sequence: ACGTTGGATGTTTGTTACTAAGGTAGATACCACTC; Type: regular 5'; Length: 35; Trimmed: 7216 times.

No. of allowed errors:
0-9 bp: 0; 10-19 bp: 1; 20-29 bp: 2; 30-35 bp: 3

Overview of removed sequences
length	count	expect	max.err	error counts
14	2	0.0	1	2
15	3	0.0	1	2 1
16	1	0.0	1	1
21	1	0.0	2	1
22	1	0.0	2	0 1
23	4	0.0	2	4
25	1	0.0	2	0 0 1
26	14	0.0	2	9 4 1
27	31	0.0	2	10 17 4
28	32	0.0	2	14 13 4 1
29	71	0.0	2	26 25 18 2
30	358	0.0	3	196 91 42 29
31	228	0.0	3	89 78 36 25
32	481	0.0	3	145 153 94 89
33	389	0.0	3	72 101 112 104
34	956	0.0	3	55 426 258 217
35	4379	0.0	3	1697 1344 824 514
36	167	0.0	3	1 57 52 57
37	69	0.0	3	0 1 27 41
38	24	0.0	3	1 0 0 23
39	3	0.0	3	1 1 1
50	1	0.0	3	0 0 1

=== First read: Adapter 3 ===

Sequence: ACGTTGGATGTTTGTTACTGTGGTGGATACTAC; Type: regular 5'; Length: 33; Trimmed: 30864 times.

No. of allowed errors:
0-9 bp: 0; 10-19 bp: 1; 20-29 bp: 2; 30-33 bp: 3

Overview of removed sequences
length	count	expect	max.err	error counts
3	4	3792.7	0	4
4	1	948.2	0	1
12	2	0.0	1	2
13	1	0.0	1	1
14	10	0.0	1	3 7
15	1	0.0	1	1
16	4	0.0	1	3 1
17	2	0.0	1	2
18	7	0.0	1	2 4 1
19	14	0.0	1	12 2
20	38	0.0	2	23 10 5
21	22	0.0	2	18 3 1
22	8	0.0	2	1 4 3
23	17	0.0	2	6 3 8
24	161	0.0	2	79 59 23
25	487	0.0	2	246 171 70
26	573	0.0	2	264 180 129
27	1244	0.0	2	749 349 139 7
28	2227	0.0	2	1309 599 278 41
29	1481	0.0	2	510 509 362 100
30	3745	0.0	3	1332 1119 739 555
31	6842	0.0	3	472 618 4070 1682
32	2586	0.0	3	254 832 799 701
33	9139	0.0	3	3411 2745 1753 1230
34	1737	0.0	3	2 835 603 297
35	160	0.0	3	0 2 30 128
36	316	0.0	3	3 2 1 310
37	16	0.0	3	9 5 1 1
38	1	0.0	3	0 1
39	2	0.0	3	1 0 1
40	2	0.0	3	1 0 0 1
41	3	0.0	3	1 0 1 1
42	1	0.0	3	0 1
44	3	0.0	3	0 2 0 1
45	1	0.0	3	1
46	1	0.0	3	1
47	1	0.0	3	0 1
49	2	0.0	3	1 0 0 1
50	1	0.0	3	0 0 0 1
52	1	0.0	3	0 0 0 1

=== First read: Adapter 4 ===

Sequence: ACGTTGGATGTTTGTTACTGTTGTGGATACAAC; Type: regular 5'; Length: 33; Trimmed: 31385 times.

No. of allowed errors:
0-9 bp: 0; 10-19 bp: 1; 20-29 bp: 2; 30-33 bp: 3

Overview of removed sequences
length	count	expect	max.err	error counts
3	17	3792.7	0	17
4	1	948.2	0	1
17	1	0.0	1	1
21	1	0.0	2	1
22	1	0.0	2	1
23	2	0.0	2	2
24	16	0.0	2	7 8 1
25	42	0.0	2	12 20 10
26	52	0.0	2	27 18 7
27	72	0.0	2	41 17 14
28	245	0.0	2	116 91 35 3
29	209	0.0	2	69 91 45 4
30	387	0.0	3	115 141 85 46
31	741	0.0	3	91 203 265 182
32	1821	0.0	3	160 726 579 356
33	25938	0.0	3	6105 12589 4803 2441
34	778	0.0	3	6 258 290 224
35	313	0.0	3	1 1 211 100
36	736	0.0	3	2 0 0 734
41	4	0.0	3	1 2 1
44	1	0.0	3	0 1
49	1	0.0	3	0 0 1
50	1	0.0	3	0 0 1
52	3	0.0	3	0 0 1 2
60	1	0.0	3	0 1
64	1	0.0	3	1

=== First read: Adapter 5 ===

Sequence: ACGTTGGATGTTTGTTACCGTTGTTGATACTAC; Type: regular 5'; Length: 33; Trimmed: 6778 times.

No. of allowed errors:
0-9 bp: 0; 10-19 bp: 1; 20-29 bp: 2; 30-33 bp: 3

Overview of removed sequences
length	count	expect	max.err	error counts
13	1	0.0	1	0 1
14	4	0.0	1	3 1
20	1	0.0	2	0 1
23	2	0.0	2	0 1 1
24	14	0.0	2	6 5 3
25	46	0.0	2	29 14 3
26	44	0.0	2	13 18 13
27	73	0.0	2	37 31 5
28	156	0.0	2	73 43 24 16
29	115	0.0	2	16 29 48 22
30	472	0.0	3	77 72 67 256
31	801	0.0	3	67 82 372 280
32	1129	0.0	3	61 249 520 299
33	3425	0.0	3	1679 1034 471 241
34	393	0.0	3	2 161 138 92
35	76	0.0	3	0 0 26 50
36	25	0.0	3	0 0 0 25
37	1	0.0	3	0 0 0 1

=== First read: Adapter 6 ===

Sequence: ACGTTGGATGAATATATGTGTGCTTATTTG; Type: regular 5'; Length: 30; Trimmed: 144 times.

No. of allowed errors:
0-9 bp: 0; 10-19 bp: 1; 20-29 bp: 2; 30 bp: 3

Overview of removed sequences
length	count	expect	max.err	error counts
3	127	3792.7	0	127
4	13	948.2	0	13
5	2	237.0	0	2
29	1	0.0	2	0 1
30	1	0.0	3	1

=== First read: Adapter 7 ===

Sequence: ACGTTGGATGGAAAAATAAACTGCAAATCATATTC; Type: regular 5'; Length: 35; Trimmed: 18136 times.

No. of allowed errors:
0-9 bp: 0; 10-19 bp: 1; 20-29 bp: 2; 30-35 bp: 3

Overview of removed sequences
length	count	expect	max.err	error counts
3	1	3792.7	0	1
4	1	948.2	0	1
23	1	0.0	2	0 0 1
24	2	0.0	2	1 1
25	1	0.0	2	1
26	5	0.0	2	1 2 2
27	4	0.0	2	3 0 0 1
28	2	0.0	2	0 1 1
29	4	0.0	2	0 1 3
30	59	0.0	3	28 17 9 5
31	59	0.0	3	20 13 16 10
32	218	0.0	3	20 23 10 165
33	336	0.0	3	19 24 171 122
34	3315	0.0	3	31 2526 505 253
35	9351	0.0	3	6218 1615 776 742
36	4478	0.0	3	0 3481 652 345
37	206	0.0	3	0 1 80 125
38	92	0.0	3	0 0 0 92
61	1	0.0	3	1

=== First read: Adapter 8 ===

Sequence: ACGTTGGATGGAAAAATAAACTGTAAATCATATTC; Type: regular 5'; Length: 35; Trimmed: 3586 times.

No. of allowed errors:
0-9 bp: 0; 10-19 bp: 1; 20-29 bp: 2; 30-35 bp: 3

Overview of removed sequences
length	count	expect	max.err	error counts
19	1	0.0	1	0 1
20	1	0.0	2	0 0 1
22	2	0.0	2	1 1
24	1	0.0	2	0 1
25	1	0.0	2	1
29	3	0.0	2	1 1 1
30	5	0.0	3	1 4
31	1	0.0	3	1
32	334	0.0	3	0 0 3 331
33	122	0.0	3	0 2 71 49
34	1035	0.0	3	2 672 142 219
35	1549	0.0	3	327 449 332 441
36	302	0.0	3	0 63 110 129
37	131	0.0	3	0 0 23 108
38	98	0.0	3	0 0 0 98

=== First read: Adapter 9 ===

Sequence: ACGTTGGATGGAAAAATAAATTGTAAATCATACTC; Type: regular 5'; Length: 35; Trimmed: 5490 times.

No. of allowed errors:
0-9 bp: 0; 10-19 bp: 1; 20-29 bp: 2; 30-35 bp: 3

Overview of removed sequences
length	count	expect	max.err	error counts
22	1	0.0	2	1
29	1	0.0	2	1
30	3	0.0	3	2 0 0 1
31	9	0.0	3	5 2 1 1
32	28	0.0	3	1 2 0 25
33	153	0.0	3	4 10 91 48
34	385	0.0	3	97 193 67 28
35	4548	0.0	3	2745 732 311 760
36	71	0.0	3	2 13 21 35
37	52	0.0	3	0 1 21 30
38	238	0.0	3	0 0 0 238
39	1	0.0	3	0 0 1

=== First read: Adapter 10 ===

Sequence: ACGTTGGATGAGATTAGGGAAAGTATTAGA; Type: regular 5'; Length: 30; Trimmed: 45 times.

No. of allowed errors:
0-9 bp: 0; 10-19 bp: 1; 20-29 bp: 2; 30 bp: 3

Overview of removed sequences
length	count	expect	max.err	error counts
3	43	3792.7	0	43
28	1	0.0	2	0 0 1
29	1	0.0	2	0 0 1

=== First read: Adapter 11 ===

Sequence: ACGTTGGATGGAAAAATAAATTGTAAATCAAATTC; Type: regular 5'; Length: 35; Trimmed: 13605 times.

No. of allowed errors:
0-9 bp: 0; 10-19 bp: 1; 20-29 bp: 2; 30-35 bp: 3

Overview of removed sequences
length	count	expect	max.err	error counts
6	1	59.3	0	1
29	1	0.0	2	0 1
30	16	0.0	3	8 7 1
31	27	0.0	3	22 1 2 2
32	29	0.0	3	16 8 3 2
33	58	0.0	3	29 16 6 7
34	313	0.0	3	88 132 58 35
35	12472	0.0	3	9247 1867 884 474
36	252	0.0	3	0 51 113 88
37	13	0.0	3	2 0 4 7
38	423	0.0	3	0 0 0 423

=== First read: Adapter 12 ===

Sequence: ACGTTGGATGGAAAAATAAACTGTAAATCATATTCCT; Type: regular 5'; Length: 37; Trimmed: 67423 times.

No. of allowed errors:
0-9 bp: 0; 10-19 bp: 1; 20-29 bp: 2; 30-37 bp: 3

Overview of removed sequences
length	count	expect	max.err	error counts
3	23	3792.7	0	23
4	1	948.2	0	1
14	1	0.0	1	1
18	1	0.0	1	0 1
19	1	0.0	1	1
20	4	0.0	2	2 1 1
21	1	0.0	2	0 1
24	1	0.0	2	0 1
26	1	0.0	2	0 1
27	1	0.0	2	1
28	2	0.0	2	0 1 1
29	2	0.0	2	0 0 2
30	7	0.0	3	2 2 2 1
31	18	0.0	3	2 8 5 3
32	95	0.0	3	21 39 23 12
33	109	0.0	3	29 39 26 15
34	198	0.0	3	37 67 43 51
35	1886	0.0	3	46 93 1398 349
36	7618	0.0	3	169 4579 1960 910
37	50925	0.0	3	23232 19452 5831 2410
38	3975	0.0	3	7 1227 1891 850
39	1481	0.0	3	1 2 204 1274
40	1066	0.0	3	0 0 1 1065
41	1	0.0	3	1
46	1	0.0	3	0 1
58	1	0.0	3	0 0 1
64	1	0.0	3	1
66	1	0.0	3	0 0 1
107	1	0.0	3	1

=== Second read: Adapter 13 ===

Sequence: ACGTTGGATGTTTGTTACTATGGTAGATACCACAC; Type: regular 5'; Length: 35; Trimmed: 20605 times.

No. of allowed errors:
0-9 bp: 0; 10-19 bp: 1; 20-29 bp: 2; 30-35 bp: 3

Overview of removed sequences
length	count	expect	max.err	error counts
3	20	3792.7	0	20
4	14	948.2	0	14
10	1	0.2	1	1
11	1	0.1	1	0 1
18	1	0.0	1	0 0 1
19	2	0.0	1	1 0 1
20	2	0.0	2	0 0 2
21	1	0.0	2	1
22	3	0.0	2	0 1 2
26	2	0.0	2	2
27	4	0.0	2	1 2 1
28	18	0.0	2	3 5 6 4
29	30	0.0	2	5 7 9 9
30	62	0.0	3	10 7 18 27
31	91	0.0	3	4 26 28 33
32	167	0.0	3	11 35 33 88
33	1048	0.0	3	37 57 386 568
34	1853	0.0	3	46 530 574 703
35	16109	0.0	3	3922 5360 3978 2849
36	850	0.0	3	2 271 310 267
37	186	0.0	3	0 0 74 112
38	104	0.0	3	0 0 0 104
42	1	0.0	3	0 1
43	3	0.0	3	0 2 1
44	10	0.0	3	2 4 2 2
47	5	0.0	3	1 3 1
51	3	0.0	3	0 1 0 2
52	2	0.0	3	1 0 0 1
53	3	0.0	3	0 0 2 1
54	1	0.0	3	0 1
55	5	0.0	3	0 1 4
57	1	0.0	3	0 0 0 1
58	1	0.0	3	0 1
62	1	0.0	3	0 0 0 1

=== Second read: Adapter 14 ===

Sequence: ACGTTGGATGTTTGTTACTGTGGTGGATACTAC; Type: regular 5'; Length: 33; Trimmed: 30733 times.

No. of allowed errors:
0-9 bp: 0; 10-19 bp: 1; 20-29 bp: 2; 30-33 bp: 3

Overview of removed sequences
length	count	expect	max.err	error counts
3	11	3792.7	0	11
4	1	948.2	0	1
5	4	237.0	0	4
10	1	0.2	1	0 1
14	3	0.0	1	2 1
15	1	0.0	1	1
16	2	0.0	1	1 1
17	2	0.0	1	0 2
18	3	0.0	1	0 2 1
19	1	0.0	1	1
20	3	0.0	2	1 2
21	4	0.0	2	2 2
22	1	0.0	2	0 1
23	7	0.0	2	2 3 2
24	18	0.0	2	8 4 6
25	44	0.0	2	7 17 20
26	86	0.0	2	20 34 32
27	137	0.0	2	52 38 47
28	269	0.0	2	90 81 76 22
29	490	0.0	2	102 161 186 41
30	2838	0.0	3	172 309 287 2070
31	8546	0.0	3	185 251 5039 3071
32	3818	0.0	3	60 1132 1337 1289
33	11256	0.0	3	4038 3454 2252 1512
34	2192	0.0	3	3 895 805 489
35	304	0.0	3	0 0 71 233
36	326	0.0	3	1 2 1 322
37	2	0.0	3	0 1 0 1
38	10	0.0	3	0 1 1 8
39	20	0.0	3	0 2 10 8
40	14	0.0	3	2 2 3 7
41	68	0.0	3	19 20 11 18
42	46	0.0	3	13 15 11 7
43	26	0.0	3	3 3 11 9
44	33	0.0	3	7 12 7 7
45	29	0.0	3	3 11 6 9
46	17	0.0	3	5 5 3 4
47	14	0.0	3	4 3 4 3
48	17	0.0	3	1 3 6 7
49	20	0.0	3	6 3 3 8
50	12	0.0	3	0 3 5 4
51	17	0.0	3	7 3 4 3
52	5	0.0	3	4 0 1
53	7	0.0	3	1 1 5
54	3	0.0	3	2 1
55	2	0.0	3	0 1 0 1
57	2	0.0	3	1 0 0 1
59	1	0.0	3	0 0 1

=== Second read: Adapter 15 ===

Sequence: ACGTTGGATGTTTGTTACTGTTGTGGATACAAC; Type: regular 5'; Length: 33; Trimmed: 33999 times.

No. of allowed errors:
0-9 bp: 0; 10-19 bp: 1; 20-29 bp: 2; 30-33 bp: 3

Overview of removed sequences
length	count	expect	max.err	error counts
3	541	3792.7	0	541
5	5	237.0	0	5
6	1	59.3	0	1
21	1	0.0	2	0 0 1
24	1	0.0	2	1
25	9	0.0	2	3 3 3
26	6	0.0	2	1 3 2
27	18	0.0	2	9 5 4
28	30	0.0	2	11 10 6 3
29	64	0.0	2	15 26 22 1
30	187	0.0	3	32 50 42 63
31	1090	0.0	3	67 91 449 483
32	3646	0.0	3	45 1361 1191 1049
33	25971	0.0	3	4369 11242 6875 3485
34	927	0.0	3	3 223 312 389
35	555	0.0	3	2 0 302 251
36	694	0.0	3	1 1 1 691
37	2	0.0	3	0 1 1
40	6	0.0	3	2 1 2 1
41	58	0.0	3	16 16 16 10
42	18	0.0	3	6 5 5 2
43	6	0.0	3	2 2 1 1
44	27	0.0	3	6 9 9 3
45	17	0.0	3	3 7 5 2
46	3	0.0	3	2 1
47	2	0.0	3	0 0 0 2
48	11	0.0	3	1 7 1 2
49	22	0.0	3	7 4 5 6
50	3	0.0	3	0 3
51	20	0.0	3	6 7 2 5
52	16	0.0	3	4 2 4 6
53	12	0.0	3	3 6 2 1
54	10	0.0	3	2 3 5
55	4	0.0	3	1 0 1 2
56	7	0.0	3	0 0 4 3
57	4	0.0	3	0 3 1
61	3	0.0	3	1 1 1
62	1	0.0	3	1
64	1	0.0	3	0 0 0 1

=== Second read: Adapter 16 ===

Sequence: ACGTTGGATGTTTGTTACCGTTGTTGATACTAC; Type: regular 5'; Length: 33; Trimmed: 9153 times.

No. of allowed errors:
0-9 bp: 0; 10-19 bp: 1; 20-29 bp: 2; 30-33 bp: 3

Overview of removed sequences
length	count	expect	max.err	error counts
11	2	0.1	1	2
18	1	0.0	1	1
19	2	0.0	1	2
21	2	0.0	2	1 1
22	1	0.0	2	1
24	1	0.0	2	0 0 1
25	2	0.0	2	0 1 1
26	5	0.0	2	1 1 3
27	13	0.0	2	3 8 2
28	25	0.0	2	5 6 11 3
29	48	0.0	2	11 12 16 9
30	1111	0.0	3	18 28 24 1041
31	1136	0.0	3	22 21 606 487
32	1957	0.0	3	18 320 895 724
33	4009	0.0	3	1656 1232 725 396
34	602	0.0	3	0 183 193 226
35	107	0.0	3	1 0 33 73
36	67	0.0	3	0 0 0 67
37	2	0.0	3	0 1 0 1
38	2	0.0	3	0 0 1 1
39	4	0.0	3	0 0 2 2
40	1	0.0	3	1
41	9	0.0	3	1 1 4 3
42	7	0.0	3	3 0 2 2
43	1	0.0	3	0 0 0 1
44	7	0.0	3	2 1 2 2
45	7	0.0	3	2 2 0 3
46	3	0.0	3	0 2 0 1
48	2	0.0	3	0 0 1 1
49	3	0.0	3	0 0 0 3
50	3	0.0	3	1 0 0 2
51	2	0.0	3	1 1
52	1	0.0	3	0 0 0 1
53	1	0.0	3	0 0 0 1
54	2	0.0	3	0 0 1 1
55	2	0.0	3	0 1 1
56	2	0.0	3	0 1 1
57	1	0.0	3	0 0 1

=== Second read: Adapter 17 ===

Sequence: ACGTTGGATGAATATATGTGTGCTTATTTG; Type: regular 5'; Length: 30; Trimmed: 435 times.

No. of allowed errors:
0-9 bp: 0; 10-19 bp: 1; 20-29 bp: 2; 30 bp: 3

Overview of removed sequences
length	count	expect	max.err	error counts
3	407	3792.7	0	407
4	22	948.2	0	22
5	3	237.0	0	3
6	2	59.3	0	2
30	1	0.0	3	0 1

=== Second read: Adapter 18 ===

Sequence: ACGTTGGATGTTTGTTACTAAGGTAGATACCACTC; Type: regular 5'; Length: 35; Trimmed: 8793 times.

No. of allowed errors:
0-9 bp: 0; 10-19 bp: 1; 20-29 bp: 2; 30-35 bp: 3

Overview of removed sequences
length	count	expect	max.err	error counts
3	6	3792.7	0	6
4	12	948.2	0	12
6	2	59.3	0	2
14	1	0.0	1	0 1
19	1	0.0	1	1
23	2	0.0	2	1 1
24	2	0.0	2	1 1
26	3	0.0	2	0 1 2
28	9	0.0	2	2 3 4
29	7	0.0	2	5 0 2
30	46	0.0	3	8 12 16 10
31	96	0.0	3	21 28 25 22
32	210	0.0	3	18 35 40 117
33	623	0.0	3	51 41 116 415
34	787	0.0	3	39 279 235 234
35	6499	0.0	3	2321 1777 1434 967
36	268	0.0	3	4 76 79 109
37	129	0.0	3	2 0 45 82
38	45	0.0	3	0 1 1 43
39	1	0.0	3	0 0 0 1
41	1	0.0	3	1
42	1	0.0	3	0 0 0 1
43	13	0.0	3	8 2 2 1
44	10	0.0	3	5 3 2
45	2	0.0	3	0 1 0 1
46	7	0.0	3	2 1 4
47	5	0.0	3	2 3
50	1	0.0	3	1
54	1	0.0	3	1
55	1	0.0	3	0 0 0 1
58	2	0.0	3	1 0 1

=== Second read: Adapter 19 ===

Sequence: ACGTTGGATGGAAAAATAAACTGCAAATCATATTC; Type: regular 5'; Length: 35; Trimmed: 7989 times.

No. of allowed errors:
0-9 bp: 0; 10-19 bp: 1; 20-29 bp: 2; 30-35 bp: 3

Overview of removed sequences
length	count	expect	max.err	error counts
3	49	3792.7	0	49
4	1	948.2	0	1
5	1	237.0	0	1
6	2	59.3	0	2
10	1	0.2	1	0 1
12	1	0.0	1	0 1
18	3	0.0	1	3
20	2	0.0	2	0 1 1
21	1	0.0	2	1
22	1	0.0	2	0 1
26	1	0.0	2	0 1
29	5	0.0	2	1 3 1
30	8	0.0	3	3 2 1 2
31	11	0.0	3	2 2 0 7
32	59	0.0	3	5 3 2 49
33	89	0.0	3	5 4 45 35
34	745	0.0	3	4 364 210 167
35	4224	0.0	3	1808 979 563 874
36	2674	0.0	3	0 1538 673 463
37	54	0.0	3	0 0 23 31
38	47	0.0	3	0 0 0 47
43	2	0.0	3	0 0 1 1
45	1	0.0	3	0 0 1
47	1	0.0	3	0 0 1
48	1	0.0	3	0 0 0 1
51	3	0.0	3	0 2 1
54	1	0.0	3	0 0 0 1
63	1	0.0	3	0 1

=== Second read: Adapter 20 ===

Sequence: ACGTTGGATGAGATTAGGGAAAGTATTAGA; Type: regular 5'; Length: 30; Trimmed: 30 times.

No. of allowed errors:
0-9 bp: 0; 10-19 bp: 1; 20-29 bp: 2; 30 bp: 3

Overview of removed sequences
length	count	expect	max.err	error counts
3	28	3792.7	0	28
4	1	948.2	0	1
33	1	0.0	3	0 0 0 1

=== Second read: Adapter 21 ===

Sequence: ACGTTGGATGGAAAAATAAATTGTAAATCATACTC; Type: regular 5'; Length: 35; Trimmed: 3081 times.

No. of allowed errors:
0-9 bp: 0; 10-19 bp: 1; 20-29 bp: 2; 30-35 bp: 3

Overview of removed sequences
length	count	expect	max.err	error counts
6	1	59.3	0	1
18	1	0.0	1	1
19	2	0.0	1	1 1
20	1	0.0	2	1
21	2	0.0	2	1 0 1
22	1	0.0	2	1
25	1	0.0	2	1
26	2	0.0	2	0 1 1
30	5	0.0	3	3 1 1
31	11	0.0	3	4 3 2 2
32	4	0.0	3	0 0 1 3
33	71	0.0	3	1 3 25 42
34	201	0.0	3	10 72 55 64
35	2533	0.0	3	997 487 508 541
36	80	0.0	3	0 8 18 54
37	20	0.0	3	0 0 4 16
38	135	0.0	3	0 0 0 135
43	2	0.0	3	0 1 1
44	2	0.0	3	0 1 1
45	1	0.0	3	0 1
46	2	0.0	3	0 0 0 2
49	2	0.0	3	0 0 2
55	1	0.0	3	1

=== Second read: Adapter 22 ===

Sequence: ACGTTGGATGGAAAAATAAACTGTAAATCATATTCCT; Type: regular 5'; Length: 37; Trimmed: 47872 times.

No. of allowed errors:
0-9 bp: 0; 10-19 bp: 1; 20-29 bp: 2; 30-37 bp: 3

Overview of removed sequences
length	count	expect	max.err	error counts
3	150	3792.7	0	150
4	294	948.2	0	294
9	1	0.9	0	0 1
12	1	0.0	1	0 1
13	1	0.0	1	0 1
18	1	0.0	1	0 0 1
19	1	0.0	1	0 1
20	5	0.0	2	2 3
21	1	0.0	2	0 0 1
22	3	0.0	2	0 1 2
23	1	0.0	2	0 1
28	2	0.0	2	0 0 2
30	2	0.0	3	0 0 1 1
31	5	0.0	3	0 2 1 2
32	36	0.0	3	7 14 11 4
33	40	0.0	3	9 13 8 10
34	210	0.0	3	6 22 15 167
35	1004	0.0	3	30 35 480 459
36	3846	0.0	3	50 1662 1257 877
37	40012	0.0	3	11142 12377 10947 5546
38	1241	0.0	3	2 257 535 447
39	479	0.0	3	1 1 75 402
40	492	0.0	3	0 0 0 492
44	3	0.0	3	0 0 1 2
45	8	0.0	3	1 4 2 1
46	6	0.0	3	2 1 2 1
47	3	0.0	3	1 0 0 2
48	3	0.0	3	0 1 0 2
49	5	0.0	3	1 1 2 1
50	6	0.0	3	1 1 1 3
51	2	0.0	3	2
52	2	0.0	3	0 1 1
54	1	0.0	3	0 1
55	1	0.0	3	0 1
56	1	0.0	3	0 0 1
58	1	0.0	3	0 0 0 1
62	1	0.0	3	0 0 0 1
63	1	0.0	3	0 1

=== Second read: Adapter 23 ===

Sequence: ACGTTGGATGGAAAAATAAACTGTAAATCATATTC; Type: regular 5'; Length: 35; Trimmed: 1314 times.

No. of allowed errors:
0-9 bp: 0; 10-19 bp: 1; 20-29 bp: 2; 30-35 bp: 3

Overview of removed sequences
length	count	expect	max.err	error counts
11	1	0.1	1	0 1
12	3	0.0	1	1 2
14	1	0.0	1	0 1
15	1	0.0	1	0 1
21	1	0.0	2	0 0 1
23	1	0.0	2	0 1
29	1	0.0	2	0 0 0 1
30	2	0.0	3	0 0 2
31	2	0.0	3	0 0 0 2
32	120	0.0	3	0 0 0 120
33	31	0.0	3	0 0 11 20
34	267	0.0	3	0 0 59 208
35	750	0.0	3	0 0 217 533
36	106	0.0	3	0 0 5 101
37	14	0.0	3	0 0 2 12
38	9	0.0	3	0 0 0 9
40	1	0.0	3	0 0 0 1
43	1	0.0	3	0 0 1
44	1	0.0	3	0 0 1
49	1	0.0	3	0 0 0 1

=== Second read: Adapter 24 ===

Sequence: ACGTTGGATGGAAAAATAAATTGTAAATCAAATTC; Type: regular 5'; Length: 35; Trimmed: 3172 times.

No. of allowed errors:
0-9 bp: 0; 10-19 bp: 1; 20-29 bp: 2; 30-35 bp: 3

Overview of removed sequences
length	count	expect	max.err	error counts
5	2	237.0	0	2
6	4	59.3	0	4
14	1	0.0	1	0 1
17	2	0.0	1	0 2
21	1	0.0	2	0 1
23	1	0.0	2	0 0 1
25	2	0.0	2	1 0 1
30	1	0.0	3	1
31	7	0.0	3	0 2 3 2
32	3	0.0	3	0 0 1 2
33	20	0.0	3	0 1 10 9
34	105	0.0	3	1 16 55 33
35	2688	0.0	3	503 251 1114 820
36	169	0.0	3	0 29 65 75
37	11	0.0	3	0 0 6 5
38	155	0.0	3	0 0 0 155

