This is cutadapt 1.18 with Python 3.5.5
Command line parameters: -g ACGTTGGATGTTTGTTACTATGGTAGATACCACAC -g ACGTTGGATGTTTGTTACTAAGGTAGATACCACTC -g ACGTTGGATGTTTGTTACTGTGGTGGATACTAC -g ACGTTGGATGTTTGTTACTGTTGTGGATACAAC -g ACGTTGGATGTTTGTTACCGTTGTTGATACTAC -g ACGTTGGATGAATATATGTGTGCTTATTTG -G ACGTTGGATGTTTGTTACTATGGTAGATACCACAC -G ACGTTGGATGTTTGTTACTGTGGTGGATACTAC -G ACGTTGGATGTTTGTTACTGTTGTGGATACAAC -G ACGTTGGATGTTTGTTACCGTTGTTGATACTAC -G ACGTTGGATGAATATATGTGTGCTTATTTG -G ACGTTGGATGTTTGTTACTAAGGTAGATACCACTC -g ACGTTGGATGGAAAAATAAACTGCAAATCATATTC -g ACGTTGGATGGAAAAATAAACTGTAAATCATATTC -g ACGTTGGATGGAAAAATAAATTGTAAATCATACTC -g ACGTTGGATGAGATTAGGGAAAGTATTAGA -g ACGTTGGATGGAAAAATAAATTGTAAATCAAATTC -g ACGTTGGATGGAAAAATAAACTGTAAATCATATTCCT -G ACGTTGGATGGAAAAATAAACTGCAAATCATATTC -G ACGTTGGATGAGATTAGGGAAAGTATTAGA -G ACGTTGGATGGAAAAATAAATTGTAAATCATACTC -G ACGTTGGATGGAAAAATAAACTGTAAATCATATTCCT -G ACGTTGGATGGAAAAATAAACTGTAAATCATATTC -G ACGTTGGATGGAAAAATAAATTGTAAATCAAATTC --minimum-length=1 -o /data/projects/mdc-971/data_from_June_2019/30.primer_trimmed/180409_S51_cutadapt.1.fq.gz -p /data/projects/mdc-971/data_from_June_2019/30.primer_trimmed/180409_S51_cutadapt.2.fq.gz /data/projects/mdc-971/data_from_June_2019/20.trim_151st_nt/180409_S51_R1_001.bbduked.fastq.gz /data/projects/mdc-971/data_from_June_2019/20.trim_151st_nt/180409_S51_R2_001.bbduked.fastq.gz
Processing reads on 1 core in paired-end mode ...
Finished in 93.30 s (379 us/read; 0.16 M reads/minute).

=== Summary ===

Total read pairs processed:            246,238
  Read 1 with adapter:                 213,588 (86.7%)
  Read 2 with adapter:                 172,477 (70.0%)
Pairs that were too short:                   0 (0.0%)
Pairs written (passing filters):       246,238 (100.0%)

Total basepairs processed:    73,871,400 bp
  Read 1:    36,935,700 bp
  Read 2:    36,935,700 bp
Total written (filtered):     60,634,371 bp (82.1%)
  Read 1:    29,549,451 bp
  Read 2:    31,084,920 bp

=== First read: Adapter 1 ===

Sequence: ACGTTGGATGTTTGTTACTATGGTAGATACCACAC; Type: regular 5'; Length: 35; Trimmed: 12791 times.

No. of allowed errors:
0-9 bp: 0; 10-19 bp: 1; 20-29 bp: 2; 30-35 bp: 3

Overview of removed sequences
length	count	expect	max.err	error counts
3	1	3847.5	0	1
4	3	961.9	0	3
18	1	0.0	1	0 0 1
20	1	0.0	2	0 1
21	2	0.0	2	1 1
26	8	0.0	2	3 2 3
27	24	0.0	2	11 5 7 1
28	24	0.0	2	6 3 12 3
29	96	0.0	2	21 33 17 25
30	201	0.0	3	52 73 42 34
31	121	0.0	3	14 41 34 32
32	260	0.0	3	26 67 72 95
33	740	0.0	3	20 78 303 339
34	1925	0.0	3	34 663 587 641
35	8100	0.0	3	2169 3098 1604 1229
36	787	0.0	3	4 267 295 221
37	269	0.0	3	0 0 141 128
38	226	0.0	3	0 1 0 225
39	1	0.0	3	0 0 1
40	1	0.0	3	0 0 0 1

=== First read: Adapter 2 ===

Sequence: ACGTTGGATGTTTGTTACTAAGGTAGATACCACTC; Type: regular 5'; Length: 35; Trimmed: 10825 times.

No. of allowed errors:
0-9 bp: 0; 10-19 bp: 1; 20-29 bp: 2; 30-35 bp: 3

Overview of removed sequences
length	count	expect	max.err	error counts
3	2	3847.5	0	2
13	2	0.0	1	2
14	2	0.0	1	2
15	4	0.0	1	2 2
17	2	0.0	1	0 2
21	1	0.0	2	0 0 1
22	1	0.0	2	1
23	1	0.0	2	1
25	1	0.0	2	0 1
26	19	0.0	2	9 6 4
27	32	0.0	2	14 17 1
28	47	0.0	2	29 16 2
29	103	0.0	2	43 31 24 5
30	346	0.0	3	197 97 33 19
31	316	0.0	3	145 90 55 26
32	506	0.0	3	183 185 81 57
33	495	0.0	3	103 134 119 139
34	1212	0.0	3	146 462 325 279
35	7178	0.0	3	3647 1878 1058 595
36	404	0.0	3	6 141 169 88
37	95	0.0	3	1 2 40 52
38	43	0.0	3	1 1 0 41
39	1	0.0	3	1
42	1	0.0	3	0 0 1
43	4	0.0	3	3 1
44	2	0.0	3	1 1
46	2	0.0	3	1 1
47	1	0.0	3	1
48	1	0.0	3	1
55	1	0.0	3	1

=== First read: Adapter 3 ===

Sequence: ACGTTGGATGTTTGTTACTGTGGTGGATACTAC; Type: regular 5'; Length: 33; Trimmed: 42118 times.

No. of allowed errors:
0-9 bp: 0; 10-19 bp: 1; 20-29 bp: 2; 30-33 bp: 3

Overview of removed sequences
length	count	expect	max.err	error counts
3	7	3847.5	0	7
4	3	961.9	0	3
11	2	0.1	1	1 1
12	1	0.0	1	1
13	1	0.0	1	1
14	7	0.0	1	6 1
15	2	0.0	1	2
16	5	0.0	1	4 1
17	3	0.0	1	2 1
18	4	0.0	1	1 3
19	20	0.0	1	15 5
20	38	0.0	2	24 10 4
21	21	0.0	2	17 3 1
22	7	0.0	2	2 2 3
23	11	0.0	2	2 7 2
24	139	0.0	2	63 54 22
25	406	0.0	2	204 128 74
26	555	0.0	2	288 181 86
27	1077	0.0	2	697 273 106 1
28	2000	0.0	2	1203 570 222 5
29	1292	0.0	2	554 456 225 57
30	3431	0.0	3	1358 1035 495 543
31	3551	0.0	3	886 801 1273 591
32	4633	0.0	3	828 1741 1169 895
33	22777	0.0	3	10154 6604 3613 2406
34	1880	0.0	3	6 906 622 346
35	108	0.0	3	4 5 42 57
36	106	0.0	3	3 6 1 96
37	5	0.0	3	2 1 1 1
38	4	0.0	3	2 2
39	3	0.0	3	1 1 0 1
40	1	0.0	3	0 1
41	4	0.0	3	3 1
42	4	0.0	3	3 0 0 1
43	1	0.0	3	0 0 0 1
44	1	0.0	3	0 0 1
45	1	0.0	3	1
46	1	0.0	3	0 0 0 1
49	2	0.0	3	1 0 0 1
51	2	0.0	3	0 0 2
53	2	0.0	3	1 0 0 1

=== First read: Adapter 4 ===

Sequence: ACGTTGGATGTTTGTTACTGTTGTGGATACAAC; Type: regular 5'; Length: 33; Trimmed: 14514 times.

No. of allowed errors:
0-9 bp: 0; 10-19 bp: 1; 20-29 bp: 2; 30-33 bp: 3

Overview of removed sequences
length	count	expect	max.err	error counts
3	25	3847.5	0	25
12	1	0.0	1	0 1
16	1	0.0	1	0 1
21	1	0.0	2	0 1
24	11	0.0	2	5 4 2
25	34	0.0	2	15 9 10
26	43	0.0	2	21 15 7
27	63	0.0	2	36 17 10
28	229	0.0	2	137 65 27
29	159	0.0	2	79 51 25 4
30	235	0.0	3	104 75 33 23
31	440	0.0	3	85 93 134 128
32	1221	0.0	3	149 496 325 251
33	11057	0.0	3	4526 3515 1934 1082
34	597	0.0	3	5 244 197 151
35	156	0.0	3	2 1 61 92
36	235	0.0	3	0 0 0 235
37	1	0.0	3	1
41	2	0.0	3	0 0 2
42	1	0.0	3	1
44	1	0.0	3	0 0 1
62	1	0.0	3	0 1

=== First read: Adapter 5 ===

Sequence: ACGTTGGATGTTTGTTACCGTTGTTGATACTAC; Type: regular 5'; Length: 33; Trimmed: 14050 times.

No. of allowed errors:
0-9 bp: 0; 10-19 bp: 1; 20-29 bp: 2; 30-33 bp: 3

Overview of removed sequences
length	count	expect	max.err	error counts
14	2	0.0	1	1 1
18	1	0.0	1	1
19	4	0.0	1	1 2 1
20	4	0.0	2	3 1
21	2	0.0	2	0 2
23	4	0.0	2	1 2 1
24	28	0.0	2	21 7
25	54	0.0	2	31 18 5
26	89	0.0	2	44 30 15
27	236	0.0	2	134 81 19 2
28	432	0.0	2	248 125 56 3
29	326	0.0	2	125 107 65 29
30	1146	0.0	3	297 291 146 412
31	1253	0.0	3	226 276 459 292
32	2152	0.0	3	211 649 780 512
33	7351	0.0	3	3378 2297 1110 566
34	650	0.0	3	2 266 250 132
35	248	0.0	3	1 0 103 144
36	59	0.0	3	1 0 0 58
37	1	0.0	3	1
38	2	0.0	3	0 0 0 2
40	2	0.0	3	1 1
41	1	0.0	3	1
44	1	0.0	3	0 1
49	1	0.0	3	0 0 1
55	1	0.0	3	0 1

=== First read: Adapter 6 ===

Sequence: ACGTTGGATGAATATATGTGTGCTTATTTG; Type: regular 5'; Length: 30; Trimmed: 140 times.

No. of allowed errors:
0-9 bp: 0; 10-19 bp: 1; 20-29 bp: 2; 30 bp: 3

Overview of removed sequences
length	count	expect	max.err	error counts
3	114	3847.5	0	114
4	14	961.9	0	14
5	5	240.5	0	5
26	1	0.0	2	1
29	1	0.0	2	1
30	5	0.0	3	3 2

=== First read: Adapter 7 ===

Sequence: ACGTTGGATGGAAAAATAAACTGCAAATCATATTC; Type: regular 5'; Length: 35; Trimmed: 26817 times.

No. of allowed errors:
0-9 bp: 0; 10-19 bp: 1; 20-29 bp: 2; 30-35 bp: 3

Overview of removed sequences
length	count	expect	max.err	error counts
3	1	3847.5	0	1
4	2	961.9	0	2
22	1	0.0	2	0 1
24	1	0.0	2	0 0 1
25	2	0.0	2	1 0 1
26	4	0.0	2	1 2 1
27	1	0.0	2	0 1
28	4	0.0	2	0 2 2
29	17	0.0	2	4 9 3 1
30	109	0.0	3	46 42 16 5
31	85	0.0	3	45 12 15 13
32	345	0.0	3	49 35 21 240
33	467	0.0	3	34 30 196 207
34	4973	0.0	3	59 3719 815 380
35	16511	0.0	3	10946 2893 1258 1414
36	3588	0.0	3	1 2549 546 492
37	345	0.0	3	0 1 122 222
38	361	0.0	3	1 0 0 360

=== First read: Adapter 8 ===

Sequence: ACGTTGGATGGAAAAATAAACTGTAAATCATATTC; Type: regular 5'; Length: 35; Trimmed: 6257 times.

No. of allowed errors:
0-9 bp: 0; 10-19 bp: 1; 20-29 bp: 2; 30-35 bp: 3

Overview of removed sequences
length	count	expect	max.err	error counts
24	1	0.0	2	0 0 1
26	1	0.0	2	0 1
28	1	0.0	2	0 0 1
30	4	0.0	3	2 2
31	10	0.0	3	0 0 1 9
32	450	0.0	3	2 1 1 446
33	165	0.0	3	3 5 75 82
34	1789	0.0	3	5 1269 199 316
35	2884	0.0	3	795 729 563 797
36	442	0.0	3	0 85 149 208
37	241	0.0	3	0 0 54 187
38	268	0.0	3	0 0 0 268
49	1	0.0	3	0 0 1

=== First read: Adapter 9 ===

Sequence: ACGTTGGATGGAAAAATAAATTGTAAATCATACTC; Type: regular 5'; Length: 35; Trimmed: 7809 times.

No. of allowed errors:
0-9 bp: 0; 10-19 bp: 1; 20-29 bp: 2; 30-35 bp: 3

Overview of removed sequences
length	count	expect	max.err	error counts
30	3	0.0	3	1 2
31	6	0.0	3	5 0 0 1
32	23	0.0	3	4 1 0 18
33	177	0.0	3	6 6 115 50
34	467	0.0	3	113 225 84 45
35	6900	0.0	3	4313 1211 457 919
36	94	0.0	3	0 27 29 38
37	49	0.0	3	2 0 17 30
38	84	0.0	3	0 0 0 84
48	1	0.0	3	0 0 1
51	1	0.0	3	0 0 1
52	1	0.0	3	1
55	2	0.0	3	2
57	1	0.0	3	0 1

=== First read: Adapter 10 ===

Sequence: ACGTTGGATGAGATTAGGGAAAGTATTAGA; Type: regular 5'; Length: 30; Trimmed: 44 times.

No. of allowed errors:
0-9 bp: 0; 10-19 bp: 1; 20-29 bp: 2; 30 bp: 3

Overview of removed sequences
length	count	expect	max.err	error counts
3	44	3847.5	0	44

=== First read: Adapter 11 ===

Sequence: ACGTTGGATGGAAAAATAAATTGTAAATCAAATTC; Type: regular 5'; Length: 35; Trimmed: 3326 times.

No. of allowed errors:
0-9 bp: 0; 10-19 bp: 1; 20-29 bp: 2; 30-35 bp: 3

Overview of removed sequences
length	count	expect	max.err	error counts
30	2	0.0	3	1 0 0 1
31	2	0.0	3	0 2
32	6	0.0	3	0 0 1 5
33	13	0.0	3	1 0 6 6
34	118	0.0	3	11 41 30 36
35	3068	0.0	3	1906 639 341 182
36	46	0.0	3	1 18 14 13
37	25	0.0	3	1 0 13 11
38	46	0.0	3	0 0 0 46

=== First read: Adapter 12 ===

Sequence: ACGTTGGATGGAAAAATAAACTGTAAATCATATTCCT; Type: regular 5'; Length: 37; Trimmed: 74897 times.

No. of allowed errors:
0-9 bp: 0; 10-19 bp: 1; 20-29 bp: 2; 30-37 bp: 3

Overview of removed sequences
length	count	expect	max.err	error counts
3	14	3847.5	0	14
4	2	961.9	0	2
19	1	0.0	1	1
22	1	0.0	2	1
24	1	0.0	2	0 0 1
28	2	0.0	2	1 1
29	1	0.0	2	0 0 0 1
30	7	0.0	3	2 3 1 1
31	33	0.0	3	2 18 8 5
32	169	0.0	3	37 78 38 16
33	174	0.0	3	55 62 35 22
34	241	0.0	3	52 75 53 61
35	2783	0.0	3	65 109 2064 545
36	10430	0.0	3	200 6020 2736 1474
37	51706	0.0	3	21674 20773 6272 2987
38	5900	0.0	3	9 1781 2870 1240
39	2730	0.0	3	1 0 530 2199
40	698	0.0	3	0 0 0 698
48	1	0.0	3	0 0 0 1
49	1	0.0	3	0 0 1
54	1	0.0	3	0 1
57	1	0.0	3	0 0 1

=== Second read: Adapter 13 ===

Sequence: ACGTTGGATGTTTGTTACTATGGTAGATACCACAC; Type: regular 5'; Length: 35; Trimmed: 14579 times.

No. of allowed errors:
0-9 bp: 0; 10-19 bp: 1; 20-29 bp: 2; 30-35 bp: 3

Overview of removed sequences
length	count	expect	max.err	error counts
3	15	3847.5	0	15
4	18	961.9	0	18
5	1	240.5	0	1
11	2	0.1	1	1 1
13	1	0.0	1	0 1
15	1	0.0	1	0 1
19	2	0.0	1	2
21	3	0.0	2	1 2
22	3	0.0	2	1 0 2
23	1	0.0	2	1
24	1	0.0	2	0 1
26	5	0.0	2	2 1 2
27	6	0.0	2	0 2 3 1
28	20	0.0	2	4 6 9 1
29	43	0.0	2	5 6 12 20
30	55	0.0	3	8 17 13 17
31	95	0.0	3	8 20 46 21
32	181	0.0	3	5 37 40 99
33	1215	0.0	3	7 46 465 697
34	1890	0.0	3	11 545 582 752
35	9431	0.0	3	1766 3553 2295 1817
36	864	0.0	3	1 217 309 337
37	478	0.0	3	0 0 191 287
38	219	0.0	3	0 1 0 218
39	1	0.0	3	0 1
41	2	0.0	3	0 0 1 1
42	4	0.0	3	0 0 2 2
43	4	0.0	3	0 2 2
44	3	0.0	3	0 0 3
45	2	0.0	3	0 0 2
46	5	0.0	3	0 2 3
47	1	0.0	3	0 0 0 1
49	2	0.0	3	0 0 0 2
54	1	0.0	3	0 0 1
55	3	0.0	3	1 0 1 1
56	1	0.0	3	0 0 1

=== Second read: Adapter 14 ===

Sequence: ACGTTGGATGTTTGTTACTGTGGTGGATACTAC; Type: regular 5'; Length: 33; Trimmed: 48448 times.

No. of allowed errors:
0-9 bp: 0; 10-19 bp: 1; 20-29 bp: 2; 30-33 bp: 3

Overview of removed sequences
length	count	expect	max.err	error counts
3	21	3847.5	0	21
5	5	240.5	0	5
6	2	60.1	0	2
9	1	0.9	0	1
14	1	0.0	1	0 1
15	1	0.0	1	0 1
16	1	0.0	1	0 1
17	2	0.0	1	2
18	4	0.0	1	2 2
19	4	0.0	1	3 1
20	5	0.0	2	1 2 2
21	10	0.0	2	4 4 2
22	5	0.0	2	0 1 4
23	4	0.0	2	0 2 2
24	36	0.0	2	17 14 5
25	43	0.0	2	10 13 20
26	115	0.0	2	38 49 28
27	174	0.0	2	76 53 44 1
28	322	0.0	2	120 127 70 5
29	489	0.0	2	143 169 160 17
30	3124	0.0	3	168 278 237 2441
31	3827	0.0	3	335 289 1662 1541
32	7423	0.0	3	210 2328 2642 2243
33	28711	0.0	3	11592 8971 5125 3023
34	3309	0.0	3	4 1404 1140 761
35	268	0.0	3	3 1 96 168
36	179	0.0	3	0 0 3 176
37	7	0.0	3	4 2 1
38	3	0.0	3	0 0 2 1
39	14	0.0	3	0 3 3 8
40	21	0.0	3	6 6 3 6
41	79	0.0	3	21 30 14 14
42	34	0.0	3	10 7 8 9
43	16	0.0	3	3 4 4 5
44	34	0.0	3	9 12 10 3
45	23	0.0	3	7 11 4 1
46	14	0.0	3	4 3 3 4
47	16	0.0	3	5 2 6 3
48	9	0.0	3	2 3 0 4
49	22	0.0	3	8 3 4 7
50	11	0.0	3	1 1 4 5
51	15	0.0	3	6 2 4 3
52	13	0.0	3	2 9 1 1
53	12	0.0	3	3 5 3 1
54	7	0.0	3	2 1 2 2
55	7	0.0	3	1 2 2 2
56	1	0.0	3	0 0 0 1
58	3	0.0	3	0 0 2 1
62	1	0.0	3	0 1

=== Second read: Adapter 15 ===

Sequence: ACGTTGGATGTTTGTTACTGTTGTGGATACAAC; Type: regular 5'; Length: 33; Trimmed: 18706 times.

No. of allowed errors:
0-9 bp: 0; 10-19 bp: 1; 20-29 bp: 2; 30-33 bp: 3

Overview of removed sequences
length	count	expect	max.err	error counts
3	509	3847.5	0	509
4	1	961.9	0	1
5	1	240.5	0	1
9	1	0.9	0	1
17	2	0.0	1	2
20	1	0.0	2	0 1
24	4	0.0	2	0 2 2
25	7	0.0	2	1 2 4
26	15	0.0	2	7 6 2
27	18	0.0	2	5 5 8
28	53	0.0	2	25 16 12
29	62	0.0	2	25 23 13 1
30	122	0.0	3	25 31 32 34
31	684	0.0	3	68 40 240 336
32	2804	0.0	3	37 993 882 892
33	12724	0.0	3	3701 3904 3361 1758
34	846	0.0	3	1 244 310 291
35	289	0.0	3	0 0 107 182
36	347	0.0	3	0 0 0 347
37	2	0.0	3	1 0 0 1
38	2	0.0	3	0 0 2
39	1	0.0	3	0 0 0 1
40	6	0.0	3	2 1 1 2
41	46	0.0	3	15 16 13 2
42	17	0.0	3	5 1 6 5
43	8	0.0	3	2 2 2 2
44	17	0.0	3	6 4 4 3
45	8	0.0	3	5 0 2 1
46	5	0.0	3	2 1 1 1
47	6	0.0	3	1 3 1 1
48	10	0.0	3	3 5 1 1
49	10	0.0	3	5 1 4
50	6	0.0	3	3 1 2
51	11	0.0	3	3 2 3 3
52	13	0.0	3	6 4 1 2
53	21	0.0	3	6 7 6 2
54	7	0.0	3	1 3 1 2
55	7	0.0	3	1 1 4 1
56	3	0.0	3	0 1 0 2
57	6	0.0	3	3 1 2
58	1	0.0	3	0 1
61	1	0.0	3	1
64	1	0.0	3	1
65	1	0.0	3	0 1

=== Second read: Adapter 16 ===

Sequence: ACGTTGGATGTTTGTTACCGTTGTTGATACTAC; Type: regular 5'; Length: 33; Trimmed: 19400 times.

No. of allowed errors:
0-9 bp: 0; 10-19 bp: 1; 20-29 bp: 2; 30-33 bp: 3

Overview of removed sequences
length	count	expect	max.err	error counts
11	1	0.1	1	0 1
14	2	0.0	1	1 1
15	1	0.0	1	1
16	1	0.0	1	1
17	2	0.0	1	1 1
20	2	0.0	2	1 0 1
21	2	0.0	2	0 0 2
22	2	0.0	2	0 1 1
24	5	0.0	2	1 4
25	8	0.0	2	2 2 4
26	24	0.0	2	15 5 4
27	54	0.0	2	23 19 11 1
28	87	0.0	2	31 30 23 3
29	169	0.0	2	41 68 54 6
30	2103	0.0	3	60 108 72 1863
31	1912	0.0	3	112 114 960 726
32	3813	0.0	3	68 889 1550 1306
33	9371	0.0	3	3996 2763 1673 939
34	1195	0.0	3	2 378 452 363
35	484	0.0	3	1 1 191 291
36	97	0.0	3	0 1 0 96
37	1	0.0	3	0 0 0 1
38	2	0.0	3	0 0 1 1
39	2	0.0	3	0 0 1 1
40	3	0.0	3	1 0 1 1
41	12	0.0	3	1 4 4 3
42	7	0.0	3	1 2 2 2
43	5	0.0	3	0 3 0 2
44	8	0.0	3	3 1 3 1
45	11	0.0	3	4 3 3 1
46	4	0.0	3	1 1 1 1
48	1	0.0	3	1
49	3	0.0	3	1 1 1
50	1	0.0	3	0 1
52	1	0.0	3	0 0 1
53	1	0.0	3	0 0 0 1
55	1	0.0	3	0 0 0 1
56	1	0.0	3	1
60	1	0.0	3	0 0 1

=== Second read: Adapter 17 ===

Sequence: ACGTTGGATGAATATATGTGTGCTTATTTG; Type: regular 5'; Length: 30; Trimmed: 416 times.

No. of allowed errors:
0-9 bp: 0; 10-19 bp: 1; 20-29 bp: 2; 30 bp: 3

Overview of removed sequences
length	count	expect	max.err	error counts
3	393	3847.5	0	393
4	15	961.9	0	15
5	2	240.5	0	2
6	2	60.1	0	2
30	4	0.0	3	3 0 1

=== Second read: Adapter 18 ===

Sequence: ACGTTGGATGTTTGTTACTAAGGTAGATACCACTC; Type: regular 5'; Length: 35; Trimmed: 12201 times.

No. of allowed errors:
0-9 bp: 0; 10-19 bp: 1; 20-29 bp: 2; 30-35 bp: 3

Overview of removed sequences
length	count	expect	max.err	error counts
3	2	3847.5	0	2
4	3	961.9	0	3
6	1	60.1	0	1
21	1	0.0	2	1
22	4	0.0	2	0 3 1
25	1	0.0	2	1
26	2	0.0	2	0 2
27	3	0.0	2	0 2 1
28	13	0.0	2	6 5 2
29	21	0.0	2	10 5 5 1
30	75	0.0	3	19 24 17 15
31	158	0.0	3	39 44 37 38
32	152	0.0	3	27 51 35 39
33	798	0.0	3	76 78 148 496
34	998	0.0	3	54 318 323 303
35	9123	0.0	3	3498 2528 1817 1280
36	558	0.0	3	2 153 221 182
37	175	0.0	3	0 1 70 104
38	76	0.0	3	0 0 0 76
41	1	0.0	3	0 0 0 1
42	1	0.0	3	1
43	11	0.0	3	4 3 2 2
44	5	0.0	3	2 1 2
45	2	0.0	3	0 0 1 1
46	3	0.0	3	0 1 0 2
47	5	0.0	3	1 4
49	2	0.0	3	2
50	1	0.0	3	1
51	1	0.0	3	0 0 0 1
53	1	0.0	3	1
54	2	0.0	3	2
55	1	0.0	3	0 0 0 1
59	1	0.0	3	0 0 0 1

=== Second read: Adapter 19 ===

Sequence: ACGTTGGATGGAAAAATAAACTGCAAATCATATTC; Type: regular 5'; Length: 35; Trimmed: 10227 times.

No. of allowed errors:
0-9 bp: 0; 10-19 bp: 1; 20-29 bp: 2; 30-35 bp: 3

Overview of removed sequences
length	count	expect	max.err	error counts
3	45	3847.5	0	45
5	1	240.5	0	1
6	2	60.1	0	2
10	1	0.2	1	0 1
11	2	0.1	1	1 1
17	1	0.0	1	0 1
18	3	0.0	1	2 1
21	1	0.0	2	0 0 1
24	1	0.0	2	0 1
25	2	0.0	2	2
29	3	0.0	2	0 2 1
30	22	0.0	3	5 5 7 5
31	21	0.0	3	4 8 1 8
32	94	0.0	3	6 8 5 75
33	181	0.0	3	8 10 69 94
34	1326	0.0	3	13 646 376 291
35	6736	0.0	3	3059 1548 880 1249
36	1540	0.0	3	1 796 393 350
37	81	0.0	3	0 0 37 44
38	156	0.0	3	0 0 0 156
43	1	0.0	3	0 0 0 1
44	5	0.0	3	0 3 2
50	1	0.0	3	0 1
53	1	0.0	3	0 0 0 1

=== Second read: Adapter 20 ===

Sequence: ACGTTGGATGAGATTAGGGAAAGTATTAGA; Type: regular 5'; Length: 30; Trimmed: 48 times.

No. of allowed errors:
0-9 bp: 0; 10-19 bp: 1; 20-29 bp: 2; 30 bp: 3

Overview of removed sequences
length	count	expect	max.err	error counts
3	44	3847.5	0	44
4	3	961.9	0	3
31	1	0.0	3	0 0 0 1

=== Second read: Adapter 21 ===

Sequence: ACGTTGGATGGAAAAATAAATTGTAAATCATACTC; Type: regular 5'; Length: 35; Trimmed: 2822 times.

No. of allowed errors:
0-9 bp: 0; 10-19 bp: 1; 20-29 bp: 2; 30-35 bp: 3

Overview of removed sequences
length	count	expect	max.err	error counts
12	1	0.0	1	1
17	1	0.0	1	0 1
18	1	0.0	1	1
19	4	0.0	1	3 1
20	1	0.0	2	1
22	1	0.0	2	0 1
26	1	0.0	2	0 1
30	10	0.0	3	5 3 2
31	8	0.0	3	4 1 1 2
32	13	0.0	3	0 1 0 12
33	81	0.0	3	1 1 24 55
34	190	0.0	3	15 65 40 70
35	2403	0.0	3	1109 597 336 361
36	59	0.0	3	0 7 22 30
37	12	0.0	3	0 0 2 10
38	26	0.0	3	0 0 0 26
43	2	0.0	3	0 1 0 1
46	1	0.0	3	1
49	1	0.0	3	0 1
51	2	0.0	3	1 1
52	1	0.0	3	1
53	1	0.0	3	0 0 0 1
55	1	0.0	3	1
57	1	0.0	3	1

=== Second read: Adapter 22 ===

Sequence: ACGTTGGATGGAAAAATAAACTGTAAATCATATTCCT; Type: regular 5'; Length: 37; Trimmed: 42388 times.

No. of allowed errors:
0-9 bp: 0; 10-19 bp: 1; 20-29 bp: 2; 30-37 bp: 3

Overview of removed sequences
length	count	expect	max.err	error counts
3	214	3847.5	0	214
4	260	961.9	0	260
5	1	240.5	0	1
8	1	3.8	0	1
13	2	0.0	1	0 2
16	2	0.0	1	1 1
18	2	0.0	1	0 0 2
19	2	0.0	1	0 1 1
20	6	0.0	2	3 3
21	4	0.0	2	0 3 1
23	2	0.0	2	0 1 1
24	1	0.0	2	0 1
25	2	0.0	2	0 0 2
28	1	0.0	2	0 1
29	3	0.0	2	2 0 0 1
30	4	0.0	3	0 0 3 1
31	7	0.0	3	0 1 4 2
32	50	0.0	3	10 13 17 10
33	67	0.0	3	14 25 14 14
34	291	0.0	3	8 25 20 238
35	1684	0.0	3	36 45 893 710
36	4452	0.0	3	42 1942 1474 994
37	32464	0.0	3	10245 11880 6484 3855
38	1808	0.0	3	4 348 913 543
39	802	0.0	3	0 1 172 629
40	211	0.0	3	0 0 0 211
42	1	0.0	3	1
44	3	0.0	3	0 1 2
45	10	0.0	3	1 4 3 2
46	3	0.0	3	0 1 2
47	4	0.0	3	1 0 2 1
48	3	0.0	3	0 3
49	1	0.0	3	0 1
50	4	0.0	3	0 0 2 2
51	4	0.0	3	0 1 3
52	5	0.0	3	0 1 3 1
53	2	0.0	3	0 1 0 1
55	3	0.0	3	1 0 1 1
56	1	0.0	3	0 0 0 1
57	1	0.0	3	0 0 1

=== Second read: Adapter 23 ===

Sequence: ACGTTGGATGGAAAAATAAACTGTAAATCATATTC; Type: regular 5'; Length: 35; Trimmed: 2053 times.

No. of allowed errors:
0-9 bp: 0; 10-19 bp: 1; 20-29 bp: 2; 30-35 bp: 3

Overview of removed sequences
length	count	expect	max.err	error counts
12	3	0.0	1	1 2
13	1	0.0	1	1
14	1	0.0	1	0 1
18	1	0.0	1	0 1
19	1	0.0	1	0 0 1
20	1	0.0	2	0 1
21	1	0.0	2	0 1
22	1	0.0	2	0 0 1
26	1	0.0	2	0 0 1
28	2	0.0	2	0 0 0 2
29	1	0.0	2	0 0 0 1
30	3	0.0	3	0 0 2 1
31	4	0.0	3	0 0 1 3
32	171	0.0	3	0 0 1 170
33	110	0.0	3	0 0 48 62
34	382	0.0	3	0 0 123 259
35	1145	0.0	3	0 0 342 803
36	156	0.0	3	0 0 5 151
37	42	0.0	3	0 0 3 39
38	22	0.0	3	0 0 0 22
44	1	0.0	3	0 0 0 1
47	1	0.0	3	0 0 0 1
48	1	0.0	3	0 0 0 1
49	1	0.0	3	0 0 0 1

=== Second read: Adapter 24 ===

Sequence: ACGTTGGATGGAAAAATAAATTGTAAATCAAATTC; Type: regular 5'; Length: 35; Trimmed: 1189 times.

No. of allowed errors:
0-9 bp: 0; 10-19 bp: 1; 20-29 bp: 2; 30-35 bp: 3

Overview of removed sequences
length	count	expect	max.err	error counts
6	2	60.1	0	2
12	1	0.0	1	0 1
15	1	0.0	1	1
18	1	0.0	1	1
20	1	0.0	2	0 1
21	1	0.0	2	0 0 1
24	1	0.0	2	0 1
29	2	0.0	2	1 0 0 1
30	4	0.0	3	3 1
31	8	0.0	3	6 1 0 1
32	4	0.0	3	0 1 0 3
33	3	0.0	3	0 1 1 1
34	54	0.0	3	0 25 13 16
35	1051	0.0	3	513 256 158 124
36	25	0.0	3	0 11 4 10
37	15	0.0	3	0 0 5 10
38	13	0.0	3	0 0 0 13
42	1	0.0	3	1
44	1	0.0	3	1

