This is cutadapt 1.18 with Python 3.5.5
Command line parameters: -g ACGTTGGATGTTTGTTACTATGGTAGATACCACAC -g ACGTTGGATGTTTGTTACTAAGGTAGATACCACTC -g ACGTTGGATGTTTGTTACTGTGGTGGATACTAC -g ACGTTGGATGTTTGTTACTGTTGTGGATACAAC -g ACGTTGGATGTTTGTTACCGTTGTTGATACTAC -g ACGTTGGATGAATATATGTGTGCTTATTTG -G ACGTTGGATGTTTGTTACTATGGTAGATACCACAC -G ACGTTGGATGTTTGTTACTGTGGTGGATACTAC -G ACGTTGGATGTTTGTTACTGTTGTGGATACAAC -G ACGTTGGATGTTTGTTACCGTTGTTGATACTAC -G ACGTTGGATGAATATATGTGTGCTTATTTG -G ACGTTGGATGTTTGTTACTAAGGTAGATACCACTC -g ACGTTGGATGGAAAAATAAACTGCAAATCATATTC -g ACGTTGGATGGAAAAATAAACTGTAAATCATATTC -g ACGTTGGATGGAAAAATAAATTGTAAATCATACTC -g ACGTTGGATGAGATTAGGGAAAGTATTAGA -g ACGTTGGATGGAAAAATAAATTGTAAATCAAATTC -g ACGTTGGATGGAAAAATAAACTGTAAATCATATTCCT -G ACGTTGGATGGAAAAATAAACTGCAAATCATATTC -G ACGTTGGATGAGATTAGGGAAAGTATTAGA -G ACGTTGGATGGAAAAATAAATTGTAAATCATACTC -G ACGTTGGATGGAAAAATAAACTGTAAATCATATTCCT -G ACGTTGGATGGAAAAATAAACTGTAAATCATATTC -G ACGTTGGATGGAAAAATAAATTGTAAATCAAATTC --minimum-length=1 -o /data/projects/mdc-971/data_from_June_2019/30.primer_trimmed/180446_S68_cutadapt.1.fq.gz -p /data/projects/mdc-971/data_from_June_2019/30.primer_trimmed/180446_S68_cutadapt.2.fq.gz /data/projects/mdc-971/data_from_June_2019/20.trim_151st_nt/180446_S68_R1_001.bbduked.fastq.gz /data/projects/mdc-971/data_from_June_2019/20.trim_151st_nt/180446_S68_R2_001.bbduked.fastq.gz
Processing reads on 1 core in paired-end mode ...
Finished in 114.85 s (374 us/read; 0.16 M reads/minute).

=== Summary ===

Total read pairs processed:            306,938
  Read 1 with adapter:                 280,990 (91.5%)
  Read 2 with adapter:                 235,833 (76.8%)
Pairs that were too short:                   0 (0.0%)
Pairs written (passing filters):       306,938 (100.0%)

Total basepairs processed:    92,081,400 bp
  Read 1:    46,040,700 bp
  Read 2:    46,040,700 bp
Total written (filtered):     74,526,859 bp (80.9%)
  Read 1:    36,440,334 bp
  Read 2:    38,086,525 bp

=== First read: Adapter 1 ===

Sequence: ACGTTGGATGTTTGTTACTATGGTAGATACCACAC; Type: regular 5'; Length: 35; Trimmed: 6737 times.

No. of allowed errors:
0-9 bp: 0; 10-19 bp: 1; 20-29 bp: 2; 30-35 bp: 3

Overview of removed sequences
length	count	expect	max.err	error counts
3	2	4795.9	0	2
4	3	1199.0	0	3
14	2	0.0	1	2
19	1	0.0	1	0 1
20	1	0.0	2	0 1
22	1	0.0	2	0 0 1
23	2	0.0	2	2
24	2	0.0	2	0 1 1
25	2	0.0	2	0 0 2
26	5	0.0	2	2 1 2
27	5	0.0	2	5
28	16	0.0	2	11 2 1 2
29	28	0.0	2	8 6 1 13
30	47	0.0	3	14 11 11 11
31	29	0.0	3	4 8 11 6
32	58	0.0	3	5 11 7 35
33	320	0.0	3	8 15 146 151
34	1165	0.0	3	8 373 315 469
35	3504	0.0	3	1084 1325 639 456
36	803	0.0	3	1 281 358 163
37	179	0.0	3	0 0 100 79
38	560	0.0	3	0 0 0 560
39	1	0.0	3	0 0 0 1
43	1	0.0	3	0 0 1

=== First read: Adapter 2 ===

Sequence: ACGTTGGATGTTTGTTACTAAGGTAGATACCACTC; Type: regular 5'; Length: 35; Trimmed: 4348 times.

No. of allowed errors:
0-9 bp: 0; 10-19 bp: 1; 20-29 bp: 2; 30-35 bp: 3

Overview of removed sequences
length	count	expect	max.err	error counts
5	1	299.7	0	1
10	1	0.3	1	0 1
14	1	0.0	1	1
20	1	0.0	2	0 1
22	1	0.0	2	1
23	1	0.0	2	1
25	1	0.0	2	1
26	7	0.0	2	4 2 1
27	9	0.0	2	3 5 1
28	7	0.0	2	5 2
29	16	0.0	2	7 7 2
30	56	0.0	3	35 15 4 2
31	48	0.0	3	18 19 8 3
32	90	0.0	3	26 32 19 13
33	161	0.0	3	28 32 47 54
34	527	0.0	3	52 255 133 87
35	3121	0.0	3	1943 687 308 183
36	162	0.0	3	1 76 58 27
37	112	0.0	3	0 0 58 54
38	25	0.0	3	0 0 0 25

=== First read: Adapter 3 ===

Sequence: ACGTTGGATGTTTGTTACTGTGGTGGATACTAC; Type: regular 5'; Length: 33; Trimmed: 37823 times.

No. of allowed errors:
0-9 bp: 0; 10-19 bp: 1; 20-29 bp: 2; 30-33 bp: 3

Overview of removed sequences
length	count	expect	max.err	error counts
4	1	1199.0	0	1
12	1	0.0	1	1
14	1	0.0	1	1
15	1	0.0	1	0 1
16	1	0.0	1	0 1
17	1	0.0	1	1
18	4	0.0	1	3 1
19	14	0.0	1	7 6 1
20	15	0.0	2	12 2 1
21	14	0.0	2	10 1 3
22	15	0.0	2	4 8 3
23	12	0.0	2	4 4 4
24	87	0.0	2	40 36 11
25	233	0.0	2	123 75 35
26	335	0.0	2	164 110 61
27	554	0.0	2	343 161 48 2
28	1013	0.0	2	562 326 119 6
29	844	0.0	2	340 323 158 23
30	1903	0.0	3	784 637 221 261
31	2485	0.0	3	930 697 518 340
32	4436	0.0	3	819 1795 1160 662
33	21097	0.0	3	9288 6553 3273 1983
34	4589	0.0	3	7 2202 1670 710
35	92	0.0	3	5 5 30 52
36	45	0.0	3	4 0 0 41
37	8	0.0	3	4 2 2
38	3	0.0	3	2 1
39	1	0.0	3	0 1
41	3	0.0	3	1 2
42	4	0.0	3	2 2
44	2	0.0	3	0 2
49	1	0.0	3	0 0 1
50	2	0.0	3	1 0 1
51	2	0.0	3	1 1
56	1	0.0	3	1
58	1	0.0	3	0 0 1
63	1	0.0	3	0 0 0 1
81	1	0.0	3	0 1

=== First read: Adapter 4 ===

Sequence: ACGTTGGATGTTTGTTACTGTTGTGGATACAAC; Type: regular 5'; Length: 33; Trimmed: 7703 times.

No. of allowed errors:
0-9 bp: 0; 10-19 bp: 1; 20-29 bp: 2; 30-33 bp: 3

Overview of removed sequences
length	count	expect	max.err	error counts
3	19	4795.9	0	19
16	1	0.0	1	0 1
19	1	0.0	1	0 0 1
21	2	0.0	2	1 1
22	1	0.0	2	0 1
23	1	0.0	2	0 1
24	12	0.0	2	6 6
25	67	0.0	2	27 32 8
26	41	0.0	2	21 17 3
27	44	0.0	2	21 16 7
28	43	0.0	2	29 11 3
29	58	0.0	2	21 23 13 1
30	101	0.0	3	34 40 17 10
31	224	0.0	3	47 54 67 56
32	726	0.0	3	81 288 184 173
33	5811	0.0	3	2678 1357 1136 640
34	425	0.0	3	1 219 105 100
35	72	0.0	3	0 0 25 47
36	47	0.0	3	0 0 0 47
37	1	0.0	3	1
39	1	0.0	3	0 1
46	1	0.0	3	0 0 1
55	1	0.0	3	1
58	1	0.0	3	1
60	1	0.0	3	0 0 0 1
63	1	0.0	3	1

=== First read: Adapter 5 ===

Sequence: ACGTTGGATGTTTGTTACCGTTGTTGATACTAC; Type: regular 5'; Length: 33; Trimmed: 59159 times.

No. of allowed errors:
0-9 bp: 0; 10-19 bp: 1; 20-29 bp: 2; 30-33 bp: 3

Overview of removed sequences
length	count	expect	max.err	error counts
14	3	0.0	1	2 1
17	2	0.0	1	2
18	1	0.0	1	1
19	4	0.0	1	2 2
20	7	0.0	2	5 2
21	1	0.0	2	0 0 1
23	2	0.0	2	2
24	48	0.0	2	26 19 3
25	152	0.0	2	96 42 14
26	211	0.0	2	124 57 30
27	523	0.0	2	358 134 30 1
28	1249	0.0	2	782 329 132 6
29	1034	0.0	2	470 348 198 18
30	3147	0.0	3	1312 1036 354 445
31	3791	0.0	3	1720 1199 594 278
32	8532	0.0	3	1448 3406 2461 1217
33	38494	0.0	3	21630 10386 4299 2179
34	1831	0.0	3	12 914 555 350
35	75	0.0	3	5 1 34 35
36	19	0.0	3	1 1 0 17
37	6	0.0	3	5 1
38	2	0.0	3	1 0 0 1
39	4	0.0	3	2 1 0 1
40	3	0.0	3	0 2 1
41	5	0.0	3	3 2
42	3	0.0	3	1 0 1 1
43	2	0.0	3	2
44	2	0.0	3	1 0 0 1
45	1	0.0	3	0 1
47	1	0.0	3	1
49	1	0.0	3	0 0 0 1
53	1	0.0	3	0 0 1
54	1	0.0	3	0 1
60	1	0.0	3	0 1

=== First read: Adapter 6 ===

Sequence: ACGTTGGATGAATATATGTGTGCTTATTTG; Type: regular 5'; Length: 30; Trimmed: 69 times.

No. of allowed errors:
0-9 bp: 0; 10-19 bp: 1; 20-29 bp: 2; 30 bp: 3

Overview of removed sequences
length	count	expect	max.err	error counts
3	52	4795.9	0	52
4	14	1199.0	0	14
5	1	299.7	0	1
30	1	0.0	3	0 1
31	1	0.0	3	0 0 0 1

=== First read: Adapter 7 ===

Sequence: ACGTTGGATGGAAAAATAAACTGCAAATCATATTC; Type: regular 5'; Length: 35; Trimmed: 18451 times.

No. of allowed errors:
0-9 bp: 0; 10-19 bp: 1; 20-29 bp: 2; 30-35 bp: 3

Overview of removed sequences
length	count	expect	max.err	error counts
17	1	0.0	1	1
18	1	0.0	1	1
20	1	0.0	2	0 0 1
22	1	0.0	2	0 0 1
25	1	0.0	2	0 1
26	1	0.0	2	1
27	1	0.0	2	0 1
28	2	0.0	2	0 1 1
29	9	0.0	2	1 5 2 1
30	63	0.0	3	27 20 11 5
31	70	0.0	3	21 17 19 13
32	292	0.0	3	36 20 20 216
33	393	0.0	3	16 24 211 142
34	3480	0.0	3	32 2681 509 258
35	9545	0.0	3	5563 1547 742 1693
36	3951	0.0	3	0 3104 572 275
37	188	0.0	3	0 0 98 90
38	447	0.0	3	0 0 0 447
39	1	0.0	3	0 0 1
40	1	0.0	3	0 0 1
47	1	0.0	3	1
65	1	0.0	3	0 1

=== First read: Adapter 8 ===

Sequence: ACGTTGGATGGAAAAATAAACTGTAAATCATATTC; Type: regular 5'; Length: 35; Trimmed: 4563 times.

No. of allowed errors:
0-9 bp: 0; 10-19 bp: 1; 20-29 bp: 2; 30-35 bp: 3

Overview of removed sequences
length	count	expect	max.err	error counts
29	2	0.0	2	0 0 1 1
30	7	0.0	3	3 0 0 4
31	2	0.0	3	0 1 0 1
32	376	0.0	3	0 0 0 376
33	106	0.0	3	0 3 44 59
34	987	0.0	3	0 620 111 256
35	1651	0.0	3	243 391 272 745
36	258	0.0	3	0 37 120 101
37	152	0.0	3	0 0 28 124
38	1022	0.0	3	0 0 0 1022

=== First read: Adapter 9 ===

Sequence: ACGTTGGATGGAAAAATAAATTGTAAATCATACTC; Type: regular 5'; Length: 35; Trimmed: 110053 times.

No. of allowed errors:
0-9 bp: 0; 10-19 bp: 1; 20-29 bp: 2; 30-35 bp: 3

Overview of removed sequences
length	count	expect	max.err	error counts
20	1	0.0	2	1
22	1	0.0	2	1
27	10	0.0	2	7 3
28	5	0.0	2	5
29	9	0.0	2	7 2
30	129	0.0	3	75 34 9 11
31	403	0.0	3	283 79 35 6
32	418	0.0	3	235 98 32 53
33	1214	0.0	3	390 256 346 222
34	8813	0.0	3	4309 2858 1120 526
35	93464	0.0	3	65098 17752 7038 3576
36	269	0.0	3	23 118 56 72
37	278	0.0	3	44 9 22 203
38	4912	0.0	3	16 4 2 4890
39	27	0.0	3	21 3 3
40	7	0.0	3	6 0 1
41	4	0.0	3	3 1
42	6	0.0	3	3 2 1
43	18	0.0	3	9 7 2
44	6	0.0	3	3 2 1
45	6	0.0	3	3 1 1 1
46	13	0.0	3	8 4 1
47	9	0.0	3	5 2 2
48	3	0.0	3	2 1
49	1	0.0	3	1
50	2	0.0	3	1 0 0 1
51	7	0.0	3	5 2
52	3	0.0	3	1 0 1 1
53	3	0.0	3	1 2
54	3	0.0	3	2 0 0 1
55	2	0.0	3	1 0 1
56	4	0.0	3	2 1 0 1
57	1	0.0	3	0 0 0 1
61	1	0.0	3	1
62	1	0.0	3	0 0 0 1

=== First read: Adapter 10 ===

Sequence: ACGTTGGATGAGATTAGGGAAAGTATTAGA; Type: regular 5'; Length: 30; Trimmed: 27 times.

No. of allowed errors:
0-9 bp: 0; 10-19 bp: 1; 20-29 bp: 2; 30 bp: 3

Overview of removed sequences
length	count	expect	max.err	error counts
3	26	4795.9	0	26
5	1	299.7	0	1

=== First read: Adapter 11 ===

Sequence: ACGTTGGATGGAAAAATAAATTGTAAATCAAATTC; Type: regular 5'; Length: 35; Trimmed: 5083 times.

No. of allowed errors:
0-9 bp: 0; 10-19 bp: 1; 20-29 bp: 2; 30-35 bp: 3

Overview of removed sequences
length	count	expect	max.err	error counts
30	3	0.0	3	1 0 1 1
31	4	0.0	3	2 1 0 1
32	13	0.0	3	2 2 0 9
33	12	0.0	3	3 1 4 4
34	133	0.0	3	20 56 26 31
35	4007	0.0	3	2814 727 308 158
36	50	0.0	3	0 21 14 15
37	76	0.0	3	0 0 16 60
38	782	0.0	3	0 0 0 782
39	1	0.0	3	0 0 0 1
46	1	0.0	3	1
54	1	0.0	3	1

=== First read: Adapter 12 ===

Sequence: ACGTTGGATGGAAAAATAAACTGTAAATCATATTCCT; Type: regular 5'; Length: 37; Trimmed: 26974 times.

No. of allowed errors:
0-9 bp: 0; 10-19 bp: 1; 20-29 bp: 2; 30-37 bp: 3

Overview of removed sequences
length	count	expect	max.err	error counts
3	11	4795.9	0	11
4	1	1199.0	0	1
20	1	0.0	2	0 1
25	1	0.0	2	1
27	3	0.0	2	1 2
28	1	0.0	2	1
29	1	0.0	2	0 1
30	4	0.0	3	1 1 1 1
31	16	0.0	3	1 7 5 3
32	47	0.0	3	3 24 11 9
33	33	0.0	3	1 17 7 8
34	149	0.0	3	8 18 28 95
35	1793	0.0	3	2 44 1359 388
36	10712	0.0	3	14 5187 1717 3794
37	10205	0.0	3	2042 4965 1711 1487
38	1218	0.0	3	0 180 671 367
39	2644	0.0	3	0 1 835 1808
40	131	0.0	3	0 0 3 128
43	1	0.0	3	0 0 1
54	1	0.0	3	0 1
62	1	0.0	3	0 1

=== Second read: Adapter 13 ===

Sequence: ACGTTGGATGTTTGTTACTATGGTAGATACCACAC; Type: regular 5'; Length: 35; Trimmed: 5520 times.

No. of allowed errors:
0-9 bp: 0; 10-19 bp: 1; 20-29 bp: 2; 30-35 bp: 3

Overview of removed sequences
length	count	expect	max.err	error counts
3	10	4795.9	0	10
4	15	1199.0	0	15
10	1	0.3	1	1
25	1	0.0	2	0 1
26	2	0.0	2	0 2
27	2	0.0	2	0 1 0 1
28	3	0.0	2	0 1 2
29	8	0.0	2	3 0 2 3
30	15	0.0	3	1 2 6 6
31	23	0.0	3	2 9 6 6
32	53	0.0	3	0 5 9 39
33	428	0.0	3	1 6 183 238
34	692	0.0	3	3 120 164 405
35	3164	0.0	3	591 1053 852 668
36	525	0.0	3	0 131 206 188
37	179	0.0	3	0 0 87 92
38	388	0.0	3	0 0 0 388
39	1	0.0	3	0 0 1
43	1	0.0	3	0 0 1
45	1	0.0	3	0 0 0 1
47	1	0.0	3	0 1
52	1	0.0	3	1
53	1	0.0	3	0 0 0 1
55	3	0.0	3	0 2 1
57	1	0.0	3	0 1
60	1	0.0	3	0 0 1

=== Second read: Adapter 14 ===

Sequence: ACGTTGGATGTTTGTTACTGTGGTGGATACTAC; Type: regular 5'; Length: 33; Trimmed: 47355 times.

No. of allowed errors:
0-9 bp: 0; 10-19 bp: 1; 20-29 bp: 2; 30-33 bp: 3

Overview of removed sequences
length	count	expect	max.err	error counts
3	12	4795.9	0	12
5	3	299.7	0	3
16	1	0.0	1	0 1
17	1	0.0	1	0 1
19	2	0.0	1	2
20	7	0.0	2	3 4
21	2	0.0	2	0 0 2
22	6	0.0	2	1 2 3
23	5	0.0	2	2 3
24	25	0.0	2	12 6 7
25	46	0.0	2	6 21 19
26	96	0.0	2	40 32 24
27	143	0.0	2	71 50 21 1
28	233	0.0	2	106 67 57 3
29	352	0.0	2	87 139 115 11
30	1768	0.0	3	129 209 163 1267
31	2724	0.0	3	420 301 686 1317
32	7339	0.0	3	216 2329 2658 2136
33	27986	0.0	3	10880 9086 5077 2943
34	6153	0.0	3	2 2639 2256 1256
35	92	0.0	3	6 4 28 54
36	66	0.0	3	1 2 2 61
37	6	0.0	3	1 2 0 3
38	8	0.0	3	0 1 2 5
39	13	0.0	3	0 2 3 8
40	10	0.0	3	1 3 2 4
41	46	0.0	3	8 19 9 10
42	35	0.0	3	11 7 8 9
43	14	0.0	3	2 2 2 8
44	20	0.0	3	4 8 2 6
45	10	0.0	3	2 2 3 3
46	16	0.0	3	1 5 4 6
47	8	0.0	3	2 1 3 2
48	16	0.0	3	1 0 11 4
49	23	0.0	3	7 5 5 6
50	15	0.0	3	0 5 4 6
51	14	0.0	3	2 4 4 4
52	13	0.0	3	2 3 5 3
53	9	0.0	3	5 2 2
54	5	0.0	3	1 1 2 1
55	6	0.0	3	1 2 1 2
56	3	0.0	3	0 0 1 2
57	1	0.0	3	0 1
58	1	0.0	3	0 1
63	1	0.0	3	0 1

=== Second read: Adapter 15 ===

Sequence: ACGTTGGATGTTTGTTACTGTTGTGGATACAAC; Type: regular 5'; Length: 33; Trimmed: 13191 times.

No. of allowed errors:
0-9 bp: 0; 10-19 bp: 1; 20-29 bp: 2; 30-33 bp: 3

Overview of removed sequences
length	count	expect	max.err	error counts
3	532	4795.9	0	532
4	1	1199.0	0	1
5	3	299.7	0	3
24	2	0.0	2	0 0 2
25	3	0.0	2	0 2 1
26	5	0.0	2	1 3 1
27	8	0.0	2	2 3 3
28	19	0.0	2	7 3 9
29	28	0.0	2	10 9 9
30	81	0.0	3	20 16 15 30
31	412	0.0	3	32 21 112 247
32	2054	0.0	3	34 701 589 730
33	8768	0.0	3	2305 2035 2896 1532
34	842	0.0	3	0 277 276 289
35	117	0.0	3	0 0 32 85
36	132	0.0	3	0 0 0 132
40	12	0.0	3	1 2 5 4
41	34	0.0	3	6 13 7 8
42	24	0.0	3	8 5 6 5
43	9	0.0	3	1 1 3 4
44	10	0.0	3	5 2 3
45	6	0.0	3	1 1 2 2
46	6	0.0	3	2 1 2 1
47	7	0.0	3	0 0 3 4
48	7	0.0	3	1 1 1 4
49	9	0.0	3	3 4 1 1
50	5	0.0	3	2 2 0 1
51	11	0.0	3	3 3 2 3
52	10	0.0	3	4 4 1 1
53	15	0.0	3	5 4 4 2
54	3	0.0	3	0 1 1 1
55	3	0.0	3	2 1
56	4	0.0	3	2 1 0 1
57	3	0.0	3	0 0 3
60	2	0.0	3	0 1 1
64	2	0.0	3	0 1 0 1
65	1	0.0	3	1
66	1	0.0	3	0 1

=== Second read: Adapter 16 ===

Sequence: ACGTTGGATGTTTGTTACCGTTGTTGATACTAC; Type: regular 5'; Length: 33; Trimmed: 62696 times.

No. of allowed errors:
0-9 bp: 0; 10-19 bp: 1; 20-29 bp: 2; 30-33 bp: 3

Overview of removed sequences
length	count	expect	max.err	error counts
12	1	0.0	1	0 1
14	1	0.0	1	1
16	1	0.0	1	0 1
19	3	0.0	1	2 1
21	2	0.0	2	0 1 1
23	1	0.0	2	0 1
24	17	0.0	2	12 2 3
25	24	0.0	2	9 9 6
26	65	0.0	2	24 30 11
27	151	0.0	2	77 45 29
28	455	0.0	2	195 141 116 3
29	600	0.0	2	193 212 178 17
30	2059	0.0	3	253 352 270 1184
31	2149	0.0	3	741 532 451 425
32	10941	0.0	3	492 3663 3891 2895
33	43123	0.0	3	20388 12465 6627 3643
34	2798	0.0	3	4 1061 995 738
35	134	0.0	3	3 3 69 59
36	46	0.0	3	1 2 0 43
37	4	0.0	3	1 1 2
38	3	0.0	3	0 1 1 1
39	3	0.0	3	0 2 0 1
40	14	0.0	3	2 1 7 4
41	33	0.0	3	10 7 8 8
42	13	0.0	3	6 3 2 2
43	3	0.0	3	0 0 2 1
44	9	0.0	3	4 2 1 2
45	3	0.0	3	0 2 0 1
46	2	0.0	3	1 0 0 1
47	3	0.0	3	0 0 1 2
48	1	0.0	3	0 1
49	11	0.0	3	3 4 1 3
50	3	0.0	3	2 1
51	5	0.0	3	1 2 1 1
52	1	0.0	3	0 0 0 1
53	1	0.0	3	0 0 1
54	3	0.0	3	1 0 0 2
55	5	0.0	3	2 1 1 1
56	1	0.0	3	0 0 1
59	1	0.0	3	0 0 1
61	1	0.0	3	0 0 0 1
80	1	0.0	3	0 0 1
85	1	0.0	3	0 1

=== Second read: Adapter 17 ===

Sequence: ACGTTGGATGAATATATGTGTGCTTATTTG; Type: regular 5'; Length: 30; Trimmed: 296 times.

No. of allowed errors:
0-9 bp: 0; 10-19 bp: 1; 20-29 bp: 2; 30 bp: 3

Overview of removed sequences
length	count	expect	max.err	error counts
3	272	4795.9	0	272
4	13	1199.0	0	13
5	5	299.7	0	5
6	5	74.9	0	5
8	1	4.7	0	1

=== Second read: Adapter 18 ===

Sequence: ACGTTGGATGTTTGTTACTAAGGTAGATACCACTC; Type: regular 5'; Length: 35; Trimmed: 4406 times.

No. of allowed errors:
0-9 bp: 0; 10-19 bp: 1; 20-29 bp: 2; 30-35 bp: 3

Overview of removed sequences
length	count	expect	max.err	error counts
3	5	4795.9	0	5
4	3	1199.0	0	3
15	1	0.0	1	1
24	1	0.0	2	1
25	1	0.0	2	1
26	2	0.0	2	1 0 1
28	6	0.0	2	2 1 3
29	4	0.0	2	1 1 1 1
30	8	0.0	3	1 1 4 2
31	27	0.0	3	10 6 5 6
32	25	0.0	3	4 7 3 11
33	220	0.0	3	12 6 51 151
34	408	0.0	3	18 132 121 137
35	3344	0.0	3	1474 923 556 391
36	200	0.0	3	1 84 72 43
37	117	0.0	3	0 0 57 60
38	21	0.0	3	0 0 0 21
41	1	0.0	3	0 0 0 1
42	1	0.0	3	0 0 1
43	6	0.0	3	3 0 1 2
44	2	0.0	3	1 0 1
45	1	0.0	3	0 1
55	1	0.0	3	0 0 1
57	1	0.0	3	0 0 0 1

=== Second read: Adapter 19 ===

Sequence: ACGTTGGATGGAAAAATAAACTGCAAATCATATTC; Type: regular 5'; Length: 35; Trimmed: 7410 times.

No. of allowed errors:
0-9 bp: 0; 10-19 bp: 1; 20-29 bp: 2; 30-35 bp: 3

Overview of removed sequences
length	count	expect	max.err	error counts
3	24	4795.9	0	24
4	1	1199.0	0	1
11	1	0.1	1	1
16	1	0.0	1	0 1
17	1	0.0	1	1
19	2	0.0	1	2
21	1	0.0	2	1
27	1	0.0	2	0 0 1
28	1	0.0	2	0 0 1
29	4	0.0	2	0 1 1 2
30	15	0.0	3	4 6 3 2
31	25	0.0	3	3 6 7 9
32	83	0.0	3	2 5 7 69
33	168	0.0	3	7 13 76 72
34	1528	0.0	3	10 833 385 300
35	4061	0.0	3	1615 923 681 842
36	1085	0.0	3	0 600 275 210
37	87	0.0	3	0 0 49 38
38	305	0.0	3	0 1 0 304
39	1	0.0	3	1
42	1	0.0	3	0 1
43	2	0.0	3	1 1
44	2	0.0	3	0 0 2
46	2	0.0	3	0 1 0 1
47	1	0.0	3	1
48	2	0.0	3	2
50	2	0.0	3	1 1
51	1	0.0	3	0 1
55	1	0.0	3	0 1
56	1	0.0	3	0 1

=== Second read: Adapter 20 ===

Sequence: ACGTTGGATGAGATTAGGGAAAGTATTAGA; Type: regular 5'; Length: 30; Trimmed: 34 times.

No. of allowed errors:
0-9 bp: 0; 10-19 bp: 1; 20-29 bp: 2; 30 bp: 3

Overview of removed sequences
length	count	expect	max.err	error counts
3	32	4795.9	0	32
4	2	1199.0	0	2

=== Second read: Adapter 21 ===

Sequence: ACGTTGGATGGAAAAATAAATTGTAAATCATACTC; Type: regular 5'; Length: 35; Trimmed: 75654 times.

No. of allowed errors:
0-9 bp: 0; 10-19 bp: 1; 20-29 bp: 2; 30-35 bp: 3

Overview of removed sequences
length	count	expect	max.err	error counts
5	1	299.7	0	1
14	1	0.0	1	0 1
19	1	0.0	1	1
21	1	0.0	2	1
27	1	0.0	2	1
28	1	0.0	2	1
29	3	0.0	2	1 1 0 1
30	22	0.0	3	11 2 6 3
31	146	0.0	3	55 47 27 17
32	156	0.0	3	42 36 22 56
33	718	0.0	3	167 112 201 238
34	3400	0.0	3	720 1221 806 653
35	68583	0.0	3	35152 17242 9801 6388
36	202	0.0	3	17 65 54 66
37	90	0.0	3	18 6 16 50
38	2045	0.0	3	5 3 4 2033
39	12	0.0	3	4 2 3 3
40	8	0.0	3	4 3 1
41	8	0.0	3	5 2 1
42	17	0.0	3	7 6 2 2
43	46	0.0	3	21 12 8 5
44	41	0.0	3	23 5 5 8
45	19	0.0	3	7 6 6
46	22	0.0	3	9 4 4 5
47	15	0.0	3	8 4 3
48	8	0.0	3	2 3 2 1
49	10	0.0	3	2 3 3 2
50	13	0.0	3	4 3 2 4
51	13	0.0	3	7 3 1 2
52	10	0.0	3	7 0 1 2
53	9	0.0	3	5 1 0 3
54	14	0.0	3	7 3 3 1
55	3	0.0	3	0 0 3
56	6	0.0	3	3 1 1 1
57	4	0.0	3	2 2
58	1	0.0	3	1
60	1	0.0	3	1
61	1	0.0	3	1
65	1	0.0	3	0 1
67	1	0.0	3	1

=== Second read: Adapter 22 ===

Sequence: ACGTTGGATGGAAAAATAAACTGTAAATCATATTCCT; Type: regular 5'; Length: 37; Trimmed: 15185 times.

No. of allowed errors:
0-9 bp: 0; 10-19 bp: 1; 20-29 bp: 2; 30-37 bp: 3

Overview of removed sequences
length	count	expect	max.err	error counts
3	248	4795.9	0	248
4	271	1199.0	0	271
5	1	299.7	0	1
13	1	0.0	1	0 1
16	1	0.0	1	0 1
18	2	0.0	1	0 0 2
20	2	0.0	2	0 0 2
21	2	0.0	2	1 1
22	1	0.0	2	0 0 1
29	2	0.0	2	0 1 1
30	1	0.0	3	0 0 0 1
31	10	0.0	3	0 2 4 4
32	15	0.0	3	1 5 5 4
33	14	0.0	3	0 1 9 4
34	260	0.0	3	2 7 13 238
35	1407	0.0	3	1 18 765 623
36	5526	0.0	3	2 1693 1895 1936
37	5283	0.0	3	832 2041 1311 1099
38	539	0.0	3	0 86 257 196
39	1499	0.0	3	0 0 426 1073
40	59	0.0	3	0 0 0 59
44	5	0.0	3	0 0 1 4
45	10	0.0	3	1 1 4 4
46	4	0.0	3	0 0 4
47	4	0.0	3	0 0 2 2
48	1	0.0	3	0 1
49	4	0.0	3	0 3 0 1
50	1	0.0	3	1
51	3	0.0	3	0 3
52	2	0.0	3	0 0 0 2
53	1	0.0	3	0 0 0 1
54	1	0.0	3	0 0 0 1
55	3	0.0	3	0 1 2
57	2	0.0	3	0 1 1

=== Second read: Adapter 23 ===

Sequence: ACGTTGGATGGAAAAATAAACTGTAAATCATATTC; Type: regular 5'; Length: 35; Trimmed: 1264 times.

No. of allowed errors:
0-9 bp: 0; 10-19 bp: 1; 20-29 bp: 2; 30-35 bp: 3

Overview of removed sequences
length	count	expect	max.err	error counts
17	1	0.0	1	0 1
22	2	0.0	2	0 2
30	2	0.0	3	0 0 0 2
31	7	0.0	3	0 0 1 6
32	234	0.0	3	0 0 0 234
33	42	0.0	3	0 0 16 26
34	300	0.0	3	0 0 67 233
35	556	0.0	3	0 0 135 421
36	86	0.0	3	0 0 4 82
37	20	0.0	3	0 0 3 17
38	11	0.0	3	0 0 0 11
41	1	0.0	3	0 0 0 1
43	1	0.0	3	0 0 1
52	1	0.0	3	0 0 0 1

=== Second read: Adapter 24 ===

Sequence: ACGTTGGATGGAAAAATAAATTGTAAATCAAATTC; Type: regular 5'; Length: 35; Trimmed: 2822 times.

No. of allowed errors:
0-9 bp: 0; 10-19 bp: 1; 20-29 bp: 2; 30-35 bp: 3

Overview of removed sequences
length	count	expect	max.err	error counts
6	4	74.9	0	4
20	1	0.0	2	1
22	2	0.0	2	0 1 1
28	1	0.0	2	0 0 0 1
30	2	0.0	3	1 0 0 1
31	4	0.0	3	1 2 1
32	5	0.0	3	0 1 0 4
33	16	0.0	3	1 0 7 8
34	130	0.0	3	6 69 26 29
35	2149	0.0	3	1176 428 346 199
36	36	0.0	3	0 18 9 9
37	54	0.0	3	0 0 20 34
38	412	0.0	3	0 0 0 412
46	1	0.0	3	0 0 0 1
49	1	0.0	3	1
50	1	0.0	3	0 1
51	1	0.0	3	1
52	2	0.0	3	2

