This is cutadapt 1.18 with Python 3.5.5
Command line parameters: -g ACGTTGGATGTTTGTTACTATGGTAGATACCACAC -g ACGTTGGATGTTTGTTACTAAGGTAGATACCACTC -g ACGTTGGATGTTTGTTACTGTGGTGGATACTAC -g ACGTTGGATGTTTGTTACTGTTGTGGATACAAC -g ACGTTGGATGTTTGTTACCGTTGTTGATACTAC -g ACGTTGGATGAATATATGTGTGCTTATTTG -G ACGTTGGATGTTTGTTACTATGGTAGATACCACAC -G ACGTTGGATGTTTGTTACTGTGGTGGATACTAC -G ACGTTGGATGTTTGTTACTGTTGTGGATACAAC -G ACGTTGGATGTTTGTTACCGTTGTTGATACTAC -G ACGTTGGATGAATATATGTGTGCTTATTTG -G ACGTTGGATGTTTGTTACTAAGGTAGATACCACTC -g ACGTTGGATGGAAAAATAAACTGCAAATCATATTC -g ACGTTGGATGGAAAAATAAACTGTAAATCATATTC -g ACGTTGGATGGAAAAATAAATTGTAAATCATACTC -g ACGTTGGATGAGATTAGGGAAAGTATTAGA -g ACGTTGGATGGAAAAATAAATTGTAAATCAAATTC -g ACGTTGGATGGAAAAATAAACTGTAAATCATATTCCT -G ACGTTGGATGGAAAAATAAACTGCAAATCATATTC -G ACGTTGGATGAGATTAGGGAAAGTATTAGA -G ACGTTGGATGGAAAAATAAATTGTAAATCATACTC -G ACGTTGGATGGAAAAATAAACTGTAAATCATATTCCT -G ACGTTGGATGGAAAAATAAACTGTAAATCATATTC -G ACGTTGGATGGAAAAATAAATTGTAAATCAAATTC --minimum-length=1 -o /data/projects/mdc-971/data_from_June_2019/30.primer_trimmed/180482_S88_cutadapt.1.fq.gz -p /data/projects/mdc-971/data_from_June_2019/30.primer_trimmed/180482_S88_cutadapt.2.fq.gz /data/projects/mdc-971/data_from_June_2019/20.trim_151st_nt/180482_S88_R1_001.bbduked.fastq.gz /data/projects/mdc-971/data_from_June_2019/20.trim_151st_nt/180482_S88_R2_001.bbduked.fastq.gz
Processing reads on 1 core in paired-end mode ...
Finished in 1.54 s (390 us/read; 0.15 M reads/minute).

=== Summary ===

Total read pairs processed:              3,966
  Read 1 with adapter:                   3,250 (81.9%)
  Read 2 with adapter:                   2,175 (54.8%)
Pairs that were too short:                   0 (0.0%)
Pairs written (passing filters):         3,966 (100.0%)

Total basepairs processed:     1,189,800 bp
  Read 1:       594,900 bp
  Read 2:       594,900 bp
Total written (filtered):      1,004,008 bp (84.4%)
  Read 1:       481,782 bp
  Read 2:       522,226 bp

=== First read: Adapter 1 ===

Sequence: ACGTTGGATGTTTGTTACTATGGTAGATACCACAC; Type: regular 5'; Length: 35; Trimmed: 238 times.

No. of allowed errors:
0-9 bp: 0; 10-19 bp: 1; 20-29 bp: 2; 30-35 bp: 3

Overview of removed sequences
length	count	expect	max.err	error counts
27	1	0.0	2	0 1
29	2	0.0	2	1 0 0 1
30	2	0.0	3	2
31	1	0.0	3	0 0 1
32	2	0.0	3	1 0 1
33	16	0.0	3	2 1 4 9
34	37	0.0	3	0 13 11 13
35	150	0.0	3	51 46 17 36
36	20	0.0	3	0 9 7 4
37	6	0.0	3	0 0 1 5
38	1	0.0	3	0 0 0 1

=== First read: Adapter 2 ===

Sequence: ACGTTGGATGTTTGTTACTAAGGTAGATACCACTC; Type: regular 5'; Length: 35; Trimmed: 90 times.

No. of allowed errors:
0-9 bp: 0; 10-19 bp: 1; 20-29 bp: 2; 30-35 bp: 3

Overview of removed sequences
length	count	expect	max.err	error counts
30	2	0.0	3	2
31	4	0.0	3	1 1 1 1
32	4	0.0	3	0 2 0 2
33	3	0.0	3	0 0 2 1
34	13	0.0	3	0 8 3 2
35	59	0.0	3	32 15 8 4
36	3	0.0	3	0 1 1 1
37	2	0.0	3	0 0 2

=== First read: Adapter 3 ===

Sequence: ACGTTGGATGTTTGTTACTGTGGTGGATACTAC; Type: regular 5'; Length: 33; Trimmed: 430 times.

No. of allowed errors:
0-9 bp: 0; 10-19 bp: 1; 20-29 bp: 2; 30-33 bp: 3

Overview of removed sequences
length	count	expect	max.err	error counts
14	1	0.0	1	0 1
20	1	0.0	2	1
23	1	0.0	2	0 1
24	2	0.0	2	1 0 1
25	6	0.0	2	1 4 1
26	6	0.0	2	4 1 1
27	11	0.0	2	8 2 1
28	15	0.0	2	8 5 2
29	8	0.0	2	0 5 3
30	18	0.0	3	4 9 3 2
31	23	0.0	3	6 5 3 9
32	57	0.0	3	6 20 14 17
33	243	0.0	3	88 68 44 43
34	29	0.0	3	0 8 12 9
35	7	0.0	3	0 0 4 3
36	2	0.0	3	0 0 0 2

=== First read: Adapter 4 ===

Sequence: ACGTTGGATGTTTGTTACTGTTGTGGATACAAC; Type: regular 5'; Length: 33; Trimmed: 161 times.

No. of allowed errors:
0-9 bp: 0; 10-19 bp: 1; 20-29 bp: 2; 30-33 bp: 3

Overview of removed sequences
length	count	expect	max.err	error counts
26	1	0.0	2	0 1
27	2	0.0	2	1 1
28	4	0.0	2	1 0 3
30	7	0.0	3	4 1 0 2
31	6	0.0	3	1 3 2
32	16	0.0	3	1 10 1 4
33	104	0.0	3	43 33 18 10
34	14	0.0	3	0 6 4 4
35	4	0.0	3	0 0 1 3
36	3	0.0	3	0 0 0 3

=== First read: Adapter 5 ===

Sequence: ACGTTGGATGTTTGTTACCGTTGTTGATACTAC; Type: regular 5'; Length: 33; Trimmed: 207 times.

No. of allowed errors:
0-9 bp: 0; 10-19 bp: 1; 20-29 bp: 2; 30-33 bp: 3

Overview of removed sequences
length	count	expect	max.err	error counts
25	1	0.0	2	1
26	4	0.0	2	2 0 2
27	5	0.0	2	4 1
28	7	0.0	2	5 0 2
29	9	0.0	2	4 2 2 1
30	15	0.0	3	3 2 4 6
31	18	0.0	3	5 2 5 6
32	28	0.0	3	2 5 10 11
33	98	0.0	3	35 34 24 5
34	13	0.0	3	0 5 4 4
35	6	0.0	3	0 0 1 5
36	3	0.0	3	0 0 0 3

=== First read: Adapter 6 ===

Sequence: ACGTTGGATGAATATATGTGTGCTTATTTG; Type: regular 5'; Length: 30; Trimmed: 3 times.

No. of allowed errors:
0-9 bp: 0; 10-19 bp: 1; 20-29 bp: 2; 30 bp: 3

Overview of removed sequences
length	count	expect	max.err	error counts
3	3	62.0	0	3

=== First read: Adapter 7 ===

Sequence: ACGTTGGATGGAAAAATAAACTGCAAATCATATTC; Type: regular 5'; Length: 35; Trimmed: 568 times.

No. of allowed errors:
0-9 bp: 0; 10-19 bp: 1; 20-29 bp: 2; 30-35 bp: 3

Overview of removed sequences
length	count	expect	max.err	error counts
30	2	0.0	3	2
32	7	0.0	3	2 0 0 5
33	10	0.0	3	1 0 5 4
34	96	0.0	3	1 65 18 12
35	343	0.0	3	223 61 20 39
36	89	0.0	3	0 60 15 14
37	15	0.0	3	0 0 3 12
38	6	0.0	3	0 0 0 6

=== First read: Adapter 8 ===

Sequence: ACGTTGGATGGAAAAATAAACTGTAAATCATATTC; Type: regular 5'; Length: 35; Trimmed: 169 times.

No. of allowed errors:
0-9 bp: 0; 10-19 bp: 1; 20-29 bp: 2; 30-35 bp: 3

Overview of removed sequences
length	count	expect	max.err	error counts
32	10	0.0	3	0 0 0 10
33	5	0.0	3	0 0 3 2
34	42	0.0	3	0 20 12 10
35	79	0.0	3	19 19 23 18
36	20	0.0	3	0 8 4 8
37	7	0.0	3	0 0 1 6
38	6	0.0	3	0 0 0 6

=== First read: Adapter 9 ===

Sequence: ACGTTGGATGGAAAAATAAATTGTAAATCATACTC; Type: regular 5'; Length: 35; Trimmed: 193 times.

No. of allowed errors:
0-9 bp: 0; 10-19 bp: 1; 20-29 bp: 2; 30-35 bp: 3

Overview of removed sequences
length	count	expect	max.err	error counts
33	2	0.0	3	0 0 1 1
34	13	0.0	3	1 8 3 1
35	167	0.0	3	97 37 20 13
36	5	0.0	3	0 1 0 4
37	1	0.0	3	0 0 1
38	5	0.0	3	0 0 0 5

=== First read: Adapter 10 ===

Sequence: ACGTTGGATGAGATTAGGGAAAGTATTAGA; Type: regular 5'; Length: 30; Trimmed: 2 times.

No. of allowed errors:
0-9 bp: 0; 10-19 bp: 1; 20-29 bp: 2; 30 bp: 3

Overview of removed sequences
length	count	expect	max.err	error counts
3	2	62.0	0	2

=== First read: Adapter 11 ===

Sequence: ACGTTGGATGGAAAAATAAATTGTAAATCAAATTC; Type: regular 5'; Length: 35; Trimmed: 129 times.

No. of allowed errors:
0-9 bp: 0; 10-19 bp: 1; 20-29 bp: 2; 30-35 bp: 3

Overview of removed sequences
length	count	expect	max.err	error counts
33	2	0.0	3	0 0 0 2
34	3	0.0	3	0 0 2 1
35	116	0.0	3	57 35 14 10
36	4	0.0	3	0 0 3 1
37	1	0.0	3	0 0 0 1
38	3	0.0	3	0 0 0 3

=== First read: Adapter 12 ===

Sequence: ACGTTGGATGGAAAAATAAACTGTAAATCATATTCCT; Type: regular 5'; Length: 37; Trimmed: 1060 times.

No. of allowed errors:
0-9 bp: 0; 10-19 bp: 1; 20-29 bp: 2; 30-37 bp: 3

Overview of removed sequences
length	count	expect	max.err	error counts
3	1	62.0	0	1
31	1	0.0	3	1
32	1	0.0	3	0 1
33	3	0.0	3	0 1 1 1
34	4	0.0	3	0 1 1 2
35	45	0.0	3	0 2 29 14
36	248	0.0	3	1 117 79 51
37	587	0.0	3	181 228 118 60
38	90	0.0	3	0 16 47 27
39	68	0.0	3	0 0 21 47
40	12	0.0	3	0 0 0 12

=== Second read: Adapter 13 ===

Sequence: ACGTTGGATGTTTGTTACTATGGTAGATACCACAC; Type: regular 5'; Length: 35; Trimmed: 231 times.

No. of allowed errors:
0-9 bp: 0; 10-19 bp: 1; 20-29 bp: 2; 30-35 bp: 3

Overview of removed sequences
length	count	expect	max.err	error counts
30	1	0.0	3	0 1
31	2	0.0	3	0 2
32	3	0.0	3	0 0 0 3
33	23	0.0	3	0 0 15 8
34	39	0.0	3	0 11 15 13
35	135	0.0	3	37 31 36 31
36	13	0.0	3	0 6 4 3
37	12	0.0	3	0 0 3 9
38	1	0.0	3	0 0 0 1
41	1	0.0	3	0 0 0 1
46	1	0.0	3	0 0 0 1

=== Second read: Adapter 14 ===

Sequence: ACGTTGGATGTTTGTTACTGTGGTGGATACTAC; Type: regular 5'; Length: 33; Trimmed: 597 times.

No. of allowed errors:
0-9 bp: 0; 10-19 bp: 1; 20-29 bp: 2; 30-33 bp: 3

Overview of removed sequences
length	count	expect	max.err	error counts
3	2	62.0	0	2
5	1	3.9	0	1
24	1	0.0	2	0 1
28	1	0.0	2	0 0 1
29	3	0.0	2	1 1 1
30	36	0.0	3	0 1 1 34
31	50	0.0	3	2 4 15 29
32	127	0.0	3	1 46 38 42
33	294	0.0	3	104 92 54 44
34	65	0.0	3	0 21 24 20
35	10	0.0	3	0 0 6 4
36	4	0.0	3	0 0 0 4
40	2	0.0	3	0 2
44	1	0.0	3	0 0 1

=== Second read: Adapter 15 ===

Sequence: ACGTTGGATGTTTGTTACTGTTGTGGATACAAC; Type: regular 5'; Length: 33; Trimmed: 291 times.

No. of allowed errors:
0-9 bp: 0; 10-19 bp: 1; 20-29 bp: 2; 30-33 bp: 3

Overview of removed sequences
length	count	expect	max.err	error counts
3	10	62.0	0	10
24	1	0.0	2	0 0 1
28	1	0.0	2	0 1
29	4	0.0	2	3 0 0 1
30	3	0.0	3	2 0 1
31	11	0.0	3	1 0 3 7
32	63	0.0	3	0 20 26 17
33	163	0.0	3	47 36 53 27
34	24	0.0	3	0 5 10 9
35	10	0.0	3	0 0 4 6
36	1	0.0	3	0 0 0 1

=== Second read: Adapter 16 ===

Sequence: ACGTTGGATGTTTGTTACCGTTGTTGATACTAC; Type: regular 5'; Length: 33; Trimmed: 320 times.

No. of allowed errors:
0-9 bp: 0; 10-19 bp: 1; 20-29 bp: 2; 30-33 bp: 3

Overview of removed sequences
length	count	expect	max.err	error counts
27	1	0.0	2	1
28	3	0.0	2	1 1 1
29	5	0.0	2	2 2 1
30	23	0.0	3	0 2 0 21
31	26	0.0	3	1 3 10 12
32	77	0.0	3	0 18 29 30
33	137	0.0	3	42 51 25 19
34	39	0.0	3	0 5 25 9
35	6	0.0	3	0 0 2 4
40	1	0.0	3	0 0 1
42	1	0.0	3	0 0 1
44	1	0.0	3	1

=== Second read: Adapter 17 ===

Sequence: ACGTTGGATGAATATATGTGTGCTTATTTG; Type: regular 5'; Length: 30; Trimmed: 8 times.

No. of allowed errors:
0-9 bp: 0; 10-19 bp: 1; 20-29 bp: 2; 30 bp: 3

Overview of removed sequences
length	count	expect	max.err	error counts
3	8	62.0	0	8

=== Second read: Adapter 18 ===

Sequence: ACGTTGGATGTTTGTTACTAAGGTAGATACCACTC; Type: regular 5'; Length: 35; Trimmed: 104 times.

No. of allowed errors:
0-9 bp: 0; 10-19 bp: 1; 20-29 bp: 2; 30-35 bp: 3

Overview of removed sequences
length	count	expect	max.err	error counts
3	2	62.0	0	2
30	1	0.0	3	0 0 1
33	5	0.0	3	0 0 1 4
34	13	0.0	3	1 4 5 3
35	66	0.0	3	22 23 11 10
36	5	0.0	3	0 1 4
37	5	0.0	3	0 0 2 3
38	3	0.0	3	0 0 0 3
43	1	0.0	3	0 0 1
46	1	0.0	3	1
48	1	0.0	3	1
52	1	0.0	3	0 1

=== Second read: Adapter 19 ===

Sequence: ACGTTGGATGGAAAAATAAACTGCAAATCATATTC; Type: regular 5'; Length: 35; Trimmed: 143 times.

No. of allowed errors:
0-9 bp: 0; 10-19 bp: 1; 20-29 bp: 2; 30-35 bp: 3

Overview of removed sequences
length	count	expect	max.err	error counts
31	1	0.0	3	0 0 1
32	1	0.0	3	0 0 0 1
33	2	0.0	3	0 0 1 1
34	16	0.0	3	0 6 2 8
35	95	0.0	3	34 22 13 26
36	23	0.0	3	0 7 11 5
37	4	0.0	3	0 0 2 2
38	1	0.0	3	0 0 0 1

=== Second read: Adapter 20 ===

Sequence: ACGTTGGATGAGATTAGGGAAAGTATTAGA; Type: regular 5'; Length: 30; Trimmed: 0 times.

=== Second read: Adapter 21 ===

Sequence: ACGTTGGATGGAAAAATAAATTGTAAATCATACTC; Type: regular 5'; Length: 35; Trimmed: 52 times.

No. of allowed errors:
0-9 bp: 0; 10-19 bp: 1; 20-29 bp: 2; 30-35 bp: 3

Overview of removed sequences
length	count	expect	max.err	error counts
31	1	0.0	3	0 1
33	5	0.0	3	0 0 2 3
34	2	0.0	3	0 0 1 1
35	36	0.0	3	12 8 5 11
36	2	0.0	3	0 0 2
37	1	0.0	3	0 0 0 1
38	4	0.0	3	0 0 0 4
43	1	0.0	3	1

=== Second read: Adapter 22 ===

Sequence: ACGTTGGATGGAAAAATAAACTGTAAATCATATTCCT; Type: regular 5'; Length: 37; Trimmed: 369 times.

No. of allowed errors:
0-9 bp: 0; 10-19 bp: 1; 20-29 bp: 2; 30-37 bp: 3

Overview of removed sequences
length	count	expect	max.err	error counts
3	6	62.0	0	6
4	10	15.5	0	10
34	5	0.0	3	0 1 0 4
35	29	0.0	3	0 0 19 10
36	56	0.0	3	0 19 22 15
37	210	0.0	3	43 79 54 34
38	30	0.0	3	0 6 16 8
39	20	0.0	3	0 0 7 13
40	3	0.0	3	0 0 0 3

=== Second read: Adapter 23 ===

Sequence: ACGTTGGATGGAAAAATAAACTGTAAATCATATTC; Type: regular 5'; Length: 35; Trimmed: 39 times.

No. of allowed errors:
0-9 bp: 0; 10-19 bp: 1; 20-29 bp: 2; 30-35 bp: 3

Overview of removed sequences
length	count	expect	max.err	error counts
32	2	0.0	3	0 0 0 2
33	2	0.0	3	0 0 1 1
34	8	0.0	3	0 0 3 5
35	24	0.0	3	0 0 7 17
36	3	0.0	3	0 0 0 3

=== Second read: Adapter 24 ===

Sequence: ACGTTGGATGGAAAAATAAATTGTAAATCAAATTC; Type: regular 5'; Length: 35; Trimmed: 21 times.

No. of allowed errors:
0-9 bp: 0; 10-19 bp: 1; 20-29 bp: 2; 30-35 bp: 3

Overview of removed sequences
length	count	expect	max.err	error counts
33	1	0.0	3	0 0 0 1
34	1	0.0	3	0 0 1
35	17	0.0	3	5 6 4 2
36	1	0.0	3	0 0 1
38	1	0.0	3	0 0 0 1

