This is cutadapt 1.18 with Python 3.5.5
Command line parameters: -g ACGTTGGATGTTTGTTACTATGGTAGATACCACAC -g ACGTTGGATGTTTGTTACTAAGGTAGATACCACTC -g ACGTTGGATGTTTGTTACTGTGGTGGATACTAC -g ACGTTGGATGTTTGTTACTGTTGTGGATACAAC -g ACGTTGGATGTTTGTTACCGTTGTTGATACTAC -g ACGTTGGATGAATATATGTGTGCTTATTTG -G ACGTTGGATGTTTGTTACTATGGTAGATACCACAC -G ACGTTGGATGTTTGTTACTGTGGTGGATACTAC -G ACGTTGGATGTTTGTTACTGTTGTGGATACAAC -G ACGTTGGATGTTTGTTACCGTTGTTGATACTAC -G ACGTTGGATGAATATATGTGTGCTTATTTG -G ACGTTGGATGTTTGTTACTAAGGTAGATACCACTC -g ACGTTGGATGGAAAAATAAACTGCAAATCATATTC -g ACGTTGGATGGAAAAATAAACTGTAAATCATATTC -g ACGTTGGATGGAAAAATAAATTGTAAATCATACTC -g ACGTTGGATGAGATTAGGGAAAGTATTAGA -g ACGTTGGATGGAAAAATAAATTGTAAATCAAATTC -g ACGTTGGATGGAAAAATAAACTGTAAATCATATTCCT -G ACGTTGGATGGAAAAATAAACTGCAAATCATATTC -G ACGTTGGATGAGATTAGGGAAAGTATTAGA -G ACGTTGGATGGAAAAATAAATTGTAAATCATACTC -G ACGTTGGATGGAAAAATAAACTGTAAATCATATTCCT -G ACGTTGGATGGAAAAATAAACTGTAAATCATATTC -G ACGTTGGATGGAAAAATAAATTGTAAATCAAATTC --minimum-length=1 -o /data/projects/mdc-971/data_from_June_2019/30.primer_trimmed/180403_S45_cutadapt.1.fq.gz -p /data/projects/mdc-971/data_from_June_2019/30.primer_trimmed/180403_S45_cutadapt.2.fq.gz /data/projects/mdc-971/data_from_June_2019/20.trim_151st_nt/180403_S45_R1_001.bbduked.fastq.gz /data/projects/mdc-971/data_from_June_2019/20.trim_151st_nt/180403_S45_R2_001.bbduked.fastq.gz
Processing reads on 1 core in paired-end mode ...
Finished in 45.00 s (379 us/read; 0.16 M reads/minute).

=== Summary ===

Total read pairs processed:            118,831
  Read 1 with adapter:                 108,412 (91.2%)
  Read 2 with adapter:                  93,421 (78.6%)
Pairs that were too short:                   0 (0.0%)
Pairs written (passing filters):       118,831 (100.0%)

Total basepairs processed:    35,649,300 bp
  Read 1:    17,824,650 bp
  Read 2:    17,824,650 bp
Total written (filtered):     28,709,125 bp (80.5%)
  Read 1:    14,091,717 bp
  Read 2:    14,617,408 bp

=== First read: Adapter 1 ===

Sequence: ACGTTGGATGTTTGTTACTATGGTAGATACCACAC; Type: regular 5'; Length: 35; Trimmed: 8280 times.

No. of allowed errors:
0-9 bp: 0; 10-19 bp: 1; 20-29 bp: 2; 30-35 bp: 3

Overview of removed sequences
length	count	expect	max.err	error counts
4	1	464.2	0	1
15	1	0.0	1	0 1
20	1	0.0	2	0 1
21	1	0.0	2	0 1
23	1	0.0	2	0 0 1
24	1	0.0	2	1
25	1	0.0	2	0 0 1
26	8	0.0	2	2 2 4
27	17	0.0	2	6 9 2
28	23	0.0	2	8 7 5 3
29	37	0.0	2	8 13 9 7
30	36	0.0	3	16 8 8 4
31	26	0.0	3	7 7 5 7
32	129	0.0	3	4 9 17 99
33	418	0.0	3	6 16 191 205
34	1097	0.0	3	15 402 377 303
35	3788	0.0	3	1343 1260 740 445
36	899	0.0	3	1 277 411 210
37	682	0.0	3	0 0 486 196
38	1109	0.0	3	0 0 1 1108
39	2	0.0	3	0 0 0 2
53	1	0.0	3	0 0 0 1
55	1	0.0	3	0 1

=== First read: Adapter 2 ===

Sequence: ACGTTGGATGTTTGTTACTAAGGTAGATACCACTC; Type: regular 5'; Length: 35; Trimmed: 6077 times.

No. of allowed errors:
0-9 bp: 0; 10-19 bp: 1; 20-29 bp: 2; 30-35 bp: 3

Overview of removed sequences
length	count	expect	max.err	error counts
14	1	0.0	1	1
21	1	0.0	2	0 0 1
22	1	0.0	2	0 0 1
23	5	0.0	2	3 2
25	1	0.0	2	1
26	12	0.0	2	4 6 2
27	20	0.0	2	13 5 2
28	21	0.0	2	8 6 6 1
29	50	0.0	2	17 18 11 4
30	83	0.0	3	40 26 9 8
31	89	0.0	3	36 33 14 6
32	130	0.0	3	47 34 27 22
33	202	0.0	3	38 32 82 50
34	811	0.0	3	71 433 164 143
35	3874	0.0	3	2464 833 372 205
36	209	0.0	3	3 87 76 43
37	555	0.0	3	0 0 399 156
38	12	0.0	3	0 0 0 12

=== First read: Adapter 3 ===

Sequence: ACGTTGGATGTTTGTTACTGTGGTGGATACTAC; Type: regular 5'; Length: 33; Trimmed: 19544 times.

No. of allowed errors:
0-9 bp: 0; 10-19 bp: 1; 20-29 bp: 2; 30-33 bp: 3

Overview of removed sequences
length	count	expect	max.err	error counts
18	3	0.0	1	1 2
20	4	0.0	2	4
21	10	0.0	2	2 5 3
22	8	0.0	2	3 4 1
23	4	0.0	2	2 1 1
24	50	0.0	2	16 21 13
25	234	0.0	2	110 95 29
26	292	0.0	2	103 112 77
27	329	0.0	2	122 159 46 2
28	478	0.0	2	130 239 104 5
29	633	0.0	2	52 373 192 16
30	768	0.0	3	123 255 167 223
31	1463	0.0	3	103 486 528 346
32	2239	0.0	3	96 944 719 480
33	5574	0.0	3	1989 1678 1193 714
34	7287	0.0	3	1 3693 2586 1007
35	120	0.0	3	0 2 44 74
36	26	0.0	3	0 3 0 23
37	3	0.0	3	2 1
38	4	0.0	3	0 3 1
39	2	0.0	3	0 1 1
40	2	0.0	3	0 0 1 1
42	1	0.0	3	0 1
43	1	0.0	3	0 0 0 1
44	3	0.0	3	0 3
48	1	0.0	3	0 0 0 1
50	1	0.0	3	0 1
52	1	0.0	3	0 0 0 1
55	1	0.0	3	0 1
57	1	0.0	3	0 0 0 1
62	1	0.0	3	0 0 0 1

=== First read: Adapter 4 ===

Sequence: ACGTTGGATGTTTGTTACTGTTGTGGATACAAC; Type: regular 5'; Length: 33; Trimmed: 6592 times.

No. of allowed errors:
0-9 bp: 0; 10-19 bp: 1; 20-29 bp: 2; 30-33 bp: 3

Overview of removed sequences
length	count	expect	max.err	error counts
3	10	1856.7	0	10
12	1	0.0	1	0 1
14	1	0.0	1	1
20	1	0.0	2	0 0 1
21	2	0.0	2	1 1
23	1	0.0	2	0 0 1
24	14	0.0	2	6 6 2
25	120	0.0	2	51 54 15
26	75	0.0	2	43 21 11
27	45	0.0	2	22 17 6
28	74	0.0	2	43 20 11
29	67	0.0	2	26 25 13 3
30	99	0.0	3	41 30 17 11
31	194	0.0	3	29 44 63 58
32	685	0.0	3	65 314 152 154
33	4573	0.0	3	2270 1133 808 362
34	479	0.0	3	2 264 127 86
35	111	0.0	3	0 0 50 61
36	32	0.0	3	0 1 0 31
38	1	0.0	3	0 0 0 1
49	1	0.0	3	0 0 0 1
53	1	0.0	3	0 0 0 1
54	1	0.0	3	0 0 1
55	1	0.0	3	0 1
59	1	0.0	3	0 1
60	1	0.0	3	1
63	1	0.0	3	0 0 1

=== First read: Adapter 5 ===

Sequence: ACGTTGGATGTTTGTTACCGTTGTTGATACTAC; Type: regular 5'; Length: 33; Trimmed: 8287 times.

No. of allowed errors:
0-9 bp: 0; 10-19 bp: 1; 20-29 bp: 2; 30-33 bp: 3

Overview of removed sequences
length	count	expect	max.err	error counts
12	1	0.0	1	0 1
14	2	0.0	1	1 1
18	1	0.0	1	0 1
19	4	0.0	1	3 1
20	3	0.0	2	1 2
21	2	0.0	2	1 1
22	1	0.0	2	0 1
23	1	0.0	2	0 1
24	19	0.0	2	9 8 2
25	103	0.0	2	55 34 14
26	81	0.0	2	33 32 16
27	103	0.0	2	49 38 16
28	160	0.0	2	73 56 30 1
29	185	0.0	2	28 83 56 18
30	506	0.0	3	41 88 54 323
31	479	0.0	3	35 83 212 149
32	2001	0.0	3	50 488 1007 456
33	2377	0.0	3	1168 644 379 186
34	2188	0.0	3	0 1363 613 212
35	61	0.0	3	0 0 25 36
36	6	0.0	3	0 1 0 5
41	1	0.0	3	0 0 0 1
47	1	0.0	3	0 1
57	1	0.0	3	1

=== First read: Adapter 6 ===

Sequence: ACGTTGGATGAATATATGTGTGCTTATTTG; Type: regular 5'; Length: 30; Trimmed: 40 times.

No. of allowed errors:
0-9 bp: 0; 10-19 bp: 1; 20-29 bp: 2; 30 bp: 3

Overview of removed sequences
length	count	expect	max.err	error counts
3	34	1856.7	0	34
4	6	464.2	0	6

=== First read: Adapter 7 ===

Sequence: ACGTTGGATGGAAAAATAAACTGCAAATCATATTC; Type: regular 5'; Length: 35; Trimmed: 14643 times.

No. of allowed errors:
0-9 bp: 0; 10-19 bp: 1; 20-29 bp: 2; 30-35 bp: 3

Overview of removed sequences
length	count	expect	max.err	error counts
25	1	0.0	2	0 0 1
26	2	0.0	2	0 2
27	4	0.0	2	4
28	1	0.0	2	0 1
29	23	0.0	2	3 12 7 1
30	99	0.0	3	36 37 20 6
31	97	0.0	3	42 22 19 14
32	172	0.0	3	45 36 16 75
33	261	0.0	3	13 40 134 74
34	2417	0.0	3	44 1880 343 150
35	7933	0.0	3	5736 1289 462 446
36	3448	0.0	3	2 2880 418 148
37	130	0.0	3	0 0 78 52
38	55	0.0	3	0 0 0 55

=== First read: Adapter 8 ===

Sequence: ACGTTGGATGGAAAAATAAACTGTAAATCATATTC; Type: regular 5'; Length: 35; Trimmed: 2217 times.

No. of allowed errors:
0-9 bp: 0; 10-19 bp: 1; 20-29 bp: 2; 30-35 bp: 3

Overview of removed sequences
length	count	expect	max.err	error counts
17	1	0.0	1	0 1
30	4	0.0	3	0 1 1 2
31	5	0.0	3	1 1 1 2
32	122	0.0	3	2 0 2 118
33	45	0.0	3	0 3 21 21
34	439	0.0	3	7 267 64 101
35	1285	0.0	3	478 347 214 246
36	191	0.0	3	0 33 92 66
37	63	0.0	3	0 0 11 52
38	61	0.0	3	0 0 0 61
44	1	0.0	3	0 0 1

=== First read: Adapter 9 ===

Sequence: ACGTTGGATGGAAAAATAAATTGTAAATCATACTC; Type: regular 5'; Length: 35; Trimmed: 16337 times.

No. of allowed errors:
0-9 bp: 0; 10-19 bp: 1; 20-29 bp: 2; 30-35 bp: 3

Overview of removed sequences
length	count	expect	max.err	error counts
27	1	0.0	2	1
28	1	0.0	2	1
29	1	0.0	2	0 0 1
30	18	0.0	3	13 5
31	34	0.0	3	26 8
32	35	0.0	3	12 8 1 14
33	136	0.0	3	30 28 44 34
34	1064	0.0	3	487 389 136 52
35	14754	0.0	3	11024 2472 744 514
36	87	0.0	3	6 31 13 37
37	46	0.0	3	3 1 14 28
38	140	0.0	3	2 0 0 138
39	2	0.0	3	2
41	1	0.0	3	1
42	1	0.0	3	1
43	1	0.0	3	1
44	3	0.0	3	3
46	1	0.0	3	0 0 1
47	1	0.0	3	1
48	1	0.0	3	1
49	1	0.0	3	1
51	2	0.0	3	2
52	1	0.0	3	1
53	1	0.0	3	0 0 1
54	1	0.0	3	1
55	1	0.0	3	1
56	2	0.0	3	0 1 0 1

=== First read: Adapter 10 ===

Sequence: ACGTTGGATGAGATTAGGGAAAGTATTAGA; Type: regular 5'; Length: 30; Trimmed: 15 times.

No. of allowed errors:
0-9 bp: 0; 10-19 bp: 1; 20-29 bp: 2; 30 bp: 3

Overview of removed sequences
length	count	expect	max.err	error counts
3	13	1856.7	0	13
4	1	464.2	0	1
30	1	0.0	3	1

=== First read: Adapter 11 ===

Sequence: ACGTTGGATGGAAAAATAAATTGTAAATCAAATTC; Type: regular 5'; Length: 35; Trimmed: 6780 times.

No. of allowed errors:
0-9 bp: 0; 10-19 bp: 1; 20-29 bp: 2; 30-35 bp: 3

Overview of removed sequences
length	count	expect	max.err	error counts
24	1	0.0	2	1
30	5	0.0	3	3 0 2
31	5	0.0	3	3 0 0 2
32	1	0.0	3	0 0 0 1
33	21	0.0	3	6 2 9 4
34	157	0.0	3	29 82 26 20
35	6481	0.0	3	4932 1090 323 136
36	50	0.0	3	0 27 8 15
37	25	0.0	3	0 0 10 15
38	31	0.0	3	0 1 0 30
43	1	0.0	3	1
44	1	0.0	3	1
46	1	0.0	3	1

=== First read: Adapter 12 ===

Sequence: ACGTTGGATGGAAAAATAAACTGTAAATCATATTCCT; Type: regular 5'; Length: 37; Trimmed: 19600 times.

No. of allowed errors:
0-9 bp: 0; 10-19 bp: 1; 20-29 bp: 2; 30-37 bp: 3

Overview of removed sequences
length	count	expect	max.err	error counts
3	6	1856.7	0	6
17	1	0.0	1	1
20	1	0.0	2	0 1
27	2	0.0	2	0 1 1
28	2	0.0	2	0 2
29	2	0.0	2	0 0 1 1
30	6	0.0	3	0 1 2 3
31	32	0.0	3	0 18 10 4
32	29	0.0	3	2 10 6 11
33	47	0.0	3	2 29 9 7
34	92	0.0	3	2 23 16 51
35	1471	0.0	3	3 53 1102 313
36	8182	0.0	3	11 5628 1677 866
37	7102	0.0	3	1138 4215 1269 480
38	1129	0.0	3	1 188 695 245
39	1383	0.0	3	0 0 341 1042
40	111	0.0	3	0 0 0 111
44	1	0.0	3	0 0 0 1
45	1	0.0	3	0 0 1

=== Second read: Adapter 13 ===

Sequence: ACGTTGGATGTTTGTTACTATGGTAGATACCACAC; Type: regular 5'; Length: 35; Trimmed: 6884 times.

No. of allowed errors:
0-9 bp: 0; 10-19 bp: 1; 20-29 bp: 2; 30-35 bp: 3

Overview of removed sequences
length	count	expect	max.err	error counts
3	3	1856.7	0	3
4	6	464.2	0	6
9	1	0.5	0	1
19	1	0.0	1	0 0 1
20	1	0.0	2	0 0 1
21	1	0.0	2	0 0 1
26	1	0.0	2	0 1
28	5	0.0	2	0 2 0 3
29	8	0.0	2	0 0 4 4
30	8	0.0	3	1 1 6
31	11	0.0	3	0 1 5 5
32	109	0.0	3	0 3 7 99
33	588	0.0	3	9 4 247 328
34	593	0.0	3	3 120 226 244
35	3361	0.0	3	716 1001 950 694
36	695	0.0	3	0 133 333 229
37	682	0.0	3	0 0 394 288
38	786	0.0	3	0 0 1 785
39	1	0.0	3	0 0 0 1
41	1	0.0	3	0 0 0 1
42	3	0.0	3	0 0 0 3
43	2	0.0	3	0 1 1
44	4	0.0	3	0 0 2 2
45	1	0.0	3	0 0 1
46	1	0.0	3	0 0 1
47	3	0.0	3	1 0 1 1
48	1	0.0	3	0 0 1
49	1	0.0	3	0 0 0 1
50	1	0.0	3	0 0 0 1
51	1	0.0	3	0 1
53	2	0.0	3	0 2
55	1	0.0	3	0 1
60	1	0.0	3	0 1

=== Second read: Adapter 14 ===

Sequence: ACGTTGGATGTTTGTTACTGTGGTGGATACTAC; Type: regular 5'; Length: 33; Trimmed: 22366 times.

No. of allowed errors:
0-9 bp: 0; 10-19 bp: 1; 20-29 bp: 2; 30-33 bp: 3

Overview of removed sequences
length	count	expect	max.err	error counts
3	5	1856.7	0	5
14	1	0.0	1	1
17	1	0.0	1	1
18	1	0.0	1	1
19	3	0.0	1	1 2
20	2	0.0	2	0 1 1
21	3	0.0	2	1 1 1
22	3	0.0	2	0 0 3
23	1	0.0	2	0 1
24	8	0.0	2	3 2 3
25	17	0.0	2	4 7 6
26	20	0.0	2	9 6 5
27	37	0.0	2	16 12 9
28	65	0.0	2	11 26 28
29	117	0.0	2	18 49 46 4
30	629	0.0	3	20 61 85 463
31	1751	0.0	3	32 67 514 1138
32	2531	0.0	3	31 857 877 766
33	5727	0.0	3	2066 1733 1182 746
34	10746	0.0	3	0 4962 3959 1825
35	145	0.0	3	0 4 63 78
36	35	0.0	3	0 1 1 33
37	4	0.0	3	0 0 0 4
38	9	0.0	3	1 0 2 6
39	33	0.0	3	0 1 8 24
40	29	0.0	3	2 3 15 9
41	71	0.0	3	16 20 20 15
42	79	0.0	3	10 29 16 24
43	35	0.0	3	2 11 15 7
44	25	0.0	3	7 10 4 4
45	38	0.0	3	8 9 11 10
46	24	0.0	3	2 7 8 7
47	18	0.0	3	1 5 7 5
48	15	0.0	3	0 5 6 4
49	24	0.0	3	8 2 7 7
50	23	0.0	3	0 4 7 12
51	21	0.0	3	7 6 6 2
52	14	0.0	3	2 3 4 5
53	13	0.0	3	2 5 5 1
54	17	0.0	3	0 6 4 7
55	6	0.0	3	0 1 3 2
56	6	0.0	3	2 2 1 1
57	2	0.0	3	2
58	3	0.0	3	0 0 1 2
59	2	0.0	3	0 1 1
62	1	0.0	3	1
63	2	0.0	3	0 1 0 1
64	2	0.0	3	0 2
65	2	0.0	3	1 1

=== Second read: Adapter 15 ===

Sequence: ACGTTGGATGTTTGTTACTGTTGTGGATACAAC; Type: regular 5'; Length: 33; Trimmed: 10233 times.

No. of allowed errors:
0-9 bp: 0; 10-19 bp: 1; 20-29 bp: 2; 30-33 bp: 3

Overview of removed sequences
length	count	expect	max.err	error counts
3	299	1856.7	0	299
18	1	0.0	1	0 1
19	1	0.0	1	0 0 1
21	1	0.0	2	0 0 1
24	3	0.0	2	0 2 1
26	8	0.0	2	3 4 1
27	10	0.0	2	3 4 3
28	10	0.0	2	1 3 5 1
29	25	0.0	2	3 12 10
30	35	0.0	3	2 13 9 11
31	275	0.0	3	13 18 75 169
32	1281	0.0	3	12 456 408 405
33	6796	0.0	3	1680 1529 2492 1095
34	868	0.0	3	0 371 255 242
35	149	0.0	3	0 1 47 101
36	90	0.0	3	0 0 0 90
38	1	0.0	3	1
39	2	0.0	3	0 0 0 2
40	13	0.0	3	4 3 5 1
41	71	0.0	3	20 13 21 17
42	49	0.0	3	10 17 14 8
43	11	0.0	3	0 4 2 5
44	31	0.0	3	8 11 11 1
45	23	0.0	3	7 8 5 3
46	13	0.0	3	5 5 1 2
47	11	0.0	3	4 2 3 2
48	12	0.0	3	3 3 2 4
49	22	0.0	3	7 4 8 3
50	13	0.0	3	6 2 4 1
51	16	0.0	3	4 3 7 2
52	18	0.0	3	5 5 6 2
53	27	0.0	3	4 10 9 4
54	10	0.0	3	2 6 1 1
55	4	0.0	3	3 1
56	1	0.0	3	0 1
57	11	0.0	3	3 2 5 1
58	2	0.0	3	1 0 0 1
59	1	0.0	3	0 1
60	4	0.0	3	1 1 1 1
61	1	0.0	3	0 0 1
62	1	0.0	3	1
63	4	0.0	3	2 1 0 1
64	4	0.0	3	3 1
65	4	0.0	3	2 1 1
82	1	0.0	3	1

=== Second read: Adapter 16 ===

Sequence: ACGTTGGATGTTTGTTACCGTTGTTGATACTAC; Type: regular 5'; Length: 33; Trimmed: 7367 times.

No. of allowed errors:
0-9 bp: 0; 10-19 bp: 1; 20-29 bp: 2; 30-33 bp: 3

Overview of removed sequences
length	count	expect	max.err	error counts
15	1	0.0	1	0 1
18	2	0.0	1	0 2
19	1	0.0	1	1
22	1	0.0	2	0 1
24	1	0.0	2	0 0 1
25	6	0.0	2	0 4 2
26	9	0.0	2	3 3 3
27	18	0.0	2	7 4 5 2
28	29	0.0	2	7 15 5 2
29	51	0.0	2	8 20 20 3
30	479	0.0	3	7 30 24 418
31	363	0.0	3	20 18 178 147
32	1315	0.0	3	14 454 484 363
33	2253	0.0	3	974 599 436 244
34	2620	0.0	3	0 1371 808 441
35	88	0.0	3	0 1 32 55
36	18	0.0	3	0 0 0 18
37	3	0.0	3	0 1 0 2
39	6	0.0	3	0 0 1 5
40	12	0.0	3	1 1 3 7
41	14	0.0	3	0 5 4 5
42	8	0.0	3	1 3 2 2
43	12	0.0	3	0 1 5 6
44	6	0.0	3	0 0 2 4
45	5	0.0	3	0 1 2 2
46	9	0.0	3	1 3 3 2
47	5	0.0	3	0 1 0 4
48	2	0.0	3	0 0 1 1
49	4	0.0	3	0 0 1 3
50	7	0.0	3	0 3 2 2
51	3	0.0	3	1 0 1 1
52	2	0.0	3	1 1
53	3	0.0	3	0 2 1
54	2	0.0	3	0 1 1
55	1	0.0	3	0 0 1
56	2	0.0	3	0 1 0 1
57	2	0.0	3	0 0 1 1
58	2	0.0	3	0 0 2
59	1	0.0	3	0 0 1
63	1	0.0	3	0 0 0 1

=== Second read: Adapter 17 ===

Sequence: ACGTTGGATGAATATATGTGTGCTTATTTG; Type: regular 5'; Length: 30; Trimmed: 110 times.

No. of allowed errors:
0-9 bp: 0; 10-19 bp: 1; 20-29 bp: 2; 30 bp: 3

Overview of removed sequences
length	count	expect	max.err	error counts
3	102	1856.7	0	102
4	3	464.2	0	3
5	4	116.0	0	4
6	1	29.0	0	1

=== Second read: Adapter 18 ===

Sequence: ACGTTGGATGTTTGTTACTAAGGTAGATACCACTC; Type: regular 5'; Length: 35; Trimmed: 5858 times.

No. of allowed errors:
0-9 bp: 0; 10-19 bp: 1; 20-29 bp: 2; 30-35 bp: 3

Overview of removed sequences
length	count	expect	max.err	error counts
3	1	1856.7	0	1
4	2	464.2	0	2
22	2	0.0	2	1 0 1
24	1	0.0	2	0 1
26	2	0.0	2	2
27	2	0.0	2	1 1
28	6	0.0	2	3 1 2
29	6	0.0	2	1 4 1
30	21	0.0	3	10 1 5 5
31	32	0.0	3	8 5 7 12
32	43	0.0	3	9 12 3 19
33	213	0.0	3	19 21 78 95
34	704	0.0	3	22 280 180 222
35	3912	0.0	3	1793 1045 647 427
36	305	0.0	3	2 96 116 91
37	563	0.0	3	0 0 320 243
38	14	0.0	3	0 0 0 14
41	2	0.0	3	0 0 1 1
42	1	0.0	3	0 1
43	6	0.0	3	2 2 0 2
44	3	0.0	3	1 1 0 1
46	3	0.0	3	1 0 1 1
47	4	0.0	3	3 0 0 1
49	2	0.0	3	2
52	1	0.0	3	0 0 1
54	2	0.0	3	1 0 1
55	3	0.0	3	2 1
57	1	0.0	3	0 0 0 1
67	1	0.0	3	0 0 0 1

=== Second read: Adapter 19 ===

Sequence: ACGTTGGATGGAAAAATAAACTGCAAATCATATTC; Type: regular 5'; Length: 35; Trimmed: 8990 times.

No. of allowed errors:
0-9 bp: 0; 10-19 bp: 1; 20-29 bp: 2; 30-35 bp: 3

Overview of removed sequences
length	count	expect	max.err	error counts
3	14	1856.7	0	14
17	1	0.0	1	0 1
18	1	0.0	1	1
22	1	0.0	2	1
26	2	0.0	2	0 0 2
28	3	0.0	2	0 1 1 1
29	2	0.0	2	1 0 1
30	22	0.0	3	6 5 6 5
31	29	0.0	3	4 14 9 2
32	92	0.0	3	11 14 2 65
33	167	0.0	3	9 9 92 57
34	2562	0.0	3	10 1487 630 435
35	4690	0.0	3	2495 1075 659 461
36	1184	0.0	3	0 704 280 200
37	135	0.0	3	1 0 86 48
38	55	0.0	3	0 0 0 55
42	1	0.0	3	0 0 0 1
43	6	0.0	3	3 1 1 1
44	5	0.0	3	0 1 2 2
45	5	0.0	3	1 0 3 1
46	2	0.0	3	1 0 0 1
47	1	0.0	3	0 1
48	1	0.0	3	0 1
51	3	0.0	3	0 2 1
52	2	0.0	3	0 1 1
53	2	0.0	3	1 1
55	1	0.0	3	0 0 0 1
69	1	0.0	3	0 0 1

=== Second read: Adapter 20 ===

Sequence: ACGTTGGATGAGATTAGGGAAAGTATTAGA; Type: regular 5'; Length: 30; Trimmed: 9 times.

No. of allowed errors:
0-9 bp: 0; 10-19 bp: 1; 20-29 bp: 2; 30 bp: 3

Overview of removed sequences
length	count	expect	max.err	error counts
3	8	1856.7	0	8
4	1	464.2	0	1

=== Second read: Adapter 21 ===

Sequence: ACGTTGGATGGAAAAATAAATTGTAAATCATACTC; Type: regular 5'; Length: 35; Trimmed: 10983 times.

No. of allowed errors:
0-9 bp: 0; 10-19 bp: 1; 20-29 bp: 2; 30-35 bp: 3

Overview of removed sequences
length	count	expect	max.err	error counts
19	1	0.0	1	0 1
20	1	0.0	2	0 0 1
23	1	0.0	2	0 0 1
26	1	0.0	2	1
29	1	0.0	2	0 0 0 1
30	4	0.0	3	3 1
31	8	0.0	3	3 2 3
32	24	0.0	3	1 1 0 22
33	205	0.0	3	9 4 81 111
34	482	0.0	3	59 191 132 100
35	9918	0.0	3	5153 2340 1237 1188
36	88	0.0	3	0 27 17 44
37	46	0.0	3	4 0 14 28
38	53	0.0	3	2 0 0 51
40	2	0.0	3	1 1
42	10	0.0	3	2 4 2 2
43	35	0.0	3	11 9 7 8
44	11	0.0	3	3 1 2 5
45	6	0.0	3	3 3
46	12	0.0	3	3 6 1 2
47	14	0.0	3	9 1 2 2
48	5	0.0	3	4 0 0 1
49	8	0.0	3	4 2 1 1
50	6	0.0	3	2 1 1 2
51	3	0.0	3	3
52	8	0.0	3	3 3 1 1
53	9	0.0	3	3 4 2
54	8	0.0	3	4 3 0 1
55	3	0.0	3	0 2 1
56	1	0.0	3	0 1
57	4	0.0	3	1 1 1 1
61	2	0.0	3	1 0 0 1
67	1	0.0	3	0 0 0 1
68	1	0.0	3	0 0 0 1
69	1	0.0	3	1

=== Second read: Adapter 22 ===

Sequence: ACGTTGGATGGAAAAATAAACTGTAAATCATATTCCT; Type: regular 5'; Length: 37; Trimmed: 14206 times.

No. of allowed errors:
0-9 bp: 0; 10-19 bp: 1; 20-29 bp: 2; 30-37 bp: 3

Overview of removed sequences
length	count	expect	max.err	error counts
3	54	1856.7	0	54
4	80	464.2	0	80
19	3	0.0	1	0 0 3
20	2	0.0	2	1 0 1
21	1	0.0	2	0 0 1
22	1	0.0	2	0 1
30	5	0.0	3	0 3 2
31	9	0.0	3	0 5 3 1
32	22	0.0	3	2 10 4 6
33	23	0.0	3	1 7 10 5
34	242	0.0	3	1 7 12 222
35	2355	0.0	3	0 12 1423 920
36	5136	0.0	3	0 2584 1504 1048
37	4353	0.0	3	512 1947 1200 694
38	794	0.0	3	0 121 387 286
39	954	0.0	3	0 0 292 662
40	61	0.0	3	0 0 0 61
43	1	0.0	3	0 0 0 1
44	10	0.0	3	0 6 3 1
45	23	0.0	3	0 10 8 5
46	14	0.0	3	0 3 8 3
47	2	0.0	3	0 2
48	7	0.0	3	0 1 5 1
49	12	0.0	3	0 8 4
50	8	0.0	3	1 2 2 3
51	5	0.0	3	0 2 2 1
52	1	0.0	3	0 1
54	6	0.0	3	2 1 0 3
55	7	0.0	3	0 3 4
56	3	0.0	3	0 2 0 1
57	3	0.0	3	0 2 0 1
58	3	0.0	3	0 1 1 1
59	1	0.0	3	0 0 1
61	1	0.0	3	0 0 1
63	1	0.0	3	0 1
66	1	0.0	3	0 1
67	2	0.0	3	0 1 0 1

=== Second read: Adapter 23 ===

Sequence: ACGTTGGATGGAAAAATAAACTGTAAATCATATTC; Type: regular 5'; Length: 35; Trimmed: 1438 times.

No. of allowed errors:
0-9 bp: 0; 10-19 bp: 1; 20-29 bp: 2; 30-35 bp: 3

Overview of removed sequences
length	count	expect	max.err	error counts
18	1	0.0	1	0 1
19	1	0.0	1	0 1
20	1	0.0	2	0 1
22	2	0.0	2	0 1 1
26	1	0.0	2	0 0 1
27	1	0.0	2	0 0 1
30	3	0.0	3	0 0 0 3
31	5	0.0	3	0 0 1 4
32	203	0.0	3	0 0 0 203
33	44	0.0	3	0 0 11 33
34	407	0.0	3	0 0 87 320
35	660	0.0	3	0 0 194 466
36	71	0.0	3	0 0 1 70
37	21	0.0	3	0 0 2 19
38	6	0.0	3	0 0 0 6
41	1	0.0	3	0 0 0 1
42	1	0.0	3	0 0 0 1
43	1	0.0	3	0 0 0 1
44	1	0.0	3	0 0 0 1
45	1	0.0	3	0 0 0 1
46	1	0.0	3	0 0 0 1
47	1	0.0	3	0 0 0 1
50	1	0.0	3	0 0 0 1
51	1	0.0	3	0 0 0 1
55	1	0.0	3	0 0 0 1
62	1	0.0	3	0 0 0 1

=== Second read: Adapter 24 ===

Sequence: ACGTTGGATGGAAAAATAAATTGTAAATCAAATTC; Type: regular 5'; Length: 35; Trimmed: 4977 times.

No. of allowed errors:
0-9 bp: 0; 10-19 bp: 1; 20-29 bp: 2; 30-35 bp: 3

Overview of removed sequences
length	count	expect	max.err	error counts
6	2	29.0	0	2
13	2	0.0	1	1 1
17	1	0.0	1	0 1
18	2	0.0	1	0 2
30	3	0.0	3	1 0 2
31	7	0.0	3	3 2 0 2
32	4	0.0	3	1 0 0 3
33	22	0.0	3	0 3 7 12
34	230	0.0	3	8 126 52 44
35	4541	0.0	3	2706 965 561 309
36	56	0.0	3	0 32 11 13
37	65	0.0	3	1 0 40 24
38	14	0.0	3	0 0 0 14
42	1	0.0	3	1
43	3	0.0	3	3
44	5	0.0	3	2 2 0 1
45	2	0.0	3	1 0 1
46	5	0.0	3	3 2
47	2	0.0	3	2
48	1	0.0	3	1
50	3	0.0	3	1 1 1
51	1	0.0	3	1
55	2	0.0	3	2
56	1	0.0	3	1
68	1	0.0	3	0 1
69	1	0.0	3	1

