This is cutadapt 1.18 with Python 3.5.5
Command line parameters: -g ACGTTGGATGTTTGTTACTATGGTAGATACCACAC -g ACGTTGGATGTTTGTTACTAAGGTAGATACCACTC -g ACGTTGGATGTTTGTTACTGTGGTGGATACTAC -g ACGTTGGATGTTTGTTACTGTTGTGGATACAAC -g ACGTTGGATGTTTGTTACCGTTGTTGATACTAC -g ACGTTGGATGAATATATGTGTGCTTATTTG -G ACGTTGGATGTTTGTTACTATGGTAGATACCACAC -G ACGTTGGATGTTTGTTACTGTGGTGGATACTAC -G ACGTTGGATGTTTGTTACTGTTGTGGATACAAC -G ACGTTGGATGTTTGTTACCGTTGTTGATACTAC -G ACGTTGGATGAATATATGTGTGCTTATTTG -G ACGTTGGATGTTTGTTACTAAGGTAGATACCACTC -g ACGTTGGATGGAAAAATAAACTGCAAATCATATTC -g ACGTTGGATGGAAAAATAAACTGTAAATCATATTC -g ACGTTGGATGGAAAAATAAATTGTAAATCATACTC -g ACGTTGGATGAGATTAGGGAAAGTATTAGA -g ACGTTGGATGGAAAAATAAATTGTAAATCAAATTC -g ACGTTGGATGGAAAAATAAACTGTAAATCATATTCCT -G ACGTTGGATGGAAAAATAAACTGCAAATCATATTC -G ACGTTGGATGAGATTAGGGAAAGTATTAGA -G ACGTTGGATGGAAAAATAAATTGTAAATCATACTC -G ACGTTGGATGGAAAAATAAACTGTAAATCATATTCCT -G ACGTTGGATGGAAAAATAAACTGTAAATCATATTC -G ACGTTGGATGGAAAAATAAATTGTAAATCAAATTC --minimum-length=1 -o /data/projects/mdc-971/data_from_June_2019/30.primer_trimmed/180439_S60_cutadapt.1.fq.gz -p /data/projects/mdc-971/data_from_June_2019/30.primer_trimmed/180439_S60_cutadapt.2.fq.gz /data/projects/mdc-971/data_from_June_2019/20.trim_151st_nt/180439_S60_R1_001.bbduked.fastq.gz /data/projects/mdc-971/data_from_June_2019/20.trim_151st_nt/180439_S60_R2_001.bbduked.fastq.gz
Processing reads on 1 core in paired-end mode ...
Finished in 205.41 s (380 us/read; 0.16 M reads/minute).

=== Summary ===

Total read pairs processed:            540,096
  Read 1 with adapter:                 472,546 (87.5%)
  Read 2 with adapter:                 390,099 (72.2%)
Pairs that were too short:                   0 (0.0%)
Pairs written (passing filters):       540,096 (100.0%)

Total basepairs processed:   162,028,800 bp
  Read 1:    81,014,400 bp
  Read 2:    81,014,400 bp
Total written (filtered):    132,521,426 bp (81.8%)
  Read 1:    64,804,280 bp
  Read 2:    67,717,146 bp

=== First read: Adapter 1 ===

Sequence: ACGTTGGATGTTTGTTACTATGGTAGATACCACAC; Type: regular 5'; Length: 35; Trimmed: 42941 times.

No. of allowed errors:
0-9 bp: 0; 10-19 bp: 1; 20-29 bp: 2; 30-35 bp: 3

Overview of removed sequences
length	count	expect	max.err	error counts
3	8	8439.0	0	8
4	6	2109.8	0	6
11	1	0.1	1	0 1
14	3	0.0	1	3
18	7	0.0	1	1 4 2
19	4	0.0	1	4
20	2	0.0	2	1 1
21	8	0.0	2	5 2 1
22	11	0.0	2	2 7 2
23	15	0.0	2	6 7 2
24	3	0.0	2	1 0 2
25	10	0.0	2	2 2 6
26	78	0.0	2	30 26 22
27	128	0.0	2	56 48 22 2
28	185	0.0	2	85 51 35 14
29	364	0.0	2	155 105 77 27
30	726	0.0	3	321 189 122 94
31	412	0.0	3	94 146 102 70
32	864	0.0	3	142 209 174 339
33	2133	0.0	3	112 216 932 873
34	7141	0.0	3	158 3017 2092 1874
35	23646	0.0	3	9178 7727 4013 2728
36	3651	0.0	3	7 1313 1414 917
37	1441	0.0	3	0 2 839 600
38	2075	0.0	3	0 0 0 2075
39	8	0.0	3	0 0 1 7
41	1	0.0	3	0 0 1
42	1	0.0	3	0 0 0 1
44	1	0.0	3	0 0 1
48	1	0.0	3	0 0 0 1
49	1	0.0	3	1
51	1	0.0	3	0 1
55	1	0.0	3	0 1
57	2	0.0	3	0 0 1 1
58	1	0.0	3	0 0 1
60	1	0.0	3	0 0 1

=== First read: Adapter 2 ===

Sequence: ACGTTGGATGTTTGTTACTAAGGTAGATACCACTC; Type: regular 5'; Length: 35; Trimmed: 17175 times.

No. of allowed errors:
0-9 bp: 0; 10-19 bp: 1; 20-29 bp: 2; 30-35 bp: 3

Overview of removed sequences
length	count	expect	max.err	error counts
3	1	8439.0	0	1
4	3	2109.8	0	3
14	1	0.0	1	0 1
15	3	0.0	1	3
18	5	0.0	1	1 4
19	1	0.0	1	1
20	1	0.0	2	0 1
21	5	0.0	2	2 2 1
22	2	0.0	2	0 1 1
23	3	0.0	2	0 2 1
24	1	0.0	2	0 1
25	1	0.0	2	0 0 1
26	23	0.0	2	13 8 2
27	47	0.0	2	20 21 6
28	60	0.0	2	37 14 6 3
29	138	0.0	2	56 52 22 8
30	315	0.0	3	154 101 39 21
31	245	0.0	3	112 63 47 23
32	360	0.0	3	122 110 67 61
33	620	0.0	3	112 125 209 174
34	2482	0.0	3	218 1202 582 480
35	11162	0.0	3	6713 2437 1311 701
36	751	0.0	3	5 322 254 170
37	800	0.0	3	0 0 542 258
38	132	0.0	3	0 0 1 131
39	1	0.0	3	0 0 1
43	1	0.0	3	0 1
44	1	0.0	3	1
49	1	0.0	3	0 0 1
51	1	0.0	3	0 1
54	1	0.0	3	1
55	1	0.0	3	1
56	1	0.0	3	1
62	1	0.0	3	0 0 1
65	2	0.0	3	0 2
66	1	0.0	3	0 1
94	1	0.0	3	0 0 1

=== First read: Adapter 3 ===

Sequence: ACGTTGGATGTTTGTTACTGTGGTGGATACTAC; Type: regular 5'; Length: 33; Trimmed: 84651 times.

No. of allowed errors:
0-9 bp: 0; 10-19 bp: 1; 20-29 bp: 2; 30-33 bp: 3

Overview of removed sequences
length	count	expect	max.err	error counts
3	8	8439.0	0	8
4	4	2109.8	0	4
12	1	0.0	1	1
14	8	0.0	1	6 2
15	2	0.0	1	1 1
16	9	0.0	1	6 3
17	6	0.0	1	6
18	11	0.0	1	10 1
19	47	0.0	1	26 18 3
20	92	0.0	2	62 22 8
21	90	0.0	2	51 33 6
22	42	0.0	2	12 18 12
23	43	0.0	2	12 14 17
24	422	0.0	2	209 160 53
25	1076	0.0	2	515 388 173
26	1489	0.0	2	698 535 256
27	2126	0.0	2	1141 731 246 8
28	2535	0.0	2	1166 929 423 17
29	2345	0.0	2	471 1122 636 116
30	4206	0.0	3	944 1149 714 1399
31	5882	0.0	3	508 1388 2196 1790
32	10930	0.0	3	686 4189 3670 2385
33	33285	0.0	3	13758 9806 5975 3746
34	18786	0.0	3	3 8883 6863 3037
35	773	0.0	3	2 6 294 471
36	362	0.0	3	0 4 2 356
37	10	0.0	3	2 3 4 1
38	11	0.0	3	0 4 5 2
39	3	0.0	3	0 0 1 2
40	6	0.0	3	1 4 1
41	10	0.0	3	1 3 3 3
42	6	0.0	3	0 3 2 1
43	2	0.0	3	0 1 1
44	2	0.0	3	0 1 1
45	4	0.0	3	2 0 1 1
47	3	0.0	3	0 1 1 1
48	3	0.0	3	1 1 1
49	1	0.0	3	0 1
50	1	0.0	3	0 0 1
52	1	0.0	3	0 1
54	2	0.0	3	1 1
57	1	0.0	3	0 1
58	1	0.0	3	0 0 0 1
59	1	0.0	3	0 1
61	1	0.0	3	1
64	1	0.0	3	0 1
100	1	0.0	3	0 0 1

=== First read: Adapter 4 ===

Sequence: ACGTTGGATGTTTGTTACTGTTGTGGATACAAC; Type: regular 5'; Length: 33; Trimmed: 36321 times.

No. of allowed errors:
0-9 bp: 0; 10-19 bp: 1; 20-29 bp: 2; 30-33 bp: 3

Overview of removed sequences
length	count	expect	max.err	error counts
3	36	8439.0	0	36
11	1	0.1	1	1
14	2	0.0	1	0 2
16	1	0.0	1	0 1
18	1	0.0	1	1
19	4	0.0	1	1 3
20	11	0.0	2	7 2 2
21	14	0.0	2	10 3 1
22	5	0.0	2	2 3
23	2	0.0	2	1 1
24	62	0.0	2	22 32 8
25	357	0.0	2	149 132 76
26	261	0.0	2	138 85 38
27	214	0.0	2	113 76 25
28	388	0.0	2	212 117 55 4
29	306	0.0	2	134 96 64 12
30	499	0.0	3	164 137 98 100
31	1047	0.0	3	160 200 333 354
32	4450	0.0	3	332 2016 1029 1073
33	24976	0.0	3	12242 5900 4695 2139
34	2362	0.0	3	9 1143 671 539
35	812	0.0	3	1 0 383 428
36	491	0.0	3	0 0 0 491
37	2	0.0	3	0 0 0 2
41	2	0.0	3	1 1
42	1	0.0	3	0 0 0 1
44	1	0.0	3	0 0 1
49	1	0.0	3	1
51	2	0.0	3	0 0 1 1
52	1	0.0	3	0 1
54	1	0.0	3	0 0 0 1
56	1	0.0	3	1
58	1	0.0	3	0 0 1
61	1	0.0	3	0 1
63	2	0.0	3	1 1
65	1	0.0	3	1
87	1	0.0	3	1
123	1	0.0	3	1

=== First read: Adapter 5 ===

Sequence: ACGTTGGATGTTTGTTACCGTTGTTGATACTAC; Type: regular 5'; Length: 33; Trimmed: 47792 times.

No. of allowed errors:
0-9 bp: 0; 10-19 bp: 1; 20-29 bp: 2; 30-33 bp: 3

Overview of removed sequences
length	count	expect	max.err	error counts
11	7	0.1	1	7
14	7	0.0	1	4 3
15	1	0.0	1	0 1
16	2	0.0	1	0 2
17	5	0.0	1	4 1
18	6	0.0	1	2 4
19	12	0.0	1	7 3 2
20	19	0.0	2	13 5 1
21	20	0.0	2	14 4 2
22	5	0.0	2	0 4 1
23	9	0.0	2	3 3 3
24	135	0.0	2	75 40 20
25	386	0.0	2	229 100 57
26	521	0.0	2	243 186 92
27	982	0.0	2	583 300 93 6
28	1313	0.0	2	715 396 180 22
29	1044	0.0	2	269 406 266 103
30	3822	0.0	3	655 643 423 2101
31	3214	0.0	3	355 643 1048 1168
32	9748	0.0	3	392 2517 4431 2408
33	18422	0.0	3	9274 4956 2775 1417
34	6903	0.0	3	1 3677 2171 1054
35	1035	0.0	3	1 2 317 715
36	150	0.0	3	0 0 1 149
37	5	0.0	3	1 3 1
38	1	0.0	3	0 1
39	1	0.0	3	0 0 0 1
41	2	0.0	3	0 2
45	1	0.0	3	0 0 0 1
46	2	0.0	3	0 0 1 1
49	1	0.0	3	0 0 1
53	3	0.0	3	0 0 2 1
54	2	0.0	3	0 0 2
55	1	0.0	3	0 1
56	1	0.0	3	0 0 1
61	1	0.0	3	0 0 1
62	1	0.0	3	0 0 0 1
65	1	0.0	3	0 0 0 1
110	1	0.0	3	0 0 0 1

=== First read: Adapter 6 ===

Sequence: ACGTTGGATGAATATATGTGTGCTTATTTG; Type: regular 5'; Length: 30; Trimmed: 299 times.

No. of allowed errors:
0-9 bp: 0; 10-19 bp: 1; 20-29 bp: 2; 30 bp: 3

Overview of removed sequences
length	count	expect	max.err	error counts
3	245	8439.0	0	245
4	38	2109.8	0	38
5	7	527.4	0	7
28	1	0.0	2	1
29	1	0.0	2	1
30	6	0.0	3	4 2
31	1	0.0	3	0 0 0 1

=== First read: Adapter 7 ===

Sequence: ACGTTGGATGGAAAAATAAACTGCAAATCATATTC; Type: regular 5'; Length: 35; Trimmed: 66690 times.

No. of allowed errors:
0-9 bp: 0; 10-19 bp: 1; 20-29 bp: 2; 30-35 bp: 3

Overview of removed sequences
length	count	expect	max.err	error counts
3	1	8439.0	0	1
6	1	131.9	0	1
13	1	0.0	1	1
16	1	0.0	1	0 1
18	4	0.0	1	3 1
19	2	0.0	1	2
20	1	0.0	2	0 1
22	4	0.0	2	1 2 1
23	4	0.0	2	1 1 2
24	3	0.0	2	0 3
25	5	0.0	2	3 1 1
26	8	0.0	2	6 2
27	10	0.0	2	5 3 1 1
28	16	0.0	2	7 4 2 3
29	64	0.0	2	11 27 20 6
30	334	0.0	3	134 115 57 28
31	272	0.0	3	127 69 53 23
32	768	0.0	3	126 98 51 493
33	1272	0.0	3	60 98 651 463
34	9728	0.0	3	204 7227 1485 812
35	37023	0.0	3	26380 5997 2411 2235
36	15843	0.0	3	1 12514 2288 1040
37	1038	0.0	3	0 0 474 564
38	283	0.0	3	0 0 0 283
46	1	0.0	3	1
54	1	0.0	3	0 1
62	1	0.0	3	0 0 0 1
66	1	0.0	3	0 0 0 1

=== First read: Adapter 8 ===

Sequence: ACGTTGGATGGAAAAATAAACTGTAAATCATATTC; Type: regular 5'; Length: 35; Trimmed: 11452 times.

No. of allowed errors:
0-9 bp: 0; 10-19 bp: 1; 20-29 bp: 2; 30-35 bp: 3

Overview of removed sequences
length	count	expect	max.err	error counts
17	1	0.0	1	0 1
20	1	0.0	2	0 0 1
28	2	0.0	2	0 0 1 1
29	4	0.0	2	0 1 2 1
30	22	0.0	3	6 5 3 8
31	26	0.0	3	5 7 4 10
32	875	0.0	3	3 7 2 863
33	409	0.0	3	2 16 141 250
34	2449	0.0	3	9 1455 341 644
35	5381	0.0	3	1337 1512 1163 1369
36	1407	0.0	3	0 170 777 460
37	661	0.0	3	0 0 179 482
38	214	0.0	3	0 0 0 214

=== First read: Adapter 9 ===

Sequence: ACGTTGGATGGAAAAATAAATTGTAAATCATACTC; Type: regular 5'; Length: 35; Trimmed: 45269 times.

No. of allowed errors:
0-9 bp: 0; 10-19 bp: 1; 20-29 bp: 2; 30-35 bp: 3

Overview of removed sequences
length	count	expect	max.err	error counts
16	1	0.0	1	1
19	1	0.0	1	0 1
21	1	0.0	2	1
22	2	0.0	2	1 1
26	1	0.0	2	1
27	2	0.0	2	1 0 1
28	2	0.0	2	1 1
29	3	0.0	2	3
30	46	0.0	3	31 13 2
31	84	0.0	3	55 20 3 6
32	119	0.0	3	18 18 7 76
33	592	0.0	3	61 83 285 163
34	2994	0.0	3	1167 1238 413 176
35	40408	0.0	3	28651 7303 2444 2010
36	425	0.0	3	6 97 119 203
37	250	0.0	3	11 2 100 137
38	294	0.0	3	2 0 2 290
39	1	0.0	3	1
40	2	0.0	3	1 1
41	2	0.0	3	1 1
42	2	0.0	3	0 2
43	5	0.0	3	2 1 0 2
44	11	0.0	3	10 1
45	3	0.0	3	2 0 0 1
46	3	0.0	3	3
47	3	0.0	3	2 1
48	2	0.0	3	0 2
50	2	0.0	3	1 1
51	1	0.0	3	1
54	1	0.0	3	1
55	2	0.0	3	2
56	1	0.0	3	1
57	1	0.0	3	0 0 0 1
59	1	0.0	3	0 0 1
62	1	0.0	3	0 1

=== First read: Adapter 10 ===

Sequence: ACGTTGGATGAGATTAGGGAAAGTATTAGA; Type: regular 5'; Length: 30; Trimmed: 61 times.

No. of allowed errors:
0-9 bp: 0; 10-19 bp: 1; 20-29 bp: 2; 30 bp: 3

Overview of removed sequences
length	count	expect	max.err	error counts
3	59	8439.0	0	59
29	1	0.0	2	0 1
30	1	0.0	3	0 1

=== First read: Adapter 11 ===

Sequence: ACGTTGGATGGAAAAATAAATTGTAAATCAAATTC; Type: regular 5'; Length: 35; Trimmed: 19988 times.

No. of allowed errors:
0-9 bp: 0; 10-19 bp: 1; 20-29 bp: 2; 30-35 bp: 3

Overview of removed sequences
length	count	expect	max.err	error counts
9	1	2.1	0	0 1
18	1	0.0	1	1
23	1	0.0	2	1
26	1	0.0	2	0 1
29	1	0.0	2	0 1
30	10	0.0	3	6 4
31	16	0.0	3	14 2
32	23	0.0	3	6 3 2 12
33	84	0.0	3	14 12 27 31
34	635	0.0	3	96 334 129 76
35	18702	0.0	3	13302 3526 1288 586
36	249	0.0	3	2 109 71 67
37	136	0.0	3	1 0 62 73
38	127	0.0	3	0 0 0 127
56	1	0.0	3	1

=== First read: Adapter 12 ===

Sequence: ACGTTGGATGGAAAAATAAACTGTAAATCATATTCCT; Type: regular 5'; Length: 37; Trimmed: 99907 times.

No. of allowed errors:
0-9 bp: 0; 10-19 bp: 1; 20-29 bp: 2; 30-37 bp: 3

Overview of removed sequences
length	count	expect	max.err	error counts
3	38	8439.0	0	38
19	5	0.0	1	2 2 1
20	6	0.0	2	2 4
21	7	0.0	2	2 2 3
22	1	0.0	2	0 1
24	1	0.0	2	1
26	3	0.0	2	1 2
27	3	0.0	2	1 1 1
28	8	0.0	2	0 5 3
29	3	0.0	2	1 1 1
30	21	0.0	3	1 8 7 5
31	110	0.0	3	2 51 39 18
32	189	0.0	3	16 87 59 27
33	190	0.0	3	22 87 54 27
34	407	0.0	3	12 77 95 223
35	6017	0.0	3	30 212 4520 1255
36	32537	0.0	3	103 21628 7062 3744
37	43640	0.0	3	10105 23678 7085 2772
38	7641	0.0	3	4 1112 4594 1931
39	7459	0.0	3	0 4 1917 5538
40	1608	0.0	3	0 1 0 1607
41	1	0.0	3	0 0 0 1
42	1	0.0	3	0 0 1
44	2	0.0	3	0 1 0 1
45	1	0.0	3	0 0 1
46	2	0.0	3	0 1 1
47	1	0.0	3	0 1
49	1	0.0	3	0 1
50	2	0.0	3	0 2
64	1	0.0	3	0 0 0 1
68	1	0.0	3	1

=== Second read: Adapter 13 ===

Sequence: ACGTTGGATGTTTGTTACTATGGTAGATACCACAC; Type: regular 5'; Length: 35; Trimmed: 38592 times.

No. of allowed errors:
0-9 bp: 0; 10-19 bp: 1; 20-29 bp: 2; 30-35 bp: 3

Overview of removed sequences
length	count	expect	max.err	error counts
3	8	8439.0	0	8
4	22	2109.8	0	22
6	1	131.9	0	1
9	2	2.1	0	2
10	2	0.5	1	1 1
13	2	0.0	1	0 2
14	5	0.0	1	5
16	2	0.0	1	1 1
17	1	0.0	1	1
18	7	0.0	1	2 3 2
19	8	0.0	1	0 3 5
20	17	0.0	2	4 4 9
21	6	0.0	2	0 3 3
22	12	0.0	2	3 3 6
23	7	0.0	2	1 3 3
24	6	0.0	2	0 4 2
25	6	0.0	2	1 1 4
26	19	0.0	2	5 7 7
27	18	0.0	2	4 6 6 2
28	53	0.0	2	18 21 14
29	89	0.0	2	30 21 24 14
30	174	0.0	3	35 47 43 49
31	189	0.0	3	32 37 67 53
32	381	0.0	3	21 46 77 237
33	2197	0.0	3	62 74 848 1213
34	4702	0.0	3	36 1376 1607 1683
35	23423	0.0	3	6177 7455 5633 4158
36	3702	0.0	3	4 1012 1397 1289
37	1875	0.0	3	0 0 896 979
38	1567	0.0	3	0 0 0 1567
42	6	0.0	3	0 3 1 2
43	9	0.0	3	3 2 2 2
44	9	0.0	3	1 6 1 1
45	6	0.0	3	0 1 2 3
46	11	0.0	3	1 5 3 2
47	9	0.0	3	2 1 1 5
48	6	0.0	3	0 2 4
49	3	0.0	3	0 0 2 1
50	1	0.0	3	0 1
51	3	0.0	3	0 1 1 1
52	9	0.0	3	1 2 2 4
53	3	0.0	3	0 0 0 3
54	5	0.0	3	0 2 0 3
55	3	0.0	3	1 0 1 1
56	1	0.0	3	0 0 1
57	1	0.0	3	0 0 0 1
58	1	0.0	3	0 0 0 1
60	1	0.0	3	0 1
81	1	0.0	3	0 1
98	1	0.0	3	0 1

=== Second read: Adapter 14 ===

Sequence: ACGTTGGATGTTTGTTACTGTGGTGGATACTAC; Type: regular 5'; Length: 33; Trimmed: 83860 times.

No. of allowed errors:
0-9 bp: 0; 10-19 bp: 1; 20-29 bp: 2; 30-33 bp: 3

Overview of removed sequences
length	count	expect	max.err	error counts
3	54	8439.0	0	54
4	1	2109.8	0	1
5	9	527.4	0	9
6	1	131.9	0	1
7	1	33.0	0	1
8	2	8.2	0	2
9	1	2.1	0	1
10	1	0.5	1	0 1
12	2	0.0	1	2
13	4	0.0	1	3 1
14	14	0.0	1	6 8
15	7	0.0	1	5 2
16	8	0.0	1	2 6
17	17	0.0	1	9 8
18	34	0.0	1	11 23
19	54	0.0	1	24 18 12
20	86	0.0	2	22 44 20
21	54	0.0	2	19 17 18
22	32	0.0	2	3 19 10
23	36	0.0	2	4 20 12
24	139	0.0	2	52 46 41
25	206	0.0	2	38 89 79
26	376	0.0	2	110 161 105
27	326	0.0	2	122 120 83 1
28	345	0.0	2	109 143 82 11
29	444	0.0	2	77 165 158 44
30	3716	0.0	3	113 262 269 3072
31	7749	0.0	3	175 265 2241 5068
32	11971	0.0	3	131 3779 4405 3656
33	28110	0.0	3	10029 8692 5779 3610
34	27570	0.0	3	2 11786 10465 5317
35	695	0.0	3	1 4 244 446
36	393	0.0	3	1 3 1 388
37	7	0.0	3	0 2 1 4
38	33	0.0	3	0 2 5 26
39	52	0.0	3	0 0 13 39
40	74	0.0	3	8 16 20 30
41	185	0.0	3	28 57 56 44
42	156	0.0	3	24 38 55 39
43	104	0.0	3	7 19 37 41
44	111	0.0	3	25 35 28 23
45	118	0.0	3	25 29 33 31
46	97	0.0	3	17 24 17 39
47	49	0.0	3	3 8 10 28
48	49	0.0	3	5 9 11 24
49	75	0.0	3	16 18 12 29
50	65	0.0	3	11 17 17 20
51	56	0.0	3	10 18 9 19
52	53	0.0	3	10 21 13 9
53	44	0.0	3	5 18 14 7
54	21	0.0	3	4 9 5 3
55	10	0.0	3	0 2 4 4
56	12	0.0	3	2 4 4 2
57	9	0.0	3	2 6 1
58	1	0.0	3	1
59	3	0.0	3	1 0 1 1
60	3	0.0	3	0 0 2 1
61	5	0.0	3	1 4
62	3	0.0	3	0 0 3
63	2	0.0	3	0 1 1
64	1	0.0	3	0 1
65	4	0.0	3	2 1 1

=== Second read: Adapter 15 ===

Sequence: ACGTTGGATGTTTGTTACTGTTGTGGATACAAC; Type: regular 5'; Length: 33; Trimmed: 47900 times.

No. of allowed errors:
0-9 bp: 0; 10-19 bp: 1; 20-29 bp: 2; 30-33 bp: 3

Overview of removed sequences
length	count	expect	max.err	error counts
3	1346	8439.0	0	1346
4	1	2109.8	0	1
5	11	527.4	0	11
14	3	0.0	1	2 1
17	1	0.0	1	1
18	4	0.0	1	1 3
19	7	0.0	1	0 3 4
20	18	0.0	2	4 8 6
21	12	0.0	2	3 5 4
22	3	0.0	2	1 1 1
23	5	0.0	2	0 1 4
24	19	0.0	2	8 7 4
25	35	0.0	2	4 18 13
26	48	0.0	2	20 12 16
27	40	0.0	2	15 10 14 1
28	63	0.0	2	25 14 22 2
29	97	0.0	2	25 33 35 4
30	186	0.0	3	28 32 42 84
31	1510	0.0	3	59 48 412 991
32	7222	0.0	3	86 2666 2214 2256
33	31732	0.0	3	8303 7241 11043 5145
34	3261	0.0	3	1 1198 1022 1040
35	740	0.0	3	0 0 276 464
36	451	0.0	3	0 1 1 449
37	1	0.0	3	0 1
39	8	0.0	3	0 1 6 1
40	49	0.0	3	9 11 16 13
41	208	0.0	3	47 63 53 45
42	133	0.0	3	24 38 55 16
43	36	0.0	3	3 8 11 14
44	81	0.0	3	18 22 26 15
45	82	0.0	3	18 25 27 12
46	38	0.0	3	9 12 7 10
47	24	0.0	3	2 6 8 8
48	29	0.0	3	7 9 6 7
49	63	0.0	3	20 14 19 10
50	41	0.0	3	12 10 9 10
51	47	0.0	3	9 15 12 11
52	76	0.0	3	23 20 18 15
53	59	0.0	3	24 16 12 7
54	18	0.0	3	5 4 5 4
55	20	0.0	3	3 4 5 8
56	11	0.0	3	4 2 3 2
57	11	0.0	3	6 4 1
58	9	0.0	3	1 2 4 2
59	1	0.0	3	0 0 1
60	11	0.0	3	3 5 3
61	5	0.0	3	1 1 2 1
62	3	0.0	3	0 1 2
63	5	0.0	3	3 1 0 1
64	5	0.0	3	1 2 1 1
65	8	0.0	3	5 2 1
66	1	0.0	3	0 1
68	2	0.0	3	2

=== Second read: Adapter 16 ===

Sequence: ACGTTGGATGTTTGTTACCGTTGTTGATACTAC; Type: regular 5'; Length: 33; Trimmed: 39781 times.

No. of allowed errors:
0-9 bp: 0; 10-19 bp: 1; 20-29 bp: 2; 30-33 bp: 3

Overview of removed sequences
length	count	expect	max.err	error counts
11	2	0.1	1	1 1
12	1	0.0	1	0 1
13	4	0.0	1	1 3
14	4	0.0	1	2 2
15	4	0.0	1	2 2
16	7	0.0	1	5 2
17	9	0.0	1	7 2
18	25	0.0	1	6 18 1
19	35	0.0	1	15 14 6
20	27	0.0	2	9 9 9
21	22	0.0	2	3 10 9
22	7	0.0	2	1 3 3
23	12	0.0	2	1 5 6
24	49	0.0	2	13 17 19
25	72	0.0	2	19 29 24
26	147	0.0	2	55 55 37
27	222	0.0	2	101 79 39 3
28	303	0.0	2	88 111 92 12
29	368	0.0	2	91 118 134 25
30	2971	0.0	3	135 185 188 2463
31	2172	0.0	3	152 173 751 1096
32	7263	0.0	3	123 2043 2869 2228
33	16139	0.0	3	7012 4504 2859 1764
34	8494	0.0	3	1 4063 2781 1649
35	852	0.0	3	0 1 234 617
36	193	0.0	3	0 1 1 191
37	6	0.0	3	1 1 2 2
38	9	0.0	3	0 0 0 9
39	13	0.0	3	0 0 3 10
40	26	0.0	3	0 3 11 12
41	59	0.0	3	6 11 15 27
42	42	0.0	3	6 13 14 9
43	28	0.0	3	0 8 10 10
44	28	0.0	3	4 5 12 7
45	23	0.0	3	3 5 6 9
46	14	0.0	3	0 4 7 3
47	14	0.0	3	1 1 6 6
48	28	0.0	3	1 4 11 12
49	17	0.0	3	1 4 7 5
50	24	0.0	3	3 4 11 6
51	8	0.0	3	2 1 3 2
52	7	0.0	3	0 1 2 4
53	8	0.0	3	1 0 1 6
54	10	0.0	3	1 0 6 3
55	5	0.0	3	1 1 1 2
56	3	0.0	3	2 1
58	1	0.0	3	1
64	2	0.0	3	1 0 1
65	1	0.0	3	0 0 1
66	1	0.0	3	0 0 0 1

=== Second read: Adapter 17 ===

Sequence: ACGTTGGATGAATATATGTGTGCTTATTTG; Type: regular 5'; Length: 30; Trimmed: 677 times.

No. of allowed errors:
0-9 bp: 0; 10-19 bp: 1; 20-29 bp: 2; 30 bp: 3

Overview of removed sequences
length	count	expect	max.err	error counts
3	626	8439.0	0	626
4	26	2109.8	0	26
5	9	527.4	0	9
6	10	131.9	0	10
29	1	0.0	2	1
30	5	0.0	3	2 2 1

=== Second read: Adapter 18 ===

Sequence: ACGTTGGATGTTTGTTACTAAGGTAGATACCACTC; Type: regular 5'; Length: 35; Trimmed: 17144 times.

No. of allowed errors:
0-9 bp: 0; 10-19 bp: 1; 20-29 bp: 2; 30-35 bp: 3

Overview of removed sequences
length	count	expect	max.err	error counts
3	5	8439.0	0	5
4	7	2109.8	0	7
10	1	0.5	1	1
14	1	0.0	1	1
15	2	0.0	1	2
16	1	0.0	1	1
18	1	0.0	1	0 1
19	3	0.0	1	0 3
20	5	0.0	2	1 0 4
21	2	0.0	2	0 0 2
22	9	0.0	2	3 3 3
23	4	0.0	2	0 3 1
24	2	0.0	2	1 0 1
25	3	0.0	2	0 0 3
26	5	0.0	2	3 0 2
27	6	0.0	2	2 2 2
28	18	0.0	2	6 6 6
29	26	0.0	2	8 10 5 3
30	62	0.0	3	18 13 20 11
31	92	0.0	3	21 12 32 27
32	128	0.0	3	17 23 16 72
33	810	0.0	3	43 37 291 439
34	2208	0.0	3	40 845 619 704
35	11271	0.0	3	4793 3067 2096 1315
36	977	0.0	3	3 334 327 313
37	1265	0.0	3	1 1 682 581
38	171	0.0	3	0 0 0 171
41	1	0.0	3	1
42	3	0.0	3	1 0 2
43	13	0.0	3	3 1 2 7
44	6	0.0	3	3 2 0 1
45	5	0.0	3	0 1 2 2
46	7	0.0	3	1 2 1 3
47	5	0.0	3	3 1 0 1
48	1	0.0	3	0 1
49	2	0.0	3	0 0 1 1
51	1	0.0	3	0 1
52	4	0.0	3	2 0 1 1
53	2	0.0	3	0 0 2
54	2	0.0	3	0 1 0 1
55	4	0.0	3	2 0 1 1
56	1	0.0	3	1
57	1	0.0	3	0 0 1
59	1	0.0	3	0 1

=== Second read: Adapter 19 ===

Sequence: ACGTTGGATGGAAAAATAAACTGCAAATCATATTC; Type: regular 5'; Length: 35; Trimmed: 39801 times.

No. of allowed errors:
0-9 bp: 0; 10-19 bp: 1; 20-29 bp: 2; 30-35 bp: 3

Overview of removed sequences
length	count	expect	max.err	error counts
3	93	8439.0	0	93
4	11	2109.8	0	11
6	4	131.9	0	4
10	2	0.5	1	1 1
11	3	0.1	1	0 3
13	1	0.0	1	0 1
15	1	0.0	1	0 1
16	1	0.0	1	0 1
17	2	0.0	1	0 2
18	10	0.0	1	5 5
19	7	0.0	1	3 3 1
20	2	0.0	2	1 0 1
21	4	0.0	2	2 1 1
22	2	0.0	2	0 1 1
23	3	0.0	2	0 2 1
24	5	0.0	2	3 1 1
25	4	0.0	2	2 1 1
26	6	0.0	2	1 2 3
27	4	0.0	2	0 3 1
28	2	0.0	2	1 0 0 1
29	16	0.0	2	1 9 2 4
30	53	0.0	3	11 18 12 12
31	78	0.0	3	25 21 19 13
32	767	0.0	3	11 26 19 711
33	1299	0.0	3	22 20 502 755
34	8382	0.0	3	30 4485 2207 1660
35	20736	0.0	3	10189 5141 3048 2358
36	6969	0.0	3	0 3627 1985 1357
37	1037	0.0	3	0 0 450 587
38	223	0.0	3	0 0 1 222
39	1	0.0	3	0 1
40	1	0.0	3	0 0 0 1
41	1	0.0	3	0 0 0 1
42	1	0.0	3	0 0 0 1
43	10	0.0	3	2 5 2 1
44	8	0.0	3	1 2 1 4
45	9	0.0	3	1 2 1 5
46	1	0.0	3	0 0 1
47	4	0.0	3	1 1 0 2
48	9	0.0	3	3 5 0 1
49	3	0.0	3	0 3
50	3	0.0	3	1 1 1
51	3	0.0	3	0 0 3
52	4	0.0	3	2 0 0 2
53	4	0.0	3	1 3
54	4	0.0	3	0 2 0 2
55	4	0.0	3	0 3 0 1
56	3	0.0	3	0 3
57	1	0.0	3	0 1

=== Second read: Adapter 20 ===

Sequence: ACGTTGGATGAGATTAGGGAAAGTATTAGA; Type: regular 5'; Length: 30; Trimmed: 72 times.

No. of allowed errors:
0-9 bp: 0; 10-19 bp: 1; 20-29 bp: 2; 30 bp: 3

Overview of removed sequences
length	count	expect	max.err	error counts
3	63	8439.0	0	63
4	4	2109.8	0	4
5	1	527.4	0	1
29	1	0.0	2	0 0 0 1
30	1	0.0	3	0 0 1
31	2	0.0	3	0 0 0 2

=== Second read: Adapter 21 ===

Sequence: ACGTTGGATGGAAAAATAAATTGTAAATCATACTC; Type: regular 5'; Length: 35; Trimmed: 30508 times.

No. of allowed errors:
0-9 bp: 0; 10-19 bp: 1; 20-29 bp: 2; 30-35 bp: 3

Overview of removed sequences
length	count	expect	max.err	error counts
5	5	527.4	0	5
11	1	0.1	1	0 1
13	1	0.0	1	1
14	3	0.0	1	1 2
17	5	0.0	1	4 1
18	14	0.0	1	9 5
19	24	0.0	1	15 8 1
20	9	0.0	2	7 0 2
21	14	0.0	2	9 1 4
22	14	0.0	2	9 5
23	5	0.0	2	1 3 1
25	5	0.0	2	3 2
26	1	0.0	2	1
27	1	0.0	2	0 1
28	2	0.0	2	1 0 1
29	2	0.0	2	0 0 1 1
30	8	0.0	3	2 2 1 3
31	28	0.0	3	10 7 4 7
32	193	0.0	3	6 5 3 179
33	1111	0.0	3	12 11 340 748
34	2291	0.0	3	111 934 557 689
35	25491	0.0	3	12301 6033 3425 3732
36	601	0.0	3	1 126 183 291
37	289	0.0	3	2 0 91 196
38	141	0.0	3	1 0 1 139
40	2	0.0	3	1 1
41	5	0.0	3	1 2 1 1
42	6	0.0	3	1 2 2 1
43	40	0.0	3	16 9 7 8
44	29	0.0	3	15 2 2 10
45	14	0.0	3	3 6 3 2
46	21	0.0	3	11 4 3 3
47	21	0.0	3	7 5 3 6
48	13	0.0	3	3 6 1 3
49	4	0.0	3	1 3
50	19	0.0	3	2 5 6 6
51	14	0.0	3	5 1 2 6
52	14	0.0	3	7 3 3 1
53	14	0.0	3	5 2 3 4
54	11	0.0	3	4 2 2 3
55	9	0.0	3	3 2 1 3
56	2	0.0	3	2
57	4	0.0	3	2 1 1
60	1	0.0	3	0 0 0 1
65	1	0.0	3	0 0 1
66	1	0.0	3	0 1
67	4	0.0	3	0 0 1 3

=== Second read: Adapter 22 ===

Sequence: ACGTTGGATGGAAAAATAAACTGTAAATCATATTCCT; Type: regular 5'; Length: 37; Trimmed: 68354 times.

No. of allowed errors:
0-9 bp: 0; 10-19 bp: 1; 20-29 bp: 2; 30-37 bp: 3

Overview of removed sequences
length	count	expect	max.err	error counts
3	327	8439.0	0	327
4	436	2109.8	0	436
5	7	527.4	0	7
14	4	0.0	1	3 1
15	3	0.0	1	1 2
16	4	0.0	1	1 3
17	4	0.0	1	0 4
18	15	0.0	1	0 5 10
19	31	0.0	1	4 18 9
20	47	0.0	2	16 14 17
21	29	0.0	2	7 11 11
22	15	0.0	2	1 5 9
23	23	0.0	2	5 2 16
24	3	0.0	2	2 0 1
25	3	0.0	2	0 2 1
26	5	0.0	2	1 2 2
27	5	0.0	2	0 4 1
28	1	0.0	2	0 0 1
29	7	0.0	2	0 2 3 2
30	9	0.0	3	0 1 3 5
31	48	0.0	3	1 8 22 17
32	73	0.0	3	9 23 19 22
33	81	0.0	3	5 24 27 25
34	1277	0.0	3	8 23 40 1206
35	8895	0.0	3	6 46 4892 3951
36	17986	0.0	3	6 8386 5413 4181
37	28867	0.0	3	4411 12447 7544 4465
38	4849	0.0	3	0 599 2347 1903
39	4232	0.0	3	0 0 1031 3201
40	799	0.0	3	0 1 0 798
41	1	0.0	3	0 0 0 1
43	6	0.0	3	0 0 2 4
44	19	0.0	3	0 6 9 4
45	43	0.0	3	1 16 14 12
46	19	0.0	3	0 5 7 7
47	16	0.0	3	0 6 4 6
48	12	0.0	3	1 4 3 4
49	21	0.0	3	0 6 13 2
50	20	0.0	3	1 8 7 4
51	18	0.0	3	1 7 5 5
52	18	0.0	3	2 6 6 4
53	11	0.0	3	0 6 2 3
54	20	0.0	3	2 10 4 4
55	11	0.0	3	2 6 3
56	7	0.0	3	0 3 2 2
57	7	0.0	3	0 2 2 3
58	6	0.0	3	1 3 1 1
59	2	0.0	3	0 2
60	2	0.0	3	0 1 0 1
61	3	0.0	3	0 2 1
63	1	0.0	3	0 1
66	1	0.0	3	0 1
67	1	0.0	3	0 0 1
70	2	0.0	3	0 2
71	2	0.0	3	0 2

=== Second read: Adapter 23 ===

Sequence: ACGTTGGATGGAAAAATAAACTGTAAATCATATTC; Type: regular 5'; Length: 35; Trimmed: 8437 times.

No. of allowed errors:
0-9 bp: 0; 10-19 bp: 1; 20-29 bp: 2; 30-35 bp: 3

Overview of removed sequences
length	count	expect	max.err	error counts
13	6	0.0	1	4 2
14	2	0.0	1	1 1
15	1	0.0	1	0 1
16	3	0.0	1	2 1
17	4	0.0	1	2 2
18	6	0.0	1	0 6
19	5	0.0	1	0 3 2
20	1	0.0	2	0 0 1
21	4	0.0	2	0 1 3
22	2	0.0	2	0 1 1
23	2	0.0	2	0 0 2
24	1	0.0	2	0 1
25	4	0.0	2	0 2 2
26	3	0.0	2	0 1 2
28	4	0.0	2	0 0 1 3
29	2	0.0	2	0 0 1 1
30	11	0.0	3	0 0 0 11
31	15	0.0	3	0 0 3 12
32	1267	0.0	3	0 0 1 1266
33	513	0.0	3	0 0 170 343
34	2127	0.0	3	0 0 493 1634
35	3316	0.0	3	0 0 1143 2173
36	782	0.0	3	0 0 19 763
37	280	0.0	3	0 0 20 260
38	50	0.0	3	0 0 0 50
39	1	0.0	3	0 0 0 1
40	1	0.0	3	0 0 0 1
42	1	0.0	3	0 0 0 1
43	6	0.0	3	0 0 2 4
44	1	0.0	3	0 0 0 1
45	2	0.0	3	0 0 0 2
46	2	0.0	3	0 0 0 2
48	2	0.0	3	0 0 0 2
49	3	0.0	3	0 0 1 2
50	1	0.0	3	0 0 0 1
51	1	0.0	3	0 0 0 1
52	1	0.0	3	0 0 0 1
53	1	0.0	3	0 0 0 1
54	1	0.0	3	0 0 0 1
55	1	0.0	3	0 0 1
56	1	0.0	3	0 0 0 1

=== Second read: Adapter 24 ===

Sequence: ACGTTGGATGGAAAAATAAATTGTAAATCAAATTC; Type: regular 5'; Length: 35; Trimmed: 14973 times.

No. of allowed errors:
0-9 bp: 0; 10-19 bp: 1; 20-29 bp: 2; 30-35 bp: 3

Overview of removed sequences
length	count	expect	max.err	error counts
5	2	527.4	0	2
6	9	131.9	0	9
14	3	0.0	1	0 3
17	5	0.0	1	2 3
18	17	0.0	1	10 7
19	4	0.0	1	1 3
20	5	0.0	2	3 0 2
21	5	0.0	2	3 1 1
22	6	0.0	2	2 3 1
23	2	0.0	2	2
24	2	0.0	2	0 1 1
26	3	0.0	2	2 1
28	3	0.0	2	1 0 1 1
29	2	0.0	2	0 2
30	11	0.0	3	4 2 0 5
31	14	0.0	3	5 1 4 4
32	53	0.0	3	0 1 1 51
33	153	0.0	3	8 6 78 61
34	1017	0.0	3	30 483 298 206
35	12893	0.0	3	7107 2910 1753 1123
36	371	0.0	3	1 169 99 102
37	274	0.0	3	0 0 153 121
38	70	0.0	3	0 1 0 69
39	1	0.0	3	0 1
41	1	0.0	3	0 0 0 1
43	10	0.0	3	2 2 4 2
44	4	0.0	3	2 2
46	6	0.0	3	3 2 1
47	4	0.0	3	1 1 2
48	2	0.0	3	0 1 1
49	2	0.0	3	0 1 0 1
50	3	0.0	3	2 1
51	4	0.0	3	2 1 1
52	2	0.0	3	1 0 0 1
53	4	0.0	3	3 0 0 1
54	2	0.0	3	1 1
55	2	0.0	3	1 1
56	1	0.0	3	0 0 0 1
57	1	0.0	3	0 0 0 1

