This is cutadapt 1.18 with Python 3.5.5
Command line parameters: -g ACGTTGGATGTTTGTTACTATGGTAGATACCACAC -g ACGTTGGATGTTTGTTACTAAGGTAGATACCACTC -g ACGTTGGATGTTTGTTACTGTGGTGGATACTAC -g ACGTTGGATGTTTGTTACTGTTGTGGATACAAC -g ACGTTGGATGTTTGTTACCGTTGTTGATACTAC -g ACGTTGGATGAATATATGTGTGCTTATTTG -G ACGTTGGATGTTTGTTACTATGGTAGATACCACAC -G ACGTTGGATGTTTGTTACTGTGGTGGATACTAC -G ACGTTGGATGTTTGTTACTGTTGTGGATACAAC -G ACGTTGGATGTTTGTTACCGTTGTTGATACTAC -G ACGTTGGATGAATATATGTGTGCTTATTTG -G ACGTTGGATGTTTGTTACTAAGGTAGATACCACTC -g ACGTTGGATGGAAAAATAAACTGCAAATCATATTC -g ACGTTGGATGGAAAAATAAACTGTAAATCATATTC -g ACGTTGGATGGAAAAATAAATTGTAAATCATACTC -g ACGTTGGATGAGATTAGGGAAAGTATTAGA -g ACGTTGGATGGAAAAATAAATTGTAAATCAAATTC -g ACGTTGGATGGAAAAATAAACTGTAAATCATATTCCT -G ACGTTGGATGGAAAAATAAACTGCAAATCATATTC -G ACGTTGGATGAGATTAGGGAAAGTATTAGA -G ACGTTGGATGGAAAAATAAATTGTAAATCATACTC -G ACGTTGGATGGAAAAATAAACTGTAAATCATATTCCT -G ACGTTGGATGGAAAAATAAACTGTAAATCATATTC -G ACGTTGGATGGAAAAATAAATTGTAAATCAAATTC --minimum-length=1 -o /data/projects/mdc-971/data_from_June_2019/30.primer_trimmed/180454_S72_cutadapt.1.fq.gz -p /data/projects/mdc-971/data_from_June_2019/30.primer_trimmed/180454_S72_cutadapt.2.fq.gz /data/projects/mdc-971/data_from_June_2019/20.trim_151st_nt/180454_S72_R1_001.bbduked.fastq.gz /data/projects/mdc-971/data_from_June_2019/20.trim_151st_nt/180454_S72_R2_001.bbduked.fastq.gz
Processing reads on 1 core in paired-end mode ...
Finished in 55.34 s (379 us/read; 0.16 M reads/minute).

=== Summary ===

Total read pairs processed:            146,120
  Read 1 with adapter:                 126,737 (86.7%)
  Read 2 with adapter:                 103,694 (71.0%)
Pairs that were too short:                   0 (0.0%)
Pairs written (passing filters):       146,120 (100.0%)

Total basepairs processed:    43,836,000 bp
  Read 1:    21,918,000 bp
  Read 2:    21,918,000 bp
Total written (filtered):     35,994,460 bp (82.1%)
  Read 1:    17,587,981 bp
  Read 2:    18,406,479 bp

=== First read: Adapter 1 ===

Sequence: ACGTTGGATGTTTGTTACTATGGTAGATACCACAC; Type: regular 5'; Length: 35; Trimmed: 11742 times.

No. of allowed errors:
0-9 bp: 0; 10-19 bp: 1; 20-29 bp: 2; 30-35 bp: 3

Overview of removed sequences
length	count	expect	max.err	error counts
3	2	2283.1	0	2
4	2	570.8	0	2
14	3	0.0	1	1 2
15	1	0.0	1	0 1
18	2	0.0	1	1 1
19	1	0.0	1	1
21	2	0.0	2	0 0 2
22	6	0.0	2	3 2 1
23	2	0.0	2	1 1
24	1	0.0	2	0 1
25	3	0.0	2	0 1 2
26	17	0.0	2	7 7 3
27	47	0.0	2	20 21 5 1
28	56	0.0	2	27 17 9 3
29	110	0.0	2	33 37 23 17
30	193	0.0	3	73 63 29 28
31	107	0.0	3	24 43 24 16
32	225	0.0	3	35 43 55 92
33	633	0.0	3	39 55 269 270
34	2076	0.0	3	46 895 567 568
35	6436	0.0	3	2502 2078 1120 736
36	968	0.0	3	2 325 407 234
37	399	0.0	3	0 1 244 154
38	449	0.0	3	0 0 1 448
44	1	0.0	3	0 0 0 1

=== First read: Adapter 2 ===

Sequence: ACGTTGGATGTTTGTTACTAAGGTAGATACCACTC; Type: regular 5'; Length: 35; Trimmed: 5738 times.

No. of allowed errors:
0-9 bp: 0; 10-19 bp: 1; 20-29 bp: 2; 30-35 bp: 3

Overview of removed sequences
length	count	expect	max.err	error counts
3	1	2283.1	0	1
4	1	570.8	0	1
13	1	0.0	1	1
15	1	0.0	1	1
18	1	0.0	1	1
19	1	0.0	1	1
22	3	0.0	2	3
24	1	0.0	2	0 0 1
25	1	0.0	2	0 0 1
26	21	0.0	2	11 5 5
27	28	0.0	2	11 12 4 1
28	26	0.0	2	10 10 6
29	50	0.0	2	19 19 10 2
30	152	0.0	3	75 49 16 12
31	135	0.0	3	59 43 18 15
32	168	0.0	3	70 51 21 26
33	270	0.0	3	53 59 87 71
34	792	0.0	3	52 345 242 153
35	3594	0.0	3	1981 884 493 236
36	211	0.0	3	1 66 82 62
37	157	0.0	3	0 2 77 78
38	119	0.0	3	0 0 0 119
39	1	0.0	3	1
41	1	0.0	3	0 0 0 1
45	1	0.0	3	0 0 0 1
49	1	0.0	3	1

=== First read: Adapter 3 ===

Sequence: ACGTTGGATGTTTGTTACTGTGGTGGATACTAC; Type: regular 5'; Length: 33; Trimmed: 23170 times.

No. of allowed errors:
0-9 bp: 0; 10-19 bp: 1; 20-29 bp: 2; 30-33 bp: 3

Overview of removed sequences
length	count	expect	max.err	error counts
4	1	570.8	0	1
13	1	0.0	1	0 1
14	8	0.0	1	4 4
15	3	0.0	1	3
16	5	0.0	1	5
17	3	0.0	1	2 1
18	9	0.0	1	5 4
19	13	0.0	1	6 7
20	46	0.0	2	29 14 3
21	28	0.0	2	19 7 2
22	14	0.0	2	6 6 2
23	20	0.0	2	7 8 5
24	178	0.0	2	84 66 28
25	506	0.0	2	247 189 70
26	579	0.0	2	268 211 100
27	936	0.0	2	534 292 106 4
28	1107	0.0	2	560 373 166 8
29	795	0.0	2	218 334 198 45
30	1516	0.0	3	459 459 219 379
31	1567	0.0	3	187 339 564 477
32	2769	0.0	3	248 992 915 614
33	9129	0.0	3	3804 2785 1563 977
34	3688	0.0	3	0 1684 1404 600
35	182	0.0	3	2 2 58 120
36	52	0.0	3	1 1 0 50
37	2	0.0	3	0 2
38	2	0.0	3	0 2
40	1	0.0	3	1
41	3	0.0	3	1 0 0 2
42	2	0.0	3	0 0 2
50	2	0.0	3	0 1 1
53	1	0.0	3	0 1
58	1	0.0	3	1
66	1	0.0	3	0 1

=== First read: Adapter 4 ===

Sequence: ACGTTGGATGTTTGTTACTGTTGTGGATACAAC; Type: regular 5'; Length: 33; Trimmed: 9274 times.

No. of allowed errors:
0-9 bp: 0; 10-19 bp: 1; 20-29 bp: 2; 30-33 bp: 3

Overview of removed sequences
length	count	expect	max.err	error counts
3	14	2283.1	0	14
16	1	0.0	1	0 1
19	2	0.0	1	2
20	1	0.0	2	1
21	1	0.0	2	1
24	16	0.0	2	7 6 3
25	107	0.0	2	39 41 27
26	75	0.0	2	38 23 14
27	79	0.0	2	40 25 14
28	140	0.0	2	85 40 13 2
29	84	0.0	2	32 37 11 4
30	166	0.0	3	46 60 29 31
31	306	0.0	3	44 76 90 96
32	1050	0.0	3	95 482 221 252
33	6468	0.0	3	3178 1594 1167 529
34	491	0.0	3	3 212 163 113
35	169	0.0	3	0 0 76 93
36	94	0.0	3	0 0 0 94
37	1	0.0	3	0 0 0 1
38	1	0.0	3	1
44	1	0.0	3	0 1
51	1	0.0	3	1
57	1	0.0	3	0 1
60	1	0.0	3	0 0 0 1
64	3	0.0	3	2 0 0 1
112	1	0.0	3	0 1

=== First read: Adapter 5 ===

Sequence: ACGTTGGATGTTTGTTACCGTTGTTGATACTAC; Type: regular 5'; Length: 33; Trimmed: 12037 times.

No. of allowed errors:
0-9 bp: 0; 10-19 bp: 1; 20-29 bp: 2; 30-33 bp: 3

Overview of removed sequences
length	count	expect	max.err	error counts
10	1	0.1	1	0 1
14	4	0.0	1	4
15	1	0.0	1	1
18	2	0.0	1	0 1 1
19	5	0.0	1	4 1
20	10	0.0	2	8 2
21	2	0.0	2	1 1
22	3	0.0	2	1 1 1
23	6	0.0	2	0 3 3
24	45	0.0	2	28 14 3
25	111	0.0	2	63 34 14
26	139	0.0	2	59 50 30
27	268	0.0	2	168 75 25
28	369	0.0	2	190 100 69 10
29	244	0.0	2	68 97 59 20
30	915	0.0	3	183 179 87 466
31	744	0.0	3	92 145 247 260
32	2660	0.0	3	98 606 1287 669
33	5018	0.0	3	2636 1406 629 347
34	1058	0.0	3	1 574 326 157
35	331	0.0	3	0 0 101 230
36	101	0.0	3	0 0 0 101

=== First read: Adapter 6 ===

Sequence: ACGTTGGATGAATATATGTGTGCTTATTTG; Type: regular 5'; Length: 30; Trimmed: 89 times.

No. of allowed errors:
0-9 bp: 0; 10-19 bp: 1; 20-29 bp: 2; 30 bp: 3

Overview of removed sequences
length	count	expect	max.err	error counts
3	66	2283.1	0	66
4	17	570.8	0	17
5	1	142.7	0	1
30	5	0.0	3	4 0 1

=== First read: Adapter 7 ===

Sequence: ACGTTGGATGGAAAAATAAACTGCAAATCATATTC; Type: regular 5'; Length: 35; Trimmed: 19383 times.

No. of allowed errors:
0-9 bp: 0; 10-19 bp: 1; 20-29 bp: 2; 30-35 bp: 3

Overview of removed sequences
length	count	expect	max.err	error counts
3	1	2283.1	0	1
17	1	0.0	1	1
24	2	0.0	2	0 1 1
26	3	0.0	2	2 1
27	4	0.0	2	2 1 1
28	2	0.0	2	0 0 2
29	17	0.0	2	2 6 4 5
30	111	0.0	3	47 38 18 8
31	81	0.0	3	28 23 14 16
32	350	0.0	3	35 27 16 272
33	548	0.0	3	13 38 295 202
34	3039	0.0	3	32 2286 457 264
35	9776	0.0	3	6997 1582 612 585
36	5102	0.0	3	0 4093 679 330
37	254	0.0	3	0 0 114 140
38	92	0.0	3	0 0 0 92

=== First read: Adapter 8 ===

Sequence: ACGTTGGATGGAAAAATAAACTGTAAATCATATTC; Type: regular 5'; Length: 35; Trimmed: 3366 times.

No. of allowed errors:
0-9 bp: 0; 10-19 bp: 1; 20-29 bp: 2; 30-35 bp: 3

Overview of removed sequences
length	count	expect	max.err	error counts
12	1	0.0	1	0 1
18	1	0.0	1	1
25	1	0.0	2	0 1
28	1	0.0	2	0 0 1
29	1	0.0	2	0 1
30	6	0.0	3	0 1 1 4
31	7	0.0	3	0 3 0 4
32	465	0.0	3	0 1 1 463
33	214	0.0	3	1 3 89 121
34	770	0.0	3	8 484 112 166
35	1325	0.0	3	333 370 294 328
36	345	0.0	3	0 62 150 133
37	167	0.0	3	0 0 33 134
38	62	0.0	3	0 0 0 62

=== First read: Adapter 9 ===

Sequence: ACGTTGGATGGAAAAATAAATTGTAAATCATACTC; Type: regular 5'; Length: 35; Trimmed: 11256 times.

No. of allowed errors:
0-9 bp: 0; 10-19 bp: 1; 20-29 bp: 2; 30-35 bp: 3

Overview of removed sequences
length	count	expect	max.err	error counts
27	2	0.0	2	2
29	1	0.0	2	0 0 0 1
30	11	0.0	3	7 4
31	18	0.0	3	17 1
32	46	0.0	3	5 3 2 36
33	324	0.0	3	11 13 202 98
34	842	0.0	3	293 367 114 68
35	9744	0.0	3	6664 1820 557 703
36	128	0.0	3	2 35 40 51
37	58	0.0	3	1 0 20 37
38	71	0.0	3	0 0 0 71
40	1	0.0	3	1
42	2	0.0	3	1 0 0 1
45	1	0.0	3	0 0 0 1
46	1	0.0	3	1
48	1	0.0	3	1
49	2	0.0	3	1 0 0 1
53	1	0.0	3	0 0 1
55	1	0.0	3	0 0 0 1
56	1	0.0	3	1

=== First read: Adapter 10 ===

Sequence: ACGTTGGATGAGATTAGGGAAAGTATTAGA; Type: regular 5'; Length: 30; Trimmed: 23 times.

No. of allowed errors:
0-9 bp: 0; 10-19 bp: 1; 20-29 bp: 2; 30 bp: 3

Overview of removed sequences
length	count	expect	max.err	error counts
3	22	2283.1	0	22
31	1	0.0	3	0 1

=== First read: Adapter 11 ===

Sequence: ACGTTGGATGGAAAAATAAATTGTAAATCAAATTC; Type: regular 5'; Length: 35; Trimmed: 4512 times.

No. of allowed errors:
0-9 bp: 0; 10-19 bp: 1; 20-29 bp: 2; 30-35 bp: 3

Overview of removed sequences
length	count	expect	max.err	error counts
30	8	0.0	3	7 1
31	5	0.0	3	4 1
32	5	0.0	3	2 1 0 2
33	32	0.0	3	2 6 15 9
34	159	0.0	3	20 77 39 23
35	4184	0.0	3	2975 768 309 132
36	71	0.0	3	1 37 18 15
37	28	0.0	3	1 0 14 13
38	20	0.0	3	0 0 0 20

=== First read: Adapter 12 ===

Sequence: ACGTTGGATGGAAAAATAAACTGTAAATCATATTCCT; Type: regular 5'; Length: 37; Trimmed: 26147 times.

No. of allowed errors:
0-9 bp: 0; 10-19 bp: 1; 20-29 bp: 2; 30-37 bp: 3

Overview of removed sequences
length	count	expect	max.err	error counts
3	11	2283.1	0	11
12	1	0.0	1	0 1
27	2	0.0	2	1 1
28	4	0.0	2	0 2 2
29	1	0.0	2	0 1
30	6	0.0	3	1 1 2 2
31	29	0.0	3	0 19 7 3
32	52	0.0	3	7 31 11 3
33	51	0.0	3	9 23 10 9
34	175	0.0	3	5 26 24 120
35	1603	0.0	3	10 59 1217 317
36	7925	0.0	3	26 5369 1664 866
37	11993	0.0	3	2442 6606 2098 847
38	2173	0.0	3	3 470 1201 499
39	1860	0.0	3	0 1 418 1441
40	259	0.0	3	0 0 1 258
46	1	0.0	3	0 0 1
61	1	0.0	3	1

=== Second read: Adapter 13 ===

Sequence: ACGTTGGATGTTTGTTACTATGGTAGATACCACAC; Type: regular 5'; Length: 35; Trimmed: 10659 times.

No. of allowed errors:
0-9 bp: 0; 10-19 bp: 1; 20-29 bp: 2; 30-35 bp: 3

Overview of removed sequences
length	count	expect	max.err	error counts
3	5	2283.1	0	5
4	9	570.8	0	9
5	1	142.7	0	1
6	1	35.7	0	1
14	1	0.0	1	0 1
16	1	0.0	1	1
19	3	0.0	1	0 1 2
20	2	0.0	2	0 0 2
21	2	0.0	2	0 1 1
22	3	0.0	2	1 1 1
23	5	0.0	2	2 3
25	1	0.0	2	0 1
26	7	0.0	2	3 3 1
27	11	0.0	2	2 6 3
28	24	0.0	2	8 5 7 4
29	23	0.0	2	8 8 3 4
30	50	0.0	3	8 12 12 18
31	67	0.0	3	12 15 24 16
32	121	0.0	3	7 22 26 66
33	698	0.0	3	13 21 274 390
34	1300	0.0	3	18 380 386 516
35	6649	0.0	3	1670 2260 1562 1157
36	864	0.0	3	3 246 338 277
37	496	0.0	3	0 0 230 266
38	294	0.0	3	0 0 0 294
42	2	0.0	3	0 1 0 1
43	4	0.0	3	0 2 2
44	1	0.0	3	0 1
45	1	0.0	3	0 0 1
46	4	0.0	3	1 1 1 1
47	2	0.0	3	1 0 1
48	1	0.0	3	0 0 0 1
51	1	0.0	3	0 0 0 1
55	5	0.0	3	0 3 1 1

=== Second read: Adapter 14 ===

Sequence: ACGTTGGATGTTTGTTACTGTGGTGGATACTAC; Type: regular 5'; Length: 33; Trimmed: 24045 times.

No. of allowed errors:
0-9 bp: 0; 10-19 bp: 1; 20-29 bp: 2; 30-33 bp: 3

Overview of removed sequences
length	count	expect	max.err	error counts
3	10	2283.1	0	10
5	2	142.7	0	2
14	3	0.0	1	2 1
15	1	0.0	1	1
16	6	0.0	1	2 4
17	6	0.0	1	2 4
18	7	0.0	1	2 4 1
19	10	0.0	1	3 5 2
20	26	0.0	2	10 10 6
21	12	0.0	2	5 4 3
22	14	0.0	2	5 6 3
23	4	0.0	2	1 1 2
24	39	0.0	2	15 9 15
25	64	0.0	2	18 25 21
26	129	0.0	2	46 47 36
27	118	0.0	2	48 50 19 1
28	163	0.0	2	56 63 39 5
29	244	0.0	2	54 91 86 13
30	1361	0.0	3	72 144 107 1038
31	2551	0.0	3	109 107 694 1641
32	3354	0.0	3	64 1029 1252 1009
33	8862	0.0	3	3301 2750 1742 1069
34	6434	0.0	3	2 2738 2395 1299
35	176	0.0	3	1 0 60 115
36	83	0.0	3	0 2 0 81
37	4	0.0	3	0 1 0 3
38	8	0.0	3	0 1 0 7
39	9	0.0	3	0 0 0 9
40	13	0.0	3	1 1 0 11
41	45	0.0	3	10 12 13 10
42	44	0.0	3	7 9 13 15
43	24	0.0	3	1 12 4 7
44	29	0.0	3	3 11 9 6
45	25	0.0	3	9 3 7 6
46	11	0.0	3	2 0 2 7
47	18	0.0	3	2 4 3 9
48	16	0.0	3	0 5 3 8
49	27	0.0	3	6 6 8 7
50	24	0.0	3	5 5 7 7
51	17	0.0	3	3 2 5 7
52	9	0.0	3	1 3 3 2
53	18	0.0	3	3 6 3 6
54	7	0.0	3	3 2 0 2
55	5	0.0	3	0 2 2 1
56	4	0.0	3	2 0 2
57	3	0.0	3	1 1 0 1
59	1	0.0	3	0 0 0 1
61	1	0.0	3	0 0 1
63	3	0.0	3	2 0 1
65	1	0.0	3	1

=== Second read: Adapter 15 ===

Sequence: ACGTTGGATGTTTGTTACTGTTGTGGATACAAC; Type: regular 5'; Length: 33; Trimmed: 14495 times.

No. of allowed errors:
0-9 bp: 0; 10-19 bp: 1; 20-29 bp: 2; 30-33 bp: 3

Overview of removed sequences
length	count	expect	max.err	error counts
3	436	2283.1	0	436
5	1	142.7	0	1
14	1	0.0	1	0 1
20	1	0.0	2	1
21	1	0.0	2	0 1
22	2	0.0	2	1 1
24	13	0.0	2	5 5 3
25	10	0.0	2	2 4 4
26	12	0.0	2	2 6 4
27	12	0.0	2	3 7 2
28	25	0.0	2	10 10 5
29	33	0.0	2	9 12 11 1
30	59	0.0	3	9 14 13 23
31	440	0.0	3	31 17 115 277
32	2142	0.0	3	27 742 672 701
33	9807	0.0	3	2524 2178 3502 1603
34	857	0.0	3	1 247 307 302
35	190	0.0	3	0 0 74 116
36	192	0.0	3	0 0 0 192
39	1	0.0	3	0 0 0 1
40	9	0.0	3	1 1 4 3
41	42	0.0	3	10 17 10 5
42	35	0.0	3	7 8 15 5
43	8	0.0	3	1 3 2 2
44	26	0.0	3	9 5 9 3
45	16	0.0	3	6 6 1 3
46	5	0.0	3	2 2 0 1
47	3	0.0	3	3
48	8	0.0	3	1 4 3
49	22	0.0	3	4 7 6 5
50	13	0.0	3	4 2 5 2
51	13	0.0	3	4 5 1 3
52	15	0.0	3	8 1 4 2
53	16	0.0	3	5 5 3 3
54	8	0.0	3	2 1 2 3
55	9	0.0	3	7 2
56	3	0.0	3	2 1
57	2	0.0	3	1 0 1
58	1	0.0	3	0 0 1
60	1	0.0	3	0 0 1
64	5	0.0	3	3 2

=== Second read: Adapter 16 ===

Sequence: ACGTTGGATGTTTGTTACCGTTGTTGATACTAC; Type: regular 5'; Length: 33; Trimmed: 9978 times.

No. of allowed errors:
0-9 bp: 0; 10-19 bp: 1; 20-29 bp: 2; 30-33 bp: 3

Overview of removed sequences
length	count	expect	max.err	error counts
13	1	0.0	1	0 1
14	1	0.0	1	1
16	2	0.0	1	0 2
17	1	0.0	1	1
18	1	0.0	1	0 1
19	2	0.0	1	1 0 1
20	3	0.0	2	1 1 1
21	3	0.0	2	1 1 1
22	2	0.0	2	0 2
23	5	0.0	2	1 1 3
24	20	0.0	2	8 6 6
25	27	0.0	2	11 6 10
26	46	0.0	2	22 13 11
27	51	0.0	2	23 18 10
28	83	0.0	2	24 25 29 5
29	110	0.0	2	19 36 45 10
30	947	0.0	3	40 69 43 795
31	656	0.0	3	68 63 213 312
32	2216	0.0	3	33 553 919 711
33	3931	0.0	3	1692 1114 662 463
34	1414	0.0	3	0 685 433 296
35	312	0.0	3	0 0 98 214
36	63	0.0	3	0 0 0 63
38	1	0.0	3	0 0 0 1
39	2	0.0	3	0 0 1 1
40	7	0.0	3	2 1 3 1
41	11	0.0	3	0 1 3 7
42	9	0.0	3	4 3 1 1
43	8	0.0	3	2 0 3 3
44	7	0.0	3	3 0 3 1
45	3	0.0	3	0 0 1 2
46	4	0.0	3	0 0 2 2
47	1	0.0	3	0 0 0 1
48	7	0.0	3	0 1 4 2
49	6	0.0	3	1 0 2 3
50	3	0.0	3	0 0 1 2
51	1	0.0	3	0 0 0 1
52	3	0.0	3	0 0 2 1
54	4	0.0	3	1 0 2 1
55	2	0.0	3	0 1 1
56	2	0.0	3	0 0 2

=== Second read: Adapter 17 ===

Sequence: ACGTTGGATGAATATATGTGTGCTTATTTG; Type: regular 5'; Length: 30; Trimmed: 209 times.

No. of allowed errors:
0-9 bp: 0; 10-19 bp: 1; 20-29 bp: 2; 30 bp: 3

Overview of removed sequences
length	count	expect	max.err	error counts
3	187	2283.1	0	187
4	19	570.8	0	19
6	1	35.7	0	1
30	2	0.0	3	2

=== Second read: Adapter 18 ===

Sequence: ACGTTGGATGTTTGTTACTAAGGTAGATACCACTC; Type: regular 5'; Length: 35; Trimmed: 6267 times.

No. of allowed errors:
0-9 bp: 0; 10-19 bp: 1; 20-29 bp: 2; 30-35 bp: 3

Overview of removed sequences
length	count	expect	max.err	error counts
3	3	2283.1	0	3
4	2	570.8	0	2
20	2	0.0	2	1 1
22	3	0.0	2	1 1 1
23	1	0.0	2	1
26	2	0.0	2	0 2
27	6	0.0	2	3 3
28	2	0.0	2	1 1
29	19	0.0	2	11 4 2 2
30	34	0.0	3	12 9 10 3
31	61	0.0	3	7 19 17 18
32	65	0.0	3	14 13 18 20
33	358	0.0	3	36 34 82 206
34	706	0.0	3	24 252 223 207
35	4377	0.0	3	1867 1230 791 489
36	269	0.0	3	0 105 69 95
37	223	0.0	3	0 0 105 118
38	114	0.0	3	0 0 0 114
40	1	0.0	3	1
42	5	0.0	3	1 2 1 1
43	2	0.0	3	0 0 1 1
44	1	0.0	3	1
46	1	0.0	3	0 1
47	3	0.0	3	1 0 2
48	1	0.0	3	1
55	2	0.0	3	0 0 1 1
58	1	0.0	3	0 1
60	1	0.0	3	0 1
62	1	0.0	3	0 0 1
66	1	0.0	3	0 1

=== Second read: Adapter 19 ===

Sequence: ACGTTGGATGGAAAAATAAACTGCAAATCATATTC; Type: regular 5'; Length: 35; Trimmed: 9374 times.

No. of allowed errors:
0-9 bp: 0; 10-19 bp: 1; 20-29 bp: 2; 30-35 bp: 3

Overview of removed sequences
length	count	expect	max.err	error counts
3	19	2283.1	0	19
4	3	570.8	0	3
18	2	0.0	1	1 1
19	2	0.0	1	0 2
20	1	0.0	2	1
21	1	0.0	2	1
22	1	0.0	2	0 1
25	1	0.0	2	1
27	1	0.0	2	0 0 0 1
28	2	0.0	2	0 0 2
29	2	0.0	2	0 1 1
30	16	0.0	3	7 3 3 3
31	21	0.0	3	3 7 8 3
32	301	0.0	3	8 5 7 281
33	526	0.0	3	9 10 295 212
34	1842	0.0	3	7 1006 488 341
35	4695	0.0	3	2394 1139 629 533
36	1645	0.0	3	0 903 423 319
37	202	0.0	3	0 0 81 121
38	66	0.0	3	0 0 0 66
43	2	0.0	3	0 0 2
44	4	0.0	3	1 1 1 1
45	1	0.0	3	0 1
47	4	0.0	3	1 2 0 1
48	4	0.0	3	0 3 1
49	2	0.0	3	0 1 1
50	1	0.0	3	0 1
52	1	0.0	3	0 0 1
53	1	0.0	3	1
54	2	0.0	3	1 0 1
55	1	0.0	3	0 0 1
56	1	0.0	3	0 0 0 1
59	1	0.0	3	0 0 1

=== Second read: Adapter 20 ===

Sequence: ACGTTGGATGAGATTAGGGAAAGTATTAGA; Type: regular 5'; Length: 30; Trimmed: 23 times.

No. of allowed errors:
0-9 bp: 0; 10-19 bp: 1; 20-29 bp: 2; 30 bp: 3

Overview of removed sequences
length	count	expect	max.err	error counts
3	21	2283.1	0	21
4	1	570.8	0	1
29	1	0.0	2	0 0 1

=== Second read: Adapter 21 ===

Sequence: ACGTTGGATGGAAAAATAAATTGTAAATCATACTC; Type: regular 5'; Length: 35; Trimmed: 7069 times.

No. of allowed errors:
0-9 bp: 0; 10-19 bp: 1; 20-29 bp: 2; 30-35 bp: 3

Overview of removed sequences
length	count	expect	max.err	error counts
5	1	142.7	0	1
11	1	0.0	1	0 1
12	2	0.0	1	0 2
18	1	0.0	1	1
21	2	0.0	2	2
22	2	0.0	2	1 1
23	1	0.0	2	1
24	1	0.0	2	1
28	1	0.0	2	0 1
29	3	0.0	2	1 1 0 1
30	3	0.0	3	0 3
31	11	0.0	3	2 1 4 4
32	39	0.0	3	0 1 1 37
33	346	0.0	3	6 1 88 251
34	754	0.0	3	31 313 167 243
35	5617	0.0	3	2675 1296 783 863
36	156	0.0	3	0 24 53 79
37	69	0.0	3	1 1 20 47
38	24	0.0	3	0 0 0 24
41	2	0.0	3	1 1
43	6	0.0	3	0 3 1 2
44	4	0.0	3	3 0 1
46	1	0.0	3	1
47	6	0.0	3	4 0 0 2
48	1	0.0	3	0 1
49	1	0.0	3	0 1
50	3	0.0	3	2 1
53	3	0.0	3	0 2 1
54	2	0.0	3	0 0 0 2
55	2	0.0	3	1 0 1
56	1	0.0	3	0 1
58	1	0.0	3	0 0 0 1
63	1	0.0	3	0 0 0 1
66	1	0.0	3	0 0 0 1

=== Second read: Adapter 22 ===

Sequence: ACGTTGGATGGAAAAATAAACTGTAAATCATATTCCT; Type: regular 5'; Length: 37; Trimmed: 16237 times.

No. of allowed errors:
0-9 bp: 0; 10-19 bp: 1; 20-29 bp: 2; 30-37 bp: 3

Overview of removed sequences
length	count	expect	max.err	error counts
3	102	2283.1	0	102
4	138	570.8	0	138
13	2	0.0	1	0 2
14	1	0.0	1	1
18	1	0.0	1	0 0 1
19	1	0.0	1	0 0 1
20	2	0.0	2	2
21	4	0.0	2	0 1 3
22	1	0.0	2	0 1
23	5	0.0	2	2 1 2
25	2	0.0	2	0 1 1
26	2	0.0	2	0 2
28	1	0.0	2	0 0 1
29	1	0.0	2	0 1
30	1	0.0	3	0 0 1
31	12	0.0	3	0 5 3 4
32	20	0.0	3	2 5 7 6
33	18	0.0	3	2 6 5 5
34	449	0.0	3	2 9 10 428
35	1988	0.0	3	1 12 1170 805
36	4189	0.0	3	7 2044 1225 913
37	7070	0.0	3	1119 3002 1853 1096
38	1067	0.0	3	0 147 511 409
39	951	0.0	3	0 0 219 732
40	151	0.0	3	0 0 0 151
42	1	0.0	3	0 0 0 1
44	7	0.0	3	0 3 2 2
45	7	0.0	3	0 1 3 3
46	4	0.0	3	0 1 2 1
47	6	0.0	3	0 2 1 3
48	6	0.0	3	0 0 3 3
49	4	0.0	3	0 1 1 2
50	2	0.0	3	0 1 0 1
51	3	0.0	3	0 1 1 1
52	2	0.0	3	1 0 0 1
53	1	0.0	3	0 0 1
54	4	0.0	3	0 3 0 1
55	5	0.0	3	0 4 1
56	2	0.0	3	0 2
61	1	0.0	3	0 1
64	1	0.0	3	0 0 0 1
67	1	0.0	3	0 0 1
72	1	0.0	3	0 1

=== Second read: Adapter 23 ===

Sequence: ACGTTGGATGGAAAAATAAACTGTAAATCATATTC; Type: regular 5'; Length: 35; Trimmed: 2137 times.

No. of allowed errors:
0-9 bp: 0; 10-19 bp: 1; 20-29 bp: 2; 30-35 bp: 3

Overview of removed sequences
length	count	expect	max.err	error counts
12	1	0.0	1	1
14	1	0.0	1	0 1
15	2	0.0	1	1 1
16	1	0.0	1	1
21	2	0.0	2	0 0 2
29	1	0.0	2	0 0 0 1
30	1	0.0	3	0 0 1
31	1	0.0	3	0 0 0 1
32	482	0.0	3	0 0 1 481
33	223	0.0	3	0 0 68 155
34	425	0.0	3	0 0 106 319
35	724	0.0	3	0 0 236 488
36	171	0.0	3	0 0 8 163
37	66	0.0	3	0 0 8 58
38	29	0.0	3	0 0 0 29
41	1	0.0	3	0 0 0 1
44	1	0.0	3	0 0 0 1
45	1	0.0	3	0 0 0 1
48	1	0.0	3	0 0 0 1
49	1	0.0	3	0 0 1
50	1	0.0	3	0 0 0 1
52	1	0.0	3	0 0 0 1

=== Second read: Adapter 24 ===

Sequence: ACGTTGGATGGAAAAATAAATTGTAAATCAAATTC; Type: regular 5'; Length: 35; Trimmed: 3201 times.

No. of allowed errors:
0-9 bp: 0; 10-19 bp: 1; 20-29 bp: 2; 30-35 bp: 3

Overview of removed sequences
length	count	expect	max.err	error counts
5	1	142.7	0	1
6	4	35.7	0	4
11	2	0.0	1	1 1
14	1	0.0	1	0 1
22	1	0.0	2	0 0 1
30	7	0.0	3	4 1 2
31	6	0.0	3	4 1 1
32	8	0.0	3	0 0 1 7
33	49	0.0	3	2 3 26 18
34	188	0.0	3	11 81 54 42
35	2793	0.0	3	1572 603 380 238
36	66	0.0	3	0 34 13 19
37	52	0.0	3	0 0 34 18
38	18	0.0	3	0 0 0 18
43	3	0.0	3	2 0 1
44	1	0.0	3	0 1
47	1	0.0	3	0 1

