This is cutadapt 1.18 with Python 3.5.5
Command line parameters: -g ACGTTGGATGTTTGTTACTATGGTAGATACCACAC -g ACGTTGGATGTTTGTTACTAAGGTAGATACCACTC -g ACGTTGGATGTTTGTTACTGTGGTGGATACTAC -g ACGTTGGATGTTTGTTACTGTTGTGGATACAAC -g ACGTTGGATGTTTGTTACCGTTGTTGATACTAC -g ACGTTGGATGAATATATGTGTGCTTATTTG -G ACGTTGGATGTTTGTTACTATGGTAGATACCACAC -G ACGTTGGATGTTTGTTACTGTGGTGGATACTAC -G ACGTTGGATGTTTGTTACTGTTGTGGATACAAC -G ACGTTGGATGTTTGTTACCGTTGTTGATACTAC -G ACGTTGGATGAATATATGTGTGCTTATTTG -G ACGTTGGATGTTTGTTACTAAGGTAGATACCACTC -g ACGTTGGATGGAAAAATAAACTGCAAATCATATTC -g ACGTTGGATGGAAAAATAAACTGTAAATCATATTC -g ACGTTGGATGGAAAAATAAATTGTAAATCATACTC -g ACGTTGGATGAGATTAGGGAAAGTATTAGA -g ACGTTGGATGGAAAAATAAATTGTAAATCAAATTC -g ACGTTGGATGGAAAAATAAACTGTAAATCATATTCCT -G ACGTTGGATGGAAAAATAAACTGCAAATCATATTC -G ACGTTGGATGAGATTAGGGAAAGTATTAGA -G ACGTTGGATGGAAAAATAAATTGTAAATCATACTC -G ACGTTGGATGGAAAAATAAACTGTAAATCATATTCCT -G ACGTTGGATGGAAAAATAAACTGTAAATCATATTC -G ACGTTGGATGGAAAAATAAATTGTAAATCAAATTC --minimum-length=1 -o /data/projects/mdc-971/data_from_June_2019/30.primer_trimmed/180442_S63_cutadapt.1.fq.gz -p /data/projects/mdc-971/data_from_June_2019/30.primer_trimmed/180442_S63_cutadapt.2.fq.gz /data/projects/mdc-971/data_from_June_2019/20.trim_151st_nt/180442_S63_R1_001.bbduked.fastq.gz /data/projects/mdc-971/data_from_June_2019/20.trim_151st_nt/180442_S63_R2_001.bbduked.fastq.gz
Processing reads on 1 core in paired-end mode ...
Finished in 186.22 s (380 us/read; 0.16 M reads/minute).

=== Summary ===

Total read pairs processed:            490,465
  Read 1 with adapter:                 420,580 (85.8%)
  Read 2 with adapter:                 346,924 (70.7%)
Pairs that were too short:                   0 (0.0%)
Pairs written (passing filters):       490,465 (100.0%)

Total basepairs processed:   147,139,500 bp
  Read 1:    73,569,750 bp
  Read 2:    73,569,750 bp
Total written (filtered):    120,854,247 bp (82.1%)
  Read 1:    59,061,540 bp
  Read 2:    61,792,707 bp

=== First read: Adapter 1 ===

Sequence: ACGTTGGATGTTTGTTACTATGGTAGATACCACAC; Type: regular 5'; Length: 35; Trimmed: 29080 times.

No. of allowed errors:
0-9 bp: 0; 10-19 bp: 1; 20-29 bp: 2; 30-35 bp: 3

Overview of removed sequences
length	count	expect	max.err	error counts
3	9	7663.5	0	9
4	5	1915.9	0	5
13	2	0.0	1	0 2
14	1	0.0	1	0 1
18	4	0.0	1	2 2
19	4	0.0	1	0 2 2
20	1	0.0	2	0 0 1
21	4	0.0	2	1 3
22	8	0.0	2	6 2
23	6	0.0	2	3 3
24	7	0.0	2	1 2 4
25	3	0.0	2	0 0 3
26	58	0.0	2	25 16 17
27	106	0.0	2	45 44 16 1
28	171	0.0	2	81 43 33 14
29	364	0.0	2	137 130 76 21
30	815	0.0	3	407 222 118 68
31	445	0.0	3	135 150 98 62
32	849	0.0	3	196 249 180 224
33	1812	0.0	3	176 251 746 639
34	5444	0.0	3	171 2327 1599 1347
35	16147	0.0	3	5909 5524 2730 1984
36	1872	0.0	3	20 659 721 472
37	446	0.0	3	1 3 227 215
38	493	0.0	3	0 0 0 493
39	1	0.0	3	0 0 0 1
42	1	0.0	3	0 0 0 1
46	1	0.0	3	0 0 0 1
50	1	0.0	3	0 1

=== First read: Adapter 2 ===

Sequence: ACGTTGGATGTTTGTTACTAAGGTAGATACCACTC; Type: regular 5'; Length: 35; Trimmed: 7295 times.

No. of allowed errors:
0-9 bp: 0; 10-19 bp: 1; 20-29 bp: 2; 30-35 bp: 3

Overview of removed sequences
length	count	expect	max.err	error counts
3	3	7663.5	0	3
4	2	1915.9	0	2
13	1	0.0	1	0 1
14	1	0.0	1	0 1
21	2	0.0	2	0 1 1
22	1	0.0	2	1
23	1	0.0	2	1
26	12	0.0	2	6 2 4
27	21	0.0	2	14 5 2
28	15	0.0	2	8 4 3
29	75	0.0	2	28 27 13 7
30	166	0.0	3	93 41 19 13
31	96	0.0	3	36 28 19 13
32	148	0.0	3	58 38 28 24
33	239	0.0	3	30 49 80 80
34	1136	0.0	3	76 516 295 249
35	4532	0.0	3	2665 967 504 396
36	406	0.0	3	2 105 152 147
37	311	0.0	3	0 0 166 145
38	125	0.0	3	0 0 1 124
54	1	0.0	3	1
66	1	0.0	3	0 1

=== First read: Adapter 3 ===

Sequence: ACGTTGGATGTTTGTTACTGTGGTGGATACTAC; Type: regular 5'; Length: 33; Trimmed: 77899 times.

No. of allowed errors:
0-9 bp: 0; 10-19 bp: 1; 20-29 bp: 2; 30-33 bp: 3

Overview of removed sequences
length	count	expect	max.err	error counts
3	7	7663.5	0	7
4	2	1915.9	0	2
5	1	479.0	0	1
8	1	7.5	0	1
11	1	0.1	1	1
13	2	0.0	1	0 2
14	21	0.0	1	16 5
15	3	0.0	1	2 1
16	8	0.0	1	4 4
17	6	0.0	1	4 2
18	13	0.0	1	8 5
19	30	0.0	1	21 7 2
20	65	0.0	2	45 14 6
21	41	0.0	2	24 12 5
22	20	0.0	2	8 8 4
23	30	0.0	2	13 12 5
24	308	0.0	2	161 113 34
25	768	0.0	2	398 265 105
26	1061	0.0	2	559 335 167
27	2137	0.0	2	1341 603 190 3
28	3561	0.0	2	1953 1138 448 22
29	2313	0.0	2	932 860 438 83
30	5677	0.0	3	2174 1814 806 883
31	7116	0.0	3	2481 1882 1578 1175
32	10093	0.0	3	1529 3649 2962 1953
33	38453	0.0	3	15048 11904 6912 4589
34	5609	0.0	3	11 2648 2027 923
35	359	0.0	3	9 5 156 189
36	127	0.0	3	5 2 4 116
37	17	0.0	3	11 5 0 1
38	6	0.0	3	1 4 1
39	3	0.0	3	0 1 1 1
40	2	0.0	3	1 0 0 1
41	12	0.0	3	2 3 4 3
42	4	0.0	3	2 1 0 1
43	2	0.0	3	0 1 1
44	3	0.0	3	0 1 2
46	1	0.0	3	0 0 1
47	1	0.0	3	0 0 0 1
48	2	0.0	3	0 1 0 1
49	3	0.0	3	1 0 0 2
51	2	0.0	3	1 1
52	2	0.0	3	0 0 1 1
54	1	0.0	3	1
55	1	0.0	3	0 0 1
56	1	0.0	3	0 0 0 1
64	1	0.0	3	0 1
69	1	0.0	3	0 0 0 1
74	1	0.0	3	1

=== First read: Adapter 4 ===

Sequence: ACGTTGGATGTTTGTTACTGTTGTGGATACAAC; Type: regular 5'; Length: 33; Trimmed: 30067 times.

No. of allowed errors:
0-9 bp: 0; 10-19 bp: 1; 20-29 bp: 2; 30-33 bp: 3

Overview of removed sequences
length	count	expect	max.err	error counts
3	51	7663.5	0	51
11	1	0.1	1	1
14	2	0.0	1	2
16	2	0.0	1	1 1
18	2	0.0	1	1 1
19	2	0.0	1	2
20	4	0.0	2	3 0 1
21	3	0.0	2	1 1 1
22	2	0.0	2	1 0 1
23	7	0.0	2	1 5 1
24	68	0.0	2	27 33 8
25	202	0.0	2	81 72 49
26	201	0.0	2	103 71 27
27	433	0.0	2	272 129 32
28	1084	0.0	2	638 315 127 4
29	713	0.0	2	321 250 131 11
30	1496	0.0	3	619 460 259 158
31	1933	0.0	3	478 611 476 368
32	3818	0.0	3	511 1477 1022 808
33	17863	0.0	3	7610 4901 3464 1888
34	1502	0.0	3	6 674 471 351
35	457	0.0	3	1 1 240 215
36	205	0.0	3	1 0 0 204
37	3	0.0	3	1 1 0 1
38	1	0.0	3	0 0 1
40	1	0.0	3	0 1
41	2	0.0	3	1 0 1
42	2	0.0	3	1 1
43	1	0.0	3	1
44	1	0.0	3	1
52	1	0.0	3	0 0 1
54	1	0.0	3	1
61	3	0.0	3	2 1

=== First read: Adapter 5 ===

Sequence: ACGTTGGATGTTTGTTACCGTTGTTGATACTAC; Type: regular 5'; Length: 33; Trimmed: 36564 times.

No. of allowed errors:
0-9 bp: 0; 10-19 bp: 1; 20-29 bp: 2; 30-33 bp: 3

Overview of removed sequences
length	count	expect	max.err	error counts
14	1	0.0	1	0 1
18	5	0.0	1	1 4
19	15	0.0	1	9 5 1
20	14	0.0	2	11 3
21	6	0.0	2	4 2
22	3	0.0	2	1 1 1
23	7	0.0	2	1 1 5
24	49	0.0	2	29 14 6
25	132	0.0	2	79 26 27
26	168	0.0	2	78 44 46
27	398	0.0	2	231 114 49 4
28	641	0.0	2	324 187 115 15
29	534	0.0	2	167 171 126 70
30	1789	0.0	3	404 343 167 875
31	2009	0.0	3	485 425 526 573
32	6579	0.0	3	711 1695 2736 1437
33	21579	0.0	3	11990 5716 2529 1344
34	1746	0.0	3	3 720 584 439
35	670	0.0	3	1 0 242 427
36	208	0.0	3	2 1 2 203
37	2	0.0	3	2
39	2	0.0	3	0 2
41	3	0.0	3	3
42	2	0.0	3	1 0 1
48	2	0.0	3	0 1 1

=== First read: Adapter 6 ===

Sequence: ACGTTGGATGAATATATGTGTGCTTATTTG; Type: regular 5'; Length: 30; Trimmed: 225 times.

No. of allowed errors:
0-9 bp: 0; 10-19 bp: 1; 20-29 bp: 2; 30 bp: 3

Overview of removed sequences
length	count	expect	max.err	error counts
3	192	7663.5	0	192
4	25	1915.9	0	25
5	1	479.0	0	1
27	1	0.0	2	0 0 0 1
30	6	0.0	3	5 0 1

=== First read: Adapter 7 ===

Sequence: ACGTTGGATGGAAAAATAAACTGCAAATCATATTC; Type: regular 5'; Length: 35; Trimmed: 49757 times.

No. of allowed errors:
0-9 bp: 0; 10-19 bp: 1; 20-29 bp: 2; 30-35 bp: 3

Overview of removed sequences
length	count	expect	max.err	error counts
3	1	7663.5	0	1
4	2	1915.9	0	2
5	1	479.0	0	1
6	1	119.7	0	1
17	2	0.0	1	2
18	2	0.0	1	2
19	1	0.0	1	1
23	2	0.0	2	0 0 2
25	4	0.0	2	1 0 3
26	3	0.0	2	1 1 1
27	7	0.0	2	3 3 1
28	7	0.0	2	1 1 4 1
29	35	0.0	2	6 15 10 4
30	201	0.0	3	59 64 42 36
31	151	0.0	3	39 50 37 25
32	1293	0.0	3	36 55 34 1168
33	1244	0.0	3	19 72 745 408
34	9660	0.0	3	73 6973 1709 905
35	25802	0.0	3	15976 4498 2450 2878
36	10042	0.0	3	0 7625 1528 889
37	956	0.0	3	0 0 496 460
38	339	0.0	3	0 1 0 338
62	1	0.0	3	0 1

=== First read: Adapter 8 ===

Sequence: ACGTTGGATGGAAAAATAAACTGTAAATCATATTC; Type: regular 5'; Length: 35; Trimmed: 11418 times.

No. of allowed errors:
0-9 bp: 0; 10-19 bp: 1; 20-29 bp: 2; 30-35 bp: 3

Overview of removed sequences
length	count	expect	max.err	error counts
18	1	0.0	1	0 1
22	1	0.0	2	0 1
23	1	0.0	2	0 1
24	1	0.0	2	0 0 1
26	2	0.0	2	1 1
29	7	0.0	2	0 2 1 4
30	19	0.0	3	2 3 4 10
31	16	0.0	3	3 3 3 7
32	1855	0.0	3	0 3 0 1852
33	454	0.0	3	1 12 211 230
34	3145	0.0	3	4 2068 487 586
35	4350	0.0	3	809 1236 981 1324
36	894	0.0	3	0 188 300 406
37	470	0.0	3	0 0 118 352
38	201	0.0	3	1 0 0 200
59	1	0.0	3	0 0 0 1

=== First read: Adapter 9 ===

Sequence: ACGTTGGATGGAAAAATAAATTGTAAATCATACTC; Type: regular 5'; Length: 35; Trimmed: 32138 times.

No. of allowed errors:
0-9 bp: 0; 10-19 bp: 1; 20-29 bp: 2; 30-35 bp: 3

Overview of removed sequences
length	count	expect	max.err	error counts
19	2	0.0	1	0 2
20	1	0.0	2	1
22	1	0.0	2	1
23	1	0.0	2	1
26	1	0.0	2	1
27	1	0.0	2	1
28	1	0.0	2	1
29	6	0.0	2	3 3
30	41	0.0	3	17 18 5 1
31	70	0.0	3	47 16 5 2
32	149	0.0	3	19 6 4 120
33	866	0.0	3	40 51 516 259
34	2336	0.0	3	849 978 370 139
35	27954	0.0	3	18911 4743 1590 2710
36	385	0.0	3	5 136 128 116
37	106	0.0	3	5 3 23 75
38	194	0.0	3	1 0 0 193
39	2	0.0	3	1 1
40	2	0.0	3	2
41	1	0.0	3	1
43	3	0.0	3	2 1
44	2	0.0	3	1 0 0 1
46	2	0.0	3	2
47	1	0.0	3	1
48	1	0.0	3	0 0 0 1
49	1	0.0	3	1
51	2	0.0	3	1 1
52	3	0.0	3	2 0 0 1
54	1	0.0	3	1
55	1	0.0	3	0 0 0 1
65	1	0.0	3	1

=== First read: Adapter 10 ===

Sequence: ACGTTGGATGAGATTAGGGAAAGTATTAGA; Type: regular 5'; Length: 30; Trimmed: 52 times.

No. of allowed errors:
0-9 bp: 0; 10-19 bp: 1; 20-29 bp: 2; 30 bp: 3

Overview of removed sequences
length	count	expect	max.err	error counts
3	49	7663.5	0	49
30	2	0.0	3	2
31	1	0.0	3	0 1

=== First read: Adapter 11 ===

Sequence: ACGTTGGATGGAAAAATAAATTGTAAATCAAATTC; Type: regular 5'; Length: 35; Trimmed: 13130 times.

No. of allowed errors:
0-9 bp: 0; 10-19 bp: 1; 20-29 bp: 2; 30-35 bp: 3

Overview of removed sequences
length	count	expect	max.err	error counts
5	2	479.0	0	2
29	1	0.0	2	0 0 0 1
30	13	0.0	3	5 5 3
31	18	0.0	3	9 3 3 3
32	39	0.0	3	2 1 2 34
33	92	0.0	3	13 14 41 24
34	498	0.0	3	73 231 107 87
35	12149	0.0	3	8110 2427 1018 594
36	158	0.0	3	0 57 45 56
37	79	0.0	3	0 1 44 34
38	81	0.0	3	0 1 0 80

=== First read: Adapter 12 ===

Sequence: ACGTTGGATGGAAAAATAAACTGTAAATCATATTCCT; Type: regular 5'; Length: 37; Trimmed: 132955 times.

No. of allowed errors:
0-9 bp: 0; 10-19 bp: 1; 20-29 bp: 2; 30-37 bp: 3

Overview of removed sequences
length	count	expect	max.err	error counts
3	32	7663.5	0	32
4	4	1915.9	0	4
16	3	0.0	1	3
19	4	0.0	1	2 2
20	5	0.0	2	2 1 2
21	1	0.0	2	0 0 1
22	1	0.0	2	0 0 1
23	1	0.0	2	0 1
24	2	0.0	2	1 1
25	1	0.0	2	1
27	3	0.0	2	0 1 2
28	5	0.0	2	2 2 1
29	9	0.0	2	3 4 2
30	17	0.0	3	1 5 4 7
31	92	0.0	3	17 33 25 17
32	540	0.0	3	157 215 116 52
33	516	0.0	3	116 197 134 69
34	1016	0.0	3	175 326 185 330
35	5027	0.0	3	225 380 3389 1033
36	19185	0.0	3	393 11547 4744 2501
37	76885	0.0	3	23329 31593 14516 7447
38	20469	0.0	3	31 6460 10374 3604
39	8018	0.0	3	4 5 2403 5606
40	1106	0.0	3	2 0 2 1102
41	3	0.0	3	1 2
42	1	0.0	3	1
44	2	0.0	3	0 1 0 1
46	1	0.0	3	0 1
48	2	0.0	3	1 0 1
55	2	0.0	3	1 1
56	1	0.0	3	0 1
58	1	0.0	3	0 1

=== Second read: Adapter 13 ===

Sequence: ACGTTGGATGTTTGTTACTATGGTAGATACCACAC; Type: regular 5'; Length: 35; Trimmed: 28471 times.

No. of allowed errors:
0-9 bp: 0; 10-19 bp: 1; 20-29 bp: 2; 30-35 bp: 3

Overview of removed sequences
length	count	expect	max.err	error counts
3	14	7663.5	0	14
4	17	1915.9	0	17
14	1	0.0	1	0 1
17	1	0.0	1	0 1
18	3	0.0	1	1 2
19	4	0.0	1	2 2
20	1	0.0	2	0 0 1
21	6	0.0	2	1 2 3
22	4	0.0	2	0 1 3
23	5	0.0	2	0 2 3
24	1	0.0	2	0 1
25	4	0.0	2	0 1 3
26	14	0.0	2	7 4 3
27	6	0.0	2	3 0 3
28	48	0.0	2	16 12 14 6
29	80	0.0	2	26 22 25 7
30	172	0.0	3	49 53 37 33
31	223	0.0	3	31 61 77 54
32	323	0.0	3	25 78 74 146
33	1585	0.0	3	107 106 544 828
34	3702	0.0	3	56 1101 1226 1319
35	19091	0.0	3	5214 6289 4315 3273
36	2039	0.0	3	6 672 689 672
37	663	0.0	3	0 0 284 379
38	422	0.0	3	0 1 0 421
39	1	0.0	3	0 1
40	1	0.0	3	0 0 0 1
42	1	0.0	3	0 0 1
43	9	0.0	3	1 5 2 1
44	3	0.0	3	0 0 3
45	2	0.0	3	0 1 1
46	3	0.0	3	0 1 1 1
47	7	0.0	3	1 2 2 2
48	2	0.0	3	0 1 1
50	1	0.0	3	0 0 1
51	2	0.0	3	0 0 1 1
52	1	0.0	3	0 0 1
53	2	0.0	3	0 1 0 1
54	1	0.0	3	0 1
55	4	0.0	3	2 2
57	1	0.0	3	0 0 0 1
58	1	0.0	3	0 1

=== Second read: Adapter 14 ===

Sequence: ACGTTGGATGTTTGTTACTGTGGTGGATACTAC; Type: regular 5'; Length: 33; Trimmed: 88815 times.

No. of allowed errors:
0-9 bp: 0; 10-19 bp: 1; 20-29 bp: 2; 30-33 bp: 3

Overview of removed sequences
length	count	expect	max.err	error counts
3	26	7663.5	0	26
4	1	1915.9	0	1
5	3	479.0	0	3
8	1	7.5	0	1
9	1	1.9	0	1
10	1	0.5	1	1
14	4	0.0	1	3 1
15	1	0.0	1	0 1
16	5	0.0	1	1 4
17	6	0.0	1	2 4
18	13	0.0	1	4 8 1
19	7	0.0	1	4 0 3
20	18	0.0	2	5 6 7
21	11	0.0	2	1 4 6
22	5	0.0	2	2 3
23	9	0.0	2	5 0 4
24	80	0.0	2	35 26 19
25	95	0.0	2	24 37 34
26	291	0.0	2	99 121 71
27	334	0.0	2	160 101 73
28	545	0.0	2	175 190 168 12
29	667	0.0	2	166 243 227 31
30	4818	0.0	3	199 339 301 3979
31	6606	0.0	3	614 578 2064 3350
32	12693	0.0	3	305 3598 4655 4135
33	52670	0.0	3	18108 17306 10480 6776
34	8466	0.0	3	7 3572 3119 1768
35	572	0.0	3	3 4 187 378
36	240	0.0	3	1 2 3 234
37	10	0.0	3	3 3 1 3
38	10	0.0	3	1 2 2 5
39	25	0.0	3	0 0 10 15
40	29	0.0	3	6 8 5 10
41	82	0.0	3	21 26 24 11
42	77	0.0	3	17 25 16 19
43	32	0.0	3	0 9 9 14
44	44	0.0	3	13 12 13 6
45	49	0.0	3	12 18 3 16
46	32	0.0	3	5 7 9 11
47	17	0.0	3	0 2 5 10
48	24	0.0	3	3 5 7 9
49	36	0.0	3	11 7 9 9
50	29	0.0	3	3 8 7 11
51	44	0.0	3	7 12 11 14
52	19	0.0	3	3 9 5 2
53	24	0.0	3	7 7 3 7
54	18	0.0	3	4 4 4 6
55	6	0.0	3	1 1 1 3
56	9	0.0	3	4 2 0 3
57	6	0.0	3	2 3 1
58	2	0.0	3	0 1 0 1
60	1	0.0	3	1
62	1	0.0	3	0 0 0 1

=== Second read: Adapter 15 ===

Sequence: ACGTTGGATGTTTGTTACTGTTGTGGATACAAC; Type: regular 5'; Length: 33; Trimmed: 43213 times.

No. of allowed errors:
0-9 bp: 0; 10-19 bp: 1; 20-29 bp: 2; 30-33 bp: 3

Overview of removed sequences
length	count	expect	max.err	error counts
3	1261	7663.5	0	1261
4	4	1915.9	0	4
5	9	479.0	0	9
6	1	119.7	0	1
12	1	0.0	1	0 1
16	1	0.0	1	1
17	1	0.0	1	0 1
18	3	0.0	1	0 3
19	2	0.0	1	1 1
20	1	0.0	2	1
21	4	0.0	2	1 2 1
22	2	0.0	2	0 1 1
23	4	0.0	2	2 1 1
24	26	0.0	2	9 6 11
25	47	0.0	2	20 16 11
26	105	0.0	2	46 37 22
27	147	0.0	2	65 45 37
28	277	0.0	2	112 93 68 4
29	373	0.0	2	113 148 103 9
30	651	0.0	3	124 193 156 178
31	1827	0.0	3	299 230 502 796
32	6789	0.0	3	176 2103 1988 2522
33	27856	0.0	3	8366 7363 7914 4213
34	2260	0.0	3	6 707 757 790
35	653	0.0	3	2 3 284 364
36	466	0.0	3	2 0 1 463
37	1	0.0	3	1
38	1	0.0	3	1
39	4	0.0	3	0 1 3
40	16	0.0	3	2 2 8 4
41	79	0.0	3	18 27 23 11
42	48	0.0	3	13 10 11 14
43	20	0.0	3	2 9 7 2
44	26	0.0	3	8 6 10 2
45	31	0.0	3	7 12 8 4
46	20	0.0	3	10 5 1 4
47	9	0.0	3	2 3 1 3
48	6	0.0	3	1 4 1
49	24	0.0	3	9 7 4 4
50	17	0.0	3	3 8 3 3
51	26	0.0	3	3 12 6 5
52	31	0.0	3	5 13 6 7
53	40	0.0	3	9 10 18 3
54	8	0.0	3	1 5 0 2
55	10	0.0	3	1 3 2 4
56	2	0.0	3	0 1 0 1
57	8	0.0	3	4 0 2 2
58	4	0.0	3	0 2 1 1
60	3	0.0	3	0 1 2
62	1	0.0	3	1
63	4	0.0	3	1 2 1
64	2	0.0	3	2
65	1	0.0	3	1

=== Second read: Adapter 16 ===

Sequence: ACGTTGGATGTTTGTTACCGTTGTTGATACTAC; Type: regular 5'; Length: 33; Trimmed: 46809 times.

No. of allowed errors:
0-9 bp: 0; 10-19 bp: 1; 20-29 bp: 2; 30-33 bp: 3

Overview of removed sequences
length	count	expect	max.err	error counts
12	1	0.0	1	0 1
13	2	0.0	1	0 2
17	1	0.0	1	1
18	3	0.0	1	1 2
19	6	0.0	1	4 2
20	5	0.0	2	0 4 1
21	4	0.0	2	1 3
22	5	0.0	2	1 1 3
23	3	0.0	2	1 1 1
24	15	0.0	2	4 5 6
25	30	0.0	2	8 9 13
26	49	0.0	2	11 22 16
27	79	0.0	2	33 23 22 1
28	170	0.0	2	68 50 46 6
29	201	0.0	2	50 61 69 21
30	3291	0.0	3	63 111 86 3031
31	2063	0.0	3	208 147 724 984
32	9539	0.0	3	185 2248 3918 3188
33	26416	0.0	3	12439 7431 4167 2379
34	3119	0.0	3	2 1020 1080 1017
35	1202	0.0	3	1 0 466 735
36	452	0.0	3	0 1 1 450
37	3	0.0	3	2 1
38	4	0.0	3	0 1 0 3
39	4	0.0	3	0 0 1 3
40	7	0.0	3	0 0 2 5
41	25	0.0	3	6 4 6 9
42	13	0.0	3	4 3 1 5
43	12	0.0	3	1 1 3 7
44	18	0.0	3	3 3 5 7
45	11	0.0	3	3 2 2 4
46	3	0.0	3	1 0 0 2
47	4	0.0	3	0 0 1 3
48	7	0.0	3	1 0 2 4
49	3	0.0	3	0 0 2 1
50	10	0.0	3	1 0 2 7
51	3	0.0	3	0 2 1
52	5	0.0	3	0 0 2 3
53	7	0.0	3	0 1 4 2
54	8	0.0	3	0 1 6 1
55	5	0.0	3	2 0 3
59	1	0.0	3	0 0 1

=== Second read: Adapter 17 ===

Sequence: ACGTTGGATGAATATATGTGTGCTTATTTG; Type: regular 5'; Length: 30; Trimmed: 556 times.

No. of allowed errors:
0-9 bp: 0; 10-19 bp: 1; 20-29 bp: 2; 30 bp: 3

Overview of removed sequences
length	count	expect	max.err	error counts
3	514	7663.5	0	514
4	20	1915.9	0	20
5	12	479.0	0	12
6	3	119.7	0	3
30	6	0.0	3	3 2 1
33	1	0.0	3	0 0 0 1

=== Second read: Adapter 18 ===

Sequence: ACGTTGGATGTTTGTTACTAAGGTAGATACCACTC; Type: regular 5'; Length: 35; Trimmed: 8278 times.

No. of allowed errors:
0-9 bp: 0; 10-19 bp: 1; 20-29 bp: 2; 30-35 bp: 3

Overview of removed sequences
length	count	expect	max.err	error counts
3	4	7663.5	0	4
4	8	1915.9	0	8
5	1	479.0	0	1
6	1	119.7	0	1
15	1	0.0	1	0 1
18	1	0.0	1	0 1
19	2	0.0	1	1 0 1
20	1	0.0	2	0 1
21	1	0.0	2	0 0 1
22	4	0.0	2	2 0 2
24	2	0.0	2	0 1 1
25	1	0.0	2	0 0 1
26	1	0.0	2	0 0 1
27	4	0.0	2	0 1 3
28	4	0.0	2	1 1 2
29	10	0.0	2	2 4 3 1
30	29	0.0	3	13 6 5 5
31	46	0.0	3	8 7 19 12
32	54	0.0	3	8 11 8 27
33	446	0.0	3	30 12 134 270
34	1050	0.0	3	21 365 304 360
35	5635	0.0	3	2431 1498 1044 662
36	428	0.0	3	1 120 138 169
37	394	0.0	3	0 0 187 207
38	126	0.0	3	0 0 0 126
42	1	0.0	3	0 0 0 1
43	3	0.0	3	1 0 1 1
44	2	0.0	3	1 1
45	4	0.0	3	2 2
46	3	0.0	3	1 2
48	2	0.0	3	0 0 2
49	2	0.0	3	0 2
51	4	0.0	3	2 1 0 1
52	1	0.0	3	0 0 1
57	1	0.0	3	1
58	1	0.0	3	0 0 0 1

=== Second read: Adapter 19 ===

Sequence: ACGTTGGATGGAAAAATAAACTGCAAATCATATTC; Type: regular 5'; Length: 35; Trimmed: 19074 times.

No. of allowed errors:
0-9 bp: 0; 10-19 bp: 1; 20-29 bp: 2; 30-35 bp: 3

Overview of removed sequences
length	count	expect	max.err	error counts
3	55	7663.5	0	55
4	5	1915.9	0	5
11	1	0.1	1	1
17	3	0.0	1	1 2
18	4	0.0	1	3 1
19	4	0.0	1	1 3
21	2	0.0	2	1 0 1
22	3	0.0	2	1 2
23	1	0.0	2	0 1
24	1	0.0	2	0 0 1
25	2	0.0	2	0 1 1
26	4	0.0	2	2 1 1
28	2	0.0	2	0 2
29	10	0.0	2	2 3 2 3
30	31	0.0	3	6 5 8 12
31	48	0.0	3	10 8 14 16
32	383	0.0	3	4 14 10 355
33	543	0.0	3	4 15 313 211
34	2983	0.0	3	7 1361 896 719
35	11100	0.0	3	4130 2343 2024 2603
36	3347	0.0	3	0 1784 898 665
37	365	0.0	3	0 0 176 189
38	151	0.0	3	0 0 0 151
42	1	0.0	3	0 0 1
43	3	0.0	3	1 0 1 1
44	4	0.0	3	0 3 1
45	3	0.0	3	0 1 0 2
46	1	0.0	3	1
47	3	0.0	3	2 0 1
48	3	0.0	3	0 1 1 1
50	4	0.0	3	1 0 3
51	3	0.0	3	0 3
54	1	0.0	3	0 1

=== Second read: Adapter 20 ===

Sequence: ACGTTGGATGAGATTAGGGAAAGTATTAGA; Type: regular 5'; Length: 30; Trimmed: 95 times.

No. of allowed errors:
0-9 bp: 0; 10-19 bp: 1; 20-29 bp: 2; 30 bp: 3

Overview of removed sequences
length	count	expect	max.err	error counts
3	87	7663.5	0	87
4	6	1915.9	0	6
5	1	479.0	0	1
27	1	0.0	2	0 0 0 1

=== Second read: Adapter 21 ===

Sequence: ACGTTGGATGGAAAAATAAATTGTAAATCATACTC; Type: regular 5'; Length: 35; Trimmed: 21098 times.

No. of allowed errors:
0-9 bp: 0; 10-19 bp: 1; 20-29 bp: 2; 30-35 bp: 3

Overview of removed sequences
length	count	expect	max.err	error counts
5	2	479.0	0	2
14	1	0.0	1	1
17	1	0.0	1	1
18	1	0.0	1	1
19	7	0.0	1	3 4
21	7	0.0	2	5 1 1
22	5	0.0	2	2 0 3
24	1	0.0	2	0 0 1
25	1	0.0	2	0 0 1
26	1	0.0	2	1
27	1	0.0	2	1
28	1	0.0	2	1
29	1	0.0	2	1
30	17	0.0	3	3 7 4 3
31	33	0.0	3	10 11 4 8
32	91	0.0	3	7 5 3 76
33	489	0.0	3	20 19 160 290
34	1131	0.0	3	130 442 278 281
35	18667	0.0	3	9450 4331 2410 2476
36	405	0.0	3	1 102 125 177
37	66	0.0	3	3 3 15 45
38	90	0.0	3	2 1 0 87
39	1	0.0	3	0 1
40	2	0.0	3	1 1
41	1	0.0	3	0 0 0 1
42	2	0.0	3	0 0 0 2
43	21	0.0	3	8 3 3 7
44	8	0.0	3	2 3 2 1
45	2	0.0	3	0 0 1 1
46	5	0.0	3	4 1
47	4	0.0	3	2 1 1
48	6	0.0	3	1 1 1 3
49	1	0.0	3	1
50	10	0.0	3	2 1 2 5
51	2	0.0	3	1 1
52	6	0.0	3	2 0 1 3
53	1	0.0	3	1
54	3	0.0	3	0 0 1 2
55	3	0.0	3	2 1
60	1	0.0	3	1

=== Second read: Adapter 22 ===

Sequence: ACGTTGGATGGAAAAATAAACTGTAAATCATATTCCT; Type: regular 5'; Length: 37; Trimmed: 76918 times.

No. of allowed errors:
0-9 bp: 0; 10-19 bp: 1; 20-29 bp: 2; 30-37 bp: 3

Overview of removed sequences
length	count	expect	max.err	error counts
3	351	7663.5	0	351
4	443	1915.9	0	443
5	7	479.0	0	7
6	1	119.7	0	1
12	2	0.0	1	0 2
16	1	0.0	1	0 1
19	8	0.0	1	0 5 3
20	5	0.0	2	2 2 1
21	10	0.0	2	2 4 4
23	1	0.0	2	0 0 1
24	1	0.0	2	0 1
25	2	0.0	2	0 0 2
26	1	0.0	2	0 0 1
27	1	0.0	2	0 1
28	1	0.0	2	0 0 1
29	3	0.0	2	0 1 2
30	9	0.0	3	2 1 4 2
31	33	0.0	3	2 16 8 7
32	83	0.0	3	21 24 26 12
33	142	0.0	3	27 46 30 39
34	797	0.0	3	27 49 60 661
35	3088	0.0	3	59 113 1571 1345
36	8322	0.0	3	70 3725 2636 1891
37	49164	0.0	3	12296 17952 11560 7356
38	10657	0.0	3	2 3077 4889 2689
39	3371	0.0	3	2 2 1011 2356
40	323	0.0	3	0 0 0 323
41	1	0.0	3	1
43	3	0.0	3	0 1 2
44	6	0.0	3	0 2 1 3
45	10	0.0	3	1 4 5
46	10	0.0	3	2 4 2 2
47	6	0.0	3	0 1 3 2
48	3	0.0	3	0 2 1
49	8	0.0	3	0 5 1 2
50	14	0.0	3	0 5 2 7
51	7	0.0	3	0 1 2 4
52	7	0.0	3	2 3 2
53	3	0.0	3	0 1 1 1
54	2	0.0	3	0 1 0 1
55	4	0.0	3	1 1 1 1
56	3	0.0	3	0 0 1 2
57	2	0.0	3	0 2
59	1	0.0	3	0 0 1
60	1	0.0	3	0 1

=== Second read: Adapter 23 ===

Sequence: ACGTTGGATGGAAAAATAAACTGTAAATCATATTC; Type: regular 5'; Length: 35; Trimmed: 4578 times.

No. of allowed errors:
0-9 bp: 0; 10-19 bp: 1; 20-29 bp: 2; 30-35 bp: 3

Overview of removed sequences
length	count	expect	max.err	error counts
12	1	0.0	1	0 1
18	1	0.0	1	0 1
22	1	0.0	2	0 0 1
23	1	0.0	2	0 0 1
24	2	0.0	2	0 0 2
26	2	0.0	2	0 1 1
27	2	0.0	2	0 0 1 1
28	2	0.0	2	0 0 0 2
29	1	0.0	2	0 0 0 1
30	5	0.0	3	0 0 3 2
31	13	0.0	3	0 0 1 12
32	841	0.0	3	0 0 2 839
33	238	0.0	3	0 0 101 137
34	951	0.0	3	0 0 266 685
35	2116	0.0	3	0 0 532 1584
36	283	0.0	3	0 0 5 278
37	83	0.0	3	0 0 8 75
38	29	0.0	3	0 0 0 29
45	1	0.0	3	0 0 0 1
46	2	0.0	3	0 0 1 1
49	2	0.0	3	0 0 0 2
51	1	0.0	3	0 0 0 1

=== Second read: Adapter 24 ===

Sequence: ACGTTGGATGGAAAAATAAATTGTAAATCAAATTC; Type: regular 5'; Length: 35; Trimmed: 9019 times.

No. of allowed errors:
0-9 bp: 0; 10-19 bp: 1; 20-29 bp: 2; 30-35 bp: 3

Overview of removed sequences
length	count	expect	max.err	error counts
5	5	479.0	0	5
6	2	119.7	0	2
13	1	0.0	1	0 1
14	1	0.0	1	1
18	2	0.0	1	2
19	3	0.0	1	1 2
20	2	0.0	2	2
21	2	0.0	2	2
23	1	0.0	2	0 1
25	1	0.0	2	0 0 1
27	1	0.0	2	0 0 1
28	1	0.0	2	0 1
30	13	0.0	3	7 3 2 1
31	15	0.0	3	5 4 5 1
32	79	0.0	3	0 1 0 78
33	82	0.0	3	6 3 53 20
34	404	0.0	3	18 177 127 82
35	8140	0.0	3	4411 1839 1178 712
36	131	0.0	3	0 49 36 46
37	76	0.0	3	1 0 38 37
38	47	0.0	3	2 0 0 45
40	1	0.0	3	1
43	2	0.0	3	0 0 2
46	2	0.0	3	0 0 1 1
48	1	0.0	3	0 1
49	2	0.0	3	0 1 0 1
50	1	0.0	3	1
65	1	0.0	3	0 0 1

