This is cutadapt 1.18 with Python 3.5.5
Command line parameters: -g ACGTTGGATGTTTGTTACTATGGTAGATACCACAC -g ACGTTGGATGTTTGTTACTAAGGTAGATACCACTC -g ACGTTGGATGTTTGTTACTGTGGTGGATACTAC -g ACGTTGGATGTTTGTTACTGTTGTGGATACAAC -g ACGTTGGATGTTTGTTACCGTTGTTGATACTAC -g ACGTTGGATGAATATATGTGTGCTTATTTG -G ACGTTGGATGTTTGTTACTATGGTAGATACCACAC -G ACGTTGGATGTTTGTTACTGTGGTGGATACTAC -G ACGTTGGATGTTTGTTACTGTTGTGGATACAAC -G ACGTTGGATGTTTGTTACCGTTGTTGATACTAC -G ACGTTGGATGAATATATGTGTGCTTATTTG -G ACGTTGGATGTTTGTTACTAAGGTAGATACCACTC -g ACGTTGGATGGAAAAATAAACTGCAAATCATATTC -g ACGTTGGATGGAAAAATAAACTGTAAATCATATTC -g ACGTTGGATGGAAAAATAAATTGTAAATCATACTC -g ACGTTGGATGAGATTAGGGAAAGTATTAGA -g ACGTTGGATGGAAAAATAAATTGTAAATCAAATTC -g ACGTTGGATGGAAAAATAAACTGTAAATCATATTCCT -G ACGTTGGATGGAAAAATAAACTGCAAATCATATTC -G ACGTTGGATGAGATTAGGGAAAGTATTAGA -G ACGTTGGATGGAAAAATAAATTGTAAATCATACTC -G ACGTTGGATGGAAAAATAAACTGTAAATCATATTCCT -G ACGTTGGATGGAAAAATAAACTGTAAATCATATTC -G ACGTTGGATGGAAAAATAAATTGTAAATCAAATTC --minimum-length=1 -o /data/projects/mdc-971/data_from_June_2019/30.primer_trimmed/180412_S52_cutadapt.1.fq.gz -p /data/projects/mdc-971/data_from_June_2019/30.primer_trimmed/180412_S52_cutadapt.2.fq.gz /data/projects/mdc-971/data_from_June_2019/20.trim_151st_nt/180412_S52_R1_001.bbduked.fastq.gz /data/projects/mdc-971/data_from_June_2019/20.trim_151st_nt/180412_S52_R2_001.bbduked.fastq.gz
Processing reads on 1 core in paired-end mode ...
Finished in 355.89 s (378 us/read; 0.16 M reads/minute).

=== Summary ===

Total read pairs processed:            941,228
  Read 1 with adapter:                 835,573 (88.8%)
  Read 2 with adapter:                 642,608 (68.3%)
Pairs that were too short:                   0 (0.0%)
Pairs written (passing filters):       941,228 (100.0%)

Total basepairs processed:   282,368,400 bp
  Read 1:   141,184,200 bp
  Read 2:   141,184,200 bp
Total written (filtered):    231,706,239 bp (82.1%)
  Read 1:   112,238,518 bp
  Read 2:   119,467,721 bp

=== First read: Adapter 1 ===

Sequence: ACGTTGGATGTTTGTTACTATGGTAGATACCACAC; Type: regular 5'; Length: 35; Trimmed: 55047 times.

No. of allowed errors:
0-9 bp: 0; 10-19 bp: 1; 20-29 bp: 2; 30-35 bp: 3

Overview of removed sequences
length	count	expect	max.err	error counts
3	8	14706.7	0	8
4	6	3676.7	0	6
13	3	0.0	1	0 3
14	3	0.0	1	1 2
17	1	0.0	1	0 1
18	4	0.0	1	1 3
19	1	0.0	1	1
20	5	0.0	2	0 3 2
21	7	0.0	2	2 3 2
22	11	0.0	2	8 3
23	16	0.0	2	9 3 4
24	6	0.0	2	1 1 4
25	4	0.0	2	0 0 4
26	75	0.0	2	28 18 29
27	98	0.0	2	33 41 22 2
28	159	0.0	2	59 41 45 14
29	326	0.0	2	112 112 59 43
30	619	0.0	3	245 178 117 79
31	352	0.0	3	78 129 92 53
32	774	0.0	3	92 153 164 365
33	2853	0.0	3	86 194 1444 1129
34	8460	0.0	3	108 3574 2525 2253
35	32023	0.0	3	11206 11688 5337 3792
36	4681	0.0	3	6 1670 1955 1050
37	1843	0.0	3	0 1 1051 791
38	2697	0.0	3	1 0 1 2695
39	4	0.0	3	2 0 0 2
43	1	0.0	3	0 1
44	1	0.0	3	0 0 1
46	2	0.0	3	1 0 1
50	1	0.0	3	0 1
55	1	0.0	3	0 0 1
60	1	0.0	3	0 0 1
93	1	0.0	3	1

=== First read: Adapter 2 ===

Sequence: ACGTTGGATGTTTGTTACTAAGGTAGATACCACTC; Type: regular 5'; Length: 35; Trimmed: 28840 times.

No. of allowed errors:
0-9 bp: 0; 10-19 bp: 1; 20-29 bp: 2; 30-35 bp: 3

Overview of removed sequences
length	count	expect	max.err	error counts
3	12	14706.7	0	12
14	1	0.0	1	1
15	2	0.0	1	1 1
16	2	0.0	1	1 1
18	2	0.0	1	0 2
19	3	0.0	1	1 1 1
20	4	0.0	2	3 1
21	3	0.0	2	2 0 1
22	4	0.0	2	2 2
23	6	0.0	2	6
24	2	0.0	2	0 2
25	3	0.0	2	1 1 1
26	34	0.0	2	24 6 4
27	56	0.0	2	28 22 6
28	56	0.0	2	24 23 9
29	150	0.0	2	60 56 26 8
30	374	0.0	3	219 95 39 21
31	295	0.0	3	125 95 43 32
32	403	0.0	3	149 124 55 75
33	771	0.0	3	167 131 261 212
34	3729	0.0	3	297 1995 796 641
35	20296	0.0	3	13008 4041 2095 1152
36	1233	0.0	3	6 523 469 235
37	1043	0.0	3	3 2 612 426
38	343	0.0	3	1 0 1 341
39	1	0.0	3	0 0 0 1
41	1	0.0	3	1
42	1	0.0	3	0 0 0 1
44	1	0.0	3	1
45	2	0.0	3	0 0 0 2
47	2	0.0	3	0 1 0 1
51	1	0.0	3	1
58	1	0.0	3	0 0 0 1
66	1	0.0	3	0 0 0 1
70	1	0.0	3	1
108	1	0.0	3	0 0 0 1

=== First read: Adapter 3 ===

Sequence: ACGTTGGATGTTTGTTACTGTGGTGGATACTAC; Type: regular 5'; Length: 33; Trimmed: 115817 times.

No. of allowed errors:
0-9 bp: 0; 10-19 bp: 1; 20-29 bp: 2; 30-33 bp: 3

Overview of removed sequences
length	count	expect	max.err	error counts
3	7	14706.7	0	7
4	1	3676.7	0	1
5	1	919.2	0	1
12	2	0.1	1	2
13	1	0.0	1	1
14	12	0.0	1	8 4
15	5	0.0	1	5
16	14	0.0	1	12 2
17	15	0.0	1	13 2
18	17	0.0	1	7 9 1
19	35	0.0	1	15 15 5
20	77	0.0	2	52 23 2
21	49	0.0	2	26 16 7
22	23	0.0	2	8 12 3
23	57	0.0	2	12 26 19
24	434	0.0	2	225 158 51
25	1012	0.0	2	476 350 186
26	1483	0.0	2	631 578 274
27	2792	0.0	2	1561 902 320 9
28	3686	0.0	2	1763 1324 564 35
29	3103	0.0	2	775 1383 802 143
30	6317	0.0	3	1625 1739 883 2070
31	7991	0.0	3	1316 2033 2546 2096
32	14008	0.0	3	1357 5347 4402 2902
33	50320	0.0	3	21054 15369 8455 5442
34	22999	0.0	3	7 10980 8255 3757
35	1093	0.0	3	2 12 504 575
36	184	0.0	3	3 6 3 172
37	12	0.0	3	3 6 1 2
38	10	0.0	3	1 8 1
39	9	0.0	3	1 2 3 3
40	6	0.0	3	0 4 2
41	6	0.0	3	3 0 3
42	3	0.0	3	1 0 1 1
43	7	0.0	3	2 3 1 1
44	4	0.0	3	1 0 3
45	2	0.0	3	0 1 0 1
46	1	0.0	3	0 0 1
47	3	0.0	3	0 1 0 2
48	2	0.0	3	1 0 0 1
49	8	0.0	3	4 1 2 1
51	2	0.0	3	0 0 1 1
52	1	0.0	3	0 0 0 1
53	1	0.0	3	1
58	1	0.0	3	1
61	1	0.0	3	0 1

=== First read: Adapter 4 ===

Sequence: ACGTTGGATGTTTGTTACTGTTGTGGATACAAC; Type: regular 5'; Length: 33; Trimmed: 56094 times.

No. of allowed errors:
0-9 bp: 0; 10-19 bp: 1; 20-29 bp: 2; 30-33 bp: 3

Overview of removed sequences
length	count	expect	max.err	error counts
3	52	14706.7	0	52
4	1	3676.7	0	1
11	1	0.2	1	1
13	1	0.0	1	1
14	2	0.0	1	2
16	2	0.0	1	2
17	2	0.0	1	2
18	2	0.0	1	0 1 1
19	5	0.0	1	2 2 1
20	18	0.0	2	11 7
21	11	0.0	2	5 3 3
22	4	0.0	2	2 1 1
23	3	0.0	2	1 2
24	93	0.0	2	38 37 18
25	410	0.0	2	173 145 92
26	353	0.0	2	180 127 46
27	622	0.0	2	359 207 55 1
28	1396	0.0	2	851 385 155 5
29	995	0.0	2	442 325 196 32
30	1692	0.0	3	692 548 297 155
31	2347	0.0	3	589 569 617 572
32	6296	0.0	3	681 2534 1480 1601
33	37699	0.0	3	18260 9498 6699 3242
34	2840	0.0	3	22 1355 807 656
35	912	0.0	3	2 1 404 505
36	317	0.0	3	1 0 2 314
37	3	0.0	3	1 0 1 1
41	3	0.0	3	2 1
42	1	0.0	3	1
43	1	0.0	3	0 0 1
44	1	0.0	3	0 0 0 1
45	1	0.0	3	0 0 0 1
46	1	0.0	3	0 0 0 1
49	1	0.0	3	0 1
50	1	0.0	3	0 0 1
52	2	0.0	3	1 0 1
63	1	0.0	3	0 0 0 1
65	1	0.0	3	0 1
95	1	0.0	3	1

=== First read: Adapter 5 ===

Sequence: ACGTTGGATGTTTGTTACCGTTGTTGATACTAC; Type: regular 5'; Length: 33; Trimmed: 53692 times.

No. of allowed errors:
0-9 bp: 0; 10-19 bp: 1; 20-29 bp: 2; 30-33 bp: 3

Overview of removed sequences
length	count	expect	max.err	error counts
11	1	0.2	1	1
14	5	0.0	1	2 3
15	2	0.0	1	1 1
16	3	0.0	1	1 2
17	1	0.0	1	0 1
18	5	0.0	1	1 1 3
19	12	0.0	1	9 3
20	28	0.0	2	19 8 1
21	4	0.0	2	2 1 1
22	6	0.0	2	3 1 2
23	6	0.0	2	0 2 4
24	121	0.0	2	56 48 17
25	285	0.0	2	164 80 41
26	375	0.0	2	151 128 96
27	915	0.0	2	533 279 97 6
28	1760	0.0	2	895 560 288 17
29	1272	0.0	2	349 492 322 109
30	5115	0.0	3	973 1028 551 2563
31	4278	0.0	3	688 950 1132 1508
32	12210	0.0	3	493 2499 5991 3227
33	20246	0.0	3	9832 5995 2921 1498
34	5132	0.0	3	5 2352 1884 891
35	1794	0.0	3	1 1 206 1586
36	82	0.0	3	0 2 2 78
37	11	0.0	3	3 4 3 1
38	4	0.0	3	2 1 1
39	2	0.0	3	1 0 0 1
40	1	0.0	3	0 1
41	2	0.0	3	1 0 0 1
42	3	0.0	3	1 0 1 1
43	1	0.0	3	0 1
44	1	0.0	3	0 1
45	1	0.0	3	0 1
46	1	0.0	3	1
47	1	0.0	3	0 0 1
48	1	0.0	3	0 0 1
49	2	0.0	3	1 0 0 1
52	1	0.0	3	0 0 1
54	1	0.0	3	0 0 1
61	1	0.0	3	0 0 1

=== First read: Adapter 6 ===

Sequence: ACGTTGGATGAATATATGTGTGCTTATTTG; Type: regular 5'; Length: 30; Trimmed: 357 times.

No. of allowed errors:
0-9 bp: 0; 10-19 bp: 1; 20-29 bp: 2; 30 bp: 3

Overview of removed sequences
length	count	expect	max.err	error counts
3	290	14706.7	0	290
4	38	3676.7	0	38
5	5	919.2	0	5
11	1	0.2	1	0 1
29	2	0.0	2	1 0 1
30	21	0.0	3	14 6 1

=== First read: Adapter 7 ===

Sequence: ACGTTGGATGGAAAAATAAACTGCAAATCATATTC; Type: regular 5'; Length: 35; Trimmed: 161322 times.

No. of allowed errors:
0-9 bp: 0; 10-19 bp: 1; 20-29 bp: 2; 30-35 bp: 3

Overview of removed sequences
length	count	expect	max.err	error counts
3	3	14706.7	0	3
15	1	0.0	1	1
17	5	0.0	1	2 3
18	3	0.0	1	2 1
19	3	0.0	1	2 1
22	1	0.0	2	0 0 1
23	4	0.0	2	1 0 3
24	4	0.0	2	1 3
25	5	0.0	2	4 1
26	7	0.0	2	4 1 2
27	9	0.0	2	5 2 2
28	32	0.0	2	13 12 2 5
29	104	0.0	2	18 50 26 10
30	656	0.0	3	274 212 112 58
31	515	0.0	3	228 151 92 44
32	2892	0.0	3	264 188 88 2352
33	3308	0.0	3	140 260 1687 1221
34	30367	0.0	3	359 23303 4596 2109
35	85743	0.0	3	59402 15167 6024 5150
36	33945	0.0	3	1 25781 4898 3265
37	2412	0.0	3	2 1 1072 1337
38	1294	0.0	3	1 0 0 1293
39	1	0.0	3	0 1
41	1	0.0	3	0 1
45	1	0.0	3	0 0 0 1
47	1	0.0	3	0 0 1
50	1	0.0	3	0 1
55	1	0.0	3	0 0 1
56	1	0.0	3	1
64	1	0.0	3	0 0 1
66	1	0.0	3	0 1

=== First read: Adapter 8 ===

Sequence: ACGTTGGATGGAAAAATAAACTGTAAATCATATTC; Type: regular 5'; Length: 35; Trimmed: 34072 times.

No. of allowed errors:
0-9 bp: 0; 10-19 bp: 1; 20-29 bp: 2; 30-35 bp: 3

Overview of removed sequences
length	count	expect	max.err	error counts
18	1	0.0	1	0 1
21	1	0.0	2	0 0 1
24	1	0.0	2	0 0 1
25	1	0.0	2	0 1
26	1	0.0	2	0 1
27	1	0.0	2	0 0 0 1
28	3	0.0	2	0 0 0 3
29	5	0.0	2	0 1 3 1
30	38	0.0	3	6 14 8 10
31	34	0.0	3	6 14 2 12
32	4226	0.0	3	7 9 16 4194
33	1225	0.0	3	6 55 603 561
34	8784	0.0	3	27 6160 1195 1402
35	13506	0.0	3	3389 4422 2739 2956
36	3628	0.0	3	0 852 1288 1488
37	1349	0.0	3	0 0 274 1075
38	1265	0.0	3	0 0 0 1265
47	1	0.0	3	0 0 0 1
65	1	0.0	3	0 0 1
67	1	0.0	3	0 0 0 1

=== First read: Adapter 9 ===

Sequence: ACGTTGGATGGAAAAATAAATTGTAAATCATACTC; Type: regular 5'; Length: 35; Trimmed: 77207 times.

No. of allowed errors:
0-9 bp: 0; 10-19 bp: 1; 20-29 bp: 2; 30-35 bp: 3

Overview of removed sequences
length	count	expect	max.err	error counts
20	1	0.0	2	1
21	3	0.0	2	1 0 2
23	2	0.0	2	1 1
27	6	0.0	2	3 2 1
28	3	0.0	2	3
29	6	0.0	2	4 2
30	48	0.0	3	24 16 6 2
31	66	0.0	3	44 11 6 5
32	273	0.0	3	19 11 5 238
33	1846	0.0	3	53 67 1137 589
34	5142	0.0	3	1460 2502 834 346
35	67980	0.0	3	46414 11793 3652 6121
36	710	0.0	3	16 218 199 277
37	437	0.0	3	4 0 141 292
38	639	0.0	3	1 1 0 637
39	2	0.0	3	2
40	1	0.0	3	1
42	5	0.0	3	5
43	6	0.0	3	3 0 3
44	7	0.0	3	7
45	5	0.0	3	3 0 1 1
46	2	0.0	3	1 0 0 1
48	2	0.0	3	1 0 0 1
49	3	0.0	3	3
52	2	0.0	3	1 1
53	2	0.0	3	0 0 0 2
55	1	0.0	3	1
56	2	0.0	3	2
57	2	0.0	3	2
58	1	0.0	3	0 1
62	1	0.0	3	0 0 0 1
65	1	0.0	3	1

=== First read: Adapter 10 ===

Sequence: ACGTTGGATGAGATTAGGGAAAGTATTAGA; Type: regular 5'; Length: 30; Trimmed: 145 times.

No. of allowed errors:
0-9 bp: 0; 10-19 bp: 1; 20-29 bp: 2; 30 bp: 3

Overview of removed sequences
length	count	expect	max.err	error counts
3	132	14706.7	0	132
4	5	3676.7	0	5
27	2	0.0	2	0 0 0 2
29	1	0.0	2	0 0 1
30	5	0.0	3	2 2 1

=== First read: Adapter 11 ===

Sequence: ACGTTGGATGGAAAAATAAATTGTAAATCAAATTC; Type: regular 5'; Length: 35; Trimmed: 29929 times.

No. of allowed errors:
0-9 bp: 0; 10-19 bp: 1; 20-29 bp: 2; 30-35 bp: 3

Overview of removed sequences
length	count	expect	max.err	error counts
6	1	229.8	0	1
20	1	0.0	2	0 0 1
26	1	0.0	2	0 1
28	1	0.0	2	0 1
29	1	0.0	2	1
30	18	0.0	3	10 4 3 1
31	19	0.0	3	13 6
32	53	0.0	3	7 6 0 40
33	147	0.0	3	17 10 60 60
34	1064	0.0	3	125 517 242 180
35	27630	0.0	3	19536 5127 2030 937
36	425	0.0	3	1 172 133 119
37	324	0.0	3	1 0 188 135
38	238	0.0	3	1 0 0 237
39	1	0.0	3	1
40	1	0.0	3	0 1
44	1	0.0	3	1
46	1	0.0	3	1
54	1	0.0	3	1
62	1	0.0	3	0 1

=== First read: Adapter 12 ===

Sequence: ACGTTGGATGGAAAAATAAACTGTAAATCATATTCCT; Type: regular 5'; Length: 37; Trimmed: 223051 times.

No. of allowed errors:
0-9 bp: 0; 10-19 bp: 1; 20-29 bp: 2; 30-37 bp: 3

Overview of removed sequences
length	count	expect	max.err	error counts
3	49	14706.7	0	49
4	5	3676.7	0	5
18	1	0.0	1	0 0 1
19	1	0.0	1	1
20	6	0.0	2	3 2 1
21	1	0.0	2	1
22	3	0.0	2	3
23	2	0.0	2	1 0 1
24	2	0.0	2	0 0 2
25	2	0.0	2	1 0 1
26	4	0.0	2	0 3 1
27	6	0.0	2	2 3 1
28	5	0.0	2	1 3 1
29	10	0.0	2	4 3 3
30	29	0.0	3	1 8 13 7
31	189	0.0	3	4 96 61 28
32	458	0.0	3	76 214 122 46
33	449	0.0	3	75 213 106 55
34	1008	0.0	3	80 231 182 515
35	13987	0.0	3	91 516 10502 2878
36	67040	0.0	3	339 44654 14708 7339
37	104006	0.0	3	31765 50668 15362 6211
38	14894	0.0	3	9 2692 8034 4159
39	19378	0.0	3	1 3 3306 16068
40	1503	0.0	3	0 0 1 1502
41	1	0.0	3	0 1
44	1	0.0	3	0 0 1
45	2	0.0	3	0 1 1
46	1	0.0	3	0 1
49	1	0.0	3	0 1
51	1	0.0	3	0 1
52	3	0.0	3	1 1 1
57	1	0.0	3	1
60	1	0.0	3	0 1
63	1	0.0	3	0 0 0 1

=== Second read: Adapter 13 ===

Sequence: ACGTTGGATGTTTGTTACTATGGTAGATACCACAC; Type: regular 5'; Length: 35; Trimmed: 51130 times.

No. of allowed errors:
0-9 bp: 0; 10-19 bp: 1; 20-29 bp: 2; 30-35 bp: 3

Overview of removed sequences
length	count	expect	max.err	error counts
3	21	14706.7	0	21
4	51	3676.7	0	51
8	1	14.4	0	1
10	2	0.9	1	1 1
11	1	0.2	1	1
16	1	0.0	1	1
18	3	0.0	1	2 1
19	10	0.0	1	5 4 1
20	1	0.0	2	0 0 1
21	5	0.0	2	3 2
22	9	0.0	2	3 5 1
23	5	0.0	2	3 0 2
24	5	0.0	2	0 3 2
25	5	0.0	2	0 1 4
26	22	0.0	2	3 5 14
27	19	0.0	2	2 6 11
28	39	0.0	2	12 16 8 3
29	69	0.0	2	20 20 16 13
30	140	0.0	3	20 34 42 44
31	174	0.0	3	18 41 54 61
32	332	0.0	3	11 39 56 226
33	3850	0.0	3	35 64 1616 2135
34	5933	0.0	3	27 1619 1808 2479
35	32684	0.0	3	7495 10927 8113 6149
36	3907	0.0	3	2 1000 1509 1396
37	2097	0.0	3	0 0 970 1127
38	1656	0.0	3	0 0 0 1656
39	1	0.0	3	0 0 1
41	1	0.0	3	0 0 0 1
42	5	0.0	3	1 1 0 3
43	12	0.0	3	1 3 5 3
44	6	0.0	3	1 3 1 1
45	8	0.0	3	2 1 0 5
46	9	0.0	3	0 1 7 1
47	7	0.0	3	1 3 2 1
48	2	0.0	3	0 0 1 1
49	2	0.0	3	0 0 2
50	3	0.0	3	0 0 0 3
51	4	0.0	3	1 0 3
52	1	0.0	3	0 0 1
53	4	0.0	3	0 2 1 1
54	6	0.0	3	0 1 3 2
55	10	0.0	3	1 5 2 2
58	2	0.0	3	0 0 1 1
59	1	0.0	3	0 0 1
60	3	0.0	3	1 1 0 1
61	1	0.0	3	1

=== Second read: Adapter 14 ===

Sequence: ACGTTGGATGTTTGTTACTGTGGTGGATACTAC; Type: regular 5'; Length: 33; Trimmed: 171276 times.

No. of allowed errors:
0-9 bp: 0; 10-19 bp: 1; 20-29 bp: 2; 30-33 bp: 3

Overview of removed sequences
length	count	expect	max.err	error counts
3	42	14706.7	0	42
4	1	3676.7	0	1
5	9	919.2	0	9
6	2	229.8	0	2
9	1	3.6	0	1
11	1	0.2	1	0 1
12	1	0.1	1	1
14	6	0.0	1	4 2
15	4	0.0	1	3 1
16	6	0.0	1	2 4
17	12	0.0	1	10 2
18	6	0.0	1	1 4 1
19	16	0.0	1	3 7 6
20	35	0.0	2	9 16 10
21	18	0.0	2	5 9 4
22	12	0.0	2	0 4 8
23	25	0.0	2	3 13 9
24	106	0.0	2	32 37 37
25	177	0.0	2	34 74 69
26	395	0.0	2	118 161 116
27	504	0.0	2	197 178 129
28	637	0.0	2	188 241 189 19
29	802	0.0	2	146 284 300 72
30	11396	0.0	3	194 409 490 10303
31	15574	0.0	3	495 516 4719 9844
32	28157	0.0	3	334 8496 10388 8939
33	68225	0.0	3	24709 22238 13204 8074
34	41438	0.0	3	7 17050 15668 8713
35	1569	0.0	3	3 10 610 946
36	344	0.0	3	0 6 2 336
37	10	0.0	3	1 0 5 4
38	51	0.0	3	2 3 6 40
39	86	0.0	3	2 4 21 59
40	92	0.0	3	11 19 26 36
41	275	0.0	3	60 97 58 60
42	220	0.0	3	26 64 64 66
43	108	0.0	3	13 20 40 35
44	108	0.0	3	32 29 31 16
45	117	0.0	3	15 41 27 34
46	91	0.0	3	18 29 12 32
47	65	0.0	3	7 15 20 23
48	72	0.0	3	7 15 11 39
49	94	0.0	3	22 28 17 27
50	58	0.0	3	5 15 14 24
51	95	0.0	3	18 28 20 29
52	60	0.0	3	16 20 9 15
53	52	0.0	3	10 16 13 13
54	37	0.0	3	5 12 9 11
55	14	0.0	3	4 4 1 5
56	12	0.0	3	5 3 3 1
57	11	0.0	3	2 4 3 2
58	5	0.0	3	2 1 2
59	5	0.0	3	0 2 1 2
60	2	0.0	3	0 0 0 2
61	2	0.0	3	0 0 0 2
62	3	0.0	3	0 0 0 3
63	4	0.0	3	1 0 1 2
64	4	0.0	3	3 1
65	1	0.0	3	1
66	1	0.0	3	0 0 1

=== Second read: Adapter 15 ===

Sequence: ACGTTGGATGTTTGTTACTGTTGTGGATACAAC; Type: regular 5'; Length: 33; Trimmed: 97758 times.

No. of allowed errors:
0-9 bp: 0; 10-19 bp: 1; 20-29 bp: 2; 30-33 bp: 3

Overview of removed sequences
length	count	expect	max.err	error counts
3	1891	14706.7	0	1891
5	13	919.2	0	13
10	2	0.9	1	2
11	1	0.2	1	1
14	1	0.0	1	0 1
15	3	0.0	1	2 1
17	1	0.0	1	1
18	1	0.0	1	0 1
19	2	0.0	1	1 1
20	2	0.0	2	1 1
21	5	0.0	2	2 2 1
22	2	0.0	2	2
24	26	0.0	2	3 12 11
25	46	0.0	2	11 11 24
26	73	0.0	2	26 33 14
27	130	0.0	2	37 57 35 1
28	248	0.0	2	98 86 59 5
29	356	0.0	2	95 129 118 14
30	674	0.0	3	95 188 158 233
31	3855	0.0	3	235 209 1016 2395
32	17530	0.0	3	180 5995 5039 6316
33	63183	0.0	3	17151 15021 20857 10154
34	5874	0.0	3	4 1885 2038 1947
35	1610	0.0	3	3 0 647 960
36	683	0.0	3	0 0 0 683
37	1	0.0	3	0 0 0 1
38	3	0.0	3	0 0 2 1
39	6	0.0	3	0 1 1 4
40	64	0.0	3	15 9 25 15
41	303	0.0	3	74 79 87 63
42	182	0.0	3	50 49 49 34
43	52	0.0	3	10 11 16 15
44	129	0.0	3	35 33 35 26
45	112	0.0	3	35 31 24 22
46	38	0.0	3	10 9 11 8
47	34	0.0	3	1 10 11 12
48	61	0.0	3	9 19 20 13
49	74	0.0	3	22 20 15 17
50	60	0.0	3	15 17 19 9
51	95	0.0	3	18 26 36 15
52	87	0.0	3	22 26 28 11
53	97	0.0	3	27 23 24 23
54	33	0.0	3	9 8 9 7
55	27	0.0	3	10 4 6 7
56	24	0.0	3	6 10 5 3
57	20	0.0	3	9 4 4 3
58	7	0.0	3	2 2 3
59	1	0.0	3	0 0 0 1
60	3	0.0	3	2 1
61	1	0.0	3	1
62	1	0.0	3	0 0 0 1
63	4	0.0	3	1 2 0 1
64	12	0.0	3	7 1 2 2
65	12	0.0	3	10 1 0 1
67	1	0.0	3	0 0 1
73	1	0.0	3	0 0 0 1
93	1	0.0	3	1

=== Second read: Adapter 16 ===

Sequence: ACGTTGGATGTTTGTTACCGTTGTTGATACTAC; Type: regular 5'; Length: 33; Trimmed: 74276 times.

No. of allowed errors:
0-9 bp: 0; 10-19 bp: 1; 20-29 bp: 2; 30-33 bp: 3

Overview of removed sequences
length	count	expect	max.err	error counts
11	1	0.2	1	1
12	4	0.1	1	3 1
14	1	0.0	1	1
15	2	0.0	1	1 1
16	1	0.0	1	0 1
18	3	0.0	1	1 2
19	2	0.0	1	1 1
20	10	0.0	2	4 3 3
21	2	0.0	2	1 1
22	4	0.0	2	2 2
23	4	0.0	2	0 1 3
24	38	0.0	2	18 10 10
25	50	0.0	2	16 11 23
26	132	0.0	2	47 48 37
27	251	0.0	2	121 84 45 1
28	504	0.0	2	170 176 148 10
29	632	0.0	2	150 268 181 33
30	10319	0.0	3	221 327 308 9463
31	4439	0.0	3	327 389 1177 2546
32	18881	0.0	3	140 4258 8051 6432
33	26487	0.0	3	11129 7976 4586 2796
34	9483	0.0	3	2 3280 3900 2301
35	2410	0.0	3	2 5 340 2063
36	149	0.0	3	0 1 1 147
37	4	0.0	3	2 0 1 1
38	19	0.0	3	4 2 0 13
39	18	0.0	3	1 2 0 15
40	57	0.0	3	1 4 30 22
41	59	0.0	3	11 16 14 18
42	38	0.0	3	5 10 9 14
43	40	0.0	3	2 5 14 19
44	40	0.0	3	10 8 11 11
45	29	0.0	3	7 8 8 6
46	16	0.0	3	3 1 5 7
47	15	0.0	3	1 2 5 7
48	19	0.0	3	1 3 5 10
49	13	0.0	3	0 1 7 5
50	23	0.0	3	3 3 9 8
51	13	0.0	3	1 1 5 6
52	10	0.0	3	1 1 4 4
53	7	0.0	3	0 3 2 2
54	12	0.0	3	1 0 8 3
55	9	0.0	3	1 1 3 4
56	4	0.0	3	0 0 3 1
57	11	0.0	3	0 0 3 8
58	2	0.0	3	0 1 0 1
61	2	0.0	3	0 0 1 1
63	1	0.0	3	0 1
64	4	0.0	3	1 2 1
66	1	0.0	3	0 1
82	1	0.0	3	0 0 0 1

=== Second read: Adapter 17 ===

Sequence: ACGTTGGATGAATATATGTGTGCTTATTTG; Type: regular 5'; Length: 30; Trimmed: 1219 times.

No. of allowed errors:
0-9 bp: 0; 10-19 bp: 1; 20-29 bp: 2; 30 bp: 3

Overview of removed sequences
length	count	expect	max.err	error counts
3	1150	14706.7	0	1150
4	36	3676.7	0	36
5	11	919.2	0	11
6	14	229.8	0	14
10	1	0.9	1	0 1
29	1	0.0	2	1
30	6	0.0	3	3 2 1

=== Second read: Adapter 18 ===

Sequence: ACGTTGGATGTTTGTTACTAAGGTAGATACCACTC; Type: regular 5'; Length: 35; Trimmed: 28452 times.

No. of allowed errors:
0-9 bp: 0; 10-19 bp: 1; 20-29 bp: 2; 30-35 bp: 3

Overview of removed sequences
length	count	expect	max.err	error counts
3	18	14706.7	0	18
4	22	3676.7	0	22
5	3	919.2	0	3
6	4	229.8	0	4
9	1	3.6	0	0 1
14	2	0.0	1	0 2
19	1	0.0	1	0 1
20	1	0.0	2	0 1
21	1	0.0	2	0 1
22	4	0.0	2	2 1 1
23	1	0.0	2	1
25	1	0.0	2	0 1
26	7	0.0	2	0 3 4
27	15	0.0	2	2 7 6
28	14	0.0	2	5 4 5
29	29	0.0	2	12 10 7
30	74	0.0	3	19 23 12 20
31	117	0.0	3	30 39 25 23
32	171	0.0	3	16 34 32 89
33	1001	0.0	3	85 67 351 498
34	3294	0.0	3	61 1289 948 996
35	20548	0.0	3	8445 5711 3859 2533
36	1525	0.0	3	1 497 516 511
37	1243	0.0	3	0 0 595 648
38	264	0.0	3	0 0 0 264
39	2	0.0	3	1 0 1
40	1	0.0	3	0 0 0 1
41	2	0.0	3	1 0 1
42	7	0.0	3	2 0 2 3
43	19	0.0	3	5 9 3 2
44	5	0.0	3	1 2 2
45	4	0.0	3	0 1 2 1
46	9	0.0	3	3 4 2
47	5	0.0	3	1 2 1 1
48	3	0.0	3	1 1 0 1
49	5	0.0	3	1 1 2 1
50	2	0.0	3	0 1 0 1
51	3	0.0	3	1 1 1
52	5	0.0	3	0 1 2 2
53	2	0.0	3	0 0 2
54	6	0.0	3	2 2 1 1
55	6	0.0	3	1 2 1 2
56	1	0.0	3	0 0 1
58	2	0.0	3	0 1 1
59	1	0.0	3	1
96	1	0.0	3	0 1

=== Second read: Adapter 19 ===

Sequence: ACGTTGGATGGAAAAATAAACTGCAAATCATATTC; Type: regular 5'; Length: 35; Trimmed: 54754 times.

No. of allowed errors:
0-9 bp: 0; 10-19 bp: 1; 20-29 bp: 2; 30-35 bp: 3

Overview of removed sequences
length	count	expect	max.err	error counts
3	140	14706.7	0	140
4	8	3676.7	0	8
5	1	919.2	0	1
6	2	229.8	0	2
11	1	0.2	1	0 1
14	1	0.0	1	0 1
17	1	0.0	1	0 1
18	10	0.0	1	4 6
19	4	0.0	1	2 2
21	1	0.0	2	0 1
22	2	0.0	2	0 0 2
23	3	0.0	2	1 2
24	2	0.0	2	1 0 1
25	2	0.0	2	0 2
26	4	0.0	2	3 1
27	4	0.0	2	2 1 1
28	8	0.0	2	1 2 5
29	34	0.0	2	8 16 7 3
30	118	0.0	3	37 33 22 26
31	161	0.0	3	47 38 41 35
32	879	0.0	3	36 39 43 761
33	1139	0.0	3	45 64 535 495
34	9975	0.0	3	61 5180 2758 1976
35	32631	0.0	3	15605 8093 4826 4107
36	8041	0.0	3	1 4052 2149 1839
37	884	0.0	3	1 0 456 427
38	577	0.0	3	0 0 0 577
39	1	0.0	3	0 0 0 1
40	1	0.0	3	0 0 0 1
41	1	0.0	3	0 0 0 1
42	1	0.0	3	0 1
43	12	0.0	3	3 2 6 1
44	24	0.0	3	2 11 6 5
45	10	0.0	3	1 5 3 1
46	10	0.0	3	0 6 1 3
47	10	0.0	3	0 5 3 2
48	5	0.0	3	1 2 1 1
49	8	0.0	3	1 5 1 1
50	7	0.0	3	1 3 1 2
51	5	0.0	3	1 2 2
52	3	0.0	3	0 2 0 1
53	6	0.0	3	0 5 1
54	8	0.0	3	0 7 1
55	2	0.0	3	1 0 0 1
57	2	0.0	3	0 1 0 1
58	2	0.0	3	0 2
60	1	0.0	3	0 0 0 1
61	1	0.0	3	0 0 1
62	1	0.0	3	0 0 0 1

=== Second read: Adapter 20 ===

Sequence: ACGTTGGATGAGATTAGGGAAAGTATTAGA; Type: regular 5'; Length: 30; Trimmed: 125 times.

No. of allowed errors:
0-9 bp: 0; 10-19 bp: 1; 20-29 bp: 2; 30 bp: 3

Overview of removed sequences
length	count	expect	max.err	error counts
3	114	14706.7	0	114
4	8	3676.7	0	8
5	1	919.2	0	1
6	1	229.8	0	1
9	1	3.6	0	0 1

=== Second read: Adapter 21 ===

Sequence: ACGTTGGATGGAAAAATAAATTGTAAATCATACTC; Type: regular 5'; Length: 35; Trimmed: 31861 times.

No. of allowed errors:
0-9 bp: 0; 10-19 bp: 1; 20-29 bp: 2; 30-35 bp: 3

Overview of removed sequences
length	count	expect	max.err	error counts
5	8	919.2	0	8
6	1	229.8	0	1
11	1	0.2	1	0 1
15	1	0.0	1	1
16	1	0.0	1	1
17	1	0.0	1	0 1
18	4	0.0	1	2 2
20	4	0.0	2	2 1 1
21	3	0.0	2	3
22	3	0.0	2	2 1
24	2	0.0	2	0 0 2
26	1	0.0	2	0 1
27	9	0.0	2	1 3 4 1
28	2	0.0	2	1 1
29	8	0.0	2	0 1 3 4
30	43	0.0	3	25 9 5 4
31	49	0.0	3	17 14 9 9
32	153	0.0	3	9 2 4 138
33	1147	0.0	3	18 18 304 807
34	2221	0.0	3	143 932 569 577
35	26805	0.0	3	12336 6398 3676 4395
36	674	0.0	3	1 107 242 324
37	222	0.0	3	2 3 61 156
38	235	0.0	3	2 0 0 233
39	3	0.0	3	0 0 1 2
40	1	0.0	3	1
42	23	0.0	3	4 5 5 9
43	48	0.0	3	14 7 12 15
44	25	0.0	3	13 2 5 5
45	18	0.0	3	7 4 3 4
46	16	0.0	3	8 0 3 5
47	22	0.0	3	9 6 2 5
48	16	0.0	3	6 3 3 4
49	12	0.0	3	5 2 0 5
50	13	0.0	3	3 3 4 3
51	10	0.0	3	5 1 2 2
52	9	0.0	3	2 4 0 3
53	14	0.0	3	4 2 1 7
54	14	0.0	3	5 1 3 5
55	2	0.0	3	0 0 1 1
56	5	0.0	3	1 2 1 1
57	4	0.0	3	2 0 0 2
60	1	0.0	3	1
61	3	0.0	3	1 0 0 2
62	1	0.0	3	0 0 0 1
64	1	0.0	3	0 0 0 1
67	2	0.0	3	0 0 0 2

=== Second read: Adapter 22 ===

Sequence: ACGTTGGATGGAAAAATAAACTGTAAATCATATTCCT; Type: regular 5'; Length: 37; Trimmed: 107650 times.

No. of allowed errors:
0-9 bp: 0; 10-19 bp: 1; 20-29 bp: 2; 30-37 bp: 3

Overview of removed sequences
length	count	expect	max.err	error counts
3	520	14706.7	0	520
4	990	3676.7	0	990
5	4	919.2	0	4
12	2	0.1	1	0 2
14	1	0.0	1	0 1
15	4	0.0	1	0 4
16	1	0.0	1	0 1
17	2	0.0	1	1 1
18	6	0.0	1	0 1 5
19	16	0.0	1	0 8 8
20	10	0.0	2	4 5 1
21	3	0.0	2	0 1 2
22	4	0.0	2	0 1 3
23	9	0.0	2	1 1 7
24	9	0.0	2	1 4 4
25	2	0.0	2	1 0 1
27	1	0.0	2	0 1
28	7	0.0	2	0 5 2
29	2	0.0	2	0 0 1 1
30	27	0.0	3	3 2 12 10
31	70	0.0	3	1 17 27 25
32	152	0.0	3	22 51 45 34
33	213	0.0	3	23 70 59 61
34	1747	0.0	3	24 88 88 1547
35	11418	0.0	3	43 140 5809 5426
36	28845	0.0	3	62 13990 8721 6072
37	50379	0.0	3	11598 19900 11813 7068
38	5431	0.0	3	4 837 2525 2065
39	6888	0.0	3	0 0 1097 5791
40	545	0.0	3	0 3 0 542
41	2	0.0	3	0 0 0 2
42	4	0.0	3	1 0 0 3
43	3	0.0	3	0 0 2 1
44	26	0.0	3	1 13 7 5
45	56	0.0	3	0 23 20 13
46	34	0.0	3	0 15 8 11
47	17	0.0	3	0 4 7 6
48	28	0.0	3	0 10 10 8
49	25	0.0	3	2 12 6 5
50	28	0.0	3	1 9 12 6
51	23	0.0	3	1 9 7 6
52	21	0.0	3	2 12 5 2
53	10	0.0	3	0 6 2 2
54	11	0.0	3	0 6 4 1
55	14	0.0	3	1 7 5 1
56	9	0.0	3	1 3 1 4
57	10	0.0	3	0 5 5
58	2	0.0	3	0 0 0 2
59	3	0.0	3	1 0 0 2
60	1	0.0	3	0 0 0 1
62	2	0.0	3	0 1 1
63	1	0.0	3	0 0 0 1
64	2	0.0	3	0 1 0 1
65	2	0.0	3	0 1 1
66	1	0.0	3	0 0 0 1
67	1	0.0	3	0 1
68	1	0.0	3	0 1
69	3	0.0	3	1 2
71	1	0.0	3	1
73	1	0.0	3	0 0 0 1

=== Second read: Adapter 23 ===

Sequence: ACGTTGGATGGAAAAATAAACTGTAAATCATATTC; Type: regular 5'; Length: 35; Trimmed: 11954 times.

No. of allowed errors:
0-9 bp: 0; 10-19 bp: 1; 20-29 bp: 2; 30-35 bp: 3

Overview of removed sequences
length	count	expect	max.err	error counts
13	4	0.0	1	1 3
14	1	0.0	1	0 1
16	1	0.0	1	0 1
17	3	0.0	1	1 2
18	3	0.0	1	0 3
20	3	0.0	2	0 1 2
21	2	0.0	2	0 1 1
22	1	0.0	2	0 0 1
25	2	0.0	2	0 0 2
26	1	0.0	2	0 0 1
27	1	0.0	2	0 1
28	1	0.0	2	0 0 1
29	4	0.0	2	0 0 0 4
30	18	0.0	3	0 0 3 15
31	26	0.0	3	0 0 11 15
32	1920	0.0	3	0 0 3 1917
33	622	0.0	3	0 0 244 378
34	2456	0.0	3	0 0 641 1815
35	5230	0.0	3	0 0 1643 3587
36	1208	0.0	3	0 0 29 1179
37	288	0.0	3	0 0 30 258
38	118	0.0	3	0 0 0 118
40	1	0.0	3	0 0 0 1
41	4	0.0	3	0 0 0 4
42	6	0.0	3	0 0 3 3
43	2	0.0	3	0 0 1 1
44	3	0.0	3	0 0 0 3
45	1	0.0	3	0 0 0 1
46	4	0.0	3	0 0 1 3
47	3	0.0	3	0 0 0 3
48	3	0.0	3	0 0 0 3
49	5	0.0	3	0 0 1 4
50	2	0.0	3	0 0 1 1
52	1	0.0	3	0 0 0 1
53	3	0.0	3	0 0 0 3
55	1	0.0	3	0 0 0 1
56	1	0.0	3	0 0 1
63	1	0.0	3	0 0 0 1

=== Second read: Adapter 24 ===

Sequence: ACGTTGGATGGAAAAATAAATTGTAAATCAAATTC; Type: regular 5'; Length: 35; Trimmed: 12153 times.

No. of allowed errors:
0-9 bp: 0; 10-19 bp: 1; 20-29 bp: 2; 30-35 bp: 3

Overview of removed sequences
length	count	expect	max.err	error counts
5	5	919.2	0	5
6	11	229.8	0	11
11	1	0.2	1	1
18	3	0.0	1	1 2
19	3	0.0	1	2 1
20	1	0.0	2	1
22	1	0.0	2	1
23	1	0.0	2	0 0 1
26	3	0.0	2	1 1 1
30	19	0.0	3	10 2 5 2
31	23	0.0	3	11 4 3 5
32	35	0.0	3	3 3 1 28
33	120	0.0	3	6 3 57 54
34	760	0.0	3	41 347 180 192
35	10545	0.0	3	5580 2418 1505 1042
36	276	0.0	3	0 106 95 75
37	237	0.0	3	1 0 152 84
38	77	0.0	3	1 1 0 75
40	1	0.0	3	1
41	1	0.0	3	0 1
43	7	0.0	3	2 2 3
44	2	0.0	3	1 1
46	7	0.0	3	2 1 3 1
47	2	0.0	3	2
48	1	0.0	3	1
50	3	0.0	3	2 0 0 1
53	2	0.0	3	1 0 0 1
54	2	0.0	3	1 0 0 1
55	2	0.0	3	1 0 1
56	1	0.0	3	0 0 0 1
57	1	0.0	3	0 0 1

