This is cutadapt 1.18 with Python 3.5.5
Command line parameters: -g ACGTTGGATGTTTGTTACTATGGTAGATACCACAC -g ACGTTGGATGTTTGTTACTAAGGTAGATACCACTC -g ACGTTGGATGTTTGTTACTGTGGTGGATACTAC -g ACGTTGGATGTTTGTTACTGTTGTGGATACAAC -g ACGTTGGATGTTTGTTACCGTTGTTGATACTAC -g ACGTTGGATGAATATATGTGTGCTTATTTG -G ACGTTGGATGTTTGTTACTATGGTAGATACCACAC -G ACGTTGGATGTTTGTTACTGTGGTGGATACTAC -G ACGTTGGATGTTTGTTACTGTTGTGGATACAAC -G ACGTTGGATGTTTGTTACCGTTGTTGATACTAC -G ACGTTGGATGAATATATGTGTGCTTATTTG -G ACGTTGGATGTTTGTTACTAAGGTAGATACCACTC -g ACGTTGGATGGAAAAATAAACTGCAAATCATATTC -g ACGTTGGATGGAAAAATAAACTGTAAATCATATTC -g ACGTTGGATGGAAAAATAAATTGTAAATCATACTC -g ACGTTGGATGAGATTAGGGAAAGTATTAGA -g ACGTTGGATGGAAAAATAAATTGTAAATCAAATTC -g ACGTTGGATGGAAAAATAAACTGTAAATCATATTCCT -G ACGTTGGATGGAAAAATAAACTGCAAATCATATTC -G ACGTTGGATGAGATTAGGGAAAGTATTAGA -G ACGTTGGATGGAAAAATAAATTGTAAATCATACTC -G ACGTTGGATGGAAAAATAAACTGTAAATCATATTCCT -G ACGTTGGATGGAAAAATAAACTGTAAATCATATTC -G ACGTTGGATGGAAAAATAAATTGTAAATCAAATTC --minimum-length=1 -o /data/projects/mdc-971/data_from_June_2019/30.primer_trimmed/180406_S48_cutadapt.1.fq.gz -p /data/projects/mdc-971/data_from_June_2019/30.primer_trimmed/180406_S48_cutadapt.2.fq.gz /data/projects/mdc-971/data_from_June_2019/20.trim_151st_nt/180406_S48_R1_001.bbduked.fastq.gz /data/projects/mdc-971/data_from_June_2019/20.trim_151st_nt/180406_S48_R2_001.bbduked.fastq.gz
Processing reads on 1 core in paired-end mode ...
Finished in 58.83 s (376 us/read; 0.16 M reads/minute).

=== Summary ===

Total read pairs processed:            156,332
  Read 1 with adapter:                 133,499 (85.4%)
  Read 2 with adapter:                 113,254 (72.4%)
Pairs that were too short:                   0 (0.0%)
Pairs written (passing filters):       156,332 (100.0%)

Total basepairs processed:    46,899,600 bp
  Read 1:    23,449,800 bp
  Read 2:    23,449,800 bp
Total written (filtered):     38,146,263 bp (81.3%)
  Read 1:    18,691,483 bp
  Read 2:    19,454,780 bp

=== First read: Adapter 1 ===

Sequence: ACGTTGGATGTTTGTTACTATGGTAGATACCACAC; Type: regular 5'; Length: 35; Trimmed: 23587 times.

No. of allowed errors:
0-9 bp: 0; 10-19 bp: 1; 20-29 bp: 2; 30-35 bp: 3

Overview of removed sequences
length	count	expect	max.err	error counts
3	4	2442.7	0	4
4	1	610.7	0	1
19	1	0.0	1	0 1
20	1	0.0	2	0 1
26	3	0.0	2	0 3
27	8	0.0	2	2 3 3
28	24	0.0	2	5 10 7 2
29	37	0.0	2	7 9 10 11
30	193	0.0	3	28 95 44 26
31	81	0.0	3	6 46 20 9
32	236	0.0	3	18 78 51 89
33	1175	0.0	3	42 142 546 445
34	2322	0.0	3	61 938 787 536
35	18703	0.0	3	3672 10183 3188 1660
36	580	0.0	3	1 135 275 169
37	73	0.0	3	0 2 39 32
38	139	0.0	3	0 0 0 139
39	1	0.0	3	1
46	2	0.0	3	1 0 0 1
49	1	0.0	3	0 1
64	1	0.0	3	0 1
65	1	0.0	3	0 1

=== First read: Adapter 2 ===

Sequence: ACGTTGGATGTTTGTTACTAAGGTAGATACCACTC; Type: regular 5'; Length: 35; Trimmed: 26460 times.

No. of allowed errors:
0-9 bp: 0; 10-19 bp: 1; 20-29 bp: 2; 30-35 bp: 3

Overview of removed sequences
length	count	expect	max.err	error counts
3	2	2442.7	0	2
4	1	610.7	0	1
10	2	0.1	1	2
14	1	0.0	1	1
15	1	0.0	1	1
16	1	0.0	1	0 1
22	1	0.0	2	1
23	1	0.0	2	1
25	3	0.0	2	1 2
26	8	0.0	2	2 5 1
27	30	0.0	2	12 12 6
28	30	0.0	2	18 7 5
29	92	0.0	2	46 28 15 3
30	384	0.0	3	227 102 35 20
31	382	0.0	3	188 113 53 28
32	613	0.0	3	274 204 91 44
33	709	0.0	3	249 192 165 103
34	2127	0.0	3	415 903 478 331
35	21461	0.0	3	13601 4388 2217 1255
36	456	0.0	3	5 210 145 96
37	52	0.0	3	1 1 19 31
38	93	0.0	3	0 0 0 93
39	2	0.0	3	2
41	1	0.0	3	0 1
43	2	0.0	3	1 1
44	1	0.0	3	1
47	1	0.0	3	1
48	1	0.0	3	1
49	1	0.0	3	0 0 1
54	1	0.0	3	1

=== First read: Adapter 3 ===

Sequence: ACGTTGGATGTTTGTTACTGTGGTGGATACTAC; Type: regular 5'; Length: 33; Trimmed: 8627 times.

No. of allowed errors:
0-9 bp: 0; 10-19 bp: 1; 20-29 bp: 2; 30-33 bp: 3

Overview of removed sequences
length	count	expect	max.err	error counts
3	3	2442.7	0	3
4	1	610.7	0	1
14	3	0.0	1	3
17	1	0.0	1	1
18	2	0.0	1	1 1
19	6	0.0	1	3 2 1
20	4	0.0	2	2 1 1
21	2	0.0	2	0 2
22	4	0.0	2	1 1 2
23	4	0.0	2	2 2
24	28	0.0	2	15 12 1
25	77	0.0	2	39 30 8
26	110	0.0	2	47 45 18
27	241	0.0	2	154 57 29 1
28	529	0.0	2	316 157 54 2
29	277	0.0	2	118 92 56 11
30	906	0.0	3	367 275 151 113
31	674	0.0	3	128 165 201 180
32	1005	0.0	3	109 331 305 260
33	3886	0.0	3	1522 1106 709 549
34	809	0.0	3	0 427 259 123
35	18	0.0	3	0 2 7 9
36	25	0.0	3	0 1 0 24
37	2	0.0	3	1 1
38	1	0.0	3	0 1
39	1	0.0	3	1
41	1	0.0	3	1
42	3	0.0	3	2 0 1
44	2	0.0	3	1 0 1
45	1	0.0	3	0 0 1
54	1	0.0	3	0 0 1

=== First read: Adapter 4 ===

Sequence: ACGTTGGATGTTTGTTACTGTTGTGGATACAAC; Type: regular 5'; Length: 33; Trimmed: 3488 times.

No. of allowed errors:
0-9 bp: 0; 10-19 bp: 1; 20-29 bp: 2; 30-33 bp: 3

Overview of removed sequences
length	count	expect	max.err	error counts
3	12	2442.7	0	12
4	1	610.7	0	1
24	4	0.0	2	1 1 2
25	12	0.0	2	9 2 1
26	9	0.0	2	4 2 3
27	13	0.0	2	7 3 3
28	51	0.0	2	33 13 5
29	28	0.0	2	12 12 4
30	55	0.0	3	24 20 7 4
31	97	0.0	3	14 16 30 37
32	257	0.0	3	27 95 69 66
33	2787	0.0	3	1304 658 543 282
34	125	0.0	3	3 47 37 38
35	23	0.0	3	0 0 8 15
36	13	0.0	3	0 0 0 13
44	1	0.0	3	0 1

=== First read: Adapter 5 ===

Sequence: ACGTTGGATGTTTGTTACCGTTGTTGATACTAC; Type: regular 5'; Length: 33; Trimmed: 8134 times.

No. of allowed errors:
0-9 bp: 0; 10-19 bp: 1; 20-29 bp: 2; 30-33 bp: 3

Overview of removed sequences
length	count	expect	max.err	error counts
11	1	0.0	1	1
19	2	0.0	1	1 1
20	4	0.0	2	3 1
23	1	0.0	2	0 0 1
24	12	0.0	2	9 2 1
25	34	0.0	2	20 9 5
26	53	0.0	2	23 19 11
27	125	0.0	2	80 31 14
28	385	0.0	2	241 108 35 1
29	316	0.0	2	114 115 76 11
30	971	0.0	3	437 301 132 101
31	838	0.0	3	223 287 181 147
32	1303	0.0	3	149 420 419 315
33	3862	0.0	3	1486 1363 666 347
34	172	0.0	3	1 94 48 29
35	30	0.0	3	0 2 8 20
36	17	0.0	3	2 1 0 14
38	1	0.0	3	0 0 0 1
39	1	0.0	3	0 0 1
40	1	0.0	3	0 1
41	1	0.0	3	0 1
42	1	0.0	3	1
45	2	0.0	3	0 1 1
48	1	0.0	3	0 0 1

=== First read: Adapter 6 ===

Sequence: ACGTTGGATGAATATATGTGTGCTTATTTG; Type: regular 5'; Length: 30; Trimmed: 53 times.

No. of allowed errors:
0-9 bp: 0; 10-19 bp: 1; 20-29 bp: 2; 30 bp: 3

Overview of removed sequences
length	count	expect	max.err	error counts
3	41	2442.7	0	41
4	9	610.7	0	9
5	2	152.7	0	2
29	1	0.0	2	0 0 1

=== First read: Adapter 7 ===

Sequence: ACGTTGGATGGAAAAATAAACTGCAAATCATATTC; Type: regular 5'; Length: 35; Trimmed: 10569 times.

No. of allowed errors:
0-9 bp: 0; 10-19 bp: 1; 20-29 bp: 2; 30-35 bp: 3

Overview of removed sequences
length	count	expect	max.err	error counts
3	1	2442.7	0	1
19	1	0.0	1	1
24	1	0.0	2	0 1
25	1	0.0	2	1
27	2	0.0	2	2
29	8	0.0	2	1 7
30	59	0.0	3	2 33 15 9
31	48	0.0	3	0 29 14 5
32	131	0.0	3	5 38 15 73
33	254	0.0	3	1 57 103 93
34	1998	0.0	3	8 1388 414 188
35	6692	0.0	3	1889 2876 1052 875
36	769	0.0	3	0 580 108 81
37	113	0.0	3	0 0 39 74
38	489	0.0	3	0 0 0 489
43	1	0.0	3	0 1
53	1	0.0	3	0 1

=== First read: Adapter 8 ===

Sequence: ACGTTGGATGGAAAAATAAACTGTAAATCATATTC; Type: regular 5'; Length: 35; Trimmed: 1878 times.

No. of allowed errors:
0-9 bp: 0; 10-19 bp: 1; 20-29 bp: 2; 30-35 bp: 3

Overview of removed sequences
length	count	expect	max.err	error counts
25	1	0.0	2	0 1
30	2	0.0	3	0 0 0 2
32	46	0.0	3	0 0 1 45
33	50	0.0	3	0 0 25 25
34	590	0.0	3	0 379 73 138
35	957	0.0	3	91 161 137 568
36	87	0.0	3	0 12 20 55
37	65	0.0	3	0 0 21 44
38	80	0.0	3	0 0 0 80

=== First read: Adapter 9 ===

Sequence: ACGTTGGATGGAAAAATAAATTGTAAATCATACTC; Type: regular 5'; Length: 35; Trimmed: 1160 times.

No. of allowed errors:
0-9 bp: 0; 10-19 bp: 1; 20-29 bp: 2; 30-35 bp: 3

Overview of removed sequences
length	count	expect	max.err	error counts
31	4	0.0	3	3 1
32	5	0.0	3	0 2 0 3
33	15	0.0	3	0 3 7 5
34	59	0.0	3	13 31 9 6
35	1037	0.0	3	640 197 97 103
36	9	0.0	3	0 1 3 5
37	8	0.0	3	0 0 2 6
38	22	0.0	3	0 0 0 22
41	1	0.0	3	1

=== First read: Adapter 10 ===

Sequence: ACGTTGGATGAGATTAGGGAAAGTATTAGA; Type: regular 5'; Length: 30; Trimmed: 15 times.

No. of allowed errors:
0-9 bp: 0; 10-19 bp: 1; 20-29 bp: 2; 30 bp: 3

Overview of removed sequences
length	count	expect	max.err	error counts
3	13	2442.7	0	13
4	2	610.7	0	2

=== First read: Adapter 11 ===

Sequence: ACGTTGGATGGAAAAATAAATTGTAAATCAAATTC; Type: regular 5'; Length: 35; Trimmed: 776 times.

No. of allowed errors:
0-9 bp: 0; 10-19 bp: 1; 20-29 bp: 2; 30-35 bp: 3

Overview of removed sequences
length	count	expect	max.err	error counts
31	1	0.0	3	1
32	1	0.0	3	1
33	2	0.0	3	1 0 1
34	14	0.0	3	1 2 4 7
35	738	0.0	3	414 162 104 58
36	8	0.0	3	0 1 3 4
37	2	0.0	3	0 0 1 1
38	10	0.0	3	0 0 0 10

=== First read: Adapter 12 ===

Sequence: ACGTTGGATGGAAAAATAAACTGTAAATCATATTCCT; Type: regular 5'; Length: 37; Trimmed: 48752 times.

No. of allowed errors:
0-9 bp: 0; 10-19 bp: 1; 20-29 bp: 2; 30-37 bp: 3

Overview of removed sequences
length	count	expect	max.err	error counts
3	18	2442.7	0	18
4	1	610.7	0	1
29	1	0.0	2	0 0 1
30	1	0.0	3	0 1
32	12	0.0	3	3 4 1 4
33	19	0.0	3	0 2 3 14
34	86	0.0	3	4 6 13 63
35	544	0.0	3	3 7 371 163
36	1902	0.0	3	5 982 454 461
37	8172	0.0	3	1687 3052 1352 2081
38	1298	0.0	3	1 274 496 527
39	36562	0.0	3	0 0 16357 20205
40	125	0.0	3	0 0 2 123
41	6	0.0	3	0 0 3 3
46	1	0.0	3	0 0 1
47	1	0.0	3	0 0 0 1
48	1	0.0	3	0 0 1
52	1	0.0	3	0 0 1
58	1	0.0	3	0 0 1

=== Second read: Adapter 13 ===

Sequence: ACGTTGGATGTTTGTTACTATGGTAGATACCACAC; Type: regular 5'; Length: 35; Trimmed: 23038 times.

No. of allowed errors:
0-9 bp: 0; 10-19 bp: 1; 20-29 bp: 2; 30-35 bp: 3

Overview of removed sequences
length	count	expect	max.err	error counts
3	7	2442.7	0	7
4	4	610.7	0	4
10	1	0.1	1	1
19	1	0.0	1	0 1
26	1	0.0	2	0 1
28	9	0.0	2	0 3 4 2
29	18	0.0	2	2 6 3 7
30	33	0.0	3	3 6 12 12
31	64	0.0	3	2 21 25 16
32	118	0.0	3	3 21 36 58
33	1793	0.0	3	18 61 836 878
34	1221	0.0	3	12 286 468 455
35	18831	0.0	3	2380 8765 4741 2945
36	614	0.0	3	0 104 312 198
37	162	0.0	3	0 3 55 104
38	139	0.0	3	0 0 0 139
42	1	0.0	3	0 0 1
43	5	0.0	3	0 2 1 2
44	6	0.0	3	2 2 2
46	4	0.0	3	0 3 1
47	1	0.0	3	1
49	1	0.0	3	0 1
50	2	0.0	3	0 1 0 1
53	1	0.0	3	0 0 1
54	1	0.0	3	0 1

=== Second read: Adapter 14 ===

Sequence: ACGTTGGATGTTTGTTACTGTGGTGGATACTAC; Type: regular 5'; Length: 33; Trimmed: 7373 times.

No. of allowed errors:
0-9 bp: 0; 10-19 bp: 1; 20-29 bp: 2; 30-33 bp: 3

Overview of removed sequences
length	count	expect	max.err	error counts
3	13	2442.7	0	13
4	1	610.7	0	1
5	2	152.7	0	2
14	1	0.0	1	0 1
15	1	0.0	1	0 1
17	3	0.0	1	2 1
18	1	0.0	1	0 1
20	2	0.0	2	1 0 1
21	1	0.0	2	1
22	2	0.0	2	0 1 1
24	5	0.0	2	3 1 1
25	8	0.0	2	1 3 4
26	21	0.0	2	3 14 4
27	12	0.0	2	5 5 2
28	55	0.0	2	17 20 18
29	89	0.0	2	21 39 25 4
30	617	0.0	3	27 69 50 471
31	531	0.0	3	43 68 197 223
32	1226	0.0	3	35 370 404 417
33	3979	0.0	3	1545 1143 712 579
34	632	0.0	3	2 263 232 135
35	31	0.0	3	0 1 7 23
36	24	0.0	3	0 0 0 24
37	2	0.0	3	1 1
38	2	0.0	3	0 0 1 1
39	3	0.0	3	0 0 2 1
40	4	0.0	3	0 0 3 1
41	19	0.0	3	6 5 6 2
42	22	0.0	3	7 8 5 2
43	10	0.0	3	1 3 4 2
44	15	0.0	3	4 4 5 2
45	11	0.0	3	3 7 0 1
47	1	0.0	3	1
48	4	0.0	3	2 0 0 2
49	1	0.0	3	0 1
50	10	0.0	3	4 2 3 1
51	4	0.0	3	2 1 0 1
52	1	0.0	3	0 0 1
53	5	0.0	3	2 1 0 2
54	1	0.0	3	0 1
73	1	0.0	3	1

=== Second read: Adapter 15 ===

Sequence: ACGTTGGATGTTTGTTACTGTTGTGGATACAAC; Type: regular 5'; Length: 33; Trimmed: 3690 times.

No. of allowed errors:
0-9 bp: 0; 10-19 bp: 1; 20-29 bp: 2; 30-33 bp: 3

Overview of removed sequences
length	count	expect	max.err	error counts
3	345	2442.7	0	345
4	1	610.7	0	1
5	1	152.7	0	1
20	1	0.0	2	0 0 1
24	1	0.0	2	0 1
25	1	0.0	2	0 1
26	2	0.0	2	1 0 1
27	2	0.0	2	0 1 1
28	6	0.0	2	4 1 1
29	11	0.0	2	4 3 4
30	31	0.0	3	9 6 6 10
31	94	0.0	3	11 5 33 45
32	570	0.0	3	14 208 169 179
33	2356	0.0	3	815 597 552 392
34	134	0.0	3	1 41 42 50
35	34	0.0	3	0 0 14 20
36	27	0.0	3	0 0 0 27
40	3	0.0	3	2 1
41	16	0.0	3	4 5 4 3
42	5	0.0	3	1 1 2 1
43	3	0.0	3	0 0 1 2
44	3	0.0	3	0 2 1
45	3	0.0	3	2 1
46	4	0.0	3	2 2
48	5	0.0	3	1 1 1 2
49	6	0.0	3	2 3 0 1
50	2	0.0	3	1 1
51	5	0.0	3	3 0 1 1
52	4	0.0	3	2 2
53	5	0.0	3	1 2 1 1
54	3	0.0	3	0 1 1 1
55	3	0.0	3	1 0 2
57	2	0.0	3	0 1 0 1
60	1	0.0	3	0 1

=== Second read: Adapter 16 ===

Sequence: ACGTTGGATGTTTGTTACCGTTGTTGATACTAC; Type: regular 5'; Length: 33; Trimmed: 7371 times.

No. of allowed errors:
0-9 bp: 0; 10-19 bp: 1; 20-29 bp: 2; 30-33 bp: 3

Overview of removed sequences
length	count	expect	max.err	error counts
15	1	0.0	1	1
17	1	0.0	1	0 1
18	1	0.0	1	1
20	1	0.0	2	0 0 1
24	3	0.0	2	2 0 1
25	2	0.0	2	1 1
26	12	0.0	2	1 9 2
27	17	0.0	2	9 5 3
28	52	0.0	2	17 21 14
29	141	0.0	2	46 53 38 4
30	839	0.0	3	83 78 64 614
31	501	0.0	3	122 97 149 133
32	1383	0.0	3	76 411 488 408
33	4011	0.0	3	1708 1146 719 438
34	257	0.0	3	0 84 86 87
35	66	0.0	3	0 2 39 25
36	31	0.0	3	0 1 0 30
38	2	0.0	3	1 1
39	2	0.0	3	1 0 1
40	5	0.0	3	0 2 2 1
41	16	0.0	3	6 5 4 1
42	4	0.0	3	0 3 0 1
43	4	0.0	3	1 2 1
44	6	0.0	3	3 1 0 2
45	5	0.0	3	0 3 2
46	1	0.0	3	1
47	1	0.0	3	1
48	2	0.0	3	0 2
50	1	0.0	3	0 1
53	1	0.0	3	1
54	1	0.0	3	1
55	1	0.0	3	1

=== Second read: Adapter 17 ===

Sequence: ACGTTGGATGAATATATGTGTGCTTATTTG; Type: regular 5'; Length: 30; Trimmed: 195 times.

No. of allowed errors:
0-9 bp: 0; 10-19 bp: 1; 20-29 bp: 2; 30 bp: 3

Overview of removed sequences
length	count	expect	max.err	error counts
3	184	2442.7	0	184
4	8	610.7	0	8
5	1	152.7	0	1
6	2	38.2	0	2

=== Second read: Adapter 18 ===

Sequence: ACGTTGGATGTTTGTTACTAAGGTAGATACCACTC; Type: regular 5'; Length: 35; Trimmed: 26167 times.

No. of allowed errors:
0-9 bp: 0; 10-19 bp: 1; 20-29 bp: 2; 30-35 bp: 3

Overview of removed sequences
length	count	expect	max.err	error counts
3	3	2442.7	0	3
4	1	610.7	0	1
22	1	0.0	2	0 0 1
26	4	0.0	2	2 2
27	4	0.0	2	1 0 3
28	8	0.0	2	8
29	19	0.0	2	8 7 4
30	76	0.0	3	33 17 16 10
31	133	0.0	3	31 45 30 27
32	160	0.0	3	42 43 40 35
33	505	0.0	3	113 66 124 202
34	1586	0.0	3	114 607 475 390
35	22903	0.0	3	10310 6220 3930 2443
36	530	0.0	3	7 225 171 127
37	89	0.0	3	0 0 29 60
38	104	0.0	3	0 1 0 103
40	1	0.0	3	0 0 0 1
41	1	0.0	3	0 1
42	2	0.0	3	1 0 0 1
43	7	0.0	3	3 1 1 2
44	5	0.0	3	2 1 0 2
45	1	0.0	3	1
46	5	0.0	3	1 2 1 1
47	4	0.0	3	0 3 0 1
48	2	0.0	3	2
50	2	0.0	3	1 0 1
51	2	0.0	3	0 2
52	1	0.0	3	0 0 0 1
53	1	0.0	3	0 1
54	1	0.0	3	1
55	5	0.0	3	2 3
60	1	0.0	3	1

=== Second read: Adapter 19 ===

Sequence: ACGTTGGATGGAAAAATAAACTGCAAATCATATTC; Type: regular 5'; Length: 35; Trimmed: 9746 times.

No. of allowed errors:
0-9 bp: 0; 10-19 bp: 1; 20-29 bp: 2; 30-35 bp: 3

Overview of removed sequences
length	count	expect	max.err	error counts
3	24	2442.7	0	24
4	5	610.7	0	5
6	2	38.2	0	2
18	2	0.0	1	1 1
29	1	0.0	2	0 0 1
30	6	0.0	3	1 4 1
31	19	0.0	3	1 6 5 7
32	30	0.0	3	1 7 5 17
33	93	0.0	3	0 12 34 47
34	891	0.0	3	1 381 267 242
35	7719	0.0	3	658 3673 1973 1415
36	628	0.0	3	1 380 153 94
37	24	0.0	3	0 0 13 11
38	298	0.0	3	0 0 0 298
44	1	0.0	3	0 1
46	1	0.0	3	0 0 1
48	1	0.0	3	0 0 1
49	1	0.0	3	0 0 0 1

=== Second read: Adapter 20 ===

Sequence: ACGTTGGATGAGATTAGGGAAAGTATTAGA; Type: regular 5'; Length: 30; Trimmed: 22 times.

No. of allowed errors:
0-9 bp: 0; 10-19 bp: 1; 20-29 bp: 2; 30 bp: 3

Overview of removed sequences
length	count	expect	max.err	error counts
3	18	2442.7	0	18
4	3	610.7	0	3
7	1	9.5	0	1

=== Second read: Adapter 21 ===

Sequence: ACGTTGGATGGAAAAATAAATTGTAAATCATACTC; Type: regular 5'; Length: 35; Trimmed: 715 times.

No. of allowed errors:
0-9 bp: 0; 10-19 bp: 1; 20-29 bp: 2; 30-35 bp: 3

Overview of removed sequences
length	count	expect	max.err	error counts
5	1	152.7	0	1
11	1	0.0	1	0 1
14	1	0.0	1	0 1
22	2	0.0	2	0 0 2
26	2	0.0	2	0 1 1
30	4	0.0	3	2 0 1 1
31	1	0.0	3	1
32	3	0.0	3	0 0 0 3
33	9	0.0	3	0 0 3 6
34	33	0.0	3	1 9 8 15
35	637	0.0	3	299 123 99 116
36	6	0.0	3	0 0 0 6
37	5	0.0	3	0 0 1 4
38	7	0.0	3	0 0 0 7
44	1	0.0	3	0 0 1
47	1	0.0	3	1
55	1	0.0	3	1

=== Second read: Adapter 22 ===

Sequence: ACGTTGGATGGAAAAATAAACTGTAAATCATATTCCT; Type: regular 5'; Length: 37; Trimmed: 32723 times.

No. of allowed errors:
0-9 bp: 0; 10-19 bp: 1; 20-29 bp: 2; 30-37 bp: 3

Overview of removed sequences
length	count	expect	max.err	error counts
3	91	2442.7	0	91
4	177	610.7	0	177
14	2	0.0	1	0 2
16	1	0.0	1	0 1
20	3	0.0	2	1 2
21	1	0.0	2	0 1
22	1	0.0	2	0 1
28	1	0.0	2	0 1
29	1	0.0	2	1
32	5	0.0	3	0 2 0 3
33	14	0.0	3	1 4 1 8
34	79	0.0	3	0 1 4 74
35	368	0.0	3	1 2 167 198
36	1094	0.0	3	0 438 301 355
37	6696	0.0	3	524 1876 1121 3175
38	463	0.0	3	0 50 162 251
39	23616	0.0	3	0 0 10293 13323
40	83	0.0	3	0 0 4 79
41	2	0.0	3	0 0 0 2
44	1	0.0	3	0 0 1
45	1	0.0	3	0 1
46	2	0.0	3	0 2
47	3	0.0	3	0 0 1 2
48	3	0.0	3	1 1 1
49	3	0.0	3	1 1 1
50	3	0.0	3	0 1 0 2
51	2	0.0	3	0 1 1
52	1	0.0	3	0 0 0 1
54	3	0.0	3	0 1 1 1
55	1	0.0	3	0 0 0 1
56	1	0.0	3	0 0 1
58	1	0.0	3	0 0 0 1

=== Second read: Adapter 23 ===

Sequence: ACGTTGGATGGAAAAATAAACTGTAAATCATATTC; Type: regular 5'; Length: 35; Trimmed: 1727 times.

No. of allowed errors:
0-9 bp: 0; 10-19 bp: 1; 20-29 bp: 2; 30-35 bp: 3

Overview of removed sequences
length	count	expect	max.err	error counts
17	1	0.0	1	0 1
19	1	0.0	1	0 1
28	1	0.0	2	0 0 1
30	4	0.0	3	0 0 0 4
31	6	0.0	3	0 0 0 6
32	16	0.0	3	0 0 0 16
33	30	0.0	3	0 0 6 24
34	204	0.0	3	0 0 33 171
35	1396	0.0	3	0 0 101 1295
36	51	0.0	3	0 0 0 51
37	5	0.0	3	0 0 1 4
38	11	0.0	3	0 0 0 11
46	1	0.0	3	0 0 0 1

=== Second read: Adapter 24 ===

Sequence: ACGTTGGATGGAAAAATAAATTGTAAATCAAATTC; Type: regular 5'; Length: 35; Trimmed: 487 times.

No. of allowed errors:
0-9 bp: 0; 10-19 bp: 1; 20-29 bp: 2; 30-35 bp: 3

Overview of removed sequences
length	count	expect	max.err	error counts
6	7	38.2	0	7
14	1	0.0	1	1
20	2	0.0	2	0 1 1
21	1	0.0	2	0 0 1
23	1	0.0	2	1
25	1	0.0	2	1
30	4	0.0	3	2 1 1
31	2	0.0	3	1 1
33	1	0.0	3	0 1
34	16	0.0	3	1 4 5 6
35	443	0.0	3	228 84 72 59
36	3	0.0	3	0 2 0 1
37	3	0.0	3	0 0 0 3
38	2	0.0	3	0 0 0 2

