This is cutadapt 1.18 with Python 3.5.5
Command line parameters: -g ACGTTGGATGTTTGTTACTATGGTAGATACCACAC -g ACGTTGGATGTTTGTTACTAAGGTAGATACCACTC -g ACGTTGGATGTTTGTTACTGTGGTGGATACTAC -g ACGTTGGATGTTTGTTACTGTTGTGGATACAAC -g ACGTTGGATGTTTGTTACCGTTGTTGATACTAC -g ACGTTGGATGAATATATGTGTGCTTATTTG -G ACGTTGGATGTTTGTTACTATGGTAGATACCACAC -G ACGTTGGATGTTTGTTACTGTGGTGGATACTAC -G ACGTTGGATGTTTGTTACTGTTGTGGATACAAC -G ACGTTGGATGTTTGTTACCGTTGTTGATACTAC -G ACGTTGGATGAATATATGTGTGCTTATTTG -G ACGTTGGATGTTTGTTACTAAGGTAGATACCACTC -g ACGTTGGATGGAAAAATAAACTGCAAATCATATTC -g ACGTTGGATGGAAAAATAAACTGTAAATCATATTC -g ACGTTGGATGGAAAAATAAATTGTAAATCATACTC -g ACGTTGGATGAGATTAGGGAAAGTATTAGA -g ACGTTGGATGGAAAAATAAATTGTAAATCAAATTC -g ACGTTGGATGGAAAAATAAACTGTAAATCATATTCCT -G ACGTTGGATGGAAAAATAAACTGCAAATCATATTC -G ACGTTGGATGAGATTAGGGAAAGTATTAGA -G ACGTTGGATGGAAAAATAAATTGTAAATCATACTC -G ACGTTGGATGGAAAAATAAACTGTAAATCATATTCCT -G ACGTTGGATGGAAAAATAAACTGTAAATCATATTC -G ACGTTGGATGGAAAAATAAATTGTAAATCAAATTC --minimum-length=1 -o /data/projects/mdc-971/data_from_June_2019/30.primer_trimmed/180449_S69_cutadapt.1.fq.gz -p /data/projects/mdc-971/data_from_June_2019/30.primer_trimmed/180449_S69_cutadapt.2.fq.gz /data/projects/mdc-971/data_from_June_2019/20.trim_151st_nt/180449_S69_R1_001.bbduked.fastq.gz /data/projects/mdc-971/data_from_June_2019/20.trim_151st_nt/180449_S69_R2_001.bbduked.fastq.gz
Processing reads on 1 core in paired-end mode ...
Finished in 92.30 s (373 us/read; 0.16 M reads/minute).

=== Summary ===

Total read pairs processed:            247,565
  Read 1 with adapter:                 229,098 (92.5%)
  Read 2 with adapter:                 202,140 (81.7%)
Pairs that were too short:                   0 (0.0%)
Pairs written (passing filters):       247,565 (100.0%)

Total basepairs processed:    74,269,500 bp
  Read 1:    37,134,750 bp
  Read 2:    37,134,750 bp
Total written (filtered):     59,324,921 bp (79.9%)
  Read 1:    29,158,025 bp
  Read 2:    30,166,896 bp

=== First read: Adapter 1 ===

Sequence: ACGTTGGATGTTTGTTACTATGGTAGATACCACAC; Type: regular 5'; Length: 35; Trimmed: 8894 times.

No. of allowed errors:
0-9 bp: 0; 10-19 bp: 1; 20-29 bp: 2; 30-35 bp: 3

Overview of removed sequences
length	count	expect	max.err	error counts
3	4	3868.2	0	4
18	1	0.0	1	0 1
19	2	0.0	1	2
21	3	0.0	2	2 0 1
22	3	0.0	2	2 1
23	4	0.0	2	1 3
24	1	0.0	2	0 1
25	3	0.0	2	0 1 2
26	9	0.0	2	3 4 2
27	26	0.0	2	13 6 6 1
28	29	0.0	2	15 5 6 3
29	55	0.0	2	24 17 11 3
30	112	0.0	3	41 23 17 31
31	86	0.0	3	10 28 20 28
32	122	0.0	3	24 29 27 42
33	307	0.0	3	20 30 139 118
34	1100	0.0	3	12 436 298 354
35	6104	0.0	3	1124 995 817 3168
36	646	0.0	3	3 240 251 152
37	134	0.0	3	1 0 82 51
38	142	0.0	3	0 0 0 142
46	1	0.0	3	0 0 1

=== First read: Adapter 2 ===

Sequence: ACGTTGGATGTTTGTTACTAAGGTAGATACCACTC; Type: regular 5'; Length: 35; Trimmed: 1767 times.

No. of allowed errors:
0-9 bp: 0; 10-19 bp: 1; 20-29 bp: 2; 30-35 bp: 3

Overview of removed sequences
length	count	expect	max.err	error counts
3	2	3868.2	0	2
14	1	0.0	1	1
15	1	0.0	1	1
18	1	0.0	1	0 1
26	1	0.0	2	0 1
27	4	0.0	2	3 0 1
28	5	0.0	2	2 2 1
29	15	0.0	2	5 5 3 2
30	32	0.0	3	18 6 6 2
31	24	0.0	3	10 5 5 4
32	32	0.0	3	4 11 8 9
33	89	0.0	3	5 12 16 56
34	206	0.0	3	22 108 43 33
35	1105	0.0	3	710 210 112 73
36	75	0.0	3	0 33 18 24
37	158	0.0	3	0 0 73 85
38	15	0.0	3	0 0 0 15
50	1	0.0	3	0 0 1

=== First read: Adapter 3 ===

Sequence: ACGTTGGATGTTTGTTACTGTGGTGGATACTAC; Type: regular 5'; Length: 33; Trimmed: 32545 times.

No. of allowed errors:
0-9 bp: 0; 10-19 bp: 1; 20-29 bp: 2; 30-33 bp: 3

Overview of removed sequences
length	count	expect	max.err	error counts
3	1	3868.2	0	1
4	2	967.1	0	2
13	1	0.0	1	1
14	3	0.0	1	1 2
15	1	0.0	1	1
16	4	0.0	1	4
17	2	0.0	1	0 2
18	3	0.0	1	2 1
19	8	0.0	1	4 3 1
20	9	0.0	2	5 4
21	8	0.0	2	6 1 1
22	7	0.0	2	1 3 3
23	4	0.0	2	1 2 1
24	84	0.0	2	49 26 9
25	193	0.0	2	93 70 30
26	233	0.0	2	130 66 37
27	542	0.0	2	337 154 49 2
28	938	0.0	2	580 246 107 5
29	736	0.0	2	355 230 132 19
30	1619	0.0	3	764 501 173 181
31	2179	0.0	3	959 545 401 274
32	4211	0.0	3	907 1767 922 615
33	19245	0.0	3	11663 3888 1993 1701
34	2156	0.0	3	5 1046 780 325
35	307	0.0	3	7 0 156 144
36	26	0.0	3	7 2 2 15
37	10	0.0	3	7 3
38	1	0.0	3	1
39	1	0.0	3	0 1
40	1	0.0	3	0 1
41	3	0.0	3	2 1
42	1	0.0	3	0 1
45	1	0.0	3	0 0 1
48	2	0.0	3	1 0 1
50	1	0.0	3	0 0 0 1
53	1	0.0	3	0 0 0 1
55	1	0.0	3	0 1

=== First read: Adapter 4 ===

Sequence: ACGTTGGATGTTTGTTACTGTTGTGGATACAAC; Type: regular 5'; Length: 33; Trimmed: 10654 times.

No. of allowed errors:
0-9 bp: 0; 10-19 bp: 1; 20-29 bp: 2; 30-33 bp: 3

Overview of removed sequences
length	count	expect	max.err	error counts
3	17	3868.2	0	17
4	1	967.1	0	1
16	1	0.0	1	1
21	1	0.0	2	0 0 1
24	7	0.0	2	2 4 1
25	40	0.0	2	15 19 6
26	24	0.0	2	16 5 3
27	34	0.0	2	21 11 2
28	92	0.0	2	58 26 8
29	91	0.0	2	40 33 17 1
30	142	0.0	3	57 32 28 25
31	258	0.0	3	79 48 85 46
32	773	0.0	3	120 320 169 164
33	5507	0.0	3	2914 1235 865 493
34	459	0.0	3	0 155 155 149
35	3121	0.0	3	0 0 2159 962
36	83	0.0	3	0 0 4 79
53	1	0.0	3	0 1
55	1	0.0	3	0 0 0 1
61	1	0.0	3	0 0 0 1

=== First read: Adapter 5 ===

Sequence: ACGTTGGATGTTTGTTACCGTTGTTGATACTAC; Type: regular 5'; Length: 33; Trimmed: 46014 times.

No. of allowed errors:
0-9 bp: 0; 10-19 bp: 1; 20-29 bp: 2; 30-33 bp: 3

Overview of removed sequences
length	count	expect	max.err	error counts
14	2	0.0	1	1 1
15	1	0.0	1	1
17	1	0.0	1	1
18	2	0.0	1	1 1
19	9	0.0	1	7 0 2
20	9	0.0	2	7 2
21	7	0.0	2	4 3
22	4	0.0	2	3 0 1
23	5	0.0	2	0 0 5
24	56	0.0	2	30 16 10
25	156	0.0	2	74 43 39
26	262	0.0	2	133 58 71
27	563	0.0	2	374 138 47 4
28	1139	0.0	2	669 265 158 47
29	874	0.0	2	398 277 156 43
30	2143	0.0	3	909 729 265 240
31	2754	0.0	3	1159 792 487 316
32	6172	0.0	3	1246 2651 1441 834
33	30546	0.0	3	17985 7854 3214 1493
34	747	0.0	3	11 369 221 146
35	477	0.0	3	5 2 214 256
36	71	0.0	3	6 4 1 60
37	5	0.0	3	2 2 1
40	1	0.0	3	0 0 0 1
41	4	0.0	3	2 1 1
42	1	0.0	3	1
44	1	0.0	3	0 1
50	1	0.0	3	1
63	1	0.0	3	0 1

=== First read: Adapter 6 ===

Sequence: ACGTTGGATGAATATATGTGTGCTTATTTG; Type: regular 5'; Length: 30; Trimmed: 73 times.

No. of allowed errors:
0-9 bp: 0; 10-19 bp: 1; 20-29 bp: 2; 30 bp: 3

Overview of removed sequences
length	count	expect	max.err	error counts
3	60	3868.2	0	60
4	9	967.1	0	9
5	2	241.8	0	2
30	2	0.0	3	2

=== First read: Adapter 7 ===

Sequence: ACGTTGGATGGAAAAATAAACTGCAAATCATATTC; Type: regular 5'; Length: 35; Trimmed: 11704 times.

No. of allowed errors:
0-9 bp: 0; 10-19 bp: 1; 20-29 bp: 2; 30-35 bp: 3

Overview of removed sequences
length	count	expect	max.err	error counts
4	1	967.1	0	1
24	1	0.0	2	0 0 1
26	1	0.0	2	1
27	2	0.0	2	1 0 1
29	5	0.0	2	1 1 2 1
30	48	0.0	3	18 19 9 2
31	41	0.0	3	14 11 5 11
32	187	0.0	3	18 7 5 157
33	215	0.0	3	12 15 105 83
34	1923	0.0	3	19 1438 277 189
35	6289	0.0	3	3921 962 446 960
36	2521	0.0	3	1 1847 410 263
37	128	0.0	3	0 0 60 68
38	341	0.0	3	0 0 0 341
42	1	0.0	3	0 1

=== First read: Adapter 8 ===

Sequence: ACGTTGGATGGAAAAATAAACTGTAAATCATATTC; Type: regular 5'; Length: 35; Trimmed: 2912 times.

No. of allowed errors:
0-9 bp: 0; 10-19 bp: 1; 20-29 bp: 2; 30-35 bp: 3

Overview of removed sequences
length	count	expect	max.err	error counts
25	1	0.0	2	0 1
29	1	0.0	2	0 0 1
30	5	0.0	3	1 2 1 1
31	12	0.0	3	3 5 1 3
32	286	0.0	3	0 2 0 284
33	69	0.0	3	1 2 25 41
34	619	0.0	3	3 418 71 127
35	1408	0.0	3	579 292 195 342
36	188	0.0	3	0 35 73 80
37	82	0.0	3	0 0 17 65
38	240	0.0	3	0 0 0 240
67	1	0.0	3	0 0 0 1

=== First read: Adapter 9 ===

Sequence: ACGTTGGATGGAAAAATAAATTGTAAATCATACTC; Type: regular 5'; Length: 35; Trimmed: 6084 times.

No. of allowed errors:
0-9 bp: 0; 10-19 bp: 1; 20-29 bp: 2; 30-35 bp: 3

Overview of removed sequences
length	count	expect	max.err	error counts
18	1	0.0	1	1
22	1	0.0	2	1
27	1	0.0	2	1
29	1	0.0	2	1
30	1	0.0	3	1
31	4	0.0	3	3 0 1
32	13	0.0	3	2 0 0 11
33	161	0.0	3	6 5 104 46
34	386	0.0	3	130 170 61 25
35	5306	0.0	3	3672 858 297 479
36	65	0.0	3	0 24 14 27
37	24	0.0	3	1 0 9 14
38	113	0.0	3	1 0 0 112
39	1	0.0	3	1
42	1	0.0	3	1
46	1	0.0	3	1
47	1	0.0	3	0 1
50	2	0.0	3	0 0 1 1
55	1	0.0	3	0 0 1

=== First read: Adapter 10 ===

Sequence: ACGTTGGATGAGATTAGGGAAAGTATTAGA; Type: regular 5'; Length: 30; Trimmed: 11 times.

No. of allowed errors:
0-9 bp: 0; 10-19 bp: 1; 20-29 bp: 2; 30 bp: 3

Overview of removed sequences
length	count	expect	max.err	error counts
3	11	3868.2	0	11

=== First read: Adapter 11 ===

Sequence: ACGTTGGATGGAAAAATAAATTGTAAATCAAATTC; Type: regular 5'; Length: 35; Trimmed: 3431 times.

No. of allowed errors:
0-9 bp: 0; 10-19 bp: 1; 20-29 bp: 2; 30-35 bp: 3

Overview of removed sequences
length	count	expect	max.err	error counts
30	2	0.0	3	2
31	3	0.0	3	2 1
32	5	0.0	3	2 1 0 2
33	14	0.0	3	4 3 2 5
34	110	0.0	3	18 63 20 9
35	3161	0.0	3	2315 511 202 133
36	49	0.0	3	0 18 18 13
37	19	0.0	3	0 0 5 14
38	68	0.0	3	0 0 0 68

=== First read: Adapter 12 ===

Sequence: ACGTTGGATGGAAAAATAAACTGTAAATCATATTCCT; Type: regular 5'; Length: 37; Trimmed: 105009 times.

No. of allowed errors:
0-9 bp: 0; 10-19 bp: 1; 20-29 bp: 2; 30-37 bp: 3

Overview of removed sequences
length	count	expect	max.err	error counts
3	12	3868.2	0	12
14	1	0.0	1	1
15	1	0.0	1	1
16	1	0.0	1	1
19	1	0.0	1	0 1
20	4	0.0	2	3 1
21	2	0.0	2	1 1
23	2	0.0	2	2
25	3	0.0	2	2 0 1
28	2	0.0	2	1 0 1
29	12	0.0	2	2 6 2 2
30	12	0.0	3	2 3 6 1
31	50	0.0	3	14 15 17 4
32	335	0.0	3	101 135 67 32
33	380	0.0	3	135 155 57 33
34	583	0.0	3	185 243 93 62
35	1435	0.0	3	188 249 788 210
36	7773	0.0	3	565 4112 2098 998
37	90345	0.0	3	45519 32680 8542 3604
38	2983	0.0	3	26 1327 1249 381
39	898	0.0	3	2 3 165 728
40	166	0.0	3	0 1 1 164
42	1	0.0	3	0 0 0 1
44	1	0.0	3	1
45	1	0.0	3	0 0 0 1
48	1	0.0	3	1
49	1	0.0	3	0 0 0 1
51	1	0.0	3	0 1
54	1	0.0	3	1
56	1	0.0	3	0 1

=== Second read: Adapter 13 ===

Sequence: ACGTTGGATGTTTGTTACTATGGTAGATACCACAC; Type: regular 5'; Length: 35; Trimmed: 7690 times.

No. of allowed errors:
0-9 bp: 0; 10-19 bp: 1; 20-29 bp: 2; 30-35 bp: 3

Overview of removed sequences
length	count	expect	max.err	error counts
3	7	3868.2	0	7
4	10	967.1	0	10
9	1	0.9	0	1
12	1	0.0	1	0 1
16	2	0.0	1	2
19	1	0.0	1	1
20	1	0.0	2	0 1
24	2	0.0	2	0 1 1
27	5	0.0	2	2 1 2
28	3	0.0	2	1 2
29	11	0.0	2	1 4 3 3
30	19	0.0	3	1 5 6 7
31	40	0.0	3	8 4 10 18
32	53	0.0	3	3 7 9 34
33	268	0.0	3	12 16 87 153
34	710	0.0	3	10 172 208 320
35	5496	0.0	3	944 1053 1041 2458
36	718	0.0	3	0 210 287 221
37	210	0.0	3	0 1 99 110
38	121	0.0	3	0 0 0 121
40	1	0.0	3	0 1
43	2	0.0	3	0 1 0 1
44	1	0.0	3	0 0 0 1
45	1	0.0	3	0 1
47	1	0.0	3	0 0 1
48	1	0.0	3	0 0 0 1
50	1	0.0	3	0 0 0 1
52	2	0.0	3	0 0 1 1
63	1	0.0	3	0 1

=== Second read: Adapter 14 ===

Sequence: ACGTTGGATGTTTGTTACTGTGGTGGATACTAC; Type: regular 5'; Length: 33; Trimmed: 38071 times.

No. of allowed errors:
0-9 bp: 0; 10-19 bp: 1; 20-29 bp: 2; 30-33 bp: 3

Overview of removed sequences
length	count	expect	max.err	error counts
3	6	3868.2	0	6
4	1	967.1	0	1
5	4	241.8	0	4
6	1	60.4	0	1
13	2	0.0	1	0 2
14	2	0.0	1	2
15	1	0.0	1	1
16	1	0.0	1	0 1
17	3	0.0	1	1 2
18	2	0.0	1	0 2
19	4	0.0	1	2 2
20	6	0.0	2	4 1 1
21	4	0.0	2	1 1 2
22	5	0.0	2	2 2 1
23	2	0.0	2	1 1
24	25	0.0	2	15 8 2
25	45	0.0	2	11 18 16
26	79	0.0	2	30 22 27
27	104	0.0	2	63 27 14
28	219	0.0	2	89 63 62 5
29	291	0.0	2	89 96 99 7
30	1185	0.0	3	127 167 107 784
31	1827	0.0	3	409 187 433 798
32	4407	0.0	3	303 1338 1233 1533
33	24755	0.0	3	12887 6047 3334 2487
34	3381	0.0	3	2 1488 1247 644
35	1447	0.0	3	1 1 682 763
36	40	0.0	3	0 0 1 39
37	6	0.0	3	0 3 1 2
38	4	0.0	3	0 0 0 4
39	5	0.0	3	1 0 4
40	8	0.0	3	0 6 0 2
41	32	0.0	3	10 8 10 4
42	20	0.0	3	2 10 1 7
43	11	0.0	3	2 4 4 1
44	19	0.0	3	4 6 3 6
45	13	0.0	3	3 4 3 3
46	9	0.0	3	1 1 4 3
47	7	0.0	3	0 2 2 3
48	13	0.0	3	1 4 2 6
49	17	0.0	3	8 2 4 3
50	8	0.0	3	2 4 1 1
51	13	0.0	3	6 2 1 4
52	12	0.0	3	2 5 2 3
53	12	0.0	3	2 7 2 1
54	3	0.0	3	1 1 0 1
55	4	0.0	3	1 2 0 1
56	1	0.0	3	0 0 1
57	2	0.0	3	0 0 1 1
61	2	0.0	3	1 1
65	1	0.0	3	1

=== Second read: Adapter 15 ===

Sequence: ACGTTGGATGTTTGTTACTGTTGTGGATACAAC; Type: regular 5'; Length: 33; Trimmed: 14956 times.

No. of allowed errors:
0-9 bp: 0; 10-19 bp: 1; 20-29 bp: 2; 30-33 bp: 3

Overview of removed sequences
length	count	expect	max.err	error counts
3	445	3868.2	0	445
4	1	967.1	0	1
5	1	241.8	0	1
6	1	60.4	0	1
24	5	0.0	2	1 2 2
25	3	0.0	2	1 0 2
26	7	0.0	2	3 1 3
27	12	0.0	2	5 5 2
28	28	0.0	2	14 7 7
29	39	0.0	2	12 10 17
30	91	0.0	3	11 16 31 33
31	347	0.0	3	36 34 133 144
32	1310	0.0	3	38 440 338 494
33	6930	0.0	3	2585 1621 1792 932
34	587	0.0	3	1 143 177 266
35	4916	0.0	3	0 1 2965 1950
36	102	0.0	3	0 0 0 102
37	2	0.0	3	0 0 1 1
39	1	0.0	3	0 0 0 1
40	2	0.0	3	0 1 0 1
41	23	0.0	3	7 6 6 4
42	12	0.0	3	3 5 2 2
43	4	0.0	3	0 0 2 2
44	5	0.0	3	4 1
45	13	0.0	3	5 4 4
46	3	0.0	3	1 1 1
47	6	0.0	3	2 2 2
48	6	0.0	3	1 1 3 1
49	6	0.0	3	6
50	7	0.0	3	4 1 1 1
51	7	0.0	3	0 2 4 1
52	8	0.0	3	2 0 3 3
53	11	0.0	3	1 4 5 1
54	3	0.0	3	0 1 2
55	2	0.0	3	0 2
56	2	0.0	3	1 0 0 1
57	1	0.0	3	0 0 1
58	3	0.0	3	0 2 1
60	1	0.0	3	0 0 0 1
62	2	0.0	3	0 2
63	1	0.0	3	1

=== Second read: Adapter 16 ===

Sequence: ACGTTGGATGTTTGTTACCGTTGTTGATACTAC; Type: regular 5'; Length: 33; Trimmed: 51192 times.

No. of allowed errors:
0-9 bp: 0; 10-19 bp: 1; 20-29 bp: 2; 30-33 bp: 3

Overview of removed sequences
length	count	expect	max.err	error counts
14	1	0.0	1	0 1
15	1	0.0	1	1
16	1	0.0	1	1
17	1	0.0	1	0 1
19	3	0.0	1	2 1
20	5	0.0	2	2 2 1
21	2	0.0	2	0 2
22	2	0.0	2	0 0 2
23	3	0.0	2	1 0 2
24	19	0.0	2	8 4 7
25	25	0.0	2	8 10 7
26	103	0.0	2	43 24 36
27	148	0.0	2	78 43 26 1
28	373	0.0	2	164 107 82 20
29	531	0.0	2	144 200 163 24
30	1449	0.0	3	165 252 203 829
31	1979	0.0	3	588 365 532 494
32	6199	0.0	3	442 1967 1853 1937
33	36936	0.0	3	19001 9852 5272 2811
34	1151	0.0	3	3 427 399 322
35	2099	0.0	3	2 3 1060 1034
36	70	0.0	3	1 0 0 69
37	3	0.0	3	2 0 1
39	4	0.0	3	2 0 1 1
40	5	0.0	3	0 1 2 2
41	13	0.0	3	3 5 1 4
42	15	0.0	3	7 1 7
43	6	0.0	3	0 2 2 2
44	8	0.0	3	5 2 1
45	9	0.0	3	4 1 1 3
46	3	0.0	3	0 1 0 2
47	1	0.0	3	0 0 0 1
48	7	0.0	3	1 2 1 3
49	3	0.0	3	1 2
50	5	0.0	3	2 0 1 2
51	2	0.0	3	0 1 1
52	1	0.0	3	0 0 1
53	1	0.0	3	0 1
54	3	0.0	3	1 0 1 1
55	1	0.0	3	0 1
57	1	0.0	3	0 0 0 1

=== Second read: Adapter 17 ===

Sequence: ACGTTGGATGAATATATGTGTGCTTATTTG; Type: regular 5'; Length: 30; Trimmed: 205 times.

No. of allowed errors:
0-9 bp: 0; 10-19 bp: 1; 20-29 bp: 2; 30 bp: 3

Overview of removed sequences
length	count	expect	max.err	error counts
3	196	3868.2	0	196
4	5	967.1	0	5
5	3	241.8	0	3
30	1	0.0	3	1

=== Second read: Adapter 18 ===

Sequence: ACGTTGGATGTTTGTTACTAAGGTAGATACCACTC; Type: regular 5'; Length: 35; Trimmed: 1989 times.

No. of allowed errors:
0-9 bp: 0; 10-19 bp: 1; 20-29 bp: 2; 30-35 bp: 3

Overview of removed sequences
length	count	expect	max.err	error counts
3	2	3868.2	0	2
4	5	967.1	0	5
5	1	241.8	0	1
19	1	0.0	1	1
22	1	0.0	2	1
25	1	0.0	2	0 0 1
26	1	0.0	2	1
29	3	0.0	2	1 1 1
30	4	0.0	3	0 1 1 2
31	13	0.0	3	2 2 6 3
32	12	0.0	3	1 4 2 5
33	367	0.0	3	4 3 35 325
34	198	0.0	3	5 70 46 77
35	1068	0.0	3	491 251 200 126
36	97	0.0	3	0 32 25 40
37	180	0.0	3	0 0 91 89
38	29	0.0	3	0 0 0 29
40	1	0.0	3	0 0 0 1
44	1	0.0	3	0 1
47	1	0.0	3	0 0 0 1
55	2	0.0	3	0 1 0 1
60	1	0.0	3	0 1

=== Second read: Adapter 19 ===

Sequence: ACGTTGGATGGAAAAATAAACTGCAAATCATATTC; Type: regular 5'; Length: 35; Trimmed: 6220 times.

No. of allowed errors:
0-9 bp: 0; 10-19 bp: 1; 20-29 bp: 2; 30-35 bp: 3

Overview of removed sequences
length	count	expect	max.err	error counts
3	38	3868.2	0	38
4	1	967.1	0	1
11	1	0.1	1	0 1
18	3	0.0	1	3
19	1	0.0	1	1
21	1	0.0	2	0 0 1
22	1	0.0	2	0 1
24	1	0.0	2	0 0 1
27	1	0.0	2	0 0 0 1
28	1	0.0	2	0 1
29	2	0.0	2	0 2
30	11	0.0	3	1 5 2 3
31	16	0.0	3	0 7 2 7
32	61	0.0	3	0 1 3 57
33	87	0.0	3	4 3 38 42
34	772	0.0	3	3 390 199 180
35	3814	0.0	3	1320 620 372 1502
36	1143	0.0	3	0 634 289 220
37	70	0.0	3	0 0 35 35
38	186	0.0	3	0 0 0 186
39	2	0.0	3	0 1 0 1
44	2	0.0	3	0 1 1
45	1	0.0	3	0 1
50	1	0.0	3	0 1
53	1	0.0	3	0 1
59	1	0.0	3	0 0 1
66	1	0.0	3	0 1

=== Second read: Adapter 20 ===

Sequence: ACGTTGGATGAGATTAGGGAAAGTATTAGA; Type: regular 5'; Length: 30; Trimmed: 34 times.

No. of allowed errors:
0-9 bp: 0; 10-19 bp: 1; 20-29 bp: 2; 30 bp: 3

Overview of removed sequences
length	count	expect	max.err	error counts
3	33	3868.2	0	33
4	1	967.1	0	1

=== Second read: Adapter 21 ===

Sequence: ACGTTGGATGGAAAAATAAATTGTAAATCATACTC; Type: regular 5'; Length: 35; Trimmed: 3173 times.

No. of allowed errors:
0-9 bp: 0; 10-19 bp: 1; 20-29 bp: 2; 30-35 bp: 3

Overview of removed sequences
length	count	expect	max.err	error counts
18	1	0.0	1	1
19	2	0.0	1	1 1
20	1	0.0	2	1
21	2	0.0	2	0 2
23	1	0.0	2	0 0 1
25	2	0.0	2	2
27	1	0.0	2	0 0 1
28	1	0.0	2	0 0 0 1
30	1	0.0	3	0 0 1
31	12	0.0	3	4 4 1 3
32	7	0.0	3	0 0 0 7
33	93	0.0	3	3 1 33 56
34	153	0.0	3	9 55 40 49
35	2730	0.0	3	1351 597 354 428
36	65	0.0	3	0 12 20 33
37	16	0.0	3	0 0 2 14
38	63	0.0	3	0 0 0 63
41	1	0.0	3	0 0 0 1
42	2	0.0	3	1 0 0 1
44	3	0.0	3	0 1 0 2
45	1	0.0	3	0 0 1
46	1	0.0	3	0 0 1
47	3	0.0	3	1 2
48	1	0.0	3	1
49	1	0.0	3	1
50	2	0.0	3	1 1
51	1	0.0	3	0 1
52	1	0.0	3	0 1
53	2	0.0	3	1 0 1
54	1	0.0	3	1
56	2	0.0	3	1 0 0 1

=== Second read: Adapter 22 ===

Sequence: ACGTTGGATGGAAAAATAAACTGTAAATCATATTCCT; Type: regular 5'; Length: 37; Trimmed: 76175 times.

No. of allowed errors:
0-9 bp: 0; 10-19 bp: 1; 20-29 bp: 2; 30-37 bp: 3

Overview of removed sequences
length	count	expect	max.err	error counts
3	143	3868.2	0	143
4	156	967.1	0	156
12	1	0.0	1	0 1
13	2	0.0	1	0 2
18	2	0.0	1	0 0 2
19	2	0.0	1	0 2
20	6	0.0	2	1 3 2
21	1	0.0	2	1
22	1	0.0	2	0 0 1
24	1	0.0	2	1
25	1	0.0	2	0 0 1
29	1	0.0	2	0 1
30	3	0.0	3	0 2 1
31	6	0.0	3	2 1 2 1
32	48	0.0	3	20 17 7 4
33	125	0.0	3	29 34 38 24
34	247	0.0	3	37 44 41 125
35	1295	0.0	3	140 115 627 413
36	3863	0.0	3	153 1599 1285 826
37	68516	0.0	3	25926 23769 12154 6667
38	1254	0.0	3	8 426 516 304
39	404	0.0	3	1 2 77 324
40	54	0.0	3	0 0 1 53
41	2	0.0	3	1 1
42	1	0.0	3	0 1
45	6	0.0	3	0 1 5
46	6	0.0	3	0 3 2 1
47	3	0.0	3	0 0 2 1
48	1	0.0	3	1
49	3	0.0	3	1 0 1 1
50	2	0.0	3	0 0 1 1
51	6	0.0	3	4 0 1 1
52	4	0.0	3	0 2 2
53	2	0.0	3	1 0 0 1
54	3	0.0	3	1 0 1 1
55	2	0.0	3	1 0 1
58	1	0.0	3	0 0 1
62	1	0.0	3	0 0 1

=== Second read: Adapter 23 ===

Sequence: ACGTTGGATGGAAAAATAAACTGTAAATCATATTC; Type: regular 5'; Length: 35; Trimmed: 1012 times.

No. of allowed errors:
0-9 bp: 0; 10-19 bp: 1; 20-29 bp: 2; 30-35 bp: 3

Overview of removed sequences
length	count	expect	max.err	error counts
13	1	0.0	1	1
21	1	0.0	2	0 0 1
30	3	0.0	3	0 0 1 2
31	6	0.0	3	0 0 0 6
32	137	0.0	3	0 0 0 137
33	40	0.0	3	0 0 19 21
34	195	0.0	3	0 0 51 144
35	534	0.0	3	0 0 131 403
36	66	0.0	3	0 0 1 65
37	18	0.0	3	0 0 1 17
38	10	0.0	3	0 0 0 10
47	1	0.0	3	0 0 0 1

=== Second read: Adapter 24 ===

Sequence: ACGTTGGATGGAAAAATAAATTGTAAATCAAATTC; Type: regular 5'; Length: 35; Trimmed: 1423 times.

No. of allowed errors:
0-9 bp: 0; 10-19 bp: 1; 20-29 bp: 2; 30-35 bp: 3

Overview of removed sequences
length	count	expect	max.err	error counts
14	3	0.0	1	2 1
18	1	0.0	1	1
19	1	0.0	1	0 1
20	1	0.0	2	1
21	1	0.0	2	1
30	5	0.0	3	2 0 2 1
31	2	0.0	3	1 1
32	1	0.0	3	0 0 1
33	11	0.0	3	1 0 5 5
34	72	0.0	3	4 29 22 17
35	1231	0.0	3	611 222 240 158
36	48	0.0	3	0 12 11 25
37	14	0.0	3	0 0 8 6
38	30	0.0	3	0 0 0 30
44	1	0.0	3	1
46	1	0.0	3	1

