This is cutadapt 1.18 with Python 3.5.5
Command line parameters: -g ACGTTGGATGTTTGTTACTATGGTAGATACCACAC -g ACGTTGGATGTTTGTTACTAAGGTAGATACCACTC -g ACGTTGGATGTTTGTTACTGTGGTGGATACTAC -g ACGTTGGATGTTTGTTACTGTTGTGGATACAAC -g ACGTTGGATGTTTGTTACCGTTGTTGATACTAC -g ACGTTGGATGAATATATGTGTGCTTATTTG -G ACGTTGGATGTTTGTTACTATGGTAGATACCACAC -G ACGTTGGATGTTTGTTACTGTGGTGGATACTAC -G ACGTTGGATGTTTGTTACTGTTGTGGATACAAC -G ACGTTGGATGTTTGTTACCGTTGTTGATACTAC -G ACGTTGGATGAATATATGTGTGCTTATTTG -G ACGTTGGATGTTTGTTACTAAGGTAGATACCACTC -g ACGTTGGATGGAAAAATAAACTGCAAATCATATTC -g ACGTTGGATGGAAAAATAAACTGTAAATCATATTC -g ACGTTGGATGGAAAAATAAATTGTAAATCATACTC -g ACGTTGGATGAGATTAGGGAAAGTATTAGA -g ACGTTGGATGGAAAAATAAATTGTAAATCAAATTC -g ACGTTGGATGGAAAAATAAACTGTAAATCATATTCCT -G ACGTTGGATGGAAAAATAAACTGCAAATCATATTC -G ACGTTGGATGAGATTAGGGAAAGTATTAGA -G ACGTTGGATGGAAAAATAAATTGTAAATCATACTC -G ACGTTGGATGGAAAAATAAACTGTAAATCATATTCCT -G ACGTTGGATGGAAAAATAAACTGTAAATCATATTC -G ACGTTGGATGGAAAAATAAATTGTAAATCAAATTC --minimum-length=1 -o /data/projects/mdc-971/data_from_June_2019/30.primer_trimmed/180456_S73_cutadapt.1.fq.gz -p /data/projects/mdc-971/data_from_June_2019/30.primer_trimmed/180456_S73_cutadapt.2.fq.gz /data/projects/mdc-971/data_from_June_2019/20.trim_151st_nt/180456_S73_R1_001.bbduked.fastq.gz /data/projects/mdc-971/data_from_June_2019/20.trim_151st_nt/180456_S73_R2_001.bbduked.fastq.gz
Processing reads on 1 core in paired-end mode ...
Finished in 111.71 s (378 us/read; 0.16 M reads/minute).

=== Summary ===

Total read pairs processed:            295,133
  Read 1 with adapter:                 263,458 (89.3%)
  Read 2 with adapter:                 215,486 (73.0%)
Pairs that were too short:                   0 (0.0%)
Pairs written (passing filters):       295,133 (100.0%)

Total basepairs processed:    88,539,900 bp
  Read 1:    44,269,950 bp
  Read 2:    44,269,950 bp
Total written (filtered):     72,115,476 bp (81.4%)
  Read 1:    35,170,864 bp
  Read 2:    36,944,612 bp

=== First read: Adapter 1 ===

Sequence: ACGTTGGATGTTTGTTACTATGGTAGATACCACAC; Type: regular 5'; Length: 35; Trimmed: 19321 times.

No. of allowed errors:
0-9 bp: 0; 10-19 bp: 1; 20-29 bp: 2; 30-35 bp: 3

Overview of removed sequences
length	count	expect	max.err	error counts
4	1	1152.9	0	1
14	3	0.0	1	2 1
15	1	0.0	1	0 1
20	2	0.0	2	1 0 1
21	2	0.0	2	0 1 1
22	4	0.0	2	4
23	8	0.0	2	3 5
24	1	0.0	2	1
25	2	0.0	2	0 0 2
26	22	0.0	2	5 6 11
27	59	0.0	2	16 21 21 1
28	65	0.0	2	23 12 20 10
29	90	0.0	2	23 30 27 10
30	142	0.0	3	46 36 36 24
31	87	0.0	3	8 30 37 12
32	291	0.0	3	14 41 65 171
33	1064	0.0	3	14 34 542 474
34	2921	0.0	3	30 1132 987 772
35	8661	0.0	3	3043 2716 1754 1148
36	2512	0.0	3	2 856 1054 600
37	1265	0.0	3	0 0 682 583
38	2110	0.0	3	0 0 3 2107
39	2	0.0	3	0 0 0 2
44	1	0.0	3	0 0 1
50	1	0.0	3	0 0 1
54	1	0.0	3	1
65	1	0.0	3	0 0 0 1
67	1	0.0	3	0 0 0 1
80	1	0.0	3	0 0 0 1

=== First read: Adapter 2 ===

Sequence: ACGTTGGATGTTTGTTACTAAGGTAGATACCACTC; Type: regular 5'; Length: 35; Trimmed: 12182 times.

No. of allowed errors:
0-9 bp: 0; 10-19 bp: 1; 20-29 bp: 2; 30-35 bp: 3

Overview of removed sequences
length	count	expect	max.err	error counts
3	1	4611.5	0	1
4	1	1152.9	0	1
14	4	0.0	1	2 2
15	1	0.0	1	0 1
18	2	0.0	1	1 1
19	1	0.0	1	0 1
21	2	0.0	2	0 2
22	7	0.0	2	2 2 3
23	5	0.0	2	3 2
24	1	0.0	2	1
25	3	0.0	2	0 1 2
26	14	0.0	2	4 5 5
27	89	0.0	2	51 21 17
28	77	0.0	2	34 28 14 1
29	134	0.0	2	59 49 22 4
30	240	0.0	3	135 61 26 18
31	171	0.0	3	73 42 36 20
32	288	0.0	3	105 81 59 43
33	415	0.0	3	69 90 148 108
34	1885	0.0	3	102 973 426 384
35	7679	0.0	3	4483 1724 977 495
36	500	0.0	3	2 209 164 125
37	611	0.0	3	0 1 366 244
38	46	0.0	3	0 0 1 45
42	1	0.0	3	0 0 0 1
43	1	0.0	3	0 1
47	1	0.0	3	1
50	1	0.0	3	0 1
55	1	0.0	3	0 0 1

=== First read: Adapter 3 ===

Sequence: ACGTTGGATGTTTGTTACTGTGGTGGATACTAC; Type: regular 5'; Length: 33; Trimmed: 37506 times.

No. of allowed errors:
0-9 bp: 0; 10-19 bp: 1; 20-29 bp: 2; 30-33 bp: 3

Overview of removed sequences
length	count	expect	max.err	error counts
3	3	4611.5	0	3
5	1	288.2	0	1
9	1	1.1	0	1
13	2	0.0	1	1 1
14	8	0.0	1	6 2
15	4	0.0	1	2 2
16	3	0.0	1	1 2
17	1	0.0	1	0 1
18	4	0.0	1	1 3
19	7	0.0	1	2 2 3
20	24	0.0	2	11 8 5
21	39	0.0	2	24 13 2
22	12	0.0	2	2 4 6
23	16	0.0	2	5 7 4
24	175	0.0	2	73 78 24
25	991	0.0	2	466 391 134
26	1064	0.0	2	420 417 227
27	1065	0.0	2	451 462 151 1
28	1160	0.0	2	307 560 285 8
29	1173	0.0	2	155 619 350 49
30	1758	0.0	3	273 511 352 622
31	2667	0.0	3	152 754 1006 755
32	4088	0.0	3	155 1508 1460 965
33	11229	0.0	3	4057 3250 2409 1513
34	11568	0.0	3	2 5614 4113 1839
35	287	0.0	3	0 3 108 176
36	123	0.0	3	2 4 3 114
37	2	0.0	3	1 0 0 1
38	4	0.0	3	0 3 1
39	1	0.0	3	0 1
40	3	0.0	3	1 2
41	4	0.0	3	2 0 0 2
42	3	0.0	3	0 3
43	2	0.0	3	0 0 2
45	2	0.0	3	0 0 0 2
47	1	0.0	3	0 1
48	2	0.0	3	0 2
49	2	0.0	3	0 0 1 1
51	1	0.0	3	0 0 0 1
52	1	0.0	3	1
54	1	0.0	3	0 0 0 1
55	1	0.0	3	0 0 1
58	1	0.0	3	0 1
66	1	0.0	3	0 0 1
94	1	0.0	3	0 1

=== First read: Adapter 4 ===

Sequence: ACGTTGGATGTTTGTTACTGTTGTGGATACAAC; Type: regular 5'; Length: 33; Trimmed: 14813 times.

No. of allowed errors:
0-9 bp: 0; 10-19 bp: 1; 20-29 bp: 2; 30-33 bp: 3

Overview of removed sequences
length	count	expect	max.err	error counts
3	22	4611.5	0	22
13	1	0.0	1	1
14	1	0.0	1	1
18	1	0.0	1	0 0 1
19	2	0.0	1	1 0 1
20	7	0.0	2	4 1 2
21	5	0.0	2	4 1
22	1	0.0	2	0 0 1
23	2	0.0	2	0 0 2
24	37	0.0	2	15 13 9
25	296	0.0	2	124 116 56
26	193	0.0	2	113 66 14
27	151	0.0	2	81 53 17
28	215	0.0	2	119 67 27 2
29	154	0.0	2	55 70 26 3
30	208	0.0	3	73 76 35 24
31	414	0.0	3	66 89 123 136
32	1564	0.0	3	125 631 362 446
33	10356	0.0	3	5000 2592 1911 853
34	872	0.0	3	4 399 231 238
35	217	0.0	3	0 0 81 136
36	78	0.0	3	0 0 0 78
39	1	0.0	3	0 0 1
41	1	0.0	3	0 1
42	1	0.0	3	1
43	1	0.0	3	0 0 0 1
45	1	0.0	3	0 0 1
50	1	0.0	3	0 1
52	2	0.0	3	0 1 1
53	1	0.0	3	1
55	1	0.0	3	0 0 0 1
57	1	0.0	3	0 1
59	1	0.0	3	1
61	1	0.0	3	0 0 0 1
63	2	0.0	3	2
93	1	0.0	3	1

=== First read: Adapter 5 ===

Sequence: ACGTTGGATGTTTGTTACCGTTGTTGATACTAC; Type: regular 5'; Length: 33; Trimmed: 16522 times.

No. of allowed errors:
0-9 bp: 0; 10-19 bp: 1; 20-29 bp: 2; 30-33 bp: 3

Overview of removed sequences
length	count	expect	max.err	error counts
14	5	0.0	1	2 3
15	1	0.0	1	1
17	1	0.0	1	1
18	3	0.0	1	1 1 1
19	5	0.0	1	3 2
20	18	0.0	2	13 4 1
21	5	0.0	2	2 2 1
22	1	0.0	2	0 1
23	2	0.0	2	1 1
24	59	0.0	2	24 22 13
25	263	0.0	2	167 68 28
26	252	0.0	2	106 101 45
27	316	0.0	2	160 105 50 1
28	341	0.0	2	145 122 65 9
29	289	0.0	2	50 114 94 31
30	1316	0.0	3	118 177 96 925
31	839	0.0	3	69 157 259 354
32	4585	0.0	3	77 800 2511 1197
33	5494	0.0	3	2799 1483 809 403
34	2470	0.0	3	0 1380 734 356
35	161	0.0	3	0 0 88 73
36	92	0.0	3	0 0 1 91
38	1	0.0	3	0 1
51	1	0.0	3	0 0 0 1
63	1	0.0	3	1
93	1	0.0	3	1

=== First read: Adapter 6 ===

Sequence: ACGTTGGATGAATATATGTGTGCTTATTTG; Type: regular 5'; Length: 30; Trimmed: 149 times.

No. of allowed errors:
0-9 bp: 0; 10-19 bp: 1; 20-29 bp: 2; 30 bp: 3

Overview of removed sequences
length	count	expect	max.err	error counts
3	122	4611.5	0	122
4	15	1152.9	0	15
5	5	288.2	0	5
6	1	72.1	0	1
29	2	0.0	2	0 0 2
30	4	0.0	3	4

=== First read: Adapter 7 ===

Sequence: ACGTTGGATGGAAAAATAAACTGCAAATCATATTC; Type: regular 5'; Length: 35; Trimmed: 43711 times.

No. of allowed errors:
0-9 bp: 0; 10-19 bp: 1; 20-29 bp: 2; 30-35 bp: 3

Overview of removed sequences
length	count	expect	max.err	error counts
3	1	4611.5	0	1
18	1	0.0	1	1
24	1	0.0	2	0 1
25	2	0.0	2	2
26	4	0.0	2	1 2 1
27	12	0.0	2	9 2 1
28	14	0.0	2	5 1 5 3
29	51	0.0	2	8 21 15 7
30	243	0.0	3	99 85 42 17
31	203	0.0	3	82 64 36 21
32	673	0.0	3	75 74 33 491
33	874	0.0	3	36 84 455 299
34	9004	0.0	3	97 6765 1496 646
35	21677	0.0	3	14756 3954 1552 1415
36	10168	0.0	3	1 7987 1548 632
37	576	0.0	3	0 0 291 285
38	202	0.0	3	0 0 0 202
40	1	0.0	3	0 1
44	1	0.0	3	0 0 0 1
63	2	0.0	3	0 1 0 1
65	1	0.0	3	0 1

=== First read: Adapter 8 ===

Sequence: ACGTTGGATGGAAAAATAAACTGTAAATCATATTC; Type: regular 5'; Length: 35; Trimmed: 8044 times.

No. of allowed errors:
0-9 bp: 0; 10-19 bp: 1; 20-29 bp: 2; 30-35 bp: 3

Overview of removed sequences
length	count	expect	max.err	error counts
28	2	0.0	2	1 0 1
29	6	0.0	2	0 2 4
30	23	0.0	3	3 6 7 7
31	15	0.0	3	4 3 1 7
32	940	0.0	3	2 3 7 928
33	260	0.0	3	0 3 108 149
34	2200	0.0	3	4 1408 336 452
35	3492	0.0	3	912 1039 737 804
36	698	0.0	3	0 100 350 248
37	270	0.0	3	0 0 65 205
38	137	0.0	3	0 0 0 137
67	1	0.0	3	0 0 1

=== First read: Adapter 9 ===

Sequence: ACGTTGGATGGAAAAATAAATTGTAAATCATACTC; Type: regular 5'; Length: 35; Trimmed: 34498 times.

No. of allowed errors:
0-9 bp: 0; 10-19 bp: 1; 20-29 bp: 2; 30-35 bp: 3

Overview of removed sequences
length	count	expect	max.err	error counts
22	1	0.0	2	0 1
26	1	0.0	2	0 1
27	3	0.0	2	2 1
28	2	0.0	2	0 1 0 1
29	8	0.0	2	5 2 0 1
30	31	0.0	3	18 7 4 2
31	49	0.0	3	37 8 3 1
32	102	0.0	3	16 12 6 68
33	643	0.0	3	24 37 374 208
34	2353	0.0	3	835 1023 335 160
35	30634	0.0	3	20979 5911 1843 1901
36	268	0.0	3	6 65 61 136
37	135	0.0	3	1 3 48 83
38	240	0.0	3	2 0 0 238
39	2	0.0	3	2
40	1	0.0	3	1
43	6	0.0	3	2 4
44	3	0.0	3	2 1
45	3	0.0	3	1 1 0 1
46	1	0.0	3	0 1
47	1	0.0	3	1
48	1	0.0	3	1
49	1	0.0	3	1
50	2	0.0	3	0 1 1
51	1	0.0	3	1
52	1	0.0	3	1
53	2	0.0	3	0 1 0 1
54	3	0.0	3	1 1 0 1

=== First read: Adapter 10 ===

Sequence: ACGTTGGATGAGATTAGGGAAAGTATTAGA; Type: regular 5'; Length: 30; Trimmed: 45 times.

No. of allowed errors:
0-9 bp: 0; 10-19 bp: 1; 20-29 bp: 2; 30 bp: 3

Overview of removed sequences
length	count	expect	max.err	error counts
3	44	4611.5	0	44
30	1	0.0	3	0 0 1

=== First read: Adapter 11 ===

Sequence: ACGTTGGATGGAAAAATAAATTGTAAATCAAATTC; Type: regular 5'; Length: 35; Trimmed: 17463 times.

No. of allowed errors:
0-9 bp: 0; 10-19 bp: 1; 20-29 bp: 2; 30-35 bp: 3

Overview of removed sequences
length	count	expect	max.err	error counts
5	1	288.2	0	1
22	1	0.0	2	0 1
29	1	0.0	2	0 1
30	12	0.0	3	7 3 2
31	12	0.0	3	7 4 1
32	23	0.0	3	6 6 3 8
33	57	0.0	3	7 14 16 20
34	540	0.0	3	92 269 105 74
35	16413	0.0	3	11612 3173 1118 510
36	183	0.0	3	1 72 53 57
37	118	0.0	3	0 0 52 66
38	96	0.0	3	0 0 0 96
41	1	0.0	3	1
42	2	0.0	3	2
44	1	0.0	3	0 1
46	2	0.0	3	2

=== First read: Adapter 12 ===

Sequence: ACGTTGGATGGAAAAATAAACTGTAAATCATATTCCT; Type: regular 5'; Length: 37; Trimmed: 59204 times.

No. of allowed errors:
0-9 bp: 0; 10-19 bp: 1; 20-29 bp: 2; 30-37 bp: 3

Overview of removed sequences
length	count	expect	max.err	error counts
3	18	4611.5	0	18
4	1	1152.9	0	1
18	1	0.0	1	0 1
20	3	0.0	2	2 1
21	2	0.0	2	1 1
27	2	0.0	2	0 2
28	4	0.0	2	0 2 1 1
29	6	0.0	2	1 2 3
30	15	0.0	3	3 3 6 3
31	100	0.0	3	1 52 31 16
32	106	0.0	3	8 47 41 10
33	127	0.0	3	8 68 37 14
34	245	0.0	3	10 49 54 132
35	4697	0.0	3	8 120 3495 1074
36	19324	0.0	3	33 12422 4386 2483
37	27098	0.0	3	6538 14299 4496 1765
38	3254	0.0	3	0 467 1823 964
39	3729	0.0	3	0 1 828 2900
40	469	0.0	3	0 0 1 468
47	1	0.0	3	1
53	1	0.0	3	0 0 0 1
55	1	0.0	3	0 0 1

=== Second read: Adapter 13 ===

Sequence: ACGTTGGATGTTTGTTACTATGGTAGATACCACAC; Type: regular 5'; Length: 35; Trimmed: 16874 times.

No. of allowed errors:
0-9 bp: 0; 10-19 bp: 1; 20-29 bp: 2; 30-35 bp: 3

Overview of removed sequences
length	count	expect	max.err	error counts
3	5	4611.5	0	5
4	17	1152.9	0	17
10	1	0.3	1	0 1
18	2	0.0	1	0 2
19	2	0.0	1	1 1
21	2	0.0	2	1 0 1
22	2	0.0	2	1 0 1
23	1	0.0	2	0 0 1
24	1	0.0	2	0 0 1
26	4	0.0	2	1 0 3
27	4	0.0	2	1 1 2
28	6	0.0	2	1 0 4 1
29	26	0.0	2	5 6 10 5
30	25	0.0	3	4 7 4 10
31	43	0.0	3	3 4 15 21
32	146	0.0	3	2 11 17 116
33	1513	0.0	3	6 9 616 882
34	1897	0.0	3	6 433 646 812
35	8051	0.0	3	1664 2343 2271 1773
36	1705	0.0	3	0 393 707 605
37	1722	0.0	3	0 0 815 907
38	1662	0.0	3	0 0 0 1662
41	1	0.0	3	0 0 1
42	1	0.0	3	0 0 1
43	2	0.0	3	1 0 1
44	2	0.0	3	0 1 0 1
45	2	0.0	3	0 0 1 1
46	8	0.0	3	0 1 2 5
47	2	0.0	3	0 0 1 1
49	3	0.0	3	0 0 1 2
50	2	0.0	3	0 1 0 1
52	1	0.0	3	0 1
53	3	0.0	3	0 0 1 2
54	3	0.0	3	0 1 1 1
55	2	0.0	3	0 1 1
58	1	0.0	3	0 0 0 1
60	1	0.0	3	0 0 1
63	1	0.0	3	0 0 0 1
65	1	0.0	3	0 0 1
68	1	0.0	3	0 0 0 1

=== Second read: Adapter 14 ===

Sequence: ACGTTGGATGTTTGTTACTGTGGTGGATACTAC; Type: regular 5'; Length: 33; Trimmed: 55564 times.

No. of allowed errors:
0-9 bp: 0; 10-19 bp: 1; 20-29 bp: 2; 30-33 bp: 3

Overview of removed sequences
length	count	expect	max.err	error counts
3	16	4611.5	0	16
5	3	288.2	0	3
6	1	72.1	0	1
14	1	0.0	1	1
16	4	0.0	1	0 4
17	2	0.0	1	1 1
18	1	0.0	1	0 1
19	1	0.0	1	1
20	5	0.0	2	2 0 3
21	7	0.0	2	5 0 2
22	5	0.0	2	1 2 2
23	8	0.0	2	1 5 2
24	12	0.0	2	7 5
25	28	0.0	2	4 11 13
26	72	0.0	2	24 25 23
27	83	0.0	2	27 31 23 2
28	145	0.0	2	30 63 45 7
29	226	0.0	2	21 104 85 16
30	2973	0.0	3	41 170 171 2591
31	5093	0.0	3	57 203 1446 3387
32	7279	0.0	3	50 2195 2780 2254
33	14560	0.0	3	4759 4486 3266 2049
34	23589	0.0	3	0 10372 8728 4489
35	435	0.0	3	0 1 157 277
36	175	0.0	3	0 0 0 175
37	8	0.0	3	2 0 3 3
38	18	0.0	3	0 0 4 14
39	31	0.0	3	0 1 6 24
40	33	0.0	3	4 5 11 13
41	128	0.0	3	29 42 30 27
42	125	0.0	3	13 51 31 30
43	57	0.0	3	3 16 21 17
44	63	0.0	3	12 22 16 13
45	58	0.0	3	7 22 11 18
46	48	0.0	3	13 10 15 10
47	26	0.0	3	1 7 9 9
48	18	0.0	3	3 3 4 8
49	45	0.0	3	11 10 9 15
50	37	0.0	3	3 7 10 17
51	32	0.0	3	3 13 4 12
52	29	0.0	3	4 10 7 8
53	24	0.0	3	3 10 9 2
54	15	0.0	3	2 6 4 3
55	6	0.0	3	0 3 1 2
56	7	0.0	3	1 3 2 1
57	4	0.0	3	2 2
58	2	0.0	3	1 0 0 1
59	3	0.0	3	0 1 1 1
60	3	0.0	3	0 1 1 1
61	2	0.0	3	0 0 0 2
62	4	0.0	3	0 2 2
63	3	0.0	3	1 1 0 1
64	6	0.0	3	2 2 2
65	2	0.0	3	0 1 0 1
67	1	0.0	3	0 0 1
95	2	0.0	3	2

=== Second read: Adapter 15 ===

Sequence: ACGTTGGATGTTTGTTACTGTTGTGGATACAAC; Type: regular 5'; Length: 33; Trimmed: 27830 times.

No. of allowed errors:
0-9 bp: 0; 10-19 bp: 1; 20-29 bp: 2; 30-33 bp: 3

Overview of removed sequences
length	count	expect	max.err	error counts
3	883	4611.5	0	883
5	3	288.2	0	3
20	1	0.0	2	0 0 1
21	1	0.0	2	1
22	1	0.0	2	1
24	5	0.0	2	2 2 1
25	5	0.0	2	1 1 3
26	17	0.0	2	7 5 5
27	10	0.0	2	3 4 3
28	20	0.0	2	7 7 5 1
29	58	0.0	2	18 24 16
30	132	0.0	3	14 30 26 62
31	833	0.0	3	35 29 236 533
32	4045	0.0	3	35 1296 1222 1492
33	18796	0.0	3	4616 4297 6680 3203
34	1839	0.0	3	1 598 599 641
35	369	0.0	3	0 0 110 259
36	174	0.0	3	0 0 0 174
37	1	0.0	3	0 0 0 1
38	1	0.0	3	0 1
39	2	0.0	3	0 0 0 2
40	29	0.0	3	2 7 8 12
41	150	0.0	3	32 45 50 23
42	71	0.0	3	14 27 14 16
43	18	0.0	3	3 6 4 5
44	44	0.0	3	10 11 17 6
45	31	0.0	3	7 9 8 7
46	19	0.0	3	5 5 8 1
47	17	0.0	3	2 7 4 4
48	16	0.0	3	3 4 5 4
49	24	0.0	3	9 4 6 5
50	20	0.0	3	5 9 3 3
51	33	0.0	3	7 8 7 11
52	39	0.0	3	12 8 9 10
53	40	0.0	3	13 6 10 11
54	26	0.0	3	6 9 9 2
55	10	0.0	3	3 3 4
56	10	0.0	3	2 3 0 5
57	4	0.0	3	1 1 1 1
58	2	0.0	3	0 0 1 1
60	2	0.0	3	1 1
61	4	0.0	3	3 0 0 1
62	6	0.0	3	0 2 4
63	3	0.0	3	1 0 2
64	9	0.0	3	6 2 1
65	4	0.0	3	2 1 1
67	2	0.0	3	0 2
73	1	0.0	3	1

=== Second read: Adapter 16 ===

Sequence: ACGTTGGATGTTTGTTACCGTTGTTGATACTAC; Type: regular 5'; Length: 33; Trimmed: 23506 times.

No. of allowed errors:
0-9 bp: 0; 10-19 bp: 1; 20-29 bp: 2; 30-33 bp: 3

Overview of removed sequences
length	count	expect	max.err	error counts
9	1	1.1	0	1
14	1	0.0	1	0 1
16	1	0.0	1	0 1
17	1	0.0	1	1
18	3	0.0	1	0 3
19	3	0.0	1	1 2
20	1	0.0	2	1
21	2	0.0	2	1 0 1
22	2	0.0	2	0 2
23	4	0.0	2	1 0 3
24	11	0.0	2	1 6 4
25	11	0.0	2	1 5 5
26	20	0.0	2	8 9 3
27	28	0.0	2	13 10 4 1
28	49	0.0	2	13 18 16 2
29	94	0.0	2	15 22 47 10
30	2447	0.0	3	23 47 38 2339
31	821	0.0	3	29 39 255 498
32	5088	0.0	3	35 1235 2133 1685
33	9736	0.0	3	4562 2618 1550 1006
34	4528	0.0	3	0 2224 1485 819
35	268	0.0	3	0 1 148 119
36	147	0.0	3	0 0 0 147
37	2	0.0	3	0 2
38	4	0.0	3	0 0 0 4
39	10	0.0	3	0 0 2 8
40	16	0.0	3	1 3 5 7
41	43	0.0	3	6 11 14 12
42	18	0.0	3	5 4 7 2
43	17	0.0	3	1 4 4 8
44	19	0.0	3	2 4 4 9
45	13	0.0	3	3 4 3 3
46	9	0.0	3	4 1 2 2
47	4	0.0	3	0 1 3
48	12	0.0	3	3 0 6 3
49	10	0.0	3	1 1 5 3
50	14	0.0	3	1 2 5 6
51	7	0.0	3	2 1 1 3
52	7	0.0	3	2 0 2 3
53	3	0.0	3	2 0 0 1
54	7	0.0	3	1 0 4 2
55	9	0.0	3	2 3 2 2
56	1	0.0	3	1
57	3	0.0	3	2 0 1
58	2	0.0	3	1 0 1
59	1	0.0	3	0 0 0 1
60	1	0.0	3	1
61	2	0.0	3	0 1 0 1
62	1	0.0	3	0 1
63	1	0.0	3	0 0 0 1
64	1	0.0	3	0 0 1
65	1	0.0	3	0 1
76	1	0.0	3	0 1

=== Second read: Adapter 17 ===

Sequence: ACGTTGGATGAATATATGTGTGCTTATTTG; Type: regular 5'; Length: 30; Trimmed: 341 times.

No. of allowed errors:
0-9 bp: 0; 10-19 bp: 1; 20-29 bp: 2; 30 bp: 3

Overview of removed sequences
length	count	expect	max.err	error counts
3	316	4611.5	0	316
4	13	1152.9	0	13
5	6	288.2	0	6
6	5	72.1	0	5
30	1	0.0	3	1

=== Second read: Adapter 18 ===

Sequence: ACGTTGGATGTTTGTTACTAAGGTAGATACCACTC; Type: regular 5'; Length: 35; Trimmed: 14583 times.

No. of allowed errors:
0-9 bp: 0; 10-19 bp: 1; 20-29 bp: 2; 30-35 bp: 3

Overview of removed sequences
length	count	expect	max.err	error counts
3	4	4611.5	0	4
4	8	1152.9	0	8
20	1	0.0	2	0 0 1
22	1	0.0	2	0 0 1
24	2	0.0	2	1 0 1
26	2	0.0	2	1 0 1
27	8	0.0	2	2 4 2
28	7	0.0	2	4 2 1
29	14	0.0	2	6 5 1 2
30	40	0.0	3	13 10 12 5
31	77	0.0	3	20 24 17 16
32	84	0.0	3	9 26 19 30
33	465	0.0	3	48 36 157 224
34	1889	0.0	3	27 739 505 618
35	10210	0.0	3	4477 2742 1816 1175
36	686	0.0	3	1 249 234 202
37	978	0.0	3	0 0 500 478
38	51	0.0	3	0 1 0 50
42	2	0.0	3	1 0 1
43	14	0.0	3	3 6 2 3
44	7	0.0	3	2 4 1
45	4	0.0	3	1 0 3
46	8	0.0	3	4 2 1 1
47	4	0.0	3	1 3
48	1	0.0	3	0 0 1
49	1	0.0	3	0 0 1
50	3	0.0	3	1 0 0 2
51	1	0.0	3	0 1
52	1	0.0	3	0 1
53	1	0.0	3	0 0 0 1
54	4	0.0	3	2 2
55	2	0.0	3	1 0 0 1
58	1	0.0	3	0 0 0 1
67	1	0.0	3	0 0 1
68	1	0.0	3	0 0 1

=== Second read: Adapter 19 ===

Sequence: ACGTTGGATGGAAAAATAAACTGCAAATCATATTC; Type: regular 5'; Length: 35; Trimmed: 18556 times.

No. of allowed errors:
0-9 bp: 0; 10-19 bp: 1; 20-29 bp: 2; 30-35 bp: 3

Overview of removed sequences
length	count	expect	max.err	error counts
3	35	4611.5	0	35
4	4	1152.9	0	4
13	1	0.0	1	0 1
15	1	0.0	1	0 1
18	4	0.0	1	3 1
20	2	0.0	2	0 1 1
21	2	0.0	2	0 2
25	2	0.0	2	1 0 1
26	1	0.0	2	0 1
27	1	0.0	2	0 0 1
28	2	0.0	2	0 1 1
29	13	0.0	2	3 5 4 1
30	34	0.0	3	8 12 4 10
31	47	0.0	3	21 11 7 8
32	293	0.0	3	17 17 10 249
33	422	0.0	3	15 24 202 181
34	5293	0.0	3	25 2950 1404 914
35	9127	0.0	3	4482 2213 1343 1089
36	2803	0.0	3	0 1603 717 483
37	287	0.0	3	0 0 165 122
38	134	0.0	3	0 0 0 134
40	1	0.0	3	0 0 0 1
41	1	0.0	3	0 1
42	2	0.0	3	0 1 1
43	3	0.0	3	1 1 1
44	6	0.0	3	0 2 2 2
45	6	0.0	3	1 2 2 1
46	1	0.0	3	0 0 0 1
47	7	0.0	3	2 3 2
48	4	0.0	3	1 1 0 2
49	3	0.0	3	0 2 1
50	4	0.0	3	1 3
51	1	0.0	3	0 0 0 1
52	1	0.0	3	0 1
53	1	0.0	3	0 1
54	2	0.0	3	0 2
55	2	0.0	3	1 0 1
58	1	0.0	3	0 1
59	1	0.0	3	0 0 1
61	1	0.0	3	0 0 1

=== Second read: Adapter 20 ===

Sequence: ACGTTGGATGAGATTAGGGAAAGTATTAGA; Type: regular 5'; Length: 30; Trimmed: 33 times.

No. of allowed errors:
0-9 bp: 0; 10-19 bp: 1; 20-29 bp: 2; 30 bp: 3

Overview of removed sequences
length	count	expect	max.err	error counts
3	26	4611.5	0	26
4	3	1152.9	0	3
5	1	288.2	0	1
29	1	0.0	2	1
30	1	0.0	3	1
32	1	0.0	3	0 0 1

=== Second read: Adapter 21 ===

Sequence: ACGTTGGATGGAAAAATAAATTGTAAATCATACTC; Type: regular 5'; Length: 35; Trimmed: 15221 times.

No. of allowed errors:
0-9 bp: 0; 10-19 bp: 1; 20-29 bp: 2; 30-35 bp: 3

Overview of removed sequences
length	count	expect	max.err	error counts
5	2	288.2	0	2
14	1	0.0	1	0 1
16	1	0.0	1	0 1
18	1	0.0	1	1
19	3	0.0	1	3
20	1	0.0	2	0 1
25	2	0.0	2	1 1
26	2	0.0	2	1 1
29	1	0.0	2	0 0 0 1
30	6	0.0	3	4 0 2
31	12	0.0	3	5 3 4
32	51	0.0	3	2 1 4 44
33	454	0.0	3	5 7 135 307
34	972	0.0	3	65 388 266 253
35	13197	0.0	3	6227 3077 1737 2156
36	192	0.0	3	0 46 43 103
37	78	0.0	3	1 0 22 55
38	73	0.0	3	0 1 0 72
39	1	0.0	3	0 1
42	9	0.0	3	2 2 3 2
43	38	0.0	3	17 7 8 6
44	21	0.0	3	9 4 5 3
45	7	0.0	3	2 2 3
46	7	0.0	3	0 2 0 5
47	27	0.0	3	15 7 2 3
48	7	0.0	3	5 1 0 1
49	4	0.0	3	2 0 2
50	9	0.0	3	0 5 1 3
51	7	0.0	3	3 2 0 2
52	6	0.0	3	2 0 2 2
53	10	0.0	3	2 2 1 5
54	3	0.0	3	1 1 0 1
55	5	0.0	3	2 1 0 2
56	2	0.0	3	1 0 1
57	4	0.0	3	1 0 2 1
59	1	0.0	3	0 0 1
61	1	0.0	3	0 0 0 1
65	1	0.0	3	0 0 1
66	1	0.0	3	0 1
67	1	0.0	3	0 0 0 1

=== Second read: Adapter 22 ===

Sequence: ACGTTGGATGGAAAAATAAACTGTAAATCATATTCCT; Type: regular 5'; Length: 37; Trimmed: 31261 times.

No. of allowed errors:
0-9 bp: 0; 10-19 bp: 1; 20-29 bp: 2; 30-37 bp: 3

Overview of removed sequences
length	count	expect	max.err	error counts
3	148	4611.5	0	148
4	226	1152.9	0	226
18	2	0.0	1	0 0 2
19	6	0.0	1	0 5 1
20	4	0.0	2	1 1 2
21	3	0.0	2	1 2
22	2	0.0	2	1 0 1
23	4	0.0	2	0 2 2
25	1	0.0	2	0 0 1
26	3	0.0	2	0 0 3
27	1	0.0	2	0 1
28	2	0.0	2	0 0 0 2
29	2	0.0	2	0 1 0 1
30	3	0.0	3	0 0 2 1
31	19	0.0	3	0 5 6 8
32	37	0.0	3	2 11 17 7
33	47	0.0	3	2 9 18 18
34	615	0.0	3	2 24 19 570
35	4839	0.0	3	5 28 2920 1886
36	8905	0.0	3	11 4302 2637 1955
37	12687	0.0	3	2028 5351 3247 2061
38	1731	0.0	3	0 205 896 630
39	1617	0.0	3	0 0 426 1191
40	207	0.0	3	0 0 0 207
41	2	0.0	3	0 0 1 1
43	2	0.0	3	0 1 0 1
44	13	0.0	3	0 7 4 2
45	30	0.0	3	2 6 11 11
46	10	0.0	3	0 1 7 2
47	3	0.0	3	0 2 0 1
48	9	0.0	3	1 4 1 3
49	11	0.0	3	1 3 4 3
50	9	0.0	3	1 5 1 2
51	14	0.0	3	2 4 8
52	5	0.0	3	0 3 2
53	6	0.0	3	1 2 2 1
54	7	0.0	3	0 4 2 1
55	12	0.0	3	0 9 2 1
56	6	0.0	3	0 3 0 3
57	1	0.0	3	0 0 0 1
58	5	0.0	3	0 3 1 1
59	1	0.0	3	0 0 0 1
60	1	0.0	3	0 0 1
66	1	0.0	3	0 0 0 1
68	2	0.0	3	0 2

=== Second read: Adapter 23 ===

Sequence: ACGTTGGATGGAAAAATAAACTGTAAATCATATTC; Type: regular 5'; Length: 35; Trimmed: 3723 times.

No. of allowed errors:
0-9 bp: 0; 10-19 bp: 1; 20-29 bp: 2; 30-35 bp: 3

Overview of removed sequences
length	count	expect	max.err	error counts
11	1	0.1	1	0 1
12	2	0.0	1	2
13	2	0.0	1	0 2
17	2	0.0	1	0 2
19	1	0.0	1	0 1
22	1	0.0	2	0 1
26	3	0.0	2	0 1 2
27	1	0.0	2	0 1
28	1	0.0	2	0 0 0 1
29	4	0.0	2	0 0 0 4
30	4	0.0	3	0 0 1 3
31	9	0.0	3	0 0 3 6
32	667	0.0	3	0 0 2 665
33	170	0.0	3	0 0 50 120
34	1062	0.0	3	0 0 289 773
35	1448	0.0	3	0 0 405 1043
36	224	0.0	3	0 0 7 217
37	79	0.0	3	0 0 17 62
38	23	0.0	3	0 0 0 23
41	2	0.0	3	0 0 0 2
42	1	0.0	3	0 0 0 1
43	2	0.0	3	0 0 0 2
44	3	0.0	3	0 0 0 3
46	1	0.0	3	0 0 0 1
47	1	0.0	3	0 0 0 1
48	2	0.0	3	0 0 0 2
49	2	0.0	3	0 0 0 2
50	1	0.0	3	0 0 0 1
51	1	0.0	3	0 0 0 1
52	1	0.0	3	0 0 0 1
54	1	0.0	3	0 0 0 1
58	1	0.0	3	0 0 0 1

=== Second read: Adapter 24 ===

Sequence: ACGTTGGATGGAAAAATAAATTGTAAATCAAATTC; Type: regular 5'; Length: 35; Trimmed: 7994 times.

No. of allowed errors:
0-9 bp: 0; 10-19 bp: 1; 20-29 bp: 2; 30-35 bp: 3

Overview of removed sequences
length	count	expect	max.err	error counts
5	1	288.2	0	1
6	9	72.1	0	9
14	1	0.0	1	1
18	1	0.0	1	1
19	1	0.0	1	0 1
20	1	0.0	2	0 1
21	1	0.0	2	0 1
22	1	0.0	2	1
25	1	0.0	2	0 0 1
26	2	0.0	2	0 1 1
27	2	0.0	2	0 0 2
30	5	0.0	3	2 0 2 1
31	9	0.0	3	3 1 2 3
32	16	0.0	3	0 0 4 12
33	56	0.0	3	5 2 23 26
34	408	0.0	3	23 182 130 73
35	7151	0.0	3	4023 1521 997 610
36	149	0.0	3	0 62 42 45
37	100	0.0	3	0 0 56 44
38	25	0.0	3	0 0 0 25
39	1	0.0	3	0 0 0 1
41	1	0.0	3	1
42	1	0.0	3	0 0 1
43	13	0.0	3	5 3 3 2
44	2	0.0	3	1 0 0 1
45	1	0.0	3	1
46	4	0.0	3	4
47	4	0.0	3	0 1 2 1
48	3	0.0	3	1 1 1
49	2	0.0	3	0 0 2
50	6	0.0	3	3 0 0 3
51	4	0.0	3	3 1
52	3	0.0	3	2 0 0 1
53	3	0.0	3	0 1 1 1
54	3	0.0	3	1 1 0 1
56	2	0.0	3	2
57	1	0.0	3	0 1

