This is cutadapt 1.18 with Python 3.5.5
Command line parameters: -g ACGTTGGATGTTTGTTACTATGGTAGATACCACAC -g ACGTTGGATGTTTGTTACTAAGGTAGATACCACTC -g ACGTTGGATGTTTGTTACTGTGGTGGATACTAC -g ACGTTGGATGTTTGTTACTGTTGTGGATACAAC -g ACGTTGGATGTTTGTTACCGTTGTTGATACTAC -g ACGTTGGATGAATATATGTGTGCTTATTTG -G ACGTTGGATGTTTGTTACTATGGTAGATACCACAC -G ACGTTGGATGTTTGTTACTGTGGTGGATACTAC -G ACGTTGGATGTTTGTTACTGTTGTGGATACAAC -G ACGTTGGATGTTTGTTACCGTTGTTGATACTAC -G ACGTTGGATGAATATATGTGTGCTTATTTG -G ACGTTGGATGTTTGTTACTAAGGTAGATACCACTC -g ACGTTGGATGGAAAAATAAACTGCAAATCATATTC -g ACGTTGGATGGAAAAATAAACTGTAAATCATATTC -g ACGTTGGATGGAAAAATAAATTGTAAATCATACTC -g ACGTTGGATGAGATTAGGGAAAGTATTAGA -g ACGTTGGATGGAAAAATAAATTGTAAATCAAATTC -g ACGTTGGATGGAAAAATAAACTGTAAATCATATTCCT -G ACGTTGGATGGAAAAATAAACTGCAAATCATATTC -G ACGTTGGATGAGATTAGGGAAAGTATTAGA -G ACGTTGGATGGAAAAATAAATTGTAAATCATACTC -G ACGTTGGATGGAAAAATAAACTGTAAATCATATTCCT -G ACGTTGGATGGAAAAATAAACTGTAAATCATATTC -G ACGTTGGATGGAAAAATAAATTGTAAATCAAATTC --minimum-length=1 -o /data/projects/mdc-971/data_from_June_2019/30.primer_trimmed/180491_S91_cutadapt.1.fq.gz -p /data/projects/mdc-971/data_from_June_2019/30.primer_trimmed/180491_S91_cutadapt.2.fq.gz /data/projects/mdc-971/data_from_June_2019/20.trim_151st_nt/180491_S91_R1_001.bbduked.fastq.gz /data/projects/mdc-971/data_from_June_2019/20.trim_151st_nt/180491_S91_R2_001.bbduked.fastq.gz
Processing reads on 1 core in paired-end mode ...
Finished in 181.30 s (381 us/read; 0.16 M reads/minute).

=== Summary ===

Total read pairs processed:            476,147
  Read 1 with adapter:                 436,372 (91.6%)
  Read 2 with adapter:                 354,174 (74.4%)
Pairs that were too short:                   0 (0.0%)
Pairs written (passing filters):       476,147 (100.0%)

Total basepairs processed:   142,844,100 bp
  Read 1:    71,422,050 bp
  Read 2:    71,422,050 bp
Total written (filtered):    115,479,373 bp (80.8%)
  Read 1:    56,237,709 bp
  Read 2:    59,241,664 bp

=== First read: Adapter 1 ===

Sequence: ACGTTGGATGTTTGTTACTATGGTAGATACCACAC; Type: regular 5'; Length: 35; Trimmed: 66416 times.

No. of allowed errors:
0-9 bp: 0; 10-19 bp: 1; 20-29 bp: 2; 30-35 bp: 3

Overview of removed sequences
length	count	expect	max.err	error counts
3	5	7439.8	0	5
4	2	1859.9	0	2
13	1	0.0	1	0 1
14	1	0.0	1	0 1
16	2	0.0	1	1 1
19	1	0.0	1	1
20	1	0.0	2	1
21	1	0.0	2	0 1
22	3	0.0	2	2 1
23	3	0.0	2	3
25	1	0.0	2	0 0 1
26	18	0.0	2	6 7 5
27	33	0.0	2	19 10 4
28	24	0.0	2	14 6 2 2
29	121	0.0	2	44 30 17 30
30	297	0.0	3	138 81 52 26
31	269	0.0	3	100 86 41 42
32	525	0.0	3	147 141 92 145
33	2219	0.0	3	324 329 1016 550
34	9252	0.0	3	495 4944 1892 1921
35	51761	0.0	3	22997 15727 7099 5938
36	1563	0.0	3	38 773 527 225
37	263	0.0	3	2 1 107 153
38	40	0.0	3	0 1 0 39
39	2	0.0	3	2
41	1	0.0	3	0 1
43	1	0.0	3	0 1
47	1	0.0	3	0 1
49	1	0.0	3	0 0 1
55	1	0.0	3	1
59	1	0.0	3	0 0 1
62	1	0.0	3	0 0 1
63	1	0.0	3	0 1

=== First read: Adapter 2 ===

Sequence: ACGTTGGATGTTTGTTACTAAGGTAGATACCACTC; Type: regular 5'; Length: 35; Trimmed: 3550 times.

No. of allowed errors:
0-9 bp: 0; 10-19 bp: 1; 20-29 bp: 2; 30-35 bp: 3

Overview of removed sequences
length	count	expect	max.err	error counts
3	1	7439.8	0	1
26	1	0.0	2	1
27	1	0.0	2	0 1
28	4	0.0	2	1 2 1
29	7	0.0	2	2 3 2
30	8	0.0	3	5 1 2
31	10	0.0	3	4 2 3 1
32	31	0.0	3	11 8 2 10
33	156	0.0	3	11 29 72 44
34	1558	0.0	3	29 990 333 206
35	1291	0.0	3	795 255 150 91
36	68	0.0	3	1 13 18 36
37	405	0.0	3	0 0 35 370
38	8	0.0	3	0 0 0 8
65	1	0.0	3	0 0 1

=== First read: Adapter 3 ===

Sequence: ACGTTGGATGTTTGTTACTGTGGTGGATACTAC; Type: regular 5'; Length: 33; Trimmed: 84953 times.

No. of allowed errors:
0-9 bp: 0; 10-19 bp: 1; 20-29 bp: 2; 30-33 bp: 3

Overview of removed sequences
length	count	expect	max.err	error counts
3	2	7439.8	0	2
4	1	1859.9	0	1
14	1	0.0	1	0 1
15	1	0.0	1	1
16	2	0.0	1	1 1
17	1	0.0	1	1
18	1	0.0	1	0 1
19	3	0.0	1	1 1 1
20	7	0.0	2	5 1 1
21	10	0.0	2	9 1
22	4	0.0	2	2 1 1
23	4	0.0	2	3 1
24	49	0.0	2	28 17 4
25	154	0.0	2	81 54 19
26	229	0.0	2	122 81 26
27	469	0.0	2	328 112 28 1
28	1405	0.0	2	935 337 131 2
29	1298	0.0	2	665 432 180 21
30	3190	0.0	3	1619 1012 351 208
31	3727	0.0	3	1843 1050 519 315
32	8648	0.0	3	2275 3559 1821 993
33	64020	0.0	3	31830 18584 8204 5402
34	1367	0.0	3	21 513 494 339
35	306	0.0	3	9 7 130 160
36	19	0.0	3	8 1 0 10
37	9	0.0	3	7 2
38	2	0.0	3	1 0 1
39	2	0.0	3	1 0 1
40	1	0.0	3	1
41	5	0.0	3	4 0 0 1
42	2	0.0	3	1 1
44	2	0.0	3	0 0 2
46	1	0.0	3	0 0 1
48	1	0.0	3	1
49	5	0.0	3	1 4
51	2	0.0	3	1 0 1
53	1	0.0	3	0 1
58	1	0.0	3	0 0 1
60	1	0.0	3	0 1

=== First read: Adapter 4 ===

Sequence: ACGTTGGATGTTTGTTACTGTTGTGGATACAAC; Type: regular 5'; Length: 33; Trimmed: 19423 times.

No. of allowed errors:
0-9 bp: 0; 10-19 bp: 1; 20-29 bp: 2; 30-33 bp: 3

Overview of removed sequences
length	count	expect	max.err	error counts
3	18	7439.8	0	18
17	1	0.0	1	0 1
24	2	0.0	2	0 1 1
25	9	0.0	2	3 2 4
26	10	0.0	2	3 2 5
27	14	0.0	2	6 7 1
28	121	0.0	2	83 31 5 2
29	100	0.0	2	49 30 18 3
30	160	0.0	3	72 48 26 14
31	361	0.0	3	122 84 91 64
32	1273	0.0	3	256 562 255 200
33	13486	0.0	3	7166 3136 1976 1208
34	657	0.0	3	8 250 217 182
35	3164	0.0	3	0 0 2443 721
36	46	0.0	3	0 0 2 44
48	1	0.0	3	0 0 0 1

=== First read: Adapter 5 ===

Sequence: ACGTTGGATGTTTGTTACCGTTGTTGATACTAC; Type: regular 5'; Length: 33; Trimmed: 16820 times.

No. of allowed errors:
0-9 bp: 0; 10-19 bp: 1; 20-29 bp: 2; 30-33 bp: 3

Overview of removed sequences
length	count	expect	max.err	error counts
14	1	0.0	1	0 1
17	1	0.0	1	1
22	1	0.0	2	0 0 1
23	1	0.0	2	0 1
24	7	0.0	2	5 2
25	17	0.0	2	11 4 2
26	18	0.0	2	9 5 4
27	55	0.0	2	36 15 4
28	156	0.0	2	109 34 13
29	146	0.0	2	60 54 29 3
30	446	0.0	3	158 139 53 96
31	582	0.0	3	255 163 86 78
32	1740	0.0	3	411 629 435 265
33	13154	0.0	3	7514 3440 1450 750
34	276	0.0	3	1 97 106 72
35	207	0.0	3	1 0 88 118
36	6	0.0	3	1 2 0 3
37	1	0.0	3	0 1
42	2	0.0	3	1 0 1
43	1	0.0	3	0 1
50	1	0.0	3	1
52	1	0.0	3	0 0 1

=== First read: Adapter 6 ===

Sequence: ACGTTGGATGAATATATGTGTGCTTATTTG; Type: regular 5'; Length: 30; Trimmed: 39 times.

No. of allowed errors:
0-9 bp: 0; 10-19 bp: 1; 20-29 bp: 2; 30 bp: 3

Overview of removed sequences
length	count	expect	max.err	error counts
3	24	7439.8	0	24
4	8	1859.9	0	8
29	1	0.0	2	1
30	6	0.0	3	6

=== First read: Adapter 7 ===

Sequence: ACGTTGGATGGAAAAATAAACTGCAAATCATATTC; Type: regular 5'; Length: 35; Trimmed: 7603 times.

No. of allowed errors:
0-9 bp: 0; 10-19 bp: 1; 20-29 bp: 2; 30-35 bp: 3

Overview of removed sequences
length	count	expect	max.err	error counts
27	1	0.0	2	0 0 1
28	1	0.0	2	1
29	5	0.0	2	2 1 2
30	20	0.0	3	3 8 1 8
31	14	0.0	3	2 2 4 6
32	94	0.0	3	6 4 1 83
33	112	0.0	3	2 4 58 48
34	1151	0.0	3	8 838 203 102
35	4128	0.0	3	2199 632 293 1004
36	1305	0.0	3	0 817 261 227
37	81	0.0	3	0 0 29 52
38	691	0.0	3	0 0 0 691

=== First read: Adapter 8 ===

Sequence: ACGTTGGATGGAAAAATAAACTGTAAATCATATTC; Type: regular 5'; Length: 35; Trimmed: 2158 times.

No. of allowed errors:
0-9 bp: 0; 10-19 bp: 1; 20-29 bp: 2; 30-35 bp: 3

Overview of removed sequences
length	count	expect	max.err	error counts
31	1	0.0	3	0 0 1
32	181	0.0	3	0 0 0 181
33	50	0.0	3	0 1 18 31
34	387	0.0	3	1 263 48 75
35	950	0.0	3	216 203 130 401
36	224	0.0	3	0 61 69 94
37	52	0.0	3	0 0 10 42
38	313	0.0	3	0 0 0 313

=== First read: Adapter 9 ===

Sequence: ACGTTGGATGGAAAAATAAATTGTAAATCATACTC; Type: regular 5'; Length: 35; Trimmed: 123521 times.

No. of allowed errors:
0-9 bp: 0; 10-19 bp: 1; 20-29 bp: 2; 30-35 bp: 3

Overview of removed sequences
length	count	expect	max.err	error counts
19	1	0.0	1	0 1
25	1	0.0	2	0 1
26	1	0.0	2	1
27	1	0.0	2	1
28	2	0.0	2	2
29	12	0.0	2	9 3
30	156	0.0	3	104 43 7 2
31	443	0.0	3	323 88 26 6
32	374	0.0	3	222 96 18 38
33	769	0.0	3	308 216 161 84
34	8876	0.0	3	4968 2630 824 454
35	105748	0.0	3	78244 16954 6500 4050
36	1369	0.0	3	22 541 432 374
37	175	0.0	3	27 9 8 131
38	5518	0.0	3	7 0 1 5510
39	10	0.0	3	9 1
40	3	0.0	3	1 2
41	2	0.0	3	0 0 2
42	4	0.0	3	1 3
43	8	0.0	3	5 3
44	6	0.0	3	5 1
45	5	0.0	3	4 1
46	6	0.0	3	5 1
47	10	0.0	3	6 3 1
48	3	0.0	3	2 1
49	4	0.0	3	3 1
51	2	0.0	3	1 0 1
52	3	0.0	3	2 0 1
53	4	0.0	3	1 0 2 1
54	1	0.0	3	1
56	2	0.0	3	1 0 0 1
57	1	0.0	3	1
60	1	0.0	3	1

=== First read: Adapter 10 ===

Sequence: ACGTTGGATGAGATTAGGGAAAGTATTAGA; Type: regular 5'; Length: 30; Trimmed: 19 times.

No. of allowed errors:
0-9 bp: 0; 10-19 bp: 1; 20-29 bp: 2; 30 bp: 3

Overview of removed sequences
length	count	expect	max.err	error counts
3	17	7439.8	0	17
4	1	1859.9	0	1
32	1	0.0	3	0 0 1

=== First read: Adapter 11 ===

Sequence: ACGTTGGATGGAAAAATAAATTGTAAATCAAATTC; Type: regular 5'; Length: 35; Trimmed: 3953 times.

No. of allowed errors:
0-9 bp: 0; 10-19 bp: 1; 20-29 bp: 2; 30-35 bp: 3

Overview of removed sequences
length	count	expect	max.err	error counts
5	1	465.0	0	1
30	2	0.0	3	2
31	1	0.0	3	0 1
32	6	0.0	3	0 0 0 6
33	14	0.0	3	0 1 3 10
34	68	0.0	3	13 24 17 14
35	2178	0.0	3	1462 376 195 145
36	43	0.0	3	0 7 16 20
37	34	0.0	3	1 0 3 30
38	1602	0.0	3	0 0 0 1602
39	1	0.0	3	0 0 0 1
40	1	0.0	3	0 0 0 1
56	2	0.0	3	1 0 0 1

=== First read: Adapter 12 ===

Sequence: ACGTTGGATGGAAAAATAAACTGTAAATCATATTCCT; Type: regular 5'; Length: 37; Trimmed: 107917 times.

No. of allowed errors:
0-9 bp: 0; 10-19 bp: 1; 20-29 bp: 2; 30-37 bp: 3

Overview of removed sequences
length	count	expect	max.err	error counts
3	9	7439.8	0	9
4	4	1859.9	0	4
16	1	0.0	1	1
17	2	0.0	1	2
19	2	0.0	1	2
22	2	0.0	2	2
24	1	0.0	2	1
25	1	0.0	2	1
27	1	0.0	2	0 1
28	1	0.0	2	1
29	5	0.0	2	3 1 1
30	6	0.0	3	2 2 1 1
31	31	0.0	3	7 17 5 2
32	205	0.0	3	76 81 39 9
33	225	0.0	3	83 79 44 19
34	411	0.0	3	144 137 78 52
35	987	0.0	3	121 142 559 165
36	6504	0.0	3	509 2921 1861 1213
37	97210	0.0	3	42497 29725 17065 7923
38	1327	0.0	3	19 620 426 262
39	866	0.0	3	3 2 236 625
40	97	0.0	3	1 0 1 95
41	1	0.0	3	0 1
43	1	0.0	3	0 0 1
44	1	0.0	3	0 1
47	2	0.0	3	0 1 0 1
49	1	0.0	3	1
50	3	0.0	3	1 1 1
51	1	0.0	3	1
52	1	0.0	3	0 1
54	1	0.0	3	1
55	1	0.0	3	0 1
58	1	0.0	3	0 1
60	2	0.0	3	0 1 1
68	2	0.0	3	0 1 1
86	1	0.0	3	0 0 1

=== Second read: Adapter 13 ===

Sequence: ACGTTGGATGTTTGTTACTATGGTAGATACCACAC; Type: regular 5'; Length: 35; Trimmed: 56841 times.

No. of allowed errors:
0-9 bp: 0; 10-19 bp: 1; 20-29 bp: 2; 30-35 bp: 3

Overview of removed sequences
length	count	expect	max.err	error counts
3	16	7439.8	0	16
4	20	1859.9	0	20
18	1	0.0	1	0 1
23	2	0.0	2	0 1 1
24	1	0.0	2	0 0 1
26	3	0.0	2	1 2
27	2	0.0	2	0 1 1
28	7	0.0	2	3 0 4
29	23	0.0	2	4 5 6 8
30	57	0.0	3	11 15 12 19
31	92	0.0	3	22 33 21 16
32	139	0.0	3	14 34 28 63
33	1459	0.0	3	97 95 453 814
34	5348	0.0	3	85 1428 1482 2353
35	47600	0.0	3	12296 14045 11644 9615
36	1562	0.0	3	14 633 517 398
37	435	0.0	3	0 2 141 292
38	30	0.0	3	0 0 0 30
39	2	0.0	3	0 1 0 1
40	1	0.0	3	1
41	3	0.0	3	0 1 1 1
42	2	0.0	3	0 1 1
43	10	0.0	3	3 3 3 1
44	3	0.0	3	1 1 0 1
45	3	0.0	3	0 0 1 2
46	4	0.0	3	3 0 0 1
47	3	0.0	3	1 1 1
51	3	0.0	3	1 1 0 1
53	4	0.0	3	0 1 2 1
55	4	0.0	3	2 1 0 1
58	1	0.0	3	0 0 0 1
59	1	0.0	3	0 0 1

=== Second read: Adapter 14 ===

Sequence: ACGTTGGATGTTTGTTACTGTGGTGGATACTAC; Type: regular 5'; Length: 33; Trimmed: 92328 times.

No. of allowed errors:
0-9 bp: 0; 10-19 bp: 1; 20-29 bp: 2; 30-33 bp: 3

Overview of removed sequences
length	count	expect	max.err	error counts
3	17	7439.8	0	17
4	1	1859.9	0	1
5	2	465.0	0	2
6	2	116.2	0	2
14	3	0.0	1	2 1
15	1	0.0	1	0 1
17	1	0.0	1	1
18	1	0.0	1	1
19	1	0.0	1	1
21	1	0.0	2	0 0 1
22	1	0.0	2	0 0 1
24	9	0.0	2	6 1 2
25	7	0.0	2	2 2 3
26	42	0.0	2	16 15 11
27	70	0.0	2	31 25 14
28	215	0.0	2	99 69 47
29	373	0.0	2	89 136 130 18
30	1401	0.0	3	165 274 214 748
31	2303	0.0	3	594 403 523 783
32	19060	0.0	3	314 6131 6827 5788
33	65074	0.0	3	25540 20601 11808 7125
34	2332	0.0	3	4 754 870 704
35	1138	0.0	3	7 7 460 664
36	33	0.0	3	3 1 3 26
37	6	0.0	3	2 1 3
38	2	0.0	3	1 1
39	4	0.0	3	1 1 1 1
40	16	0.0	3	4 6 1 5
41	46	0.0	3	17 16 9 4
42	27	0.0	3	11 9 5 2
43	9	0.0	3	3 1 1 4
44	34	0.0	3	9 9 8 8
45	15	0.0	3	8 3 3 1
46	7	0.0	3	2 0 2 3
47	4	0.0	3	3 1
48	9	0.0	3	2 2 2 3
49	14	0.0	3	6 3 4 1
50	11	0.0	3	3 3 4 1
51	9	0.0	3	4 1 1 3
52	11	0.0	3	3 4 4
53	6	0.0	3	3 2 1
54	2	0.0	3	0 1 1
55	2	0.0	3	0 0 1 1
56	3	0.0	3	0 1 2
58	2	0.0	3	2
62	1	0.0	3	0 0 1

=== Second read: Adapter 15 ===

Sequence: ACGTTGGATGTTTGTTACTGTTGTGGATACAAC; Type: regular 5'; Length: 33; Trimmed: 20093 times.

No. of allowed errors:
0-9 bp: 0; 10-19 bp: 1; 20-29 bp: 2; 30-33 bp: 3

Overview of removed sequences
length	count	expect	max.err	error counts
3	730	7439.8	0	730
4	1	1859.9	0	1
5	3	465.0	0	3
24	1	0.0	2	0 0 1
25	3	0.0	2	0 0 3
26	3	0.0	2	1 2
27	8	0.0	2	2 4 2
28	27	0.0	2	9 3 14 1
29	55	0.0	2	18 16 20 1
30	115	0.0	3	19 26 37 33
31	857	0.0	3	68 38 244 507
32	3174	0.0	3	47 1198 1019 910
33	9934	0.0	3	3914 2660 1883 1477
34	806	0.0	3	2 217 275 312
35	4245	0.0	3	1 1 2501 1742
36	100	0.0	3	0 0 1 99
37	1	0.0	3	1
40	1	0.0	3	1
41	10	0.0	3	2 2 3 3
42	3	0.0	3	1 1 0 1
44	3	0.0	3	0 1 1 1
45	1	0.0	3	0 1
46	1	0.0	3	1
47	1	0.0	3	0 0 1
48	1	0.0	3	1
49	1	0.0	3	0 0 1
50	1	0.0	3	0 0 0 1
51	1	0.0	3	0 0 1
52	1	0.0	3	0 1
53	1	0.0	3	0 0 1
54	1	0.0	3	0 0 1
55	1	0.0	3	0 0 0 1
58	1	0.0	3	0 1
59	1	0.0	3	0 0 1

=== Second read: Adapter 16 ===

Sequence: ACGTTGGATGTTTGTTACCGTTGTTGATACTAC; Type: regular 5'; Length: 33; Trimmed: 17141 times.

No. of allowed errors:
0-9 bp: 0; 10-19 bp: 1; 20-29 bp: 2; 30-33 bp: 3

Overview of removed sequences
length	count	expect	max.err	error counts
18	1	0.0	1	0 1
21	1	0.0	2	1
22	1	0.0	2	0 1
25	3	0.0	2	0 1 2
26	5	0.0	2	1 3 1
27	14	0.0	2	10 2 2
28	36	0.0	2	20 9 6 1
29	55	0.0	2	18 20 15 2
30	425	0.0	3	20 44 30 331
31	358	0.0	3	90 54 79 135
32	2772	0.0	3	41 699 962 1070
33	12305	0.0	3	5180 3832 2140 1153
34	380	0.0	3	0 82 167 131
35	755	0.0	3	1 0 350 404
36	4	0.0	3	1 0 0 3
37	1	0.0	3	1
39	1	0.0	3	0 0 0 1
41	4	0.0	3	0 1 2 1
42	3	0.0	3	1 0 1 1
44	4	0.0	3	1 2 1
45	3	0.0	3	1 1 0 1
46	3	0.0	3	1 0 1 1
49	1	0.0	3	0 0 0 1
52	3	0.0	3	1 1 1
53	1	0.0	3	1
54	1	0.0	3	1
58	1	0.0	3	0 0 1

=== Second read: Adapter 17 ===

Sequence: ACGTTGGATGAATATATGTGTGCTTATTTG; Type: regular 5'; Length: 30; Trimmed: 242 times.

No. of allowed errors:
0-9 bp: 0; 10-19 bp: 1; 20-29 bp: 2; 30 bp: 3

Overview of removed sequences
length	count	expect	max.err	error counts
3	225	7439.8	0	225
4	6	1859.9	0	6
5	4	465.0	0	4
6	6	116.2	0	6
10	1	0.5	1	0 1

=== Second read: Adapter 18 ===

Sequence: ACGTTGGATGTTTGTTACTAAGGTAGATACCACTC; Type: regular 5'; Length: 35; Trimmed: 3279 times.

No. of allowed errors:
0-9 bp: 0; 10-19 bp: 1; 20-29 bp: 2; 30-35 bp: 3

Overview of removed sequences
length	count	expect	max.err	error counts
3	4	7439.8	0	4
4	3	1859.9	0	3
5	1	465.0	0	1
6	4	116.2	0	4
22	1	0.0	2	0 0 1
28	1	0.0	2	0 0 1
29	1	0.0	2	0 0 0 1
30	5	0.0	3	0 2 1 2
31	4	0.0	3	0 3 1
32	13	0.0	3	1 1 2 9
33	256	0.0	3	4 4 75 173
34	961	0.0	3	1 254 329 377
35	1138	0.0	3	400 340 229 169
36	44	0.0	3	1 11 9 23
37	832	0.0	3	0 0 70 762
38	6	0.0	3	0 0 0 6
39	2	0.0	3	0 0 1 1
43	1	0.0	3	0 0 0 1
48	1	0.0	3	0 0 1
54	1	0.0	3	1

=== Second read: Adapter 19 ===

Sequence: ACGTTGGATGGAAAAATAAACTGCAAATCATATTC; Type: regular 5'; Length: 35; Trimmed: 4322 times.

No. of allowed errors:
0-9 bp: 0; 10-19 bp: 1; 20-29 bp: 2; 30-35 bp: 3

Overview of removed sequences
length	count	expect	max.err	error counts
3	26	7439.8	0	26
4	2	1859.9	0	2
20	1	0.0	2	0 1
21	1	0.0	2	1
23	1	0.0	2	0 0 1
28	1	0.0	2	0 0 0 1
31	5	0.0	3	1 0 1 3
32	39	0.0	3	0 0 0 39
33	44	0.0	3	0 1 17 26
34	333	0.0	3	3 109 101 120
35	2748	0.0	3	620 396 279 1453
36	671	0.0	3	0 311 183 177
37	39	0.0	3	0 0 17 22
38	407	0.0	3	0 0 0 407
39	1	0.0	3	0 0 0 1
48	2	0.0	3	0 0 0 2
52	1	0.0	3	0 0 0 1

=== Second read: Adapter 20 ===

Sequence: ACGTTGGATGAGATTAGGGAAAGTATTAGA; Type: regular 5'; Length: 30; Trimmed: 58 times.

No. of allowed errors:
0-9 bp: 0; 10-19 bp: 1; 20-29 bp: 2; 30 bp: 3

Overview of removed sequences
length	count	expect	max.err	error counts
3	55	7439.8	0	55
4	1	1859.9	0	1
5	2	465.0	0	2

=== Second read: Adapter 21 ===

Sequence: ACGTTGGATGGAAAAATAAATTGTAAATCATACTC; Type: regular 5'; Length: 35; Trimmed: 91011 times.

No. of allowed errors:
0-9 bp: 0; 10-19 bp: 1; 20-29 bp: 2; 30-35 bp: 3

Overview of removed sequences
length	count	expect	max.err	error counts
6	1	116.2	0	1
21	1	0.0	2	0 0 1
22	1	0.0	2	1
26	1	0.0	2	0 1
27	1	0.0	2	0 1
28	1	0.0	2	0 1
29	3	0.0	2	1 2
30	21	0.0	3	11 4 3 3
31	102	0.0	3	43 23 22 14
32	95	0.0	3	22 23 21 29
33	718	0.0	3	116 65 255 282
34	2499	0.0	3	533 959 548 459
35	83599	0.0	3	40867 21470 12626 8636
36	1096	0.0	3	6 384 363 343
37	45	0.0	3	7 9 7 22
38	2597	0.0	3	2 4 2 2589
39	3	0.0	3	0 1 2
40	3	0.0	3	1 2
41	2	0.0	3	2
42	13	0.0	3	3 4 5 1
43	34	0.0	3	13 11 4 6
44	22	0.0	3	11 5 3 3
45	11	0.0	3	7 1 2 1
46	16	0.0	3	10 2 2 2
47	28	0.0	3	13 6 3 6
48	17	0.0	3	6 3 3 5
49	8	0.0	3	6 0 1 1
50	19	0.0	3	10 5 3 1
51	5	0.0	3	3 1 1
52	18	0.0	3	8 7 1 2
53	13	0.0	3	10 3
54	5	0.0	3	1 0 3 1
55	6	0.0	3	2 1 1 2
56	4	0.0	3	2 1 1
59	1	0.0	3	0 1
60	2	0.0	3	0 1 1

=== Second read: Adapter 22 ===

Sequence: ACGTTGGATGGAAAAATAAACTGTAAATCATATTCCT; Type: regular 5'; Length: 37; Trimmed: 66059 times.

No. of allowed errors:
0-9 bp: 0; 10-19 bp: 1; 20-29 bp: 2; 30-37 bp: 3

Overview of removed sequences
length	count	expect	max.err	error counts
3	230	7439.8	0	230
4	766	1859.9	0	766
19	1	0.0	1	0 0 1
20	2	0.0	2	0 1 1
21	1	0.0	2	0 0 1
28	1	0.0	2	0 1
29	1	0.0	2	1
30	1	0.0	3	0 0 0 1
31	8	0.0	3	2 2 3 1
32	50	0.0	3	13 16 13 8
33	64	0.0	3	13 24 13 14
34	332	0.0	3	8 23 16 285
35	565	0.0	3	44 57 247 217
36	3223	0.0	3	101 1127 1113 882
37	59788	0.0	3	14583 18751 15907 10547
38	552	0.0	3	8 170 217 157
39	383	0.0	3	2 5 125 251
40	33	0.0	3	0 0 3 30
41	1	0.0	3	1
43	1	0.0	3	0 0 0 1
44	2	0.0	3	2
45	8	0.0	3	2 5 1
46	7	0.0	3	2 2 2 1
47	3	0.0	3	0 2 1
48	6	0.0	3	0 2 1 3
49	10	0.0	3	3 3 3 1
50	3	0.0	3	0 2 1
51	3	0.0	3	1 1 0 1
52	6	0.0	3	0 2 3 1
54	2	0.0	3	0 1 0 1
55	3	0.0	3	2 0 1
56	1	0.0	3	1
57	1	0.0	3	0 1
58	1	0.0	3	0 0 1

=== Second read: Adapter 23 ===

Sequence: ACGTTGGATGGAAAAATAAACTGTAAATCATATTC; Type: regular 5'; Length: 35; Trimmed: 796 times.

No. of allowed errors:
0-9 bp: 0; 10-19 bp: 1; 20-29 bp: 2; 30-35 bp: 3

Overview of removed sequences
length	count	expect	max.err	error counts
32	55	0.0	3	0 0 0 55
33	25	0.0	3	0 0 5 20
34	129	0.0	3	0 0 22 107
35	471	0.0	3	0 0 80 391
36	100	0.0	3	0 0 4 96
37	5	0.0	3	0 0 0 5
38	11	0.0	3	0 0 0 11

=== Second read: Adapter 24 ===

Sequence: ACGTTGGATGGAAAAATAAATTGTAAATCAAATTC; Type: regular 5'; Length: 35; Trimmed: 2004 times.

No. of allowed errors:
0-9 bp: 0; 10-19 bp: 1; 20-29 bp: 2; 30-35 bp: 3

Overview of removed sequences
length	count	expect	max.err	error counts
5	2	465.0	0	2
6	3	116.2	0	3
17	1	0.0	1	0 1
31	2	0.0	3	0 2
32	4	0.0	3	0 0 0 4
33	2	0.0	3	0 0 0 2
34	32	0.0	3	0 6 15 11
35	594	0.0	3	119 75 199 201
36	36	0.0	3	0 7 10 19
37	21	0.0	3	0 0 4 17
38	1305	0.0	3	0 0 0 1305
49	1	0.0	3	0 0 0 1
55	1	0.0	3	0 0 1

