This is cutadapt 1.18 with Python 3.5.5
Command line parameters: -g ACGTTGGATGTTTGTTACTATGGTAGATACCACAC -g ACGTTGGATGTTTGTTACTAAGGTAGATACCACTC -g ACGTTGGATGTTTGTTACTGTGGTGGATACTAC -g ACGTTGGATGTTTGTTACTGTTGTGGATACAAC -g ACGTTGGATGTTTGTTACCGTTGTTGATACTAC -g ACGTTGGATGAATATATGTGTGCTTATTTG -G ACGTTGGATGTTTGTTACTATGGTAGATACCACAC -G ACGTTGGATGTTTGTTACTGTGGTGGATACTAC -G ACGTTGGATGTTTGTTACTGTTGTGGATACAAC -G ACGTTGGATGTTTGTTACCGTTGTTGATACTAC -G ACGTTGGATGAATATATGTGTGCTTATTTG -G ACGTTGGATGTTTGTTACTAAGGTAGATACCACTC -g ACGTTGGATGGAAAAATAAACTGCAAATCATATTC -g ACGTTGGATGGAAAAATAAACTGTAAATCATATTC -g ACGTTGGATGGAAAAATAAATTGTAAATCATACTC -g ACGTTGGATGAGATTAGGGAAAGTATTAGA -g ACGTTGGATGGAAAAATAAATTGTAAATCAAATTC -g ACGTTGGATGGAAAAATAAACTGTAAATCATATTCCT -G ACGTTGGATGGAAAAATAAACTGCAAATCATATTC -G ACGTTGGATGAGATTAGGGAAAGTATTAGA -G ACGTTGGATGGAAAAATAAATTGTAAATCATACTC -G ACGTTGGATGGAAAAATAAACTGTAAATCATATTCCT -G ACGTTGGATGGAAAAATAAACTGTAAATCATATTC -G ACGTTGGATGGAAAAATAAATTGTAAATCAAATTC --minimum-length=1 -o /data/projects/mdc-971/data_from_June_2019/30.primer_trimmed/180429_S55_cutadapt.1.fq.gz -p /data/projects/mdc-971/data_from_June_2019/30.primer_trimmed/180429_S55_cutadapt.2.fq.gz /data/projects/mdc-971/data_from_June_2019/20.trim_151st_nt/180429_S55_R1_001.bbduked.fastq.gz /data/projects/mdc-971/data_from_June_2019/20.trim_151st_nt/180429_S55_R2_001.bbduked.fastq.gz
Processing reads on 1 core in paired-end mode ...
Finished in 120.11 s (380 us/read; 0.16 M reads/minute).

=== Summary ===

Total read pairs processed:            315,972
  Read 1 with adapter:                 280,863 (88.9%)
  Read 2 with adapter:                 215,067 (68.1%)
Pairs that were too short:                   0 (0.0%)
Pairs written (passing filters):       315,972 (100.0%)

Total basepairs processed:    94,791,600 bp
  Read 1:    47,395,800 bp
  Read 2:    47,395,800 bp
Total written (filtered):     77,730,351 bp (82.0%)
  Read 1:    37,651,073 bp
  Read 2:    40,079,278 bp

=== First read: Adapter 1 ===

Sequence: ACGTTGGATGTTTGTTACTATGGTAGATACCACAC; Type: regular 5'; Length: 35; Trimmed: 28510 times.

No. of allowed errors:
0-9 bp: 0; 10-19 bp: 1; 20-29 bp: 2; 30-35 bp: 3

Overview of removed sequences
length	count	expect	max.err	error counts
3	1	4937.1	0	1
4	3	1234.3	0	3
14	2	0.0	1	1 1
16	1	0.0	1	1
18	1	0.0	1	0 1
19	3	0.0	1	1 1 1
21	4	0.0	2	3 1
22	4	0.0	2	2 0 2
23	8	0.0	2	4 3 1
24	4	0.0	2	0 2 2
25	9	0.0	2	1 5 3
26	31	0.0	2	9 14 8
27	47	0.0	2	10 29 8
28	94	0.0	2	18 40 22 14
29	213	0.0	2	33 97 45 38
30	312	0.0	3	90 104 65 53
31	229	0.0	3	27 97 66 39
32	561	0.0	3	23 179 136 223
33	3084	0.0	3	35 208 1788 1053
34	11239	0.0	3	41 7059 2406 1733
35	8921	0.0	3	2551 3039 1903 1428
36	2429	0.0	3	2 430 1351 646
37	530	0.0	3	0 0 256 274
38	778	0.0	3	0 0 0 778
39	1	0.0	3	0 0 0 1
54	1	0.0	3	0 1

=== First read: Adapter 2 ===

Sequence: ACGTTGGATGTTTGTTACTAAGGTAGATACCACTC; Type: regular 5'; Length: 35; Trimmed: 15954 times.

No. of allowed errors:
0-9 bp: 0; 10-19 bp: 1; 20-29 bp: 2; 30-35 bp: 3

Overview of removed sequences
length	count	expect	max.err	error counts
3	1	4937.1	0	1
10	1	0.3	1	1
13	1	0.0	1	0 1
14	3	0.0	1	3
15	2	0.0	1	1 1
18	1	0.0	1	1
20	1	0.0	2	1
21	5	0.0	2	1 0 4
22	6	0.0	2	4 1 1
23	6	0.0	2	4 1 1
24	3	0.0	2	0 2 1
25	2	0.0	2	0 1 1
26	21	0.0	2	8 7 6
27	47	0.0	2	26 15 6
28	52	0.0	2	25 19 8
29	117	0.0	2	37 46 27 7
30	266	0.0	3	132 86 36 12
31	273	0.0	3	85 82 63 43
32	404	0.0	3	115 122 92 75
33	570	0.0	3	77 126 207 160
34	2693	0.0	3	107 1463 671 452
35	6418	0.0	3	3419 1525 911 563
36	4411	0.0	3	1 149 3333 928
37	487	0.0	3	0 0 178 309
38	157	0.0	3	0 0 1 156
41	1	0.0	3	0 0 1
42	1	0.0	3	0 0 1
43	1	0.0	3	1
46	1	0.0	3	1
51	1	0.0	3	0 1
67	1	0.0	3	0 0 1

=== First read: Adapter 3 ===

Sequence: ACGTTGGATGTTTGTTACTGTGGTGGATACTAC; Type: regular 5'; Length: 33; Trimmed: 36598 times.

No. of allowed errors:
0-9 bp: 0; 10-19 bp: 1; 20-29 bp: 2; 30-33 bp: 3

Overview of removed sequences
length	count	expect	max.err	error counts
3	4	4937.1	0	4
14	16	0.0	1	13 3
15	7	0.0	1	4 3
16	6	0.0	1	4 2
17	6	0.0	1	3 3
18	12	0.0	1	5 7
19	25	0.0	1	19 5 1
20	51	0.0	2	38 10 3
21	41	0.0	2	31 8 2
22	30	0.0	2	12 13 5
23	36	0.0	2	13 14 9
24	283	0.0	2	155 93 35
25	619	0.0	2	289 227 103
26	832	0.0	2	409 274 149
27	1505	0.0	2	880 470 155
28	2024	0.0	2	1127 623 266 8
29	1320	0.0	2	394 564 295 67
30	2725	0.0	3	827 843 488 567
31	2904	0.0	3	376 713 992 823
32	4195	0.0	3	347 1528 1352 968
33	14386	0.0	3	4712 5058 2723 1893
34	5114	0.0	3	1 2389 1855 869
35	343	0.0	3	2 2 144 195
36	75	0.0	3	0 3 1 71
37	5	0.0	3	1 4
38	3	0.0	3	1 1 1
40	4	0.0	3	1 1 1 1
41	1	0.0	3	1
42	6	0.0	3	2 1 3
43	3	0.0	3	0 2 1
44	2	0.0	3	1 0 1
45	3	0.0	3	0 3
46	2	0.0	3	2
47	1	0.0	3	0 1
49	2	0.0	3	1 0 1
50	1	0.0	3	1
51	1	0.0	3	1
52	1	0.0	3	0 1
53	2	0.0	3	1 0 0 1
54	1	0.0	3	0 0 1
59	1	0.0	3	0 0 1

=== First read: Adapter 4 ===

Sequence: ACGTTGGATGTTTGTTACTGTTGTGGATACAAC; Type: regular 5'; Length: 33; Trimmed: 16814 times.

No. of allowed errors:
0-9 bp: 0; 10-19 bp: 1; 20-29 bp: 2; 30-33 bp: 3

Overview of removed sequences
length	count	expect	max.err	error counts
3	15	4937.1	0	15
14	1	0.0	1	0 1
20	4	0.0	2	2 1 1
21	2	0.0	2	1 1
22	2	0.0	2	0 1 1
24	30	0.0	2	12 12 6
25	122	0.0	2	51 51 20
26	105	0.0	2	55 41 9
27	157	0.0	2	83 59 15
28	286	0.0	2	166 94 24 2
29	240	0.0	2	85 92 49 14
30	388	0.0	3	137 132 72 47
31	691	0.0	3	93 183 228 187
32	1880	0.0	3	160 771 467 482
33	11538	0.0	3	4380 3738 2192 1228
34	844	0.0	3	4 360 286 194
35	380	0.0	3	1 0 187 192
36	121	0.0	3	0 0 0 121
37	2	0.0	3	1 0 1
40	1	0.0	3	1
41	1	0.0	3	1
43	1	0.0	3	1
45	1	0.0	3	0 0 0 1
48	1	0.0	3	0 1
50	1	0.0	3	0 0 1

=== First read: Adapter 5 ===

Sequence: ACGTTGGATGTTTGTTACCGTTGTTGATACTAC; Type: regular 5'; Length: 33; Trimmed: 15515 times.

No. of allowed errors:
0-9 bp: 0; 10-19 bp: 1; 20-29 bp: 2; 30-33 bp: 3

Overview of removed sequences
length	count	expect	max.err	error counts
11	1	0.1	1	1
14	1	0.0	1	0 1
17	1	0.0	1	1
18	1	0.0	1	1
19	4	0.0	1	4
20	6	0.0	2	3 2 1
21	4	0.0	2	3 1
23	3	0.0	2	1 2
24	40	0.0	2	25 10 5
25	71	0.0	2	32 26 13
26	114	0.0	2	41 36 37
27	228	0.0	2	128 63 36 1
28	348	0.0	2	166 91 65 26
29	333	0.0	2	73 92 103 65
30	1168	0.0	3	152 157 116 743
31	1730	0.0	3	105 151 662 812
32	3559	0.0	3	125 669 1844 921
33	5151	0.0	3	2605 1392 721 433
34	1820	0.0	3	0 852 658 310
35	875	0.0	3	0 1 121 753
36	51	0.0	3	0 0 1 50
37	1	0.0	3	0 0 0 1
39	1	0.0	3	0 0 1
41	2	0.0	3	0 0 1 1
48	1	0.0	3	0 0 1
61	1	0.0	3	0 1

=== First read: Adapter 6 ===

Sequence: ACGTTGGATGAATATATGTGTGCTTATTTG; Type: regular 5'; Length: 30; Trimmed: 151 times.

No. of allowed errors:
0-9 bp: 0; 10-19 bp: 1; 20-29 bp: 2; 30 bp: 3

Overview of removed sequences
length	count	expect	max.err	error counts
3	126	4937.1	0	126
4	12	1234.3	0	12
5	1	308.6	0	1
29	2	0.0	2	1 1
30	9	0.0	3	7 1 0 1
31	1	0.0	3	0 0 1

=== First read: Adapter 7 ===

Sequence: ACGTTGGATGGAAAAATAAACTGCAAATCATATTC; Type: regular 5'; Length: 35; Trimmed: 51102 times.

No. of allowed errors:
0-9 bp: 0; 10-19 bp: 1; 20-29 bp: 2; 30-35 bp: 3

Overview of removed sequences
length	count	expect	max.err	error counts
4	1	1234.3	0	1
18	1	0.0	1	1
23	1	0.0	2	0 0 1
25	1	0.0	2	1
26	8	0.0	2	5 2 1
27	8	0.0	2	3 4 1
28	7	0.0	2	5 1 1
29	42	0.0	2	7 18 13 4
30	293	0.0	3	139 85 46 23
31	221	0.0	3	112 55 28 26
32	743	0.0	3	136 81 33 493
33	1000	0.0	3	77 93 507 323
34	7571	0.0	3	144 5594 1245 588
35	32785	0.0	3	23052 5803 2142 1788
36	7613	0.0	3	1 5879 1082 651
37	528	0.0	3	1 0 260 267
38	276	0.0	3	0 0 0 276
43	2	0.0	3	1 0 0 1
59	1	0.0	3	0 0 0 1

=== First read: Adapter 8 ===

Sequence: ACGTTGGATGGAAAAATAAACTGTAAATCATATTC; Type: regular 5'; Length: 35; Trimmed: 11323 times.

No. of allowed errors:
0-9 bp: 0; 10-19 bp: 1; 20-29 bp: 2; 30-35 bp: 3

Overview of removed sequences
length	count	expect	max.err	error counts
23	1	0.0	2	0 0 1
24	1	0.0	2	0 0 1
27	1	0.0	2	0 1
29	5	0.0	2	0 4 1
30	35	0.0	3	3 18 11 3
31	28	0.0	3	2 13 7 6
32	1015	0.0	3	2 16 6 991
33	406	0.0	3	0 37 147 222
34	2436	0.0	3	5 1624 390 417
35	5975	0.0	3	1127 2548 1260 1040
36	872	0.0	3	0 215 319 338
37	315	0.0	3	0 1 59 255
38	233	0.0	3	0 0 0 233

=== First read: Adapter 9 ===

Sequence: ACGTTGGATGGAAAAATAAATTGTAAATCATACTC; Type: regular 5'; Length: 35; Trimmed: 20049 times.

No. of allowed errors:
0-9 bp: 0; 10-19 bp: 1; 20-29 bp: 2; 30-35 bp: 3

Overview of removed sequences
length	count	expect	max.err	error counts
17	1	0.0	1	0 1
27	1	0.0	2	1
28	1	0.0	2	1
29	1	0.0	2	0 1
30	10	0.0	3	2 6 1 1
31	22	0.0	3	16 3 1 2
32	85	0.0	3	9 5 0 71
33	566	0.0	3	11 13 337 205
34	1350	0.0	3	378 638 242 92
35	17407	0.0	3	11816 3032 1004 1555
36	225	0.0	3	3 80 58 84
37	112	0.0	3	2 0 40 70
38	252	0.0	3	0 0 0 252
39	1	0.0	3	1
42	3	0.0	3	1 1 1
43	2	0.0	3	0 2
44	2	0.0	3	1 1
47	1	0.0	3	1
48	1	0.0	3	1
49	1	0.0	3	1
50	1	0.0	3	1
51	1	0.0	3	0 0 0 1
53	1	0.0	3	0 1
55	1	0.0	3	0 0 1
57	1	0.0	3	0 0 1

=== First read: Adapter 10 ===

Sequence: ACGTTGGATGAGATTAGGGAAAGTATTAGA; Type: regular 5'; Length: 30; Trimmed: 32 times.

No. of allowed errors:
0-9 bp: 0; 10-19 bp: 1; 20-29 bp: 2; 30 bp: 3

Overview of removed sequences
length	count	expect	max.err	error counts
3	31	4937.1	0	31
31	1	0.0	3	0 0 1

=== First read: Adapter 11 ===

Sequence: ACGTTGGATGGAAAAATAAATTGTAAATCAAATTC; Type: regular 5'; Length: 35; Trimmed: 7717 times.

No. of allowed errors:
0-9 bp: 0; 10-19 bp: 1; 20-29 bp: 2; 30-35 bp: 3

Overview of removed sequences
length	count	expect	max.err	error counts
30	3	0.0	3	2 1
31	6	0.0	3	3 2 0 1
32	13	0.0	3	1 1 1 10
33	35	0.0	3	7 4 9 15
34	273	0.0	3	32 133 59 49
35	7050	0.0	3	4954 1299 545 252
36	138	0.0	3	1 55 39 43
37	65	0.0	3	0 0 37 28
38	133	0.0	3	1 0 0 132
54	1	0.0	3	0 1

=== First read: Adapter 12 ===

Sequence: ACGTTGGATGGAAAAATAAACTGTAAATCATATTCCT; Type: regular 5'; Length: 37; Trimmed: 77098 times.

No. of allowed errors:
0-9 bp: 0; 10-19 bp: 1; 20-29 bp: 2; 30-37 bp: 3

Overview of removed sequences
length	count	expect	max.err	error counts
3	17	4937.1	0	17
4	2	1234.3	0	2
19	1	0.0	1	0 1
21	2	0.0	2	1 0 1
27	2	0.0	2	0 1 1
28	4	0.0	2	1 2 1
29	2	0.0	2	0 0 2
30	3	0.0	3	0 0 1 2
31	49	0.0	3	2 21 22 4
32	185	0.0	3	44 84 38 19
33	190	0.0	3	66 65 32 27
34	367	0.0	3	43 83 59 182
35	3556	0.0	3	60 109 2662 725
36	13087	0.0	3	160 8016 3078 1833
37	40214	0.0	3	13770 17937 5823 2684
38	4660	0.0	3	5 772 2613 1270
39	13845	0.0	3	1 2 1560 12282
40	907	0.0	3	0 1 4 902
45	2	0.0	3	0 1 1
50	1	0.0	3	0 0 0 1
55	1	0.0	3	0 1
65	1	0.0	3	0 0 0 1

=== Second read: Adapter 13 ===

Sequence: ACGTTGGATGTTTGTTACTATGGTAGATACCACAC; Type: regular 5'; Length: 35; Trimmed: 29395 times.

No. of allowed errors:
0-9 bp: 0; 10-19 bp: 1; 20-29 bp: 2; 30-35 bp: 3

Overview of removed sequences
length	count	expect	max.err	error counts
3	11	4937.1	0	11
4	17	1234.3	0	17
12	1	0.0	1	0 1
18	1	0.0	1	1
19	10	0.0	1	2 6 2
20	3	0.0	2	1 1 1
21	3	0.0	2	0 1 2
22	2	0.0	2	1 1
23	5	0.0	2	1 2 2
24	1	0.0	2	0 1
26	15	0.0	2	1 10 4
27	18	0.0	2	5 4 8 1
28	32	0.0	2	3 11 12 6
29	70	0.0	2	6 27 22 15
30	82	0.0	3	5 30 16 31
31	105	0.0	3	9 19 41 36
32	307	0.0	3	6 61 62 178
33	3680	0.0	3	10 90 1643 1937
34	12241	0.0	3	13 5647 3579 3002
35	9584	0.0	3	1727 3047 2630 2180
36	2114	0.0	3	0 276 997 841
37	575	0.0	3	0 0 242 333
38	473	0.0	3	0 0 0 473
40	1	0.0	3	0 0 1
42	3	0.0	3	0 0 1 2
43	5	0.0	3	0 0 4 1
44	4	0.0	3	0 0 2 2
45	4	0.0	3	1 1 0 2
47	4	0.0	3	0 0 1 3
49	1	0.0	3	0 0 0 1
50	4	0.0	3	1 2 1
51	3	0.0	3	1 1 0 1
52	1	0.0	3	0 0 0 1
53	5	0.0	3	0 2 0 3
54	2	0.0	3	0 1 1
55	4	0.0	3	2 1 0 1
59	1	0.0	3	0 0 1
60	3	0.0	3	0 0 1 2

=== Second read: Adapter 14 ===

Sequence: ACGTTGGATGTTTGTTACTGTGGTGGATACTAC; Type: regular 5'; Length: 33; Trimmed: 44304 times.

No. of allowed errors:
0-9 bp: 0; 10-19 bp: 1; 20-29 bp: 2; 30-33 bp: 3

Overview of removed sequences
length	count	expect	max.err	error counts
3	15	4937.1	0	15
5	4	308.6	0	4
13	1	0.0	1	0 1
14	6	0.0	1	3 3
15	5	0.0	1	4 1
16	8	0.0	1	2 6
17	4	0.0	1	3 1
18	7	0.0	1	1 6
19	16	0.0	1	7 7 2
20	23	0.0	2	10 9 4
21	9	0.0	2	3 4 2
22	4	0.0	2	2 1 1
23	8	0.0	2	2 1 5
24	44	0.0	2	11 19 14
25	96	0.0	2	25 38 33
26	225	0.0	2	64 103 58
27	215	0.0	2	66 81 68
28	322	0.0	2	104 126 89 3
29	346	0.0	2	73 124 128 21
30	3021	0.0	3	65 198 178 2580
31	4557	0.0	3	150 241 1482 2684
32	6629	0.0	3	72 1788 2513 2256
33	18872	0.0	3	5584 6346 4119 2823
34	8689	0.0	3	2 3484 3235 1968
35	525	0.0	3	0 1 189 335
36	111	0.0	3	0 0 0 111
37	4	0.0	3	1 0 1 2
38	10	0.0	3	0 0 1 9
39	21	0.0	3	1 1 5 14
40	24	0.0	3	3 7 6 8
41	85	0.0	3	17 22 19 27
42	65	0.0	3	14 23 12 16
43	31	0.0	3	4 7 10 10
44	45	0.0	3	10 17 14 4
45	41	0.0	3	8 14 12 7
46	28	0.0	3	4 7 5 12
47	11	0.0	3	0 2 4 5
48	17	0.0	3	2 6 3 6
49	28	0.0	3	5 4 7 12
50	24	0.0	3	6 4 2 12
51	29	0.0	3	3 7 8 11
52	21	0.0	3	3 4 9 5
53	27	0.0	3	6 7 9 5
54	9	0.0	3	3 1 2 3
55	6	0.0	3	0 2 3 1
56	5	0.0	3	2 1 0 2
57	3	0.0	3	0 1 1 1
58	1	0.0	3	0 0 1
59	1	0.0	3	0 1
62	2	0.0	3	2
63	2	0.0	3	0 1 0 1
64	1	0.0	3	1
87	1	0.0	3	0 0 1

=== Second read: Adapter 15 ===

Sequence: ACGTTGGATGTTTGTTACTGTTGTGGATACAAC; Type: regular 5'; Length: 33; Trimmed: 26600 times.

No. of allowed errors:
0-9 bp: 0; 10-19 bp: 1; 20-29 bp: 2; 30-33 bp: 3

Overview of removed sequences
length	count	expect	max.err	error counts
3	623	4937.1	0	623
4	2	1234.3	0	2
5	4	308.6	0	4
16	2	0.0	1	0 2
17	3	0.0	1	2 1
18	1	0.0	1	0 0 1
20	2	0.0	2	0 1 1
22	2	0.0	2	0 0 2
24	9	0.0	2	3 3 3
25	11	0.0	2	1 4 6
26	24	0.0	2	9 10 5
27	21	0.0	2	3 11 7
28	67	0.0	2	24 26 15 2
29	85	0.0	2	15 37 30 3
30	177	0.0	3	19 31 38 89
31	1359	0.0	3	67 74 468 750
32	4222	0.0	3	43 1347 1281 1551
33	17162	0.0	3	3896 4772 5583 2911
34	1487	0.0	3	5 399 555 528
35	624	0.0	3	2 0 281 341
36	298	0.0	3	0 0 0 298
39	1	0.0	3	0 0 1
40	17	0.0	3	5 2 5 5
41	85	0.0	3	25 23 17 20
42	34	0.0	3	10 13 5 6
43	11	0.0	3	1 2 5 3
44	39	0.0	3	6 8 11 14
45	25	0.0	3	4 6 7 8
46	19	0.0	3	8 3 5 3
47	6	0.0	3	1 1 3 1
48	15	0.0	3	3 1 6 5
49	22	0.0	3	6 3 5 8
50	18	0.0	3	7 3 6 2
51	27	0.0	3	7 7 3 10
52	20	0.0	3	4 6 5 5
53	27	0.0	3	5 8 7 7
54	8	0.0	3	0 1 5 2
55	10	0.0	3	4 3 2 1
56	6	0.0	3	2 0 3 1
57	7	0.0	3	3 1 1 2
58	6	0.0	3	1 2 2 1
59	1	0.0	3	0 1
61	1	0.0	3	0 0 0 1
62	1	0.0	3	0 0 1
63	1	0.0	3	1
64	6	0.0	3	4 1 0 1
65	2	0.0	3	0 0 1 1

=== Second read: Adapter 16 ===

Sequence: ACGTTGGATGTTTGTTACCGTTGTTGATACTAC; Type: regular 5'; Length: 33; Trimmed: 19860 times.

No. of allowed errors:
0-9 bp: 0; 10-19 bp: 1; 20-29 bp: 2; 30-33 bp: 3

Overview of removed sequences
length	count	expect	max.err	error counts
15	1	0.0	1	0 1
16	1	0.0	1	0 1
17	2	0.0	1	1 1
18	2	0.0	1	0 2
19	4	0.0	1	2 1 1
20	5	0.0	2	1 1 3
21	4	0.0	2	2 2
22	4	0.0	2	0 2 2
23	2	0.0	2	0 1 1
24	16	0.0	2	6 7 3
25	26	0.0	2	11 6 9
26	40	0.0	2	16 12 12
27	46	0.0	2	18 12 16
28	75	0.0	2	16 29 18 12
29	130	0.0	2	14 35 48 33
30	2038	0.0	3	23 33 47 1935
31	2242	0.0	3	41 45 984 1172
32	4587	0.0	3	26 903 2046 1612
33	6840	0.0	3	2886 1995 1182 777
34	2669	0.0	3	0 1068 978 623
35	861	0.0	3	0 1 147 713
36	97	0.0	3	0 0 0 97
37	1	0.0	3	0 0 0 1
38	7	0.0	3	0 0 0 7
39	12	0.0	3	0 0 4 8
40	16	0.0	3	0 1 5 10
41	13	0.0	3	3 2 3 5
42	15	0.0	3	1 0 6 8
43	20	0.0	3	1 3 6 10
44	15	0.0	3	6 1 3 5
45	6	0.0	3	0 1 3 2
46	6	0.0	3	1 1 2 2
47	3	0.0	3	0 0 0 3
48	11	0.0	3	0 0 5 6
49	7	0.0	3	1 0 2 4
50	8	0.0	3	1 1 3 3
51	5	0.0	3	1 1 2 1
52	5	0.0	3	0 0 3 2
53	2	0.0	3	0 0 1 1
54	8	0.0	3	0 2 1 5
55	2	0.0	3	1 0 1
56	1	0.0	3	0 0 1
57	2	0.0	3	0 0 1 1
60	2	0.0	3	0 0 2
61	1	0.0	3	0 0 1

=== Second read: Adapter 17 ===

Sequence: ACGTTGGATGAATATATGTGTGCTTATTTG; Type: regular 5'; Length: 30; Trimmed: 455 times.

No. of allowed errors:
0-9 bp: 0; 10-19 bp: 1; 20-29 bp: 2; 30 bp: 3

Overview of removed sequences
length	count	expect	max.err	error counts
3	423	4937.1	0	423
4	18	1234.3	0	18
5	5	308.6	0	5
6	2	77.1	0	2
29	1	0.0	2	0 0 1
30	5	0.0	3	4 0 0 1
32	1	0.0	3	0 0 1

=== Second read: Adapter 18 ===

Sequence: ACGTTGGATGTTTGTTACTAAGGTAGATACCACTC; Type: regular 5'; Length: 35; Trimmed: 17063 times.

No. of allowed errors:
0-9 bp: 0; 10-19 bp: 1; 20-29 bp: 2; 30-35 bp: 3

Overview of removed sequences
length	count	expect	max.err	error counts
3	7	4937.1	0	7
4	5	1234.3	0	5
6	1	77.1	0	1
14	1	0.0	1	1
18	1	0.0	1	0 1
19	2	0.0	1	0 2
21	3	0.0	2	1 1 1
25	1	0.0	2	0 1
26	8	0.0	2	2 3 3
27	8	0.0	2	1 4 3
28	17	0.0	2	4 5 7 1
29	31	0.0	2	8 15 5 3
30	78	0.0	3	23 20 17 18
31	109	0.0	3	25 25 29 30
32	136	0.0	3	17 35 37 47
33	1208	0.0	3	40 51 456 661
34	2487	0.0	3	30 946 803 708
35	7711	0.0	3	2801 2081 1642 1187
36	4414	0.0	3	2 154 2680 1578
37	628	0.0	3	0 0 197 431
38	168	0.0	3	0 0 1 167
39	1	0.0	3	0 1
40	1	0.0	3	0 0 1
42	1	0.0	3	0 0 1
43	5	0.0	3	3 0 2
44	4	0.0	3	2 1 1
45	2	0.0	3	0 0 2
46	5	0.0	3	1 2 1 1
47	5	0.0	3	0 3 0 2
50	1	0.0	3	0 0 0 1
51	1	0.0	3	1
52	1	0.0	3	1
53	3	0.0	3	0 1 0 2
54	2	0.0	3	2
55	6	0.0	3	1 2 1 2
60	1	0.0	3	0 1

=== Second read: Adapter 19 ===

Sequence: ACGTTGGATGGAAAAATAAACTGCAAATCATATTC; Type: regular 5'; Length: 35; Trimmed: 21042 times.

No. of allowed errors:
0-9 bp: 0; 10-19 bp: 1; 20-29 bp: 2; 30-35 bp: 3

Overview of removed sequences
length	count	expect	max.err	error counts
3	55	4937.1	0	55
4	1	1234.3	0	1
6	1	77.1	0	1
10	1	0.3	1	0 1
11	1	0.1	1	0 1
15	1	0.0	1	1
18	3	0.0	1	2 1
19	3	0.0	1	1 2
20	1	0.0	2	0 1
21	1	0.0	2	1
22	2	0.0	2	0 2
25	5	0.0	2	0 1 4
26	3	0.0	2	0 2 1
28	3	0.0	2	1 0 2
29	8	0.0	2	0 4 2 2
30	42	0.0	3	16 9 7 10
31	61	0.0	3	23 16 16 6
32	246	0.0	3	19 26 10 191
33	392	0.0	3	24 28 158 182
34	2806	0.0	3	29 1365 833 579
35	14695	0.0	3	6828 3762 2229 1876
36	2342	0.0	3	0 1213 638 491
37	201	0.0	3	0 0 80 121
38	135	0.0	3	0 0 0 135
42	1	0.0	3	0 0 0 1
43	5	0.0	3	2 2 0 1
44	4	0.0	3	0 1 1 2
45	1	0.0	3	0 0 1
46	3	0.0	3	0 3
47	2	0.0	3	0 2
48	3	0.0	3	0 2 1
49	2	0.0	3	0 1 1
50	4	0.0	3	1 1 0 2
51	3	0.0	3	0 2 0 1
52	1	0.0	3	0 0 0 1
53	1	0.0	3	0 1
54	2	0.0	3	1 1
56	1	0.0	3	1

=== Second read: Adapter 20 ===

Sequence: ACGTTGGATGAGATTAGGGAAAGTATTAGA; Type: regular 5'; Length: 30; Trimmed: 49 times.

No. of allowed errors:
0-9 bp: 0; 10-19 bp: 1; 20-29 bp: 2; 30 bp: 3

Overview of removed sequences
length	count	expect	max.err	error counts
3	46	4937.1	0	46
4	2	1234.3	0	2
29	1	0.0	2	0 0 1

=== Second read: Adapter 21 ===

Sequence: ACGTTGGATGGAAAAATAAATTGTAAATCATACTC; Type: regular 5'; Length: 35; Trimmed: 9678 times.

No. of allowed errors:
0-9 bp: 0; 10-19 bp: 1; 20-29 bp: 2; 30-35 bp: 3

Overview of removed sequences
length	count	expect	max.err	error counts
5	1	308.6	0	1
17	1	0.0	1	1
18	3	0.0	1	3
19	10	0.0	1	4 5 1
20	1	0.0	2	0 1
21	2	0.0	2	1 1
22	1	0.0	2	0 1
25	2	0.0	2	0 1 1
27	2	0.0	2	1 0 1
28	1	0.0	2	1
29	3	0.0	2	0 2 1
30	12	0.0	3	5 1 4 2
31	12	0.0	3	3 5 2 2
32	63	0.0	3	2 0 1 60
33	392	0.0	3	7 2 146 237
34	681	0.0	3	39 274 176 192
35	8054	0.0	3	3546 1925 1146 1437
36	220	0.0	3	0 43 81 96
37	77	0.0	3	0 0 11 66
38	80	0.0	3	0 0 0 80
39	1	0.0	3	0 0 1
42	1	0.0	3	1
43	9	0.0	3	2 1 3 3
44	9	0.0	3	1 5 2 1
46	2	0.0	3	0 1 0 1
47	9	0.0	3	1 1 4 3
48	3	0.0	3	2 1
49	5	0.0	3	2 0 1 2
50	4	0.0	3	0 1 1 2
51	1	0.0	3	0 0 0 1
52	5	0.0	3	1 1 0 3
53	2	0.0	3	0 1 0 1
54	3	0.0	3	0 0 0 3
55	2	0.0	3	0 2
57	1	0.0	3	0 0 0 1
59	1	0.0	3	0 0 1
80	2	0.0	3	0 0 0 2

=== Second read: Adapter 22 ===

Sequence: ACGTTGGATGGAAAAATAAACTGTAAATCATATTCCT; Type: regular 5'; Length: 37; Trimmed: 38943 times.

No. of allowed errors:
0-9 bp: 0; 10-19 bp: 1; 20-29 bp: 2; 30-37 bp: 3

Overview of removed sequences
length	count	expect	max.err	error counts
3	188	4937.1	0	188
4	395	1234.3	0	395
5	1	308.6	0	1
8	1	4.8	0	1
13	1	0.0	1	0 1
17	1	0.0	1	0 1
18	5	0.0	1	0 0 5
19	5	0.0	1	0 2 3
20	8	0.0	2	3 2 3
21	6	0.0	2	1 2 3
22	5	0.0	2	1 1 3
23	4	0.0	2	1 0 3
24	5	0.0	2	0 1 4
25	1	0.0	2	0 1
26	1	0.0	2	0 0 1
28	2	0.0	2	1 0 1
29	5	0.0	2	0 1 2 2
30	15	0.0	3	1 3 5 6
31	22	0.0	3	2 3 3 14
32	59	0.0	3	9 17 10 23
33	81	0.0	3	14 19 16 32
34	579	0.0	3	8 21 23 527
35	4441	0.0	3	26 44 1474 2897
36	4706	0.0	3	36 2031 1454 1185
37	20443	0.0	3	4716 7569 5054 3104
38	1804	0.0	3	2 231 854 717
39	5775	0.0	3	0 0 568 5207
40	280	0.0	3	0 0 0 280
42	1	0.0	3	0 1
43	1	0.0	3	0 0 1
44	5	0.0	3	0 0 3 2
45	20	0.0	3	1 7 6 6
46	5	0.0	3	0 3 2
47	5	0.0	3	0 2 3
48	12	0.0	3	2 3 2 5
49	11	0.0	3	0 2 8 1
50	8	0.0	3	0 4 3 1
51	7	0.0	3	0 2 4 1
52	3	0.0	3	0 2 1
53	3	0.0	3	0 1 0 2
54	5	0.0	3	0 4 0 1
55	6	0.0	3	0 5 1
56	3	0.0	3	0 2 1
57	3	0.0	3	0 0 0 3
58	3	0.0	3	2 0 1
59	1	0.0	3	0 0 1
60	1	0.0	3	0 0 0 1
69	1	0.0	3	0 0 0 1

=== Second read: Adapter 23 ===

Sequence: ACGTTGGATGGAAAAATAAACTGTAAATCATATTC; Type: regular 5'; Length: 35; Trimmed: 4328 times.

No. of allowed errors:
0-9 bp: 0; 10-19 bp: 1; 20-29 bp: 2; 30-35 bp: 3

Overview of removed sequences
length	count	expect	max.err	error counts
19	1	0.0	1	0 1
20	2	0.0	2	0 1 1
22	1	0.0	2	0 0 1
25	2	0.0	2	0 0 2
26	1	0.0	2	0 1
28	2	0.0	2	0 0 0 2
29	1	0.0	2	0 0 1
30	9	0.0	3	0 0 3 6
31	14	0.0	3	0 0 5 9
32	395	0.0	3	0 0 6 389
33	213	0.0	3	0 0 76 137
34	741	0.0	3	0 0 246 495
35	2541	0.0	3	0 0 1237 1304
36	296	0.0	3	0 0 17 279
37	67	0.0	3	0 0 10 57
38	32	0.0	3	0 0 0 32
42	3	0.0	3	0 0 1 2
43	1	0.0	3	0 0 1
44	2	0.0	3	0 0 2
45	1	0.0	3	0 0 0 1
48	1	0.0	3	0 0 0 1
50	1	0.0	3	0 0 0 1
51	1	0.0	3	0 0 0 1

=== Second read: Adapter 24 ===

Sequence: ACGTTGGATGGAAAAATAAATTGTAAATCAAATTC; Type: regular 5'; Length: 35; Trimmed: 3350 times.

No. of allowed errors:
0-9 bp: 0; 10-19 bp: 1; 20-29 bp: 2; 30-35 bp: 3

Overview of removed sequences
length	count	expect	max.err	error counts
5	2	308.6	0	2
6	2	77.1	0	2
14	2	0.0	1	0 2
20	1	0.0	2	0 1
24	1	0.0	2	1
30	8	0.0	3	5 1 1 1
31	4	0.0	3	0 2 1 1
32	12	0.0	3	0 1 2 9
33	43	0.0	3	0 2 23 18
34	231	0.0	3	11 97 77 46
35	2802	0.0	3	1400 612 469 321
36	102	0.0	3	0 42 26 34
37	83	0.0	3	1 0 49 33
38	49	0.0	3	0 0 0 49
42	1	0.0	3	0 1
43	3	0.0	3	1 1 1
46	1	0.0	3	0 1
52	2	0.0	3	1 1
57	1	0.0	3	0 0 0 1

