This is cutadapt 1.18 with Python 3.5.5
Command line parameters: -g ACGTTGGATGTTTGTTACTATGGTAGATACCACAC -g ACGTTGGATGTTTGTTACTAAGGTAGATACCACTC -g ACGTTGGATGTTTGTTACTGTGGTGGATACTAC -g ACGTTGGATGTTTGTTACTGTTGTGGATACAAC -g ACGTTGGATGTTTGTTACCGTTGTTGATACTAC -g ACGTTGGATGAATATATGTGTGCTTATTTG -G ACGTTGGATGTTTGTTACTATGGTAGATACCACAC -G ACGTTGGATGTTTGTTACTGTGGTGGATACTAC -G ACGTTGGATGTTTGTTACTGTTGTGGATACAAC -G ACGTTGGATGTTTGTTACCGTTGTTGATACTAC -G ACGTTGGATGAATATATGTGTGCTTATTTG -G ACGTTGGATGTTTGTTACTAAGGTAGATACCACTC -g ACGTTGGATGGAAAAATAAACTGCAAATCATATTC -g ACGTTGGATGGAAAAATAAACTGTAAATCATATTC -g ACGTTGGATGGAAAAATAAATTGTAAATCATACTC -g ACGTTGGATGAGATTAGGGAAAGTATTAGA -g ACGTTGGATGGAAAAATAAATTGTAAATCAAATTC -g ACGTTGGATGGAAAAATAAACTGTAAATCATATTCCT -G ACGTTGGATGGAAAAATAAACTGCAAATCATATTC -G ACGTTGGATGAGATTAGGGAAAGTATTAGA -G ACGTTGGATGGAAAAATAAATTGTAAATCATACTC -G ACGTTGGATGGAAAAATAAACTGTAAATCATATTCCT -G ACGTTGGATGGAAAAATAAACTGTAAATCATATTC -G ACGTTGGATGGAAAAATAAATTGTAAATCAAATTC --minimum-length=1 -o /data/projects/mdc-971/data_from_June_2019/30.primer_trimmed/180460_S75_cutadapt.1.fq.gz -p /data/projects/mdc-971/data_from_June_2019/30.primer_trimmed/180460_S75_cutadapt.2.fq.gz /data/projects/mdc-971/data_from_June_2019/20.trim_151st_nt/180460_S75_R1_001.bbduked.fastq.gz /data/projects/mdc-971/data_from_June_2019/20.trim_151st_nt/180460_S75_R2_001.bbduked.fastq.gz
Processing reads on 1 core in paired-end mode ...
Finished in 80.18 s (378 us/read; 0.16 M reads/minute).

=== Summary ===

Total read pairs processed:            212,169
  Read 1 with adapter:                 186,997 (88.1%)
  Read 2 with adapter:                 152,457 (71.9%)
Pairs that were too short:                   0 (0.0%)
Pairs written (passing filters):       212,169 (100.0%)

Total basepairs processed:    63,650,700 bp
  Read 1:    31,825,350 bp
  Read 2:    31,825,350 bp
Total written (filtered):     52,014,053 bp (81.7%)
  Read 1:    25,343,494 bp
  Read 2:    26,670,559 bp

=== First read: Adapter 1 ===

Sequence: ACGTTGGATGTTTGTTACTATGGTAGATACCACAC; Type: regular 5'; Length: 35; Trimmed: 13383 times.

No. of allowed errors:
0-9 bp: 0; 10-19 bp: 1; 20-29 bp: 2; 30-35 bp: 3

Overview of removed sequences
length	count	expect	max.err	error counts
3	4	3315.1	0	4
4	1	828.8	0	1
14	2	0.0	1	2
20	1	0.0	2	0 1
21	2	0.0	2	1 0 1
22	2	0.0	2	1 0 1
23	4	0.0	2	3 0 1
24	2	0.0	2	0 1 1
25	2	0.0	2	0 1 1
26	24	0.0	2	8 12 4
27	44	0.0	2	13 19 12
28	53	0.0	2	19 22 5 7
29	94	0.0	2	33 36 18 7
30	149	0.0	3	46 43 24 36
31	96	0.0	3	19 32 26 19
32	226	0.0	3	33 52 44 97
33	699	0.0	3	28 59 312 300
34	2166	0.0	3	31 926 671 538
35	7585	0.0	3	2795 2536 1326 928
36	1172	0.0	3	5 361 524 282
37	379	0.0	3	0 0 219 160
38	671	0.0	3	0 0 0 671
39	1	0.0	3	1
41	1	0.0	3	1
45	1	0.0	3	0 0 0 1
51	1	0.0	3	0 1
54	1	0.0	3	0 1

=== First read: Adapter 2 ===

Sequence: ACGTTGGATGTTTGTTACTAAGGTAGATACCACTC; Type: regular 5'; Length: 35; Trimmed: 6635 times.

No. of allowed errors:
0-9 bp: 0; 10-19 bp: 1; 20-29 bp: 2; 30-35 bp: 3

Overview of removed sequences
length	count	expect	max.err	error counts
4	2	828.8	0	2
19	1	0.0	1	1
21	1	0.0	2	0 1
22	1	0.0	2	0 1
23	1	0.0	2	1
26	3	0.0	2	1 1 1
27	16	0.0	2	6 3 7
28	18	0.0	2	13 2 3
29	50	0.0	2	16 20 13 1
30	98	0.0	3	51 25 17 5
31	62	0.0	3	25 22 10 5
32	116	0.0	3	43 35 17 21
33	206	0.0	3	51 29 72 54
34	926	0.0	3	71 473 209 173
35	4350	0.0	3	2647 948 482 273
36	327	0.0	3	3 122 124 78
37	278	0.0	3	0 0 197 81
38	174	0.0	3	0 0 0 174
39	1	0.0	3	1
41	2	0.0	3	0 1 0 1
43	1	0.0	3	0 0 1
47	1	0.0	3	1

=== First read: Adapter 3 ===

Sequence: ACGTTGGATGTTTGTTACTGTGGTGGATACTAC; Type: regular 5'; Length: 33; Trimmed: 24438 times.

No. of allowed errors:
0-9 bp: 0; 10-19 bp: 1; 20-29 bp: 2; 30-33 bp: 3

Overview of removed sequences
length	count	expect	max.err	error counts
3	2	3315.1	0	2
4	1	828.8	0	1
8	1	3.2	0	1
14	4	0.0	1	1 3
15	3	0.0	1	1 2
16	1	0.0	1	1
17	2	0.0	1	2
18	1	0.0	1	1
19	4	0.0	1	2 1 1
20	28	0.0	2	18 7 3
21	26	0.0	2	19 5 2
22	17	0.0	2	5 7 5
23	13	0.0	2	5 6 2
24	115	0.0	2	54 42 19
25	309	0.0	2	153 104 52
26	427	0.0	2	190 155 82
27	683	0.0	2	390 213 80
28	807	0.0	2	372 287 145 3
29	671	0.0	2	161 274 196 40
30	1428	0.0	3	356 356 208 508
31	1628	0.0	3	187 399 581 461
32	2913	0.0	3	195 1016 1031 671
33	9477	0.0	3	3768 2844 1691 1174
34	5525	0.0	3	2 2577 2065 881
35	271	0.0	3	1 1 132 137
36	53	0.0	3	1 1 3 48
37	5	0.0	3	3 0 1 1
38	2	0.0	3	0 0 2
39	2	0.0	3	1 0 0 1
40	2	0.0	3	1 0 0 1
41	2	0.0	3	0 1 1
42	1	0.0	3	0 1
43	3	0.0	3	0 1 1 1
44	1	0.0	3	0 0 0 1
46	1	0.0	3	0 1
48	1	0.0	3	0 1
49	1	0.0	3	0 0 0 1
51	1	0.0	3	0 1
52	2	0.0	3	0 1 0 1
61	1	0.0	3	0 0 1
64	2	0.0	3	1 1
66	1	0.0	3	0 1

=== First read: Adapter 4 ===

Sequence: ACGTTGGATGTTTGTTACTGTTGTGGATACAAC; Type: regular 5'; Length: 33; Trimmed: 11584 times.

No. of allowed errors:
0-9 bp: 0; 10-19 bp: 1; 20-29 bp: 2; 30-33 bp: 3

Overview of removed sequences
length	count	expect	max.err	error counts
3	18	3315.1	0	18
18	1	0.0	1	0 1
19	1	0.0	1	0 1
20	2	0.0	2	2
21	2	0.0	2	0 2
23	2	0.0	2	1 1
24	33	0.0	2	16 11 6
25	103	0.0	2	33 36 34
26	91	0.0	2	48 31 12
27	155	0.0	2	85 54 16
28	238	0.0	2	138 60 38 2
29	148	0.0	2	69 46 29 4
30	310	0.0	3	124 96 56 34
31	430	0.0	3	82 100 129 119
32	1280	0.0	3	108 491 320 361
33	7844	0.0	3	3760 1977 1399 708
34	597	0.0	3	2 266 195 134
35	245	0.0	3	0 0 112 133
36	77	0.0	3	0 0 0 77
37	1	0.0	3	0 0 0 1
38	1	0.0	3	1
40	2	0.0	3	0 0 1 1
52	1	0.0	3	1
55	1	0.0	3	0 1
57	1	0.0	3	0 1

=== First read: Adapter 5 ===

Sequence: ACGTTGGATGTTTGTTACCGTTGTTGATACTAC; Type: regular 5'; Length: 33; Trimmed: 10287 times.

No. of allowed errors:
0-9 bp: 0; 10-19 bp: 1; 20-29 bp: 2; 30-33 bp: 3

Overview of removed sequences
length	count	expect	max.err	error counts
13	1	0.0	1	0 1
14	1	0.0	1	1
16	1	0.0	1	0 1
17	1	0.0	1	1
19	1	0.0	1	0 1
20	6	0.0	2	4 1 1
21	7	0.0	2	2 5
22	2	0.0	2	0 1 1
23	2	0.0	2	0 1 1
24	30	0.0	2	14 15 1
25	50	0.0	2	28 15 7
26	90	0.0	2	32 33 25
27	188	0.0	2	108 55 25
28	300	0.0	2	141 87 69 3
29	217	0.0	2	38 85 75 19
30	1032	0.0	3	156 196 120 560
31	769	0.0	3	87 126 227 329
32	2567	0.0	3	50 406 1351 760
33	3068	0.0	3	1429 868 502 269
34	1416	0.0	3	0 633 527 256
35	495	0.0	3	0 1 132 362
36	32	0.0	3	0 0 1 31
40	1	0.0	3	1
41	4	0.0	3	1 3
42	1	0.0	3	1
44	3	0.0	3	1 0 2
45	1	0.0	3	1
48	1	0.0	3	0 0 1

=== First read: Adapter 6 ===

Sequence: ACGTTGGATGAATATATGTGTGCTTATTTG; Type: regular 5'; Length: 30; Trimmed: 96 times.

No. of allowed errors:
0-9 bp: 0; 10-19 bp: 1; 20-29 bp: 2; 30 bp: 3

Overview of removed sequences
length	count	expect	max.err	error counts
3	75	3315.1	0	75
4	11	828.8	0	11
5	1	207.2	0	1
30	8	0.0	3	5 2 1
31	1	0.0	3	0 0 1

=== First read: Adapter 7 ===

Sequence: ACGTTGGATGGAAAAATAAACTGCAAATCATATTC; Type: regular 5'; Length: 35; Trimmed: 37827 times.

No. of allowed errors:
0-9 bp: 0; 10-19 bp: 1; 20-29 bp: 2; 30-35 bp: 3

Overview of removed sequences
length	count	expect	max.err	error counts
3	1	3315.1	0	1
4	1	828.8	0	1
18	1	0.0	1	1
21	1	0.0	2	0 1
25	1	0.0	2	1
26	2	0.0	2	1 1
27	3	0.0	2	3
28	7	0.0	2	3 3 1
29	22	0.0	2	5 8 8 1
30	102	0.0	3	48 30 17 7
31	112	0.0	3	51 29 21 11
32	617	0.0	3	46 31 14 526
33	836	0.0	3	23 56 469 288
34	7466	0.0	3	49 5656 1202 559
35	19536	0.0	3	13036 3732 1557 1211
36	8293	0.0	3	1 6222 1247 823
37	562	0.0	3	1 0 221 340
38	261	0.0	3	0 0 0 261
42	1	0.0	3	0 0 0 1
48	1	0.0	3	0 0 0 1
62	1	0.0	3	1

=== First read: Adapter 8 ===

Sequence: ACGTTGGATGGAAAAATAAACTGTAAATCATATTC; Type: regular 5'; Length: 35; Trimmed: 9193 times.

No. of allowed errors:
0-9 bp: 0; 10-19 bp: 1; 20-29 bp: 2; 30-35 bp: 3

Overview of removed sequences
length	count	expect	max.err	error counts
17	2	0.0	1	1 1
20	1	0.0	2	0 1
26	1	0.0	2	0 1
27	1	0.0	2	0 0 1
28	1	0.0	2	0 0 1
29	3	0.0	2	0 0 2 1
30	9	0.0	3	1 3 2 3
31	11	0.0	3	0 1 4 6
32	1053	0.0	3	2 1 0 1050
33	272	0.0	3	4 14 134 120
34	2262	0.0	3	10 1550 343 359
35	4083	0.0	3	1282 1254 840 707
36	944	0.0	3	0 250 329 365
37	366	0.0	3	0 0 74 292
38	184	0.0	3	0 0 0 184

=== First read: Adapter 9 ===

Sequence: ACGTTGGATGGAAAAATAAATTGTAAATCATACTC; Type: regular 5'; Length: 35; Trimmed: 20001 times.

No. of allowed errors:
0-9 bp: 0; 10-19 bp: 1; 20-29 bp: 2; 30-35 bp: 3

Overview of removed sequences
length	count	expect	max.err	error counts
22	1	0.0	2	0 0 1
23	1	0.0	2	0 0 1
26	1	0.0	2	1
28	1	0.0	2	1
30	15	0.0	3	8 3 4
31	16	0.0	3	9 3 3 1
32	76	0.0	3	7 4 2 63
33	587	0.0	3	19 19 349 200
34	1404	0.0	3	362 714 245 83
35	17410	0.0	3	11642 3076 1006 1686
36	211	0.0	3	2 82 50 77
37	102	0.0	3	0 1 31 70
38	161	0.0	3	0 0 0 161
39	1	0.0	3	1
42	1	0.0	3	0 0 1
44	1	0.0	3	1
46	1	0.0	3	0 1
47	1	0.0	3	1
49	1	0.0	3	0 1
50	3	0.0	3	0 1 0 2
51	2	0.0	3	0 1 1
52	1	0.0	3	0 0 0 1
54	1	0.0	3	1
55	1	0.0	3	1
56	1	0.0	3	1

=== First read: Adapter 10 ===

Sequence: ACGTTGGATGAGATTAGGGAAAGTATTAGA; Type: regular 5'; Length: 30; Trimmed: 25 times.

No. of allowed errors:
0-9 bp: 0; 10-19 bp: 1; 20-29 bp: 2; 30 bp: 3

Overview of removed sequences
length	count	expect	max.err	error counts
3	23	3315.1	0	23
6	1	51.8	0	1
32	1	0.0	3	0 0 1

=== First read: Adapter 11 ===

Sequence: ACGTTGGATGGAAAAATAAATTGTAAATCAAATTC; Type: regular 5'; Length: 35; Trimmed: 7728 times.

No. of allowed errors:
0-9 bp: 0; 10-19 bp: 1; 20-29 bp: 2; 30-35 bp: 3

Overview of removed sequences
length	count	expect	max.err	error counts
30	8	0.0	3	6 2
31	4	0.0	3	4
32	13	0.0	3	2 1 0 10
33	29	0.0	3	4 3 12 10
34	287	0.0	3	27 137 74 49
35	7146	0.0	3	4924 1373 579 270
36	127	0.0	3	0 51 39 37
37	62	0.0	3	2 0 29 31
38	52	0.0	3	0 0 0 52

=== First read: Adapter 12 ===

Sequence: ACGTTGGATGGAAAAATAAACTGTAAATCATATTCCT; Type: regular 5'; Length: 37; Trimmed: 45800 times.

No. of allowed errors:
0-9 bp: 0; 10-19 bp: 1; 20-29 bp: 2; 30-37 bp: 3

Overview of removed sequences
length	count	expect	max.err	error counts
3	21	3315.1	0	21
4	2	828.8	0	2
20	1	0.0	2	0 1
21	1	0.0	2	0 0 1
22	1	0.0	2	0 1
23	1	0.0	2	0 0 1
24	1	0.0	2	0 1
25	2	0.0	2	0 1 1
27	2	0.0	2	1 1
28	2	0.0	2	0 0 2
29	1	0.0	2	0 1
30	8	0.0	3	1 2 4 1
31	32	0.0	3	1 10 16 5
32	56	0.0	3	7 26 15 8
33	64	0.0	3	9 32 13 10
34	251	0.0	3	14 39 31 167
35	3549	0.0	3	13 61 2696 779
36	12428	0.0	3	31 7864 2931 1602
37	20136	0.0	3	4624 10578 3506 1428
38	3541	0.0	3	1 503 1978 1059
39	5384	0.0	3	0 0 1201 4183
40	312	0.0	3	0 0 0 312
52	1	0.0	3	0 0 1
53	1	0.0	3	0 0 1
57	1	0.0	3	1
66	1	0.0	3	0 1

=== Second read: Adapter 13 ===

Sequence: ACGTTGGATGTTTGTTACTATGGTAGATACCACAC; Type: regular 5'; Length: 35; Trimmed: 16276 times.

No. of allowed errors:
0-9 bp: 0; 10-19 bp: 1; 20-29 bp: 2; 30-35 bp: 3

Overview of removed sequences
length	count	expect	max.err	error counts
3	6	3315.1	0	6
4	7	828.8	0	7
10	1	0.2	1	1
19	1	0.0	1	0 1
21	1	0.0	2	0 0 1
22	1	0.0	2	0 1
24	5	0.0	2	1 1 3
26	5	0.0	2	2 2 1
27	4	0.0	2	1 3
28	10	0.0	2	3 5 2
29	21	0.0	2	7 5 3 6
30	40	0.0	3	4 12 13 11
31	45	0.0	3	6 10 12 17
32	80	0.0	3	4 11 14 51
33	995	0.0	3	14 24 419 538
34	1968	0.0	3	12 710 578 668
35	10850	0.0	3	3017 3425 2570 1838
36	1044	0.0	3	0 288 406 350
37	562	0.0	3	0 0 256 306
38	607	0.0	3	0 0 0 607
39	1	0.0	3	0 1
42	1	0.0	3	0 0 0 1
43	5	0.0	3	1 3 1
45	1	0.0	3	0 0 1
46	6	0.0	3	0 1 1 4
47	1	0.0	3	0 0 1
48	2	0.0	3	0 0 2
50	1	0.0	3	0 0 0 1
52	2	0.0	3	0 0 1 1
53	1	0.0	3	1
55	1	0.0	3	0 0 0 1
59	1	0.0	3	0 0 0 1

=== Second read: Adapter 14 ===

Sequence: ACGTTGGATGTTTGTTACTGTGGTGGATACTAC; Type: regular 5'; Length: 33; Trimmed: 38975 times.

No. of allowed errors:
0-9 bp: 0; 10-19 bp: 1; 20-29 bp: 2; 30-33 bp: 3

Overview of removed sequences
length	count	expect	max.err	error counts
3	9	3315.1	0	9
4	1	828.8	0	1
5	1	207.2	0	1
6	1	51.8	0	1
9	1	0.8	0	1
13	1	0.0	1	1
14	1	0.0	1	0 1
15	2	0.0	1	2
16	3	0.0	1	1 2
17	1	0.0	1	1
18	2	0.0	1	0 2
19	2	0.0	1	0 2
20	8	0.0	2	2 3 3
21	1	0.0	2	0 0 1
22	5	0.0	2	1 3 1
23	3	0.0	2	0 3
24	17	0.0	2	1 6 10
25	48	0.0	2	13 20 15
26	74	0.0	2	14 37 23
27	80	0.0	2	33 26 21
28	116	0.0	2	38 43 33 2
29	160	0.0	2	34 50 67 9
30	2959	0.0	3	33 84 107 2735
31	3609	0.0	3	61 120 1092 2336
32	5615	0.0	3	61 1689 2032 1833
33	15375	0.0	3	5912 4841 2920 1702
34	10038	0.0	3	0 4297 3702 2039
35	363	0.0	3	0 1 164 198
36	103	0.0	3	0 1 2 100
37	5	0.0	3	0 0 1 4
38	11	0.0	3	1 1 1 8
39	12	0.0	3	0 0 3 9
40	13	0.0	3	0 3 5 5
41	53	0.0	3	12 19 14 8
42	37	0.0	3	5 10 14 8
43	26	0.0	3	3 10 4 9
44	29	0.0	3	6 11 6 6
45	26	0.0	3	3 7 11 5
46	13	0.0	3	1 4 4 4
47	9	0.0	3	0 5 1 3
48	17	0.0	3	4 3 3 7
49	21	0.0	3	3 6 3 9
50	25	0.0	3	5 6 7 7
51	28	0.0	3	2 11 10 5
52	10	0.0	3	1 3 4 2
53	24	0.0	3	8 4 5 7
54	4	0.0	3	0 1 2 1
55	5	0.0	3	1 0 3 1
57	4	0.0	3	2 1 1
58	1	0.0	3	0 1
60	1	0.0	3	0 0 1
61	1	0.0	3	0 1
62	1	0.0	3	0 1

=== Second read: Adapter 15 ===

Sequence: ACGTTGGATGTTTGTTACTGTTGTGGATACAAC; Type: regular 5'; Length: 33; Trimmed: 22827 times.

No. of allowed errors:
0-9 bp: 0; 10-19 bp: 1; 20-29 bp: 2; 30-33 bp: 3

Overview of removed sequences
length	count	expect	max.err	error counts
3	652	3315.1	0	652
4	1	828.8	0	1
5	5	207.2	0	5
6	1	51.8	0	1
14	1	0.0	1	0 1
16	1	0.0	1	1
23	1	0.0	2	0 0 1
24	4	0.0	2	4
25	6	0.0	2	2 2 2
26	18	0.0	2	7 7 4
27	23	0.0	2	11 7 5
28	31	0.0	2	8 14 9
29	59	0.0	2	20 22 16 1
30	111	0.0	3	15 24 22 50
31	770	0.0	3	53 29 228 460
32	3684	0.0	3	28 1131 1035 1490
33	15116	0.0	3	4331 3568 4744 2473
34	1422	0.0	3	2 470 487 463
35	396	0.0	3	0 1 145 250
36	212	0.0	3	0 0 0 212
37	1	0.0	3	0 0 0 1
38	1	0.0	3	1
39	1	0.0	3	0 1
40	10	0.0	3	0 3 4 3
41	66	0.0	3	14 19 20 13
42	27	0.0	3	7 5 6 9
43	13	0.0	3	1 4 5 3
44	23	0.0	3	5 5 8 5
45	16	0.0	3	4 4 6 2
46	11	0.0	3	5 2 2 2
47	9	0.0	3	1 0 3 5
48	10	0.0	3	2 1 3 4
49	8	0.0	3	1 1 5 1
50	12	0.0	3	7 1 3 1
51	14	0.0	3	6 5 2 1
52	24	0.0	3	8 3 6 7
53	21	0.0	3	3 5 10 3
54	7	0.0	3	1 1 4 1
55	8	0.0	3	0 1 7
56	4	0.0	3	1 0 3
57	9	0.0	3	1 2 3 3
59	1	0.0	3	0 0 1
61	1	0.0	3	0 1
63	1	0.0	3	0 0 1
64	13	0.0	3	2 4 2 5
65	2	0.0	3	1 0 1

=== Second read: Adapter 16 ===

Sequence: ACGTTGGATGTTTGTTACCGTTGTTGATACTAC; Type: regular 5'; Length: 33; Trimmed: 16886 times.

No. of allowed errors:
0-9 bp: 0; 10-19 bp: 1; 20-29 bp: 2; 30-33 bp: 3

Overview of removed sequences
length	count	expect	max.err	error counts
11	1	0.1	1	0 1
12	1	0.0	1	0 1
14	3	0.0	1	1 2
17	1	0.0	1	0 1
18	3	0.0	1	1 2
19	1	0.0	1	1
20	1	0.0	2	1
22	1	0.0	2	1
23	1	0.0	2	0 1
24	7	0.0	2	4 2 1
25	14	0.0	2	5 3 6
26	32	0.0	2	7 14 11
27	24	0.0	2	9 10 5
28	85	0.0	2	34 33 15 3
29	102	0.0	2	22 41 31 8
30	2552	0.0	3	32 69 47 2404
31	985	0.0	3	46 69 304 566
32	4415	0.0	3	22 830 2032 1531
33	5302	0.0	3	2377 1453 859 613
34	2526	0.0	3	0 930 1015 581
35	679	0.0	3	1 1 184 493
36	62	0.0	3	0 0 0 62
37	3	0.0	3	0 0 1 2
38	5	0.0	3	0 0 1 4
39	1	0.0	3	0 0 0 1
40	11	0.0	3	1 0 2 8
41	9	0.0	3	0 1 4 4
42	7	0.0	3	3 3 1
43	7	0.0	3	0 1 2 4
44	2	0.0	3	1 0 0 1
45	5	0.0	3	2 1 1 1
46	1	0.0	3	0 0 0 1
47	4	0.0	3	0 0 2 2
48	9	0.0	3	0 0 2 7
49	5	0.0	3	0 1 1 3
50	1	0.0	3	0 0 1
51	2	0.0	3	0 0 1 1
52	5	0.0	3	0 0 4 1
53	2	0.0	3	0 0 1 1
54	4	0.0	3	0 0 1 3
55	2	0.0	3	1 0 1
56	1	0.0	3	0 0 1
58	1	0.0	3	0 0 0 1
59	1	0.0	3	0 0 1

=== Second read: Adapter 17 ===

Sequence: ACGTTGGATGAATATATGTGTGCTTATTTG; Type: regular 5'; Length: 30; Trimmed: 218 times.

No. of allowed errors:
0-9 bp: 0; 10-19 bp: 1; 20-29 bp: 2; 30 bp: 3

Overview of removed sequences
length	count	expect	max.err	error counts
3	201	3315.1	0	201
4	8	828.8	0	8
5	2	207.2	0	2
6	4	51.8	0	4
29	2	0.0	2	0 0 1 1
30	1	0.0	3	1

=== Second read: Adapter 18 ===

Sequence: ACGTTGGATGTTTGTTACTAAGGTAGATACCACTC; Type: regular 5'; Length: 35; Trimmed: 7551 times.

No. of allowed errors:
0-9 bp: 0; 10-19 bp: 1; 20-29 bp: 2; 30-35 bp: 3

Overview of removed sequences
length	count	expect	max.err	error counts
3	3	3315.1	0	3
4	2	828.8	0	2
15	1	0.0	1	1
22	2	0.0	2	0 1 1
23	1	0.0	2	0 1
26	1	0.0	2	1
27	2	0.0	2	2
28	6	0.0	2	2 1 3
29	9	0.0	2	3 2 3 1
30	18	0.0	3	3 6 4 5
31	34	0.0	3	10 8 10 6
32	46	0.0	3	0 11 8 27
33	289	0.0	3	21 13 109 146
34	972	0.0	3	25 411 254 282
35	4974	0.0	3	2182 1317 912 563
36	447	0.0	3	0 152 155 140
37	394	0.0	3	1 0 207 186
38	331	0.0	3	0 0 0 331
42	1	0.0	3	0 0 1
43	3	0.0	3	3
44	2	0.0	3	1 0 0 1
45	1	0.0	3	1
46	2	0.0	3	1 0 1
51	3	0.0	3	1 0 0 2
53	1	0.0	3	0 1
54	1	0.0	3	1
55	3	0.0	3	0 0 2 1
58	1	0.0	3	0 1
60	1	0.0	3	0 1

=== Second read: Adapter 19 ===

Sequence: ACGTTGGATGGAAAAATAAACTGCAAATCATATTC; Type: regular 5'; Length: 35; Trimmed: 12361 times.

No. of allowed errors:
0-9 bp: 0; 10-19 bp: 1; 20-29 bp: 2; 30-35 bp: 3

Overview of removed sequences
length	count	expect	max.err	error counts
3	23	3315.1	0	23
4	1	828.8	0	1
12	1	0.0	1	0 1
19	1	0.0	1	0 1
22	1	0.0	2	1
26	2	0.0	2	0 0 2
29	6	0.0	2	1 3 0 2
30	15	0.0	3	6 4 4 1
31	31	0.0	3	12 3 9 7
32	192	0.0	3	9 7 12 164
33	298	0.0	3	14 7 159 118
34	2581	0.0	3	11 1418 674 478
35	6505	0.0	3	3139 1666 912 788
36	2344	0.0	3	0 1246 594 504
37	210	0.0	3	0 1 112 97
38	125	0.0	3	0 0 1 124
40	1	0.0	3	0 0 0 1
42	2	0.0	3	0 1 0 1
43	3	0.0	3	2 0 0 1
44	3	0.0	3	1 0 0 2
45	1	0.0	3	0 0 0 1
47	4	0.0	3	0 0 1 3
48	3	0.0	3	0 2 1
49	4	0.0	3	2 2
50	2	0.0	3	0 0 1 1
52	1	0.0	3	0 0 1
58	1	0.0	3	0 1

=== Second read: Adapter 20 ===

Sequence: ACGTTGGATGAGATTAGGGAAAGTATTAGA; Type: regular 5'; Length: 30; Trimmed: 18 times.

No. of allowed errors:
0-9 bp: 0; 10-19 bp: 1; 20-29 bp: 2; 30 bp: 3

Overview of removed sequences
length	count	expect	max.err	error counts
3	15	3315.1	0	15
4	2	828.8	0	2
30	1	0.0	3	0 1

=== Second read: Adapter 21 ===

Sequence: ACGTTGGATGGAAAAATAAATTGTAAATCATACTC; Type: regular 5'; Length: 35; Trimmed: 9618 times.

No. of allowed errors:
0-9 bp: 0; 10-19 bp: 1; 20-29 bp: 2; 30-35 bp: 3

Overview of removed sequences
length	count	expect	max.err	error counts
5	2	207.2	0	2
18	1	0.0	1	1
19	3	0.0	1	1 1 1
20	1	0.0	2	0 0 1
21	2	0.0	2	1 0 1
22	2	0.0	2	1 0 1
24	2	0.0	2	0 2
27	1	0.0	2	0 1
29	2	0.0	2	0 1 0 1
30	3	0.0	3	1 2
31	19	0.0	3	6 7 2 4
32	38	0.0	3	4 2 1 31
33	373	0.0	3	6 3 98 266
34	589	0.0	3	35 253 147 154
35	8122	0.0	3	3953 1867 1027 1275
36	249	0.0	3	1 56 97 95
37	56	0.0	3	0 1 14 41
38	65	0.0	3	0 0 0 65
39	1	0.0	3	0 0 0 1
40	2	0.0	3	0 0 0 2
42	6	0.0	3	3 2 1
43	15	0.0	3	5 4 4 2
44	14	0.0	3	4 7 2 1
45	5	0.0	3	5
46	6	0.0	3	2 1 0 3
47	11	0.0	3	4 2 1 4
48	2	0.0	3	1 0 0 1
49	5	0.0	3	2 2 0 1
50	2	0.0	3	1 0 0 1
51	3	0.0	3	2 1
52	2	0.0	3	1 0 0 1
53	4	0.0	3	2 1 1
54	1	0.0	3	0 1
55	3	0.0	3	1 2
56	2	0.0	3	0 0 0 2
57	2	0.0	3	1 0 0 1
72	1	0.0	3	0 0 0 1
103	1	0.0	3	0 0 1

=== Second read: Adapter 22 ===

Sequence: ACGTTGGATGGAAAAATAAACTGTAAATCATATTCCT; Type: regular 5'; Length: 37; Trimmed: 21464 times.

No. of allowed errors:
0-9 bp: 0; 10-19 bp: 1; 20-29 bp: 2; 30-37 bp: 3

Overview of removed sequences
length	count	expect	max.err	error counts
3	134	3315.1	0	134
4	170	828.8	0	170
13	1	0.0	1	1
18	1	0.0	1	0 0 1
19	6	0.0	1	0 3 3
20	5	0.0	2	1 3 1
21	2	0.0	2	0 0 2
23	1	0.0	2	0 1
24	3	0.0	2	0 2 1
25	1	0.0	2	0 0 1
26	1	0.0	2	0 0 1
29	1	0.0	2	0 1
30	5	0.0	3	0 1 3 1
31	11	0.0	3	0 3 3 5
32	15	0.0	3	0 4 5 6
33	41	0.0	3	1 14 16 10
34	396	0.0	3	1 7 9 379
35	2972	0.0	3	9 17 1669 1277
36	4761	0.0	3	6 2242 1409 1104
37	9587	0.0	3	1711 3949 2460 1467
38	1299	0.0	3	1 209 638 451
39	1848	0.0	3	0 0 385 1463
40	122	0.0	3	0 0 0 122
42	1	0.0	3	0 0 0 1
43	1	0.0	3	0 0 1
44	4	0.0	3	0 2 2
45	12	0.0	3	1 3 5 3
46	8	0.0	3	0 2 3 3
47	7	0.0	3	0 2 1 4
48	3	0.0	3	0 1 2
49	12	0.0	3	2 5 4 1
50	2	0.0	3	0 1 1
51	2	0.0	3	1 1
52	4	0.0	3	0 1 2 1
53	5	0.0	3	0 1 2 2
54	3	0.0	3	0 2 0 1
56	7	0.0	3	0 2 1 4
57	2	0.0	3	1 0 1
58	1	0.0	3	0 0 1
59	2	0.0	3	0 1 0 1
61	1	0.0	3	0 1
62	1	0.0	3	0 1
63	1	0.0	3	0 1
68	1	0.0	3	0 1
73	1	0.0	3	0 1

=== Second read: Adapter 23 ===

Sequence: ACGTTGGATGGAAAAATAAACTGTAAATCATATTC; Type: regular 5'; Length: 35; Trimmed: 2707 times.

No. of allowed errors:
0-9 bp: 0; 10-19 bp: 1; 20-29 bp: 2; 30-35 bp: 3

Overview of removed sequences
length	count	expect	max.err	error counts
12	2	0.0	1	1 1
16	1	0.0	1	0 1
18	3	0.0	1	0 3
22	2	0.0	2	0 0 2
24	1	0.0	2	0 1
25	1	0.0	2	0 1
26	1	0.0	2	0 0 1
27	1	0.0	2	0 0 0 1
28	2	0.0	2	0 0 1 1
30	3	0.0	3	0 0 2 1
31	7	0.0	3	0 0 5 2
32	419	0.0	3	0 0 1 418
33	156	0.0	3	0 0 74 82
34	564	0.0	3	0 0 152 412
35	1121	0.0	3	0 0 438 683
36	334	0.0	3	0 0 13 321
37	57	0.0	3	0 0 6 51
38	23	0.0	3	0 0 0 23
42	1	0.0	3	0 0 0 1
43	1	0.0	3	0 0 0 1
44	1	0.0	3	0 0 0 1
45	1	0.0	3	0 0 0 1
46	2	0.0	3	0 0 1 1
48	1	0.0	3	0 0 0 1
49	2	0.0	3	0 0 1 1

=== Second read: Adapter 24 ===

Sequence: ACGTTGGATGGAAAAATAAATTGTAAATCAAATTC; Type: regular 5'; Length: 35; Trimmed: 3556 times.

No. of allowed errors:
0-9 bp: 0; 10-19 bp: 1; 20-29 bp: 2; 30-35 bp: 3

Overview of removed sequences
length	count	expect	max.err	error counts
5	2	207.2	0	2
6	6	51.8	0	6
19	1	0.0	1	0 1
22	1	0.0	2	1
23	1	0.0	2	0 1
30	8	0.0	3	3 4 0 1
31	6	0.0	3	1 3 1 1
32	10	0.0	3	1 1 0 8
33	29	0.0	3	4 1 8 16
34	197	0.0	3	9 104 44 40
35	3122	0.0	3	1687 682 475 278
36	81	0.0	3	1 30 22 28
37	63	0.0	3	0 0 35 28
38	21	0.0	3	0 0 0 21
44	2	0.0	3	1 1
45	1	0.0	3	1
47	2	0.0	3	2
48	1	0.0	3	0 0 1
50	1	0.0	3	1
52	1	0.0	3	1

