This is cutadapt 1.18 with Python 3.5.5
Command line parameters: -g ACGTTGGATGTTTGTTACTATGGTAGATACCACAC -g ACGTTGGATGTTTGTTACTAAGGTAGATACCACTC -g ACGTTGGATGTTTGTTACTGTGGTGGATACTAC -g ACGTTGGATGTTTGTTACTGTTGTGGATACAAC -g ACGTTGGATGTTTGTTACCGTTGTTGATACTAC -g ACGTTGGATGAATATATGTGTGCTTATTTG -G ACGTTGGATGTTTGTTACTATGGTAGATACCACAC -G ACGTTGGATGTTTGTTACTGTGGTGGATACTAC -G ACGTTGGATGTTTGTTACTGTTGTGGATACAAC -G ACGTTGGATGTTTGTTACCGTTGTTGATACTAC -G ACGTTGGATGAATATATGTGTGCTTATTTG -G ACGTTGGATGTTTGTTACTAAGGTAGATACCACTC -g ACGTTGGATGGAAAAATAAACTGCAAATCATATTC -g ACGTTGGATGGAAAAATAAACTGTAAATCATATTC -g ACGTTGGATGGAAAAATAAATTGTAAATCATACTC -g ACGTTGGATGAGATTAGGGAAAGTATTAGA -g ACGTTGGATGGAAAAATAAATTGTAAATCAAATTC -g ACGTTGGATGGAAAAATAAACTGTAAATCATATTCCT -G ACGTTGGATGGAAAAATAAACTGCAAATCATATTC -G ACGTTGGATGAGATTAGGGAAAGTATTAGA -G ACGTTGGATGGAAAAATAAATTGTAAATCATACTC -G ACGTTGGATGGAAAAATAAACTGTAAATCATATTCCT -G ACGTTGGATGGAAAAATAAACTGTAAATCATATTC -G ACGTTGGATGGAAAAATAAATTGTAAATCAAATTC --minimum-length=1 -o /data/projects/mdc-971/data_from_June_2019/30.primer_trimmed/180458_S74_cutadapt.1.fq.gz -p /data/projects/mdc-971/data_from_June_2019/30.primer_trimmed/180458_S74_cutadapt.2.fq.gz /data/projects/mdc-971/data_from_June_2019/20.trim_151st_nt/180458_S74_R1_001.bbduked.fastq.gz /data/projects/mdc-971/data_from_June_2019/20.trim_151st_nt/180458_S74_R2_001.bbduked.fastq.gz
Processing reads on 1 core in paired-end mode ...
Finished in 198.97 s (380 us/read; 0.16 M reads/minute).

=== Summary ===

Total read pairs processed:            523,189
  Read 1 with adapter:                 459,499 (87.8%)
  Read 2 with adapter:                 372,411 (71.2%)
Pairs that were too short:                   0 (0.0%)
Pairs written (passing filters):       523,189 (100.0%)

Total basepairs processed:   156,956,700 bp
  Read 1:    78,478,350 bp
  Read 2:    78,478,350 bp
Total written (filtered):    128,533,020 bp (81.9%)
  Read 1:    62,626,527 bp
  Read 2:    65,906,493 bp

=== First read: Adapter 1 ===

Sequence: ACGTTGGATGTTTGTTACTATGGTAGATACCACAC; Type: regular 5'; Length: 35; Trimmed: 39551 times.

No. of allowed errors:
0-9 bp: 0; 10-19 bp: 1; 20-29 bp: 2; 30-35 bp: 3

Overview of removed sequences
length	count	expect	max.err	error counts
3	5	8174.8	0	5
4	4	2043.7	0	4
12	1	0.0	1	1
13	4	0.0	1	0 4
14	1	0.0	1	1
16	1	0.0	1	1
18	4	0.0	1	1 2 1
19	2	0.0	1	0 1 1
20	4	0.0	2	2 2
21	5	0.0	2	1 2 2
22	14	0.0	2	5 6 3
23	23	0.0	2	14 8 1
24	4	0.0	2	1 1 2
25	10	0.0	2	2 3 5
26	97	0.0	2	31 28 38
27	198	0.0	2	98 66 33 1
28	241	0.0	2	99 77 54 11
29	543	0.0	2	226 187 92 38
30	997	0.0	3	427 306 172 92
31	592	0.0	3	144 212 149 87
32	1157	0.0	3	243 351 243 320
33	2479	0.0	3	176 307 1096 900
34	8412	0.0	3	135 3599 2749 1929
35	19449	0.0	3	6840 6467 3627 2515
36	3224	0.0	3	10 1166 1337 711
37	966	0.0	3	1 8 502 455
38	1101	0.0	3	0 2 2 1097
40	1	0.0	3	0 1
41	1	0.0	3	0 0 0 1
43	1	0.0	3	0 1
44	3	0.0	3	0 1 1 1
46	2	0.0	3	0 0 1 1
50	1	0.0	3	1
58	1	0.0	3	0 0 1
61	1	0.0	3	0 0 0 1
67	1	0.0	3	0 0 0 1
92	1	0.0	3	1

=== First read: Adapter 2 ===

Sequence: ACGTTGGATGTTTGTTACTAAGGTAGATACCACTC; Type: regular 5'; Length: 35; Trimmed: 12714 times.

No. of allowed errors:
0-9 bp: 0; 10-19 bp: 1; 20-29 bp: 2; 30-35 bp: 3

Overview of removed sequences
length	count	expect	max.err	error counts
3	2	8174.8	0	2
4	2	2043.7	0	2
14	2	0.0	1	2
20	1	0.0	2	0 1
21	2	0.0	2	1 1
22	7	0.0	2	4 2 1
23	4	0.0	2	3 1
24	2	0.0	2	1 1
25	1	0.0	2	0 1
26	30	0.0	2	11 17 2
27	41	0.0	2	19 20 2
28	36	0.0	2	20 12 3 1
29	96	0.0	2	36 35 17 8
30	190	0.0	3	104 54 22 10
31	167	0.0	3	51 65 29 22
32	229	0.0	3	83 69 39 38
33	462	0.0	3	56 95 152 159
34	1905	0.0	3	120 989 431 365
35	8382	0.0	3	5214 1730 912 526
36	580	0.0	3	1 259 190 130
37	451	0.0	3	1 0 262 188
38	120	0.0	3	0 0 1 119
45	1	0.0	3	0 0 0 1
52	1	0.0	3	1

=== First read: Adapter 3 ===

Sequence: ACGTTGGATGTTTGTTACTGTGGTGGATACTAC; Type: regular 5'; Length: 33; Trimmed: 56565 times.

No. of allowed errors:
0-9 bp: 0; 10-19 bp: 1; 20-29 bp: 2; 30-33 bp: 3

Overview of removed sequences
length	count	expect	max.err	error counts
3	7	8174.8	0	7
13	1	0.0	1	1
14	7	0.0	1	6 1
15	5	0.0	1	4 1
16	6	0.0	1	5 1
17	9	0.0	1	5 4
18	7	0.0	1	2 5
19	21	0.0	1	10 7 4
20	68	0.0	2	52 16
21	67	0.0	2	49 14 4
22	27	0.0	2	7 13 7
23	37	0.0	2	14 12 11
24	255	0.0	2	131 87 37
25	628	0.0	2	316 219 93
26	895	0.0	2	422 302 171
27	1483	0.0	2	865 472 145 1
28	2001	0.0	2	1019 700 270 12
29	1395	0.0	2	409 595 328 63
30	3147	0.0	3	829 847 396 1075
31	3745	0.0	3	572 796 1235 1142
32	6935	0.0	3	546 2659 2184 1546
33	24650	0.0	3	10382 7537 4206 2525
34	10526	0.0	3	6 5008 3892 1620
35	454	0.0	3	1 5 144 304
36	145	0.0	3	0 7 2 136
37	5	0.0	3	1 1 1 2
38	4	0.0	3	0 3 1
40	3	0.0	3	0 2 1
41	3	0.0	3	0 0 1 2
42	7	0.0	3	2 3 2
43	2	0.0	3	0 1 1
44	2	0.0	3	0 2
45	1	0.0	3	0 0 1
46	1	0.0	3	0 0 0 1
47	1	0.0	3	0 1
48	1	0.0	3	0 0 0 1
49	3	0.0	3	0 3
50	1	0.0	3	0 1
51	1	0.0	3	1
52	1	0.0	3	0 0 0 1
53	1	0.0	3	0 1
54	3	0.0	3	2 0 0 1
55	1	0.0	3	1
56	1	0.0	3	0 0 0 1
61	1	0.0	3	0 1
73	1	0.0	3	0 0 0 1

=== First read: Adapter 4 ===

Sequence: ACGTTGGATGTTTGTTACTGTTGTGGATACAAC; Type: regular 5'; Length: 33; Trimmed: 28747 times.

No. of allowed errors:
0-9 bp: 0; 10-19 bp: 1; 20-29 bp: 2; 30-33 bp: 3

Overview of removed sequences
length	count	expect	max.err	error counts
3	35	8174.8	0	35
12	1	0.0	1	1
13	1	0.0	1	1
14	1	0.0	1	0 1
18	1	0.0	1	0 1
19	2	0.0	1	0 2
20	6	0.0	2	2 3 1
21	2	0.0	2	2
22	2	0.0	2	1 0 1
23	6	0.0	2	1 3 2
24	42	0.0	2	18 20 4
25	196	0.0	2	80 77 39
26	185	0.0	2	96 71 18
27	216	0.0	2	124 72 20
28	420	0.0	2	247 120 51 2
29	267	0.0	2	112 83 63 9
30	527	0.0	3	168 149 74 136
31	872	0.0	3	150 183 282 257
32	3077	0.0	3	256 1331 729 761
33	20665	0.0	3	10364 4974 3678 1649
34	1573	0.0	3	3 710 442 418
35	429	0.0	3	1 2 209 217
36	213	0.0	3	0 0 1 212
37	2	0.0	3	1 1
42	1	0.0	3	1
49	1	0.0	3	1
50	1	0.0	3	0 0 0 1
54	1	0.0	3	1
62	1	0.0	3	1
63	1	0.0	3	1

=== First read: Adapter 5 ===

Sequence: ACGTTGGATGTTTGTTACCGTTGTTGATACTAC; Type: regular 5'; Length: 33; Trimmed: 43966 times.

No. of allowed errors:
0-9 bp: 0; 10-19 bp: 1; 20-29 bp: 2; 30-33 bp: 3

Overview of removed sequences
length	count	expect	max.err	error counts
11	2	0.1	1	2
12	1	0.0	1	1
13	1	0.0	1	1
14	8	0.0	1	8
15	1	0.0	1	0 1
16	1	0.0	1	0 1
17	2	0.0	1	2
18	4	0.0	1	1 3
19	15	0.0	1	8 6 1
20	34	0.0	2	25 7 2
21	23	0.0	2	15 8
22	10	0.0	2	1 5 4
23	8	0.0	2	2 6
24	202	0.0	2	118 60 24
25	498	0.0	2	299 132 67
26	652	0.0	2	339 236 77
27	1466	0.0	2	971 376 118 1
28	2054	0.0	2	1172 595 272 15
29	1336	0.0	2	420 501 321 94
30	4850	0.0	3	1293 1230 530 1797
31	3390	0.0	3	693 826 831 1040
32	8221	0.0	3	462 1964 3698 2097
33	18262	0.0	3	8809 5334 2756 1363
34	2417	0.0	3	1 1215 782 419
35	323	0.0	3	2 3 82 236
36	154	0.0	3	1 1 0 152
37	7	0.0	3	3 2 0 2
38	4	0.0	3	1 1 1 1
39	2	0.0	3	0 2
40	3	0.0	3	2 0 1
41	3	0.0	3	0 3
42	4	0.0	3	3 0 1
44	1	0.0	3	1
46	2	0.0	3	0 1 0 1
47	1	0.0	3	0 0 1
48	1	0.0	3	0 1
52	1	0.0	3	0 0 0 1
60	1	0.0	3	1
64	1	0.0	3	0 1

=== First read: Adapter 6 ===

Sequence: ACGTTGGATGAATATATGTGTGCTTATTTG; Type: regular 5'; Length: 30; Trimmed: 266 times.

No. of allowed errors:
0-9 bp: 0; 10-19 bp: 1; 20-29 bp: 2; 30 bp: 3

Overview of removed sequences
length	count	expect	max.err	error counts
3	215	8174.8	0	215
4	20	2043.7	0	20
5	3	510.9	0	3
25	1	0.0	2	0 1
29	4	0.0	2	2 1 1
30	22	0.0	3	12 6 2 2
32	1	0.0	3	0 0 1

=== First read: Adapter 7 ===

Sequence: ACGTTGGATGGAAAAATAAACTGCAAATCATATTC; Type: regular 5'; Length: 35; Trimmed: 89699 times.

No. of allowed errors:
0-9 bp: 0; 10-19 bp: 1; 20-29 bp: 2; 30-35 bp: 3

Overview of removed sequences
length	count	expect	max.err	error counts
3	1	8174.8	0	1
4	1	2043.7	0	1
17	4	0.0	1	3 1
18	5	0.0	1	5
23	1	0.0	2	0 0 1
24	4	0.0	2	0 1 3
25	2	0.0	2	1 0 1
26	2	0.0	2	1 1
27	7	0.0	2	5 0 1 1
28	13	0.0	2	3 4 2 4
29	52	0.0	2	17 16 17 2
30	313	0.0	3	126 120 40 27
31	290	0.0	3	116 90 52 32
32	1615	0.0	3	131 104 53 1327
33	1863	0.0	3	47 130 998 688
34	17091	0.0	3	159 12950 2714 1268
35	51062	0.0	3	35496 9089 3609 2868
36	15667	0.0	3	1 12038 2228 1400
37	1224	0.0	3	1 0 473 750
38	474	0.0	3	0 0 0 474
42	1	0.0	3	1
43	2	0.0	3	1 1
45	2	0.0	3	1 1
47	1	0.0	3	0 0 0 1
51	1	0.0	3	0 1
64	1	0.0	3	0 1

=== First read: Adapter 8 ===

Sequence: ACGTTGGATGGAAAAATAAACTGTAAATCATATTC; Type: regular 5'; Length: 35; Trimmed: 17697 times.

No. of allowed errors:
0-9 bp: 0; 10-19 bp: 1; 20-29 bp: 2; 30-35 bp: 3

Overview of removed sequences
length	count	expect	max.err	error counts
17	2	0.0	1	0 2
18	1	0.0	1	1
19	1	0.0	1	0 1
21	1	0.0	2	1
22	1	0.0	2	0 1
23	1	0.0	2	0 0 1
26	2	0.0	2	0 1 1
29	5	0.0	2	1 2 1 1
30	26	0.0	3	6 5 5 10
31	22	0.0	3	0 3 3 16
32	2658	0.0	3	2 4 4 2648
33	760	0.0	3	1 22 388 349
34	4914	0.0	3	11 3332 662 909
35	6794	0.0	3	1622 1985 1375 1812
36	1375	0.0	3	1 264 516 594
37	728	0.0	3	0 0 140 588
38	404	0.0	3	0 0 0 404
43	1	0.0	3	0 0 1
63	1	0.0	3	0 0 1

=== First read: Adapter 9 ===

Sequence: ACGTTGGATGGAAAAATAAATTGTAAATCATACTC; Type: regular 5'; Length: 35; Trimmed: 39206 times.

No. of allowed errors:
0-9 bp: 0; 10-19 bp: 1; 20-29 bp: 2; 30-35 bp: 3

Overview of removed sequences
length	count	expect	max.err	error counts
20	1	0.0	2	1
28	1	0.0	2	0 0 0 1
29	4	0.0	2	2 2
30	20	0.0	3	13 4 2 1
31	48	0.0	3	33 9 5 1
32	175	0.0	3	6 7 3 159
33	1167	0.0	3	23 34 699 411
34	2751	0.0	3	699 1296 502 254
35	33994	0.0	3	22427 6000 1956 3611
36	504	0.0	3	4 127 179 194
37	206	0.0	3	5 1 58 142
38	315	0.0	3	1 0 0 314
40	1	0.0	3	1
41	1	0.0	3	0 0 1
42	1	0.0	3	0 0 0 1
43	3	0.0	3	0 3
44	2	0.0	3	2
45	1	0.0	3	0 1
46	2	0.0	3	2
47	1	0.0	3	0 0 0 1
48	1	0.0	3	0 1
49	1	0.0	3	0 1
52	1	0.0	3	1
54	1	0.0	3	0 1
55	1	0.0	3	1
56	1	0.0	3	1
58	1	0.0	3	0 0 1
61	1	0.0	3	1

=== First read: Adapter 10 ===

Sequence: ACGTTGGATGAGATTAGGGAAAGTATTAGA; Type: regular 5'; Length: 30; Trimmed: 81 times.

No. of allowed errors:
0-9 bp: 0; 10-19 bp: 1; 20-29 bp: 2; 30 bp: 3

Overview of removed sequences
length	count	expect	max.err	error counts
3	74	8174.8	0	74
4	2	2043.7	0	2
28	1	0.0	2	0 0 1
29	2	0.0	2	2
30	2	0.0	3	2

=== First read: Adapter 11 ===

Sequence: ACGTTGGATGGAAAAATAAATTGTAAATCAAATTC; Type: regular 5'; Length: 35; Trimmed: 13084 times.

No. of allowed errors:
0-9 bp: 0; 10-19 bp: 1; 20-29 bp: 2; 30-35 bp: 3

Overview of removed sequences
length	count	expect	max.err	error counts
30	8	0.0	3	4 3 1
31	5	0.0	3	4 0 0 1
32	15	0.0	3	0 2 0 13
33	60	0.0	3	6 9 20 25
34	485	0.0	3	38 225 130 92
35	12057	0.0	3	8322 2338 933 464
36	216	0.0	3	1 93 62 60
37	147	0.0	3	0 0 89 58
38	90	0.0	3	0 0 0 90
46	1	0.0	3	0 0 1

=== First read: Adapter 12 ===

Sequence: ACGTTGGATGGAAAAATAAACTGTAAATCATATTCCT; Type: regular 5'; Length: 37; Trimmed: 117923 times.

No. of allowed errors:
0-9 bp: 0; 10-19 bp: 1; 20-29 bp: 2; 30-37 bp: 3

Overview of removed sequences
length	count	expect	max.err	error counts
3	26	8174.8	0	26
4	7	2043.7	0	7
16	2	0.0	1	1 1
19	1	0.0	1	0 1
20	3	0.0	2	2 1
22	1	0.0	2	1
23	1	0.0	2	1
24	3	0.0	2	0 2 1
25	5	0.0	2	1 1 3
26	1	0.0	2	0 0 1
27	2	0.0	2	1 0 1
28	6	0.0	2	1 2 3
29	4	0.0	2	2 1 1
30	16	0.0	3	1 8 3 4
31	104	0.0	3	2 53 36 13
32	214	0.0	3	33 107 49 25
33	192	0.0	3	28 88 50 26
34	463	0.0	3	24 103 74 262
35	7919	0.0	3	30 169 6053 1667
36	35232	0.0	3	82 22689 8283 4178
37	51160	0.0	3	14613 25145 7930 3472
38	8523	0.0	3	2 1419 4706 2396
39	11601	0.0	3	0 0 3316 8285
40	2424	0.0	3	0 0 1 2423
41	1	0.0	3	0 0 0 1
45	1	0.0	3	1
50	3	0.0	3	2 0 1
51	1	0.0	3	0 0 1
55	2	0.0	3	0 1 0 1
56	1	0.0	3	0 1
58	1	0.0	3	1
63	2	0.0	3	0 2
65	1	0.0	3	0 0 0 1

=== Second read: Adapter 13 ===

Sequence: ACGTTGGATGTTTGTTACTATGGTAGATACCACAC; Type: regular 5'; Length: 35; Trimmed: 39079 times.

No. of allowed errors:
0-9 bp: 0; 10-19 bp: 1; 20-29 bp: 2; 30-35 bp: 3

Overview of removed sequences
length	count	expect	max.err	error counts
3	15	8174.8	0	15
4	32	2043.7	0	32
10	1	0.5	1	1
12	1	0.0	1	0 1
13	1	0.0	1	1
14	1	0.0	1	1
16	1	0.0	1	1
18	2	0.0	1	2
19	5	0.0	1	0 4 1
20	4	0.0	2	0 1 3
21	3	0.0	2	1 1 1
22	3	0.0	2	0 1 2
23	6	0.0	2	2 1 3
24	4	0.0	2	1 1 2
25	2	0.0	2	0 0 2
26	21	0.0	2	3 7 11
27	12	0.0	2	3 6 3
28	41	0.0	2	15 13 8 5
29	81	0.0	2	23 32 18 8
30	192	0.0	3	48 52 43 49
31	246	0.0	3	37 81 70 58
32	414	0.0	3	51 91 72 200
33	2185	0.0	3	73 100 833 1179
34	5976	0.0	3	70 1973 1988 1945
35	24291	0.0	3	6380 7842 5678 4391
36	3279	0.0	3	4 937 1312 1026
37	1270	0.0	3	1 1 543 725
38	933	0.0	3	0 0 0 933
41	1	0.0	3	0 0 0 1
42	2	0.0	3	0 0 0 2
43	11	0.0	3	1 2 3 5
44	4	0.0	3	2 2
45	2	0.0	3	0 0 1 1
46	5	0.0	3	1 2 1 1
47	4	0.0	3	0 2 2
48	2	0.0	3	0 1 1
49	1	0.0	3	0 0 0 1
50	1	0.0	3	0 1
51	2	0.0	3	0 1 1
53	3	0.0	3	1 1 1
54	3	0.0	3	0 2 0 1
55	8	0.0	3	4 0 3 1
56	1	0.0	3	0 0 0 1
57	2	0.0	3	0 1 1
58	1	0.0	3	0 0 0 1
60	2	0.0	3	1 1
62	1	0.0	3	0 1
63	1	0.0	3	0 0 0 1

=== Second read: Adapter 14 ===

Sequence: ACGTTGGATGTTTGTTACTGTGGTGGATACTAC; Type: regular 5'; Length: 33; Trimmed: 91633 times.

No. of allowed errors:
0-9 bp: 0; 10-19 bp: 1; 20-29 bp: 2; 30-33 bp: 3

Overview of removed sequences
length	count	expect	max.err	error counts
3	23	8174.8	0	23
5	3	510.9	0	3
6	2	127.7	0	2
9	1	2.0	0	1
14	2	0.0	1	2
15	2	0.0	1	2
16	3	0.0	1	2 1
17	6	0.0	1	4 2
18	3	0.0	1	0 3
19	7	0.0	1	1 6
20	24	0.0	2	13 7 4
21	9	0.0	2	5 2 2
22	15	0.0	2	3 8 4
23	7	0.0	2	2 3 2
24	51	0.0	2	22 12 17
25	83	0.0	2	20 34 29
26	184	0.0	2	71 60 53
27	157	0.0	2	61 57 36 3
28	224	0.0	2	73 78 66 7
29	309	0.0	2	65 117 103 24
30	6825	0.0	3	107 167 180 6371
31	7411	0.0	3	154 187 2273 4797
32	14081	0.0	3	103 4284 5188 4506
33	39304	0.0	3	15285 12335 7229 4455
34	20767	0.0	3	2 9050 7585 4130
35	847	0.0	3	1 0 264 582
36	410	0.0	3	1 2 2 405
37	4	0.0	3	0 1 0 3
38	21	0.0	3	1 0 4 16
39	28	0.0	3	0 1 5 22
40	42	0.0	3	4 13 13 12
41	96	0.0	3	24 33 22 17
42	102	0.0	3	19 36 24 23
43	55	0.0	3	7 10 15 23
44	59	0.0	3	15 23 13 8
45	61	0.0	3	21 20 13 7
46	49	0.0	3	5 15 12 17
47	40	0.0	3	4 10 13 13
48	28	0.0	3	4 7 5 12
49	54	0.0	3	11 14 15 14
50	43	0.0	3	10 14 11 8
51	44	0.0	3	10 6 17 11
52	42	0.0	3	11 15 9 7
53	35	0.0	3	9 13 5 8
54	21	0.0	3	5 5 4 7
55	14	0.0	3	2 5 3 4
56	9	0.0	3	3 5 1
57	6	0.0	3	2 2 1 1
58	6	0.0	3	0 2 0 4
59	2	0.0	3	0 0 1 1
60	1	0.0	3	0 0 1
61	6	0.0	3	2 1 3
62	3	0.0	3	2 0 0 1
65	2	0.0	3	0 0 2

=== Second read: Adapter 15 ===

Sequence: ACGTTGGATGTTTGTTACTGTTGTGGATACAAC; Type: regular 5'; Length: 33; Trimmed: 46625 times.

No. of allowed errors:
0-9 bp: 0; 10-19 bp: 1; 20-29 bp: 2; 30-33 bp: 3

Overview of removed sequences
length	count	expect	max.err	error counts
3	1446	8174.8	0	1446
4	2	2043.7	0	2
5	8	510.9	0	8
16	1	0.0	1	0 1
18	1	0.0	1	1
20	4	0.0	2	0 2 2
21	2	0.0	2	0 1 1
22	1	0.0	2	0 0 1
23	1	0.0	2	1
24	2	0.0	2	2
25	14	0.0	2	3 2 9
26	35	0.0	2	13 14 8
27	26	0.0	2	10 7 9
28	38	0.0	2	15 13 8 2
29	80	0.0	2	22 32 22 4
30	305	0.0	3	30 38 43 194
31	1465	0.0	3	62 36 468 899
32	8007	0.0	3	71 2581 2187 3168
33	30400	0.0	3	9309 7108 9412 4571
34	2722	0.0	3	1 837 899 985
35	908	0.0	3	0 0 383 525
36	560	0.0	3	0 1 0 559
37	2	0.0	3	0 1 0 1
38	1	0.0	3	1
39	1	0.0	3	0 0 0 1
40	16	0.0	3	6 3 5 2
41	98	0.0	3	26 26 31 15
42	54	0.0	3	12 16 16 10
43	19	0.0	3	2 9 5 3
44	44	0.0	3	13 15 10 6
45	40	0.0	3	19 12 6 3
46	19	0.0	3	4 5 6 4
47	9	0.0	3	0 3 3 3
48	24	0.0	3	7 8 5 4
49	37	0.0	3	14 11 3 9
50	24	0.0	3	8 6 3 7
51	32	0.0	3	14 7 5 6
52	44	0.0	3	15 9 12 8
53	66	0.0	3	18 22 18 8
54	13	0.0	3	3 5 3 2
55	7	0.0	3	1 1 4 1
56	6	0.0	3	0 4 1 1
57	15	0.0	3	4 2 6 3
58	5	0.0	3	0 1 2 2
60	3	0.0	3	1 0 2
61	6	0.0	3	2 1 1 2
62	2	0.0	3	1 1
63	1	0.0	3	1
64	6	0.0	3	5 1
65	3	0.0	3	1 1 1

=== Second read: Adapter 16 ===

Sequence: ACGTTGGATGTTTGTTACCGTTGTTGATACTAC; Type: regular 5'; Length: 33; Trimmed: 62802 times.

No. of allowed errors:
0-9 bp: 0; 10-19 bp: 1; 20-29 bp: 2; 30-33 bp: 3

Overview of removed sequences
length	count	expect	max.err	error counts
10	1	0.5	1	0 1
13	1	0.0	1	0 1
14	1	0.0	1	1
15	1	0.0	1	1
16	6	0.0	1	1 5
17	1	0.0	1	1
18	1	0.0	1	1
19	5	0.0	1	1 3 1
20	6	0.0	2	1 1 4
21	8	0.0	2	8
22	1	0.0	2	1
23	9	0.0	2	3 4 2
24	32	0.0	2	14 8 10
25	50	0.0	2	20 19 11
26	131	0.0	2	45 54 32
27	253	0.0	2	123 81 48 1
28	422	0.0	2	166 144 109 3
29	594	0.0	2	161 227 181 25
30	6540	0.0	3	277 425 287 5551
31	2964	0.0	3	340 338 764 1522
32	13205	0.0	3	189 3152 5557 4307
33	32672	0.0	3	15219 8969 5397 3087
34	4812	0.0	3	0 1942 1696 1174
35	580	0.0	3	0 3 172 405
36	198	0.0	3	0 1 1 196
37	5	0.0	3	2 0 1 2
38	7	0.0	3	1 0 2 4
39	9	0.0	3	1 3 1 4
40	28	0.0	3	1 2 10 15
41	45	0.0	3	9 8 14 14
42	26	0.0	3	6 13 4 3
43	17	0.0	3	0 3 7 7
44	30	0.0	3	11 10 5 4
45	31	0.0	3	6 15 7 3
46	10	0.0	3	6 1 1 2
47	12	0.0	3	5 0 2 5
48	17	0.0	3	1 2 6 8
49	14	0.0	3	2 1 6 5
50	11	0.0	3	3 0 5 3
51	10	0.0	3	1 3 2 4
52	5	0.0	3	0 1 3 1
53	7	0.0	3	3 1 2 1
54	7	0.0	3	0 1 2 4
55	4	0.0	3	2 1 1
56	6	0.0	3	2 2 1 1
57	3	0.0	3	0 2 0 1
58	3	0.0	3	1 0 0 2
62	1	0.0	3	0 0 1

=== Second read: Adapter 17 ===

Sequence: ACGTTGGATGAATATATGTGTGCTTATTTG; Type: regular 5'; Length: 30; Trimmed: 602 times.

No. of allowed errors:
0-9 bp: 0; 10-19 bp: 1; 20-29 bp: 2; 30 bp: 3

Overview of removed sequences
length	count	expect	max.err	error counts
3	561	8174.8	0	561
4	25	2043.7	0	25
5	6	510.9	0	6
6	5	127.7	0	5
29	1	0.0	2	0 0 0 1
30	4	0.0	3	3 0 0 1

=== Second read: Adapter 18 ===

Sequence: ACGTTGGATGTTTGTTACTAAGGTAGATACCACTC; Type: regular 5'; Length: 35; Trimmed: 14185 times.

No. of allowed errors:
0-9 bp: 0; 10-19 bp: 1; 20-29 bp: 2; 30-35 bp: 3

Overview of removed sequences
length	count	expect	max.err	error counts
3	8	8174.8	0	8
4	18	2043.7	0	18
6	2	127.7	0	2
18	1	0.0	1	0 1
20	2	0.0	2	1 0 1
21	3	0.0	2	0 2 1
22	1	0.0	2	0 0 1
23	2	0.0	2	1 0 1
26	4	0.0	2	2 1 1
27	3	0.0	2	2 1
28	4	0.0	2	1 0 3
29	14	0.0	2	4 1 8 1
30	22	0.0	3	7 8 4 3
31	58	0.0	3	10 13 17 18
32	84	0.0	3	9 21 18 36
33	578	0.0	3	30 27 244 277
34	1951	0.0	3	24 817 534 576
35	9810	0.0	3	4220 2648 1803 1139
36	762	0.0	3	2 282 235 243
37	649	0.0	3	0 0 323 326
38	181	0.0	3	0 0 0 181
40	1	0.0	3	1
41	2	0.0	3	0 2
43	2	0.0	3	0 2
44	2	0.0	3	0 0 1 1
45	3	0.0	3	1 0 1 1
46	2	0.0	3	0 1 1
47	3	0.0	3	1 1 0 1
49	2	0.0	3	0 0 0 2
51	1	0.0	3	0 1
52	2	0.0	3	1 1
53	2	0.0	3	0 0 1 1
54	1	0.0	3	0 1
55	5	0.0	3	1 1 1 2

=== Second read: Adapter 19 ===

Sequence: ACGTTGGATGGAAAAATAAACTGCAAATCATATTC; Type: regular 5'; Length: 35; Trimmed: 30327 times.

No. of allowed errors:
0-9 bp: 0; 10-19 bp: 1; 20-29 bp: 2; 30-35 bp: 3

Overview of removed sequences
length	count	expect	max.err	error counts
3	62	8174.8	0	62
4	5	2043.7	0	5
5	1	510.9	0	1
6	1	127.7	0	1
14	1	0.0	1	0 1
16	1	0.0	1	0 1
18	6	0.0	1	4 2
19	2	0.0	1	0 1 1
20	3	0.0	2	2 1
21	3	0.0	2	3
22	2	0.0	2	0 1 1
25	1	0.0	2	0 0 1
26	2	0.0	2	1 1
27	1	0.0	2	0 0 1
28	1	0.0	2	0 0 0 1
29	9	0.0	2	1 1 7
30	46	0.0	3	17 10 13 6
31	52	0.0	3	12 16 8 16
32	588	0.0	3	17 23 13 535
33	746	0.0	3	25 25 352 344
34	4888	0.0	3	26 2518 1351 993
35	17929	0.0	3	8511 4572 2651 2195
36	5164	0.0	3	0 2833 1378 953
37	521	0.0	3	0 1 222 298
38	242	0.0	3	0 0 0 242
43	3	0.0	3	1 0 1 1
44	12	0.0	3	0 4 4 4
45	9	0.0	3	0 5 1 3
46	2	0.0	3	0 2
47	3	0.0	3	0 2 1
48	3	0.0	3	1 0 1 1
49	2	0.0	3	1 1
50	2	0.0	3	0 2
52	5	0.0	3	1 2 1 1
53	3	0.0	3	0 1 1 1
55	1	0.0	3	1
56	5	0.0	3	3 1 1

=== Second read: Adapter 20 ===

Sequence: ACGTTGGATGAGATTAGGGAAAGTATTAGA; Type: regular 5'; Length: 30; Trimmed: 58 times.

No. of allowed errors:
0-9 bp: 0; 10-19 bp: 1; 20-29 bp: 2; 30 bp: 3

Overview of removed sequences
length	count	expect	max.err	error counts
3	53	8174.8	0	53
4	4	2043.7	0	4
11	1	0.1	1	0 1

=== Second read: Adapter 21 ===

Sequence: ACGTTGGATGGAAAAATAAATTGTAAATCATACTC; Type: regular 5'; Length: 35; Trimmed: 16737 times.

No. of allowed errors:
0-9 bp: 0; 10-19 bp: 1; 20-29 bp: 2; 30-35 bp: 3

Overview of removed sequences
length	count	expect	max.err	error counts
5	3	510.9	0	3
15	1	0.0	1	0 1
17	1	0.0	1	1
18	4	0.0	1	3 1
20	2	0.0	2	1 0 1
21	1	0.0	2	0 1
22	1	0.0	2	1
24	1	0.0	2	1
26	2	0.0	2	2
27	2	0.0	2	1 0 1
29	1	0.0	2	0 0 0 1
30	10	0.0	3	7 1 1 1
31	26	0.0	3	13 5 3 5
32	88	0.0	3	0 5 2 81
33	575	0.0	3	13 9 166 387
34	1217	0.0	3	65 495 291 366
35	13954	0.0	3	6634 3201 1797 2322
36	513	0.0	3	1 58 173 281
37	119	0.0	3	1 1 34 83
38	96	0.0	3	2 0 0 94
40	1	0.0	3	1
41	1	0.0	3	0 1
42	8	0.0	3	2 3 1 2
43	24	0.0	3	11 3 5 5
44	15	0.0	3	6 3 2 4
45	6	0.0	3	3 1 1 1
46	6	0.0	3	4 1 1
47	10	0.0	3	3 2 1 4
48	8	0.0	3	4 1 1 2
49	2	0.0	3	1 0 0 1
50	8	0.0	3	3 2 2 1
51	3	0.0	3	1 0 1 1
52	4	0.0	3	0 0 0 4
53	7	0.0	3	2 0 2 3
54	6	0.0	3	1 2 1 2
55	3	0.0	3	1 1 1
56	5	0.0	3	3 1 1
57	1	0.0	3	0 0 1
58	1	0.0	3	0 0 0 1
59	1	0.0	3	0 0 1

=== Second read: Adapter 22 ===

Sequence: ACGTTGGATGGAAAAATAAACTGTAAATCATATTCCT; Type: regular 5'; Length: 37; Trimmed: 58142 times.

No. of allowed errors:
0-9 bp: 0; 10-19 bp: 1; 20-29 bp: 2; 30-37 bp: 3

Overview of removed sequences
length	count	expect	max.err	error counts
3	252	8174.8	0	252
4	464	2043.7	0	464
6	1	127.7	0	1
12	2	0.0	1	0 2
13	1	0.0	1	1
16	1	0.0	1	0 1
17	1	0.0	1	0 1
18	2	0.0	1	0 0 2
19	10	0.0	1	0 7 3
20	15	0.0	2	7 3 5
21	7	0.0	2	1 3 3
22	5	0.0	2	1 2 2
23	1	0.0	2	1
24	3	0.0	2	0 3
25	1	0.0	2	0 1
26	1	0.0	2	0 1
27	1	0.0	2	0 0 1
28	2	0.0	2	0 1 1
29	1	0.0	2	0 1
30	11	0.0	3	1 4 2 4
31	31	0.0	3	1 11 9 10
32	61	0.0	3	10 14 18 19
33	78	0.0	3	9 24 21 24
34	949	0.0	3	6 24 31 888
35	5162	0.0	3	8 40 2815 2299
36	15263	0.0	3	14 7378 4565 3306
37	26582	0.0	3	5047 11163 6440 3932
38	3458	0.0	3	0 470 1652 1336
39	4877	0.0	3	0 1 1606 3270
40	772	0.0	3	0 0 0 772
41	1	0.0	3	0 0 0 1
44	9	0.0	3	0 4 3 2
45	18	0.0	3	0 14 1 3
46	13	0.0	3	0 2 7 4
47	8	0.0	3	2 2 3 1
48	12	0.0	3	2 3 4 3
49	7	0.0	3	2 2 3
50	9	0.0	3	0 4 4 1
51	10	0.0	3	1 3 5 1
52	7	0.0	3	0 4 2 1
53	7	0.0	3	0 5 1 1
54	13	0.0	3	0 5 5 3
55	5	0.0	3	0 4 0 1
57	3	0.0	3	0 0 1 2
58	3	0.0	3	0 0 1 2
61	1	0.0	3	0 0 1
63	1	0.0	3	0 1

=== Second read: Adapter 23 ===

Sequence: ACGTTGGATGGAAAAATAAACTGTAAATCATATTC; Type: regular 5'; Length: 35; Trimmed: 6662 times.

No. of allowed errors:
0-9 bp: 0; 10-19 bp: 1; 20-29 bp: 2; 30-35 bp: 3

Overview of removed sequences
length	count	expect	max.err	error counts
14	3	0.0	1	0 3
15	1	0.0	1	0 1
16	1	0.0	1	0 1
17	3	0.0	1	0 3
18	1	0.0	1	0 1
19	1	0.0	1	0 1
20	1	0.0	2	0 0 1
21	3	0.0	2	0 0 3
22	1	0.0	2	0 0 1
23	1	0.0	2	0 1
24	1	0.0	2	0 0 1
25	1	0.0	2	0 0 1
26	1	0.0	2	0 0 1
27	5	0.0	2	0 0 4 1
28	2	0.0	2	0 0 0 2
29	1	0.0	2	0 0 0 1
30	8	0.0	3	0 0 2 6
31	12	0.0	3	0 0 5 7
32	1207	0.0	3	0 0 3 1204
33	400	0.0	3	0 0 133 267
34	1431	0.0	3	0 0 382 1049
35	2774	0.0	3	0 0 774 2000
36	537	0.0	3	0 0 11 526
37	185	0.0	3	0 0 7 178
38	72	0.0	3	0 0 0 72
46	1	0.0	3	0 0 0 1
49	1	0.0	3	0 0 0 1
50	1	0.0	3	0 0 0 1
51	1	0.0	3	0 0 0 1
52	3	0.0	3	0 0 1 2
55	1	0.0	3	0 0 0 1
65	1	0.0	3	0 0 0 1

=== Second read: Adapter 24 ===

Sequence: ACGTTGGATGGAAAAATAAATTGTAAATCAAATTC; Type: regular 5'; Length: 35; Trimmed: 5559 times.

No. of allowed errors:
0-9 bp: 0; 10-19 bp: 1; 20-29 bp: 2; 30-35 bp: 3

Overview of removed sequences
length	count	expect	max.err	error counts
5	1	510.9	0	1
6	10	127.7	0	10
13	1	0.0	1	1
21	1	0.0	2	1
22	2	0.0	2	1 0 1
28	1	0.0	2	0 0 0 1
29	1	0.0	2	0 1
30	4	0.0	3	2 0 1 1
31	11	0.0	3	2 5 1 3
32	9	0.0	3	1 3 0 5
33	54	0.0	3	1 2 26 25
34	345	0.0	3	12 151 89 93
35	4789	0.0	3	2619 972 716 482
36	157	0.0	3	0 58 52 47
37	111	0.0	3	0 0 55 56
38	44	0.0	3	0 0 0 44
39	1	0.0	3	1
42	1	0.0	3	0 0 0 1
43	1	0.0	3	0 1
44	2	0.0	3	2
45	2	0.0	3	0 1 0 1
46	1	0.0	3	1
47	4	0.0	3	2 1 0 1
48	2	0.0	3	1 0 1
49	1	0.0	3	1
53	1	0.0	3	0 0 0 1
54	2	0.0	3	2

