This is cutadapt 1.18 with Python 3.5.5
Command line parameters: -g ACGTTGGATGTTTGTTACTATGGTAGATACCACAC -g ACGTTGGATGTTTGTTACTAAGGTAGATACCACTC -g ACGTTGGATGTTTGTTACTGTGGTGGATACTAC -g ACGTTGGATGTTTGTTACTGTTGTGGATACAAC -g ACGTTGGATGTTTGTTACCGTTGTTGATACTAC -g ACGTTGGATGAATATATGTGTGCTTATTTG -G ACGTTGGATGTTTGTTACTATGGTAGATACCACAC -G ACGTTGGATGTTTGTTACTGTGGTGGATACTAC -G ACGTTGGATGTTTGTTACTGTTGTGGATACAAC -G ACGTTGGATGTTTGTTACCGTTGTTGATACTAC -G ACGTTGGATGAATATATGTGTGCTTATTTG -G ACGTTGGATGTTTGTTACTAAGGTAGATACCACTC -g ACGTTGGATGGAAAAATAAACTGCAAATCATATTC -g ACGTTGGATGGAAAAATAAACTGTAAATCATATTC -g ACGTTGGATGGAAAAATAAATTGTAAATCATACTC -g ACGTTGGATGAGATTAGGGAAAGTATTAGA -g ACGTTGGATGGAAAAATAAATTGTAAATCAAATTC -g ACGTTGGATGGAAAAATAAACTGTAAATCATATTCCT -G ACGTTGGATGGAAAAATAAACTGCAAATCATATTC -G ACGTTGGATGAGATTAGGGAAAGTATTAGA -G ACGTTGGATGGAAAAATAAATTGTAAATCATACTC -G ACGTTGGATGGAAAAATAAACTGTAAATCATATTCCT -G ACGTTGGATGGAAAAATAAACTGTAAATCATATTC -G ACGTTGGATGGAAAAATAAATTGTAAATCAAATTC --minimum-length=1 -o /data/projects/mdc-971/data_from_June_2019/30.primer_trimmed/180404_S46_cutadapt.1.fq.gz -p /data/projects/mdc-971/data_from_June_2019/30.primer_trimmed/180404_S46_cutadapt.2.fq.gz /data/projects/mdc-971/data_from_June_2019/20.trim_151st_nt/180404_S46_R1_001.bbduked.fastq.gz /data/projects/mdc-971/data_from_June_2019/20.trim_151st_nt/180404_S46_R2_001.bbduked.fastq.gz
Processing reads on 1 core in paired-end mode ...
Finished in 80.68 s (382 us/read; 0.16 M reads/minute).

=== Summary ===

Total read pairs processed:            211,301
  Read 1 with adapter:                 180,669 (85.5%)
  Read 2 with adapter:                 141,617 (67.0%)
Pairs that were too short:                   0 (0.0%)
Pairs written (passing filters):       211,301 (100.0%)

Total basepairs processed:    63,390,300 bp
  Read 1:    31,695,150 bp
  Read 2:    31,695,150 bp
Total written (filtered):     52,333,178 bp (82.6%)
  Read 1:    25,408,833 bp
  Read 2:    26,924,345 bp

=== First read: Adapter 1 ===

Sequence: ACGTTGGATGTTTGTTACTATGGTAGATACCACAC; Type: regular 5'; Length: 35; Trimmed: 14597 times.

No. of allowed errors:
0-9 bp: 0; 10-19 bp: 1; 20-29 bp: 2; 30-35 bp: 3

Overview of removed sequences
length	count	expect	max.err	error counts
3	6	3301.6	0	6
11	1	0.1	1	1
18	2	0.0	1	1 0 1
20	1	0.0	2	0 0 1
22	3	0.0	2	0 1 2
23	2	0.0	2	2
24	3	0.0	2	0 2 1
26	22	0.0	2	12 5 5
27	35	0.0	2	15 13 7
28	45	0.0	2	18 9 12 6
29	100	0.0	2	32 32 25 11
30	182	0.0	3	76 47 32 27
31	133	0.0	3	27 50 34 22
32	278	0.0	3	36 58 53 131
33	927	0.0	3	24 57 444 402
34	2437	0.0	3	36 1167 664 570
35	8331	0.0	3	3291 2796 1384 860
36	915	0.0	3	3 317 355 240
37	846	0.0	3	0 0 225 621
38	324	0.0	3	0 1 0 323
43	1	0.0	3	0 1
48	1	0.0	3	0 0 0 1
52	1	0.0	3	0 0 0 1
94	1	0.0	3	0 1

=== First read: Adapter 2 ===

Sequence: ACGTTGGATGTTTGTTACTAAGGTAGATACCACTC; Type: regular 5'; Length: 35; Trimmed: 5969 times.

No. of allowed errors:
0-9 bp: 0; 10-19 bp: 1; 20-29 bp: 2; 30-35 bp: 3

Overview of removed sequences
length	count	expect	max.err	error counts
3	1	3301.6	0	1
19	1	0.0	1	0 1
20	1	0.0	2	1
22	1	0.0	2	0 1
23	1	0.0	2	1
24	1	0.0	2	0 1
25	1	0.0	2	0 1
26	9	0.0	2	2 6 1
27	15	0.0	2	6 7 2
28	17	0.0	2	7 7 3
29	44	0.0	2	15 16 9 4
30	79	0.0	3	36 24 15 4
31	63	0.0	3	23 19 13 8
32	121	0.0	3	38 24 23 36
33	215	0.0	3	28 40 83 64
34	1547	0.0	3	50 971 333 193
35	3209	0.0	3	1845 753 382 229
36	322	0.0	3	0 95 146 81
37	196	0.0	3	0 0 106 90
38	123	0.0	3	1 1 0 121
42	1	0.0	3	0 1
66	1	0.0	3	1

=== First read: Adapter 3 ===

Sequence: ACGTTGGATGTTTGTTACTGTGGTGGATACTAC; Type: regular 5'; Length: 33; Trimmed: 19382 times.

No. of allowed errors:
0-9 bp: 0; 10-19 bp: 1; 20-29 bp: 2; 30-33 bp: 3

Overview of removed sequences
length	count	expect	max.err	error counts
3	1	3301.6	0	1
9	1	0.8	0	1
12	1	0.0	1	1
13	1	0.0	1	0 1
14	6	0.0	1	3 3
15	2	0.0	1	2
16	2	0.0	1	0 2
17	4	0.0	1	2 2
18	5	0.0	1	2 3
19	12	0.0	1	6 5 1
20	27	0.0	2	23 3 1
21	19	0.0	2	12 4 3
22	5	0.0	2	2 1 2
23	9	0.0	2	5 1 3
24	109	0.0	2	62 34 13
25	245	0.0	2	114 91 40
26	335	0.0	2	138 135 62
27	639	0.0	2	380 189 70
28	843	0.0	2	471 264 102 6
29	533	0.0	2	175 198 131 29
30	1343	0.0	3	355 341 206 441
31	1303	0.0	3	160 256 476 411
32	2398	0.0	3	142 877 793 586
33	8656	0.0	3	3860 2539 1365 892
34	2276	0.0	3	1 965 887 423
35	501	0.0	3	0 0 303 198
36	92	0.0	3	0 2 0 90
37	1	0.0	3	0 1
39	1	0.0	3	0 0 0 1
40	1	0.0	3	0 0 0 1
41	1	0.0	3	0 0 1
42	4	0.0	3	1 2 1
44	2	0.0	3	1 1
45	1	0.0	3	0 1
48	1	0.0	3	1
60	1	0.0	3	0 0 1
64	1	0.0	3	1

=== First read: Adapter 4 ===

Sequence: ACGTTGGATGTTTGTTACTGTTGTGGATACAAC; Type: regular 5'; Length: 33; Trimmed: 9886 times.

No. of allowed errors:
0-9 bp: 0; 10-19 bp: 1; 20-29 bp: 2; 30-33 bp: 3

Overview of removed sequences
length	count	expect	max.err	error counts
3	13	3301.6	0	13
4	1	825.4	0	1
17	1	0.0	1	1
19	3	0.0	1	1 2
20	2	0.0	2	2
21	1	0.0	2	1
24	15	0.0	2	5 7 3
25	54	0.0	2	24 17 13
26	62	0.0	2	32 27 3
27	111	0.0	2	68 34 9
28	295	0.0	2	188 74 31 2
29	200	0.0	2	85 64 42 9
30	405	0.0	3	140 123 79 63
31	502	0.0	3	123 120 137 122
32	1154	0.0	3	86 451 314 303
33	6095	0.0	3	2826 1569 1124 576
34	505	0.0	3	4 197 184 120
35	327	0.0	3	1 1 189 136
36	140	0.0	3	0 0 0 140

=== First read: Adapter 5 ===

Sequence: ACGTTGGATGTTTGTTACCGTTGTTGATACTAC; Type: regular 5'; Length: 33; Trimmed: 12247 times.

No. of allowed errors:
0-9 bp: 0; 10-19 bp: 1; 20-29 bp: 2; 30-33 bp: 3

Overview of removed sequences
length	count	expect	max.err	error counts
14	1	0.0	1	0 1
16	1	0.0	1	0 1
17	1	0.0	1	1
19	2	0.0	1	1 1
20	4	0.0	2	3 1
21	5	0.0	2	2 3
23	5	0.0	2	1 1 3
24	32	0.0	2	14 12 6
25	57	0.0	2	36 13 8
26	104	0.0	2	50 36 18
27	245	0.0	2	160 65 20
28	426	0.0	2	196 150 77 3
29	305	0.0	2	76 127 85 17
30	1047	0.0	3	222 237 132 456
31	1162	0.0	3	137 220 400 405
32	2261	0.0	3	82 558 1022 599
33	4763	0.0	3	2443 1301 631 388
34	1299	0.0	3	1 393 624 281
35	485	0.0	3	0 0 133 352
36	32	0.0	3	0 1 0 31
37	2	0.0	3	1 1
39	2	0.0	3	0 0 0 2
41	1	0.0	3	0 0 1
44	1	0.0	3	1
45	1	0.0	3	0 1
47	2	0.0	3	0 2
52	1	0.0	3	0 0 1

=== First read: Adapter 6 ===

Sequence: ACGTTGGATGAATATATGTGTGCTTATTTG; Type: regular 5'; Length: 30; Trimmed: 97 times.

No. of allowed errors:
0-9 bp: 0; 10-19 bp: 1; 20-29 bp: 2; 30 bp: 3

Overview of removed sequences
length	count	expect	max.err	error counts
3	69	3301.6	0	69
4	4	825.4	0	4
28	1	0.0	2	0 1
29	1	0.0	2	0 0 0 1
30	22	0.0	3	15 4 2 1

=== First read: Adapter 7 ===

Sequence: ACGTTGGATGGAAAAATAAACTGCAAATCATATTC; Type: regular 5'; Length: 35; Trimmed: 37740 times.

No. of allowed errors:
0-9 bp: 0; 10-19 bp: 1; 20-29 bp: 2; 30-35 bp: 3

Overview of removed sequences
length	count	expect	max.err	error counts
3	1	3301.6	0	1
18	4	0.0	1	1 3
20	1	0.0	2	0 0 1
23	1	0.0	2	0 0 1
24	2	0.0	2	0 0 2
25	3	0.0	2	2 1
26	1	0.0	2	0 1
28	1	0.0	2	0 1
29	15	0.0	2	4 6 5
30	84	0.0	3	34 22 19 9
31	70	0.0	3	29 22 14 5
32	602	0.0	3	30 22 12 538
33	785	0.0	3	8 38 398 341
34	6158	0.0	3	60 4524 1048 526
35	21844	0.0	3	15366 3777 1437 1264
36	7224	0.0	3	3 4807 1318 1096
37	605	0.0	3	0 0 243 362
38	337	0.0	3	1 0 0 336
50	1	0.0	3	0 1
62	1	0.0	3	0 1

=== First read: Adapter 8 ===

Sequence: ACGTTGGATGGAAAAATAAACTGTAAATCATATTC; Type: regular 5'; Length: 35; Trimmed: 9592 times.

No. of allowed errors:
0-9 bp: 0; 10-19 bp: 1; 20-29 bp: 2; 30-35 bp: 3

Overview of removed sequences
length	count	expect	max.err	error counts
28	1	0.0	2	0 0 0 1
30	6	0.0	3	1 0 2 3
31	13	0.0	3	6 2 2 3
32	1034	0.0	3	2 4 4 1024
33	387	0.0	3	5 7 196 179
34	2005	0.0	3	5 1276 333 391
35	3975	0.0	3	1353 1177 710 735
36	1487	0.0	3	0 448 497 542
37	358	0.0	3	0 0 77 281
38	324	0.0	3	0 0 0 324
51	1	0.0	3	0 0 1
63	1	0.0	3	0 0 0 1

=== First read: Adapter 9 ===

Sequence: ACGTTGGATGGAAAAATAAATTGTAAATCATACTC; Type: regular 5'; Length: 35; Trimmed: 13696 times.

No. of allowed errors:
0-9 bp: 0; 10-19 bp: 1; 20-29 bp: 2; 30-35 bp: 3

Overview of removed sequences
length	count	expect	max.err	error counts
8	1	3.2	0	1
26	1	0.0	2	1
28	2	0.0	2	0 0 2
30	6	0.0	3	4 2
31	9	0.0	3	6 2 0 1
32	89	0.0	3	7 1 0 81
33	420	0.0	3	5 15 257 143
34	939	0.0	3	227 448 172 92
35	11709	0.0	3	7460 2025 706 1518
36	255	0.0	3	0 137 52 66
37	115	0.0	3	1 2 21 91
38	146	0.0	3	0 0 0 146
42	3	0.0	3	3
47	1	0.0	3	0 1

=== First read: Adapter 10 ===

Sequence: ACGTTGGATGAGATTAGGGAAAGTATTAGA; Type: regular 5'; Length: 30; Trimmed: 32 times.

No. of allowed errors:
0-9 bp: 0; 10-19 bp: 1; 20-29 bp: 2; 30 bp: 3

Overview of removed sequences
length	count	expect	max.err	error counts
3	31	3301.6	0	31
30	1	0.0	3	1

=== First read: Adapter 11 ===

Sequence: ACGTTGGATGGAAAAATAAATTGTAAATCAAATTC; Type: regular 5'; Length: 35; Trimmed: 5703 times.

No. of allowed errors:
0-9 bp: 0; 10-19 bp: 1; 20-29 bp: 2; 30-35 bp: 3

Overview of removed sequences
length	count	expect	max.err	error counts
27	1	0.0	2	1
30	2	0.0	3	0 2
31	5	0.0	3	4 0 1
32	16	0.0	3	1 2 0 13
33	32	0.0	3	2 2 19 9
34	204	0.0	3	7 81 82 34
35	5214	0.0	3	3622 1004 383 205
36	91	0.0	3	0 37 33 21
37	73	0.0	3	1 0 43 29
38	65	0.0	3	0 0 0 65

=== First read: Adapter 12 ===

Sequence: ACGTTGGATGGAAAAATAAACTGTAAATCATATTCCT; Type: regular 5'; Length: 37; Trimmed: 51728 times.

No. of allowed errors:
0-9 bp: 0; 10-19 bp: 1; 20-29 bp: 2; 30-37 bp: 3

Overview of removed sequences
length	count	expect	max.err	error counts
3	18	3301.6	0	18
4	1	825.4	0	1
21	1	0.0	2	0 1
22	1	0.0	2	0 1
24	2	0.0	2	0 2
25	1	0.0	2	0 1
27	4	0.0	2	1 1 2
28	3	0.0	2	0 2 1
29	1	0.0	2	0 0 1
30	1	0.0	3	0 0 0 1
31	29	0.0	3	0 16 10 3
32	54	0.0	3	13 23 12 6
33	49	0.0	3	5 15 13 16
34	144	0.0	3	2 15 9 118
35	2835	0.0	3	8 33 2106 688
36	12074	0.0	3	46 7870 2812 1346
37	25502	0.0	3	8731 11738 3501 1532
38	5276	0.0	3	2 1032 2891 1351
39	4746	0.0	3	0 0 816 3930
40	983	0.0	3	0 0 0 983
55	1	0.0	3	0 1
63	1	0.0	3	0 0 1
67	1	0.0	3	0 0 1

=== Second read: Adapter 13 ===

Sequence: ACGTTGGATGTTTGTTACTATGGTAGATACCACAC; Type: regular 5'; Length: 35; Trimmed: 18763 times.

No. of allowed errors:
0-9 bp: 0; 10-19 bp: 1; 20-29 bp: 2; 30-35 bp: 3

Overview of removed sequences
length	count	expect	max.err	error counts
3	8	3301.6	0	8
4	12	825.4	0	12
10	2	0.2	1	1 1
19	3	0.0	1	1 1 1
20	1	0.0	2	1
21	2	0.0	2	0 0 2
22	3	0.0	2	1 2
23	2	0.0	2	2
24	2	0.0	2	1 0 1
25	1	0.0	2	0 0 1
26	5	0.0	2	1 0 4
27	6	0.0	2	2 1 3
28	9	0.0	2	2 4 2 1
29	16	0.0	2	4 2 7 3
30	40	0.0	3	8 12 11 9
31	53	0.0	3	6 13 16 18
32	108	0.0	3	5 13 19 71
33	1525	0.0	3	9 19 556 941
34	2269	0.0	3	9 737 676 847
35	12444	0.0	3	3414 4194 2802 2034
36	1067	0.0	3	1 287 404 375
37	915	0.0	3	0 0 236 679
38	250	0.0	3	0 0 0 250
42	1	0.0	3	0 1
43	3	0.0	3	0 1 1 1
44	2	0.0	3	1 0 1
45	2	0.0	3	0 1 1
46	1	0.0	3	0 1
47	2	0.0	3	0 0 1 1
48	1	0.0	3	0 0 1
52	2	0.0	3	0 0 1 1
53	1	0.0	3	1
54	2	0.0	3	0 1 1
57	1	0.0	3	0 0 0 1
59	1	0.0	3	0 1
60	1	0.0	3	0 0 0 1

=== Second read: Adapter 14 ===

Sequence: ACGTTGGATGTTTGTTACTGTGGTGGATACTAC; Type: regular 5'; Length: 33; Trimmed: 33350 times.

No. of allowed errors:
0-9 bp: 0; 10-19 bp: 1; 20-29 bp: 2; 30-33 bp: 3

Overview of removed sequences
length	count	expect	max.err	error counts
3	6	3301.6	0	6
5	3	206.3	0	3
6	1	51.6	0	1
9	1	0.8	0	1
10	1	0.2	1	1
15	2	0.0	1	2
16	2	0.0	1	1 1
17	1	0.0	1	0 1
18	5	0.0	1	1 4
19	2	0.0	1	0 1 1
20	4	0.0	2	2 2
21	4	0.0	2	1 2 1
22	6	0.0	2	1 3 2
23	3	0.0	2	1 1 1
24	23	0.0	2	9 5 9
25	31	0.0	2	6 14 11
26	79	0.0	2	25 35 19
27	86	0.0	2	35 27 24
28	122	0.0	2	38 53 29 2
29	140	0.0	2	28 62 41 9
30	2381	0.0	3	32 65 78 2206
31	2953	0.0	3	53 70 992 1838
32	5640	0.0	3	28 1619 2122 1871
33	16063	0.0	3	6455 5026 2805 1777
34	4591	0.0	3	0 1738 1733 1120
35	711	0.0	3	0 1 335 375
36	215	0.0	3	0 0 1 214
37	3	0.0	3	1 1 0 1
38	2	0.0	3	0 0 0 2
39	12	0.0	3	0 0 4 8
40	14	0.0	3	1 2 5 6
41	44	0.0	3	8 18 8 10
42	33	0.0	3	7 13 5 8
43	16	0.0	3	2 8 3 3
44	28	0.0	3	7 9 4 8
45	22	0.0	3	4 9 4 5
46	13	0.0	3	3 1 6 3
47	8	0.0	3	0 2 0 6
48	12	0.0	3	1 6 0 5
49	12	0.0	3	1 1 5 5
50	10	0.0	3	5 1 1 3
51	15	0.0	3	4 4 2 5
52	8	0.0	3	2 4 2
53	8	0.0	3	3 3 0 2
54	5	0.0	3	0 3 2
55	2	0.0	3	0 0 2
56	1	0.0	3	0 0 0 1
57	5	0.0	3	1 2 0 2
59	1	0.0	3	0 1

=== Second read: Adapter 15 ===

Sequence: ACGTTGGATGTTTGTTACTGTTGTGGATACAAC; Type: regular 5'; Length: 33; Trimmed: 19609 times.

No. of allowed errors:
0-9 bp: 0; 10-19 bp: 1; 20-29 bp: 2; 30-33 bp: 3

Overview of removed sequences
length	count	expect	max.err	error counts
3	555	3301.6	0	555
4	1	825.4	0	1
5	2	206.3	0	2
16	1	0.0	1	1
18	1	0.0	1	0 1
19	1	0.0	1	0 1
21	1	0.0	2	0 1
23	1	0.0	2	0 1
24	6	0.0	2	3 2 1
25	9	0.0	2	3 1 5
26	18	0.0	2	7 6 5
27	16	0.0	2	2 11 3
28	50	0.0	2	23 16 11
29	69	0.0	2	18 23 25 3
30	147	0.0	3	23 28 22 74
31	752	0.0	3	43 38 247 424
32	3620	0.0	3	16 1215 1058 1331
33	12148	0.0	3	3591 2901 3785 1871
34	1110	0.0	3	0 307 416 387
35	598	0.0	3	0 0 290 308
36	297	0.0	3	0 0 0 297
38	2	0.0	3	0 0 1 1
39	1	0.0	3	0 0 0 1
40	8	0.0	3	4 1 0 3
41	38	0.0	3	8 12 10 8
42	22	0.0	3	8 6 4 4
43	6	0.0	3	0 0 3 3
44	15	0.0	3	4 2 4 5
45	10	0.0	3	2 3 3 2
46	8	0.0	3	2 1 4 1
47	3	0.0	3	0 2 1
48	8	0.0	3	2 4 1 1
49	16	0.0	3	8 3 5
50	10	0.0	3	4 1 3 2
51	13	0.0	3	4 4 3 2
52	10	0.0	3	1 3 5 1
53	21	0.0	3	6 7 4 4
54	3	0.0	3	1 2
55	3	0.0	3	1 1 1
56	3	0.0	3	1 0 1 1
57	5	0.0	3	3 0 1 1
62	1	0.0	3	0 1

=== Second read: Adapter 16 ===

Sequence: ACGTTGGATGTTTGTTACCGTTGTTGATACTAC; Type: regular 5'; Length: 33; Trimmed: 22848 times.

No. of allowed errors:
0-9 bp: 0; 10-19 bp: 1; 20-29 bp: 2; 30-33 bp: 3

Overview of removed sequences
length	count	expect	max.err	error counts
11	1	0.1	1	0 1
15	1	0.0	1	0 1
18	4	0.0	1	1 3
19	2	0.0	1	0 2
20	3	0.0	2	1 1 1
23	1	0.0	2	1
24	4	0.0	2	1 3
25	10	0.0	2	3 3 4
26	23	0.0	2	10 10 3
27	57	0.0	2	24 12 21
28	122	0.0	2	36 41 40 5
29	146	0.0	2	39 43 57 7
30	2065	0.0	3	61 87 75 1842
31	1570	0.0	3	87 99 632 752
32	5327	0.0	3	36 1178 2231 1882
33	9557	0.0	3	4368 2636 1568 985
34	3092	0.0	3	1 657 1509 925
35	659	0.0	3	0 0 179 480
36	95	0.0	3	0 0 0 95
37	3	0.0	3	1 0 0 2
38	3	0.0	3	1 0 0 2
39	1	0.0	3	0 0 0 1
40	11	0.0	3	1 1 4 5
41	16	0.0	3	5 4 3 4
42	11	0.0	3	2 5 1 3
43	9	0.0	3	0 1 3 5
44	12	0.0	3	2 5 2 3
45	9	0.0	3	2 1 3 3
46	3	0.0	3	1 0 0 2
47	2	0.0	3	0 0 1 1
48	6	0.0	3	0 2 2 2
49	3	0.0	3	2 0 1
50	3	0.0	3	0 0 3
51	1	0.0	3	0 0 1
52	4	0.0	3	3 0 0 1
54	8	0.0	3	0 0 7 1
55	3	0.0	3	0 2 0 1
61	1	0.0	3	0 0 0 1

=== Second read: Adapter 17 ===

Sequence: ACGTTGGATGAATATATGTGTGCTTATTTG; Type: regular 5'; Length: 30; Trimmed: 212 times.

No. of allowed errors:
0-9 bp: 0; 10-19 bp: 1; 20-29 bp: 2; 30 bp: 3

Overview of removed sequences
length	count	expect	max.err	error counts
3	193	3301.6	0	193
4	5	825.4	0	5
5	2	206.3	0	2
6	2	51.6	0	2
30	10	0.0	3	4 3 2 1

=== Second read: Adapter 18 ===

Sequence: ACGTTGGATGTTTGTTACTAAGGTAGATACCACTC; Type: regular 5'; Length: 35; Trimmed: 7552 times.

No. of allowed errors:
0-9 bp: 0; 10-19 bp: 1; 20-29 bp: 2; 30-35 bp: 3

Overview of removed sequences
length	count	expect	max.err	error counts
3	3	3301.6	0	3
4	7	825.4	0	7
20	1	0.0	2	0 1
26	1	0.0	2	1
27	4	0.0	2	2 1 1
28	5	0.0	2	1 3 1
29	12	0.0	2	7 3 1 1
30	15	0.0	3	4 3 6 2
31	22	0.0	3	4 8 4 6
32	63	0.0	3	7 8 12 36
33	422	0.0	3	4 16 174 228
34	1612	0.0	3	12 766 484 350
35	4476	0.0	3	1825 1289 826 536
36	455	0.0	3	1 117 159 178
37	320	0.0	3	1 0 144 175
38	122	0.0	3	0 0 0 122
39	1	0.0	3	1
43	4	0.0	3	2 1 0 1
45	1	0.0	3	0 0 1
46	1	0.0	3	0 0 1
50	1	0.0	3	1
53	1	0.0	3	1
54	1	0.0	3	0 1
56	1	0.0	3	0 0 0 1
59	1	0.0	3	0 0 1

=== Second read: Adapter 19 ===

Sequence: ACGTTGGATGGAAAAATAAACTGCAAATCATATTC; Type: regular 5'; Length: 35; Trimmed: 10414 times.

No. of allowed errors:
0-9 bp: 0; 10-19 bp: 1; 20-29 bp: 2; 30-35 bp: 3

Overview of removed sequences
length	count	expect	max.err	error counts
3	19	3301.6	0	19
4	3	825.4	0	3
16	1	0.0	1	0 1
18	3	0.0	1	3
19	1	0.0	1	0 1
25	1	0.0	2	0 1
26	3	0.0	2	0 3
27	2	0.0	2	0 2
28	1	0.0	2	1
29	4	0.0	2	1 2 0 1
30	13	0.0	3	4 3 5 1
31	13	0.0	3	6 2 3 2
32	210	0.0	3	1 2 3 204
33	335	0.0	3	1 6 174 154
34	1683	0.0	3	6 816 474 387
35	5888	0.0	3	2821 1449 872 746
36	1835	0.0	3	0 777 507 551
37	216	0.0	3	0 0 66 150
38	164	0.0	3	0 0 0 164
39	1	0.0	3	0 0 1
42	1	0.0	3	0 0 1
43	2	0.0	3	0 1 0 1
44	2	0.0	3	0 0 2
45	1	0.0	3	0 0 1
47	1	0.0	3	0 0 0 1
48	7	0.0	3	2 3 0 2
50	1	0.0	3	0 1
52	1	0.0	3	0 0 0 1
53	1	0.0	3	0 0 0 1
55	1	0.0	3	0 0 0 1

=== Second read: Adapter 20 ===

Sequence: ACGTTGGATGAGATTAGGGAAAGTATTAGA; Type: regular 5'; Length: 30; Trimmed: 27 times.

No. of allowed errors:
0-9 bp: 0; 10-19 bp: 1; 20-29 bp: 2; 30 bp: 3

Overview of removed sequences
length	count	expect	max.err	error counts
3	21	3301.6	0	21
4	4	825.4	0	4
5	1	206.3	0	1
30	1	0.0	3	1

=== Second read: Adapter 21 ===

Sequence: ACGTTGGATGGAAAAATAAATTGTAAATCATACTC; Type: regular 5'; Length: 35; Trimmed: 5649 times.

No. of allowed errors:
0-9 bp: 0; 10-19 bp: 1; 20-29 bp: 2; 30-35 bp: 3

Overview of removed sequences
length	count	expect	max.err	error counts
13	1	0.0	1	0 1
18	1	0.0	1	0 1
21	1	0.0	2	1
28	2	0.0	2	0 1 0 1
29	2	0.0	2	0 1 0 1
30	7	0.0	3	4 3
31	12	0.0	3	5 2 1 4
32	45	0.0	3	0 1 1 43
33	263	0.0	3	3 2 69 189
34	476	0.0	3	22 173 112 169
35	4383	0.0	3	2047 1031 628 677
36	307	0.0	3	0 56 132 119
37	87	0.0	3	1 0 16 70
38	35	0.0	3	0 0 0 35
42	1	0.0	3	0 0 0 1
43	3	0.0	3	0 1 1 1
44	4	0.0	3	2 1 1
45	1	0.0	3	0 0 1
46	1	0.0	3	0 1
47	1	0.0	3	1
48	2	0.0	3	2
49	3	0.0	3	1 0 1 1
50	1	0.0	3	0 1
52	3	0.0	3	2 0 0 1
53	2	0.0	3	1 0 1
54	1	0.0	3	1
55	1	0.0	3	0 0 0 1
56	2	0.0	3	0 1 0 1
57	1	0.0	3	0 1

=== Second read: Adapter 22 ===

Sequence: ACGTTGGATGGAAAAATAAACTGTAAATCATATTCCT; Type: regular 5'; Length: 37; Trimmed: 18373 times.

No. of allowed errors:
0-9 bp: 0; 10-19 bp: 1; 20-29 bp: 2; 30-37 bp: 3

Overview of removed sequences
length	count	expect	max.err	error counts
3	97	3301.6	0	97
4	218	825.4	0	218
5	1	206.3	0	1
14	1	0.0	1	0 1
17	1	0.0	1	1
18	5	0.0	1	0 0 5
19	4	0.0	1	0 3 1
20	7	0.0	2	1 0 6
21	2	0.0	2	1 0 1
22	1	0.0	2	0 0 1
23	2	0.0	2	0 0 2
24	2	0.0	2	1 0 1
27	1	0.0	2	1
30	5	0.0	3	0 0 3 2
31	1	0.0	3	0 1
32	15	0.0	3	3 5 5 2
33	17	0.0	3	0 5 8 4
34	366	0.0	3	1 6 8 351
35	2349	0.0	3	4 8 1250 1087
36	3727	0.0	3	5 1730 1127 865
37	8401	0.0	3	1796 3182 2060 1363
38	1609	0.0	3	0 211 754 644
39	1276	0.0	3	0 0 215 1061
40	232	0.0	3	0 0 1 231
44	2	0.0	3	0 1 0 1
45	1	0.0	3	0 1
46	4	0.0	3	1 2 1
47	5	0.0	3	0 4 1
48	1	0.0	3	0 0 0 1
49	4	0.0	3	0 1 1 2
50	2	0.0	3	0 2
51	2	0.0	3	0 0 2
52	5	0.0	3	1 2 2
53	1	0.0	3	0 1
54	3	0.0	3	0 0 1 2
55	1	0.0	3	0 0 1
58	1	0.0	3	0 0 1
65	1	0.0	3	0 0 1

=== Second read: Adapter 23 ===

Sequence: ACGTTGGATGGAAAAATAAACTGTAAATCATATTC; Type: regular 5'; Length: 35; Trimmed: 3121 times.

No. of allowed errors:
0-9 bp: 0; 10-19 bp: 1; 20-29 bp: 2; 30-35 bp: 3

Overview of removed sequences
length	count	expect	max.err	error counts
16	1	0.0	1	0 1
18	3	0.0	1	0 3
20	1	0.0	2	0 0 1
21	1	0.0	2	0 1
28	1	0.0	2	0 0 1
29	2	0.0	2	0 0 0 2
30	2	0.0	3	0 0 0 2
31	5	0.0	3	0 0 2 3
32	421	0.0	3	0 0 1 420
33	261	0.0	3	0 0 130 131
34	621	0.0	3	0 0 194 427
35	1157	0.0	3	0 0 446 711
36	521	0.0	3	0 0 12 509
37	88	0.0	3	0 0 4 84
38	31	0.0	3	0 0 0 31
41	1	0.0	3	0 0 0 1
42	1	0.0	3	0 0 0 1
45	2	0.0	3	0 0 0 2
51	1	0.0	3	0 0 1

=== Second read: Adapter 24 ===

Sequence: ACGTTGGATGGAAAAATAAATTGTAAATCAAATTC; Type: regular 5'; Length: 35; Trimmed: 1699 times.

No. of allowed errors:
0-9 bp: 0; 10-19 bp: 1; 20-29 bp: 2; 30-35 bp: 3

Overview of removed sequences
length	count	expect	max.err	error counts
6	2	51.6	0	2
19	1	0.0	1	1
22	1	0.0	2	0 1
23	1	0.0	2	0 0 1
27	1	0.0	2	1
30	7	0.0	3	4 2 0 1
31	4	0.0	3	3 1
32	6	0.0	3	1 0 0 5
33	36	0.0	3	1 2 19 14
34	139	0.0	3	0 60 39 40
35	1387	0.0	3	729 296 192 170
36	52	0.0	3	0 10 25 17
37	44	0.0	3	0 0 15 29
38	17	0.0	3	0 0 0 17
50	1	0.0	3	0 0 0 1

