This is cutadapt 1.18 with Python 3.5.5
Command line parameters: -g ACGTTGGATGTTTGTTACTATGGTAGATACCACAC -g ACGTTGGATGTTTGTTACTAAGGTAGATACCACTC -g ACGTTGGATGTTTGTTACTGTGGTGGATACTAC -g ACGTTGGATGTTTGTTACTGTTGTGGATACAAC -g ACGTTGGATGTTTGTTACCGTTGTTGATACTAC -g ACGTTGGATGAATATATGTGTGCTTATTTG -G ACGTTGGATGTTTGTTACTATGGTAGATACCACAC -G ACGTTGGATGTTTGTTACTGTGGTGGATACTAC -G ACGTTGGATGTTTGTTACTGTTGTGGATACAAC -G ACGTTGGATGTTTGTTACCGTTGTTGATACTAC -G ACGTTGGATGAATATATGTGTGCTTATTTG -G ACGTTGGATGTTTGTTACTAAGGTAGATACCACTC -g ACGTTGGATGGAAAAATAAACTGCAAATCATATTC -g ACGTTGGATGGAAAAATAAACTGTAAATCATATTC -g ACGTTGGATGGAAAAATAAATTGTAAATCATACTC -g ACGTTGGATGAGATTAGGGAAAGTATTAGA -g ACGTTGGATGGAAAAATAAATTGTAAATCAAATTC -g ACGTTGGATGGAAAAATAAACTGTAAATCATATTCCT -G ACGTTGGATGGAAAAATAAACTGCAAATCATATTC -G ACGTTGGATGAGATTAGGGAAAGTATTAGA -G ACGTTGGATGGAAAAATAAATTGTAAATCATACTC -G ACGTTGGATGGAAAAATAAACTGTAAATCATATTCCT -G ACGTTGGATGGAAAAATAAACTGTAAATCATATTC -G ACGTTGGATGGAAAAATAAATTGTAAATCAAATTC --minimum-length=1 -o /data/projects/mdc-971/data_from_June_2019/30.primer_trimmed/180431_S56_cutadapt.1.fq.gz -p /data/projects/mdc-971/data_from_June_2019/30.primer_trimmed/180431_S56_cutadapt.2.fq.gz /data/projects/mdc-971/data_from_June_2019/20.trim_151st_nt/180431_S56_R1_001.bbduked.fastq.gz /data/projects/mdc-971/data_from_June_2019/20.trim_151st_nt/180431_S56_R2_001.bbduked.fastq.gz
Processing reads on 1 core in paired-end mode ...
Finished in 274.60 s (379 us/read; 0.16 M reads/minute).

=== Summary ===

Total read pairs processed:            724,986
  Read 1 with adapter:                 635,662 (87.7%)
  Read 2 with adapter:                 500,536 (69.0%)
Pairs that were too short:                   0 (0.0%)
Pairs written (passing filters):       724,986 (100.0%)

Total basepairs processed:   217,495,800 bp
  Read 1:   108,747,900 bp
  Read 2:   108,747,900 bp
Total written (filtered):    178,410,540 bp (82.0%)
  Read 1:    86,543,931 bp
  Read 2:    91,866,609 bp

=== First read: Adapter 1 ===

Sequence: ACGTTGGATGTTTGTTACTATGGTAGATACCACAC; Type: regular 5'; Length: 35; Trimmed: 46787 times.

No. of allowed errors:
0-9 bp: 0; 10-19 bp: 1; 20-29 bp: 2; 30-35 bp: 3

Overview of removed sequences
length	count	expect	max.err	error counts
3	8	11327.9	0	8
4	10	2832.0	0	10
12	1	0.0	1	0 1
14	3	0.0	1	2 1
15	1	0.0	1	0 1
16	3	0.0	1	2 1
18	2	0.0	1	0 1 1
19	6	0.0	1	2 4
20	4	0.0	2	2 1 1
21	6	0.0	2	1 4 1
22	20	0.0	2	11 7 2
23	24	0.0	2	14 7 3
24	10	0.0	2	3 3 4
25	11	0.0	2	0 4 7
26	88	0.0	2	26 35 27
27	127	0.0	2	52 48 27
28	207	0.0	2	87 56 52 12
29	429	0.0	2	175 149 75 30
30	658	0.0	3	263 223 102 70
31	391	0.0	3	98 123 115 55
32	766	0.0	3	110 172 149 335
33	2811	0.0	3	93 197 1419 1102
34	8414	0.0	3	148 3732 2507 2027
35	27327	0.0	3	10230 9629 4370 3098
36	3401	0.0	3	12 1236 1329 824
37	1189	0.0	3	0 0 557 632
38	861	0.0	3	0 0 1 860
39	1	0.0	3	0 0 0 1
41	1	0.0	3	0 0 0 1
43	1	0.0	3	1
46	1	0.0	3	1
48	1	0.0	3	0 1
55	1	0.0	3	0 0 0 1
56	1	0.0	3	0 0 1
65	1	0.0	3	0 0 0 1
66	1	0.0	3	1

=== First read: Adapter 2 ===

Sequence: ACGTTGGATGTTTGTTACTAAGGTAGATACCACTC; Type: regular 5'; Length: 35; Trimmed: 17062 times.

No. of allowed errors:
0-9 bp: 0; 10-19 bp: 1; 20-29 bp: 2; 30-35 bp: 3

Overview of removed sequences
length	count	expect	max.err	error counts
3	2	11327.9	0	2
4	1	2832.0	0	1
8	1	11.1	0	1
10	1	0.7	1	0 1
15	1	0.0	1	1
18	4	0.0	1	2 2
19	2	0.0	1	2
20	1	0.0	2	1
21	1	0.0	2	1
22	1	0.0	2	0 1
23	2	0.0	2	0 0 2
25	4	0.0	2	0 1 3
26	30	0.0	2	13 13 4
27	46	0.0	2	20 19 7
28	45	0.0	2	23 13 9
29	102	0.0	2	48 33 17 4
30	210	0.0	3	104 72 26 8
31	181	0.0	3	68 58 38 17
32	245	0.0	3	75 64 36 70
33	482	0.0	3	55 68 194 165
34	2892	0.0	3	169 1550 658 515
35	10802	0.0	3	6704 2205 1196 697
36	1007	0.0	3	4 347 393 263
37	563	0.0	3	0 1 290 272
38	426	0.0	3	0 1 0 425
39	1	0.0	3	0 0 0 1
45	3	0.0	3	0 1 0 2
50	1	0.0	3	0 0 0 1
51	1	0.0	3	0 0 0 1
55	2	0.0	3	1 1
88	1	0.0	3	0 0 1
106	1	0.0	3	0 1

=== First read: Adapter 3 ===

Sequence: ACGTTGGATGTTTGTTACTGTGGTGGATACTAC; Type: regular 5'; Length: 33; Trimmed: 65728 times.

No. of allowed errors:
0-9 bp: 0; 10-19 bp: 1; 20-29 bp: 2; 30-33 bp: 3

Overview of removed sequences
length	count	expect	max.err	error counts
3	5	11327.9	0	5
4	1	2832.0	0	1
12	1	0.0	1	1
13	1	0.0	1	0 1
14	6	0.0	1	3 3
15	1	0.0	1	0 1
16	3	0.0	1	2 1
17	6	0.0	1	4 2
18	10	0.0	1	4 4 2
19	29	0.0	1	15 10 4
20	47	0.0	2	32 12 3
21	38	0.0	2	26 8 4
22	23	0.0	2	4 11 8
23	40	0.0	2	6 24 10
24	284	0.0	2	152 106 26
25	594	0.0	2	290 204 100
26	808	0.0	2	346 297 165
27	1583	0.0	2	900 515 167 1
28	2087	0.0	2	1108 687 267 25
29	1411	0.0	2	431 542 352 86
30	3601	0.0	3	870 828 475 1428
31	5157	0.0	3	988 912 1768 1489
32	8135	0.0	3	749 2988 2508 1890
33	32696	0.0	3	14244 9531 5212 3709
34	7422	0.0	3	7 3034 2860 1521
35	1418	0.0	3	2 5 777 634
36	264	0.0	3	5 4 1 254
37	10	0.0	3	4 4 1 1
38	6	0.0	3	2 4
39	1	0.0	3	1
40	4	0.0	3	1 1 1 1
41	7	0.0	3	2 3 0 2
42	5	0.0	3	2 3
43	4	0.0	3	0 1 2 1
44	3	0.0	3	1 0 1 1
45	2	0.0	3	1 0 0 1
46	1	0.0	3	0 0 0 1
47	3	0.0	3	0 1 0 2
49	2	0.0	3	1 0 0 1
50	2	0.0	3	2
52	1	0.0	3	1
53	2	0.0	3	1 0 1
54	1	0.0	3	0 0 0 1
59	1	0.0	3	0 0 0 1
62	1	0.0	3	0 1
63	1	0.0	3	0 0 1

=== First read: Adapter 4 ===

Sequence: ACGTTGGATGTTTGTTACTGTTGTGGATACAAC; Type: regular 5'; Length: 33; Trimmed: 30620 times.

No. of allowed errors:
0-9 bp: 0; 10-19 bp: 1; 20-29 bp: 2; 30-33 bp: 3

Overview of removed sequences
length	count	expect	max.err	error counts
3	47	11327.9	0	47
18	1	0.0	1	1
19	2	0.0	1	2
20	2	0.0	2	1 1
21	1	0.0	2	1
22	2	0.0	2	0 1 1
23	2	0.0	2	1 0 1
24	43	0.0	2	20 15 8
25	214	0.0	2	84 87 43
26	184	0.0	2	105 59 20
27	279	0.0	2	159 86 33 1
28	646	0.0	2	389 186 69 2
29	447	0.0	2	190 150 87 20
30	692	0.0	3	268 221 108 95
31	1265	0.0	3	249 285 399 332
32	3663	0.0	3	243 1492 909 1019
33	19913	0.0	3	9414 4993 3664 1842
34	1683	0.0	3	6 693 554 430
35	1052	0.0	3	1 2 550 499
36	472	0.0	3	0 0 0 472
37	1	0.0	3	0 0 0 1
42	1	0.0	3	1
44	1	0.0	3	0 1
46	1	0.0	3	0 1
48	1	0.0	3	0 0 1
49	1	0.0	3	1
50	1	0.0	3	1
53	1	0.0	3	0 0 1
58	1	0.0	3	1
60	1	0.0	3	0 0 0 1

=== First read: Adapter 5 ===

Sequence: ACGTTGGATGTTTGTTACCGTTGTTGATACTAC; Type: regular 5'; Length: 33; Trimmed: 37769 times.

No. of allowed errors:
0-9 bp: 0; 10-19 bp: 1; 20-29 bp: 2; 30-33 bp: 3

Overview of removed sequences
length	count	expect	max.err	error counts
11	2	0.2	1	2
13	1	0.0	1	0 1
14	4	0.0	1	2 2
16	1	0.0	1	0 1
18	4	0.0	1	2 0 2
19	4	0.0	1	3 1
20	20	0.0	2	12 6 2
21	10	0.0	2	7 2 1
22	2	0.0	2	0 0 2
23	4	0.0	2	1 1 2
24	79	0.0	2	42 30 7
25	185	0.0	2	100 52 33
26	277	0.0	2	114 96 67
27	560	0.0	2	352 151 56 1
28	944	0.0	2	457 312 157 18
29	617	0.0	2	173 224 161 59
30	2910	0.0	3	414 486 279 1731
31	3019	0.0	3	299 413 949 1358
32	7355	0.0	3	261 1644 3495 1955
33	16852	0.0	3	9008 4392 2166 1286
34	3004	0.0	3	0 818 1405 781
35	1725	0.0	3	1 2 239 1483
36	171	0.0	3	0 1 0 170
37	3	0.0	3	2 1
39	1	0.0	3	0 0 0 1
41	2	0.0	3	0 0 2
42	3	0.0	3	0 1 1 1
43	1	0.0	3	0 0 1
45	3	0.0	3	0 3
51	1	0.0	3	0 0 0 1
52	1	0.0	3	0 0 1
53	1	0.0	3	0 0 0 1
60	3	0.0	3	0 0 2 1

=== First read: Adapter 6 ===

Sequence: ACGTTGGATGAATATATGTGTGCTTATTTG; Type: regular 5'; Length: 30; Trimmed: 268 times.

No. of allowed errors:
0-9 bp: 0; 10-19 bp: 1; 20-29 bp: 2; 30 bp: 3

Overview of removed sequences
length	count	expect	max.err	error counts
3	187	11327.9	0	187
4	21	2832.0	0	21
5	3	708.0	0	3
29	7	0.0	2	2 4 1
30	48	0.0	3	31 8 5 4
31	1	0.0	3	0 0 0 1
32	1	0.0	3	0 0 0 1

=== First read: Adapter 7 ===

Sequence: ACGTTGGATGGAAAAATAAACTGCAAATCATATTC; Type: regular 5'; Length: 35; Trimmed: 141614 times.

No. of allowed errors:
0-9 bp: 0; 10-19 bp: 1; 20-29 bp: 2; 30-35 bp: 3

Overview of removed sequences
length	count	expect	max.err	error counts
3	2	11327.9	0	2
6	1	177.0	0	1
14	1	0.0	1	0 1
17	1	0.0	1	0 1
18	2	0.0	1	2
21	2	0.0	2	1 1
22	1	0.0	2	0 0 1
23	1	0.0	2	0 0 1
24	3	0.0	2	0 2 1
25	4	0.0	2	4
26	7	0.0	2	3 2 2
27	12	0.0	2	6 3 2 1
28	16	0.0	2	6 2 5 3
29	54	0.0	2	8 24 13 9
30	390	0.0	3	172 124 65 29
31	286	0.0	3	115 86 52 33
32	2038	0.0	3	86 83 41 1828
33	3711	0.0	3	42 152 2285 1232
34	23057	0.0	3	221 17092 3838 1906
35	84384	0.0	3	59132 14300 6009 4943
36	24432	0.0	3	2 16583 4286 3561
37	2107	0.0	3	0 2 788 1317
38	1097	0.0	3	0 0 0 1097
44	1	0.0	3	0 1
47	1	0.0	3	0 1
49	1	0.0	3	1
52	1	0.0	3	1
61	1	0.0	3	0 1

=== First read: Adapter 8 ===

Sequence: ACGTTGGATGGAAAAATAAACTGTAAATCATATTC; Type: regular 5'; Length: 35; Trimmed: 38507 times.

No. of allowed errors:
0-9 bp: 0; 10-19 bp: 1; 20-29 bp: 2; 30-35 bp: 3

Overview of removed sequences
length	count	expect	max.err	error counts
18	4	0.0	1	3 1
23	1	0.0	2	0 0 1
25	1	0.0	2	0 1
26	1	0.0	2	0 1
27	2	0.0	2	0 1 1
29	9	0.0	2	0 4 4 1
30	42	0.0	3	5 16 11 10
31	43	0.0	3	11 11 10 11
32	3490	0.0	3	5 10 7 3468
33	1290	0.0	3	14 37 676 563
34	7241	0.0	3	43 4691 1165 1342
35	18233	0.0	3	7466 4702 3152 2913
36	5710	0.0	3	0 2057 1757 1896
37	1456	0.0	3	0 0 349 1107
38	983	0.0	3	0 0 0 983
59	1	0.0	3	0 0 0 1

=== First read: Adapter 9 ===

Sequence: ACGTTGGATGGAAAAATAAATTGTAAATCATACTC; Type: regular 5'; Length: 35; Trimmed: 47500 times.

No. of allowed errors:
0-9 bp: 0; 10-19 bp: 1; 20-29 bp: 2; 30-35 bp: 3

Overview of removed sequences
length	count	expect	max.err	error counts
19	1	0.0	1	1
26	1	0.0	2	1
27	1	0.0	2	0 1
29	7	0.0	2	3 3 0 1
30	25	0.0	3	10 11 2 2
31	50	0.0	3	30 13 3 4
32	323	0.0	3	13 9 5 296
33	1695	0.0	3	27 34 1067 567
34	3481	0.0	3	585 1963 652 281
35	39958	0.0	3	25125 6847 2449 5537
36	960	0.0	3	3 388 264 305
37	443	0.0	3	5 1 146 291
38	530	0.0	3	1 0 0 529
39	2	0.0	3	2
42	1	0.0	3	0 0 1
43	2	0.0	3	0 2
44	6	0.0	3	4 0 1 1
45	2	0.0	3	0 2
48	1	0.0	3	1
49	1	0.0	3	1
50	1	0.0	3	0 1
51	2	0.0	3	0 1 0 1
52	1	0.0	3	0 1
54	3	0.0	3	2 1
56	1	0.0	3	1
60	1	0.0	3	1
62	1	0.0	3	0 1

=== First read: Adapter 10 ===

Sequence: ACGTTGGATGAGATTAGGGAAAGTATTAGA; Type: regular 5'; Length: 30; Trimmed: 130 times.

No. of allowed errors:
0-9 bp: 0; 10-19 bp: 1; 20-29 bp: 2; 30 bp: 3

Overview of removed sequences
length	count	expect	max.err	error counts
3	119	11327.9	0	119
4	1	2832.0	0	1
6	1	177.0	0	1
28	1	0.0	2	0 0 1
29	3	0.0	2	0 1 2
30	5	0.0	3	4 0 1

=== First read: Adapter 11 ===

Sequence: ACGTTGGATGGAAAAATAAATTGTAAATCAAATTC; Type: regular 5'; Length: 35; Trimmed: 19794 times.

No. of allowed errors:
0-9 bp: 0; 10-19 bp: 1; 20-29 bp: 2; 30-35 bp: 3

Overview of removed sequences
length	count	expect	max.err	error counts
6	2	177.0	0	2
17	1	0.0	1	1
21	1	0.0	2	0 0 1
29	1	0.0	2	0 1
30	9	0.0	3	6 3
31	8	0.0	3	5 1 1 1
32	57	0.0	3	3 1 0 53
33	127	0.0	3	4 7 62 54
34	800	0.0	3	57 358 229 156
35	17946	0.0	3	12010 3521 1568 847
36	323	0.0	3	0 120 87 116
37	279	0.0	3	0 0 158 121
38	238	0.0	3	0 0 0 238
55	1	0.0	3	0 0 0 1
118	1	0.0	3	1

=== First read: Adapter 12 ===

Sequence: ACGTTGGATGGAAAAATAAACTGTAAATCATATTCCT; Type: regular 5'; Length: 37; Trimmed: 189883 times.

No. of allowed errors:
0-9 bp: 0; 10-19 bp: 1; 20-29 bp: 2; 30-37 bp: 3

Overview of removed sequences
length	count	expect	max.err	error counts
3	40	11327.9	0	40
4	3	2832.0	0	3
16	1	0.0	1	1
18	1	0.0	1	0 1
20	11	0.0	2	5 5 1
21	1	0.0	2	1
22	1	0.0	2	0 0 1
23	1	0.0	2	1
25	4	0.0	2	0 1 3
26	3	0.0	2	1 1 1
27	2	0.0	2	2
28	5	0.0	2	1 3 1
29	9	0.0	2	1 2 4 2
30	15	0.0	3	2 2 8 3
31	108	0.0	3	5 44 44 15
32	233	0.0	3	54 104 53 22
33	193	0.0	3	41 76 49 27
34	882	0.0	3	43 93 84 662
35	10784	0.0	3	63 183 8206 2332
36	37168	0.0	3	238 22871 9151 4908
37	94721	0.0	3	32242 42944 13429 6106
38	22921	0.0	3	13 3335 13899 5674
39	19548	0.0	3	0 2 3585 15961
40	3213	0.0	3	0 1 1 3211
43	1	0.0	3	0 0 1
46	1	0.0	3	0 0 0 1
47	3	0.0	3	0 1 2
48	1	0.0	3	0 0 1
52	1	0.0	3	0 0 0 1
54	1	0.0	3	0 1
55	2	0.0	3	1 0 0 1
57	1	0.0	3	1
58	1	0.0	3	0 1
63	1	0.0	3	0 0 0 1
65	1	0.0	3	0 1
68	1	0.0	3	0 0 0 1

=== Second read: Adapter 13 ===

Sequence: ACGTTGGATGTTTGTTACTATGGTAGATACCACAC; Type: regular 5'; Length: 35; Trimmed: 57830 times.

No. of allowed errors:
0-9 bp: 0; 10-19 bp: 1; 20-29 bp: 2; 30-35 bp: 3

Overview of removed sequences
length	count	expect	max.err	error counts
3	19	11327.9	0	19
4	35	2832.0	0	35
10	1	0.7	1	1
18	1	0.0	1	1
19	10	0.0	1	7 3
20	2	0.0	2	0 0 2
21	5	0.0	2	1 1 3
22	7	0.0	2	3 2 2
23	3	0.0	2	1 0 2
24	5	0.0	2	1 1 3
25	6	0.0	2	1 1 4
26	22	0.0	2	3 9 10
27	15	0.0	2	4 7 4
28	34	0.0	2	14 7 10 3
29	65	0.0	2	18 21 17 9
30	128	0.0	3	25 37 32 34
31	133	0.0	3	21 34 49 29
32	347	0.0	3	19 44 54 230
33	4076	0.0	3	39 67 1807 2163
34	6776	0.0	3	31 2163 2185 2397
35	39684	0.0	3	10728 13167 8978 6811
36	3707	0.0	3	5 1048 1363 1291
37	1923	0.0	3	0 1 761 1161
38	749	0.0	3	0 0 1 748
39	1	0.0	3	0 0 0 1
40	1	0.0	3	0 0 1
42	3	0.0	3	0 1 0 2
43	14	0.0	3	6 3 2 3
44	12	0.0	3	2 3 5 2
45	5	0.0	3	1 0 3 1
46	8	0.0	3	1 2 3 2
47	5	0.0	3	0 4 0 1
48	2	0.0	3	2
49	2	0.0	3	0 0 1 1
50	2	0.0	3	0 1 0 1
51	2	0.0	3	0 2
52	2	0.0	3	2
53	2	0.0	3	1 1
54	2	0.0	3	0 0 1 1
55	8	0.0	3	1 4 0 3
56	2	0.0	3	1 0 0 1
57	2	0.0	3	0 1 0 1
60	1	0.0	3	1
65	1	0.0	3	0 0 0 1

=== Second read: Adapter 14 ===

Sequence: ACGTTGGATGTTTGTTACTGTGGTGGATACTAC; Type: regular 5'; Length: 33; Trimmed: 129325 times.

No. of allowed errors:
0-9 bp: 0; 10-19 bp: 1; 20-29 bp: 2; 30-33 bp: 3

Overview of removed sequences
length	count	expect	max.err	error counts
3	26	11327.9	0	26
4	1	2832.0	0	1
5	4	708.0	0	4
8	1	11.1	0	1
9	3	2.8	0	3
10	1	0.7	1	0 1
12	2	0.0	1	1 1
13	4	0.0	1	1 3
15	1	0.0	1	0 1
16	1	0.0	1	0 1
17	12	0.0	1	8 4
18	4	0.0	1	0 4
19	10	0.0	1	4 3 3
20	12	0.0	2	4 2 6
21	8	0.0	2	3 2 3
22	14	0.0	2	1 8 5
23	6	0.0	2	2 1 3
24	26	0.0	2	11 6 9
25	73	0.0	2	15 29 29
26	168	0.0	2	59 64 45
27	175	0.0	2	57 61 56 1
28	308	0.0	2	86 110 102 10
29	314	0.0	2	69 101 108 36
30	9063	0.0	3	86 180 197 8600
31	11291	0.0	3	219 228 4032 6812
32	21415	0.0	3	122 6312 7858 7123
33	65736	0.0	3	25601 20855 12014 7266
34	16739	0.0	3	1 6223 6416 4099
35	2243	0.0	3	1 1 969 1272
36	630	0.0	3	1 1 2 626
37	7	0.0	3	0 3 2 2
38	13	0.0	3	0 0 2 11
39	40	0.0	3	4 3 11 22
40	45	0.0	3	14 9 11 11
41	160	0.0	3	42 53 40 25
42	119	0.0	3	25 46 27 21
43	48	0.0	3	6 7 15 20
44	87	0.0	3	29 24 13 21
45	69	0.0	3	21 20 17 11
46	46	0.0	3	13 10 8 15
47	28	0.0	3	1 9 8 10
48	42	0.0	3	7 12 7 16
49	81	0.0	3	21 17 12 31
50	42	0.0	3	8 9 10 15
51	72	0.0	3	22 26 13 11
52	26	0.0	3	7 6 7 6
53	37	0.0	3	10 15 9 3
54	25	0.0	3	7 5 5 8
55	11	0.0	3	1 5 4 1
56	14	0.0	3	3 4 2 5
57	9	0.0	3	4 1 1 3
58	6	0.0	3	1 1 0 4
60	1	0.0	3	0 1
61	1	0.0	3	0 0 1
62	1	0.0	3	0 0 1
64	4	0.0	3	2 0 1 1

=== Second read: Adapter 15 ===

Sequence: ACGTTGGATGTTTGTTACTGTTGTGGATACAAC; Type: regular 5'; Length: 33; Trimmed: 64861 times.

No. of allowed errors:
0-9 bp: 0; 10-19 bp: 1; 20-29 bp: 2; 30-33 bp: 3

Overview of removed sequences
length	count	expect	max.err	error counts
3	1619	11327.9	0	1619
4	5	2832.0	0	5
5	9	708.0	0	9
10	1	0.7	1	0 1
11	1	0.2	1	0 1
12	1	0.0	1	1
17	1	0.0	1	1
19	1	0.0	1	0 1
20	4	0.0	2	1 1 2
21	1	0.0	2	0 1
23	1	0.0	2	0 1
24	10	0.0	2	3 3 4
25	25	0.0	2	5 11 9
26	43	0.0	2	14 15 14
27	47	0.0	2	15 22 10
28	90	0.0	2	29 39 21 1
29	142	0.0	2	49 44 45 4
30	356	0.0	3	44 70 47 195
31	2564	0.0	3	87 85 795 1597
32	12286	0.0	3	77 4056 3502 4651
33	39793	0.0	3	11828 9701 12167 6097
34	3838	0.0	3	2 1072 1298 1466
35	2320	0.0	3	0 1 1035 1284
36	967	0.0	3	0 0 0 967
37	2	0.0	3	1 1
39	6	0.0	3	1 1 1 3
40	24	0.0	3	4 2 9 9
41	161	0.0	3	33 55 51 22
42	80	0.0	3	24 19 22 15
43	22	0.0	3	3 6 3 10
44	59	0.0	3	17 18 9 15
45	41	0.0	3	16 9 12 4
46	30	0.0	3	13 6 5 6
47	13	0.0	3	3 4 4 2
48	30	0.0	3	7 13 6 4
49	47	0.0	3	22 7 10 8
50	28	0.0	3	8 3 6 11
51	42	0.0	3	7 6 15 14
52	45	0.0	3	15 15 11 4
53	44	0.0	3	12 9 16 7
54	13	0.0	3	3 5 2 3
55	6	0.0	3	1 1 3 1
56	13	0.0	3	5 4 1 3
57	14	0.0	3	8 1 3 2
58	6	0.0	3	1 3 0 2
60	3	0.0	3	2 1
61	1	0.0	3	0 1
62	1	0.0	3	1
64	3	0.0	3	3
65	1	0.0	3	0 1
66	1	0.0	3	0 0 0 1

=== Second read: Adapter 16 ===

Sequence: ACGTTGGATGTTTGTTACCGTTGTTGATACTAC; Type: regular 5'; Length: 33; Trimmed: 86628 times.

No. of allowed errors:
0-9 bp: 0; 10-19 bp: 1; 20-29 bp: 2; 30-33 bp: 3

Overview of removed sequences
length	count	expect	max.err	error counts
15	1	0.0	1	1
16	3	0.0	1	0 3
18	2	0.0	1	1 1
19	5	0.0	1	1 2 2
20	7	0.0	2	2 4 1
21	2	0.0	2	1 0 1
22	1	0.0	2	1
23	5	0.0	2	3 0 2
24	19	0.0	2	5 7 7
25	26	0.0	2	6 9 11
26	69	0.0	2	22 28 19
27	69	0.0	2	27 20 20 2
28	226	0.0	2	81 75 64 6
29	264	0.0	2	57 84 102 21
30	7100	0.0	3	90 149 117 6744
31	4679	0.0	3	147 168 1420 2944
32	18253	0.0	3	63 4440 7834 5916
33	43430	0.0	3	20945 11650 6628 4207
34	8676	0.0	3	3 1518 3887 3268
35	2996	0.0	3	0 0 556 2440
36	484	0.0	3	1 1 0 482
37	3	0.0	3	2 0 1
38	2	0.0	3	0 0 0 2
39	9	0.0	3	0 0 3 6
40	19	0.0	3	0 1 9 9
41	44	0.0	3	9 12 11 12
42	40	0.0	3	12 13 11 4
43	28	0.0	3	4 3 4 17
44	29	0.0	3	8 10 8 3
45	19	0.0	3	5 5 6 3
46	9	0.0	3	3 1 0 5
47	8	0.0	3	1 1 1 5
48	15	0.0	3	3 3 5 4
49	20	0.0	3	10 3 4 3
50	10	0.0	3	2 2 5 1
51	8	0.0	3	3 1 1 3
52	9	0.0	3	1 1 2 5
53	6	0.0	3	1 2 1 2
54	11	0.0	3	2 0 6 3
55	7	0.0	3	2 2 1 2
56	3	0.0	3	0 0 1 2
57	5	0.0	3	1 0 1 3
58	2	0.0	3	0 1 0 1
59	3	0.0	3	2 0 1
61	1	0.0	3	0 0 1
89	1	0.0	3	0 1

=== Second read: Adapter 17 ===

Sequence: ACGTTGGATGAATATATGTGTGCTTATTTG; Type: regular 5'; Length: 30; Trimmed: 602 times.

No. of allowed errors:
0-9 bp: 0; 10-19 bp: 1; 20-29 bp: 2; 30 bp: 3

Overview of removed sequences
length	count	expect	max.err	error counts
3	540	11327.9	0	540
4	19	2832.0	0	19
5	8	708.0	0	8
6	5	177.0	0	5
10	1	0.7	1	0 1
28	1	0.0	2	0 1
29	2	0.0	2	0 1 1
30	24	0.0	3	10 7 5 2
31	1	0.0	3	0 0 1
32	1	0.0	3	0 0 0 1

=== Second read: Adapter 18 ===

Sequence: ACGTTGGATGTTTGTTACTAAGGTAGATACCACTC; Type: regular 5'; Length: 35; Trimmed: 21036 times.

No. of allowed errors:
0-9 bp: 0; 10-19 bp: 1; 20-29 bp: 2; 30-35 bp: 3

Overview of removed sequences
length	count	expect	max.err	error counts
3	6	11327.9	0	6
4	12	2832.0	0	12
5	2	708.0	0	2
7	1	44.2	0	1
9	1	2.8	0	0 1
18	1	0.0	1	0 1
21	2	0.0	2	1 0 1
23	1	0.0	2	0 0 1
25	1	0.0	2	0 1
26	6	0.0	2	1 4 1
27	3	0.0	2	1 2
28	12	0.0	2	4 2 4 2
29	17	0.0	2	7 5 4 1
30	40	0.0	3	9 12 11 8
31	62	0.0	3	12 21 16 13
32	163	0.0	3	10 16 17 120
33	1077	0.0	3	37 21 419 600
34	3543	0.0	3	34 1499 1060 950
35	13501	0.0	3	5604 3718 2583 1596
36	1289	0.0	3	0 323 502 464
37	868	0.0	3	0 0 388 480
38	376	0.0	3	0 0 0 376
41	1	0.0	3	0 0 1
42	3	0.0	3	0 0 1 2
43	8	0.0	3	3 3 1 1
44	6	0.0	3	0 2 2 2
45	7	0.0	3	2 3 2
46	4	0.0	3	1 0 1 2
47	4	0.0	3	0 3 1
48	3	0.0	3	1 2
49	1	0.0	3	0 0 1
51	1	0.0	3	1
52	2	0.0	3	0 1 0 1
54	5	0.0	3	1 0 2 2
55	2	0.0	3	0 1 0 1
57	1	0.0	3	0 0 1
58	1	0.0	3	0 0 1
59	1	0.0	3	0 0 0 1
60	1	0.0	3	0 0 1
62	1	0.0	3	0 0 1

=== Second read: Adapter 19 ===

Sequence: ACGTTGGATGGAAAAATAAACTGCAAATCATATTC; Type: regular 5'; Length: 35; Trimmed: 37639 times.

No. of allowed errors:
0-9 bp: 0; 10-19 bp: 1; 20-29 bp: 2; 30-35 bp: 3

Overview of removed sequences
length	count	expect	max.err	error counts
3	44	11327.9	0	44
4	3	2832.0	0	3
6	2	177.0	0	2
11	1	0.2	1	0 1
14	1	0.0	1	1
16	1	0.0	1	0 1
17	1	0.0	1	0 1
18	5	0.0	1	3 2
19	5	0.0	1	2 3
20	1	0.0	2	0 0 1
21	1	0.0	2	0 1
22	2	0.0	2	1 1
24	2	0.0	2	1 0 1
25	1	0.0	2	0 1
27	1	0.0	2	0 1
28	2	0.0	2	0 1 1
29	8	0.0	2	3 2 3
30	42	0.0	3	14 12 7 9
31	57	0.0	3	16 15 19 7
32	642	0.0	3	11 8 10 613
33	1244	0.0	3	17 14 658 555
34	6073	0.0	3	31 2945 1767 1330
35	21703	0.0	3	10288 5391 3162 2862
36	6706	0.0	3	0 2894 1889 1923
37	630	0.0	3	0 0 239 391
38	413	0.0	3	0 0 0 413
41	1	0.0	3	0 1
43	8	0.0	3	4 2 2
44	7	0.0	3	1 4 1 1
45	2	0.0	3	0 1 1
46	3	0.0	3	0 1 2
47	3	0.0	3	0 3
48	2	0.0	3	1 0 0 1
49	4	0.0	3	0 1 3
50	3	0.0	3	0 1 1 1
51	3	0.0	3	0 3
52	5	0.0	3	1 1 1 2
53	2	0.0	3	1 0 1
54	2	0.0	3	1 0 0 1
55	1	0.0	3	0 1
61	1	0.0	3	0 0 0 1
68	1	0.0	3	0 0 1

=== Second read: Adapter 20 ===

Sequence: ACGTTGGATGAGATTAGGGAAAGTATTAGA; Type: regular 5'; Length: 30; Trimmed: 89 times.

No. of allowed errors:
0-9 bp: 0; 10-19 bp: 1; 20-29 bp: 2; 30 bp: 3

Overview of removed sequences
length	count	expect	max.err	error counts
3	75	11327.9	0	75
4	7	2832.0	0	7
5	2	708.0	0	2
7	1	44.2	0	1
29	2	0.0	2	0 1 0 1
30	1	0.0	3	0 0 1
31	1	0.0	3	0 1

=== Second read: Adapter 21 ===

Sequence: ACGTTGGATGGAAAAATAAATTGTAAATCATACTC; Type: regular 5'; Length: 35; Trimmed: 15880 times.

No. of allowed errors:
0-9 bp: 0; 10-19 bp: 1; 20-29 bp: 2; 30-35 bp: 3

Overview of removed sequences
length	count	expect	max.err	error counts
5	3	708.0	0	3
6	1	177.0	0	1
13	1	0.0	1	0 1
14	1	0.0	1	1
17	1	0.0	1	1
18	1	0.0	1	1
19	4	0.0	1	1 2 1
20	3	0.0	2	1 0 2
21	2	0.0	2	0 1 1
22	2	0.0	2	1 0 1
23	2	0.0	2	1 1
25	1	0.0	2	0 1
26	1	0.0	2	0 1
28	1	0.0	2	1
29	5	0.0	2	1 1 2 1
30	32	0.0	3	16 3 11 2
31	30	0.0	3	16 7 4 3
32	158	0.0	3	6 2 10 140
33	822	0.0	3	15 10 268 529
34	1731	0.0	3	49 735 401 546
35	11680	0.0	3	4995 2692 1747 2246
36	899	0.0	3	0 124 404 371
37	217	0.0	3	0 0 57 160
38	193	0.0	3	0 0 0 193
40	3	0.0	3	0 2 0 1
41	1	0.0	3	1
42	8	0.0	3	1 3 1 3
43	8	0.0	3	3 2 2 1
44	15	0.0	3	3 4 5 3
45	4	0.0	3	1 0 1 2
46	5	0.0	3	2 1 0 2
47	12	0.0	3	6 0 1 5
48	5	0.0	3	2 1 0 2
49	3	0.0	3	1 0 1 1
50	1	0.0	3	0 0 1
51	5	0.0	3	1 0 1 3
52	1	0.0	3	0 0 1
53	8	0.0	3	3 3 2
54	4	0.0	3	1 1 0 2
55	2	0.0	3	1 1
56	2	0.0	3	0 2
57	1	0.0	3	1
59	1	0.0	3	1

=== Second read: Adapter 22 ===

Sequence: ACGTTGGATGGAAAAATAAACTGTAAATCATATTCCT; Type: regular 5'; Length: 37; Trimmed: 70344 times.

No. of allowed errors:
0-9 bp: 0; 10-19 bp: 1; 20-29 bp: 2; 30-37 bp: 3

Overview of removed sequences
length	count	expect	max.err	error counts
3	297	11327.9	0	297
4	683	2832.0	0	683
5	2	708.0	0	2
6	1	177.0	0	1
12	2	0.0	1	0 2
13	1	0.0	1	1
15	1	0.0	1	0 1
18	5	0.0	1	0 2 3
19	8	0.0	1	0 6 2
20	18	0.0	2	6 4 8
21	11	0.0	2	0 2 9
22	2	0.0	2	1 0 1
23	1	0.0	2	0 0 1
24	2	0.0	2	1 1
25	1	0.0	2	0 0 1
26	2	0.0	2	0 0 2
27	1	0.0	2	1
28	5	0.0	2	1 3 1
29	7	0.0	2	0 2 3 2
30	18	0.0	3	1 2 6 9
31	26	0.0	3	1 3 11 11
32	58	0.0	3	10 19 16 13
33	100	0.0	3	9 27 37 27
34	1512	0.0	3	10 20 28 1454
35	9057	0.0	3	17 53 4789 4198
36	11349	0.0	3	34 5055 3532 2728
37	35056	0.0	3	7724 13592 8407 5333
38	5849	0.0	3	2 737 2961 2149
39	5328	0.0	3	0 0 795 4533
40	807	0.0	3	0 0 0 807
41	2	0.0	3	0 1 0 1
42	2	0.0	3	0 0 1 1
43	3	0.0	3	0 1 1 1
44	14	0.0	3	0 7 5 2
45	18	0.0	3	1 5 7 5
46	12	0.0	3	0 3 3 6
47	6	0.0	3	0 4 2
48	6	0.0	3	0 3 2 1
49	11	0.0	3	0 4 4 3
50	13	0.0	3	2 5 4 2
51	6	0.0	3	0 2 2 2
52	10	0.0	3	1 4 4 1
53	4	0.0	3	0 2 2
54	4	0.0	3	0 2 1 1
55	6	0.0	3	0 1 4 1
56	3	0.0	3	0 2 1
57	5	0.0	3	1 2 1 1
58	3	0.0	3	1 1 1
62	1	0.0	3	0 1
68	1	0.0	3	0 1
69	2	0.0	3	0 2
71	2	0.0	3	0 2

=== Second read: Adapter 23 ===

Sequence: ACGTTGGATGGAAAAATAAACTGTAAATCATATTC; Type: regular 5'; Length: 35; Trimmed: 10608 times.

No. of allowed errors:
0-9 bp: 0; 10-19 bp: 1; 20-29 bp: 2; 30-35 bp: 3

Overview of removed sequences
length	count	expect	max.err	error counts
11	1	0.2	1	0 1
13	2	0.0	1	0 2
14	2	0.0	1	1 1
17	4	0.0	1	0 4
18	3	0.0	1	0 3
19	1	0.0	1	0 1
21	3	0.0	2	0 0 3
22	1	0.0	2	0 0 1
25	1	0.0	2	0 1
28	2	0.0	2	0 0 2
29	2	0.0	2	0 0 2
30	18	0.0	3	0 0 6 12
31	23	0.0	3	0 0 10 13
32	1427	0.0	3	0 0 5 1422
33	800	0.0	3	0 0 389 411
34	1937	0.0	3	0 0 700 1237
35	4375	0.0	3	0 0 1812 2563
36	1583	0.0	3	0 0 48 1535
37	306	0.0	3	0 0 14 292
38	105	0.0	3	0 0 0 105
40	1	0.0	3	0 0 0 1
43	2	0.0	3	0 0 0 2
44	2	0.0	3	0 0 1 1
45	1	0.0	3	0 0 1
46	1	0.0	3	0 0 1
47	2	0.0	3	0 0 0 2
49	1	0.0	3	0 0 0 1
53	1	0.0	3	0 0 0 1
54	1	0.0	3	0 0 1

=== Second read: Adapter 24 ===

Sequence: ACGTTGGATGGAAAAATAAATTGTAAATCAAATTC; Type: regular 5'; Length: 35; Trimmed: 5694 times.

No. of allowed errors:
0-9 bp: 0; 10-19 bp: 1; 20-29 bp: 2; 30-35 bp: 3

Overview of removed sequences
length	count	expect	max.err	error counts
5	4	708.0	0	4
6	16	177.0	0	16
18	2	0.0	1	1 1
21	3	0.0	2	2 0 1
22	3	0.0	2	2 1
23	1	0.0	2	0 1
25	1	0.0	2	1
27	1	0.0	2	0 0 1
29	1	0.0	2	0 1
30	20	0.0	3	9 5 4 2
31	16	0.0	3	8 3 1 4
32	28	0.0	3	1 2 2 23
33	85	0.0	3	3 1 38 43
34	385	0.0	3	8 142 113 122
35	4699	0.0	3	2399 1102 698 500
36	160	0.0	3	0 54 53 53
37	203	0.0	3	0 0 106 97
38	53	0.0	3	0 0 0 53
39	1	0.0	3	0 0 1
42	2	0.0	3	1 0 1
43	1	0.0	3	0 0 1
44	2	0.0	3	1 1
45	3	0.0	3	3
47	1	0.0	3	1
49	1	0.0	3	0 0 1
50	2	0.0	3	2

