This is cutadapt 1.18 with Python 3.5.5
Command line parameters: -g ACGTTGGATGTTTGTTACTATGGTAGATACCACAC -g ACGTTGGATGTTTGTTACTAAGGTAGATACCACTC -g ACGTTGGATGTTTGTTACTGTGGTGGATACTAC -g ACGTTGGATGTTTGTTACTGTTGTGGATACAAC -g ACGTTGGATGTTTGTTACCGTTGTTGATACTAC -g ACGTTGGATGAATATATGTGTGCTTATTTG -G ACGTTGGATGTTTGTTACTATGGTAGATACCACAC -G ACGTTGGATGTTTGTTACTGTGGTGGATACTAC -G ACGTTGGATGTTTGTTACTGTTGTGGATACAAC -G ACGTTGGATGTTTGTTACCGTTGTTGATACTAC -G ACGTTGGATGAATATATGTGTGCTTATTTG -G ACGTTGGATGTTTGTTACTAAGGTAGATACCACTC -g ACGTTGGATGGAAAAATAAACTGCAAATCATATTC -g ACGTTGGATGGAAAAATAAACTGTAAATCATATTC -g ACGTTGGATGGAAAAATAAATTGTAAATCATACTC -g ACGTTGGATGAGATTAGGGAAAGTATTAGA -g ACGTTGGATGGAAAAATAAATTGTAAATCAAATTC -g ACGTTGGATGGAAAAATAAACTGTAAATCATATTCCT -G ACGTTGGATGGAAAAATAAACTGCAAATCATATTC -G ACGTTGGATGAGATTAGGGAAAGTATTAGA -G ACGTTGGATGGAAAAATAAATTGTAAATCATACTC -G ACGTTGGATGGAAAAATAAACTGTAAATCATATTCCT -G ACGTTGGATGGAAAAATAAACTGTAAATCATATTC -G ACGTTGGATGGAAAAATAAATTGTAAATCAAATTC --minimum-length=1 -o /data/projects/mdc-971/data_from_June_2019/30.primer_trimmed/180503_S94_cutadapt.1.fq.gz -p /data/projects/mdc-971/data_from_June_2019/30.primer_trimmed/180503_S94_cutadapt.2.fq.gz /data/projects/mdc-971/data_from_June_2019/20.trim_151st_nt/180503_S94_R1_001.bbduked.fastq.gz /data/projects/mdc-971/data_from_June_2019/20.trim_151st_nt/180503_S94_R2_001.bbduked.fastq.gz
Processing reads on 1 core in paired-end mode ...
Finished in 216.33 s (377 us/read; 0.16 M reads/minute).

=== Summary ===

Total read pairs processed:            574,448
  Read 1 with adapter:                 515,519 (89.7%)
  Read 2 with adapter:                 403,599 (70.3%)
Pairs that were too short:                   0 (0.0%)
Pairs written (passing filters):       574,448 (100.0%)

Total basepairs processed:   172,334,400 bp
  Read 1:    86,167,200 bp
  Read 2:    86,167,200 bp
Total written (filtered):    140,838,961 bp (81.7%)
  Read 1:    68,302,982 bp
  Read 2:    72,535,979 bp

=== First read: Adapter 1 ===

Sequence: ACGTTGGATGTTTGTTACTATGGTAGATACCACAC; Type: regular 5'; Length: 35; Trimmed: 28408 times.

No. of allowed errors:
0-9 bp: 0; 10-19 bp: 1; 20-29 bp: 2; 30-35 bp: 3

Overview of removed sequences
length	count	expect	max.err	error counts
3	5	8975.8	0	5
4	2	2243.9	0	2
5	1	561.0	0	1
13	3	0.0	1	0 3
14	1	0.0	1	0 1
16	1	0.0	1	1
18	2	0.0	1	0 2
19	1	0.0	1	0 0 1
20	3	0.0	2	1 1 1
21	4	0.0	2	0 3 1
22	12	0.0	2	5 2 5
23	16	0.0	2	10 4 2
24	2	0.0	2	0 2
25	6	0.0	2	0 1 5
26	52	0.0	2	13 15 24
27	124	0.0	2	46 43 33 2
28	125	0.0	2	43 36 33 13
29	269	0.0	2	90 91 65 23
30	284	0.0	3	116 82 46 40
31	161	0.0	3	30 36 55 40
32	450	0.0	3	36 85 90 239
33	1389	0.0	3	55 67 640 627
34	4547	0.0	3	67 1852 1404 1224
35	13422	0.0	3	4821 4270 2549 1782
36	3930	0.0	3	0 1447 1685 798
37	1164	0.0	3	0 1 684 479
38	2415	0.0	3	0 0 1 2414
39	6	0.0	3	0 1 0 5
40	1	0.0	3	0 1
42	1	0.0	3	0 0 1
44	2	0.0	3	0 0 2
47	2	0.0	3	0 0 1 1
51	1	0.0	3	1
53	1	0.0	3	0 0 0 1
54	1	0.0	3	0 0 1
62	2	0.0	3	0 0 1 1

=== First read: Adapter 2 ===

Sequence: ACGTTGGATGTTTGTTACTAAGGTAGATACCACTC; Type: regular 5'; Length: 35; Trimmed: 15369 times.

No. of allowed errors:
0-9 bp: 0; 10-19 bp: 1; 20-29 bp: 2; 30-35 bp: 3

Overview of removed sequences
length	count	expect	max.err	error counts
3	3	8975.8	0	3
14	1	0.0	1	1
15	4	0.0	1	4
19	2	0.0	1	1 1
20	2	0.0	2	1 1
22	2	0.0	2	1 1
23	7	0.0	2	6 1
24	1	0.0	2	1
25	2	0.0	2	0 2
26	25	0.0	2	12 10 3
27	75	0.0	2	34 32 9
28	84	0.0	2	40 32 12
29	154	0.0	2	64 70 18 2
30	286	0.0	3	155 79 33 19
31	204	0.0	3	70 65 49 20
32	320	0.0	3	101 95 54 70
33	525	0.0	3	101 92 184 148
34	2192	0.0	3	175 1051 549 417
35	10029	0.0	3	6065 2214 1110 640
36	601	0.0	3	5 216 229 151
37	739	0.0	3	1 1 509 228
38	103	0.0	3	0 2 1 100
39	1	0.0	3	0 0 1
40	1	0.0	3	0 1
41	1	0.0	3	0 0 1
43	1	0.0	3	1
51	3	0.0	3	1 0 0 2
72	1	0.0	3	0 0 0 1

=== First read: Adapter 3 ===

Sequence: ACGTTGGATGTTTGTTACTGTGGTGGATACTAC; Type: regular 5'; Length: 33; Trimmed: 59411 times.

No. of allowed errors:
0-9 bp: 0; 10-19 bp: 1; 20-29 bp: 2; 30-33 bp: 3

Overview of removed sequences
length	count	expect	max.err	error counts
3	8	8975.8	0	8
4	1	2243.9	0	1
5	1	561.0	0	1
10	1	0.5	1	0 1
11	1	0.1	1	1
13	1	0.0	1	1
14	5	0.0	1	3 2
15	2	0.0	1	1 1
16	2	0.0	1	1 1
17	6	0.0	1	6
18	10	0.0	1	8 1 1
19	10	0.0	1	8 2
20	30	0.0	2	19 9 2
21	39	0.0	2	21 17 1
22	26	0.0	2	9 10 7
23	32	0.0	2	7 16 9
24	199	0.0	2	91 70 38
25	743	0.0	2	358 264 121
26	941	0.0	2	391 351 199
27	1223	0.0	2	617 464 137 5
28	1536	0.0	2	538 713 268 17
29	1569	0.0	2	216 856 430 67
30	2590	0.0	3	417 690 398 1085
31	3989	0.0	3	343 1034 1493 1119
32	7150	0.0	3	391 2909 2312 1538
33	22666	0.0	3	9056 6851 4240 2519
34	16054	0.0	3	0 8025 5660 2369
35	434	0.0	3	1 6 196 231
36	89	0.0	3	1 7 2 79
37	8	0.0	3	1 2 2 3
38	6	0.0	3	0 5 1
39	1	0.0	3	0 0 1
40	2	0.0	3	0 0 2
41	3	0.0	3	1 2
42	1	0.0	3	0 1
43	2	0.0	3	0 1 1
44	4	0.0	3	0 2 2
45	4	0.0	3	0 3 1
46	1	0.0	3	0 1
47	4	0.0	3	0 4
48	2	0.0	3	1 0 0 1
49	1	0.0	3	1
50	2	0.0	3	0 1 0 1
51	2	0.0	3	1 0 0 1
52	4	0.0	3	1 1 2
54	3	0.0	3	1 2
57	1	0.0	3	0 1
63	1	0.0	3	0 0 0 1
66	1	0.0	3	0 0 1

=== First read: Adapter 4 ===

Sequence: ACGTTGGATGTTTGTTACTGTTGTGGATACAAC; Type: regular 5'; Length: 33; Trimmed: 30851 times.

No. of allowed errors:
0-9 bp: 0; 10-19 bp: 1; 20-29 bp: 2; 30-33 bp: 3

Overview of removed sequences
length	count	expect	max.err	error counts
3	44	8975.8	0	44
6	1	140.2	0	1
14	1	0.0	1	1
17	1	0.0	1	0 1
19	2	0.0	1	1 1
20	9	0.0	2	3 4 2
21	10	0.0	2	8 2
23	4	0.0	2	0 2 2
24	54	0.0	2	25 23 6
25	422	0.0	2	164 187 71
26	308	0.0	2	180 94 34
27	362	0.0	2	207 112 43
28	385	0.0	2	219 119 42 5
29	263	0.0	2	113 83 57 10
30	398	0.0	3	143 138 81 36
31	849	0.0	3	166 175 291 217
32	3055	0.0	3	277 1333 683 762
33	22301	0.0	3	11500 5337 3783 1681
34	1842	0.0	3	10 904 524 404
35	343	0.0	3	0 0 151 192
36	183	0.0	3	2 1 0 180
37	2	0.0	3	1 0 0 1
38	1	0.0	3	0 0 1
40	1	0.0	3	0 0 1
44	1	0.0	3	0 0 1
49	1	0.0	3	0 0 1
52	1	0.0	3	1
53	1	0.0	3	0 0 1
54	2	0.0	3	0 1 1
57	1	0.0	3	0 0 0 1
59	1	0.0	3	1
62	1	0.0	3	1
63	1	0.0	3	1

=== First read: Adapter 5 ===

Sequence: ACGTTGGATGTTTGTTACCGTTGTTGATACTAC; Type: regular 5'; Length: 33; Trimmed: 41075 times.

No. of allowed errors:
0-9 bp: 0; 10-19 bp: 1; 20-29 bp: 2; 30-33 bp: 3

Overview of removed sequences
length	count	expect	max.err	error counts
10	1	0.5	1	0 1
11	1	0.1	1	0 1
14	8	0.0	1	5 3
17	1	0.0	1	0 1
18	2	0.0	1	0 1 1
19	10	0.0	1	5 5
20	14	0.0	2	13 0 1
21	13	0.0	2	5 6 2
23	8	0.0	2	0 4 4
24	106	0.0	2	47 48 11
25	322	0.0	2	181 94 47
26	393	0.0	2	186 141 66
27	647	0.0	2	375 209 61 2
28	853	0.0	2	430 279 123 21
29	610	0.0	2	150 234 166 60
30	2482	0.0	3	366 404 228 1484
31	2163	0.0	3	424 495 660 584
32	9300	0.0	3	501 2206 4393 2200
33	19293	0.0	3	10463 5185 2415 1230
34	4279	0.0	3	2 2333 1278 666
35	237	0.0	3	1 2 73 161
36	312	0.0	3	3 1 1 307
37	3	0.0	3	2 0 1
38	1	0.0	3	0 1
39	1	0.0	3	0 0 0 1
40	3	0.0	3	1 1 1
41	4	0.0	3	3 0 0 1
42	2	0.0	3	0 1 0 1
43	1	0.0	3	0 0 0 1
45	1	0.0	3	0 0 0 1
47	2	0.0	3	0 1 1
49	1	0.0	3	0 0 1
54	1	0.0	3	0 0 1

=== First read: Adapter 6 ===

Sequence: ACGTTGGATGAATATATGTGTGCTTATTTG; Type: regular 5'; Length: 30; Trimmed: 228 times.

No. of allowed errors:
0-9 bp: 0; 10-19 bp: 1; 20-29 bp: 2; 30 bp: 3

Overview of removed sequences
length	count	expect	max.err	error counts
3	189	8975.8	0	189
4	13	2243.9	0	13
5	3	561.0	0	3
27	1	0.0	2	0 0 0 1
29	2	0.0	2	0 0 2
30	20	0.0	3	14 3 2 1

=== First read: Adapter 7 ===

Sequence: ACGTTGGATGGAAAAATAAACTGCAAATCATATTC; Type: regular 5'; Length: 35; Trimmed: 100814 times.

No. of allowed errors:
0-9 bp: 0; 10-19 bp: 1; 20-29 bp: 2; 30-35 bp: 3

Overview of removed sequences
length	count	expect	max.err	error counts
3	3	8975.8	0	3
4	1	2243.9	0	1
23	1	0.0	2	0 1
25	6	0.0	2	3 1 2
26	8	0.0	2	4 3 1
27	9	0.0	2	7 1 1
28	25	0.0	2	4 7 11 3
29	99	0.0	2	12 46 31 10
30	409	0.0	3	183 140 63 23
31	363	0.0	3	134 133 61 35
32	1437	0.0	3	145 125 64 1103
33	2062	0.0	3	65 171 1088 738
34	19721	0.0	3	201 14898 3285 1337
35	52311	0.0	3	36120 9499 3750 2942
36	22477	0.0	3	2 17575 3205 1695
37	1430	0.0	3	0 1 784 645
38	449	0.0	3	0 0 0 449
45	1	0.0	3	0 1
55	1	0.0	3	0 1
63	1	0.0	3	0 0 0 1

=== First read: Adapter 8 ===

Sequence: ACGTTGGATGGAAAAATAAACTGTAAATCATATTC; Type: regular 5'; Length: 35; Trimmed: 19003 times.

No. of allowed errors:
0-9 bp: 0; 10-19 bp: 1; 20-29 bp: 2; 30-35 bp: 3

Overview of removed sequences
length	count	expect	max.err	error counts
22	1	0.0	2	0 1
23	1	0.0	2	0 0 1
24	3	0.0	2	0 3
25	1	0.0	2	0 0 1
26	1	0.0	2	0 0 1
28	1	0.0	2	0 1
29	3	0.0	2	0 1 1 1
30	31	0.0	3	2 8 8 13
31	24	0.0	3	0 8 6 10
32	2340	0.0	3	5 6 8 2321
33	653	0.0	3	3 22 318 310
34	5270	0.0	3	13 3519 791 947
35	7842	0.0	3	1735 2599 1856 1652
36	1772	0.0	3	0 274 600 898
37	714	0.0	3	0 0 152 562
38	345	0.0	3	0 0 0 345
46	1	0.0	3	0 1

=== First read: Adapter 9 ===

Sequence: ACGTTGGATGGAAAAATAAATTGTAAATCATACTC; Type: regular 5'; Length: 35; Trimmed: 57173 times.

No. of allowed errors:
0-9 bp: 0; 10-19 bp: 1; 20-29 bp: 2; 30-35 bp: 3

Overview of removed sequences
length	count	expect	max.err	error counts
26	2	0.0	2	0 2
27	5	0.0	2	2 3
29	6	0.0	2	1 3 1 1
30	38	0.0	3	24 10 2 2
31	80	0.0	3	60 13 4 3
32	157	0.0	3	21 8 7 121
33	1249	0.0	3	62 57 723 407
34	4028	0.0	3	1185 1917 658 268
35	50240	0.0	3	34578 8893 2836 3933
36	619	0.0	3	7 158 222 232
37	282	0.0	3	10 1 95 176
38	422	0.0	3	3 1 0 418
39	6	0.0	3	5 0 1
40	2	0.0	3	2
41	2	0.0	3	1 0 0 1
42	4	0.0	3	4
43	3	0.0	3	2 0 1
44	5	0.0	3	4 1
45	3	0.0	3	1 1 0 1
46	1	0.0	3	0 0 0 1
47	2	0.0	3	1 0 1
48	2	0.0	3	0 0 1 1
49	2	0.0	3	0 1 1
50	1	0.0	3	1
51	1	0.0	3	1
52	2	0.0	3	1 1
53	1	0.0	3	1
54	4	0.0	3	2 1 0 1
55	1	0.0	3	0 0 1
56	1	0.0	3	0 0 1
57	2	0.0	3	2

=== First read: Adapter 10 ===

Sequence: ACGTTGGATGAGATTAGGGAAAGTATTAGA; Type: regular 5'; Length: 30; Trimmed: 113 times.

No. of allowed errors:
0-9 bp: 0; 10-19 bp: 1; 20-29 bp: 2; 30 bp: 3

Overview of removed sequences
length	count	expect	max.err	error counts
3	104	8975.8	0	104
5	1	561.0	0	1
6	1	140.2	0	1
28	1	0.0	2	0 0 1
30	5	0.0	3	4 1
31	1	0.0	3	0 1

=== First read: Adapter 11 ===

Sequence: ACGTTGGATGGAAAAATAAATTGTAAATCAAATTC; Type: regular 5'; Length: 35; Trimmed: 40371 times.

No. of allowed errors:
0-9 bp: 0; 10-19 bp: 1; 20-29 bp: 2; 30-35 bp: 3

Overview of removed sequences
length	count	expect	max.err	error counts
29	4	0.0	2	2 1 1
30	27	0.0	3	17 7 3
31	39	0.0	3	31 6 1 1
32	48	0.0	3	17 10 2 19
33	208	0.0	3	71 37 50 50
34	1331	0.0	3	214 684 268 165
35	38047	0.0	3	26184 7686 2855 1322
36	327	0.0	3	3 177 75 72
37	148	0.0	3	4 0 79 65
38	186	0.0	3	0 1 0 185
39	1	0.0	3	1
43	2	0.0	3	0 2
45	1	0.0	3	0 1
52	1	0.0	3	1
58	1	0.0	3	0 0 0 1

=== First read: Adapter 12 ===

Sequence: ACGTTGGATGGAAAAATAAACTGTAAATCATATTCCT; Type: regular 5'; Length: 37; Trimmed: 122703 times.

No. of allowed errors:
0-9 bp: 0; 10-19 bp: 1; 20-29 bp: 2; 30-37 bp: 3

Overview of removed sequences
length	count	expect	max.err	error counts
3	21	8975.8	0	21
4	6	2243.9	0	6
12	1	0.0	1	0 1
14	1	0.0	1	1
17	1	0.0	1	1
19	2	0.0	1	0 1 1
22	1	0.0	2	0 0 1
24	1	0.0	2	1
26	2	0.0	2	1 1
27	5	0.0	2	0 3 2
28	12	0.0	2	0 8 2 2
29	6	0.0	2	0 4 2
30	14	0.0	3	0 4 6 4
31	119	0.0	3	1 63 40 15
32	200	0.0	3	18 107 43 32
33	191	0.0	3	15 76 69 31
34	479	0.0	3	6 74 101 298
35	10389	0.0	3	15 216 7886 2272
36	37515	0.0	3	42 24616 8501 4356
37	52347	0.0	3	10580 29039 9068 3660
38	11128	0.0	3	2 1116 6565 3445
39	8749	0.0	3	0 1 1742 7006
40	1500	0.0	3	0 1 0 1499
45	3	0.0	3	0 1 1 1
47	1	0.0	3	0 1
49	1	0.0	3	0 1
54	1	0.0	3	0 0 0 1
55	2	0.0	3	0 1 1
59	1	0.0	3	0 1
63	1	0.0	3	0 0 1
64	1	0.0	3	0 0 1
66	1	0.0	3	1
68	1	0.0	3	0 1

=== Second read: Adapter 13 ===

Sequence: ACGTTGGATGTTTGTTACTATGGTAGATACCACAC; Type: regular 5'; Length: 35; Trimmed: 25265 times.

No. of allowed errors:
0-9 bp: 0; 10-19 bp: 1; 20-29 bp: 2; 30-35 bp: 3

Overview of removed sequences
length	count	expect	max.err	error counts
3	8	8975.8	0	8
4	28	2243.9	0	28
5	1	561.0	0	1
6	2	140.2	0	2
9	1	2.2	0	0 1
18	3	0.0	1	0 2 1
19	4	0.0	1	2 2
21	1	0.0	2	0 0 1
22	5	0.0	2	0 2 3
23	3	0.0	2	1 2
24	3	0.0	2	2 1
26	9	0.0	2	3 1 5
27	10	0.0	2	2 3 5
28	20	0.0	2	5 6 6 3
29	36	0.0	2	5 11 13 7
30	65	0.0	3	15 11 16 23
31	44	0.0	3	8 9 18 9
32	190	0.0	3	8 14 20 148
33	1822	0.0	3	7 19 693 1103
34	2889	0.0	3	10 777 858 1244
35	14098	0.0	3	3122 4292 3741 2943
36	3068	0.0	3	2 845 1223 998
37	1415	0.0	3	0 0 678 737
38	1480	0.0	3	0 0 0 1480
39	1	0.0	3	0 0 0 1
42	2	0.0	3	1 0 1
43	7	0.0	3	1 0 5 1
44	10	0.0	3	0 3 3 4
45	2	0.0	3	0 0 2
46	6	0.0	3	0 0 2 4
47	4	0.0	3	1 1 1 1
48	2	0.0	3	0 0 1 1
49	1	0.0	3	0 0 1
50	2	0.0	3	1 0 1
51	2	0.0	3	0 1 0 1
52	2	0.0	3	0 0 0 2
53	1	0.0	3	0 0 1
54	6	0.0	3	0 0 0 6
55	8	0.0	3	0 4 0 4
56	1	0.0	3	0 0 0 1
57	1	0.0	3	0 0 0 1
58	1	0.0	3	0 0 0 1
60	1	0.0	3	0 0 1

=== Second read: Adapter 14 ===

Sequence: ACGTTGGATGTTTGTTACTGTGGTGGATACTAC; Type: regular 5'; Length: 33; Trimmed: 105880 times.

No. of allowed errors:
0-9 bp: 0; 10-19 bp: 1; 20-29 bp: 2; 30-33 bp: 3

Overview of removed sequences
length	count	expect	max.err	error counts
3	24	8975.8	0	24
4	1	2243.9	0	1
5	3	561.0	0	3
9	1	2.2	0	1
10	1	0.5	1	0 1
13	2	0.0	1	0 2
14	3	0.0	1	3
15	1	0.0	1	0 1
16	2	0.0	1	0 2
17	9	0.0	1	6 3
18	3	0.0	1	2 1
19	5	0.0	1	4 1
20	8	0.0	2	1 4 3
21	5	0.0	2	1 3 1
22	13	0.0	2	3 2 8
23	7	0.0	2	2 4 1
24	32	0.0	2	10 11 11
25	58	0.0	2	10 15 33
26	105	0.0	2	30 40 35
27	141	0.0	2	42 44 55
28	196	0.0	2	49 77 59 11
29	285	0.0	2	36 110 119 20
30	7410	0.0	3	58 143 168 7041
31	9930	0.0	3	104 213 3090 6523
32	17321	0.0	3	97 5363 6389 5472
33	36537	0.0	3	13209 11594 7309 4425
34	31361	0.0	3	2 13419 11547 6393
35	752	0.0	3	1 1 295 455
36	311	0.0	3	1 1 1 308
37	9	0.0	3	0 1 2 6
38	40	0.0	3	0 5 5 30
39	49	0.0	3	0 1 11 37
40	54	0.0	3	4 8 23 19
41	191	0.0	3	44 43 50 54
42	204	0.0	3	31 64 59 50
43	83	0.0	3	7 20 27 29
44	80	0.0	3	21 25 15 19
45	97	0.0	3	22 34 16 25
46	65	0.0	3	11 15 20 19
47	41	0.0	3	3 8 8 22
48	50	0.0	3	9 8 6 27
49	69	0.0	3	15 15 20 19
50	60	0.0	3	7 20 11 22
51	72	0.0	3	13 25 12 22
52	53	0.0	3	9 16 12 16
53	41	0.0	3	9 17 11 4
54	31	0.0	3	8 7 8 8
55	14	0.0	3	2 3 7 2
56	11	0.0	3	3 2 5 1
57	18	0.0	3	9 3 3 3
58	6	0.0	3	1 0 1 4
59	1	0.0	3	0 0 0 1
61	3	0.0	3	1 2
62	3	0.0	3	0 0 1 2
63	5	0.0	3	0 1 4
64	3	0.0	3	1 2

=== Second read: Adapter 15 ===

Sequence: ACGTTGGATGTTTGTTACTGTTGTGGATACAAC; Type: regular 5'; Length: 33; Trimmed: 64070 times.

No. of allowed errors:
0-9 bp: 0; 10-19 bp: 1; 20-29 bp: 2; 30-33 bp: 3

Overview of removed sequences
length	count	expect	max.err	error counts
3	1342	8975.8	0	1342
4	1	2243.9	0	1
5	4	561.0	0	4
6	2	140.2	0	2
10	1	0.5	1	1
14	1	0.0	1	0 1
21	1	0.0	2	1
22	4	0.0	2	1 3
23	6	0.0	2	0 2 4
24	13	0.0	2	5 5 3
25	15	0.0	2	1 7 7
26	20	0.0	2	11 5 4
27	30	0.0	2	15 7 8
28	61	0.0	2	24 21 15 1
29	78	0.0	2	22 30 23 3
30	201	0.0	3	25 49 35 92
31	2112	0.0	3	70 60 618 1364
32	11086	0.0	3	79 3823 3149 4035
33	42461	0.0	3	11908 9932 13971 6650
34	4085	0.0	3	4 1384 1301 1396
35	725	0.0	3	0 1 282 442
36	615	0.0	3	1 0 0 614
37	1	0.0	3	0 0 0 1
38	2	0.0	3	0 1 0 1
39	6	0.0	3	0 2 1 3
40	48	0.0	3	13 18 10 7
41	272	0.0	3	61 102 66 43
42	146	0.0	3	34 45 40 27
43	45	0.0	3	8 9 16 12
44	101	0.0	3	30 27 31 13
45	80	0.0	3	19 21 27 13
46	29	0.0	3	12 7 5 5
47	26	0.0	3	7 6 4 9
48	41	0.0	3	8 9 16 8
49	67	0.0	3	20 17 17 13
50	42	0.0	3	11 11 12 8
51	68	0.0	3	17 17 17 17
52	69	0.0	3	25 15 20 9
53	74	0.0	3	17 14 25 18
54	20	0.0	3	4 4 7 5
55	15	0.0	3	4 4 2 5
56	12	0.0	3	2 2 4 4
57	15	0.0	3	3 4 5 3
58	5	0.0	3	2 1 2
59	1	0.0	3	0 0 1
60	2	0.0	3	1 0 0 1
61	2	0.0	3	2
62	3	0.0	3	1 0 0 2
63	2	0.0	3	0 0 1 1
64	4	0.0	3	1 1 1 1
65	6	0.0	3	3 2 1
68	1	0.0	3	0 1
95	1	0.0	3	1

=== Second read: Adapter 16 ===

Sequence: ACGTTGGATGTTTGTTACCGTTGTTGATACTAC; Type: regular 5'; Length: 33; Trimmed: 55983 times.

No. of allowed errors:
0-9 bp: 0; 10-19 bp: 1; 20-29 bp: 2; 30-33 bp: 3

Overview of removed sequences
length	count	expect	max.err	error counts
12	1	0.0	1	0 1
14	1	0.0	1	1
15	1	0.0	1	0 1
16	5	0.0	1	2 3
17	1	0.0	1	0 1
18	1	0.0	1	0 1
19	8	0.0	1	4 2 2
20	5	0.0	2	2 3
21	3	0.0	2	1 0 2
22	3	0.0	2	0 3
23	6	0.0	2	0 2 4
24	20	0.0	2	11 6 3
25	30	0.0	2	11 6 13
26	60	0.0	2	19 25 16
27	91	0.0	2	48 25 18
28	131	0.0	2	46 40 40 5
29	192	0.0	2	45 61 66 20
30	5614	0.0	3	58 109 127 5320
31	2288	0.0	3	162 146 873 1107
32	13471	0.0	3	117 3252 5758 4344
33	24150	0.0	3	10749 6977 4075 2349
34	8321	0.0	3	2 3727 2621 1971
35	403	0.0	3	0 2 154 247
36	881	0.0	3	2 2 1 876
37	5	0.0	3	0 0 0 5
38	11	0.0	3	0 0 1 10
39	8	0.0	3	0 0 1 7
40	43	0.0	3	4 3 19 17
41	47	0.0	3	12 7 14 14
42	15	0.0	3	3 4 5 3
43	25	0.0	3	2 2 12 9
44	24	0.0	3	3 10 8 3
45	8	0.0	3	2 2 2 2
46	11	0.0	3	1 5 1 4
47	6	0.0	3	0 0 4 2
48	22	0.0	3	3 1 9 9
49	14	0.0	3	1 1 6 6
50	7	0.0	3	1 1 3 2
51	7	0.0	3	1 1 3 2
52	8	0.0	3	0 0 2 6
53	5	0.0	3	0 0 0 5
54	9	0.0	3	0 1 6 2
55	4	0.0	3	0 1 2 1
56	7	0.0	3	0 2 3 2
57	3	0.0	3	0 0 2 1
58	1	0.0	3	0 0 0 1
59	1	0.0	3	0 0 1
60	2	0.0	3	0 0 2
61	2	0.0	3	0 0 1 1
65	1	0.0	3	0 1

=== Second read: Adapter 17 ===

Sequence: ACGTTGGATGAATATATGTGTGCTTATTTG; Type: regular 5'; Length: 30; Trimmed: 517 times.

No. of allowed errors:
0-9 bp: 0; 10-19 bp: 1; 20-29 bp: 2; 30 bp: 3

Overview of removed sequences
length	count	expect	max.err	error counts
3	484	8975.8	0	484
4	21	2243.9	0	21
5	3	561.0	0	3
6	4	140.2	0	4
9	1	2.2	0	0 1
30	3	0.0	3	1 1 1
57	1	0.0	3	0 0 0 1

=== Second read: Adapter 18 ===

Sequence: ACGTTGGATGTTTGTTACTAAGGTAGATACCACTC; Type: regular 5'; Length: 35; Trimmed: 15993 times.

No. of allowed errors:
0-9 bp: 0; 10-19 bp: 1; 20-29 bp: 2; 30-35 bp: 3

Overview of removed sequences
length	count	expect	max.err	error counts
3	3	8975.8	0	3
4	12	2243.9	0	12
13	1	0.0	1	1
18	1	0.0	1	1
19	1	0.0	1	1
20	1	0.0	2	1
21	1	0.0	2	1
22	3	0.0	2	2 1
23	1	0.0	2	0 1
26	4	0.0	2	2 2
27	5	0.0	2	1 3 1
28	10	0.0	2	4 4 2
29	26	0.0	2	8 8 8 2
30	59	0.0	3	18 17 12 12
31	62	0.0	3	11 15 18 18
32	122	0.0	3	19 23 25 55
33	617	0.0	3	32 25 195 365
34	1959	0.0	3	43 712 518 686
35	10982	0.0	3	4490 3021 2111 1360
36	915	0.0	3	1 320 304 290
37	1028	0.0	3	0 1 519 508
38	120	0.0	3	0 0 1 119
39	2	0.0	3	0 1 0 1
40	2	0.0	3	0 1 1
42	4	0.0	3	1 2 0 1
43	11	0.0	3	3 4 3 1
44	6	0.0	3	3 0 1 2
45	6	0.0	3	0 3 1 2
46	10	0.0	3	3 5 1 1
47	1	0.0	3	0 1
48	1	0.0	3	0 1
50	2	0.0	3	0 0 0 2
51	1	0.0	3	0 1
52	4	0.0	3	1 0 1 2
53	2	0.0	3	0 0 1 1
54	3	0.0	3	1 2
55	1	0.0	3	0 0 0 1
57	2	0.0	3	0 2
59	1	0.0	3	0 0 0 1
60	1	0.0	3	0 1

=== Second read: Adapter 19 ===

Sequence: ACGTTGGATGGAAAAATAAACTGCAAATCATATTC; Type: regular 5'; Length: 35; Trimmed: 31103 times.

No. of allowed errors:
0-9 bp: 0; 10-19 bp: 1; 20-29 bp: 2; 30-35 bp: 3

Overview of removed sequences
length	count	expect	max.err	error counts
3	56	8975.8	0	56
4	3	2243.9	0	3
12	1	0.0	1	1
17	3	0.0	1	1 2
18	9	0.0	1	4 5
19	5	0.0	1	2 3
20	1	0.0	2	0 1
21	2	0.0	2	2
22	1	0.0	2	0 0 1
24	1	0.0	2	0 0 1
25	2	0.0	2	1 1
26	5	0.0	2	1 1 3
27	4	0.0	2	0 2 0 2
28	3	0.0	2	1 1 1
29	15	0.0	2	2 7 3 3
30	43	0.0	3	19 11 9 4
31	58	0.0	3	14 15 17 12
32	396	0.0	3	31 25 20 320
33	670	0.0	3	26 30 315 299
34	7598	0.0	3	23 3958 2236 1381
35	16167	0.0	3	7718 4105 2425 1919
36	5242	0.0	3	0 2806 1454 982
37	543	0.0	3	0 1 316 226
38	191	0.0	3	0 0 0 191
42	4	0.0	3	0 2 0 2
43	6	0.0	3	0 2 2 2
44	16	0.0	3	3 7 4 2
45	10	0.0	3	0 4 5 1
46	3	0.0	3	2 0 0 1
47	6	0.0	3	0 2 2 2
48	5	0.0	3	1 3 1
49	6	0.0	3	1 4 1
50	5	0.0	3	0 4 1
51	5	0.0	3	0 3 1 1
52	1	0.0	3	0 1
53	2	0.0	3	1 1
54	7	0.0	3	0 5 1 1
55	1	0.0	3	0 0 1
56	1	0.0	3	0 1
57	3	0.0	3	0 2 1
62	1	0.0	3	0 1
63	1	0.0	3	0 1
68	1	0.0	3	0 1

=== Second read: Adapter 20 ===

Sequence: ACGTTGGATGAGATTAGGGAAAGTATTAGA; Type: regular 5'; Length: 30; Trimmed: 63 times.

No. of allowed errors:
0-9 bp: 0; 10-19 bp: 1; 20-29 bp: 2; 30 bp: 3

Overview of removed sequences
length	count	expect	max.err	error counts
3	58	8975.8	0	58
4	3	2243.9	0	3
5	1	561.0	0	1
29	1	0.0	2	0 0 0 1

=== Second read: Adapter 21 ===

Sequence: ACGTTGGATGGAAAAATAAATTGTAAATCATACTC; Type: regular 5'; Length: 35; Trimmed: 23789 times.

No. of allowed errors:
0-9 bp: 0; 10-19 bp: 1; 20-29 bp: 2; 30-35 bp: 3

Overview of removed sequences
length	count	expect	max.err	error counts
13	1	0.0	1	0 1
18	4	0.0	1	3 1
19	3	0.0	1	0 1 2
20	1	0.0	2	1
21	4	0.0	2	1 0 3
22	4	0.0	2	1 2 1
23	1	0.0	2	1
24	1	0.0	2	0 1
25	1	0.0	2	1
26	2	0.0	2	1 0 1
27	2	0.0	2	0 1 1
28	3	0.0	2	1 0 0 2
30	22	0.0	3	12 3 2 5
31	40	0.0	3	12 12 7 9
32	88	0.0	3	7 0 3 78
33	709	0.0	3	11 8 274 416
34	1497	0.0	3	94 565 411 427
35	20538	0.0	3	9196 4767 2981 3594
36	397	0.0	3	1 52 153 191
37	148	0.0	3	1 0 41 106
38	120	0.0	3	0 1 1 118
39	1	0.0	3	0 0 0 1
40	1	0.0	3	0 0 1
41	2	0.0	3	2
42	12	0.0	3	2 3 3 4
43	33	0.0	3	11 5 6 11
44	19	0.0	3	5 3 3 8
45	10	0.0	3	0 5 3 2
46	13	0.0	3	4 3 3 3
47	24	0.0	3	10 6 1 7
48	7	0.0	3	3 1 1 2
49	8	0.0	3	3 2 0 3
50	11	0.0	3	5 1 1 4
51	5	0.0	3	1 0 1 3
52	6	0.0	3	3 0 0 3
53	15	0.0	3	6 0 2 7
54	8	0.0	3	3 1 1 3
55	4	0.0	3	1 0 1 2
56	9	0.0	3	1 0 3 5
57	2	0.0	3	2
58	4	0.0	3	3 0 0 1
59	2	0.0	3	0 1 0 1
61	1	0.0	3	0 0 0 1
62	1	0.0	3	0 1
63	1	0.0	3	0 0 1
65	1	0.0	3	0 0 0 1
66	1	0.0	3	0 0 0 1
67	2	0.0	3	1 0 0 1

=== Second read: Adapter 22 ===

Sequence: ACGTTGGATGGAAAAATAAACTGTAAATCATATTCCT; Type: regular 5'; Length: 37; Trimmed: 51785 times.

No. of allowed errors:
0-9 bp: 0; 10-19 bp: 1; 20-29 bp: 2; 30-37 bp: 3

Overview of removed sequences
length	count	expect	max.err	error counts
3	300	8975.8	0	300
4	506	2243.9	0	506
5	3	561.0	0	3
8	1	8.8	0	1
10	1	0.5	1	0 1
13	1	0.0	1	1
14	1	0.0	1	0 1
15	3	0.0	1	0 3
16	2	0.0	1	1 1
18	1	0.0	1	0 0 1
19	7	0.0	1	0 2 5
20	7	0.0	2	1 2 4
21	5	0.0	2	0 2 3
22	3	0.0	2	0 1 2
23	2	0.0	2	0 2
24	2	0.0	2	0 2
25	1	0.0	2	0 1
26	1	0.0	2	0 0 1
27	2	0.0	2	1 0 1
28	2	0.0	2	0 1 1
29	2	0.0	2	0 0 2
30	8	0.0	3	1 2 2 3
31	18	0.0	3	1 7 4 6
32	54	0.0	3	0 18 17 19
33	71	0.0	3	7 10 29 25
34	898	0.0	3	5 27 46 820
35	7439	0.0	3	10 46 4167 3216
36	13478	0.0	3	14 6351 4172 2941
37	21736	0.0	3	2646 9388 6002 3700
38	3991	0.0	3	1 346 2043 1601
39	2566	0.0	3	0 0 592 1974
40	381	0.0	3	0 0 1 380
41	1	0.0	3	0 0 0 1
42	2	0.0	3	0 0 1 1
43	5	0.0	3	0 0 1 4
44	14	0.0	3	0 4 6 4
45	59	0.0	3	1 24 17 17
46	29	0.0	3	0 12 10 7
47	11	0.0	3	0 6 4 1
48	15	0.0	3	0 4 6 5
49	30	0.0	3	1 14 10 5
50	19	0.0	3	1 11 4 3
51	27	0.0	3	0 12 10 5
52	20	0.0	3	0 8 3 9
53	6	0.0	3	0 3 1 2
54	12	0.0	3	0 5 3 4
55	12	0.0	3	0 7 4 1
56	9	0.0	3	0 5 2 2
57	5	0.0	3	1 0 1 3
58	3	0.0	3	0 0 0 3
59	2	0.0	3	0 2
61	2	0.0	3	0 1 0 1
62	1	0.0	3	0 0 0 1
63	1	0.0	3	0 1
64	2	0.0	3	1 1
65	1	0.0	3	0 0 0 1
66	2	0.0	3	1 0 0 1
67	1	0.0	3	1
68	1	0.0	3	0 1

=== Second read: Adapter 23 ===

Sequence: ACGTTGGATGGAAAAATAAACTGTAAATCATATTC; Type: regular 5'; Length: 35; Trimmed: 6358 times.

No. of allowed errors:
0-9 bp: 0; 10-19 bp: 1; 20-29 bp: 2; 30-35 bp: 3

Overview of removed sequences
length	count	expect	max.err	error counts
14	1	0.0	1	0 1
17	1	0.0	1	0 1
18	1	0.0	1	0 1
19	1	0.0	1	0 1
20	2	0.0	2	0 0 2
21	1	0.0	2	0 0 1
22	1	0.0	2	0 0 1
24	1	0.0	2	0 1
26	1	0.0	2	0 0 1
27	2	0.0	2	0 1 1
28	1	0.0	2	0 0 0 1
29	4	0.0	2	0 0 0 4
30	9	0.0	3	0 0 1 8
31	15	0.0	3	0 0 2 13
32	964	0.0	3	0 0 2 962
33	299	0.0	3	0 0 97 202
34	1665	0.0	3	0 0 400 1265
35	2746	0.0	3	0 0 961 1785
36	491	0.0	3	0 0 14 477
37	98	0.0	3	0 0 21 77
38	30	0.0	3	0 0 0 30
40	1	0.0	3	0 0 0 1
42	3	0.0	3	0 0 1 2
43	8	0.0	3	0 0 1 7
44	3	0.0	3	0 0 0 3
45	2	0.0	3	0 0 1 1
47	1	0.0	3	0 0 0 1
48	1	0.0	3	0 0 1
49	2	0.0	3	0 0 1 1
51	1	0.0	3	0 0 0 1
52	1	0.0	3	0 0 1
58	1	0.0	3	0 0 0 1

=== Second read: Adapter 24 ===

Sequence: ACGTTGGATGGAAAAATAAATTGTAAATCAAATTC; Type: regular 5'; Length: 35; Trimmed: 22793 times.

No. of allowed errors:
0-9 bp: 0; 10-19 bp: 1; 20-29 bp: 2; 30-35 bp: 3

Overview of removed sequences
length	count	expect	max.err	error counts
5	1	561.0	0	1
6	11	140.2	0	11
16	1	0.0	1	1
20	2	0.0	2	2
21	4	0.0	2	2 1 1
22	3	0.0	2	1 1 1
25	1	0.0	2	0 0 1
26	1	0.0	2	1
29	2	0.0	2	0 0 1 1
30	21	0.0	3	11 5 3 2
31	25	0.0	3	10 5 8 2
32	34	0.0	3	6 5 6 17
33	147	0.0	3	29 22 50 46
34	969	0.0	3	51 413 309 196
35	21202	0.0	3	11026 5286 2995 1895
36	190	0.0	3	1 90 48 51
37	103	0.0	3	2 1 45 55
38	47	0.0	3	0 0 0 47
40	1	0.0	3	0 0 0 1
42	3	0.0	3	0 0 2 1
43	3	0.0	3	1 2
44	1	0.0	3	0 0 1
45	3	0.0	3	0 1 0 2
46	2	0.0	3	2
47	4	0.0	3	1 1 1 1
48	1	0.0	3	0 0 0 1
49	1	0.0	3	0 1
51	1	0.0	3	1
52	2	0.0	3	0 0 1 1
53	2	0.0	3	2
54	2	0.0	3	1 0 1
56	1	0.0	3	1
57	1	0.0	3	0 0 1
62	1	0.0	3	1

