This is cutadapt 1.18 with Python 3.5.5
Command line parameters: -g ACGTTGGATGTTTGTTACTATGGTAGATACCACAC -g ACGTTGGATGTTTGTTACTAAGGTAGATACCACTC -g ACGTTGGATGTTTGTTACTGTGGTGGATACTAC -g ACGTTGGATGTTTGTTACTGTTGTGGATACAAC -g ACGTTGGATGTTTGTTACCGTTGTTGATACTAC -g ACGTTGGATGAATATATGTGTGCTTATTTG -G ACGTTGGATGTTTGTTACTATGGTAGATACCACAC -G ACGTTGGATGTTTGTTACTGTGGTGGATACTAC -G ACGTTGGATGTTTGTTACTGTTGTGGATACAAC -G ACGTTGGATGTTTGTTACCGTTGTTGATACTAC -G ACGTTGGATGAATATATGTGTGCTTATTTG -G ACGTTGGATGTTTGTTACTAAGGTAGATACCACTC -g ACGTTGGATGGAAAAATAAACTGCAAATCATATTC -g ACGTTGGATGGAAAAATAAACTGTAAATCATATTC -g ACGTTGGATGGAAAAATAAATTGTAAATCATACTC -g ACGTTGGATGAGATTAGGGAAAGTATTAGA -g ACGTTGGATGGAAAAATAAATTGTAAATCAAATTC -g ACGTTGGATGGAAAAATAAACTGTAAATCATATTCCT -G ACGTTGGATGGAAAAATAAACTGCAAATCATATTC -G ACGTTGGATGAGATTAGGGAAAGTATTAGA -G ACGTTGGATGGAAAAATAAATTGTAAATCATACTC -G ACGTTGGATGGAAAAATAAACTGTAAATCATATTCCT -G ACGTTGGATGGAAAAATAAACTGTAAATCATATTC -G ACGTTGGATGGAAAAATAAATTGTAAATCAAATTC --minimum-length=1 -o /data/projects/mdc-971/data_from_June_2019/30.primer_trimmed/HeLa_S33_cutadapt.1.fq.gz -p /data/projects/mdc-971/data_from_June_2019/30.primer_trimmed/HeLa_S33_cutadapt.2.fq.gz /data/projects/mdc-971/data_from_June_2019/20.trim_151st_nt/HeLa_S33_R1_001.bbduked.fastq.gz /data/projects/mdc-971/data_from_June_2019/20.trim_151st_nt/HeLa_S33_R2_001.bbduked.fastq.gz
Processing reads on 1 core in paired-end mode ...
Finished in 97.18 s (371 us/read; 0.16 M reads/minute).

=== Summary ===

Total read pairs processed:            261,804
  Read 1 with adapter:                 239,616 (91.5%)
  Read 2 with adapter:                 205,991 (78.7%)
Pairs that were too short:                   0 (0.0%)
Pairs written (passing filters):       261,804 (100.0%)

Total basepairs processed:    78,541,200 bp
  Read 1:    39,270,600 bp
  Read 2:    39,270,600 bp
Total written (filtered):     62,721,931 bp (79.9%)
  Read 1:    30,724,070 bp
  Read 2:    31,997,861 bp

=== First read: Adapter 1 ===

Sequence: ACGTTGGATGTTTGTTACTATGGTAGATACCACAC; Type: regular 5'; Length: 35; Trimmed: 42463 times.

No. of allowed errors:
0-9 bp: 0; 10-19 bp: 1; 20-29 bp: 2; 30-35 bp: 3

Overview of removed sequences
length	count	expect	max.err	error counts
3	3	4090.7	0	3
4	1	1022.7	0	1
10	1	0.2	1	1
16	1	0.0	1	0 1
19	1	0.0	1	0 1
20	3	0.0	2	3
22	3	0.0	2	0 3
23	3	0.0	2	0 3
25	2	0.0	2	1 0 1
26	3	0.0	2	0 1 2
27	19	0.0	2	8 8 3
28	31	0.0	2	8 6 12 5
29	90	0.0	2	17 36 27 10
30	326	0.0	3	48 146 66 66
31	255	0.0	3	27 122 69 37
32	564	0.0	3	27 176 135 226
33	2180	0.0	3	71 367 925 817
34	4463	0.0	3	126 1472 1807 1058
35	33086	0.0	3	4275 18464 5542 4805
36	1036	0.0	3	4 175 604 253
37	308	0.0	3	0 1 88 219
38	74	0.0	3	0 2 0 72
39	3	0.0	3	0 1 0 2
42	1	0.0	3	0 0 1
43	3	0.0	3	0 1 1 1
47	1	0.0	3	0 0 0 1
48	2	0.0	3	0 0 0 2

=== First read: Adapter 2 ===

Sequence: ACGTTGGATGTTTGTTACTAAGGTAGATACCACTC; Type: regular 5'; Length: 35; Trimmed: 44759 times.

No. of allowed errors:
0-9 bp: 0; 10-19 bp: 1; 20-29 bp: 2; 30-35 bp: 3

Overview of removed sequences
length	count	expect	max.err	error counts
4	1	1022.7	0	1
14	1	0.0	1	0 1
16	1	0.0	1	1
18	1	0.0	1	1
19	2	0.0	1	2
21	1	0.0	2	1
22	3	0.0	2	0 3
23	4	0.0	2	2 2
24	1	0.0	2	1
26	16	0.0	2	7 6 3
27	35	0.0	2	16 16 3
28	27	0.0	2	20 6 1
29	114	0.0	2	61 37 13 3
30	495	0.0	3	323 116 43 13
31	530	0.0	3	266 172 66 26
32	889	0.0	3	415 302 110 62
33	1443	0.0	3	636 424 221 162
34	4551	0.0	3	1025 2218 836 472
35	35431	0.0	3	22987 7208 3366 1870
36	796	0.0	3	22 407 240 127
37	378	0.0	3	1 2 122 253
38	20	0.0	3	2 0 2 16
39	6	0.0	3	4 2
40	1	0.0	3	0 1
41	1	0.0	3	1
42	1	0.0	3	0 0 1
43	1	0.0	3	1
44	2	0.0	3	2
47	1	0.0	3	1
51	1	0.0	3	0 0 0 1
53	1	0.0	3	1
54	3	0.0	3	3
62	1	0.0	3	0 0 0 1

=== First read: Adapter 3 ===

Sequence: ACGTTGGATGTTTGTTACTGTGGTGGATACTAC; Type: regular 5'; Length: 33; Trimmed: 7594 times.

No. of allowed errors:
0-9 bp: 0; 10-19 bp: 1; 20-29 bp: 2; 30-33 bp: 3

Overview of removed sequences
length	count	expect	max.err	error counts
3	2	4090.7	0	2
17	1	0.0	1	1
19	1	0.0	1	1
20	5	0.0	2	3 1 1
21	1	0.0	2	0 1
24	13	0.0	2	6 4 3
25	32	0.0	2	14 15 3
26	45	0.0	2	16 21 8
27	119	0.0	2	59 45 14 1
28	175	0.0	2	105 43 25 2
29	162	0.0	2	55 50 44 13
30	403	0.0	3	107 99 79 118
31	556	0.0	3	100 95 215 146
32	863	0.0	3	114 274 286 189
33	4239	0.0	3	1696 986 905 652
34	848	0.0	3	0 435 274 139
35	111	0.0	3	1 0 53 57
36	14	0.0	3	1 0 0 13
38	1	0.0	3	0 0 1
41	1	0.0	3	1
47	1	0.0	3	0 0 0 1
49	1	0.0	3	0 0 0 1

=== First read: Adapter 4 ===

Sequence: ACGTTGGATGTTTGTTACTGTTGTGGATACAAC; Type: regular 5'; Length: 33; Trimmed: 5351 times.

No. of allowed errors:
0-9 bp: 0; 10-19 bp: 1; 20-29 bp: 2; 30-33 bp: 3

Overview of removed sequences
length	count	expect	max.err	error counts
3	19	4090.7	0	19
20	1	0.0	2	1
24	2	0.0	2	1 1
25	12	0.0	2	7 2 3
26	16	0.0	2	7 5 4
27	33	0.0	2	19 6 7 1
28	71	0.0	2	40 21 10
29	62	0.0	2	22 25 12 3
30	85	0.0	3	28 26 15 16
31	166	0.0	3	18 54 55 39
32	405	0.0	3	43 166 109 87
33	4113	0.0	3	1211 1657 730 515
34	137	0.0	3	0 47 52 38
35	202	0.0	3	0 1 133 68
36	22	0.0	3	0 0 0 22
37	1	0.0	3	0 1
42	1	0.0	3	0 0 1
44	1	0.0	3	0 0 0 1
45	1	0.0	3	0 0 1
53	1	0.0	3	0 1

=== First read: Adapter 5 ===

Sequence: ACGTTGGATGTTTGTTACCGTTGTTGATACTAC; Type: regular 5'; Length: 33; Trimmed: 2553 times.

No. of allowed errors:
0-9 bp: 0; 10-19 bp: 1; 20-29 bp: 2; 30-33 bp: 3

Overview of removed sequences
length	count	expect	max.err	error counts
14	1	0.0	1	0 1
18	1	0.0	1	1
20	2	0.0	2	1 0 1
22	1	0.0	2	1
23	2	0.0	2	0 0 2
24	5	0.0	2	1 3 1
25	10	0.0	2	7 1 2
26	16	0.0	2	6 5 5
27	37	0.0	2	17 8 12
28	81	0.0	2	43 23 12 3
29	54	0.0	2	19 16 13 6
30	197	0.0	3	42 44 27 84
31	213	0.0	3	11 45 63 94
32	457	0.0	3	24 103 213 117
33	1005	0.0	3	506 268 162 69
34	170	0.0	3	0 58 78 34
35	295	0.0	3	0 0 131 164
36	4	0.0	3	0 1 0 3
41	2	0.0	3	0 1 0 1

=== First read: Adapter 6 ===

Sequence: ACGTTGGATGAATATATGTGTGCTTATTTG; Type: regular 5'; Length: 30; Trimmed: 61 times.

No. of allowed errors:
0-9 bp: 0; 10-19 bp: 1; 20-29 bp: 2; 30 bp: 3

Overview of removed sequences
length	count	expect	max.err	error counts
3	53	4090.7	0	53
4	4	1022.7	0	4
5	2	255.7	0	2
6	1	63.9	0	1
30	1	0.0	3	1

=== First read: Adapter 7 ===

Sequence: ACGTTGGATGGAAAAATAAACTGCAAATCATATTC; Type: regular 5'; Length: 35; Trimmed: 9474 times.

No. of allowed errors:
0-9 bp: 0; 10-19 bp: 1; 20-29 bp: 2; 30-35 bp: 3

Overview of removed sequences
length	count	expect	max.err	error counts
4	2	1022.7	0	2
23	1	0.0	2	0 0 1
26	2	0.0	2	1 0 1
28	1	0.0	2	0 0 0 1
29	5	0.0	2	1 2 1 1
30	24	0.0	3	7 9 3 5
31	30	0.0	3	8 8 0 14
32	171	0.0	3	15 8 9 139
33	198	0.0	3	3 22 85 88
34	1408	0.0	3	13 985 238 172
35	5161	0.0	3	2777 754 392 1238
36	1857	0.0	3	0 1220 388 249
37	98	0.0	3	0 0 41 57
38	515	0.0	3	0 0 0 515
65	1	0.0	3	0 1

=== First read: Adapter 8 ===

Sequence: ACGTTGGATGGAAAAATAAACTGTAAATCATATTC; Type: regular 5'; Length: 35; Trimmed: 2315 times.

No. of allowed errors:
0-9 bp: 0; 10-19 bp: 1; 20-29 bp: 2; 30-35 bp: 3

Overview of removed sequences
length	count	expect	max.err	error counts
18	1	0.0	1	1
28	1	0.0	2	0 0 1
29	2	0.0	2	0 1 1
30	4	0.0	3	0 1 0 3
31	4	0.0	3	0 0 2 2
32	264	0.0	3	0 0 0 264
33	76	0.0	3	0 4 40 32
34	482	0.0	3	2 330 56 94
35	865	0.0	3	155 251 159 300
36	237	0.0	3	0 64 76 97
37	61	0.0	3	0 0 6 55
38	318	0.0	3	0 0 0 318

=== First read: Adapter 9 ===

Sequence: ACGTTGGATGGAAAAATAAATTGTAAATCATACTC; Type: regular 5'; Length: 35; Trimmed: 2822 times.

No. of allowed errors:
0-9 bp: 0; 10-19 bp: 1; 20-29 bp: 2; 30-35 bp: 3

Overview of removed sequences
length	count	expect	max.err	error counts
21	1	0.0	2	1
27	1	0.0	2	0 0 1
28	1	0.0	2	1
30	2	0.0	3	0 2
31	7	0.0	3	3 3 0 1
32	19	0.0	3	1 1 0 17
33	88	0.0	3	2 3 60 23
34	190	0.0	3	43 101 35 11
35	2392	0.0	3	1490 400 159 343
36	51	0.0	3	0 22 13 16
37	17	0.0	3	0 0 4 13
38	50	0.0	3	0 1 0 49
39	2	0.0	3	1 1
55	1	0.0	3	1

=== First read: Adapter 10 ===

Sequence: ACGTTGGATGAGATTAGGGAAAGTATTAGA; Type: regular 5'; Length: 30; Trimmed: 19 times.

No. of allowed errors:
0-9 bp: 0; 10-19 bp: 1; 20-29 bp: 2; 30 bp: 3

Overview of removed sequences
length	count	expect	max.err	error counts
3	19	4090.7	0	19

=== First read: Adapter 11 ===

Sequence: ACGTTGGATGGAAAAATAAATTGTAAATCAAATTC; Type: regular 5'; Length: 35; Trimmed: 1390 times.

No. of allowed errors:
0-9 bp: 0; 10-19 bp: 1; 20-29 bp: 2; 30-35 bp: 3

Overview of removed sequences
length	count	expect	max.err	error counts
31	3	0.0	3	2 0 1
32	3	0.0	3	0 0 0 3
33	10	0.0	3	0 1 7 2
34	57	0.0	3	10 22 9 16
35	1230	0.0	3	795 238 114 83
36	25	0.0	3	0 5 9 11
37	19	0.0	3	1 0 4 14
38	43	0.0	3	0 0 0 43

=== First read: Adapter 12 ===

Sequence: ACGTTGGATGGAAAAATAAACTGTAAATCATATTCCT; Type: regular 5'; Length: 37; Trimmed: 120815 times.

No. of allowed errors:
0-9 bp: 0; 10-19 bp: 1; 20-29 bp: 2; 30-37 bp: 3

Overview of removed sequences
length	count	expect	max.err	error counts
3	9	4090.7	0	9
4	2	1022.7	0	2
16	1	0.0	1	1
20	3	0.0	2	1 2
21	2	0.0	2	1 1
22	2	0.0	2	2
23	2	0.0	2	0 0 2
24	2	0.0	2	0 2
26	1	0.0	2	0 1
27	1	0.0	2	0 0 1
28	4	0.0	2	1 3
29	5	0.0	2	1 2 2
30	13	0.0	3	3 3 5 2
31	50	0.0	3	13 18 14 5
32	408	0.0	3	136 169 68 35
33	460	0.0	3	168 202 60 30
34	750	0.0	3	228 338 121 63
35	1363	0.0	3	241 326 594 202
36	7430	0.0	3	744 3624 2068 994
37	107274	0.0	3	51552 40345 10541 4836
38	1867	0.0	3	24 905 656 282
39	1044	0.0	3	5 3 178 858
40	113	0.0	3	1 0 0 112
41	3	0.0	3	2 1
42	1	0.0	3	1
45	2	0.0	3	1 1
46	1	0.0	3	1
50	1	0.0	3	1
64	1	0.0	3	0 0 0 1

=== Second read: Adapter 13 ===

Sequence: ACGTTGGATGTTTGTTACTATGGTAGATACCACAC; Type: regular 5'; Length: 35; Trimmed: 43832 times.

No. of allowed errors:
0-9 bp: 0; 10-19 bp: 1; 20-29 bp: 2; 30-35 bp: 3

Overview of removed sequences
length	count	expect	max.err	error counts
3	8	4090.7	0	8
4	10	1022.7	0	10
10	1	0.2	1	1
19	2	0.0	1	1 0 1
20	2	0.0	2	0 1 1
22	1	0.0	2	1
24	1	0.0	2	0 0 1
26	1	0.0	2	0 1
27	6	0.0	2	0 3 2 1
28	19	0.0	2	1 4 7 7
29	54	0.0	2	6 10 28 10
30	125	0.0	3	7 49 36 33
31	195	0.0	3	16 54 67 58
32	284	0.0	3	5 44 61 174
33	3965	0.0	3	48 209 1778 1930
34	2394	0.0	3	37 589 913 855
35	34957	0.0	3	2995 14966 8773 8223
36	1214	0.0	3	1 177 663 373
37	490	0.0	3	0 2 142 346
38	59	0.0	3	0 0 2 57
39	2	0.0	3	0 1 0 1
41	1	0.0	3	0 0 1
42	2	0.0	3	0 0 1 1
43	11	0.0	3	2 4 3 2
44	5	0.0	3	0 2 2 1
45	2	0.0	3	0 0 1 1
46	4	0.0	3	1 1 1 1
47	6	0.0	3	0 4 0 2
48	1	0.0	3	0 0 0 1
49	2	0.0	3	0 1 1
51	1	0.0	3	0 1
52	1	0.0	3	0 1
53	1	0.0	3	0 0 1
54	1	0.0	3	0 1
55	2	0.0	3	0 1 1
56	1	0.0	3	0 1
58	1	0.0	3	0 0 1

=== Second read: Adapter 14 ===

Sequence: ACGTTGGATGTTTGTTACTGTGGTGGATACTAC; Type: regular 5'; Length: 33; Trimmed: 10495 times.

No. of allowed errors:
0-9 bp: 0; 10-19 bp: 1; 20-29 bp: 2; 30-33 bp: 3

Overview of removed sequences
length	count	expect	max.err	error counts
3	12	4090.7	0	12
5	2	255.7	0	2
9	1	1.0	0	1
17	1	0.0	1	0 1
18	2	0.0	1	0 2
19	2	0.0	1	0 2
20	1	0.0	2	1
24	4	0.0	2	1 2 1
25	6	0.0	2	1 4 1
26	8	0.0	2	2 1 5
27	19	0.0	2	8 6 5
28	29	0.0	2	9 9 10 1
29	41	0.0	2	11 9 19 2
30	666	0.0	3	7 10 25 624
31	992	0.0	3	21 23 457 491
32	1276	0.0	3	21 362 423 470
33	5950	0.0	3	1731 1302 1725 1192
34	1180	0.0	3	1 490 442 247
35	185	0.0	3	0 0 69 116
36	19	0.0	3	0 0 0 19
37	2	0.0	3	1 0 0 1
38	2	0.0	3	0 0 0 2
39	3	0.0	3	0 0 0 3
40	9	0.0	3	3 3 1 2
41	12	0.0	3	5 3 1 3
42	8	0.0	3	2 3 2 1
43	12	0.0	3	2 3 4 3
44	8	0.0	3	1 1 4 2
45	3	0.0	3	2 1
46	3	0.0	3	1 1 1
47	6	0.0	3	1 0 3 2
48	5	0.0	3	1 2 1 1
49	4	0.0	3	1 0 1 2
50	4	0.0	3	1 0 1 2
51	7	0.0	3	0 1 2 4
52	4	0.0	3	1 1 1 1
53	4	0.0	3	2 1 0 1
55	1	0.0	3	0 0 0 1
58	1	0.0	3	0 0 1
64	1	0.0	3	1

=== Second read: Adapter 15 ===

Sequence: ACGTTGGATGTTTGTTACTGTTGTGGATACAAC; Type: regular 5'; Length: 33; Trimmed: 8421 times.

No. of allowed errors:
0-9 bp: 0; 10-19 bp: 1; 20-29 bp: 2; 30-33 bp: 3

Overview of removed sequences
length	count	expect	max.err	error counts
3	512	4090.7	0	512
4	1	1022.7	0	1
5	5	255.7	0	5
20	3	0.0	2	2 1
22	1	0.0	2	0 0 1
23	1	0.0	2	0 1
25	2	0.0	2	1 0 1
26	1	0.0	2	0 0 1
27	4	0.0	2	4
28	9	0.0	2	3 4 2
29	21	0.0	2	4 4 12 1
30	51	0.0	3	6 10 13 22
31	559	0.0	3	11 38 252 258
32	772	0.0	3	15 251 228 278
33	5807	0.0	3	1104 2266 1513 924
34	224	0.0	3	0 52 99 73
35	325	0.0	3	0 0 166 159
36	35	0.0	3	0 0 0 35
40	3	0.0	3	0 1 2
41	20	0.0	3	6 5 5 4
42	6	0.0	3	0 0 5 1
43	3	0.0	3	0 0 1 2
44	7	0.0	3	1 3 1 2
45	4	0.0	3	1 1 1 1
46	1	0.0	3	0 0 0 1
47	1	0.0	3	0 0 1
48	4	0.0	3	1 1 2
49	8	0.0	3	2 1 3 2
50	2	0.0	3	1 1
51	4	0.0	3	0 2 1 1
52	9	0.0	3	3 3 1 2
53	12	0.0	3	4 3 3 2
54	1	0.0	3	0 1
55	1	0.0	3	1
57	1	0.0	3	0 0 1
60	1	0.0	3	0 1

=== Second read: Adapter 16 ===

Sequence: ACGTTGGATGTTTGTTACCGTTGTTGATACTAC; Type: regular 5'; Length: 33; Trimmed: 4239 times.

No. of allowed errors:
0-9 bp: 0; 10-19 bp: 1; 20-29 bp: 2; 30-33 bp: 3

Overview of removed sequences
length	count	expect	max.err	error counts
16	1	0.0	1	1
18	1	0.0	1	0 0 1
19	1	0.0	1	0 0 1
20	4	0.0	2	3 0 1
22	1	0.0	2	0 0 1
23	1	0.0	2	0 0 1
25	2	0.0	2	2
26	4	0.0	2	4
27	14	0.0	2	5 3 6
28	27	0.0	2	13 8 6
29	27	0.0	2	6 9 9 3
30	559	0.0	3	11 27 19 502
31	265	0.0	3	17 20 80 148
32	993	0.0	3	11 171 445 366
33	1610	0.0	3	691 461 280 178
34	284	0.0	3	0 85 113 86
35	412	0.0	3	0 0 178 234
36	14	0.0	3	0 0 0 14
40	1	0.0	3	1
41	1	0.0	3	0 0 1
42	4	0.0	3	1 0 1 2
43	2	0.0	3	1 0 0 1
44	3	0.0	3	1 1 0 1
45	1	0.0	3	0 1
46	1	0.0	3	0 0 1
48	1	0.0	3	0 0 0 1
49	1	0.0	3	0 0 1
51	1	0.0	3	0 0 1
52	2	0.0	3	0 0 0 2
54	1	0.0	3	1

=== Second read: Adapter 17 ===

Sequence: ACGTTGGATGAATATATGTGTGCTTATTTG; Type: regular 5'; Length: 30; Trimmed: 147 times.

No. of allowed errors:
0-9 bp: 0; 10-19 bp: 1; 20-29 bp: 2; 30 bp: 3

Overview of removed sequences
length	count	expect	max.err	error counts
3	134	4090.7	0	134
4	3	1022.7	0	3
5	4	255.7	0	4
6	2	63.9	0	2
29	1	0.0	2	0 1
30	3	0.0	3	2 0 0 1

=== Second read: Adapter 18 ===

Sequence: ACGTTGGATGTTTGTTACTAAGGTAGATACCACTC; Type: regular 5'; Length: 35; Trimmed: 44853 times.

No. of allowed errors:
0-9 bp: 0; 10-19 bp: 1; 20-29 bp: 2; 30-35 bp: 3

Overview of removed sequences
length	count	expect	max.err	error counts
3	2	4090.7	0	2
4	2	1022.7	0	2
5	1	255.7	0	1
6	1	63.9	0	1
19	1	0.0	1	0 1
22	3	0.0	2	1 2
23	1	0.0	2	1
26	5	0.0	2	2 2 1
27	6	0.0	2	1 5
28	14	0.0	2	5 4 5
29	48	0.0	2	21 19 8
30	148	0.0	3	54 32 42 20
31	261	0.0	3	74 81 62 44
32	238	0.0	3	61 62 51 64
33	952	0.0	3	300 150 233 269
34	2989	0.0	3	234 1180 858 717
35	38464	0.0	3	16416 10647 6931 4470
36	1085	0.0	3	17 486 330 252
37	565	0.0	3	3 2 154 406
38	19	0.0	3	0 0 0 19
39	1	0.0	3	0 1
42	1	0.0	3	0 0 0 1
43	12	0.0	3	4 6 1 1
44	3	0.0	3	1 0 2
45	3	0.0	3	0 2 1
46	8	0.0	3	5 2 1
47	5	0.0	3	1 3 0 1
49	1	0.0	3	1
50	1	0.0	3	1
51	2	0.0	3	0 1 0 1
52	2	0.0	3	1 0 0 1
54	3	0.0	3	2 0 0 1
55	3	0.0	3	1 1 1
56	1	0.0	3	1
57	1	0.0	3	1
59	1	0.0	3	1

=== Second read: Adapter 19 ===

Sequence: ACGTTGGATGGAAAAATAAACTGCAAATCATATTC; Type: regular 5'; Length: 35; Trimmed: 6004 times.

No. of allowed errors:
0-9 bp: 0; 10-19 bp: 1; 20-29 bp: 2; 30-35 bp: 3

Overview of removed sequences
length	count	expect	max.err	error counts
3	21	4090.7	0	21
4	3	1022.7	0	3
6	1	63.9	0	1
19	2	0.0	1	1 1
22	1	0.0	2	0 1
23	1	0.0	2	1
25	1	0.0	2	1
27	1	0.0	2	0 0 1
30	6	0.0	3	1 0 1 4
31	10	0.0	3	2 0 1 7
32	47	0.0	3	2 1 1 43
33	71	0.0	3	3 3 22 43
34	504	0.0	3	6 176 120 202
35	3872	0.0	3	940 543 348 2041
36	1113	0.0	3	0 532 310 271
37	46	0.0	3	0 0 18 28
38	302	0.0	3	0 0 0 302
44	1	0.0	3	0 0 0 1
52	1	0.0	3	1

=== Second read: Adapter 20 ===

Sequence: ACGTTGGATGAGATTAGGGAAAGTATTAGA; Type: regular 5'; Length: 30; Trimmed: 34 times.

No. of allowed errors:
0-9 bp: 0; 10-19 bp: 1; 20-29 bp: 2; 30 bp: 3

Overview of removed sequences
length	count	expect	max.err	error counts
3	33	4090.7	0	33
7	1	16.0	0	1

=== Second read: Adapter 21 ===

Sequence: ACGTTGGATGGAAAAATAAATTGTAAATCATACTC; Type: regular 5'; Length: 35; Trimmed: 1530 times.

No. of allowed errors:
0-9 bp: 0; 10-19 bp: 1; 20-29 bp: 2; 30-35 bp: 3

Overview of removed sequences
length	count	expect	max.err	error counts
5	2	255.7	0	2
7	1	16.0	0	1
18	4	0.0	1	3 0 1
19	1	0.0	1	1
20	2	0.0	2	1 0 1
21	1	0.0	2	1
25	1	0.0	2	1
28	1	0.0	2	0 0 0 1
31	4	0.0	3	3 1
32	8	0.0	3	0 0 0 8
33	42	0.0	3	3 2 12 25
34	68	0.0	3	2 25 16 25
35	1287	0.0	3	563 270 193 261
36	49	0.0	3	0 8 20 21
37	9	0.0	3	0 0 1 8
38	37	0.0	3	0 0 0 37
42	1	0.0	3	1
43	1	0.0	3	0 1
46	1	0.0	3	0 1
47	3	0.0	3	3
50	1	0.0	3	1
51	2	0.0	3	0 0 0 2
52	1	0.0	3	0 0 0 1
53	1	0.0	3	0 0 1
55	1	0.0	3	1
57	1	0.0	3	0 0 0 1

=== Second read: Adapter 22 ===

Sequence: ACGTTGGATGGAAAAATAAACTGTAAATCATATTCCT; Type: regular 5'; Length: 37; Trimmed: 84934 times.

No. of allowed errors:
0-9 bp: 0; 10-19 bp: 1; 20-29 bp: 2; 30-37 bp: 3

Overview of removed sequences
length	count	expect	max.err	error counts
3	126	4090.7	0	126
4	254	1022.7	0	254
5	3	255.7	0	3
18	1	0.0	1	0 0 1
21	3	0.0	2	0 0 3
25	2	0.0	2	0 1 1
27	1	0.0	2	0 1
29	1	0.0	2	0 1
30	4	0.0	3	1 0 2 1
31	18	0.0	3	4 4 5 5
32	75	0.0	3	27 22 11 15
33	165	0.0	3	39 46 48 32
34	243	0.0	3	38 66 45 94
35	826	0.0	3	123 106 318 279
36	3226	0.0	3	155 1256 1121 694
37	78344	0.0	3	28189 27558 14368 8229
38	1066	0.0	3	16 377 405 268
39	477	0.0	3	2 0 69 406
40	47	0.0	3	1 1 5 40
41	1	0.0	3	0 1
42	3	0.0	3	0 1 1 1
43	2	0.0	3	1 0 1
44	2	0.0	3	0 0 1 1
45	9	0.0	3	0 4 3 2
46	2	0.0	3	0 1 1
47	4	0.0	3	0 3 1
48	1	0.0	3	0 1
49	8	0.0	3	1 3 3 1
50	5	0.0	3	1 2 1 1
51	6	0.0	3	0 2 2 2
52	2	0.0	3	2
53	3	0.0	3	1 2
54	4	0.0	3	0 3 1

=== Second read: Adapter 23 ===

Sequence: ACGTTGGATGGAAAAATAAACTGTAAATCATATTC; Type: regular 5'; Length: 35; Trimmed: 931 times.

No. of allowed errors:
0-9 bp: 0; 10-19 bp: 1; 20-29 bp: 2; 30-35 bp: 3

Overview of removed sequences
length	count	expect	max.err	error counts
30	1	0.0	3	0 0 0 1
31	3	0.0	3	0 0 0 3
32	99	0.0	3	0 0 0 99
33	61	0.0	3	0 0 31 30
34	143	0.0	3	0 0 39 104
35	490	0.0	3	0 0 105 385
36	108	0.0	3	0 0 3 105
37	11	0.0	3	0 0 1 10
38	14	0.0	3	0 0 0 14
42	1	0.0	3	0 0 1

=== Second read: Adapter 24 ===

Sequence: ACGTTGGATGGAAAAATAAATTGTAAATCAAATTC; Type: regular 5'; Length: 35; Trimmed: 571 times.

No. of allowed errors:
0-9 bp: 0; 10-19 bp: 1; 20-29 bp: 2; 30-35 bp: 3

Overview of removed sequences
length	count	expect	max.err	error counts
6	6	63.9	0	6
19	1	0.0	1	1
22	1	0.0	2	1
23	1	0.0	2	0 0 1
30	1	0.0	3	1
32	4	0.0	3	0 0 1 3
33	21	0.0	3	0 0 9 12
34	47	0.0	3	2 17 7 21
35	453	0.0	3	191 85 84 93
36	18	0.0	3	0 3 5 10
37	6	0.0	3	0 0 1 5
38	12	0.0	3	0 0 0 12

