This is cutadapt 1.18 with Python 3.5.5
Command line parameters: -g ACGTTGGATGTTTGTTACTATGGTAGATACCACAC -g ACGTTGGATGTTTGTTACTAAGGTAGATACCACTC -g ACGTTGGATGTTTGTTACTGTGGTGGATACTAC -g ACGTTGGATGTTTGTTACTGTTGTGGATACAAC -g ACGTTGGATGTTTGTTACCGTTGTTGATACTAC -g ACGTTGGATGAATATATGTGTGCTTATTTG -G ACGTTGGATGTTTGTTACTATGGTAGATACCACAC -G ACGTTGGATGTTTGTTACTGTGGTGGATACTAC -G ACGTTGGATGTTTGTTACTGTTGTGGATACAAC -G ACGTTGGATGTTTGTTACCGTTGTTGATACTAC -G ACGTTGGATGAATATATGTGTGCTTATTTG -G ACGTTGGATGTTTGTTACTAAGGTAGATACCACTC -g ACGTTGGATGGAAAAATAAACTGCAAATCATATTC -g ACGTTGGATGGAAAAATAAACTGTAAATCATATTC -g ACGTTGGATGGAAAAATAAATTGTAAATCATACTC -g ACGTTGGATGAGATTAGGGAAAGTATTAGA -g ACGTTGGATGGAAAAATAAATTGTAAATCAAATTC -g ACGTTGGATGGAAAAATAAACTGTAAATCATATTCCT -G ACGTTGGATGGAAAAATAAACTGCAAATCATATTC -G ACGTTGGATGAGATTAGGGAAAGTATTAGA -G ACGTTGGATGGAAAAATAAATTGTAAATCATACTC -G ACGTTGGATGGAAAAATAAACTGTAAATCATATTCCT -G ACGTTGGATGGAAAAATAAACTGTAAATCATATTC -G ACGTTGGATGGAAAAATAAATTGTAAATCAAATTC --minimum-length=1 -o /data/projects/mdc-971/data_from_June_2019/30.primer_trimmed/LKP31_S66_cutadapt.1.fq.gz -p /data/projects/mdc-971/data_from_June_2019/30.primer_trimmed/LKP31_S66_cutadapt.2.fq.gz /data/projects/mdc-971/data_from_June_2019/20.trim_151st_nt/LKP31_S66_R1_001.bbduked.fastq.gz /data/projects/mdc-971/data_from_June_2019/20.trim_151st_nt/LKP31_S66_R2_001.bbduked.fastq.gz
Processing reads on 1 core in paired-end mode ...
Finished in 231.94 s (371 us/read; 0.16 M reads/minute).

=== Summary ===

Total read pairs processed:            624,641
  Read 1 with adapter:                 579,684 (92.8%)
  Read 2 with adapter:                 450,256 (72.1%)
Pairs that were too short:                   0 (0.0%)
Pairs written (passing filters):       624,641 (100.0%)

Total basepairs processed:   187,392,300 bp
  Read 1:    93,696,150 bp
  Read 2:    93,696,150 bp
Total written (filtered):    150,996,072 bp (80.6%)
  Read 1:    73,219,410 bp
  Read 2:    77,776,662 bp

=== First read: Adapter 1 ===

Sequence: ACGTTGGATGTTTGTTACTATGGTAGATACCACAC; Type: regular 5'; Length: 35; Trimmed: 204390 times.

No. of allowed errors:
0-9 bp: 0; 10-19 bp: 1; 20-29 bp: 2; 30-35 bp: 3

Overview of removed sequences
length	count	expect	max.err	error counts
4	3	2440.0	0	3
9	1	2.4	0	1
14	2	0.0	1	1 1
18	2	0.0	1	1 1
19	2	0.0	1	2
20	1	0.0	2	0 1
21	1	0.0	2	0 1
22	11	0.0	2	7 2 2
23	12	0.0	2	8 3 1
24	2	0.0	2	1 1
25	4	0.0	2	1 2 1
26	58	0.0	2	23 14 21
27	176	0.0	2	100 66 10
28	161	0.0	2	92 38 25 6
29	332	0.0	2	149 106 58 19
30	1194	0.0	3	543 366 219 66
31	1066	0.0	3	316 409 227 114
32	2101	0.0	3	495 705 438 463
33	7370	0.0	3	975 1157 3551 1687
34	28394	0.0	3	1442 15670 6593 4689
35	158186	0.0	3	58213 53928 29135 16910
36	5081	0.0	3	80 2514 1709 778
37	149	0.0	3	6 6 93 44
38	30	0.0	3	1 3 6 20
39	9	0.0	3	1 3 3 2
40	3	0.0	3	0 2 0 1
41	2	0.0	3	0 0 1 1
42	2	0.0	3	1 1
43	7	0.0	3	3 1 2 1
44	4	0.0	3	0 1 1 2
45	1	0.0	3	0 1
46	3	0.0	3	0 0 1 2
47	2	0.0	3	1 1
49	4	0.0	3	0 1 2 1
50	3	0.0	3	0 1 0 2
51	1	0.0	3	1
52	1	0.0	3	0 0 1
53	2	0.0	3	1 1
54	1	0.0	3	0 0 0 1
55	2	0.0	3	0 0 2
56	1	0.0	3	0 1
62	2	0.0	3	1 1
64	1	0.0	3	0 0 1

=== First read: Adapter 2 ===

Sequence: ACGTTGGATGTTTGTTACTAAGGTAGATACCACTC; Type: regular 5'; Length: 35; Trimmed: 6758 times.

No. of allowed errors:
0-9 bp: 0; 10-19 bp: 1; 20-29 bp: 2; 30-35 bp: 3

Overview of removed sequences
length	count	expect	max.err	error counts
22	1	0.0	2	1
23	1	0.0	2	1
26	1	0.0	2	0 1
27	2	0.0	2	1 0 1
28	2	0.0	2	1 0 1
29	14	0.0	2	3 3 6 2
30	23	0.0	3	10 3 6 4
31	23	0.0	3	10 6 4 3
32	56	0.0	3	3 9 7 37
33	581	0.0	3	13 101 322 145
34	4576	0.0	3	18 2962 989 607
35	1171	0.0	3	640 248 157 126
36	83	0.0	3	0 14 37 32
37	14	0.0	3	1 0 3 10
38	210	0.0	3	0 0 0 210

=== First read: Adapter 3 ===

Sequence: ACGTTGGATGTTTGTTACTGTGGTGGATACTAC; Type: regular 5'; Length: 33; Trimmed: 26594 times.

No. of allowed errors:
0-9 bp: 0; 10-19 bp: 1; 20-29 bp: 2; 30-33 bp: 3

Overview of removed sequences
length	count	expect	max.err	error counts
3	1	9760.0	0	1
17	1	0.0	1	1
19	1	0.0	1	0 1
20	2	0.0	2	2
21	1	0.0	2	1
22	4	0.0	2	1 3
23	2	0.0	2	2
24	11	0.0	2	4 4 3
25	46	0.0	2	18 16 12
26	44	0.0	2	32 6 6
27	106	0.0	2	65 30 11
28	329	0.0	2	222 76 25 6
29	292	0.0	2	152 84 40 16
30	705	0.0	3	376 169 75 85
31	1184	0.0	3	530 245 191 218
32	2651	0.0	3	728 903 522 498
33	20495	0.0	3	12913 3259 1958 2365
34	337	0.0	3	9 126 105 97
35	343	0.0	3	5 0 183 155
36	10	0.0	3	1 2 2 5
37	9	0.0	3	5 2 2
38	4	0.0	3	2 1 0 1
39	3	0.0	3	1 1 1
41	2	0.0	3	2
43	1	0.0	3	0 1
44	2	0.0	3	2
46	3	0.0	3	1 1 0 1
49	1	0.0	3	1
51	1	0.0	3	0 0 0 1
54	1	0.0	3	1
56	1	0.0	3	0 0 1
60	1	0.0	3	0 1

=== First read: Adapter 4 ===

Sequence: ACGTTGGATGTTTGTTACTGTTGTGGATACAAC; Type: regular 5'; Length: 33; Trimmed: 16027 times.

No. of allowed errors:
0-9 bp: 0; 10-19 bp: 1; 20-29 bp: 2; 30-33 bp: 3

Overview of removed sequences
length	count	expect	max.err	error counts
3	25	9760.0	0	25
20	1	0.0	2	1
24	1	0.0	2	1
25	3	0.0	2	0 1 2
26	3	0.0	2	2 1
27	11	0.0	2	7 4
28	37	0.0	2	19 7 9 2
29	23	0.0	2	10 2 9 2
30	80	0.0	3	23 16 25 16
31	170	0.0	3	35 19 54 62
32	475	0.0	3	65 151 102 157
33	6153	0.0	3	2584 1529 970 1070
34	526	0.0	3	6 57 259 204
35	8414	0.0	3	0 0 6943 1471
36	101	0.0	3	0 0 15 86
37	1	0.0	3	0 0 0 1
39	1	0.0	3	0 0 0 1
41	1	0.0	3	1
51	1	0.0	3	0 0 1

=== First read: Adapter 5 ===

Sequence: ACGTTGGATGTTTGTTACCGTTGTTGATACTAC; Type: regular 5'; Length: 33; Trimmed: 1482 times.

No. of allowed errors:
0-9 bp: 0; 10-19 bp: 1; 20-29 bp: 2; 30-33 bp: 3

Overview of removed sequences
length	count	expect	max.err	error counts
17	2	0.0	1	1 1
24	2	0.0	2	2
25	1	0.0	2	0 1
26	2	0.0	2	2
27	9	0.0	2	7 1 1
28	6	0.0	2	4 1 1
29	7	0.0	2	2 2 3
30	26	0.0	3	12 6 1 7
31	48	0.0	3	12 10 11 15
32	171	0.0	3	14 47 57 53
33	1138	0.0	3	570 306 166 96
34	46	0.0	3	1 16 17 12
35	22	0.0	3	1 0 9 12
36	1	0.0	3	0 0 0 1
55	1	0.0	3	1

=== First read: Adapter 6 ===

Sequence: ACGTTGGATGAATATATGTGTGCTTATTTG; Type: regular 5'; Length: 30; Trimmed: 56 times.

No. of allowed errors:
0-9 bp: 0; 10-19 bp: 1; 20-29 bp: 2; 30 bp: 3

Overview of removed sequences
length	count	expect	max.err	error counts
3	43	9760.0	0	43
4	10	2440.0	0	10
6	1	152.5	0	1
29	1	0.0	2	0 0 0 1
30	1	0.0	3	1

=== First read: Adapter 7 ===

Sequence: ACGTTGGATGGAAAAATAAACTGCAAATCATATTC; Type: regular 5'; Length: 35; Trimmed: 4700 times.

No. of allowed errors:
0-9 bp: 0; 10-19 bp: 1; 20-29 bp: 2; 30-35 bp: 3

Overview of removed sequences
length	count	expect	max.err	error counts
3	2	9760.0	0	2
4	1	2440.0	0	1
27	1	0.0	2	0 0 1
30	10	0.0	3	5 2 3
31	10	0.0	3	3 1 1 5
32	22	0.0	3	4 2 2 14
33	47	0.0	3	2 5 9 31
34	252	0.0	3	9 99 56 88
35	2931	0.0	3	1167 452 249 1063
36	913	0.0	3	0 490 237 186
37	18	0.0	3	0 0 4 14
38	493	0.0	3	0 0 0 493

=== First read: Adapter 8 ===

Sequence: ACGTTGGATGGAAAAATAAACTGTAAATCATATTC; Type: regular 5'; Length: 35; Trimmed: 1329 times.

No. of allowed errors:
0-9 bp: 0; 10-19 bp: 1; 20-29 bp: 2; 30-35 bp: 3

Overview of removed sequences
length	count	expect	max.err	error counts
31	1	0.0	3	0 0 1
32	23	0.0	3	0 1 0 22
33	21	0.0	3	0 0 6 15
34	133	0.0	3	0 36 14 83
35	650	0.0	3	53 147 84 366
36	141	0.0	3	0 18 60 63
37	13	0.0	3	0 0 3 10
38	346	0.0	3	0 0 0 346
39	1	0.0	3	0 0 0 1

=== First read: Adapter 9 ===

Sequence: ACGTTGGATGGAAAAATAAATTGTAAATCATACTC; Type: regular 5'; Length: 35; Trimmed: 3807 times.

No. of allowed errors:
0-9 bp: 0; 10-19 bp: 1; 20-29 bp: 2; 30-35 bp: 3

Overview of removed sequences
length	count	expect	max.err	error counts
27	2	0.0	2	2
30	2	0.0	3	0 0 1 1
31	5	0.0	3	2 0 2 1
32	15	0.0	3	0 2 6 7
33	26	0.0	3	1 1 8 16
34	76	0.0	3	11 10 18 37
35	1178	0.0	3	306 149 384 339
36	143	0.0	3	0 1 2 140
37	78	0.0	3	0 0 3 75
38	2278	0.0	3	0 0 0 2278
39	1	0.0	3	0 0 0 1
41	2	0.0	3	0 0 0 2
51	1	0.0	3	0 0 0 1

=== First read: Adapter 10 ===

Sequence: ACGTTGGATGAGATTAGGGAAAGTATTAGA; Type: regular 5'; Length: 30; Trimmed: 14 times.

No. of allowed errors:
0-9 bp: 0; 10-19 bp: 1; 20-29 bp: 2; 30 bp: 3

Overview of removed sequences
length	count	expect	max.err	error counts
3	14	9760.0	0	14

=== First read: Adapter 11 ===

Sequence: ACGTTGGATGGAAAAATAAATTGTAAATCAAATTC; Type: regular 5'; Length: 35; Trimmed: 150149 times.

No. of allowed errors:
0-9 bp: 0; 10-19 bp: 1; 20-29 bp: 2; 30-35 bp: 3

Overview of removed sequences
length	count	expect	max.err	error counts
5	1	610.0	0	1
6	1	152.5	0	1
27	7	0.0	2	5 1 1
28	3	0.0	2	0 2 1
29	11	0.0	2	7 3 1
30	178	0.0	3	127 43 6 2
31	263	0.0	3	190 53 16 4
32	312	0.0	3	215 65 16 16
33	530	0.0	3	242 173 71 44
34	4026	0.0	3	1072 2072 537 345
35	137161	0.0	3	106039 18851 7821 4450
36	2696	0.0	3	16 650 1167 863
37	70	0.0	3	20 2 9 39
38	4859	0.0	3	5 0 0 4854
39	5	0.0	3	5
40	3	0.0	3	3
41	2	0.0	3	1 1
42	1	0.0	3	1
44	2	0.0	3	2
45	2	0.0	3	0 1 1
46	4	0.0	3	2 1 1
47	1	0.0	3	1
48	1	0.0	3	0 1
49	1	0.0	3	1
53	1	0.0	3	1
54	2	0.0	3	1 1
56	2	0.0	3	0 0 0 2
57	1	0.0	3	1
62	2	0.0	3	0 1 0 1
66	1	0.0	3	0 0 0 1

=== First read: Adapter 12 ===

Sequence: ACGTTGGATGGAAAAATAAACTGTAAATCATATTCCT; Type: regular 5'; Length: 37; Trimmed: 164378 times.

No. of allowed errors:
0-9 bp: 0; 10-19 bp: 1; 20-29 bp: 2; 30-37 bp: 3

Overview of removed sequences
length	count	expect	max.err	error counts
3	11	9760.0	0	11
4	4	2440.0	0	4
26	3	0.0	2	1 2
27	1	0.0	2	1
28	4	0.0	2	0 3 1
29	4	0.0	2	2 2
30	2	0.0	3	1 1
31	19	0.0	3	4 4 8 3
32	269	0.0	3	96 96 51 26
33	287	0.0	3	129 97 46 15
34	400	0.0	3	160 151 65 24
35	573	0.0	3	169 157 169 78
36	7165	0.0	3	696 2943 2404 1122
37	153649	0.0	3	75385 48886 20758 8620
38	1311	0.0	3	26 800 340 145
39	625	0.0	3	3 1 206 415
40	45	0.0	3	6 2 1 36
42	1	0.0	3	1
46	2	0.0	3	0 2
48	1	0.0	3	1
51	1	0.0	3	1
53	1	0.0	3	0 0 1

=== Second read: Adapter 13 ===

Sequence: ACGTTGGATGTTTGTTACTATGGTAGATACCACAC; Type: regular 5'; Length: 35; Trimmed: 183706 times.

No. of allowed errors:
0-9 bp: 0; 10-19 bp: 1; 20-29 bp: 2; 30-35 bp: 3

Overview of removed sequences
length	count	expect	max.err	error counts
3	17	9760.0	0	17
4	25	2440.0	0	25
16	1	0.0	1	0 1
18	2	0.0	1	2
20	1	0.0	2	0 1
21	2	0.0	2	0 1 1
23	2	0.0	2	0 2
25	1	0.0	2	0 1
26	12	0.0	2	6 3 3
27	6	0.0	2	0 3 3
28	33	0.0	2	7 10 13 3
29	77	0.0	2	27 26 16 8
30	278	0.0	3	65 80 73 60
31	447	0.0	3	69 142 136 100
32	600	0.0	3	64 154 158 224
33	3989	0.0	3	475 449 1235 1830
34	15672	0.0	3	278 4626 5102 5666
35	155830	0.0	3	36951 46215 42096 30568
36	6092	0.0	3	22 2258 2222 1590
37	251	0.0	3	1 6 118 126
38	21	0.0	3	1 2 4 14
39	2	0.0	3	0 2
40	3	0.0	3	0 2 1
41	9	0.0	3	1 2 2 4
42	8	0.0	3	1 3 3 1
43	72	0.0	3	13 29 23 7
44	25	0.0	3	4 4 9 8
45	10	0.0	3	3 4 1 2
46	39	0.0	3	10 14 8 7
47	22	0.0	3	6 7 5 4
48	12	0.0	3	5 3 4
49	4	0.0	3	1 0 2 1
50	11	0.0	3	1 3 6 1
51	23	0.0	3	8 3 11 1
52	13	0.0	3	3 3 4 3
53	14	0.0	3	2 6 4 2
54	22	0.0	3	9 4 6 3
55	31	0.0	3	2 13 13 3
56	4	0.0	3	2 0 1 1
57	3	0.0	3	0 3
58	5	0.0	3	1 1 1 2
59	6	0.0	3	2 2 0 2
60	3	0.0	3	0 0 3
62	1	0.0	3	0 0 0 1
63	2	0.0	3	2
64	1	0.0	3	0 1
65	1	0.0	3	1
66	1	0.0	3	0 1

=== Second read: Adapter 14 ===

Sequence: ACGTTGGATGTTTGTTACTGTGGTGGATACTAC; Type: regular 5'; Length: 33; Trimmed: 25972 times.

No. of allowed errors:
0-9 bp: 0; 10-19 bp: 1; 20-29 bp: 2; 30-33 bp: 3

Overview of removed sequences
length	count	expect	max.err	error counts
3	21	9760.0	0	21
5	1	610.0	0	1
6	2	152.5	0	2
19	1	0.0	1	1
23	1	0.0	2	0 0 1
24	1	0.0	2	0 0 1
25	1	0.0	2	0 1
26	10	0.0	2	4 4 2
27	10	0.0	2	6 3 1
28	34	0.0	2	16 8 9 1
29	68	0.0	2	14 23 27 4
30	552	0.0	3	20 27 13 492
31	1537	0.0	3	98 58 298 1083
32	2714	0.0	3	60 587 665 1402
33	19013	0.0	3	7738 4182 3119 3974
34	491	0.0	3	3 136 142 210
35	1417	0.0	3	0 1 631 785
36	12	0.0	3	0 0 0 12
37	4	0.0	3	2 1 0 1
39	1	0.0	3	1
40	4	0.0	3	1 1 0 2
41	12	0.0	3	0 2 6 4
42	6	0.0	3	1 2 2 1
43	5	0.0	3	1 0 0 4
44	13	0.0	3	5 3 3 2
45	2	0.0	3	1 0 1
46	4	0.0	3	2 1 1
47	1	0.0	3	0 1
48	5	0.0	3	3 0 0 2
49	3	0.0	3	0 2 0 1
50	4	0.0	3	3 0 0 1
51	7	0.0	3	2 1 2 2
52	4	0.0	3	1 2 0 1
53	6	0.0	3	0 1 3 2
54	1	0.0	3	0 1
55	1	0.0	3	1
56	1	0.0	3	0 0 0 1
58	1	0.0	3	0 1
59	1	0.0	3	0 0 0 1

=== Second read: Adapter 15 ===

Sequence: ACGTTGGATGTTTGTTACTGTTGTGGATACAAC; Type: regular 5'; Length: 33; Trimmed: 18761 times.

No. of allowed errors:
0-9 bp: 0; 10-19 bp: 1; 20-29 bp: 2; 30-33 bp: 3

Overview of removed sequences
length	count	expect	max.err	error counts
3	1097	9760.0	0	1097
5	1	610.0	0	1
26	1	0.0	2	0 0 1
27	2	0.0	2	1 0 1
28	12	0.0	2	4 1 6 1
29	28	0.0	2	6 4 10 8
30	57	0.0	3	3 6 14 34
31	1010	0.0	3	17 10 163 820
32	632	0.0	3	11 138 139 344
33	5735	0.0	3	1509 1224 1006 1996
34	334	0.0	3	1 46 103 184
35	9690	0.0	3	0 0 5910 3780
36	117	0.0	3	0 0 7 110
37	1	0.0	3	0 0 1
40	1	0.0	3	0 0 0 1
41	7	0.0	3	1 2 2 2
42	2	0.0	3	0 0 1 1
43	2	0.0	3	0 0 1 1
44	2	0.0	3	0 0 0 2
45	3	0.0	3	0 0 1 2
46	5	0.0	3	1 0 3 1
47	5	0.0	3	0 1 3 1
48	2	0.0	3	0 0 1 1
49	1	0.0	3	1
50	1	0.0	3	1
51	5	0.0	3	1 1 2 1
52	2	0.0	3	0 0 0 2
53	3	0.0	3	1 0 0 2
54	2	0.0	3	0 0 2
58	1	0.0	3	0 0 0 1

=== Second read: Adapter 16 ===

Sequence: ACGTTGGATGTTTGTTACCGTTGTTGATACTAC; Type: regular 5'; Length: 33; Trimmed: 1596 times.

No. of allowed errors:
0-9 bp: 0; 10-19 bp: 1; 20-29 bp: 2; 30-33 bp: 3

Overview of removed sequences
length	count	expect	max.err	error counts
26	1	0.0	2	0 1
27	1	0.0	2	1
28	2	0.0	2	1 0 1
29	3	0.0	2	0 0 3
30	37	0.0	3	0 1 2 34
31	43	0.0	3	3 1 11 28
32	258	0.0	3	3 56 88 111
33	1181	0.0	3	414 333 266 168
34	37	0.0	3	0 11 11 15
35	25	0.0	3	0 0 7 18
36	3	0.0	3	0 0 0 3
38	1	0.0	3	1
39	1	0.0	3	0 0 0 1
40	1	0.0	3	0 1
45	1	0.0	3	0 0 1
53	1	0.0	3	0 1

=== Second read: Adapter 17 ===

Sequence: ACGTTGGATGAATATATGTGTGCTTATTTG; Type: regular 5'; Length: 30; Trimmed: 202 times.

No. of allowed errors:
0-9 bp: 0; 10-19 bp: 1; 20-29 bp: 2; 30 bp: 3

Overview of removed sequences
length	count	expect	max.err	error counts
3	186	9760.0	0	186
4	6	2440.0	0	6
5	7	610.0	0	7
6	3	152.5	0	3

=== Second read: Adapter 18 ===

Sequence: ACGTTGGATGTTTGTTACTAAGGTAGATACCACTC; Type: regular 5'; Length: 35; Trimmed: 4467 times.

No. of allowed errors:
0-9 bp: 0; 10-19 bp: 1; 20-29 bp: 2; 30-35 bp: 3

Overview of removed sequences
length	count	expect	max.err	error counts
3	3	9760.0	0	3
4	7	2440.0	0	7
5	1	610.0	0	1
15	1	0.0	1	1
19	1	0.0	1	0 0 1
26	2	0.0	2	1 1
28	2	0.0	2	0 0 2
29	2	0.0	2	0 1 0 1
30	11	0.0	3	0 1 5 5
31	16	0.0	3	0 1 6 9
32	32	0.0	3	0 9 6 17
33	670	0.0	3	2 6 220 442
34	2365	0.0	3	0 593 789 983
35	1098	0.0	3	346 287 257 208
36	89	0.0	3	0 10 25 54
37	26	0.0	3	0 0 2 24
38	135	0.0	3	0 0 0 135
42	1	0.0	3	0 1
43	2	0.0	3	0 0 2
45	1	0.0	3	0 0 1
46	1	0.0	3	0 0 0 1
54	1	0.0	3	0 1

=== Second read: Adapter 19 ===

Sequence: ACGTTGGATGGAAAAATAAACTGCAAATCATATTC; Type: regular 5'; Length: 35; Trimmed: 3852 times.

No. of allowed errors:
0-9 bp: 0; 10-19 bp: 1; 20-29 bp: 2; 30-35 bp: 3

Overview of removed sequences
length	count	expect	max.err	error counts
3	20	9760.0	0	20
4	4	2440.0	0	4
5	1	610.0	0	1
19	1	0.0	1	0 1
26	1	0.0	2	0 1
31	7	0.0	3	0 1 2 4
32	10	0.0	3	0 1 0 9
33	23	0.0	3	0 2 6 15
34	157	0.0	3	1 28 53 75
35	2824	0.0	3	422 305 255 1842
36	611	0.0	3	0 253 186 172
37	6	0.0	3	0 0 3 3
38	183	0.0	3	0 0 0 183
43	1	0.0	3	0 1
50	1	0.0	3	0 0 1
52	1	0.0	3	0 0 1
53	1	0.0	3	0 0 0 1

=== Second read: Adapter 20 ===

Sequence: ACGTTGGATGAGATTAGGGAAAGTATTAGA; Type: regular 5'; Length: 30; Trimmed: 67 times.

No. of allowed errors:
0-9 bp: 0; 10-19 bp: 1; 20-29 bp: 2; 30 bp: 3

Overview of removed sequences
length	count	expect	max.err	error counts
3	66	9760.0	0	66
4	1	2440.0	0	1

=== Second read: Adapter 21 ===

Sequence: ACGTTGGATGGAAAAATAAATTGTAAATCATACTC; Type: regular 5'; Length: 35; Trimmed: 8646 times.

No. of allowed errors:
0-9 bp: 0; 10-19 bp: 1; 20-29 bp: 2; 30-35 bp: 3

Overview of removed sequences
length	count	expect	max.err	error counts
5	1	610.0	0	1
19	1	0.0	1	0 1
29	1	0.0	2	0 1
30	1	0.0	3	0 0 0 1
31	3	0.0	3	1 1 1
32	6	0.0	3	0 0 1 5
33	88	0.0	3	0 0 15 73
34	94	0.0	3	1 10 26 57
35	6597	0.0	3	124 92 3027 3354
36	136	0.0	3	0 1 2 133
37	11	0.0	3	0 0 0 11
38	1705	0.0	3	0 0 0 1705
45	1	0.0	3	0 0 0 1
47	1	0.0	3	0 0 1

=== Second read: Adapter 22 ===

Sequence: ACGTTGGATGGAAAAATAAACTGTAAATCATATTCCT; Type: regular 5'; Length: 37; Trimmed: 170237 times.

No. of allowed errors:
0-9 bp: 0; 10-19 bp: 1; 20-29 bp: 2; 30-37 bp: 3

Overview of removed sequences
length	count	expect	max.err	error counts
3	232	9760.0	0	232
4	1068	2440.0	0	1068
29	1	0.0	2	0 0 1
30	3	0.0	3	0 1 1 1
31	5	0.0	3	1 3 1
32	53	0.0	3	8 17 19 9
33	83	0.0	3	7 18 31 27
34	111	0.0	3	10 25 35 41
35	499	0.0	3	52 72 205 170
36	4003	0.0	3	59 747 1243 1954
37	163061	0.0	3	23630 30427 71854 37150
38	675	0.0	3	4 179 221 271
39	323	0.0	3	4 4 85 230
40	18	0.0	3	0 1 4 13
41	2	0.0	3	0 1 0 1
42	2	0.0	3	1 0 0 1
44	4	0.0	3	0 0 1 3
45	21	0.0	3	1 2 10 8
46	9	0.0	3	0 1 4 4
47	8	0.0	3	0 2 3 3
48	7	0.0	3	1 0 3 3
49	11	0.0	3	1 4 5 1
50	7	0.0	3	3 0 2 2
51	6	0.0	3	3 0 1 2
52	3	0.0	3	0 1 1 1
53	4	0.0	3	2 2
54	3	0.0	3	0 0 1 2
55	4	0.0	3	0 0 3 1
56	2	0.0	3	0 0 2
57	1	0.0	3	0 0 1
58	3	0.0	3	0 1 1 1
59	2	0.0	3	0 0 1 1
60	1	0.0	3	0 0 1
64	1	0.0	3	0 0 0 1
66	1	0.0	3	0 1

=== Second read: Adapter 23 ===

Sequence: ACGTTGGATGGAAAAATAAACTGTAAATCATATTC; Type: regular 5'; Length: 35; Trimmed: 693 times.

No. of allowed errors:
0-9 bp: 0; 10-19 bp: 1; 20-29 bp: 2; 30-35 bp: 3

Overview of removed sequences
length	count	expect	max.err	error counts
21	1	0.0	2	0 0 1
30	1	0.0	3	0 0 0 1
31	1	0.0	3	0 0 0 1
32	19	0.0	3	0 0 0 19
33	11	0.0	3	0 0 2 9
34	85	0.0	3	0 0 17 68
35	508	0.0	3	0 0 33 475
36	53	0.0	3	0 0 1 52
37	1	0.0	3	0 0 0 1
38	13	0.0	3	0 0 0 13

=== Second read: Adapter 24 ===

Sequence: ACGTTGGATGGAAAAATAAATTGTAAATCAAATTC; Type: regular 5'; Length: 35; Trimmed: 32057 times.

No. of allowed errors:
0-9 bp: 0; 10-19 bp: 1; 20-29 bp: 2; 30-35 bp: 3

Overview of removed sequences
length	count	expect	max.err	error counts
5	1	610.0	0	1
6	5	152.5	0	5
17	1	0.0	1	1
29	1	0.0	2	0 0 1
30	3	0.0	3	0 0 2 1
31	21	0.0	3	1 1 9 10
32	18	0.0	3	0 2 8 8
33	90	0.0	3	2 0 47 41
34	1107	0.0	3	4 41 611 451
35	27065	0.0	3	1734 1028 13461 10842
36	1860	0.0	3	0 279 696 885
37	27	0.0	3	0 1 13 13
38	1831	0.0	3	0 0 1 1830
41	1	0.0	3	0 0 1
43	4	0.0	3	0 0 2 2
45	5	0.0	3	0 1 3 1
46	3	0.0	3	0 0 1 2
47	7	0.0	3	0 1 2 4
48	2	0.0	3	0 0 1 1
49	2	0.0	3	0 0 1 1
51	1	0.0	3	0 1
53	1	0.0	3	0 0 0 1
54	1	0.0	3	0 0 0 1

