This is cutadapt 1.18 with Python 3.5.5
Command line parameters: -g ACGTTGGATGTTTGTTACTATGGTAGATACCACAC -g ACGTTGGATGTTTGTTACTAAGGTAGATACCACTC -g ACGTTGGATGTTTGTTACTGTGGTGGATACTAC -g ACGTTGGATGTTTGTTACTGTTGTGGATACAAC -g ACGTTGGATGTTTGTTACCGTTGTTGATACTAC -g ACGTTGGATGAATATATGTGTGCTTATTTG -G ACGTTGGATGTTTGTTACTATGGTAGATACCACAC -G ACGTTGGATGTTTGTTACTGTGGTGGATACTAC -G ACGTTGGATGTTTGTTACTGTTGTGGATACAAC -G ACGTTGGATGTTTGTTACCGTTGTTGATACTAC -G ACGTTGGATGAATATATGTGTGCTTATTTG -G ACGTTGGATGTTTGTTACTAAGGTAGATACCACTC -g ACGTTGGATGGAAAAATAAACTGCAAATCATATTC -g ACGTTGGATGGAAAAATAAACTGTAAATCATATTC -g ACGTTGGATGGAAAAATAAATTGTAAATCATACTC -g ACGTTGGATGAGATTAGGGAAAGTATTAGA -g ACGTTGGATGGAAAAATAAATTGTAAATCAAATTC -g ACGTTGGATGGAAAAATAAACTGTAAATCATATTCCT -G ACGTTGGATGGAAAAATAAACTGCAAATCATATTC -G ACGTTGGATGAGATTAGGGAAAGTATTAGA -G ACGTTGGATGGAAAAATAAATTGTAAATCATACTC -G ACGTTGGATGGAAAAATAAACTGTAAATCATATTCCT -G ACGTTGGATGGAAAAATAAACTGTAAATCATATTC -G ACGTTGGATGGAAAAATAAATTGTAAATCAAATTC --minimum-length=1 -o /data/projects/mdc-971/data_from_June_2019/30.primer_trimmed/SiHa_S96_cutadapt.1.fq.gz -p /data/projects/mdc-971/data_from_June_2019/30.primer_trimmed/SiHa_S96_cutadapt.2.fq.gz /data/projects/mdc-971/data_from_June_2019/20.trim_151st_nt/SiHa_S96_R1_001.bbduked.fastq.gz /data/projects/mdc-971/data_from_June_2019/20.trim_151st_nt/SiHa_S96_R2_001.bbduked.fastq.gz
Processing reads on 1 core in paired-end mode ...
Finished in 0.82 s (396 us/read; 0.15 M reads/minute).

=== Summary ===

Total read pairs processed:              2,072
  Read 1 with adapter:                   1,729 (83.4%)
  Read 2 with adapter:                   1,304 (62.9%)
Pairs that were too short:                   0 (0.0%)
Pairs written (passing filters):         2,072 (100.0%)

Total basepairs processed:       621,600 bp
  Read 1:       310,800 bp
  Read 2:       310,800 bp
Total written (filtered):        517,346 bp (83.2%)
  Read 1:       250,708 bp
  Read 2:       266,638 bp

=== First read: Adapter 1 ===

Sequence: ACGTTGGATGTTTGTTACTATGGTAGATACCACAC; Type: regular 5'; Length: 35; Trimmed: 194 times.

No. of allowed errors:
0-9 bp: 0; 10-19 bp: 1; 20-29 bp: 2; 30-35 bp: 3

Overview of removed sequences
length	count	expect	max.err	error counts
4	1	8.1	0	1
31	1	0.0	3	0 0 0 1
32	1	0.0	3	1
33	7	0.0	3	2 0 3 2
34	32	0.0	3	2 11 6 13
35	130	0.0	3	39 40 26 25
36	8	0.0	3	0 2 3 3
37	4	0.0	3	0 0 2 2
38	10	0.0	3	0 0 0 10

=== First read: Adapter 2 ===

Sequence: ACGTTGGATGTTTGTTACTAAGGTAGATACCACTC; Type: regular 5'; Length: 35; Trimmed: 63 times.

No. of allowed errors:
0-9 bp: 0; 10-19 bp: 1; 20-29 bp: 2; 30-35 bp: 3

Overview of removed sequences
length	count	expect	max.err	error counts
26	1	0.0	2	1
30	2	0.0	3	1 1
31	2	0.0	3	1 1
32	1	0.0	3	0 1
33	1	0.0	3	1
34	6	0.0	3	0 5 1
35	42	0.0	3	26 8 4 4
36	4	0.0	3	0 2 1 1
37	2	0.0	3	0 0 0 2
38	2	0.0	3	0 0 0 2

=== First read: Adapter 3 ===

Sequence: ACGTTGGATGTTTGTTACTGTGGTGGATACTAC; Type: regular 5'; Length: 33; Trimmed: 195 times.

No. of allowed errors:
0-9 bp: 0; 10-19 bp: 1; 20-29 bp: 2; 30-33 bp: 3

Overview of removed sequences
length	count	expect	max.err	error counts
25	2	0.0	2	1 1
26	3	0.0	2	1 1 1
27	3	0.0	2	1 2
28	2	0.0	2	0 1 1
29	1	0.0	2	1
30	9	0.0	3	3 0 1 5
31	15	0.0	3	1 2 4 8
32	28	0.0	3	3 5 13 7
33	96	0.0	3	39 22 15 20
34	34	0.0	3	0 12 15 7
35	1	0.0	3	0 0 1
36	1	0.0	3	0 0 0 1

=== First read: Adapter 4 ===

Sequence: ACGTTGGATGTTTGTTACTGTTGTGGATACAAC; Type: regular 5'; Length: 33; Trimmed: 95 times.

No. of allowed errors:
0-9 bp: 0; 10-19 bp: 1; 20-29 bp: 2; 30-33 bp: 3

Overview of removed sequences
length	count	expect	max.err	error counts
24	1	0.0	2	0 0 1
27	1	0.0	2	0 1
28	1	0.0	2	1
31	3	0.0	3	0 1 1 1
32	11	0.0	3	0 4 4 3
33	67	0.0	3	23 17 17 10
34	4	0.0	3	0 2 1 1
35	5	0.0	3	0 0 3 2
36	2	0.0	3	0 0 0 2

=== First read: Adapter 5 ===

Sequence: ACGTTGGATGTTTGTTACCGTTGTTGATACTAC; Type: regular 5'; Length: 33; Trimmed: 183 times.

No. of allowed errors:
0-9 bp: 0; 10-19 bp: 1; 20-29 bp: 2; 30-33 bp: 3

Overview of removed sequences
length	count	expect	max.err	error counts
25	2	0.0	2	0 2
26	1	0.0	2	0 1
27	2	0.0	2	1 0 1
28	8	0.0	2	3 1 1 3
29	4	0.0	2	0 1 2 1
30	10	0.0	3	5 2 0 3
31	16	0.0	3	4 2 6 4
32	36	0.0	3	3 12 7 14
33	93	0.0	3	47 25 14 7
34	8	0.0	3	0 2 4 2
35	3	0.0	3	0 0 0 3

=== First read: Adapter 6 ===

Sequence: ACGTTGGATGAATATATGTGTGCTTATTTG; Type: regular 5'; Length: 30; Trimmed: 5 times.

No. of allowed errors:
0-9 bp: 0; 10-19 bp: 1; 20-29 bp: 2; 30 bp: 3

Overview of removed sequences
length	count	expect	max.err	error counts
3	5	32.4	0	5

=== First read: Adapter 7 ===

Sequence: ACGTTGGATGGAAAAATAAACTGCAAATCATATTC; Type: regular 5'; Length: 35; Trimmed: 250 times.

No. of allowed errors:
0-9 bp: 0; 10-19 bp: 1; 20-29 bp: 2; 30-35 bp: 3

Overview of removed sequences
length	count	expect	max.err	error counts
31	1	0.0	3	1
32	3	0.0	3	0 1 0 2
33	6	0.0	3	1 0 2 3
34	39	0.0	3	1 25 11 2
35	168	0.0	3	109 29 11 19
36	25	0.0	3	0 12 4 9
37	3	0.0	3	0 0 2 1
38	5	0.0	3	0 0 0 5

=== First read: Adapter 8 ===

Sequence: ACGTTGGATGGAAAAATAAACTGTAAATCATATTC; Type: regular 5'; Length: 35; Trimmed: 73 times.

No. of allowed errors:
0-9 bp: 0; 10-19 bp: 1; 20-29 bp: 2; 30-35 bp: 3

Overview of removed sequences
length	count	expect	max.err	error counts
32	6	0.0	3	0 0 0 6
33	2	0.0	3	0 0 1 1
34	13	0.0	3	0 7 2 4
35	42	0.0	3	3 18 13 8
36	5	0.0	3	0 1 4
37	1	0.0	3	0 0 0 1
38	4	0.0	3	0 0 0 4

=== First read: Adapter 9 ===

Sequence: ACGTTGGATGGAAAAATAAATTGTAAATCATACTC; Type: regular 5'; Length: 35; Trimmed: 96 times.

No. of allowed errors:
0-9 bp: 0; 10-19 bp: 1; 20-29 bp: 2; 30-35 bp: 3

Overview of removed sequences
length	count	expect	max.err	error counts
33	1	0.0	3	0 0 1
34	9	0.0	3	3 1 2 3
35	81	0.0	3	48 16 5 12
38	5	0.0	3	0 0 0 5

=== First read: Adapter 10 ===

Sequence: ACGTTGGATGAGATTAGGGAAAGTATTAGA; Type: regular 5'; Length: 30; Trimmed: 2 times.

No. of allowed errors:
0-9 bp: 0; 10-19 bp: 1; 20-29 bp: 2; 30 bp: 3

Overview of removed sequences
length	count	expect	max.err	error counts
3	2	32.4	0	2

=== First read: Adapter 11 ===

Sequence: ACGTTGGATGGAAAAATAAATTGTAAATCAAATTC; Type: regular 5'; Length: 35; Trimmed: 61 times.

No. of allowed errors:
0-9 bp: 0; 10-19 bp: 1; 20-29 bp: 2; 30-35 bp: 3

Overview of removed sequences
length	count	expect	max.err	error counts
31	1	0.0	3	0 1
34	5	0.0	3	0 1 3 1
35	51	0.0	3	29 11 9 2
38	4	0.0	3	0 0 0 4

=== First read: Adapter 12 ===

Sequence: ACGTTGGATGGAAAAATAAACTGTAAATCATATTCCT; Type: regular 5'; Length: 37; Trimmed: 512 times.

No. of allowed errors:
0-9 bp: 0; 10-19 bp: 1; 20-29 bp: 2; 30-37 bp: 3

Overview of removed sequences
length	count	expect	max.err	error counts
3	1	32.4	0	1
32	1	0.0	3	0 1
33	1	0.0	3	0 0 1
34	3	0.0	3	0 1 0 2
35	13	0.0	3	0 1 11 1
36	84	0.0	3	2 36 26 20
37	258	0.0	3	89 91 53 25
38	28	0.0	3	0 2 14 12
39	116	0.0	3	1 0 33 82
40	7	0.0	3	0 0 0 7

=== Second read: Adapter 13 ===

Sequence: ACGTTGGATGTTTGTTACTATGGTAGATACCACAC; Type: regular 5'; Length: 35; Trimmed: 171 times.

No. of allowed errors:
0-9 bp: 0; 10-19 bp: 1; 20-29 bp: 2; 30-35 bp: 3

Overview of removed sequences
length	count	expect	max.err	error counts
29	2	0.0	2	1 1
31	2	0.0	3	0 1 1
32	3	0.0	3	0 0 1 2
33	13	0.0	3	0 0 5 8
34	24	0.0	3	0 8 6 10
35	103	0.0	3	25 33 16 29
36	7	0.0	3	0 2 2 3
37	13	0.0	3	0 0 6 7
38	3	0.0	3	0 0 0 3
43	1	0.0	3	0 0 0 1

=== Second read: Adapter 14 ===

Sequence: ACGTTGGATGTTTGTTACTGTGGTGGATACTAC; Type: regular 5'; Length: 33; Trimmed: 229 times.

No. of allowed errors:
0-9 bp: 0; 10-19 bp: 1; 20-29 bp: 2; 30-33 bp: 3

Overview of removed sequences
length	count	expect	max.err	error counts
3	1	32.4	0	1
26	1	0.0	2	0 0 1
30	8	0.0	3	0 0 1 7
31	25	0.0	3	0 1 11 13
32	41	0.0	3	0 19 10 12
33	109	0.0	3	32 41 19 17
34	41	0.0	3	0 12 20 9
35	3	0.0	3	0 0 1 2

=== Second read: Adapter 15 ===

Sequence: ACGTTGGATGTTTGTTACTGTTGTGGATACAAC; Type: regular 5'; Length: 33; Trimmed: 101 times.

No. of allowed errors:
0-9 bp: 0; 10-19 bp: 1; 20-29 bp: 2; 30-33 bp: 3

Overview of removed sequences
length	count	expect	max.err	error counts
3	6	32.4	0	6
29	1	0.0	2	0 1
31	2	0.0	3	0 0 1 1
32	17	0.0	3	0 4 8 5
33	62	0.0	3	18 15 12 17
34	5	0.0	3	0 3 0 2
35	4	0.0	3	0 0 2 2
36	2	0.0	3	0 0 0 2
42	1	0.0	3	0 0 1
53	1	0.0	3	0 1

=== Second read: Adapter 16 ===

Sequence: ACGTTGGATGTTTGTTACCGTTGTTGATACTAC; Type: regular 5'; Length: 33; Trimmed: 209 times.

No. of allowed errors:
0-9 bp: 0; 10-19 bp: 1; 20-29 bp: 2; 30-33 bp: 3

Overview of removed sequences
length	count	expect	max.err	error counts
28	5	0.0	2	1 1 2 1
29	3	0.0	2	0 0 2 1
30	11	0.0	3	0 1 1 9
31	21	0.0	3	3 0 10 8
32	32	0.0	3	1 6 12 13
33	122	0.0	3	50 34 24 14
34	11	0.0	3	0 3 4 4
35	2	0.0	3	0 0 0 2
36	1	0.0	3	0 0 0 1
50	1	0.0	3	0 0 1

=== Second read: Adapter 17 ===

Sequence: ACGTTGGATGAATATATGTGTGCTTATTTG; Type: regular 5'; Length: 30; Trimmed: 2 times.

No. of allowed errors:
0-9 bp: 0; 10-19 bp: 1; 20-29 bp: 2; 30 bp: 3

Overview of removed sequences
length	count	expect	max.err	error counts
3	2	32.4	0	2

=== Second read: Adapter 18 ===

Sequence: ACGTTGGATGTTTGTTACTAAGGTAGATACCACTC; Type: regular 5'; Length: 35; Trimmed: 82 times.

No. of allowed errors:
0-9 bp: 0; 10-19 bp: 1; 20-29 bp: 2; 30-35 bp: 3

Overview of removed sequences
length	count	expect	max.err	error counts
3	1	32.4	0	1
32	1	0.0	3	1
33	2	0.0	3	0 1 1
34	8	0.0	3	0 2 3 3
35	59	0.0	3	25 14 10 10
36	7	0.0	3	0 2 4 1
37	4	0.0	3	0 0 1 3

=== Second read: Adapter 19 ===

Sequence: ACGTTGGATGGAAAAATAAACTGCAAATCATATTC; Type: regular 5'; Length: 35; Trimmed: 137 times.

No. of allowed errors:
0-9 bp: 0; 10-19 bp: 1; 20-29 bp: 2; 30-35 bp: 3

Overview of removed sequences
length	count	expect	max.err	error counts
30	1	0.0	3	1
31	1	0.0	3	1
33	5	0.0	3	0 0 2 3
34	15	0.0	3	0 8 2 5
35	96	0.0	3	43 28 14 11
36	16	0.0	3	0 8 2 6
37	1	0.0	3	0 0 0 1
38	2	0.0	3	0 0 0 2

=== Second read: Adapter 20 ===

Sequence: ACGTTGGATGAGATTAGGGAAAGTATTAGA; Type: regular 5'; Length: 30; Trimmed: 1 times.

No. of allowed errors:
0-9 bp: 0; 10-19 bp: 1; 20-29 bp: 2; 30 bp: 3

Overview of removed sequences
length	count	expect	max.err	error counts
3	1	32.4	0	1

=== Second read: Adapter 21 ===

Sequence: ACGTTGGATGGAAAAATAAATTGTAAATCATACTC; Type: regular 5'; Length: 35; Trimmed: 42 times.

No. of allowed errors:
0-9 bp: 0; 10-19 bp: 1; 20-29 bp: 2; 30-35 bp: 3

Overview of removed sequences
length	count	expect	max.err	error counts
33	2	0.0	3	0 0 0 2
34	5	0.0	3	1 0 1 3
35	34	0.0	3	13 7 5 9
43	1	0.0	3	0 1

=== Second read: Adapter 22 ===

Sequence: ACGTTGGATGGAAAAATAAACTGTAAATCATATTCCT; Type: regular 5'; Length: 37; Trimmed: 280 times.

No. of allowed errors:
0-9 bp: 0; 10-19 bp: 1; 20-29 bp: 2; 30-37 bp: 3

Overview of removed sequences
length	count	expect	max.err	error counts
3	8	32.4	0	8
4	5	8.1	0	5
30	1	0.0	3	0 0 0 1
33	1	0.0	3	0 0 1
34	5	0.0	3	0 1 0 4
35	31	0.0	3	1 0 9 21
36	30	0.0	3	1 10 11 8
37	129	0.0	3	33 44 34 18
38	14	0.0	3	0 1 9 4
39	52	0.0	3	0 0 11 41
40	3	0.0	3	0 0 0 3
51	1	0.0	3	0 1

=== Second read: Adapter 23 ===

Sequence: ACGTTGGATGGAAAAATAAACTGTAAATCATATTC; Type: regular 5'; Length: 35; Trimmed: 32 times.

No. of allowed errors:
0-9 bp: 0; 10-19 bp: 1; 20-29 bp: 2; 30-35 bp: 3

Overview of removed sequences
length	count	expect	max.err	error counts
33	1	0.0	3	0 0 1
34	11	0.0	3	0 0 5 6
35	17	0.0	3	0 0 9 8
36	1	0.0	3	0 0 0 1
38	2	0.0	3	0 0 0 2

=== Second read: Adapter 24 ===

Sequence: ACGTTGGATGGAAAAATAAATTGTAAATCAAATTC; Type: regular 5'; Length: 35; Trimmed: 18 times.

No. of allowed errors:
0-9 bp: 0; 10-19 bp: 1; 20-29 bp: 2; 30-35 bp: 3

Overview of removed sequences
length	count	expect	max.err	error counts
34	1	0.0	3	0 1
35	17	0.0	3	8 5 2 2

